2026-05-15 10:57:24 [WARNING] idaes.apps.grid_integration.multiperiod.multiperiod: model_data_kwargs argument is provided, so the flowsheet options are different for different time instances. In this case, the multiperiod model is returned without initialization.
2026-05-15 10:57:24 [INFO] idaes.apps.grid_integration.multiperiod.multiperiod: Constructing flowsheet model for time index 0
2026-05-15 10:57:24 [INFO] idaes.apps.grid_integration.multiperiod.multiperiod: Constructing flowsheet model for time index 1
2026-05-15 10:57:24 [INFO] idaes.apps.grid_integration.multiperiod.multiperiod: Constructing flowsheet model for time index 2
2026-05-15 10:57:24 [INFO] idaes.apps.grid_integration.multiperiod.multiperiod: Constructing flowsheet model for time index 3
2026-05-15 10:57:24 [INFO] idaes.apps.grid_integration.multiperiod.multiperiod: Constructing flowsheet model for time index 4
2026-05-15 10:57:24 [INFO] idaes.apps.grid_integration.multiperiod.multiperiod: Constructing flowsheet model for time index 5
2026-05-15 10:57:24 [INFO] idaes.apps.grid_integration.multiperiod.multiperiod: Constructing flowsheet model for time index 6
2026-05-15 10:57:24 [INFO] idaes.apps.grid_integration.multiperiod.multiperiod: Constructing flowsheet model for time index 7
2026-05-15 10:57:24 [INFO] idaes.apps.grid_integration.multiperiod.multiperiod: Constructing flowsheet model for time index 8
2026-05-15 10:57:24 [INFO] idaes.apps.grid_integration.multiperiod.multiperiod: Constructing flowsheet model for time index 9
2026-05-15 10:57:24 [INFO] idaes.apps.grid_integration.multiperiod.multiperiod: Constructing flowsheet model for time index 10
2026-05-15 10:57:24 [INFO] idaes.apps.grid_integration.multiperiod.multiperiod: Constructing flowsheet model for time index 11
2026-05-15 10:57:24 [INFO] idaes.apps.grid_integration.multiperiod.multiperiod: Constructing flowsheet model for time index 12
2026-05-15 10:57:24 [INFO] idaes.apps.grid_integration.multiperiod.multiperiod: Constructing flowsheet model for time index 13
2026-05-15 10:57:24 [INFO] idaes.apps.grid_integration.multiperiod.multiperiod: Constructing flowsheet model for time index 14
2026-05-15 10:57:24 [INFO] idaes.apps.grid_integration.multiperiod.multiperiod: Constructing flowsheet model for time index 15
2026-05-15 10:57:24 [INFO] idaes.apps.grid_integration.multiperiod.multiperiod: Constructing flowsheet model for time index 16
2026-05-15 10:57:24 [INFO] idaes.apps.grid_integration.multiperiod.multiperiod: Constructing flowsheet model for time index 17
2026-05-15 10:57:24 [INFO] idaes.apps.grid_integration.multiperiod.multiperiod: Constructing flowsheet model for time index 18
2026-05-15 10:57:24 [INFO] idaes.apps.grid_integration.multiperiod.multiperiod: Constructing flowsheet model for time index 19
2026-05-15 10:57:24 [INFO] idaes.apps.grid_integration.multiperiod.multiperiod: Constructing flowsheet model for time index 20
2026-05-15 10:57:24 [INFO] idaes.apps.grid_integration.multiperiod.multiperiod: Constructing flowsheet model for time index 21
2026-05-15 10:57:24 [INFO] idaes.apps.grid_integration.multiperiod.multiperiod: Constructing flowsheet model for time index 22
2026-05-15 10:57:24 [INFO] idaes.apps.grid_integration.multiperiod.multiperiod: Constructing flowsheet model for time index 23
Initializing multi-period model...
Initializing multi-period model...
Initializing multi-period model...
Initializing multi-period model...
Initializing multi-period model...
Initializing multi-period model...
Initializing multi-period model...
Initializing multi-period model...
Initializing multi-period model...
Initializing multi-period model...
Initializing multi-period model...
Initializing multi-period model...
Initializing multi-period model...
Initializing multi-period model...
Initializing multi-period model...
Initializing multi-period model...
Initializing multi-period model...
Initializing multi-period model...
Initializing multi-period model...
Initializing multi-period model...
Initializing multi-period model...
Initializing multi-period model...
Initializing multi-period model...
Initializing multi-period model...
Set parameter TokenServer to value "10.60.1.73"
Set parameter LogToConsole to value 1
Gurobi Optimizer version 12.0.3 build v12.0.3rc0 (linux64 - "Red Hat Enterprise Linux 8.8 (Ootpa)")

CPU model: Intel(R) Xeon(R) Platinum 8470QL, instruction set [SSE2|AVX|AVX2|AVX512]
Thread count: 104 physical cores, 104 logical processors, using up to 32 threads

Optimize a model with 380 rows, 265 columns and 1000 nonzeros
Model fingerprint: 0x7e80462c
Variable types: 217 continuous, 48 integer (48 binary)
Coefficient statistics:
  Matrix range     [1e-03, 1e+01]
  Objective range  [1e+02, 3e+02]
  Bounds range     [1e+00, 1e+01]
  RHS range        [4e+00, 1e+02]
Presolve removed 137 rows and 137 columns
Presolve time: 0.01s
Presolved: 243 rows, 128 columns, 685 nonzeros
Variable types: 85 continuous, 43 integer (43 binary)

Root relaxation: objective 3.099379e+03, 169 iterations, 0.00 seconds (0.00 work units)

    Nodes    |    Current Node    |     Objective Bounds      |     Work
 Expl Unexpl |  Obj  Depth IntInf | Incumbent    BestBd   Gap | It/Node Time

     0     0 3099.37919    0   20          - 3099.37919      -     -    0s
H    0     0                    3897.4415311 3168.25242  18.7%     -    0s
     0     0 3168.25242    0   25 3897.44153 3168.25242  18.7%     -    0s
H    0     0                    3768.3192177 3176.49083  15.7%     -    0s
     0     0 3184.51426    0   27 3768.31922 3184.51426  15.5%     -    0s
H    0     0                    3624.9980648 3185.26588  12.1%     -    0s
H    0     0                    3465.0777975 3185.26588  8.08%     -    0s
     0     0 3187.59361    0   27 3465.07780 3187.59361  8.01%     -    0s
     0     0 3187.59361    0   27 3465.07780 3187.59361  8.01%     -    0s
H    0     0                    3339.2309219 3192.55390  4.39%     -    0s
     0     0 3192.55390    0   25 3339.23092 3192.55390  4.39%     -    0s
     0     0 3192.55390    0   23 3339.23092 3192.55390  4.39%     -    0s
     0     0 3192.55390    0   25 3339.23092 3192.55390  4.39%     -    0s
     0     0 3193.73045    0   24 3339.23092 3193.73045  4.36%     -    0s
     0     0 3202.37444    0   25 3339.23092 3202.37444  4.10%     -    0s
H    0     0                    3255.5677846 3202.37444  1.63%     -    0s
     0     0 3202.37444    0   25 3255.56778 3202.37444  1.63%     -    0s
     0     0 3202.81561    0   25 3255.56778 3202.81561  1.62%     -    0s
     0     0 3208.72734    0   28 3255.56778 3208.72734  1.44%     -    0s
     0     0 3214.14510    0   29 3255.56778 3214.14510  1.27%     -    0s
     0     0 3215.08672    0   31 3255.56778 3215.08672  1.24%     -    0s
     0     0 3219.09459    0   31 3255.56778 3219.09459  1.12%     -    0s
     0     2 3219.09459    0   31 3255.56778 3219.09459  1.12%     -    0s
H   36    23                    3242.5519681 3219.09459  0.72%  16.8    0s
*   81    19              10    3239.6728310 3225.04178  0.45%  14.5    0s
*  110    19              11    3239.4062483 3225.04178  0.44%  12.9    0s
H  115    19                    3237.9353285 3225.04178  0.40%  12.6    0s

Cutting planes:
  Gomory: 4
  Cover: 11
  Implied bound: 6
  MIR: 34
  Flow cover: 46
  RLT: 1

Explored 147 nodes (2129 simplex iterations) in 0.12 seconds (0.07 work units)
Thread count was 32 (of 104 available processors)

Solution count 10: 3237.94 3239.41 3239.67 ... 3897.44

Optimal solution found (tolerance 1.00e-04)
Best objective 3.237935328506e+03, best bound 3.237935328506e+03, gap 0.0000%
Degrees of freedom: 50
Total water production (m3): 99.99999999999997
Capacity of Treatment Plant (m3/day): 141.17647058823533
PV size (kW): 1.3424509130550004
Battery size (kWh): 4.47132214828745
Wind size (kW): 5.409976854026898
Total target water production in m3: 100.0
Total Annualized Cost: 3237.9353285059665 2021 $
SEC (kWh/m3): 0.40300000000000025
LCOW ($/m3): 32.37935328505967
Figure saved to: /home/rchurchi/watertap_test/watertap/watertap/distr_water_treatment/weekly_optimization_results_RO_October.png
2026-05-15 10:57:25 [WARNING] idaes.apps.grid_integration.multiperiod.multiperiod: model_data_kwargs argument is provided, so the flowsheet options are different for different time instances. In this case, the multiperiod model is returned without initialization.
2026-05-15 10:57:25 [INFO] idaes.apps.grid_integration.multiperiod.multiperiod: Constructing flowsheet model for time index 0
2026-05-15 10:57:25 [INFO] idaes.apps.grid_integration.multiperiod.multiperiod: Constructing flowsheet model for time index 1
2026-05-15 10:57:25 [INFO] idaes.apps.grid_integration.multiperiod.multiperiod: Constructing flowsheet model for time index 2
2026-05-15 10:57:25 [INFO] idaes.apps.grid_integration.multiperiod.multiperiod: Constructing flowsheet model for time index 3
2026-05-15 10:57:25 [INFO] idaes.apps.grid_integration.multiperiod.multiperiod: Constructing flowsheet model for time index 4
2026-05-15 10:57:25 [INFO] idaes.apps.grid_integration.multiperiod.multiperiod: Constructing flowsheet model for time index 5
2026-05-15 10:57:25 [INFO] idaes.apps.grid_integration.multiperiod.multiperiod: Constructing flowsheet model for time index 6
2026-05-15 10:57:25 [INFO] idaes.apps.grid_integration.multiperiod.multiperiod: Constructing flowsheet model for time index 7
2026-05-15 10:57:25 [INFO] idaes.apps.grid_integration.multiperiod.multiperiod: Constructing flowsheet model for time index 8
2026-05-15 10:57:25 [INFO] idaes.apps.grid_integration.multiperiod.multiperiod: Constructing flowsheet model for time index 9
2026-05-15 10:57:25 [INFO] idaes.apps.grid_integration.multiperiod.multiperiod: Constructing flowsheet model for time index 10
2026-05-15 10:57:25 [INFO] idaes.apps.grid_integration.multiperiod.multiperiod: Constructing flowsheet model for time index 11
2026-05-15 10:57:25 [INFO] idaes.apps.grid_integration.multiperiod.multiperiod: Constructing flowsheet model for time index 12
2026-05-15 10:57:25 [INFO] idaes.apps.grid_integration.multiperiod.multiperiod: Constructing flowsheet model for time index 13
2026-05-15 10:57:25 [INFO] idaes.apps.grid_integration.multiperiod.multiperiod: Constructing flowsheet model for time index 14
2026-05-15 10:57:25 [INFO] idaes.apps.grid_integration.multiperiod.multiperiod: Constructing flowsheet model for time index 15
2026-05-15 10:57:25 [INFO] idaes.apps.grid_integration.multiperiod.multiperiod: Constructing flowsheet model for time index 16
2026-05-15 10:57:25 [INFO] idaes.apps.grid_integration.multiperiod.multiperiod: Constructing flowsheet model for time index 17
2026-05-15 10:57:25 [INFO] idaes.apps.grid_integration.multiperiod.multiperiod: Constructing flowsheet model for time index 18
2026-05-15 10:57:25 [INFO] idaes.apps.grid_integration.multiperiod.multiperiod: Constructing flowsheet model for time index 19
2026-05-15 10:57:25 [INFO] idaes.apps.grid_integration.multiperiod.multiperiod: Constructing flowsheet model for time index 20
2026-05-15 10:57:25 [INFO] idaes.apps.grid_integration.multiperiod.multiperiod: Constructing flowsheet model for time index 21
2026-05-15 10:57:25 [INFO] idaes.apps.grid_integration.multiperiod.multiperiod: Constructing flowsheet model for time index 22
2026-05-15 10:57:25 [INFO] idaes.apps.grid_integration.multiperiod.multiperiod: Constructing flowsheet model for time index 23
Initializing multi-period model...
Initializing multi-period model...
Initializing multi-period model...
Initializing multi-period model...
Initializing multi-period model...
Initializing multi-period model...
Initializing multi-period model...
Initializing multi-period model...
Initializing multi-period model...
Initializing multi-period model...
Initializing multi-period model...
Initializing multi-period model...
Initializing multi-period model...
Initializing multi-period model...
Initializing multi-period model...
Initializing multi-period model...
Initializing multi-period model...
Initializing multi-period model...
Initializing multi-period model...
Initializing multi-period model...
Initializing multi-period model...
Initializing multi-period model...
Initializing multi-period model...
Initializing multi-period model...
Set parameter LogToConsole to value 1
Gurobi Optimizer version 12.0.3 build v12.0.3rc0 (linux64 - "Red Hat Enterprise Linux 8.8 (Ootpa)")

CPU model: Intel(R) Xeon(R) Platinum 8470QL, instruction set [SSE2|AVX|AVX2|AVX512]
Thread count: 104 physical cores, 104 logical processors, using up to 32 threads

Optimize a model with 380 rows, 265 columns and 1000 nonzeros
Model fingerprint: 0xb0fdb9eb
Variable types: 217 continuous, 48 integer (48 binary)
Coefficient statistics:
  Matrix range     [1e-03, 1e+01]
  Objective range  [1e+02, 3e+02]
  Bounds range     [1e+00, 1e+01]
  RHS range        [4e+00, 1e+02]
Presolve removed 137 rows and 137 columns
Presolve time: 0.00s
Presolved: 243 rows, 128 columns, 680 nonzeros
Variable types: 85 continuous, 43 integer (43 binary)

Root relaxation: objective 2.117223e+03, 173 iterations, 0.00 seconds (0.00 work units)

    Nodes    |    Current Node    |     Objective Bounds      |     Work
 Expl Unexpl |  Obj  Depth IntInf | Incumbent    BestBd   Gap | It/Node Time

     0     0 2117.22315    0    6          - 2117.22315      -     -    0s
H    0     0                    2178.2046646 2117.22315  2.80%     -    0s
H    0     0                    2133.0522693 2117.22315  0.74%     -    0s
     0     0 2117.55354    0    8 2133.05227 2117.55354  0.73%     -    0s
     0     0 2118.72358    0    6 2133.05227 2118.72358  0.67%     -    0s
     0     0 2120.00366    0    7 2133.05227 2120.00366  0.61%     -    0s
     0     0 2120.89871    0    5 2133.05227 2120.89871  0.57%     -    0s
     0     0 2121.73565    0    7 2133.05227 2121.73565  0.53%     -    0s

Cutting planes:
  Cover: 1
  MIR: 3
  Flow cover: 8

Explored 1 nodes (225 simplex iterations) in 0.03 seconds (0.02 work units)
Thread count was 32 (of 104 available processors)

Solution count 2: 2133.05 2178.2 

Optimal solution found (tolerance 1.00e-04)
Best objective 2.133052269337e+03, best bound 2.133052269337e+03, gap 0.0000%
Degrees of freedom: 50
Total water production (m3): 100.00000000000003
Capacity of Treatment Plant (m3/day): 126.31578947368423
PV size (kW): 0.6021825574746068
Battery size (kWh): 2.93414479282
Wind size (kW): 2.5934926643796095
Total target water production in m3: 100.0
Total Annualized Cost: 2133.0522693374915 2021 $
SEC (kWh/m3): 0.188
LCOW ($/m3): 21.33052269337491
Figure saved to: /home/rchurchi/watertap_test/watertap/watertap/distr_water_treatment/weekly_optimization_results_UF+GAC_October.png
2026-05-15 10:57:26 [WARNING] idaes.apps.grid_integration.multiperiod.multiperiod: model_data_kwargs argument is provided, so the flowsheet options are different for different time instances. In this case, the multiperiod model is returned without initialization.
2026-05-15 10:57:26 [INFO] idaes.apps.grid_integration.multiperiod.multiperiod: Constructing flowsheet model for time index 0
2026-05-15 10:57:26 [INFO] idaes.apps.grid_integration.multiperiod.multiperiod: Constructing flowsheet model for time index 1
2026-05-15 10:57:26 [INFO] idaes.apps.grid_integration.multiperiod.multiperiod: Constructing flowsheet model for time index 2
2026-05-15 10:57:26 [INFO] idaes.apps.grid_integration.multiperiod.multiperiod: Constructing flowsheet model for time index 3
2026-05-15 10:57:26 [INFO] idaes.apps.grid_integration.multiperiod.multiperiod: Constructing flowsheet model for time index 4
2026-05-15 10:57:26 [INFO] idaes.apps.grid_integration.multiperiod.multiperiod: Constructing flowsheet model for time index 5
2026-05-15 10:57:26 [INFO] idaes.apps.grid_integration.multiperiod.multiperiod: Constructing flowsheet model for time index 6
2026-05-15 10:57:26 [INFO] idaes.apps.grid_integration.multiperiod.multiperiod: Constructing flowsheet model for time index 7
2026-05-15 10:57:26 [INFO] idaes.apps.grid_integration.multiperiod.multiperiod: Constructing flowsheet model for time index 8
2026-05-15 10:57:26 [INFO] idaes.apps.grid_integration.multiperiod.multiperiod: Constructing flowsheet model for time index 9
2026-05-15 10:57:26 [INFO] idaes.apps.grid_integration.multiperiod.multiperiod: Constructing flowsheet model for time index 10
2026-05-15 10:57:26 [INFO] idaes.apps.grid_integration.multiperiod.multiperiod: Constructing flowsheet model for time index 11
2026-05-15 10:57:26 [INFO] idaes.apps.grid_integration.multiperiod.multiperiod: Constructing flowsheet model for time index 12
2026-05-15 10:57:26 [INFO] idaes.apps.grid_integration.multiperiod.multiperiod: Constructing flowsheet model for time index 13
2026-05-15 10:57:26 [INFO] idaes.apps.grid_integration.multiperiod.multiperiod: Constructing flowsheet model for time index 14
2026-05-15 10:57:26 [INFO] idaes.apps.grid_integration.multiperiod.multiperiod: Constructing flowsheet model for time index 15
2026-05-15 10:57:26 [INFO] idaes.apps.grid_integration.multiperiod.multiperiod: Constructing flowsheet model for time index 16
2026-05-15 10:57:26 [INFO] idaes.apps.grid_integration.multiperiod.multiperiod: Constructing flowsheet model for time index 17
2026-05-15 10:57:26 [INFO] idaes.apps.grid_integration.multiperiod.multiperiod: Constructing flowsheet model for time index 18
2026-05-15 10:57:26 [INFO] idaes.apps.grid_integration.multiperiod.multiperiod: Constructing flowsheet model for time index 19
2026-05-15 10:57:26 [INFO] idaes.apps.grid_integration.multiperiod.multiperiod: Constructing flowsheet model for time index 20
2026-05-15 10:57:26 [INFO] idaes.apps.grid_integration.multiperiod.multiperiod: Constructing flowsheet model for time index 21
2026-05-15 10:57:26 [INFO] idaes.apps.grid_integration.multiperiod.multiperiod: Constructing flowsheet model for time index 22
2026-05-15 10:57:26 [INFO] idaes.apps.grid_integration.multiperiod.multiperiod: Constructing flowsheet model for time index 23
Initializing multi-period model...
Initializing multi-period model...
Initializing multi-period model...
Initializing multi-period model...
Initializing multi-period model...
Initializing multi-period model...
Initializing multi-period model...
Initializing multi-period model...
Initializing multi-period model...
Initializing multi-period model...
Initializing multi-period model...
Initializing multi-period model...
Initializing multi-period model...
Initializing multi-period model...
Initializing multi-period model...
Initializing multi-period model...
Initializing multi-period model...
Initializing multi-period model...
Initializing multi-period model...
Initializing multi-period model...
Initializing multi-period model...
Initializing multi-period model...
Initializing multi-period model...
Initializing multi-period model...
Set parameter LogToConsole to value 1
Gurobi Optimizer version 12.0.3 build v12.0.3rc0 (linux64 - "Red Hat Enterprise Linux 8.8 (Ootpa)")

CPU model: Intel(R) Xeon(R) Platinum 8470QL, instruction set [SSE2|AVX|AVX2|AVX512]
Thread count: 104 physical cores, 104 logical processors, using up to 32 threads

Optimize a model with 380 rows, 265 columns and 1000 nonzeros
Model fingerprint: 0xa543f528
Variable types: 217 continuous, 48 integer (48 binary)
Coefficient statistics:
  Matrix range     [1e-03, 1e+01]
  Objective range  [4e+01, 3e+02]
  Bounds range     [1e+00, 1e+01]
  RHS range        [4e+00, 1e+02]
Presolve removed 137 rows and 137 columns
Presolve time: 0.00s
Presolved: 243 rows, 128 columns, 680 nonzeros
Variable types: 85 continuous, 43 integer (43 binary)

Root relaxation: objective 1.314478e+03, 166 iterations, 0.00 seconds (0.00 work units)

    Nodes    |    Current Node    |     Objective Bounds      |     Work
 Expl Unexpl |  Obj  Depth IntInf | Incumbent    BestBd   Gap | It/Node Time

     0     0 1314.47804    0   19          - 1314.47804      -     -    0s
H    0     0                    2446.9443367 1325.81553  45.8%     -    0s
     0     0 1364.41183    0   30 2446.94434 1364.41183  44.2%     -    0s
H    0     0                    1567.0849853 1381.76992  11.8%     -    0s
     0     0 1381.76992    0   31 1567.08499 1381.76992  11.8%     -    0s
     0     0 1383.24377    0   31 1567.08499 1383.24377  11.7%     -    0s
     0     0 1399.44689    0   34 1567.08499 1399.44689  10.7%     -    0s
     0     0 1431.66578    0   34 1567.08499 1431.66578  8.64%     -    0s
     0     0 1436.15008    0   35 1567.08499 1436.15008  8.36%     -    0s
H    0     0                    1562.1409695 1436.15008  8.07%     -    0s
H    0     0                    1491.9535129 1452.97285  2.61%     -    0s
H    0     0                    1460.4751990 1452.97285  0.51%     -    0s
     0     0 1452.97285    0   34 1460.47520 1452.97285  0.51%     -    0s
     0     0 1454.99283    0   34 1460.47520 1454.99283  0.38%     -    0s
     0     2 1454.99283    0   34 1460.47520 1454.99283  0.38%     -    0s

Cutting planes:
  Gomory: 9
  Cover: 9
  Implied bound: 6
  MIR: 39
  Flow cover: 38
  RLT: 10
  Relax-and-lift: 2

Explored 81 nodes (1616 simplex iterations) in 0.08 seconds (0.07 work units)
Thread count was 32 (of 104 available processors)

Solution count 5: 1460.48 1491.95 1562.14 ... 2446.94

Optimal solution found (tolerance 1.00e-04)
Best objective 1.460475199046e+03, best bound 1.460475199046e+03, gap 0.0000%
Degrees of freedom: 50
Total water production (m3): 100.00000000000001
Capacity of Treatment Plant (m3/day): 184.61538461538464
PV size (kW): 1.5362185058044544
Battery size (kWh): 2.0474455399689946
Wind size (kW): 2.740961186184568
Total target water production in m3: 100.0
Total Annualized Cost: 1460.4751990460973 2021 $
SEC (kWh/m3): 0.248
LCOW ($/m3): 14.60475199046097
Figure saved to: /home/rchurchi/watertap_test/watertap/watertap/distr_water_treatment/weekly_optimization_results_UF+IX_October.png
2026-05-15 10:57:26 [WARNING] idaes.apps.grid_integration.multiperiod.multiperiod: model_data_kwargs argument is provided, so the flowsheet options are different for different time instances. In this case, the multiperiod model is returned without initialization.
2026-05-15 10:57:26 [INFO] idaes.apps.grid_integration.multiperiod.multiperiod: Constructing flowsheet model for time index 0
2026-05-15 10:57:26 [INFO] idaes.apps.grid_integration.multiperiod.multiperiod: Constructing flowsheet model for time index 1
2026-05-15 10:57:26 [INFO] idaes.apps.grid_integration.multiperiod.multiperiod: Constructing flowsheet model for time index 2
2026-05-15 10:57:26 [INFO] idaes.apps.grid_integration.multiperiod.multiperiod: Constructing flowsheet model for time index 3
2026-05-15 10:57:26 [INFO] idaes.apps.grid_integration.multiperiod.multiperiod: Constructing flowsheet model for time index 4
2026-05-15 10:57:26 [INFO] idaes.apps.grid_integration.multiperiod.multiperiod: Constructing flowsheet model for time index 5
2026-05-15 10:57:26 [INFO] idaes.apps.grid_integration.multiperiod.multiperiod: Constructing flowsheet model for time index 6
2026-05-15 10:57:26 [INFO] idaes.apps.grid_integration.multiperiod.multiperiod: Constructing flowsheet model for time index 7
2026-05-15 10:57:26 [INFO] idaes.apps.grid_integration.multiperiod.multiperiod: Constructing flowsheet model for time index 8
2026-05-15 10:57:26 [INFO] idaes.apps.grid_integration.multiperiod.multiperiod: Constructing flowsheet model for time index 9
2026-05-15 10:57:26 [INFO] idaes.apps.grid_integration.multiperiod.multiperiod: Constructing flowsheet model for time index 10
2026-05-15 10:57:26 [INFO] idaes.apps.grid_integration.multiperiod.multiperiod: Constructing flowsheet model for time index 11
2026-05-15 10:57:26 [INFO] idaes.apps.grid_integration.multiperiod.multiperiod: Constructing flowsheet model for time index 12
2026-05-15 10:57:26 [INFO] idaes.apps.grid_integration.multiperiod.multiperiod: Constructing flowsheet model for time index 13
2026-05-15 10:57:26 [INFO] idaes.apps.grid_integration.multiperiod.multiperiod: Constructing flowsheet model for time index 14
2026-05-15 10:57:26 [INFO] idaes.apps.grid_integration.multiperiod.multiperiod: Constructing flowsheet model for time index 15
2026-05-15 10:57:26 [INFO] idaes.apps.grid_integration.multiperiod.multiperiod: Constructing flowsheet model for time index 16
2026-05-15 10:57:26 [INFO] idaes.apps.grid_integration.multiperiod.multiperiod: Constructing flowsheet model for time index 17
2026-05-15 10:57:26 [INFO] idaes.apps.grid_integration.multiperiod.multiperiod: Constructing flowsheet model for time index 18
2026-05-15 10:57:26 [INFO] idaes.apps.grid_integration.multiperiod.multiperiod: Constructing flowsheet model for time index 19
2026-05-15 10:57:26 [INFO] idaes.apps.grid_integration.multiperiod.multiperiod: Constructing flowsheet model for time index 20
2026-05-15 10:57:26 [INFO] idaes.apps.grid_integration.multiperiod.multiperiod: Constructing flowsheet model for time index 21
2026-05-15 10:57:26 [INFO] idaes.apps.grid_integration.multiperiod.multiperiod: Constructing flowsheet model for time index 22
2026-05-15 10:57:26 [INFO] idaes.apps.grid_integration.multiperiod.multiperiod: Constructing flowsheet model for time index 23
Initializing multi-period model...
Initializing multi-period model...
Initializing multi-period model...
Initializing multi-period model...
Initializing multi-period model...
Initializing multi-period model...
Initializing multi-period model...
Initializing multi-period model...
Initializing multi-period model...
Initializing multi-period model...
Initializing multi-period model...
Initializing multi-period model...
Initializing multi-period model...
Initializing multi-period model...
Initializing multi-period model...
Initializing multi-period model...
Initializing multi-period model...
Initializing multi-period model...
Initializing multi-period model...
Initializing multi-period model...
Initializing multi-period model...
Initializing multi-period model...
Initializing multi-period model...
Initializing multi-period model...
Set parameter LogToConsole to value 1
Gurobi Optimizer version 12.0.3 build v12.0.3rc0 (linux64 - "Red Hat Enterprise Linux 8.8 (Ootpa)")

CPU model: Intel(R) Xeon(R) Platinum 8470QL, instruction set [SSE2|AVX|AVX2|AVX512]
Thread count: 104 physical cores, 104 logical processors, using up to 32 threads

Optimize a model with 380 rows, 265 columns and 1006 nonzeros
Model fingerprint: 0x8aa6ccdb
Variable types: 217 continuous, 48 integer (48 binary)
Coefficient statistics:
  Matrix range     [3e-02, 1e+01]
  Objective range  [1e+02, 3e+02]
  Bounds range     [1e+00, 1e+01]
  RHS range        [4e+00, 1e+02]
Presolve removed 122 rows and 122 columns
Presolve time: 0.00s
Presolved: 258 rows, 143 columns, 718 nonzeros
Variable types: 96 continuous, 47 integer (47 binary)

Root relaxation: objective 2.151636e+03, 145 iterations, 0.00 seconds (0.00 work units)

    Nodes    |    Current Node    |     Objective Bounds      |     Work
 Expl Unexpl |  Obj  Depth IntInf | Incumbent    BestBd   Gap | It/Node Time

     0     0 2151.63611    0   17          - 2151.63611      -     -    0s
H    0     0                    3203.5675672 2165.61239  32.4%     -    0s
     0     0 2185.98992    0   21 3203.56757 2185.98992  31.8%     -    0s
H    0     0                    2420.4248903 2217.62174  8.38%     -    0s
     0     0 2223.80021    0   22 2420.42489 2223.80021  8.12%     -    0s
     0     0 2242.69380    0   24 2420.42489 2242.69380  7.34%     -    0s
     0     0 2273.54250    0   24 2420.42489 2273.54250  6.07%     -    0s
     0     0 2281.74171    0   23 2420.42489 2281.74171  5.73%     -    0s
     0     2 2281.74171    0   22 2420.42489 2281.74171  5.73%     -    0s
*  146    29              12    2374.2529064 2344.73294  1.24%  17.7    0s

Cutting planes:
  Gomory: 11
  Cover: 7
  Implied bound: 26
  MIR: 29
  Flow cover: 17
  RLT: 1

Explored 189 nodes (3168 simplex iterations) in 0.08 seconds (0.07 work units)
Thread count was 32 (of 104 available processors)

Solution count 3: 2374.25 2420.42 3203.57 

Optimal solution found (tolerance 1.00e-04)
Best objective 2.374252906390e+03, best bound 2.374252906390e+03, gap 0.0000%
Degrees of freedom: 50
Total water production (m3): 100.00000000000003
Capacity of Treatment Plant (m3/day): 126.31578947368423
PV size (kW): 3.352634539797759
Battery size (kWh): 2.4062456893999036
Wind size (kW): 3.274859734734092
Total target water production in m3: 100.0
Total Annualized Cost: 2374.252906390401 2021 $
SEC (kWh/m3): 0.372
LCOW ($/m3): 23.742529063904005
Figure saved to: /home/rchurchi/watertap_test/watertap/watertap/distr_water_treatment/weekly_optimization_results_RO_June.png
2026-05-15 10:57:27 [WARNING] idaes.apps.grid_integration.multiperiod.multiperiod: model_data_kwargs argument is provided, so the flowsheet options are different for different time instances. In this case, the multiperiod model is returned without initialization.
2026-05-15 10:57:27 [INFO] idaes.apps.grid_integration.multiperiod.multiperiod: Constructing flowsheet model for time index 0
2026-05-15 10:57:27 [INFO] idaes.apps.grid_integration.multiperiod.multiperiod: Constructing flowsheet model for time index 1
2026-05-15 10:57:27 [INFO] idaes.apps.grid_integration.multiperiod.multiperiod: Constructing flowsheet model for time index 2
2026-05-15 10:57:27 [INFO] idaes.apps.grid_integration.multiperiod.multiperiod: Constructing flowsheet model for time index 3
2026-05-15 10:57:27 [INFO] idaes.apps.grid_integration.multiperiod.multiperiod: Constructing flowsheet model for time index 4
2026-05-15 10:57:27 [INFO] idaes.apps.grid_integration.multiperiod.multiperiod: Constructing flowsheet model for time index 5
2026-05-15 10:57:27 [INFO] idaes.apps.grid_integration.multiperiod.multiperiod: Constructing flowsheet model for time index 6
2026-05-15 10:57:27 [INFO] idaes.apps.grid_integration.multiperiod.multiperiod: Constructing flowsheet model for time index 7
2026-05-15 10:57:27 [INFO] idaes.apps.grid_integration.multiperiod.multiperiod: Constructing flowsheet model for time index 8
2026-05-15 10:57:27 [INFO] idaes.apps.grid_integration.multiperiod.multiperiod: Constructing flowsheet model for time index 9
2026-05-15 10:57:27 [INFO] idaes.apps.grid_integration.multiperiod.multiperiod: Constructing flowsheet model for time index 10
2026-05-15 10:57:27 [INFO] idaes.apps.grid_integration.multiperiod.multiperiod: Constructing flowsheet model for time index 11
2026-05-15 10:57:27 [INFO] idaes.apps.grid_integration.multiperiod.multiperiod: Constructing flowsheet model for time index 12
2026-05-15 10:57:27 [INFO] idaes.apps.grid_integration.multiperiod.multiperiod: Constructing flowsheet model for time index 13
2026-05-15 10:57:27 [INFO] idaes.apps.grid_integration.multiperiod.multiperiod: Constructing flowsheet model for time index 14
2026-05-15 10:57:27 [INFO] idaes.apps.grid_integration.multiperiod.multiperiod: Constructing flowsheet model for time index 15
2026-05-15 10:57:27 [INFO] idaes.apps.grid_integration.multiperiod.multiperiod: Constructing flowsheet model for time index 16
2026-05-15 10:57:27 [INFO] idaes.apps.grid_integration.multiperiod.multiperiod: Constructing flowsheet model for time index 17
2026-05-15 10:57:27 [INFO] idaes.apps.grid_integration.multiperiod.multiperiod: Constructing flowsheet model for time index 18
2026-05-15 10:57:27 [INFO] idaes.apps.grid_integration.multiperiod.multiperiod: Constructing flowsheet model for time index 19
2026-05-15 10:57:27 [INFO] idaes.apps.grid_integration.multiperiod.multiperiod: Constructing flowsheet model for time index 20
2026-05-15 10:57:27 [INFO] idaes.apps.grid_integration.multiperiod.multiperiod: Constructing flowsheet model for time index 21
2026-05-15 10:57:27 [INFO] idaes.apps.grid_integration.multiperiod.multiperiod: Constructing flowsheet model for time index 22
2026-05-15 10:57:27 [INFO] idaes.apps.grid_integration.multiperiod.multiperiod: Constructing flowsheet model for time index 23
Initializing multi-period model...
Initializing multi-period model...
Initializing multi-period model...
Initializing multi-period model...
Initializing multi-period model...
Initializing multi-period model...
Initializing multi-period model...
Initializing multi-period model...
Initializing multi-period model...
Initializing multi-period model...
Initializing multi-period model...
Initializing multi-period model...
Initializing multi-period model...
Initializing multi-period model...
Initializing multi-period model...
Initializing multi-period model...
Initializing multi-period model...
Initializing multi-period model...
Initializing multi-period model...
Initializing multi-period model...
Initializing multi-period model...
Initializing multi-period model...
Initializing multi-period model...
Initializing multi-period model...
Set parameter LogToConsole to value 1
Gurobi Optimizer version 12.0.3 build v12.0.3rc0 (linux64 - "Red Hat Enterprise Linux 8.8 (Ootpa)")

CPU model: Intel(R) Xeon(R) Platinum 8470QL, instruction set [SSE2|AVX|AVX2|AVX512]
Thread count: 104 physical cores, 104 logical processors, using up to 32 threads

Optimize a model with 380 rows, 265 columns and 1006 nonzeros
Model fingerprint: 0x4c6f9a6c
Variable types: 217 continuous, 48 integer (48 binary)
Coefficient statistics:
  Matrix range     [3e-02, 1e+01]
  Objective range  [1e+02, 3e+02]
  Bounds range     [1e+00, 1e+01]
  RHS range        [4e+00, 1e+02]
Presolve removed 122 rows and 122 columns
Presolve time: 0.00s
Presolved: 258 rows, 143 columns, 718 nonzeros
Variable types: 96 continuous, 47 integer (47 binary)

Root relaxation: objective 1.273086e+03, 165 iterations, 0.00 seconds (0.00 work units)

    Nodes    |    Current Node    |     Objective Bounds      |     Work
 Expl Unexpl |  Obj  Depth IntInf | Incumbent    BestBd   Gap | It/Node Time

     0     0 1273.08580    0   16          - 1273.08580      -     -    0s
H    0     0                    2105.5941962 1273.08580  39.5%     -    0s
     0     0 1295.42023    0   18 2105.59420 1295.42023  38.5%     -    0s
H    0     0                    1757.0766255 1295.42023  26.3%     -    0s
H    0     0                    1419.4929104 1296.64909  8.65%     -    0s
     0     0 1296.64909    0   16 1419.49291 1296.64909  8.65%     -    0s
     0     0 1296.64909    0   16 1419.49291 1296.64909  8.65%     -    0s
     0     0 1298.38256    0   20 1419.49291 1298.38256  8.53%     -    0s
     0     0 1298.39748    0   19 1419.49291 1298.39748  8.53%     -    0s
     0     0 1309.04619    0   22 1419.49291 1309.04619  7.78%     -    0s
     0     0 1313.47645    0   23 1419.49291 1313.47645  7.47%     -    0s
     0     0 1313.47645    0   23 1419.49291 1313.47645  7.47%     -    0s
     0     0 1322.27430    0   24 1419.49291 1322.27430  6.85%     -    0s
H    0     0                    1385.8644644 1326.42956  4.29%     -    0s
     0     0 1326.42956    0   24 1385.86446 1326.42956  4.29%     -    0s
     0     2 1326.42956    0   24 1385.86446 1326.42956  4.29%     -    0s
*  422    32              16    1375.0725394 1337.48942  2.73%  11.9    0s

Cutting planes:
  Gomory: 15
  Cover: 12
  Implied bound: 23
  MIR: 40
  Flow cover: 33
  Relax-and-lift: 1

Explored 469 nodes (5621 simplex iterations) in 0.10 seconds (0.09 work units)
Thread count was 32 (of 104 available processors)

Solution count 5: 1375.07 1385.86 1419.49 ... 2105.59

Optimal solution found (tolerance 1.00e-04)
Best objective 1.375072539357e+03, best bound 1.375072539357e+03, gap 0.0000%
Degrees of freedom: 50
Total water production (m3): 100.0
Capacity of Treatment Plant (m3/day): 120.00000000000001
PV size (kW): 1.0314380898462794
Battery size (kWh): 0.8817789035476112
Wind size (kW): 1.434066334539265
Total target water production in m3: 100.0
Total Annualized Cost: 1375.0725393569073 2021 $
SEC (kWh/m3): 0.13999999999999996
LCOW ($/m3): 13.750725393569073
Figure saved to: /home/rchurchi/watertap_test/watertap/watertap/distr_water_treatment/weekly_optimization_results_UF+GAC_June.png
2026-05-15 10:57:27 [WARNING] idaes.apps.grid_integration.multiperiod.multiperiod: model_data_kwargs argument is provided, so the flowsheet options are different for different time instances. In this case, the multiperiod model is returned without initialization.
2026-05-15 10:57:27 [INFO] idaes.apps.grid_integration.multiperiod.multiperiod: Constructing flowsheet model for time index 0
2026-05-15 10:57:27 [INFO] idaes.apps.grid_integration.multiperiod.multiperiod: Constructing flowsheet model for time index 1
2026-05-15 10:57:27 [INFO] idaes.apps.grid_integration.multiperiod.multiperiod: Constructing flowsheet model for time index 2
2026-05-15 10:57:27 [INFO] idaes.apps.grid_integration.multiperiod.multiperiod: Constructing flowsheet model for time index 3
2026-05-15 10:57:27 [INFO] idaes.apps.grid_integration.multiperiod.multiperiod: Constructing flowsheet model for time index 4
2026-05-15 10:57:27 [INFO] idaes.apps.grid_integration.multiperiod.multiperiod: Constructing flowsheet model for time index 5
2026-05-15 10:57:27 [INFO] idaes.apps.grid_integration.multiperiod.multiperiod: Constructing flowsheet model for time index 6
2026-05-15 10:57:27 [INFO] idaes.apps.grid_integration.multiperiod.multiperiod: Constructing flowsheet model for time index 7
2026-05-15 10:57:27 [INFO] idaes.apps.grid_integration.multiperiod.multiperiod: Constructing flowsheet model for time index 8
2026-05-15 10:57:27 [INFO] idaes.apps.grid_integration.multiperiod.multiperiod: Constructing flowsheet model for time index 9
2026-05-15 10:57:27 [INFO] idaes.apps.grid_integration.multiperiod.multiperiod: Constructing flowsheet model for time index 10
2026-05-15 10:57:27 [INFO] idaes.apps.grid_integration.multiperiod.multiperiod: Constructing flowsheet model for time index 11
2026-05-15 10:57:27 [INFO] idaes.apps.grid_integration.multiperiod.multiperiod: Constructing flowsheet model for time index 12
2026-05-15 10:57:27 [INFO] idaes.apps.grid_integration.multiperiod.multiperiod: Constructing flowsheet model for time index 13
2026-05-15 10:57:27 [INFO] idaes.apps.grid_integration.multiperiod.multiperiod: Constructing flowsheet model for time index 14
2026-05-15 10:57:27 [INFO] idaes.apps.grid_integration.multiperiod.multiperiod: Constructing flowsheet model for time index 15
2026-05-15 10:57:27 [INFO] idaes.apps.grid_integration.multiperiod.multiperiod: Constructing flowsheet model for time index 16
2026-05-15 10:57:27 [INFO] idaes.apps.grid_integration.multiperiod.multiperiod: Constructing flowsheet model for time index 17
2026-05-15 10:57:27 [INFO] idaes.apps.grid_integration.multiperiod.multiperiod: Constructing flowsheet model for time index 18
2026-05-15 10:57:27 [INFO] idaes.apps.grid_integration.multiperiod.multiperiod: Constructing flowsheet model for time index 19
2026-05-15 10:57:27 [INFO] idaes.apps.grid_integration.multiperiod.multiperiod: Constructing flowsheet model for time index 20
2026-05-15 10:57:27 [INFO] idaes.apps.grid_integration.multiperiod.multiperiod: Constructing flowsheet model for time index 21
2026-05-15 10:57:27 [INFO] idaes.apps.grid_integration.multiperiod.multiperiod: Constructing flowsheet model for time index 22
2026-05-15 10:57:27 [INFO] idaes.apps.grid_integration.multiperiod.multiperiod: Constructing flowsheet model for time index 23
Initializing multi-period model...
Initializing multi-period model...
Initializing multi-period model...
Initializing multi-period model...
Initializing multi-period model...
Initializing multi-period model...
Initializing multi-period model...
Initializing multi-period model...
Initializing multi-period model...
Initializing multi-period model...
Initializing multi-period model...
Initializing multi-period model...
Initializing multi-period model...
Initializing multi-period model...
Initializing multi-period model...
Initializing multi-period model...
Initializing multi-period model...
Initializing multi-period model...
Initializing multi-period model...
Initializing multi-period model...
Initializing multi-period model...
Initializing multi-period model...
Initializing multi-period model...
Initializing multi-period model...
Set parameter LogToConsole to value 1
Gurobi Optimizer version 12.0.3 build v12.0.3rc0 (linux64 - "Red Hat Enterprise Linux 8.8 (Ootpa)")

CPU model: Intel(R) Xeon(R) Platinum 8470QL, instruction set [SSE2|AVX|AVX2|AVX512]
Thread count: 104 physical cores, 104 logical processors, using up to 32 threads

Optimize a model with 380 rows, 265 columns and 1006 nonzeros
Model fingerprint: 0xf86450f7
Variable types: 217 continuous, 48 integer (48 binary)
Coefficient statistics:
  Matrix range     [3e-02, 1e+01]
  Objective range  [4e+01, 3e+02]
  Bounds range     [1e+00, 1e+01]
  RHS range        [4e+00, 1e+02]
Presolve removed 122 rows and 122 columns
Presolve time: 0.00s
Presolved: 258 rows, 143 columns, 718 nonzeros
Variable types: 96 continuous, 47 integer (47 binary)

Root relaxation: objective 8.799563e+02, 204 iterations, 0.00 seconds (0.00 work units)

    Nodes    |    Current Node    |     Objective Bounds      |     Work
 Expl Unexpl |  Obj  Depth IntInf | Incumbent    BestBd   Gap | It/Node Time

     0     0  879.95626    0   19          -  879.95626      -     -    0s
H    0     0                    1199.8154849  879.95626  26.7%     -    0s
     0     0  910.48921    0   27 1199.81548  910.48921  24.1%     -    0s
     0     0  910.48921    0   25 1199.81548  910.48921  24.1%     -    0s
     0     0  910.48921    0   25 1199.81548  910.48921  24.1%     -    0s
     0     0  915.97713    0   30 1199.81548  915.97713  23.7%     -    0s
     0     0  928.69284    0   29 1199.81548  928.69284  22.6%     -    0s
H    0     0                    1078.8900275  928.69284  13.9%     -    0s
     0     2  928.69284    0   28 1078.89003  928.69284  13.9%     -    0s
*  106   119              10    1047.6738388  945.97352  9.71%  25.5    0s
H  411    12                    1041.0954171  987.21363  5.18%  15.5    0s
*  416    12              15    1018.4311042  987.21363  3.07%  15.4    0s

Cutting planes:
  Gomory: 9
  Cover: 16
  Implied bound: 21
  MIR: 35
  Flow cover: 41
  Relax-and-lift: 1

Explored 500 nodes (7478 simplex iterations) in 0.08 seconds (0.07 work units)
Thread count was 32 (of 104 available processors)

Solution count 5: 1018.43 1041.1 1047.67 ... 1199.82

Optimal solution found (tolerance 1.00e-04)
Best objective 1.018431104171e+03, best bound 1.018431104171e+03, gap 0.0000%
Degrees of freedom: 50
Total water production (m3): 100.00000000000003
Capacity of Treatment Plant (m3/day): 126.31578947368423
PV size (kW): 1.8024916880633113
Battery size (kWh): 1.293680478171991
Wind size (kW): 1.760677276738759
Total target water production in m3: 100.0
Total Annualized Cost: 1018.4311041714099 2021 $
SEC (kWh/m3): 0.19999999999999996
LCOW ($/m3): 10.184311041714096
Figure saved to: /home/rchurchi/watertap_test/watertap/watertap/distr_water_treatment/weekly_optimization_results_UF+IX_June.png
Summary CSV saved to: /home/rchurchi/watertap_test/watertap/watertap/distr_water_treatment/weekly_optimization_summary.csv
