2026-05-05 08:29:10 [INFO] idaes.apps.grid_integration.pricetaker.price_taker_model: Found minimum uptime/downtime data for pretreatment.uf_pumps[1] - Adding minimum uptime/downtime constraints.
2026-05-05 08:29:10 [INFO] idaes.apps.grid_integration.pricetaker.price_taker_model: Created startup/shutdown constraints for operation model  pretreatment.uf_pumps[1] at uf_pumps_1_startup_shutdown.
2026-05-05 08:29:10 [INFO] idaes.apps.grid_integration.pricetaker.price_taker_model: Found minimum uptime/downtime data for pretreatment.uf_pumps[2] - Adding minimum uptime/downtime constraints.
2026-05-05 08:29:10 [INFO] idaes.apps.grid_integration.pricetaker.price_taker_model: Created startup/shutdown constraints for operation model  pretreatment.uf_pumps[2] at uf_pumps_2_startup_shutdown.
2026-05-05 08:29:10 [INFO] idaes.apps.grid_integration.pricetaker.price_taker_model: Found minimum uptime/downtime data for pretreatment.uf_pumps[3] - Adding minimum uptime/downtime constraints.
2026-05-05 08:29:10 [INFO] idaes.apps.grid_integration.pricetaker.price_taker_model: Created startup/shutdown constraints for operation model  pretreatment.uf_pumps[3] at uf_pumps_3_startup_shutdown.
2026-05-05 08:29:10 [INFO] idaes.apps.grid_integration.pricetaker.price_taker_model: Found minimum uptime/downtime data for reverse_osmosis.ro_skid[1] - Adding minimum uptime/downtime constraints.
2026-05-05 08:29:10 [INFO] idaes.apps.grid_integration.pricetaker.price_taker_model: Created startup/shutdown constraints for operation model  reverse_osmosis.ro_skid[1] at ro_skid_1_startup_shutdown.
2026-05-05 08:29:10 [INFO] idaes.apps.grid_integration.pricetaker.price_taker_model: Found minimum uptime/downtime data for reverse_osmosis.ro_skid[2] - Adding minimum uptime/downtime constraints.
2026-05-05 08:29:10 [INFO] idaes.apps.grid_integration.pricetaker.price_taker_model: Created startup/shutdown constraints for operation model  reverse_osmosis.ro_skid[2] at ro_skid_2_startup_shutdown.
2026-05-05 08:29:10 [INFO] idaes.apps.grid_integration.pricetaker.price_taker_model: Found minimum uptime/downtime data for reverse_osmosis.ro_skid[3] - Adding minimum uptime/downtime constraints.
2026-05-05 08:29:10 [INFO] idaes.apps.grid_integration.pricetaker.price_taker_model: Created startup/shutdown constraints for operation model  reverse_osmosis.ro_skid[3] at ro_skid_3_startup_shutdown.
2026-05-05 08:29:10 [INFO] idaes.apps.grid_integration.pricetaker.price_taker_model: Found minimum uptime/downtime data for reverse_osmosis.ro_skid[4] - Adding minimum uptime/downtime constraints.
2026-05-05 08:29:10 [INFO] idaes.apps.grid_integration.pricetaker.price_taker_model: Created startup/shutdown constraints for operation model  reverse_osmosis.ro_skid[4] at ro_skid_4_startup_shutdown.
4029
Set parameter TokenServer to value "10.60.1.73"
Set parameter LogToConsole to value 1
Set parameter MIPGap to value 0.01
Set parameter MIPFocus to value 1
Gurobi Optimizer version 12.0.3 build v12.0.3rc0 (linux64 - "Red Hat Enterprise Linux 8.8 (Ootpa)")

CPU model: Intel(R) Xeon(R) Platinum 8470QL, instruction set [SSE2|AVX|AVX2|AVX512]
Thread count: 104 physical cores, 104 logical processors, using up to 32 threads

Non-default parameters:
MIPGap  0.01
MIPFocus  1

Optimize a model with 18286 rows, 16971 columns and 49671 nonzeros
Model fingerprint: 0xc436bee6
Model has 2352 quadratic constraints
Variable types: 11595 continuous, 5376 integer (5376 binary)
Coefficient statistics:
  Matrix range     [3e-02, 1e+04]
  QMatrix range    [2e-07, 1e+00]
  QLMatrix range   [3e-04, 1e+00]
  Objective range  [1e-05, 5e-04]
  Bounds range     [1e+00, 1e+04]
  RHS range        [1e+00, 3e+05]
  QRHS range       [3e-01, 5e-01]
Presolve removed 8766 rows and 9625 columns
Presolve time: 0.10s
Presolved: 17752 rows, 7347 columns, 44204 nonzeros
Presolved model has 2352 bilinear constraint(s)

Solving non-convex MIQCP

Variable types: 4035 continuous, 3312 integer (3312 binary)

Root relaxation: objective 8.186665e+00, 26784 iterations, 2.47 seconds (3.45 work units)

    Nodes    |    Current Node    |     Objective Bounds      |     Work
 Expl Unexpl |  Obj  Depth IntInf | Incumbent    BestBd   Gap | It/Node Time

     0     0    8.18666    0 3503          -    8.18666      -     -    3s
     0     0    9.12809    0 3739          -    9.12809      -     -    3s
     0     0   10.00518    0 3427          -   10.00518      -     -    5s
     0     0   10.06410    0 3487          -   10.06410      -     -    5s
     0     0   10.14919    0 3378          -   10.14919      -     -    6s
     0     0   10.17110    0 3390          -   10.17110      -     -    6s
     0     0   10.20476    0 3641          -   10.20476      -     -    7s
     0     0   10.22064    0 3664          -   10.22064      -     -    8s
     0     0   10.25062    0 3637          -   10.25062      -     -    9s
     0     0   10.25895    0 3635          -   10.25895      -     -   10s
     0     0   10.54127    0 3725          -   10.54127      -     -   11s
     0     2   10.54127    0 3721          -   10.54127      -     -   24s
     1     4   10.56179    1 3665          -   10.54127      -   649   25s
   238   227   10.86831   10 3322          -   10.63618      -   447   30s
   506   379   10.87802   13 3276          -   10.63618      -   811   35s
   879   560   10.88734   20 3222          -   10.63618      -   801   41s
  1091   654   10.89826   24 3261          -   10.63618      -   751   45s
  1594   826   10.91049   34 3141          -   10.63618      -   783   51s
  2110   989   10.92182   42 3098          -   10.63618      -   780   56s
  2818  1160 infeasible   48               -   10.63618      -   755   60s
  3667  1338   10.95803   54 3197          -   10.63738      -   708   66s
  4213  1458   11.02933   66 3209          -   10.63738      -   713   70s
  5149  1643 infeasible  100               -   10.63738      -   718   78s
  5423  1717   11.40563  108 2739          -   10.63738      -   720   80s
  6185  2045   10.68609   27 3293          -   10.63738      -   716   86s
  6693  2047   11.24343   25 1682          -   10.63738      -   692   90s
  6699  2051   10.82130   70 1251          -   10.65464      -   691   95s
  6702  2053   10.71401   14 1208          -   10.70606      -   691  101s
  6707  2058   11.51121   45 1244          -   10.70606      -   697  105s
  6711  2061   11.10386   34 1138          -   10.72750      -   697  110s
  6715  2063   10.74250   17 1233          -   10.74120      -   696  144s
  6717  2066   10.76395   24 1599          -   10.74120      -   703  146s
  6723  2070   11.08506  100  897          -   11.08506      -   702  150s
  6735  2079   11.37353   47  878          -   11.09765      -   706  155s
  6749  2090   11.09901   24  816          -   11.09901      -   709  160s
  6763  2101   11.09998   19  838          -   11.09998      -   712  165s
  6778  2112   11.22222   15  807          -   11.10118      -   715  170s
  6793  2123   11.24343   25  747          -   11.10167      -   718  205s
H 6793  2016                      11.8525517   11.10167  6.34%   718  235s
H 6793  1915                      11.6756119   11.10167  4.92%   718  235s
H 6793  1819                      11.5588187   11.10167  3.96%   718  240s
H 6793  1728                      11.5573187   11.10167  3.94%   718  240s
H 6793  1641                      11.5573187   11.10167  3.94%   718  240s
H 6793  1559                      11.5573187   11.10167  3.94%   718  240s
H 6793  1481                      11.5573187   11.10167  3.94%   718  240s
H 6793  1407                      11.4414815   11.10167  2.97%   718  241s
H 6793  1336                      11.4409815   11.10167  2.97%   718  241s
H 6800  1274                      11.4364375   11.23316  1.78%   726  243s
  6807  1290   11.31938   92 2238   11.43644   11.23500  1.76%   726  245s
H 6843  1268                      11.4359375   11.23549  1.75%   736  249s
H 6875  1274                      11.4356594   11.23554  1.75%   738  251s
H 6876  1216                      11.4356594   11.23554  1.75%   738  251s
  7016  1312   11.32023   97 2161   11.43566   11.23554  1.75%   765  258s
  7107  1369   11.32024   98 2164   11.43566   11.23554  1.75%   781  260s
H 7354  1394                      11.4294802   11.23554  1.70%   791  264s
  7358  1505   11.32032  100 2116   11.42948   11.23554  1.70%   792  266s
H 7610  1577                      11.4229288   11.23554  1.64%   783  268s
  7690  1639   11.32121  105 2135   11.42293   11.23554  1.64%   781  270s
H 7693  1588                      11.4229285   11.23554  1.64%   781  270s
H 7706  1538                      11.4229285   11.23554  1.64%   782  270s
H 7862  1537                      11.4129041   11.23554  1.55%   775  273s
  7905  1683   11.32224  108 2141   11.41290   11.23568  1.55%   775  275s
  8331  2036   11.32328  112 2175   11.41290   11.23568  1.55%   773  280s
H 9074  2394                      11.4124878   11.23568  1.55%   759  283s
H 9092  2355                      11.4124878   11.23568  1.55%   758  283s
H 9282  2355                      11.4124874   11.23571  1.55%   755  283s
  9384  2614   11.32586  127 2116   11.41249   11.23571  1.55%   753  285s
  9930  3056   11.32696  137 2081   11.41249   11.23573  1.55%   744  290s
 10572  3668   11.32809  142 2040   11.41249   11.23573  1.55%   733  295s
 11217  4379   11.32922  153 2012   11.41249   11.23573  1.55%   725  300s
 12266  5317   11.33951  195 1974   11.41249   11.23573  1.55%   699  305s
 13195  5743   11.34244  213 1901   11.41249   11.23573  1.55%   683  312s
 13357  6191   11.34485  229 1883   11.41249   11.23573  1.55%   682  315s
 14024  6987   11.35310  273 1860   11.41249   11.23573  1.55%   661  320s
H14361  6986                      11.4124589   11.23573  1.55%   648  320s
H14592  7188                      11.4122123   11.23573  1.55%   641  323s
H14596  7188                      11.4122114   11.23573  1.55%   641  323s
H14606  7188                      11.4122114   11.23573  1.55%   641  323s
H14623  7188                      11.4121933   11.23573  1.55%   642  323s
H14631  7188                      11.4121778   11.23573  1.55%   642  323s
 14831  8044   11.35732  279 1863   11.41218   11.23574  1.55%   639  326s
H15729  8789                      11.4121219   11.23574  1.55%   615  328s
H15844  8787                      11.4121111   11.23574  1.55%   615  328s
H16055  8786                      11.4121028   11.23574  1.55%   613  328s
 16564  9435   11.35767  325 1805   11.41210   11.23574  1.55%   602  331s
H17345  9678                      11.4111223   11.23574  1.54%   592  334s
H17641 10561                      11.4106223   11.23574  1.53%   592  337s
H18677 11059                      11.4105454   11.23574  1.53%   574  340s
 19958 11969   11.36338  398 1737   11.41055   11.23579  1.53%   563  346s
H19960 11968                      11.4105323   11.23579  1.53%   563  346s
H19992 11968                      11.4105323   11.23579  1.53%   563  346s
H20191 11967                      11.4105124   11.23579  1.53%   565  346s
 20263 12781   11.36291  399 1731   11.41051   11.23579  1.53%   565  350s
 21691 13519   11.36608  418 1733   11.41051   11.23579  1.53%   546  356s
 22118 14310   11.36583  424 1741   11.41051   11.23579  1.53%   545  362s
 22711 15374   11.36578  424 1738   11.41051   11.23579  1.53%   537  366s
 23860 16023   11.36799  450 1710   11.41051   11.23579  1.53%   522  370s
 25250 17447   11.36998  471 1737   11.41051   11.23579  1.53%   517  378s
 26198 17545   11.37257  496 1666   11.41051   11.23581  1.53%   511  381s
 26723 18932   11.37661  530 1692   11.41051   11.23581  1.53%   508  389s
 27823 19654   11.37980  569 1673   11.41051   11.23581  1.53%   500  393s
 28615 20910   11.38185  589 1677   11.41051   11.23581  1.53%   504  397s
 29979 21420   11.38463  632 1625   11.41051   11.23583  1.53%   496  402s
 30557 22465   11.38523  643 1652   11.41051   11.23583  1.53%   500  409s
 31724 24045   11.38658  665 1612   11.41051   11.23583  1.53%   495  415s
 33518 25720   11.38961  710 1611   11.41051   11.23583  1.53%   486  420s
 35402 27343   11.39440  770 1563   11.41051   11.23583  1.53%   476  426s
 37175 28168   11.40100  843 1533   11.41051   11.23584  1.53%   465  431s
 38070 28887   11.40359  900 1498   11.41051   11.23584  1.53%   462  437s
 38909 30366   11.23605  102 2148   11.41051   11.23586  1.53%   456  442s
 40480 31134   11.32210  108 2124   11.41051   11.23586  1.53%   451  448s
 41316 32692   11.32240  108 2183   11.41051   11.23586  1.53%   449  455s
 43107 34548   11.36243  123 2109   11.41051   11.23588  1.53%   442  461s
 45221 36312     cutoff  144        11.41051   11.23589  1.53%   437  468s
 47189 36904   11.35125  168 2222   11.41051   11.23589  1.53%   433  474s
 47861 37918   11.36388  180 2193   11.41051   11.23590  1.53%   430  482s
 49019 39891   11.38404  220 2130   11.41051   11.23590  1.53%   425  491s
 51280 40831   11.38597  221 2116   11.41051   11.23590  1.53%   417  499s
 52398 41794   11.39391  242 2086   11.41051   11.23591  1.53%   414  507s
 53513 43873   11.39480  245 2076   11.41051   11.23591  1.53%   408  516s
 55872 45042     cutoff  284        11.41051   11.23591  1.53%   403  525s
 57414 47234   11.23649  107 2114   11.41051   11.23591  1.53%   400  536s
 60212 49478   11.34456  163 2145   11.41051   11.23591  1.53%   395  546s
 62858 50912   11.37954  252 2023   11.41051   11.23591  1.53%   391  554s
 64527 53290   11.38661  295 2009   11.41051   11.23595  1.53%   389  564s
 67246 55483   11.40468  369 1980   11.41051   11.23595  1.53%   384  574s
 69840 57742   11.25815  143 2130   11.41051   11.23595  1.53%   378  584s
 72384 59260   11.36997  203 2173   11.41051   11.23595  1.53%   373  595s
 74100 60789   11.38789  220 2249   11.41051   11.23596  1.53%   369  608s
 75769 62523   11.38965  221 2245   11.41051   11.23596  1.53%   365  621s
 77820 65399     cutoff  229        11.41051   11.23598  1.53%   362  635s
 81159 67918   11.24177  117 2168   11.41051   11.23598  1.53%   360  649s
 84133 71231   11.27323  172 2211   11.41051   11.23598  1.53%   356  669s
 87940 74062   11.39510  340 1922   11.41051   11.23598  1.53%   353  684s
 91310 76870   11.40573  401 1888   11.41051   11.23598  1.53%   352  697s
 94767 78655   11.25402  148 2164   11.41051   11.23599  1.53%   351  710s
 96851 81038   11.26344  192 2125   11.41051   11.23599  1.53%   353  724s
 99947 83757   11.38370  261 2121   11.41051   11.23601  1.53%   358  739s
 103025 86964   11.25747  139 2190   11.41051   11.23601  1.53%   358  754s
 106809 89563   11.38767  230 2007   11.41051   11.23601  1.53%   360  769s
 109733 92255   11.23665  110 2251   11.41051   11.23601  1.53%   366  783s
 112599 94016   11.23775  144 2106   11.41051   11.23603  1.53%   371  798s
 114484 96977   11.23868  175 2098   11.41051   11.23603  1.53%   375  815s
 117611 100522   11.24264  233 1997   11.41051   11.23603  1.53%   378  831s
 121456 103883   11.24567  278 1957   11.41051   11.23603  1.53%   378  845s
 125073 107033   11.24783  328 1948   11.41051   11.23604  1.53%   376  858s
 128429 110869   11.25365  402 1896   11.41051   11.23604  1.53%   372  871s
 132607 115216   11.26438  488 1764   11.41051   11.23604  1.53%   367  883s
 137289 117603   11.27168  585 1810   11.41051   11.23605  1.53%   359  893s
 139930 121601   11.27519  615 1815   11.41051   11.23605  1.53%   355  904s
 142442 121601   11.25888  344 1952   11.41051   11.23605  1.53%   351  905s
 144380 124291   11.28776  721 1760   11.41051   11.23605  1.53%   349  915s
 147401 127871   11.29830  781 1757   11.41051   11.23605  1.53%   345  925s
 151444 131274   11.30680  830 1737   11.41051   11.23605  1.53%   342  939s
 155846 133962   11.35099  954 1599   11.41051   11.23605  1.53%   339  950s
 158942 136321   11.25758  141 2195   11.41051   11.23605  1.53%   336  960s
 161754 138626   11.27010  155 2319   11.41051   11.23605  1.53%   336  971s
 164535 141306   11.37646  201 2181   11.41051   11.23605  1.53%   336  983s
 167874 143394   11.24066  111 2236   11.41051   11.23605  1.53%   335  994s
 170333 146022   11.25016  122 2207   11.41051   11.23605  1.53%   335 1006s
 173504 149326   11.37554  152 2080   11.41051   11.23605  1.53%   334 1019s
 177726 152076   11.23940  102 2189   11.41051   11.23605  1.53%   334 1030s
 181142 154648   11.24777  117 2186   11.41051   11.23605  1.53%   334 1044s
 184458 156490   11.36355  175 2121   11.41051   11.23606  1.53%   334 1057s
 187171 158732     cutoff  218        11.41051   11.23606  1.53%   334 1071s
 190102 161406   11.24745  118 2207   11.41051   11.23607  1.53%   335 1087s
 193384 162740   11.38236  216 2119   11.41051   11.23607  1.53%   337 1101s
 194963 165768   11.40769  233 2079   11.41051   11.23607  1.53%   338 1116s
 198358 168446   11.36001  155 2147   11.41051   11.23607  1.53%   339 1132s
 201239 172252   11.23641  109 2182   11.41051   11.23607  1.53%   339 1148s
 205462 175771   11.35884  202 2217   11.41051   11.23607  1.53%   339 1163s
 209414 179294   11.40557  333 2099   11.41051   11.23607  1.53%   338 1177s
 213421 182394   11.35079  160 2138   11.41051   11.23608  1.53%   338 1190s
 216897 184719   11.37233  209 2101   11.41051   11.23608  1.53%   338 1203s
 219606 188595   11.40346  311 1974   11.41051   11.23608  1.53%   336 1216s
 224129 191671   11.36047  167 2211   11.41051   11.23608  1.53%   335 1228s
 227612 194868   11.23803  107 2181   11.41051   11.23608  1.53%   333 1240s
 231345 197819   11.28681  196 2237   11.41051   11.23609  1.53%   332 1252s
 234575 199762   11.36782  235 2135   11.41051   11.23609  1.53%   331 1263s
 236766 202589     cutoff  288        11.41051   11.23609  1.53%   330 1275s
 240027 205481   11.23629  104 2141   11.41051   11.23609  1.53%   329 1287s
 243459 208156   11.25791  178 2099   11.41051   11.23609  1.53%   328 1300s
 246475 211015   11.35158  229 2096   11.41051   11.23609  1.53%   328 1315s
 249886 213463   11.39873  355 1980   11.41051   11.23609  1.53%   328 1328s
 252907 217388   11.23617  109 2137   11.41051   11.23609  1.53%   327 1342s
 257355 219532   11.23740  126 2112   11.41051   11.23609  1.53%   327 1355s
 259808 222703   11.24148  165 2008   11.41051   11.23609  1.53%   328 1369s
 263566 225036   11.34813  222 1983   11.41051   11.23609  1.53%   328 1382s
 266346 228221   11.24703  272 1906   11.41051   11.23609  1.53%   328 1396s
 269961 231308   11.25343  332 1833   11.41051   11.23609  1.53%   328 1410s
 273451 234211   11.25865  381 1826   11.41051   11.23609  1.53%   327 1423s
 276673 236587   11.26135  446 1776   11.41051   11.23610  1.53%   326 1437s
 279300 238667   11.26489  500 1738   11.41051   11.23610  1.53%   327 1451s
 281875 241725   11.26657  526 1769   11.41051   11.23610  1.53%   327 1468s
 285272 244692   11.26965  553 1782   11.41051   11.23610  1.53%   327 1484s
 288624 248421   11.27551  588 1787   11.41051   11.23611  1.53%   327 1499s
 292810 252063   11.27987  626 1772   11.41051   11.23611  1.53%   327 1514s
 297074 253520   11.28377  657 1772   11.41051   11.23611  1.53%   327 1527s
 298933 256678   11.28783  675 1773   11.41051   11.23611  1.53%   327 1542s
 302722 259624   11.29834  716 1743   11.41051   11.23611  1.53%   327 1555s
 306242 262057   11.30693  746 1754   11.41051   11.23611  1.53%   328 1568s
 309153 264348   11.31254  766 1703   11.41051   11.23612  1.53%   329 1581s
 311973 266271   11.31931  788 1695   11.41051   11.23612  1.53%   329 1594s
 314609 269077   11.32531  806 1686   11.41051   11.23612  1.53%   329 1607s
 318221 271955   11.33142  825 1689   11.41051   11.23612  1.53%   331 1621s
 321840 273951   11.23711  133 2148   11.41051   11.23612  1.53%   331 1635s
 324378 275913   11.38697  194 2198   11.41051   11.23612  1.53%   332 1649s
 326850 278815   11.24176  117 2201   11.41051   11.23613  1.53%   332 1664s
 330194 281802   11.25703  168 2214   11.41051   11.23613  1.53%   333 1678s
 333523 284800   11.35588  203 2244   11.41051   11.23613  1.53%   332 1691s
 336950 286593   11.23661  105 2206   11.41051   11.23613  1.53%   332 1705s
 339045 289406   11.23728  122 2140   11.41051   11.23613  1.53%   333 1720s
 342064 292008   11.23888  153 2035   11.41051   11.23613  1.53%   335 1736s
 344877 294323   11.24191  205 1938   11.41051   11.23614  1.53%   336 1751s
 347498 297324   11.24555  257 1910   11.41051   11.23614  1.53%   337 1768s
 350689 300640   11.24866  304 1895   11.41051   11.23614  1.53%   337 1784s
 354278 304343   11.24978  323 1913   11.41051   11.23614  1.53%   337 1801s
 358195 307264   11.24991  334 1931   11.41051   11.23614  1.53%   336 1817s
 361383 311000   11.25362  370 1869   11.41051   11.23614  1.53%   336 1833s
 365491 314099   11.25726  422 1824   11.41051   11.23614  1.53%   335 1847s
 368830 317530   11.26122  479 1783   11.41051   11.23614  1.53%   334 1861s
 372633 321045   11.26491  521 1760   11.41051   11.23614  1.53%   332 1873s
 376610 324807   11.26859  596 1819   11.41051   11.23614  1.53%   331 1886s
 380979 326979   11.27039  618 1837   11.41051   11.23614  1.53%   330 1897s
 383559 329423   11.27133  620 1802   11.41051   11.23614  1.53%   329 1908s
 386535 332102   11.27554  661 1805   11.41051   11.23614  1.53%   329 1919s
 389833 334484   11.27882  690 1839   11.41051   11.23614  1.53%   329 1931s
 392962 336648   11.28258  727 1847   11.41051   11.23614  1.53%   329 1942s
 395652 339563   11.28435  738 1855   11.41051   11.23615  1.53%   329 1956s
 399324 342076   11.28760  770 1864   11.41051   11.23615  1.53%   328 1969s
 402538 344766   11.29140  797 1837   11.41051   11.23615  1.53%   329 1982s
 405817 347858   11.29770  815 1815   11.41051   11.23615  1.53%   329 1994s
 409641 350281 infeasible  856        11.41051   11.23615  1.53%   329 2006s
 412354 353371   11.24005  157 2006   11.41051   11.23615  1.53%   329 2018s
 415755 355815   11.37746  304 1939   11.41051   11.23615  1.53%   328 2030s
 418809 358300     cutoff  422        11.41051   11.23615  1.53%   328 2043s
 421862 359929   11.24143  125 2087   11.41051   11.23615  1.53%   329 2055s
 423929 362178   11.24920  159 2017   11.41051   11.23615  1.53%   330 2068s
 426538 364419   11.25736  233 1872   11.41051   11.23615  1.53%   331 2081s
 428984 367162   11.26264  294 1833   11.41051   11.23615  1.53%   333 2099s
 432125 371030   11.26688  341 1796   11.41051   11.23615  1.53%   334 2118s
 436482 373553   11.27436  424 1714   11.41051   11.23615  1.53%   334 2133s
 439274 376751   11.27887  478 1664   11.41051   11.23616  1.53%   335 2150s
[2026-05-05T09:05:04.302] error: *** JOB 13639846 ON x1000c0s3b0n0 CANCELLED AT 2026-05-05T09:05:04 DUE to SIGNAL Terminated ***
