2026-05-05 09:05:17 [INFO] idaes.apps.grid_integration.pricetaker.price_taker_model: Found minimum uptime/downtime data for pretreatment.uf_pumps[1] - Adding minimum uptime/downtime constraints.
2026-05-05 09:05:17 [INFO] idaes.apps.grid_integration.pricetaker.price_taker_model: Created startup/shutdown constraints for operation model  pretreatment.uf_pumps[1] at uf_pumps_1_startup_shutdown.
2026-05-05 09:05:17 [INFO] idaes.apps.grid_integration.pricetaker.price_taker_model: Found minimum uptime/downtime data for pretreatment.uf_pumps[2] - Adding minimum uptime/downtime constraints.
2026-05-05 09:05:17 [INFO] idaes.apps.grid_integration.pricetaker.price_taker_model: Created startup/shutdown constraints for operation model  pretreatment.uf_pumps[2] at uf_pumps_2_startup_shutdown.
2026-05-05 09:05:17 [INFO] idaes.apps.grid_integration.pricetaker.price_taker_model: Found minimum uptime/downtime data for pretreatment.uf_pumps[3] - Adding minimum uptime/downtime constraints.
2026-05-05 09:05:17 [INFO] idaes.apps.grid_integration.pricetaker.price_taker_model: Created startup/shutdown constraints for operation model  pretreatment.uf_pumps[3] at uf_pumps_3_startup_shutdown.
2026-05-05 09:05:17 [INFO] idaes.apps.grid_integration.pricetaker.price_taker_model: Found minimum uptime/downtime data for reverse_osmosis.ro_skid[1] - Adding minimum uptime/downtime constraints.
2026-05-05 09:05:17 [INFO] idaes.apps.grid_integration.pricetaker.price_taker_model: Created startup/shutdown constraints for operation model  reverse_osmosis.ro_skid[1] at ro_skid_1_startup_shutdown.
2026-05-05 09:05:17 [INFO] idaes.apps.grid_integration.pricetaker.price_taker_model: Found minimum uptime/downtime data for reverse_osmosis.ro_skid[2] - Adding minimum uptime/downtime constraints.
2026-05-05 09:05:17 [INFO] idaes.apps.grid_integration.pricetaker.price_taker_model: Created startup/shutdown constraints for operation model  reverse_osmosis.ro_skid[2] at ro_skid_2_startup_shutdown.
2026-05-05 09:05:17 [INFO] idaes.apps.grid_integration.pricetaker.price_taker_model: Found minimum uptime/downtime data for reverse_osmosis.ro_skid[3] - Adding minimum uptime/downtime constraints.
2026-05-05 09:05:17 [INFO] idaes.apps.grid_integration.pricetaker.price_taker_model: Created startup/shutdown constraints for operation model  reverse_osmosis.ro_skid[3] at ro_skid_3_startup_shutdown.
2026-05-05 09:05:17 [INFO] idaes.apps.grid_integration.pricetaker.price_taker_model: Found minimum uptime/downtime data for reverse_osmosis.ro_skid[4] - Adding minimum uptime/downtime constraints.
2026-05-05 09:05:17 [INFO] idaes.apps.grid_integration.pricetaker.price_taker_model: Created startup/shutdown constraints for operation model  reverse_osmosis.ro_skid[4] at ro_skid_4_startup_shutdown.
4029
Set parameter TokenServer to value "10.60.1.73"
Set parameter LogToConsole to value 1
Set parameter MIPGap to value 0.01
Gurobi Optimizer version 12.0.3 build v12.0.3rc0 (linux64 - "Red Hat Enterprise Linux 8.8 (Ootpa)")

CPU model: Intel(R) Xeon(R) Platinum 8470QL, instruction set [SSE2|AVX|AVX2|AVX512]
Thread count: 104 physical cores, 104 logical processors, using up to 32 threads

Non-default parameters:
MIPGap  0.01

Optimize a model with 18286 rows, 16971 columns and 49671 nonzeros
Model fingerprint: 0xc436bee6
Model has 2352 quadratic constraints
Variable types: 11595 continuous, 5376 integer (5376 binary)
Coefficient statistics:
  Matrix range     [3e-02, 1e+04]
  QMatrix range    [2e-07, 1e+00]
  QLMatrix range   [3e-04, 1e+00]
  Objective range  [1e-05, 5e-04]
  Bounds range     [1e+00, 1e+04]
  RHS range        [1e+00, 3e+05]
  QRHS range       [3e-01, 5e-01]
Presolve removed 8766 rows and 9625 columns
Presolve time: 0.10s
Presolved: 17752 rows, 7347 columns, 44204 nonzeros
Presolved model has 2352 bilinear constraint(s)

Solving non-convex MIQCP

Variable types: 4035 continuous, 3312 integer (3312 binary)

Root relaxation: objective 8.186665e+00, 26784 iterations, 2.47 seconds (3.45 work units)

    Nodes    |    Current Node    |     Objective Bounds      |     Work
 Expl Unexpl |  Obj  Depth IntInf | Incumbent    BestBd   Gap | It/Node Time

     0     0    8.18666    0 3503          -    8.18666      -     -    3s
     0     0    9.12809    0 3739          -    9.12809      -     -    3s
     0     0   10.01247    0 3503          -   10.01247      -     -    5s
     0     0   10.06550    0 3549          -   10.06550      -     -    5s
     0     0   10.14535    0 3360          -   10.14535      -     -    6s
     0     0   10.17198    0 3334          -   10.17198      -     -    7s
     0     0   10.21121    0 3619          -   10.21121      -     -    8s
     0     0   10.22274    0 3598          -   10.22274      -     -    8s
     0     0   10.25676    0 3683          -   10.25676      -     -    9s
     0     0   10.26135    0 3655          -   10.26135      -     -   10s
     0     0   10.60068    0 3735          -   10.60068      -     -   12s
     0     0   10.60247    0 3609          -   10.60247      -     -   13s
     0     0   10.61058    0 3226          -   10.61058      -     -   14s
     0     0   10.61225    0 3156          -   10.61225      -     -   15s
     0     0   10.61485    0 3135          -   10.61485      -     -   15s
     0     0   10.61823    0 2894          -   10.61823      -     -   16s
     0     2   10.61823    0 2894          -   10.61823      -     -   27s
    15    22   10.76700    4 2853          -   10.70218      -  2418   31s
    27    34   10.79927    5 2829          -   10.70621      -  2498   35s
   147   117   10.93524    8 2728          -   10.70667      -  3955   45s
   230   170 infeasible   12               -   10.71028      -  4246   53s
   307   221 infeasible   12               -   10.71034      -  3625   56s
   485   351   10.74657   17 2747          -   10.71121      -  3272   62s
   588   418   10.74705   18 2758          -   10.71503      -  3073   65s
   931   592   10.74707   18 2772          -   10.71503      -  2530   72s
  1043   659   10.74814   21 2775          -   10.71503      -  2446   75s
  1150   739   10.74865   21 2766          -   10.71503      -  2433   82s
  1286   797   10.75755   22 2751          -   10.71503      -  2338   85s
  1521   943   10.75915   24 2764          -   10.71503      -  2384   91s
  1686  1043   10.76189   23 2721          -   10.71503      -  2312   95s
  2080  1216   10.75090   27 2663          -   10.71503      -  2217  103s
  2277  1357 infeasible   30               -   10.71503      -  2150  107s
  2488  1490   10.75625   30 2633          -   10.71503      -  2081  111s
  2677  1640   10.75736   31 2663          -   10.71503      -  2060  115s
  3213  2094   10.75981   37 2649          -   10.71503      -  1940  122s
  3516  2296   10.76035   37 2648          -   10.71503      -  1868  125s
  4105  2758   10.76141   40 2626          -   10.71503      -  1799  132s
  4492  2974   10.76234   42 2680          -   10.71503      -  1734  138s
  4800  3318 infeasible   49               -   10.71503      -  1726  141s
  5713  3995   10.76662   52 2470          -   10.71503      -  1588  148s
  6073  4253   10.76889   53 2485          -   10.71503      -  1562  152s
  6465  4524   10.76748   54 2556          -   10.71503      -  1542  159s
  6791  4931   10.76901   58 2551          -   10.71503      -  1549  163s
  7297  5340   10.77087   60 2560          -   10.71503      -  1507  167s
  7852  5700   10.77130   59 2562          -   10.71503      -  1472  171s
  8296  6072   10.77266   63 2545          -   10.71503      -  1460  176s
  9456  7100   10.77733   64 2512          -   10.71503      -  1392  183s
 10118  7698 infeasible   68               -   10.71503      -  1355  188s
 10840  8331 infeasible   70               -   10.71503      -  1319  192s
 11595  9110   10.78047   70 2523          -   10.71503      -  1287  196s
 12522  9903   10.78147   72 2472          -   10.71503      -  1242  201s
 13445 10469   10.78163   73 2456          -   10.71503      -  1206  206s
 14157 10996   10.78182   75 2427          -   10.71503      -  1203  210s
 14824 10997   10.82435  126 1062          -   10.71503      -  1208  218s
 14826 10998   10.74600   54 1682          -   10.71503      -  1208  222s
 14828 11000   10.99096  304 1164          -   10.71503      -  1208  226s
 14829 11000   10.81561   21 1162          -   10.71503      -  1207  230s
 14832 11002   10.84971  153 1131          -   10.71503      -  1207  235s
 14835 11004   10.82488  137 1139          -   10.71503      -  1207  240s
 14839 11007   11.11385  149 1104          -   10.71503      -  1207  245s
 14845 11011   10.83721   55 1101          -   10.71503      -  1206  252s
 14848 11013   11.05881  191 1090          -   10.72351      -  1206  255s
 14854 11017   11.17732  206 1096          -   10.72364      -  1205  260s
 14860 11021   10.88067   70 1125          -   10.72681      -  1205  265s
 14866 11025   11.00500  337 1094          -   10.73787      -  1204  270s
 14875 11031   11.03297  273 1070          -   10.74128      -  1204  275s
 14887 11039   10.82049   11 1079          -   10.74325      -  1203  280s
 14892 11043   10.85323   50 1201          -   10.74325      -  1210  288s
 14893 11044   10.85870  128 1395          -   10.74325      -  1210  292s
 14895 11045   10.88047  188 1140          -   10.76833      -  1210  297s
 14897 11047   10.82509  136 1165          -   10.78605      -  1210  301s
 14901 11049   11.16422   57 1110          -   10.80006      -  1209  306s
 14906 11053   10.85511   58 1081          -   10.81353      -  1209  311s
 14909 11055   10.94461  144 1114          -   10.82079      -  1209  315s
 14916 11059   10.88982   41 1087          -   10.82757      -  1208  320s
 14921 11063   10.95249  177 1103          -   10.82963      -  1208  325s
 14928 11067   10.99096  304 1162          -   10.84186      -  1207  330s
 14937 11073   10.90617   64 1122          -   10.84263      -  1206  335s
 14942 11077   10.84274   71 1118          -   10.84274      -  1206  367s
 14946 11080   10.97856   78  793          -   10.94790      -  1213  370s
 14951 11084   11.13917   12  865          -   11.13917      -  1213  376s
 14957 11088   11.18392   57  798          -   11.18392      -  1213  380s
 14969 11096   11.21887   48  835          -   11.21887      -  1212  385s
 14985 11106   11.21887   49  827          -   11.21887      -  1210  390s
 14998 11117   11.21887  283  945          -   11.21887      -  1212  395s
 15005 11121   11.21887  162  791          -   11.21887      -  1212  400s
 15017 11129   11.21887   32  770          -   11.21887      -  1211  405s
 15028 11138   11.21887  304  840          -   11.21887      -  1213  410s
 15035 11142   11.21887  137  805          -   11.21887      -  1212  415s
 15044 11148   11.24156  351  835          -   11.24156      -  1211  420s
 15052 11154   11.24157  279  796          -   11.24157      -  1211  425s
 15064 11162   11.24157  271  818          -   11.24157      -  1210  430s
 15076 11171   11.24157   77  815          -   11.24157      -  1213  435s
 15080 11173   11.24157  174  818          -   11.24157      -  1212  440s
 15088 11179   11.24157  105  808          -   11.24157      -  1212  445s
 15094 11183   11.27557  213  829          -   11.24157      -  1211  481s
H15094 10623                      11.4487588   11.24157  1.81%  1211  492s
H15094 10091                      11.4482588   11.24157  1.81%  1211  492s
 15096 10095   11.38472   70 2383   11.44826   11.24157  1.81%  1215  540s
 15098 10096     cutoff   71        11.44826   11.24157  1.81%  1216  548s
 15102 10098   11.24513   72 2306   11.44826   11.24157  1.81%  1217  550s
 15117 10112   11.32213   74 2244   11.44826   11.24416  1.78%  1218  557s
 15132 10125   11.42349   75 2166   11.44826   11.24478  1.78%  1221  566s
 15160 10202   11.42375   76 2175   11.44826   11.24499  1.78%  1223  570s
 15327 10315   11.42524   81 2183   11.44826   11.24509  1.77%  1250  577s
 15567 10437   11.42622   87 2194   11.44826   11.24509  1.77%  1247  581s
H15676  9998                      11.4482582   11.24509  1.77%  1242  582s
H15727  9502                      11.4299669   11.24509  1.62%  1240  582s
 15882  9587     cutoff   94        11.42997   11.24509  1.62%  1232  586s
H15944  9110                      11.4149162   11.24509  1.49%  1228  586s
H15947  8676                      11.4144162   11.24509  1.48%  1228  586s
H16057  8339                      11.4139162   11.24509  1.48%  1222  588s
 16215  8451   11.29595   94 2182   11.41392   11.24509  1.48%  1213  590s
 16736  8812   11.31385  116 2173   11.41392   11.24509  1.48%  1182  596s
 17141  9042   11.31710  138 2124   11.41392   11.24527  1.48%  1161  600s
H17147  8649                      11.4139162   11.24527  1.48%  1161  600s
H17157  8275                      11.4137476   11.24527  1.48%  1160  600s
H17257  7889                      11.4137428   11.24527  1.48%  1154  600s
H17277  7576                      11.4112428   11.24527  1.45%  1153  602s
H17503  7320                      11.4112413   11.24527  1.45%  1141  603s
 17717  7546   11.31817  164 2120   11.41124   11.24527  1.45%  1129  605s
 18025  7756   11.32057  184 2089   11.41124   11.24527  1.45%  1115  613s
 18184  7887   11.32102  195 2103   11.41124   11.24527  1.45%  1109  617s
 18553  8111   11.32318  221 2041   11.41124   11.24527  1.45%  1092  623s
H18672  7759                      11.4104892   11.24527  1.45%  1088  623s
 18734  7882   11.32478  232 2021   11.41049   11.24527  1.45%  1088  625s
 19059  8090   11.32690  252 2023   11.41049   11.24527  1.45%  1082  631s
H19078  7797                      11.4104872   11.24527  1.45%  1082  631s
 19404  8021   11.32966  275 1889   11.41049   11.24533  1.45%  1072  635s
 19802  8297   11.32126  112 2145   11.41049   11.24533  1.45%  1063  642s
H19997  7959                      11.4104871   11.24533  1.45%  1056  642s
 20304  8111   11.32186  121 2102   11.41049   11.24533  1.45%  1048  647s
 20339  8129   11.32317  121 2107   11.41049   11.24533  1.45%  1047  650s
 20377  8151   11.32186  122 2094   11.41049   11.24533  1.45%  1048  656s
 20417  8190   11.32186  123 2094   11.41049   11.24533  1.45%  1050  660s
 20657  8602   11.32197  125 2082   11.41049   11.24533  1.45%  1042  665s
 21597  9651   11.32245  126 2113   11.41049   11.24533  1.45%  1007  670s
 23229 10991   11.32265  126 2122   11.41049   11.24533  1.45%   950  675s
 24294 11700   11.32245  128 2109   11.41049   11.24533  1.45%   917  680s
 26762 13329   11.32419  159 2064   11.41049   11.24533  1.45%   850  686s
 28006 14093   11.32592  174 2021   11.41049   11.24533  1.45%   822  693s
 29244 15502   11.32760  198 2004   11.41049   11.24533  1.45%   798  699s
 31138 15967   11.32954  257 1941   11.41049   11.24533  1.45%   763  702s
 32092 16830   11.32994  259 1961   11.41049   11.24551  1.45%   746  705s
 32996 17606   11.33136  269 1908   11.41049   11.24551  1.45%   731  711s
 34726 19347   11.33409  303 1892   11.41049   11.24554  1.45%   705  717s
 35685 20255   11.33553  323 1865   11.41049   11.24554  1.45%   691  722s
 36621 21660   11.33717  353 1824   11.41049   11.24561  1.44%   679  726s
 39630 24756   11.34070  401 1771   11.41049   11.24561  1.44%   638  731s
 42827 27131   11.34430  429 1736   11.41049   11.24561  1.44%   601  737s
 45209 29769 infeasible  437        11.41049   11.24561  1.44%   581  743s
 46635 31365   11.34628  438 1743   11.41049   11.24561  1.44%   570  747s
 48358 33079 infeasible  435        11.41049   11.24561  1.44%   558  751s
 51759 35518   11.35583  465 1750   11.41049   11.24562  1.44%   534  758s
 52876 37394 infeasible  466        11.41049   11.24563  1.44%   531  761s
 54835 37743   11.25201  107 2189   11.41049   11.24568  1.44%   517  766s
 55198 39812   11.25201  108 2186   11.41049   11.24568  1.44%   516  770s
 59483 41728   11.25586  303 1062   11.41049   11.24570  1.44%   492  842s
 59487 41731   11.33288  207  916   11.41049   11.24570  1.44%   492  845s
 59488 41731   11.26088  297  829   11.41049   11.24570  1.44%   492  851s
 59490 41733   11.25586  301  798   11.41049   11.24570  1.44%   492  856s
 59492 41734   11.29143  491  787   11.41049   11.24570  1.44%   492  862s
 59494 41735   11.32662  264  765   11.41049   11.24570  1.44%   492  865s
 59497 41737   11.32570  230  782   11.41049   11.24570  1.44%   492  870s
 59500 41739   11.39966  566  764   11.41049   11.24570  1.44%   492  877s
 59502 41741   11.29247  352  768   11.41049   11.24570  1.44%   492  880s
 59505 41743   11.27961  330  764   11.41049   11.24570  1.44%   492  885s
 59508 41745   11.38599  811  767   11.41049   11.24570  1.44%   491  891s
 59511 41747   11.38955  673  771   11.41049   11.24570  1.44%   491  896s
 59514 41749   11.37732  445  773   11.41049   11.24570  1.44%   491  901s
 59517 41751   11.29268  318  762   11.41049   11.24570  1.44%   491  906s
H59517 39662                      11.4104871   11.24570  1.44%   491  908s
 59520 39664   11.25560  191  774   11.41049   11.24570  1.44%   491  913s
 59521 39664   11.27605  505  773   11.41049   11.24570  1.44%   491  916s
 59522 39665   11.39944  396  773   11.41049   11.24570  1.44%   491  927s
 59523 39668   11.39524   84 2318   11.41049   11.24570  1.44%   492  980s
 59525 39670   11.39593   85 2271   11.41049   11.24570  1.44%   493  989s
 59528 39675   11.40269   86 2229   11.41049   11.24570  1.44%   493  996s
 59534 39679     cutoff   87        11.41049   11.24570  1.44%   494 1000s
 59546 39689   11.24648   88 2299   11.41049   11.24619  1.44%   495 1005s
 59596 39783   11.24678   90 2281   11.41049   11.24666  1.44%   497 1017s
 59683 39833   11.24712   91 2187   11.41049   11.24678  1.43%   502 1023s
 59766 39919   11.24743   92 2185   11.41049   11.24678  1.43%   507 1034s
 59889 40012   11.24929   97 2171   11.41049   11.24678  1.43%   510 1040s
H59974 37999                      11.4104871   11.24678  1.43%   510 1040s
 60256 38212   11.25190  103 2162   11.41049   11.24678  1.43%   509 1046s
 60503 38375   11.25330  109 2107   11.41049   11.24678  1.43%   509 1050s
 60683 38502   11.25420  114 2090   11.41049   11.24678  1.43%   509 1059s
 60782 38568   11.25424  116 2086   11.41049   11.24685  1.43%   509 1061s
 61007 38729   11.25583  119 2093   11.41049   11.24685  1.43%   508 1066s
 61266 38912   11.25632  126 2074   11.41049   11.24685  1.43%   507 1070s
 61726 39244   11.25637  130 2071   11.41049   11.24685  1.43%   505 1075s
 62285 39632   11.25789  137 2036   11.41049   11.24685  1.43%   503 1081s
 62515 39756   11.25809  143 2044   11.41049   11.24685  1.43%   502 1085s
 62905 39969   11.25897  148 2037   11.41049   11.24685  1.43%   502 1092s
 63288 40209   11.25960  152 2036   11.41049   11.24685  1.43%   501 1097s
 63490 40405   11.25930  159 2054   11.41049   11.24685  1.43%   501 1100s
 64325 41342   11.26054  176 2059   11.41049   11.24685  1.43%   499 1107s
 65042 41132   11.26100  191 2093   11.41049   11.24685  1.43%   495 1110s
 65076 41153   11.26123  192 2082   11.41049   11.24685  1.43%   496 1116s
 65147 41208   11.26156  193 2057   11.41049   11.24685  1.43%   497 1121s
 65325 41507   11.26169  193 2081   11.41049   11.24685  1.43%   497 1129s
 65573 41758   11.26184  193 2094   11.41049   11.24697  1.43%   496 1139s
 65929 42157   11.26124  194 2087   11.41049   11.24697  1.43%   495 1143s
 66458 42708   11.26210  210 2016   11.41049   11.24697  1.43%   493 1148s
 67219 43307   11.26301  239 1973   11.41049   11.24697  1.43%   490 1153s
 68116 43924   11.26353  250 1972   11.41049   11.24697  1.43%   486 1157s
 69076 44494   11.26326  254 1977   11.41049   11.24699  1.43%   483 1164s
 69996 45287   11.26492  283 1974   11.41049   11.24699  1.43%   480 1173s
 71152 45960   11.26620  309 1891   11.41049   11.24699  1.43%   476 1177s
 72344 46556   11.26697  322 1921   11.41049   11.24699  1.43%   472 1180s
 74555 48066   11.26913  364 1890   11.41049   11.24705  1.43%   466 1188s
 75757 48061   11.27076  384 1853   11.41049   11.24705  1.43%   463 1194s
 76203 49337   11.27060  389 1834   11.41049   11.24705  1.43%   463 1197s
 77738 49510   11.27188  412 1828   11.41049   11.24705  1.43%   458 1202s
 78524 50587   11.27275  422 1806   11.41049   11.24705  1.43%   457 1205s
 79961 51301   11.27463  457 1796   11.41049   11.24705  1.43%   453 1211s
 81194 52732   11.27562  485 1755   11.41049   11.24707  1.43%   451 1216s
 84846 54773   11.28268  528 1696   11.41049   11.24708  1.43%   440 1223s
 86522 56099   11.28640  570 1608   11.41049   11.24708  1.43%   436 1227s
 88497 58118   11.29280  595 1537   11.41049   11.24711  1.43%   430 1233s
 91353 58185   11.29629  615 1555   11.41049   11.24711  1.43%   423 1237s
 92482 59214   11.29684  618 1578   11.41049   11.24711  1.43%   422 1241s
 94010 59841   11.29945  635 1563   11.41049   11.24711  1.43%   419 1246s
 95278 60648   11.30359  665 1542   11.41049   11.24711  1.43%   418 1251s
 96736 61256   11.30653  681 1526   11.41049   11.24711  1.43%   417 1257s
 97978 62319   11.30960  692 1516   11.41049   11.24711  1.43%   416 1262s
 99564 63860   11.31742  737 1499   11.41049   11.24716  1.43%   414 1267s
 101760 65109   11.31754  745 1491   11.41049   11.24719  1.43%   411 1274s
 103924 65793   11.32510  765 1464   11.41049   11.24720  1.43%   408 1284s
 105539 66569   11.32505  786 1458   11.41049   11.24721  1.43%   407 1290s
 107049 67835   11.32669  816 1454   11.41049   11.24721  1.43%   407 1296s
 108963 69138   11.33708  830 1434   11.41049   11.24724  1.43%   405 1302s
 111039 71009   11.33873  845 1438   11.41049   11.24727  1.43%   403 1308s
 113766 71903   11.34287  854 1430   11.41049   11.24727  1.43%   399 1315s
 115816 73554   11.34282  869 1426   11.41049   11.24727  1.43%   398 1322s
 118539 74566   11.34666  899 1402   11.41049   11.24728  1.43%   395 1331s
 120937 77891   11.35190  919 1390   11.41049   11.24729  1.43%   396 1344s
 125240 81618 infeasible  928        11.41049   11.24734  1.43%   390 1352s
 130550 81998   11.35884  954 1327   11.41049   11.24734  1.43%   380 1359s
 132882 87583   11.36469  988 1295   11.41049   11.24735  1.43%   377 1367s
 139539 88889   11.36881 1006 1279   11.41049   11.24735  1.43%   365 1374s
 143335 90776   11.37018 1016 1297   11.41049   11.24735  1.43%   361 1379s
 146898 92532   11.37563 1030 1270   11.41049   11.24739  1.43%   359 1385s
 150089 96708   11.37720 1032 1263   11.41049   11.24740  1.43%   357 1395s
 155810 97743   11.37707 1032 1266   11.41049   11.24740  1.43%   353 1401s
 158901 100326   11.25176  122 2166   11.41049   11.24741  1.43%   352 1407s
 162711 101511   11.27655  200 1984   11.41049   11.24741  1.43%   349 1413s
 165507 103384   11.40243  288 1801   11.41049   11.24741  1.43%   348 1420s
 168752 105500   11.41005  325 1810   11.41049   11.24745  1.43%   347 1428s
 172272 108073   11.26428  144 2045   11.41049   11.24745  1.43%   345 1435s
 176304 111143   11.31205  295 1756   11.41049   11.24746  1.43%   343 1443s
 179802 115207   11.33587  420 1646   11.41049   11.24746  1.43%   341 1454s
 184612 117651     cutoff  689        11.41049   11.24748  1.43%   339 1462s
 187403 120422   11.40810  702 1527   11.41049   11.24748  1.43%   338 1470s
 190363 122654   11.26218  153 2046   11.41049   11.24749  1.43%   337 1478s
 192906 124501   11.31992  358 1781   11.41049   11.24749  1.43%   339 1488s
 195076 128264   11.36406  494 1703   11.41049   11.24749  1.43%   342 1500s
 199076 132449   11.24805  107 2236   11.41049   11.24752  1.43%   340 1513s
 203506 136592   11.25610  137 2174   11.41049   11.24752  1.43%   337 1521s
 207863 141570   11.37169  152 2134   11.41049   11.24752  1.43%   334 1528s
 212957 146443     cutoff  201        11.41049   11.24754  1.43%   329 1536s
 218033 149465   11.24877  165 2146   11.41049   11.24756  1.43%   326 1542s
 221192 151902   11.40087  274 1967   11.41049   11.24756  1.43%   325 1549s
 223771 155360     cutoff  310        11.41049   11.24756  1.43%   324 1555s
 227346 159847     cutoff  307        11.41049   11.24757  1.43%   323 1563s
 231962 165404   11.25522  130 2135   11.41049   11.24757  1.43%   320 1570s
 237661 169628   11.29374  246 1944   11.41049   11.24757  1.43%   314 1576s
 241975 177253   11.31834  376 1775   11.41049   11.24757  1.43%   311 1583s
 249710 181746   11.35517  673 1458   11.41049   11.24757  1.43%   304 1589s
 254313 185617   11.37193  776 1441   11.41049   11.24758  1.43%   300 1594s
 258304 188923   11.39845  894 1374   11.41049   11.24758  1.43%   297 1599s
 261821 191675   11.24799  105 2252   11.41049   11.24758  1.43%   295 1603s
 264763 194220   11.24822  122 2203   11.41049   11.24758  1.43%   293 1607s
 267492 196060   11.24974  141 2158   11.41049   11.24758  1.43%   292 1612s
 269614 198592   11.25098  173 2073   11.41049   11.24758  1.43%   291 1618s
 272444 203374   11.25499  227 2009   11.41049   11.24758  1.43%   290 1627s
 277937 205518   11.41006  305 1936   11.41049   11.24758  1.43%   288 1633s
 280455 207868   11.24808  116 2219   11.41049   11.24759  1.43%   287 1639s
 283168 210307   11.37720  165 2073   11.41049   11.24759  1.43%   287 1645s
 285893 213174   11.38825  195 2060   11.41049   11.24759  1.43%   287 1651s
 288969 215850     cutoff  265        11.41049   11.24759  1.43%   287 1658s
 291937 218932 infeasible  280        11.41049   11.24759  1.43%   287 1665s
 295329 221829   11.25677  140 2141   11.41049   11.24759  1.43%   286 1671s
 298456 226132   11.30614  231 2079   11.41049   11.24759  1.43%   286 1678s
 302912 229571   11.25029  107 2244   11.41049   11.24760  1.43%   285 1686s
 306560 234233   11.29275  180 2083   11.41049   11.24760  1.43%   284 1692s
 311458 238188   11.25090  108 2237   11.41049   11.24760  1.43%   282 1701s
 315657 241579   11.26956  163 2003   11.41049   11.24760  1.43%   281 1709s
 319419 244727   11.29303  256 1834   11.41049   11.24760  1.43%   280 1715s
 322789 247636   11.31273  376 1693   11.41049   11.24761  1.43%   279 1722s
 325934 250302   11.33872  570 1546   11.41049   11.24761  1.43%   278 1728s
 328796 255275   11.35175  662 1464   11.41049   11.24761  1.43%   277 1734s
 333936 260275   11.38129  835 1387   11.41049   11.24761  1.43%   274 1743s
 339418 263790 infeasible  922        11.41049   11.24761  1.43%   272 1752s
 343168 265999   11.25136  103 2226   11.41049   11.24762  1.43%   270 1757s
 345667 268906   11.25587  108 2209   11.41049   11.24762  1.43%   270 1763s
 348822 270956   11.26437  131 2175   11.41049   11.24762  1.43%   269 1769s
 351104 273912 infeasible  152        11.41049   11.24762  1.43%   269 1779s
 354372 276222     cutoff  215        11.41049   11.24762  1.43%   269 1784s
 356981 279414   11.24938  112 2238   11.41049   11.24763  1.43%   269 1791s
 360435 283388   11.26022  144 2100   11.41049   11.24763  1.43%   268 1798s
 364529 287140   11.28883  244 1876   11.41049   11.24763  1.43%   267 1806s
 368622 290328   11.32725  500 1572   11.41049   11.24763  1.43%   266 1815s
 372058 293162   11.36436  769 1372   11.41049   11.24764  1.43%   265 1821s
 375268 296170 infeasible  931        11.41049   11.24764  1.43%   265 1827s
 378421 298962   11.25034  131 2161   11.41049   11.24764  1.43%   265 1833s
 381539 301417   11.37864  162 2135   11.41049   11.24764  1.43%   264 1840s
 384259 304277   11.28156  180 2094   11.41049   11.24764  1.43%   264 1849s
 387444 307274 infeasible  209        11.41049   11.24764  1.43%   264 1856s
 390724 309660   11.25026  113 2217   11.41049   11.24764  1.43%   264 1865s
 393392 313875   11.25075  137 2142   11.41049   11.24764  1.43%   264 1872s
 397817 316924   11.25387  163 2068   11.41049   11.24764  1.43%   263 1880s
 401179 319562   11.25891  207 2004   11.41049   11.24765  1.43%   262 1887s
 404280 321546   11.26605  241 1984   11.41049   11.24765  1.43%   262 1894s
 406546 323217   11.26834  290 1895   11.41049   11.24765  1.43%   262 1900s
 408572 324589   11.27288  330 1838   11.41049   11.24766  1.43%   263 1908s
 410181 328046   11.27594  386 1761   11.41049   11.24766  1.43%   264 1916s
 413755 328381   11.28155  447 1712   11.41049   11.24766  1.43%   263 1932s
 414148 333879   11.27840  451 1683   11.41049   11.24766  1.43%   263 1940s
 419791 338600   11.29461  588 1529   11.41049   11.24766  1.43%   262 1947s
 424603 343290   11.30776  701 1359   11.41049   11.24766  1.43%   260 1956s
 429616 346398   11.33557  851 1281   11.41049   11.24766  1.43%   259 1963s
 432892 350080 infeasible  961        11.41049   11.24767  1.43%   258 1970s
 436790 352820   11.36305 1011 1250   11.41049   11.24767  1.43%   257 1976s
 439848 355514   11.38073 1043 1263   11.41049   11.24767  1.43%   257 1982s
 442757 358379   11.24915  125 2158   11.41049   11.24767  1.43%   256 1988s
 445739 361583   11.26145  162 2085   11.41049   11.24768  1.43%   255 1993s
 449127 365051   11.29659  246 1945   11.41049   11.24768  1.43%   255 2001s
 452727 368548   11.33843  406 1752   11.41049   11.24768  1.43%   254 2007s
 456498 371946   11.37293  573 1644   11.41049   11.24768  1.43%   253 2014s
 460238 372614   11.25013  115 2240   11.41049   11.24769  1.43%   253 2022s
 460959 374334   11.25017  116 2243   11.41049   11.24769  1.43%   253 2030s
 462921 378279   11.25017  117 2219   11.41049   11.24769  1.43%   252 2040s
 467251 382292   11.25634  139 2192   11.41049   11.24769  1.43%   252 2049s
 471556 385655     cutoff  332        11.41049   11.24769  1.43%   252 2058s
 475327 390148   11.25471  115 2174   11.41049   11.24770  1.43%   252 2067s
 480048 395690   11.37052  136 2095   11.41049   11.24770  1.43%   252 2074s
 485846 399445     cutoff  268        11.41049   11.24771  1.43%   251 2083s
 489872 402646   11.24901  108 2263   11.41049   11.24771  1.43%   251 2089s
 493326 405665   11.25087  117 2194   11.41049   11.24771  1.43%   251 2095s
 496500 409215   11.25087  118 2185   11.41049   11.24771  1.43%   250 2103s
 500390 413126   11.26940  182 1996   11.41049   11.24771  1.43%   250 2109s
 504599 416927   11.29826  274 1834   11.41049   11.24771  1.43%   249 2121s
 508691 419791   11.31484  410 1656   11.41049   11.24771  1.43%   248 2128s
 511909 422451   11.33633  626 1465   11.41049   11.24771  1.43%   248 2136s
 514855 424455   11.39046  925 1341   11.41049   11.24771  1.43%   247 2150s
 517234 428744   11.40262  948 1351   11.41049   11.24771  1.43%   248 2162s
 521867 433217   11.24807  134 2228   11.41049   11.24772  1.43%   248 2172s
 526747 436494   11.25607  261 2016   11.41049   11.24772  1.43%   248 2185s
 530260 440185   11.25024  111 2265   11.41049   11.24772  1.43%   248 2193s
 534257 443283   11.26218  142 2163   11.41049   11.24772  1.43%   248 2200s
 537466 447947   11.29976  262 1915   11.41049   11.24772  1.43%   248 2208s
 542299 451806   11.33006  429 1697   11.41049   11.24772  1.43%   247 2215s
 546404 454941   11.38373  737 1503   11.41049   11.24772  1.43%   247 2222s
 549985 457560   11.40297  778 1506   11.41049   11.24772  1.43%   247 2229s
 552895 461062   11.40563  784 1512   11.41049   11.24772  1.43%   247 2238s
 556548 464289   11.24816  110 2288   11.41049   11.24773  1.43%   246 2246s
 559962 469343   11.25397  128 2223   11.41049   11.24773  1.43%   246 2253s
 565150 474343   11.26705  171 2084   11.41049   11.24773  1.43%   245 2259s
 570288 478629   11.27527  201 1983   11.41049   11.24773  1.43%   244 2266s
 574737 483399   11.30557  323 1810   11.41049   11.24773  1.43%   243 2271s
 579658 488421   11.31521  402 1695   11.41049   11.24773  1.43%   242 2278s
 585013 490885   11.32643  491 1627   11.41049   11.24773  1.43%   241 2283s
 587687 494667   11.33673  580 1590   11.41049   11.24773  1.43%   241 2290s
 591642 498358   11.37969  916 1354   11.41049   11.24773  1.43%   240 2296s
 595609 501763   11.36114  107 2107   11.41049   11.24774  1.43%   240 2302s
 599295 504837   11.36794  129 2110   11.41049   11.24774  1.43%   239 2306s
 602565 507547   11.38135  170 2041   11.41049   11.24774  1.43%   239 2311s
 605541 510412   11.40192  245 1871   11.41049   11.24774  1.43%   238 2316s
 608703 514708   11.40969  299 1811   11.41049   11.24774  1.43%   238 2324s
 613462 517650     cutoff  313        11.41049   11.24774  1.43%   238 2330s
 616785 520492   11.40998  325 1744   11.41049   11.24774  1.43%   237 2337s
 619981 522815   11.25189  110 2227   11.41049   11.24774  1.43%   237 2343s
 622534 526597   11.25939  125 2147   11.41049   11.24774  1.43%   237 2355s
 626577 530274   11.28302  162 2115   11.41049   11.24774  1.43%   236 2361s
 630468 534728   11.41033  281 1880   11.41049   11.24774  1.43%   236 2368s
 635141 537630   11.25122  121 2183   11.41049   11.24774  1.43%   235 2373s
 638244 542158   11.25493  133 2139   11.41049   11.24774  1.43%   235 2380s
 643232 544739   11.27400  198 2023   11.41049   11.24774  1.43%   234 2386s
 646189 547648   11.29082  254 1906   11.41049   11.24774  1.43%   234 2393s
 649485 550668   11.30917  370 1723   11.41049   11.24774  1.43%   234 2398s
 652781 553468   11.32366  484 1623   11.41049   11.24774  1.43%   234 2404s
 655830 556022   11.37241  728 1552   11.41049   11.24775  1.43%   234 2410s
 658539 559953   11.40452  802 1570   11.41049   11.24775  1.43%   234 2417s
 662674 563589   11.25806  130 2196   11.41049   11.24775  1.43%   233 2422s
 666553 566919   11.26712  164 2047   11.41049   11.24775  1.43%   233 2428s
 670041 570832   11.27562  200 1979   11.41049   11.24775  1.43%   233 2436s
 674212 573526   11.27921  222 1936   11.41049   11.24775  1.43%   233 2444s
 677315 575661   11.28324  264 1861   11.41049   11.24775  1.43%   233 2451s
 679888 577014   11.28728  309 1751   11.41049   11.24776  1.43%   233 2457s
 681567 579816   11.28950  333 1734   11.41049   11.24776  1.43%   233 2469s
 684754 582450   11.29430  364 1732   11.41049   11.24776  1.43%   234 2477s
 687639 585627   11.29807  403 1658   11.41049   11.24776  1.43%   234 2486s
 691044 589019   11.30231  462 1610   11.41049   11.24776  1.43%   234 2495s
 694793 591309   11.30717  510 1609   11.41049   11.24776  1.43%   234 2502s
 697320 595493   11.30900  539 1584   11.41049   11.24777  1.43%   234 2511s
 701724 598912   11.31655  598 1545   11.41049   11.24777  1.43%   234 2518s
 705267 603249   11.31491  624 1500   11.41049   11.24777  1.43%   234 2526s
 709865 604385   11.31549  641 1482   11.41049   11.24777  1.43%   233 2532s
 711107 608655   11.31632  670 1454   11.41049   11.24777  1.43%   233 2538s
 715517 611822   11.32187  731 1449   11.41049   11.24777  1.43%   232 2545s
 718878 615812   11.32232  733 1462   11.41049   11.24777  1.43%   232 2550s
 723018 619675   11.32381  734 1434   11.41049   11.24777  1.43%   232 2558s
 726976 624129   11.32560  758 1455   11.41049   11.24777  1.43%   231 2563s
 731604 628009   11.32918  807 1403   11.41049   11.24777  1.43%   231 2570s
 735865 631272   11.33588  887 1359   11.41049   11.24777  1.43%   230 2577s
 739394 634583   11.34225  932 1365   11.41049   11.24777  1.43%   230 2584s
 742913 637988   11.34679  978 1381   11.41049   11.24777  1.43%   230 2589s
 746469 642624   11.35117 1028 1313   11.41049   11.24777  1.43%   230 2596s
 751221 646403   11.36049 1082 1267   11.41049   11.24777  1.43%   229 2602s
 755155 650503   11.36526 1104 1245   11.41049   11.24777  1.43%   229 2608s
 759474 653802   11.37050 1129 1235   11.41049   11.24777  1.43%   228 2613s
 763062 658699 infeasible 1153        11.41049   11.24777  1.43%   228 2621s
 768442 661096   11.25267  117 2231   11.41049   11.24777  1.43%   227 2628s
 771157 664353   11.26142  151 2124   11.41049   11.24777  1.43%   227 2633s
 774664 667321   11.27182  179 2084   11.41049   11.24777  1.43%   227 2640s
 777986 669398   11.40994  236 1978   11.41049   11.24778  1.43%   227 2646s
 780571 672525   11.24798   93 2296   11.41049   11.24778  1.43%   227 2653s
 784054 675081   11.25065  101 2277   11.41049   11.24778  1.43%   227 2658s
 786883 677446   11.26023  134 2140   11.41049   11.24778  1.43%   227 2670s
 789543 680398   11.26024  136 2132   11.41049   11.24778  1.43%   227 2680s
 792753 683446   11.26680  166 2059   11.41049   11.24778  1.43%   227 2687s
[2026-05-05T09:50:11.150] error: *** JOB 13639932 ON x1000c0s3b0n0 CANCELLED AT 2026-05-05T09:50:11 DUE TO TIME LIMIT ***
