2026-05-01 09:31:23 [INFO] idaes.apps.grid_integration.pricetaker.price_taker_model: Found minimum uptime/downtime data for pretreatment.uf_pumps[1] - Adding minimum uptime/downtime constraints.
2026-05-01 09:31:23 [INFO] idaes.apps.grid_integration.pricetaker.price_taker_model: Created startup/shutdown constraints for operation model  pretreatment.uf_pumps[1] at uf_pumps_1_startup_shutdown.
2026-05-01 09:31:23 [INFO] idaes.apps.grid_integration.pricetaker.price_taker_model: Found minimum uptime/downtime data for pretreatment.uf_pumps[2] - Adding minimum uptime/downtime constraints.
2026-05-01 09:31:23 [INFO] idaes.apps.grid_integration.pricetaker.price_taker_model: Created startup/shutdown constraints for operation model  pretreatment.uf_pumps[2] at uf_pumps_2_startup_shutdown.
2026-05-01 09:31:23 [INFO] idaes.apps.grid_integration.pricetaker.price_taker_model: Found minimum uptime/downtime data for pretreatment.uf_pumps[3] - Adding minimum uptime/downtime constraints.
2026-05-01 09:31:23 [INFO] idaes.apps.grid_integration.pricetaker.price_taker_model: Created startup/shutdown constraints for operation model  pretreatment.uf_pumps[3] at uf_pumps_3_startup_shutdown.
2026-05-01 09:31:23 [INFO] idaes.apps.grid_integration.pricetaker.price_taker_model: Found minimum uptime/downtime data for reverse_osmosis.ro_skid[1] - Adding minimum uptime/downtime constraints.
2026-05-01 09:31:23 [INFO] idaes.apps.grid_integration.pricetaker.price_taker_model: Created startup/shutdown constraints for operation model  reverse_osmosis.ro_skid[1] at ro_skid_1_startup_shutdown.
2026-05-01 09:31:23 [INFO] idaes.apps.grid_integration.pricetaker.price_taker_model: Found minimum uptime/downtime data for reverse_osmosis.ro_skid[2] - Adding minimum uptime/downtime constraints.
2026-05-01 09:31:23 [INFO] idaes.apps.grid_integration.pricetaker.price_taker_model: Created startup/shutdown constraints for operation model  reverse_osmosis.ro_skid[2] at ro_skid_2_startup_shutdown.
2026-05-01 09:31:23 [INFO] idaes.apps.grid_integration.pricetaker.price_taker_model: Found minimum uptime/downtime data for reverse_osmosis.ro_skid[3] - Adding minimum uptime/downtime constraints.
2026-05-01 09:31:23 [INFO] idaes.apps.grid_integration.pricetaker.price_taker_model: Created startup/shutdown constraints for operation model  reverse_osmosis.ro_skid[3] at ro_skid_3_startup_shutdown.
2026-05-01 09:31:23 [INFO] idaes.apps.grid_integration.pricetaker.price_taker_model: Found minimum uptime/downtime data for reverse_osmosis.ro_skid[4] - Adding minimum uptime/downtime constraints.
2026-05-01 09:31:23 [INFO] idaes.apps.grid_integration.pricetaker.price_taker_model: Created startup/shutdown constraints for operation model  reverse_osmosis.ro_skid[4] at ro_skid_4_startup_shutdown.
3865
Set parameter TokenServer to value "10.60.1.73"
Set parameter LogToConsole to value 1
Set parameter MIPGap to value 0.01
Gurobi Optimizer version 12.0.3 build v12.0.3rc0 (linux64 - "Red Hat Enterprise Linux 8.8 (Ootpa)")

CPU model: Intel(R) Xeon(R) Platinum 8470QL, instruction set [SSE2|AVX|AVX2|AVX512]
Thread count: 104 physical cores, 104 logical processors, using up to 32 threads

Non-default parameters:
MIPGap  0.01

Optimize a model with 17453 rows, 16139 columns and 48509 nonzeros
Model fingerprint: 0xdfcf5e0e
Model has 2352 quadratic constraints
Model has 1 general nonlinear constraint (0 nonlinear terms)
Variable types: 10929 continuous, 5210 integer (5210 binary)
Coefficient statistics:
  Matrix range     [2e-02, 2e+03]
  QMatrix range    [2e-07, 1e+00]
  QLMatrix range   [3e-04, 1e+00]
  Objective range  [1e+00, 1e+00]
  Bounds range     [1e+00, 1e+03]
  RHS range        [1e+00, 3e+05]
  QRHS range       [3e-01, 5e-01]
Presolve model has 1 nlconstr
Added 4 variables to disaggregate expressions.
Presolve removed 7068 rows and 7592 columns
Presolve time: 0.10s
Presolved: 18638 rows, 8552 columns, 47823 nonzeros
Presolved model has 2354 bilinear constraint(s)
Presolved model has 2 nonlinear constraint(s)

Solving non-convex MINLP

Variable types: 5049 continuous, 3503 integer (3503 binary)
Found heuristic solution: objective 12.0739725

Root relaxation: objective 9.228098e+00, 33105 iterations, 3.59 seconds (4.95 work units)

    Nodes    |    Current Node    |     Objective Bounds      |     Work
 Expl Unexpl |  Obj  Depth IntInf | Incumbent    BestBd   Gap | It/Node Time

     0     0    9.22810    0 3207   12.07397    9.22810  23.6%     -    4s
     0     0   10.23646    0 3341   12.07397   10.23646  15.2%     -    4s
     0     0   10.97351    0 3209   12.07397   10.97351  9.11%     -    7s
     0     0   11.12455    0 3327   12.07397   11.12455  7.86%     -    9s
     0     0   11.17816    0 3401   12.07397   11.17816  7.42%     -   11s
     0     0   11.19744    0 3568   12.07397   11.19744  7.26%     -   13s
     0     0   11.39033    0 3486   12.07397   11.39033  5.66%     -   20s
     0     0   11.41706    0 3658   12.07397   11.41706  5.44%     -   23s
     0     0   11.42880    0 3418   12.07397   11.42880  5.34%     -   25s
     0     0   11.43376    0 3443   12.07397   11.43376  5.30%     -   27s
     0     0   11.43723    0 3447   12.07397   11.43723  5.27%     -   29s
     0     0   11.43881    0 3453   12.07397   11.43881  5.26%     -   30s
     0     0   11.43990    0 3425   12.07397   11.43990  5.25%     -   31s
     0     0   11.44017    0 3343   12.07397   11.44017  5.25%     -   32s
     0     2   11.44017    0 3336   12.07397   11.44017  5.25%     -   35s
     1     4   11.51341    1 3381   12.07397   11.44017  5.25%  5373   42s
     3     8   11.51819    2 3383   12.07397   11.46963  5.01% 14503   47s
     7    15   11.51894    3 3398   12.07397   11.47064  5.00%  8615   57s
    14    30   11.52008    4 3461   12.07397   11.47081  5.00%  6770   60s
    29    55   11.53537    5 3376   12.07397   11.47124  4.99%  5778   70s
    56    84   11.63305    6 3448   12.07397   11.47124  4.99%  5888   81s
    87   178   11.64179    7 3405   12.07397   11.47124  4.99%  5428   88s
   201   252   11.56532    7 3255   12.07397   11.47124  4.99%  4867   98s
   277   346   11.68405    9 3463   12.07397   11.47124  4.99%  4625  109s
   373   444   11.68072   10 3116   12.07397   11.47124  4.99%  4145  116s
   471   544   11.68891   11 3106   12.07397   11.47124  4.99%  3789  127s
   576   632   11.71754   12 3050   12.07397   11.47124  4.99%  3686  137s
   671   736   11.69507   12 3082   12.07397   11.47124  4.99%  3545  145s
   783   828   11.70605   13 3046   12.07397   11.47124  4.99%  3306  154s
   879   922   11.70628   14 3023   12.07397   11.47124  4.99%  3270  164s
   989  1041   11.71807   15 2971   12.07397   11.47124  4.99%  3260  176s
  1118  1164   11.73021   16 2968   12.07397   11.47124  4.99%  3115  184s
  1249  1288   11.75565   18 2877   12.07397   11.47124  4.99%  3029  192s
  1387  1423   11.78218   20 2846   12.07397   11.47124  4.99%  2964  202s
  1533  1569   11.87989   23 2646   12.07397   11.47124  4.99%  2897  210s
  1685  1731   11.89468   24 2832   12.07397   11.47124  4.99%  2929  223s
  1852  1935   11.84786   25 3033   12.07397   11.47124  4.99%  2867  230s
  2068  2127   11.92264   26 2966   12.07397   11.47124  4.99%  2737  240s
  2280  2329   11.94056   27 2839   12.07397   11.47124  4.99%  2657  249s
  2495  2534   12.02771   32 2526   12.07397   11.47124  4.99%  2647  259s
  2719  2724   12.02790   33 2515   12.07397   11.47124  4.99%  2613  266s
  2923  3015   12.03121   35 2456   12.07397   11.47124  4.99%  2615  276s
  3246  3259   12.03444   53 2427   12.07397   11.47124  4.99%  2494  282s
  3524  3502   12.03597   74 2380   12.07397   11.47147  4.99%  2429  288s
  3775  3812   12.03694   94 2305   12.07397   11.47147  4.99%  2407  298s
[2026-05-01T09:36:29.080] error: *** JOB 13596706 ON x1001c4s2b0n0 CANCELLED AT 2026-05-01T09:36:29 DUE TO TIME LIMIT ***
