2026-05-04 16:15:10 [INFO] idaes.apps.grid_integration.pricetaker.price_taker_model: Found minimum uptime/downtime data for pretreatment.uf_pumps[1] - Adding minimum uptime/downtime constraints.
2026-05-04 16:15:10 [INFO] idaes.apps.grid_integration.pricetaker.price_taker_model: Created startup/shutdown constraints for operation model  pretreatment.uf_pumps[1] at uf_pumps_1_startup_shutdown.
2026-05-04 16:15:10 [INFO] idaes.apps.grid_integration.pricetaker.price_taker_model: Found minimum uptime/downtime data for pretreatment.uf_pumps[2] - Adding minimum uptime/downtime constraints.
2026-05-04 16:15:10 [INFO] idaes.apps.grid_integration.pricetaker.price_taker_model: Created startup/shutdown constraints for operation model  pretreatment.uf_pumps[2] at uf_pumps_2_startup_shutdown.
2026-05-04 16:15:10 [INFO] idaes.apps.grid_integration.pricetaker.price_taker_model: Found minimum uptime/downtime data for pretreatment.uf_pumps[3] - Adding minimum uptime/downtime constraints.
2026-05-04 16:15:10 [INFO] idaes.apps.grid_integration.pricetaker.price_taker_model: Created startup/shutdown constraints for operation model  pretreatment.uf_pumps[3] at uf_pumps_3_startup_shutdown.
2026-05-04 16:15:10 [INFO] idaes.apps.grid_integration.pricetaker.price_taker_model: Found minimum uptime/downtime data for reverse_osmosis.ro_skid[1] - Adding minimum uptime/downtime constraints.
2026-05-04 16:15:10 [INFO] idaes.apps.grid_integration.pricetaker.price_taker_model: Created startup/shutdown constraints for operation model  reverse_osmosis.ro_skid[1] at ro_skid_1_startup_shutdown.
2026-05-04 16:15:10 [INFO] idaes.apps.grid_integration.pricetaker.price_taker_model: Found minimum uptime/downtime data for reverse_osmosis.ro_skid[2] - Adding minimum uptime/downtime constraints.
2026-05-04 16:15:10 [INFO] idaes.apps.grid_integration.pricetaker.price_taker_model: Created startup/shutdown constraints for operation model  reverse_osmosis.ro_skid[2] at ro_skid_2_startup_shutdown.
2026-05-04 16:15:10 [INFO] idaes.apps.grid_integration.pricetaker.price_taker_model: Found minimum uptime/downtime data for reverse_osmosis.ro_skid[3] - Adding minimum uptime/downtime constraints.
2026-05-04 16:15:10 [INFO] idaes.apps.grid_integration.pricetaker.price_taker_model: Created startup/shutdown constraints for operation model  reverse_osmosis.ro_skid[3] at ro_skid_3_startup_shutdown.
2026-05-04 16:15:10 [INFO] idaes.apps.grid_integration.pricetaker.price_taker_model: Found minimum uptime/downtime data for reverse_osmosis.ro_skid[4] - Adding minimum uptime/downtime constraints.
2026-05-04 16:15:10 [INFO] idaes.apps.grid_integration.pricetaker.price_taker_model: Created startup/shutdown constraints for operation model  reverse_osmosis.ro_skid[4] at ro_skid_4_startup_shutdown.
4033
Set parameter TokenServer to value "10.60.1.73"
Set parameter LogToConsole to value 1
Set parameter MIPGap to value 0.01
Gurobi Optimizer version 12.0.3 build v12.0.3rc0 (linux64 - "Red Hat Enterprise Linux 8.8 (Ootpa)")

CPU model: Intel(R) Xeon(R) Platinum 8470QL, instruction set [SSE2|AVX|AVX2|AVX512]
Thread count: 104 physical cores, 104 logical processors, using up to 32 threads

Non-default parameters:
MIPGap  0.01

Optimize a model with 18461 rows, 16979 columns and 51029 nonzeros
Model fingerprint: 0xb9ce9454
Model has 2352 quadratic constraints
Model has 1 general nonlinear constraint (0 nonlinear terms)
Variable types: 11601 continuous, 5378 integer (5378 binary)
Coefficient statistics:
  Matrix range     [2e-02, 1e+04]
  QMatrix range    [2e-07, 1e+00]
  QLMatrix range   [3e-04, 1e+00]
  Objective range  [1e+00, 1e+00]
  Bounds range     [1e+00, 1e+04]
  RHS range        [1e+00, 3e+05]
  QRHS range       [3e-01, 5e-01]
Presolve model has 1 nlconstr
Added 4 variables to disaggregate expressions.
Presolve removed 7404 rows and 7928 columns
Presolve time: 0.12s
Presolved: 19310 rows, 9056 columns, 49508 nonzeros
Presolved model has 2354 bilinear constraint(s)
Presolved model has 2 nonlinear constraint(s)

Solving non-convex MINLP

Variable types: 5385 continuous, 3671 integer (3671 binary)

Root relaxation: objective 4.053252e+00, 31135 iterations, 3.99 seconds (5.40 work units)

    Nodes    |    Current Node    |     Objective Bounds      |     Work
 Expl Unexpl |  Obj  Depth IntInf | Incumbent    BestBd   Gap | It/Node Time

     0     0    4.05325    0 3134          -    4.05325      -     -    4s
     0     0    5.00164    0 3383          -    5.00164      -     -    6s
     0     0    5.96903    0 3070          -    5.96903      -     -    8s
     0     0    6.02151    0 3183          -    6.02151      -     -    9s
     0     0    6.10354    0 3705          -    6.10354      -     -   10s
     0     0    6.11229    0 3643          -    6.11229      -     -   10s
     0     0    6.16287    0 3581          -    6.16287      -     -   12s
     0     0    6.17441    0 3592          -    6.17441      -     -   13s
     0     0    6.22190    0 3561          -    6.22190      -     -   14s
     0     0    6.22897    0 3485          -    6.22897      -     -   15s
     0     0    6.27049    0 3443          -    6.27049      -     -   16s
     0     0    6.55651    0 3470          -    6.55651      -     -   18s
     0     0    6.56164    0 3184          -    6.56164      -     -   20s
     0     0    6.56377    0 3116          -    6.56377      -     -   20s
     0     0    6.56634    0 3153          -    6.56634      -     -   21s
     0     0    6.56825    0 3027          -    6.56825      -     -   22s
     0     2    6.56825    0 3019          -    6.56825      -     -   25s
     7    14    6.64115    3 2919          -    6.58207      -  1389   30s
    29    46    6.71611    5 2880          -    6.58947      -  3788   38s
    53    70    7.12417    6 2951          -    6.58993      -  4246   41s
    85   110    7.22772    7 3046          -    6.59063      -  3377   47s
   133   154    7.29989    9 3081          -    6.59238      -  3230   51s
   237   215    7.81521   13 3047          -    6.59650      -  3169   57s
   332   254    8.14449   17 2940          -    6.59650      -  3557   61s
   431   274    8.19406   22 2902          -    6.59650      -  3639   67s
   525   312    8.27065   24 2922          -    6.59650      -  3831   71s
   621   336    8.33119   27 2892          -    6.59650      -  3455   76s
   721   387    8.44741   29 2909          -    6.59650      -  3185   81s
   822   417    8.50020   31 2915          -    6.59650      -  2982   85s
  1014   465    8.60793   33 2947          -    6.59650      -  2636   92s
  1128   494 infeasible   36               -    6.59650      -  2479   96s
  1227   536 infeasible   32               -    6.59650      -  2370  102s
  1339   641    6.66342   43 2900          -    6.59650      -  2277  105s
  1494   745    6.66617   45 2885          -    6.59650      -  2123  111s
  1648   879    6.66880   47 2892          -    6.59650      -  2039  117s
  1820  1002    6.67048   49 2877          -    6.59650      -  1955  122s
  1989  1184    6.67082   50 2838          -    6.59650      -  1875  127s
  2220  1306    6.67367   55 2825          -    6.59650      -  1762  133s
  2404  1464    6.67560   57 2827          -    6.59650      -  1692  138s
  2645  1565    6.70031   61 2827          -    6.59650      -  1605  143s
  2828  1596    6.69136   65 2803          -    6.59650      -  1564  149s
  2995  1656    6.69469   67 2795          -    6.61206      -  1538  156s
  3101  1786    6.69729   70 2779          -    6.61206      -  1533  163s
  3352  1920    6.70102   77 2786          -    6.61889      -  1481  169s
  3565  2017    6.70135   79 2750          -    6.61889      -  1462  178s
  3766  2107    6.70133   78 2699          -    6.61889      -  1462  184s
  3912  2366    6.70173   78 2773          -    6.61889      -  1474  191s
  4232  2368    6.70424   39 1443          -    6.61889      -  1434  197s
  4235  2370   11.57035   38 1157          -    6.61889      -  1433  202s
  4238  2372    6.97983   43 1121          -    6.61889      -  1432  205s
  4246  2378    6.78870   35 1170          -    6.62501      -  1429  210s
  4256  2384    6.76492   84 1095          -    6.63242      -  1426  215s
  4274  2396   11.00012   25 1147          -    6.63302      -  1420  224s
  4276  2399    6.66767   63 1623          -    6.63302      -  1435  225s
  4280  2402    6.72658   68 1123          -    6.64415      -  1434  231s
  4283  2404    6.73319   77 1108          -    6.67474      -  1433  235s
  4287  2406    6.68919   66 1036          -    6.68919      -  1432  240s
  4296  2412    6.80716   58 1029          -    6.69206      -  1429  245s
  4306  2419    6.71015  113 1086          -    6.69603      -  1425  250s
  4322  2430    6.72759   70 1048          -    6.69666      -  1420  291s
  4326  2433    6.96396   93  798          -    6.96396      -  1435  296s
  4346  2447    7.93155   35  806          -    7.93155      -  1428  300s
  4370  2464    7.94997   27  941          -    7.94997      -  1430  305s
  4390  2478    7.96867   42  782          -    7.96867      -  1423  310s
  4404  2488    7.96867   84  854          -    7.96867      -  1427  315s
  4433  2508    9.19262   20  791          -    7.96867      -  1417  320s
  4450  2520    8.83173   12  824          -    8.05069      -  1420  325s
  4481  2541    8.09417   32  792          -    8.09417      -  1410  330s
  4493  2550    8.09417   28  823          -    8.09417      -  1414  335s
  4516  2567    8.09417   59  974          -    8.09417      -  1415  341s
  4522  2571    8.09417   70  819          -    8.09417      -  1413  345s
  4542  2586   10.15596   48  837          -    8.09417      -  1414  350s
  4559  2597    8.09417   38  814          -    8.09417      -  1409  355s
  4571  2607   11.09632   25  793          -    8.09417      -  1413  360s
  4596  2624    8.09417   58  806          -    8.09417      -  1405  365s
  4604  2629    8.09417   84  805          -    8.09417      -  1403  400s
  4605  2630    8.09417   38  805          -    8.09417      -  1403  411s
  4606  2633    8.09417  110 2343          -    8.09417      -  1409  459s
  4608  2635    8.09417  111 2325          -    8.09417      -  1411  472s
  4612  2637    8.67564  112 2334          -    8.09417      -  1415  478s
  4618  2643 infeasible  113               -    8.48862      -  1422  481s
  4646  2678    8.48885  115 2292          -    8.48885      -  1423  486s
  4678  2705 infeasible  116               -    8.48885      -  1419  490s
  4722  2730    9.33184  116 2290          -    8.48966      -  1448  496s
  4876  2946    9.33784  119 2309          -    8.48966      -  1515  500s
  5384  3234    9.33968  123 2283          -    8.48966      -  1386  506s
  5607  3376    9.42054  125 2306          -    8.48966      -  1336  510s
  6536  4057    9.34279  132 2275          -    8.48966      -  1158  515s
  7637  4814    9.34519  142 2196          -    8.48966      -  1002  520s
  7970  4889    9.34663  145 2195          -    8.48966      -   964  526s
  8202  5166    9.34784  146 2171          -    8.48966      -   939  530s
 10012  6992    9.35161  152 2155          -    8.48966      -   781  535s
 13539  9936    9.35441  164 2140          -    8.48966      -   590  540s
 17959 14645    9.36018  175 2089          -    8.48966      -   455  545s
 21903 18568    9.36112  178 2107          -    8.48966      -   382  550s
 28718 25741    9.36424  189 2078          -    8.48966      -   304  555s
 35414 32227    9.36420  190 2062          -    8.48966      -   255  560s
 42629 39713    9.36622  199 2100          -    8.48966      -   218  565s
 48947 46391    9.37273  245 2029          -    8.48966      -   195  570s
 58016 55479    9.38032  275 1998          -    8.48966      -   170  576s
 60343 61632    9.42028  305 2051          -    8.48966      -   166  632s
 69669 68173    9.38560  325 1885          -    8.48966      -   149  635s
 76373 73948    9.38928  357 1840          -    8.48966      -   139  640s
 81398 78166    9.41194  356 1845          -    8.48966      -   134  646s
 87074 84886    9.41296  360 1808          -    8.49021      -   130  652s
 90640 92582    9.43500  361 2032          -    8.49503      -   127  656s
 98518 95469    9.38882  366 1925          -    8.49503      -   120  663s
 101415 98713    9.38882  364 1903          -    8.49503      -   118  665s
 107226 103627    9.43865  374 1869          -    8.49503      -   115  670s
 113298 107896    9.39604  382 1925          -    8.49503      -   113  676s
 116939 112135    9.39472  383 1920          -    8.49503      -   115  684s
 119899 116077    9.39268  381 1965          -    8.49503      -   115  687s
 124206 118665    9.39459  383 1916          -    8.49503      -   114  690s
 130781 124783    9.39483  384 1896          -    8.49503      -   113  698s
 133735 128097    9.39387  384 1930          -    8.49503      -   113  701s
 137259 131805    9.39551  384 1902          -    8.49503      -   112  705s
 143750 134354    9.39613  391 1873          -    8.49503      -   112  714s
 143869 138197    9.39699  392 1903          -    8.49503      -   113  717s
 148024 140187    9.40138  404 1933          -    8.49503      -   111  720s
 152319 148334    9.40187  408 1927          -    8.49503      -   112  730s
 162156 154900    9.41042  432 1853          -    8.49568      -   110  736s
 165896 158744    9.41520  448 1859          -    8.49608      -   109  740s
 174085 167129    9.42292  492 1825          -    8.49608      -   107  748s
 178709 170601    9.42782  529 1815          -    8.49608      -   105  751s
 186836 178681    9.43252  548 1810          -    8.49608      -   103  758s
 190385 182156    9.43564  558 1772          -    8.49608      -   102  760s
 197764 189037    9.44186  611 1766          -    8.49608      -   100  766s
 204531 195440    9.44745  639 1711          -    8.49608      -  98.6  772s
 207941 198161    9.44779  658 1667          -    8.49608      -  98.2  775s
 213508 205583    9.45152  688 1672          -    8.49608      -  97.9  781s
 218762 205818    9.45803  721 1658          -    8.49608      -  96.6  785s
 222748 213188    9.46085  758 1638          -    8.49608      -  95.6  790s
 230474 219819    9.47215  827 1524          -    8.49608      -  93.7  795s
 237492 226695    9.48116  916 1436          -    8.49608      -  92.4  800s
 244897 235759    9.48884 1045 1466          -    8.49608      -  91.1  806s
 254020 242216    9.59643 1059 1437          -    8.49608      -  89.5  811s
 261355 247826    9.49338 1072 1464          -    8.49625      -  88.1  816s
 266696 252842    9.49541 1095 1439          -    8.49625      -  87.5  820s
 269395 255378    9.49862 1117 1429          -    8.49625      -  87.4  826s
 275450 261002    9.50325 1206 1351          -    8.49790      -  86.9  833s
 278987 264354    9.50463 1240 1258          -    8.49790      -  86.8  837s
 282801 264443    9.52546 1293 1222          -    8.49833      -  86.6  842s
 282904 267237    9.52480 1292 1221          -    8.49833      -  86.6  847s
 285892 271372    9.58333 1355 1141          -    8.49833      -  86.7  851s
 295173 279511    9.54442 1468 1122          -    8.49833      -  85.5  858s
 299174 283657    9.54876 1466 1093          -    8.49833      -  85.0  862s
 303497 287677    9.55572 1514  999          -    8.49833      -  84.3  865s
 312643 295615    8.52472  162 2048          -    8.49833      -  82.8  872s
 316177 298696    8.53871  188 1966          -    8.49833      -  82.2  875s
 322544 304740    8.54955  235 1895          -    8.49833      -  81.6  880s
 328898 310543    8.55853  281 1867          -    8.49833      -  81.2  886s
 332078 313813    8.56430  306 1802          -    8.49833      -  81.1  890s
 338032 318666    8.56598  342 1829          -    8.49833      -  81.0  896s
 340957 322806    8.56836  355 1830          -    8.49833      -  81.2  901s
 345573 326363    8.58204  412 1683          -    8.49833      -  81.0  905s
 353939 333882    8.59052  479 1631          -    8.49833      -  80.4  914s
 358143 336719    8.59514  509 1621          -    8.49833      -  80.1  918s
 361436 339402    8.60178  555 1586          -    8.49833      -  80.1  922s
 364423 341783    8.60366  563 1581          -    8.49842      -  80.0  927s
 367122 344595    8.60915  592 1577          -    8.49845      -  80.4  931s
 370388 347978    8.61405  623 1537          -    8.49845      -  80.4  935s
 374293 348062    8.62229  661 1476          -    8.49845      -  80.3  940s
 377492 353690    8.62476  696 1505          -    8.49845      -  80.5  948s
 380961 357287    8.62576  703 1513          -    8.49845      -  80.5  952s
 384736 358937    8.62688  721 1489          -    8.49845      -  80.4  956s
 386604 362186    8.63212  750 1444          -    8.49845      -  80.6  960s
 393960 369048    8.63594  794 1469          -    8.49845      -  80.6  969s
 397303 372241 infeasible  810               -    8.49845      -  80.8  972s
 400704 375324    8.64246  825 1459          -    8.49847      -  80.7  976s
 404019 378571    8.65119  829 1491          -    8.49847      -  80.7  981s
 407609 381602    8.64295  828 1440          -    8.49847      -  80.8  985s
 414865 388307    8.64731  874 1446          -    8.49847      -  80.8  992s
 418581 391317    8.65262  920 1370          -    8.49847      -  80.8  999s
 422057 394405    8.66313 1001 1294          -    8.49848      -  80.9 1003s
 425629 396973    8.67131 1085 1218          -    8.49848      -  80.9 1007s
 428443 399454    8.67041 1085 1228          -    8.49848      -  81.1 1010s
 431270 402406    8.67791 1123 1174          -    8.49848      -  81.2 1016s
 434582 405948    8.68876 1159 1143          -    8.49848      -  81.4 1020s
 438488 408955    8.69700 1184 1109          -    8.49848      -  81.3 1025s
 443476 414871 infeasible 1187               -    8.49848      -  81.4 1035s
 452196 422431    8.78167 1248 1115          -    8.49848      -  81.2 1043s
 456116 426759    8.50630  129 2215          -    8.49848      -  81.2 1047s
 460583 430314    8.51288  141 2128          -    8.49848      -  81.0 1050s
 468215 437043    8.52941  182 2022          -    8.49848      -  80.7 1058s
 471597 440082    8.53019  184 2014          -    8.49848      -  80.5 1061s
 477760 444981    8.53668  206 1959          -    8.49888      -  80.5 1068s
 480507 447958    8.53475  204 1967          -    8.49888      -  80.5 1072s
 483874 449288    8.53476  206 1970          -    8.49888      -  80.6 1076s
 485274 452789    8.53484  207 1952          -    8.49888      -  80.6 1080s
 493030 459261    8.53814  210 1964          -    8.49888      -  80.5 1091s
 496329 462677    8.54237  237 1912          -    8.49888      -  80.6 1097s
 500037 465568    8.55001  265 1864          -    8.49888      -  80.7 1100s
 507017 472506    8.55530  295 1729          -    8.49888      -  80.7 1110s
 514709 480669    8.55658  309 1771          -    8.49888      -  80.6 1118s
 519277 484269    8.55689  319 1691          -    8.49888      -  80.4 1121s
 527804 491587    8.56528  359 1822          -    8.49888      -  79.9 1127s
 531071 492064    8.56593  365 1748          -    8.49888      -  79.7 1133s
 531582 495198    8.56686  366 1746          -    8.49888      -  79.7 1136s
 534922 499071    8.56693  367 1774          -    8.49888      -  79.6 1140s
 542783 505954    8.56783  367 1753          -    8.49910      -  79.3 1147s
 546497 509586    8.56779  369 1782          -    8.49910      -  79.1 1151s
 554163 516784    8.57186  393 1731          -    8.49910      -  78.8 1158s
 558495 519492    8.57608  435 1647          -    8.49910      -  78.6 1161s
 561471 523041    8.57950  444 1642          -    8.49910      -  78.6 1168s
 565440 526504    8.58221  479 1625          -    8.49910      -  78.4 1171s
 572139 531709    8.58592  498 1610          -    8.49910      -  78.2 1177s
 574940 534239    8.58740  510 1622          -    8.49961      -  78.2 1180s
 581214 537223    8.59573  567 1561          -    8.49961      -  78.2 1188s
 581354 539602    8.59580  569 1554          -    8.50001      -  78.3 1195s
 586608 545727    8.60771  673 1509          -    8.50001      -  78.5 1203s
 590596 549367    8.61603  751 1406          -    8.50001      -  78.5 1206s
 594410 553301    8.62555  850 1384          -    8.50001      -  78.4 1210s
 602991 561697    8.63672  985 1246          -    8.50001      -  78.2 1218s
 607350 564935    8.64469 1017 1252          -    8.50001      -  78.0 1221s
 614228 571106    8.64963 1078 1211          -    8.50001      -  77.9 1229s
 617555 574758    8.65717 1125 1123          -    8.50001      -  77.9 1233s
 621503 578671    8.66053 1159 1098          -    8.50001      -  77.9 1236s
 629835 585921    8.66516 1212 1014          -    8.50001      -  77.5 1243s
 633648 588874    8.67140 1262 1028          -    8.50001      -  77.5 1247s
 636925 592222    8.67818 1307 1012          -    8.50001      -  77.4 1251s
 643811 598225    8.77170 1372  948          -    8.50001      -  77.2 1256s
 646982 599588    8.70445 1378 1008          -    8.50001      -  77.3 1260s
 653187 608388    8.70774 1385  973          -    8.50001      -  77.2 1268s
 658438 611748    8.72745 1422  956          -    8.50001      -  77.0 1273s
 662504 614840    8.54241  144 2168          -    8.50001      -  76.9 1278s
 665834 617824    8.54281  149 2157          -    8.50001      -  76.9 1281s
 672814 624313    8.54933  165 2063          -    8.50015      -  76.9 1288s
 676467 627918    8.55165  176 2055          -    8.50015      -  76.8 1292s
 680570 631112    8.54925  181 2036          -    8.50015      -  76.7 1295s
 687631 637099 infeasible  197               -    8.50015      -  76.6 1301s
 690895 639713    8.55190  203 1988          -    8.50015      -  76.6 1306s
 693979 642706    8.55982  206 1984          -    8.50015      -  76.7 1310s
 697458 642796    8.55273  212 1987          -    8.50015      -  76.6 1315s
 701266 649893    8.55538  227 1959          -    8.50015      -  76.5 1322s
 705219 653871    8.55998  251 1941          -    8.50015      -  76.4 1325s
 709281 657441    8.56254  267 1909          -    8.50064      -  76.3 1331s
 712981 661050    8.56540  284 1892          -    8.50064      -  76.2 1337s
 716712 665013    8.56798  301 1856          -    8.50064      -  76.1 1340s
 724193 671449    8.57443  322 1842          -    8.50064      -  75.9 1347s
 727562 674895    8.57980  341 1792          -    8.50064      -  75.8 1350s
 735175 682803    8.58496  370 1807          -    8.50064      -  75.7 1357s
 739904 685874    8.59069  390 1809          -    8.50064      -  75.5 1362s
 743433 689211    8.59445  395 1807          -    8.50064      -  75.4 1366s
 747022 692719    8.59663  407 1804          -    8.50064      -  75.4 1370s
 753721 697181    8.60370  429 1777          -    8.50064      -  75.2 1378s
 756214 700202    8.60997  450 1754          -    8.50064      -  75.3 1381s
 762971 705247    8.61394  460 1737          -    8.50064      -  75.3 1388s
 765764 707678    8.61438  469 1742          -    8.50070      -  75.3 1391s
 768491 711006    8.61643  484 1733          -    8.50070      -  75.5 1396s
 772223 714279    8.62266  501 1715          -    8.50070      -  75.6 1401s
 775738 718613    8.62533  515 1706          -    8.50070      -  75.7 1406s
 780238 718707    8.62639  521 1710          -    8.50070      -  75.6 1411s
 780340 722008    8.62690  522 1722          -    8.50070      -  75.7 1416s
 783987 725400    8.63115  534 1691          -    8.50070      -  75.7 1421s
 787661 728312    8.63324  547 1685          -    8.50070      -  75.8 1425s
 793872 734987    8.64302  593 1672          -    8.50070      -  76.0 1433s
 797996 738421    8.64821  609 1680          -    8.50070      -  76.0 1437s
 801582 741951    8.65142  622 1664          -    8.50070      -  75.9 1440s
 808315 747355    8.66692  663 1629          -    8.50070      -  75.9 1446s
 811304 750235    8.67567  705 1577          -    8.50070      -  76.0 1450s
 817651 755703    8.68219  727 1597          -    8.50070      -  76.1 1455s
 824584 761709    8.68705  737 1574          -    8.50079      -  76.1 1464s
 827420 764972    8.69781  774 1545          -    8.50079      -  76.2 1468s
 830981 768514    8.71109  805 1525          -    8.50079      -  76.2 1472s
 834868 771315    8.72881  843 1498          -    8.50088      -  76.2 1477s
 837877 775191    8.73834  865 1481          -    8.50088      -  76.3 1481s
 841969 780033    8.75395  911 1466          -    8.50088      -  76.3 1485s
 851233 787460    8.77916  971 1448          -    8.50088      -  75.9 1492s
 855228 790484    8.78936  990 1436          -    8.50088      -  75.8 1497s
 858460 791554    8.79896 1005 1405          -    8.50095      -  75.8 1501s
 859668 802464    8.80031 1009 1396          -    8.50095      -  75.9 1511s
 871586 806215    8.82791 1092 1417          -    8.50095      -  75.8 1515s
 879360 813145 infeasible 1192               -    8.50095      -  75.6 1521s
 886584 818461    8.50797  136 2047          -    8.50095      -  75.5 1528s
 889309 821975    8.52269  171 2009          -    8.50095      -  75.6 1533s
 892919 825099    8.52827  194 1992          -    8.50095      -  75.5 1537s
 896173 829372    8.53427  218 1962          -    8.50095      -  75.6 1541s
 904697 837398    8.55039  325 1726          -    8.50095      -  75.5 1547s
 908875 841733    8.55333  346 1750          -    8.50095      -  75.4 1550s
 913414 841797    8.56337  418 1597          -    8.50095      -  75.3 1555s
 917437 849217    8.56376  451 1567          -    8.50095      -  75.2 1560s
 926140 856656    8.56548  470 1561          -    8.50095      -  75.0 1566s
 929607 859969    8.56550  470 1566          -    8.50095      -  74.9 1571s
 933236 862924    8.56689  473 1559          -    8.50095      -  74.9 1575s
 936523 865916    8.56750  477 1558          -    8.50095      -  74.8 1581s
 939917 868321    8.57055  509 1546          -    8.50095      -  74.8 1587s
 942508 871216    8.57344  529 1533          -    8.50099      -  74.9 1590s
 949034 877557    8.58021  573 1521          -    8.50099      -  74.8 1597s
 952490 881191    8.58770  622 1461          -    8.50099      -  74.8 1602s
 956388 884464    8.59181  650 1472          -    8.50099      -  74.7 1606s
 959881 887224    8.59351  666 1400          -    8.50099      -  74.7 1610s
 966164 893853    8.59838  693 1431          -    8.50099      -  74.7 1617s
 970282 897042    8.60294  713 1418          -    8.50099      -  74.6 1622s
 973789 900556    8.61091  738 1456          -    8.50099      -  74.6 1625s
 981012 906414    8.62447  818 1369          -    8.50099      -  74.5 1632s
 983833 909505    8.63074  846 1365          -    8.50099      -  74.5 1636s
 987136 909582    8.63809  879 1331          -    8.50099      -  74.5 1641s
 991137 916863    8.64702  924 1308          -    8.50099      -  74.5 1648s
 995358 919494    8.65964  969 1301          -    8.50099      -  74.4 1652s
 998195 922728    8.66468 1000 1304          -    8.50099      -  74.5 1655s
 1005076 929892    8.66589 1026 1286          -    8.50099      -  74.4 1663s
 1008953 933270    8.68461 1053 1292          -    8.50111      -  74.4 1667s
 1012479 936631    8.72171 1118 1220          -    8.50111      -  74.4 1670s
 1019708 943349 infeasible 1192               -    8.50116      -  74.3 1676s
 1023210 947762 infeasible 1214               -    8.50116      -  74.3 1680s
 1027923 951366 infeasible 1246               -    8.50116      -  74.2 1685s
 1034854 957732    8.51680  174 2013          -    8.50116      -  74.1 1691s
 1042152 965033    8.53247  231 1818          -    8.50116      -  74.1 1697s
 1046306 969002    8.53663  263 1775          -    8.50116      -  74.0 1701s
 1053908 975550    8.54560  317 1679          -    8.50116      -  74.0 1706s
 1057832 978869    8.54978  335 1686          -    8.50116      -  73.9 1710s
 1065532 985170    8.55128  364 1647          -    8.50116      -  73.8 1716s
 1071643 990260    8.55755  424 1656          -    8.50116      -  73.8 1722s
 1074606 992759    8.56032  460 1617          -    8.50116      -  73.8 1725s
 1077507 992859    8.56387  481 1568          -    8.50116      -  73.8 1730s
 1077627 1021618    8.56581  490 1567          -    8.50116      -  73.8 1795s
 1114350 1030431    8.60020  788 1443          -    8.50125      -  74.2 1802s
 1120956 1036570    8.60554  871 1368          -    8.50125      -  74.0 1806s
 1127595 1042424    8.61056  886 1389          -    8.50125      -  73.9 1811s
 1134398 1049197    8.61703  908 1341          -    8.50125      -  73.7 1815s
 1143697 1056675    8.62507  945 1237          -    8.50125      -  73.5 1822s
 1146719 1058954    8.62657  950 1230          -    8.50129      -  73.4 1825s
 1152140 1063339    8.63611  978 1310          -    8.50151      -  73.5 1830s
 1157547 1065672    8.66270 1031 1243          -    8.50151      -  73.5 1836s
 1157804 1068190    8.66274 1030 1234          -    8.50151      -  73.5 1840s
 1163720 1073005    8.71993 1133 1229          -    8.50151      -  73.5 1848s
 1166445 1075889    8.69448 1160 1120          -    8.50151      -  73.6 1854s
 1169435 1078745    8.75875 1188 1178          -    8.50151      -  73.7 1859s
 1172425 1083050    8.50769  136 2102          -    8.50151      -  73.7 1864s
 1176868 1086777    8.51778  171 1968          -    8.50151      -  73.6 1867s
 1180703 1090804    8.52430  206 1926          -    8.50151      -  73.6 1871s
 1184822 1094668    8.53149  228 1857          -    8.50151      -  73.5 1875s
 1192380 1101614    8.53882  266 1802          -    8.50151      -  73.4 1883s
 1196169 1105136    8.54278  281 1809          -    8.50151      -  73.4 1886s
 1199995 1108220    8.54392  299 1800          -    8.50151      -  73.4 1890s
 1206889 1111995    8.54887  322 1780          -    8.50151      -  73.4 1897s
 1207690 1115125    8.54978  323 1783          -    8.50151      -  73.4 1900s
 1211408 1118918    8.55200  372 1746          -    8.50151      -  73.4 1905s
 1219340 1124946    8.56218  459 1716          -    8.50151      -  73.4 1912s
 1222437 1127311    8.56762  493 1632          -    8.50151      -  73.4 1916s
 1225198 1129908    8.57380  533 1553          -    8.50151      -  73.5 1920s
 1231477 1135503    8.58771  650 1482          -    8.50159      -  73.6 1928s
 1234304 1139962    8.59454  712 1373          -    8.50159      -  73.6 1934s
 1239027 1143481    8.59625  766 1408          -    8.50159      -  73.6 1938s
 1242814 1146966 infeasible  815               -    8.50161      -  73.6 1941s
 1246869 1149366    8.60128  825 1358          -    8.50161      -  73.6 1947s
 1249567 1151962    8.60495  839 1394          -    8.50161      -  73.6 1952s
 1252409 1152885    8.60461  880 1330          -    8.50161      -  73.7 1956s
 1253444 1156178    8.60464  881 1282          -    8.50161      -  73.7 1960s
 1260555 1162472    8.61845  967 1270          -    8.50161      -  73.8 1969s
 1263579 1165968    8.62274  987 1255          -    8.50161      -  73.8 1974s
 1267239 1170075    8.62563  996 1306          -    8.50161      -  73.8 1977s
 1271638 1173591    8.63548 1003 1245          -    8.50161      -  73.7 1982s
 1275598 1177151    8.63863 1016 1284          -    8.50161      -  73.7 1986s
 1279708 1180259    8.64478 1024 1218          -    8.50161      -  73.7 1990s
 1286923 1187091    8.66711 1032 1351          -    8.50161      -  73.6 1997s
 1290373 1190764    8.69874 1052 1260          -    8.50161      -  73.7 2001s
 1294262 1194766 infeasible 1070               -    8.50161      -  73.7 2005s
 1302426 1201775    8.73797 1149 1218          -    8.50161      -  73.5 2011s
 1306271 1205463    8.74804 1178 1221          -    8.50161      -  73.5 2018s
 1309867 1208253    8.76571 1222 1180          -    8.50161      -  73.5 2021s
 1316694 1214709 infeasible 1276               -    8.50161      -  73.5 2028s
 1320667 1218401    8.54449  146 1997          -    8.50161      -  73.5 2032s
 1328857 1224933    8.56060  226 1829          -    8.50161      -  73.5 2037s
 1332237 1228343    8.56608  253 1781          -    8.50161      -  73.4 2041s
 1339320 1233886    8.56905  273 1770          -    8.50161      -  73.4 2049s
 1342274 1237324    8.57104  278 1779          -    8.50161      -  73.4 2052s
 1345916 1241139    8.57385  284 1798          -    8.50161      -  73.3 2055s
 1353942 1248565    8.58096  320 1738          -    8.50161      -  73.2 2062s
 1358087 1251762    8.58558  336 1717          -    8.50161      -  73.1 2065s
 1364730 1254515    8.58669  349 1754          -    8.50161      -  73.1 2071s
 1368149 1259564    8.59150  366 1716          -    8.50165      -  73.1 2077s
 1373671 1265191    8.59998  407 1653          -    8.50165      -  73.1 2083s
 1376935 1268278    8.60417  436 1624          -    8.50165      -  73.1 2087s
 1380302 1271491    8.60779  455 1598          -    8.50165      -  73.1 2091s
 1383711 1274955    8.61174  476 1568          -    8.50165      -  73.1 2095s
 1390603 1280441    8.62053  494 1512          -    8.50165      -  73.2 2104s
 1393730 1283622    8.62543  512 1506          -    8.50165      -  73.3 2110s
 1400293 1289519    8.63053  525 1500          -    8.50165      -  73.4 2118s
 1403526 1292582    8.63738  536 1495          -    8.50165      -  73.5 2123s
 1406743 1295948    8.64339  554 1492          -    8.50165      -  73.5 2127s
 1410434 1296957    8.64773  570 1488          -    8.50165      -  73.6 2132s
 1411537 1306515 infeasible  571               -    8.50165      -  73.6 2141s
 1421785 1310939    8.66238  600 1547          -    8.50165      -  73.6 2145s
 1430879 1318821    8.67189  643 1509          -    8.50165      -  73.5 2153s
 1435065 1321361    8.68563  687 1491          -    8.50165      -  73.5 2156s
 1440300 1327032    8.68847  699 1483          -    8.50165      -  73.6 2162s
 1443793 1330186    8.69319  720 1468          -    8.50169      -  73.6 2167s
 1447253 1333095    8.69945  730 1474          -    8.50169      -  73.6 2170s
 1450356 1337000    8.70906  746 1474          -    8.50169      -  73.7 2175s
 1458581 1340898    8.72676  791 1471          -    8.50169      -  73.7 2185s
 1463388 1349244    8.73323  825 1457          -    8.50169      -  73.6 2191s
 1467545 1352821    8.73940  846 1461          -    8.50169      -  73.6 2195s
 1475915 1359916    8.75028  867 1456          -    8.50169      -  73.5 2202s
 1479019 1363327    8.75223  872 1441          -    8.50169      -  73.5 2205s
 1482732 1366975 infeasible  877               -    8.50169      -  73.4 2210s
 1490698 1373913    8.75521  891 1466          -    8.50169      -  73.3 2216s
 1494192 1377464 infeasible  890               -    8.50169      -  73.3 2220s
 1501546 1385190    8.76214  914 1459          -    8.50169      -  73.3 2230s
 1509375 1390032    8.76929  941 1436          -    8.50169      -  73.2 2240s
 1515657 1395822    8.77913  972 1433          -    8.50169      -  73.3 2247s
 1518974 1398674    8.78314  988 1430          -    8.50169      -  73.3 2250s
 1525936 1404975 infeasible 1004               -    8.50169      -  73.3 2258s
 1528999 1408534    8.78835 1005 1454          -    8.50169      -  73.3 2261s
 1532748 1411927    8.79027 1009 1452          -    8.50169      -  73.3 2266s
 1539555 1417966    8.51821  142 2027          -    8.50196      -  73.3 2272s
 1543334 1420666    8.53141  178 1981          -    8.50196      -  73.3 2280s
 1550713 1424135    8.53962  238 1859          -    8.50196      -  73.3 2287s
 1550807 1426942    8.53906  239 1857          -    8.50196      -  73.3 2292s
 1554180 1429550    8.54353  285 1778          -    8.50196      -  73.3 2297s
 1557478 1432529    8.54908  314 1767          -    8.50196      -  73.4 2301s
 1560961 1435175    8.55468  355 1762          -    8.50196      -  73.4 2305s
 1566990 1441796    8.56912  464 1629          -    8.50205      -  73.5 2313s
 1571156 1445073    8.57550  531 1578          -    8.50205      -  73.4 2317s
 1574539 1448525    8.58056  560 1467          -    8.50205      -  73.4 2320s
 1578239 1451707    8.58375  579 1481          -    8.50205      -  73.4 2325s
 1581729 1454448    8.58981  629 1484          -    8.50205      -  73.3 2330s
 1587798 1461385    8.59503  665 1482          -    8.50205      -  73.4 2337s
 1591646 1464952    8.59644  685 1438          -    8.50205      -  73.4 2341s
 1595366 1468376    8.59835  707 1506          -    8.50205      -  73.3 2346s
 1602491 1474759    8.60525  749 1391          -    8.50205      -  73.3 2353s
 1605531 1478284    8.60817  763 1393          -    8.50205      -  73.4 2357s
 1609310 1481872    8.61249  797 1386          -    8.50205      -  73.4 2360s
 1616607 1488697    8.61951  807 1417          -    8.50205      -  73.4 2367s
 1620405 1492275    8.70392  838 1379          -    8.50205      -  73.3 2370s
 1628363 1500092    8.64882  913 1386          -    8.50205      -  73.3 2377s
 1633238 1500157    8.66140  956 1408          -    8.50205      -  73.2 2381s
 1637424 1507561    8.67188  993 1368          -    8.50205      -  73.1 2386s
 1645046 1513846    8.69962 1039 1333          -    8.50205      -  73.0 2392s
 1651226 1519539    8.70164 1051 1317          -    8.50205      -  72.9 2397s
 1654597 1523561    8.70500 1066 1318          -    8.50205      -  72.9 2400s
 1662419 1529083    8.71931 1089 1331          -    8.50205      -  72.8 2408s
 1665549 1531984    8.72376 1106 1318          -    8.50205      -  72.8 2411s
 1668658 1535726    8.51355  126 2168          -    8.50205      -  72.8 2416s
 1676487 1542435    8.53635  168 2003          -    8.50205      -  72.7 2422s
 1679873 1545953    8.54078  189 1930          -    8.50205      -  72.7 2425s
 1688220 1553298    8.55303  235 1825          -    8.50205      -  72.6 2432s
 1691684 1556166    8.56017  268 1786          -    8.50205      -  72.6 2436s
 1698111 1561485    8.56817  313 1742          -    8.50205      -  72.5 2442s
 1701011 1563720    8.57157  330 1748          -    8.50205      -  72.6 2448s
 1703580 1566642    8.57283  353 1713          -    8.50205      -  72.6 2451s
 1709663 1572328    8.58169  408 1636          -    8.50205      -  72.7 2460s
 1714264 1584169    8.58622  446 1553          -    8.50205      -  72.7 2474s
 1726405 1587860    8.60201  541 1528          -    8.50205      -  72.8 2479s
 1730614 1590901    8.61025  585 1447          -    8.50205      -  72.8 2483s
 1734187 1593488    8.61476  643 1416          -    8.50205      -  72.9 2489s
 1737234 1596245    8.61899  664 1304          -    8.50205      -  72.9 2493s
 1740447 1598769    8.62660  717 1343          -    8.50205      -  73.0 2496s
 1743283 1600966    8.63473  767 1341          -    8.50205      -  73.1 2503s
 1745704 1605161    8.64303  824 1269          -    8.50205      -  73.2 2508s
 1750475 1608310    8.66743  960 1192          -    8.50205      -  73.2 2512s
 1753840 1611904    8.67375 1004 1136          -    8.50205      -  73.3 2517s
 1757550 1611999 infeasible 1005               -    8.50205      -  73.3 2522s
 1757652 1615583 infeasible 1005               -    8.50205      -  73.3 2527s
 1761472 1619971    8.67684 1010 1135          -    8.50205      -  73.4 2531s
 1766092 1623379    8.67781 1009 1139          -    8.50205      -  73.4 2536s
 1769740 1627039    8.69917 1016 1192          -    8.50205      -  73.4 2540s
 1778025 1634481 infeasible 1097               -    8.50205      -  73.4 2547s
 1781637 1637597 infeasible 1111               -    8.50205      -  73.4 2551s
 1789312 1643954 infeasible 1173               -    8.50205      -  73.3 2561s
 1791929 1646310    8.77275 1195 1186          -    8.50205      -  73.4 2565s
 1798193 1653158    8.50609  144 2176          -    8.50205      -  73.3 2572s
 1801868 1656560    8.51115  151 2165          -    8.50205      -  73.3 2575s
 1805333 1661162    8.50806  153 2133          -    8.50205      -  73.3 2580s
 1813108 1666698    8.51098  163 2100          -    8.50205      -  73.3 2585s
 1819146 1672913    8.51439  176 2045          -    8.50205      -  73.3 2592s
 1822494 1675832    8.51434  188 1966          -    8.50205      -  73.3 2595s
 1828881 1681620    8.51732  208 1913          -    8.50205      -  73.3 2603s
 1831812 1684760    8.51741  213 1916          -    8.50205      -  73.3 2606s
 1835268 1688928    8.52181  222 1890          -    8.50205      -  73.3 2610s
 1842879 1694723 infeasible  240               -    8.50205      -  73.2 2617s
 1845963 1697634    8.52616  251 1803          -    8.50205      -  73.2 2620s
 1853020 1704138    8.52692  255 1793          -    8.50262      -  73.2 2626s
 1856223 1707549    8.52919  266 1816          -    8.50262      -  73.2 2631s
 1860022 1710885    8.53012  271 1818          -    8.50262      -  73.1 2635s
 1866886 1713657    8.53506  294 1806          -    8.50262      -  73.1 2645s
[2026-05-04T17:00:19.011] error: *** JOB 13631772 ON x1005c1s3b1n0 CANCELLED AT 2026-05-04T17:00:19 DUE TO TIME LIMIT ***
