2026-05-04 16:07:45 [INFO] idaes.apps.grid_integration.pricetaker.price_taker_model: Found minimum uptime/downtime data for pretreatment.uf_pumps[1] - Adding minimum uptime/downtime constraints.
2026-05-04 16:07:45 [INFO] idaes.apps.grid_integration.pricetaker.price_taker_model: Created startup/shutdown constraints for operation model  pretreatment.uf_pumps[1] at uf_pumps_1_startup_shutdown.
2026-05-04 16:07:45 [INFO] idaes.apps.grid_integration.pricetaker.price_taker_model: Found minimum uptime/downtime data for pretreatment.uf_pumps[2] - Adding minimum uptime/downtime constraints.
2026-05-04 16:07:45 [INFO] idaes.apps.grid_integration.pricetaker.price_taker_model: Created startup/shutdown constraints for operation model  pretreatment.uf_pumps[2] at uf_pumps_2_startup_shutdown.
2026-05-04 16:07:45 [INFO] idaes.apps.grid_integration.pricetaker.price_taker_model: Found minimum uptime/downtime data for pretreatment.uf_pumps[3] - Adding minimum uptime/downtime constraints.
2026-05-04 16:07:45 [INFO] idaes.apps.grid_integration.pricetaker.price_taker_model: Created startup/shutdown constraints for operation model  pretreatment.uf_pumps[3] at uf_pumps_3_startup_shutdown.
2026-05-04 16:07:45 [INFO] idaes.apps.grid_integration.pricetaker.price_taker_model: Found minimum uptime/downtime data for reverse_osmosis.ro_skid[1] - Adding minimum uptime/downtime constraints.
2026-05-04 16:07:45 [INFO] idaes.apps.grid_integration.pricetaker.price_taker_model: Created startup/shutdown constraints for operation model  reverse_osmosis.ro_skid[1] at ro_skid_1_startup_shutdown.
2026-05-04 16:07:45 [INFO] idaes.apps.grid_integration.pricetaker.price_taker_model: Found minimum uptime/downtime data for reverse_osmosis.ro_skid[2] - Adding minimum uptime/downtime constraints.
2026-05-04 16:07:45 [INFO] idaes.apps.grid_integration.pricetaker.price_taker_model: Created startup/shutdown constraints for operation model  reverse_osmosis.ro_skid[2] at ro_skid_2_startup_shutdown.
2026-05-04 16:07:45 [INFO] idaes.apps.grid_integration.pricetaker.price_taker_model: Found minimum uptime/downtime data for reverse_osmosis.ro_skid[3] - Adding minimum uptime/downtime constraints.
2026-05-04 16:07:45 [INFO] idaes.apps.grid_integration.pricetaker.price_taker_model: Created startup/shutdown constraints for operation model  reverse_osmosis.ro_skid[3] at ro_skid_3_startup_shutdown.
2026-05-04 16:07:45 [INFO] idaes.apps.grid_integration.pricetaker.price_taker_model: Found minimum uptime/downtime data for reverse_osmosis.ro_skid[4] - Adding minimum uptime/downtime constraints.
2026-05-04 16:07:45 [INFO] idaes.apps.grid_integration.pricetaker.price_taker_model: Created startup/shutdown constraints for operation model  reverse_osmosis.ro_skid[4] at ro_skid_4_startup_shutdown.
4033
Set parameter TokenServer to value "10.60.1.73"
Set parameter LogToConsole to value 1
Set parameter MIPGap to value 0.01
Gurobi Optimizer version 12.0.3 build v12.0.3rc0 (linux64 - "Red Hat Enterprise Linux 8.8 (Ootpa)")

CPU model: Intel(R) Xeon(R) Platinum 8470QL, instruction set [SSE2|AVX|AVX2|AVX512]
Thread count: 104 physical cores, 104 logical processors, using up to 32 threads

Non-default parameters:
MIPGap  0.01

Optimize a model with 18293 rows, 16979 columns and 50357 nonzeros
Model fingerprint: 0x62d7b546
Model has 2352 quadratic constraints
Model has 1 general nonlinear constraint (0 nonlinear terms)
Variable types: 11601 continuous, 5378 integer (5378 binary)
Coefficient statistics:
  Matrix range     [2e-02, 1e+04]
  QMatrix range    [2e-07, 1e+00]
  QLMatrix range   [3e-04, 1e+00]
  Objective range  [1e+00, 1e+00]
  Bounds range     [1e+00, 1e+04]
  RHS range        [1e+00, 3e+05]
  QRHS range       [3e-01, 5e-01]
Presolve model has 1 nlconstr
Added 4 variables to disaggregate expressions.
Presolve removed 7404 rows and 7928 columns
Presolve time: 0.10s
Presolved: 19142 rows, 9056 columns, 49004 nonzeros
Presolved model has 2354 bilinear constraint(s)
Presolved model has 2 nonlinear constraint(s)

Solving non-convex MINLP

Variable types: 5385 continuous, 3671 integer (3671 binary)

Root relaxation: objective 4.047761e+00, 29125 iterations, 3.60 seconds (4.86 work units)

    Nodes    |    Current Node    |     Objective Bounds      |     Work
 Expl Unexpl |  Obj  Depth IntInf | Incumbent    BestBd   Gap | It/Node Time

     0     0    4.04776    0 3136          -    4.04776      -     -    4s
     0     0    4.99546    0 3306          -    4.99546      -     -    4s
     0     0    5.92605    0 3202          -    5.92605      -     -    8s
     0     0    5.98169    0 3180          -    5.98169      -     -    9s
     0     0    6.09696    0 3721          -    6.09696      -     -   10s
     0     0    6.10311    0 3760          -    6.10311      -     -   10s
     0     0    6.14545    0 3688          -    6.14545      -     -   11s
     0     0    6.16366    0 3685          -    6.16366      -     -   12s
     0     0    6.53462    0 3385          -    6.53462      -     -   16s
     0     0    6.53819    0 3374          -    6.53819      -     -   17s
     0     0    6.54659    0 3038          -    6.54659      -     -   19s
     0     0    6.54893    0 3113          -    6.54893      -     -   20s
     0     0    6.55106    0 3025          -    6.55106      -     -   21s
     0     0    6.55124    0 2950          -    6.55124      -     -   22s
     0     2    6.55124    0 2947          -    6.55124      -     -   24s
     1     5    6.55341    1 2946          -    6.55341      -   349   26s
     7     8    6.63598    3 2875          -    6.55498      -  1431   31s
    13    14    6.66726    4 2857          -    6.55804      -  1806   36s
    35    34    6.75873    6 2816          -    6.57208      -  2113   44s
    57    60    6.80584    7 2838          -    6.57217      -  1936   46s
   203   234    7.19785   11 2765          -    6.57719      -  1917   55s
   374   325    7.26925   13 2726          -    6.57910      -  2028   63s
   462   385    7.89338   15 2763          -    6.57910      -  2094   69s
   544   443    7.98689   15 2777          -    6.57910      -  2125   73s
   650   524    7.89852   16 2739          -    6.57910      -  1972   78s
   771   588    7.91599   19 2701          -    6.57910      -  1872   81s
   961   657    8.03666   24 2628          -    6.57910      -  1763   87s
  1165   744    8.26566   29 2648          -    6.57910      -  1859   92s
  1319   792    8.36927   32 2612          -    6.57910      -  1818   95s
  1667   964    8.54413   41 2603          -    6.57910      -  1674  102s
  1839  1055    8.59518   40 2731          -    6.57910      -  1610  107s
  2004  1159    8.62565   43 3078          -    6.57910      -  1577  114s
  2186  1268 infeasible   44               -    6.57910      -  1525  118s
  2363  1315    6.62997   36 2758          -    6.58832      -  1518  123s
  2486  1407 infeasible   38               -    6.58832      -  1570  129s
  2638  1498    6.63643   44 2724          -    6.58832      -  1601  134s
  2793  1661    6.63981   49 2652          -    6.59066      -  1632  139s
  3020  1785    6.63942   51 2646          -    6.59066      -  1601  144s
  3216  1935 infeasible   50               -    6.59066      -  1596  148s
  3474  2109 infeasible   55               -    6.59066      -  1574  152s
  3754  2297    6.65735   67 2627          -    6.59066      -  1549  156s
  4037  2299    6.69528   51 1505          -    6.59066      -  1522  161s
  4040  2301    6.65603   79 1080          -    6.59323      -  1521  166s
  4044  2304    6.62659   27 1113          -    6.61930      -  1520  170s
  4050  2308    6.63732   56 1035          -    6.62846      -  1517  175s
  4058  2313    6.65874   74 1053          -    6.63122      -  1514  180s
  4071  2322    9.32296   52 1009          -    6.63262      -  1509  185s
  4095  2338    6.65283   69 1041          -    6.63295      -  1501  198s
  4096  2339    6.93505   11 1041          -    6.63295      -  1500  206s
  4097  2342    6.64589   12 2757          -    6.63330      -  1519  303s
  4099  2346    6.66919   13 2778          -    6.64066      -  1525  328s
  4103  2352    6.83813   14 2759          -    6.64077      -  1526  350s
  4111  2366    7.18349   15 2820          -    6.64094      -  1526  371s
  4127  2370    7.31039   16 2845          -    6.64130      -  1538  381s
  4159  2392    9.66588   17 2918          -    6.64751      -  1555  388s
  4191  2464   11.76187   18 2897          -    6.64784      -  1565  399s
  4340  2449   12.20030   21 2786          -    6.64784      -  1571  405s
  4461  2462 infeasible   22               -    6.64784      -  1645  413s
  4556  2447   10.55535   26 2666          -    6.64784      -  1664  418s
  4619  2482   10.59200   28 2661          -    6.64784      -  1691  424s
  4717  2490   10.58754   30 2635          -    6.64784      -  1699  431s
  4813  2470   10.59889   31 2645          -    6.64784      -  1710  435s
  4935  2446 infeasible   35               -    6.64828      -  1716  440s
  5186  2439 infeasible   36               -    6.65563      -  1719  450s
  5291  2441   10.73246   38 2638          -    6.65563      -  1729  455s
  5394  2435 infeasible   41               -    6.65563      -  1751  462s
  5468  2466 infeasible   42               -    6.65563      -  1752  466s
  5608  2479   11.00101   47 2601          -    6.65563      -  1743  471s
  5761  2489 infeasible   50               -    6.65563      -  1743  475s
  5908  2540   11.15611   53 2553          -    6.65563      -  1738  480s
  6078  2562 infeasible   56               -    6.65833      -  1723  485s
  6399  2588    7.29873   24 2636          -    6.65833      -  1724  491s
  6542  2605    6.98734   26 2668          -    6.65833      -  1742  495s
  6905  2680    6.98993   28 2647          -    6.65833      -  1728  503s
  7007  2820    6.99612   30 2642          -    6.65833      -  1715  508s
  7351  2900 infeasible   34               -    6.65833      -  1672  514s
  7713  3010    7.02022   40 2561          -    6.65833      -  1622  517s
  8036  3115    7.02960   46 2562          -    6.65833      -  1587  521s
  8573  3239 infeasible   49               -    6.65833      -  1526  525s
  9152  3379    7.54618   49 2603          -    6.65833      -  1461  530s
  9697  3573    7.54717   50 2580          -    6.65833      -  1410  535s
 10690  3763    7.55828   60 2584          -    6.65833      -  1353  542s
 11171  3967 infeasible   64               -    6.65833      -  1341  547s
 11746  4493    7.64373   70 2605          -    6.65833      -  1315  551s
 12530  4940 infeasible   74               -    6.65833      -  1266  556s
 13235  5030    6.68610   24 2594          -    6.65833      -  1232  564s
 13375  5528    6.68657   26 2573          -    6.65833      -  1225  569s
 14283  6249    6.70021   31 2644          -    6.65833      -  1176  574s
 15476  6985 infeasible   34               -    6.65833      -  1110  579s
 16494  7581    6.71519   41 2658          -    6.65833      -  1070  584s
 17496  8126    6.72177   45 2658          -    6.66365      -  1041  591s
 18411  8498    6.72410   47 2615          -    6.66365      -  1023  599s
 18985  9073 infeasible   51               -    6.66447      -  1024  605s
 19888  9825    6.73187   54 2650          -    6.66447      -  1007  610s
 20974 10307 infeasible   57               -    6.66481      -   983  615s
 21850 11279    6.74341   64 2644          -    6.66481      -   975  621s
 23192 12453    6.74849   67 2681          -    6.66481      -   948  626s
 24702 13502    6.75293   72 2662          -    6.66634      -   913  632s
 26145 14790    6.76574   84 2560          -    6.66634      -   886  637s
 27865 15843    6.76882   91 2582          -    6.66634      -   851  643s
 29460 16937    6.77667   99 2557          -    6.66760      -   824  653s
 30982 18399    6.78038  106 2531          -    6.66760      -   808  659s
 32852 19738    6.80519  136 2451          -    6.66760      -   785  666s
 34577 20870    6.81891  156 2429          -    6.66760      -   766  675s
 36075 21474 infeasible  175               -    6.66760      -   757  681s
 37215 22615 infeasible  181               -    6.66760      -   758  688s
 38740 24016    6.84045  201 2270          -    6.66760      -   747  694s
 40461 25384    6.84571  213 2291          -    6.66760      -   733  700s
 42185 26311    6.85620  227 2244          -    6.66760      -   721  708s
 43336 27712    6.86112  229 2271          -    6.66760      -   713  716s
 45277 29034    6.87153  239 2237          -    6.66760      -   701  722s
 47181 29997    6.88700  249 2252          -    6.66760      -   694  729s
 48806 30702    6.89471  261 2212          -    6.66760      -   691  737s
 50205 32444    6.91034  277 2162          -    6.66760      -   694  745s
 52667 33991    6.93128  291 2069          -    6.66760      -   684  754s
 55046 35188    6.94425  305 2046          -    6.66760      -   676  766s
 56765 36873    6.95665  316 2022          -    6.66760      -   665  774s
 59347 36874    6.71971   45 1639          -    6.66760      -   656  877s
 59350 36876    6.86723  159  957          -    6.66760      -   656  881s
 59352 36877    8.63083  665 1098          -    6.66760      -   656  885s
 59353 36878    8.03053  495 1022          -    6.66760      -   656  890s
 59355 36879    7.48068  388  956          -    6.67472      -   656  898s
 59356 36880    7.46373  293  966          -    6.67920      -   656  903s
 59358 36881    7.58427  631  972          -    6.68376      -   656  908s
 59360 36883    6.82952  128 1001          -    6.69082      -   656  913s
 59362 36884    6.90251  175  965          -    6.69578      -   656  917s
 59363 36885    6.77013   69  994          -    6.69765      -   656  920s
 59367 36887    7.42418  292  992          -    6.69943      -   656  927s
 59369 36889    6.95004  283  971          -    6.69974      -   656  931s
 59373 36891    6.81719  162  985          -    6.70095      -   656  938s
 59375 36893    6.87425  227  974          -    6.70111      -   656  941s
 59377 36894    6.95546  454  984          -    6.70996      -   656  946s
 59379 36895    6.89315  245 1050          -    6.73062      -   656  951s
 59381 36897    7.53914  387 1025          -    6.75283      -   656  956s
 59383 36898    7.47115  258 1021          -    6.77306      -   656  961s
 59384 36899    6.79435  138  992          -    6.77312      -   656  969s
 59385 36899    6.79507  135  990          -    6.77579      -   656  972s
 59387 36901    6.85912  197  974          -    6.77838      -   656  976s
 59389 36902    6.92389  262  993          -    6.77885      -   656  981s
 59391 36903    6.94960  347  983          -    6.78155      -   656  986s
 59393 36905    6.80170   81 1007          -    6.78366      -   656  991s
 59394 36905    8.05230  636 1010          -    6.78388      -   656  995s
 59397 36907    7.50659  524  979          -    6.78706      -   656 1000s
 59400 36909    6.80037  163  980          -    6.78817      -   656 1007s
 59402 36911    6.92251  270  952          -    6.79079      -   656 1011s
 59404 36912    7.48068  388  968          -    6.79280      -   656 1015s
 59407 36914    6.86189  248  958          -    6.79346      -   656 1022s
 59409 36915    6.89093  208  964          -    6.79358      -   656 1025s
 59413 36918    6.82427   67  972          -    6.79439      -   655 1032s
 59415 36919    7.49416  521  991          -    6.79439      -   655 1035s
 59418 36921    6.79732   49  980          -    6.79732      -   655 1040s
 59421 36923    6.91085  274  966          -    6.79853      -   655 1047s
 59423 36925    7.45952  287  976          -    6.80073      -   655 1051s
 59425 36926    6.84623  152  954          -    6.80193      -   655 1056s
 59427 36927    8.10480  862  989          -    6.80531      -   655 1060s
 59430 36929    7.48057  364  954          -    6.80691      -   655 1067s
 59432 36931    6.95795  462  979          -    6.80775      -   655 1071s
 59434 36932    6.80813   85  953          -    6.80813      -   655 1075s
 59438 36935    8.76159  233  947          -    6.80813      -   655 1080s
 59442 36937    6.91615  248  932          -    6.80842      -   655 1085s
 59446 36940    7.50543  469  934          -    6.80852      -   655 1091s
 59449 36942    7.46538  482  935          -    6.80852      -   655 1100s
 59454 36947    7.48363  396 1198          -    6.80852      -   657 1105s
 59457 36949    7.47912  360  948          -    6.82954      -   657 1113s
 59458 36950    7.58427  631  917          -    6.83428      -   657 1115s
 59460 36951    6.83714  128  885          -    6.83714      -   657 1120s
 59463 36953    6.83841   69  862          -    6.83841      -   657 1127s
 59465 36954    7.46562  357  857          -    6.83876      -   657 1130s
 59469 36957    6.95004  283  857          -    6.83876      -   657 1136s
 59473 36960    6.83925  162  866          -    6.83925      -   657 1143s
 59475 36961    6.87425  227  862          -    6.83925      -   657 1147s
 59477 36962    6.95546  454  861          -    6.84053      -   657 1150s
 59480 36964    7.51533  420  888          -    6.84053      -   657 1156s
 59483 36966    7.47115  258  883          -    6.84396      -   657 1160s
 59485 36968    6.84684  135  892          -    6.84684      -   657 1167s
 59487 36969    6.85912  197  902          -    6.85682      -   657 1173s
 59489 36970    6.92389  262  879          -    6.86440      -   657 1177s
 59490 36971    6.88171  264  895          -    6.86684      -   657 1180s
 59492 36972    6.87012  100  902          -    6.87012      -   657 1185s
 59494 36974    8.05230  636  922          -    6.87513      -   657 1191s
 59495 36974    6.87680  119  894          -    6.87680      -   657 1195s
 59499 36977    6.87787   97  889          -    6.87787      -   657 1201s
 59502 36979    6.92251  270  888          -    6.87848      -   657 1205s
 59507 36982    6.87860  248  906          -    6.87860      -   657 1212s
 59510 36984    6.87873  151  916          -    6.87873      -   656 1215s
 59513 36986    6.87885   67  902          -    6.87885      -   656 1222s
 59516 36988    6.87908   43  907          -    6.87908      -   656 1227s
 59518 36990    6.87923   49  904          -    6.87923      -   656 1230s
 59522 36992    7.45637  315  889          -    6.87941      -   656 1236s
 59524 36994    7.02770   95  906          -    6.88224      -   656 1240s
 59527 36996    8.10480  862  905          -    6.88370      -   656 1248s
 59529 36997    7.47588  336  881          -    6.88599      -   656 1251s
 59531 36998    6.88631  179  907          -    6.88631      -   656 1255s
 59535 37001    7.92702  171  905          -    6.88660      -   656 1261s
 59538 37003    8.76159  233  917          -    6.89108      -   656 1265s
 59541 37005    6.89355   52  905          -    6.89355      -   656 1273s
 59543 37006    7.60728  347  903          -    6.89381      -   656 1276s
 59547 37009    6.89399   45  904          -    6.89399      -   656 1282s
 59549 37010    7.46538  482  903          -    6.89400      -   656 1285s
 59553 37013    8.03053  495  895          -    6.89405      -   656 1290s
 59557 37016    7.47912  360  896          -    6.89412      -   656 1296s
 59558 37016    7.58427  631  887          -    6.89412      -   656 1330s
 59564 37022    7.67109  264 1035          -    7.56875      -   658 1335s
 59570 37026    7.78229  264  809          -    7.78229      -   658 1340s
 59576 37030    7.84514  154  810          -    7.84514      -   658 1345s
 59584 37035    7.97712  138  810          -    7.97712      -   658 1350s
 59594 37043    8.05230  636  788          -    7.97712      -   658 1357s
 59598 37046   10.58282   27  823          -    7.97712      -   658 1360s
 59606 37051    7.97712  239  791          -    7.97712      -   658 1365s
 59612 37055    7.97712  339  785          -    7.97712      -   658 1370s
 59619 37060    7.97712  372  771          -    7.97712      -   658 1375s
 59623 37063    7.97712  287  761          -    7.97712      -   658 1380s
 59631 37068    7.97712  179  767          -    7.97712      -   658 1385s
 59642 37076    7.97712  248  675          -    7.97712      -   658 1390s
 59648 37080    7.97712  112  747          -    7.97712      -   658 1395s
 59656 37086    7.97712  293  746          -    7.97712      -   658 1400s
 59662 37090    7.97712  175  779          -    7.97712      -   658 1405s
 59668 37094    7.97712  273  782          -    7.97712      -   658 1410s
 59676 37099    7.97712  154  777          -    7.97712      -   658 1415s
 59680 37102    7.97712  420  761          -    7.97712      -   658 1420s
 59685 37105    7.97712  135  773          -    7.97712      -   658 1426s
 59695 37113    7.97712  119  793          -    7.97712      -   658 1431s
 59701 37117    7.97712  173  786          -    7.97712      -   658 1436s
 59707 37121    7.97712  248  782          -    7.97712      -   658 1441s
 59712 37124    7.97712  339  779          -    7.97712      -   658 1445s
 59718 37128    7.97712   49  786          -    7.97712      -   658 1451s
 59719 37129    7.97712  372  772          -    7.97712      -   658 1490s
 59720 37130    7.97712  346  772          -    7.97712      -   658 1497s
 59721 37133    8.24276   79 2361          -    7.97712      -   658 1534s
 59723 37137    8.25451   80 2327          -    7.97712      -   658 1545s
 59727 37141    8.25503   81 2325          -    7.97971      -   659 1551s
 59749 37164 infeasible   83               -    7.98003      -   659 1555s
 59805 37231    7.98035   85 2171          -    7.98034      -   660 1561s
 59885 37258    7.98058   87 2184          -    7.98035      -   664 1565s
 60068 37432    7.98131   91 2081          -    7.98035      -   670 1570s
 60191 37436    7.98144   94 2085          -    7.98035      -   669 1576s
 60610 37781    7.98498   99 2285          -    7.98035      -   666 1581s
 61077 38113    7.98233  101 2101          -    7.98035      -   662 1585s
 61733 38595    7.98308  105 2027          -    7.98035      -   657 1590s
 62596 39187    7.98318  108 2028          -    7.98035      -   649 1595s
 63410 39696    7.98387  118 2049          -    7.98035      -   642 1600s
 65290 41429    7.98496  146 1973          -    7.98035      -   626 1607s
 66755 42550    7.98606  152 1987          -    7.98035      -   614 1611s
 69606 44776    7.98705  173 1936          -    7.98035      -   592 1615s
 78221 51027    7.99070  224 1884          -    7.98035      -   531 1620s
 87252 57125    7.99813  282 1790          -    7.98035      -   479 1625s
 94259 61541    8.00490  328 1820          -    7.98035      -   446 1631s
 99178 64796    8.01271  343 1798          -    7.98035      -   426 1637s
 102931 67754    8.01582  351 1803          -    7.98035      -   413 1640s
 107251 70517    8.02332  372 1779          -    7.98035      -   398 1646s
 111296 72942    8.03617  385 1773          -    7.98035      -   385 1650s
 115970 77017    8.03589  391 1771          -    7.98035      -   372 1657s
 119193 80808    8.03849  397 1788          -    7.98035      -   364 1661s
 124151 82092 infeasible  406               -    7.98035      -   351 1665s
 130895 86603    8.04590  417 1743          -    7.98058      -   336 1671s
 137460 91130    8.04678  421 1768          -    7.98058      -   323 1679s
 141034 90023    8.04788  425 1744          -    7.98058      -   316 1683s
 141125 93864    8.04877  426 1743          -    7.98058      -   316 1687s
 149000 99893 infeasible  440               -    7.98058      -   302 1693s
 153878 101798    8.05583  444 1760          -    7.98058      -   295 1695s
 161410 107672    8.05695  444 1766          -    7.98065      -   284 1701s
 169163 111968    8.05974  455 1760          -    7.98065      -   274 1707s
 173007 113566 infeasible  468               -    7.98065      -   269 1712s
 175280 116642    8.06517  466 1823          -    7.98065      -   267 1715s
 183050 124163    8.06514  467 1790          -    7.98065      -   259 1721s
 188926 129140    8.06525  468 1811          -    7.98065      -   254 1727s
 191872 131762 infeasible  467               -    7.98065      -   252 1730s
 194923 134307 infeasible  468               -    7.98065      -   249 1735s
 201294 140342    8.06492  471 1788          -    7.98065      -   245 1749s
 204601 143214    8.06421  469 1804          -    7.98065      -   243 1752s
 207832 143616    8.06559  473 1826          -    7.98065      -   240 1756s
 208291 162539    8.06559  474 1812          -    7.98065      -   240 1780s
 229990 168265    8.09112  521 1777          -    7.98065      -   228 1788s
 234981 172442    8.09049  526 1744          -    7.98065      -   225 1793s
 239301 175971    8.09065  527 1739          -    7.98065      -   222 1796s
 246035 182796    8.09822  545 1731          -    7.98065      -   219 1802s
 250157 186543    8.09844  551 1728          -    7.98065      -   217 1807s
 254026 190362    8.09961  562 1729          -    7.98065      -   215 1815s
 257951 194802    8.09960  560 1726          -    7.98065      -   213 1826s
 262499 195668    8.10168  563 1723          -    7.98065      -   210 1830s
 267589 203016    8.09961  562 1725          -    7.98065      -   208 1836s
 271041 206834    8.10105  564 1737          -    7.98065      -   206 1841s
 278343 214197    8.10618  574 1735          -    7.98069      -   203 1846s
 282620 217546    8.11223  598 1738          -    7.98069      -   201 1850s
 289666 224110    8.12223  623 1731          -    7.98069      -   198 1856s
 293032 227468    8.12989  648 1723          -    7.98069      -   197 1860s
 298887 232155 infeasible  650               -    7.98084      -   195 1867s
 301720 236635   10.39113   93 2389          -    7.98084      -   195 1870s
 310375 241266   10.79146  174 2080          -    7.98084      -   191 1875s
 315201 248160   10.79508  232 1996          -    7.98084      -   190 1881s
 318772 248221   10.81342  239 2012          -    7.98087      -   189 1885s
 322503 255030   10.81550  246 2001          -    7.98093      -   188 1891s
 326188 257567   10.89872  247 2016          -    7.98108      -   186 1895s
 332495 264444   10.85674  362 1773          -    7.98108      -   184 1902s
 336287 267590 infeasible  382               -    7.98108      -   183 1905s
 342491 273027   10.88618  402 1851          -    7.98108      -   182 1912s
 345521 276144 infeasible  403               -    7.98108      -   181 1915s
 351669 281803   10.92953  429 1872          -    7.98108      -   180 1923s
 355249 285235   10.88293  464 1825          -    7.98108      -   179 1927s
 358883 288182   10.88473  475 1810          -    7.98108      -   178 1931s
 364438 294540 infeasible  499               -    7.98108      -   178 1939s
 369136 297774   10.93774  590 1727          -    7.98108      -   177 1943s
 372698 301325   10.96039  646 1667          -    7.98108      -   176 1947s
 376643 301749   10.97057  683 1630          -    7.98108      -   176 1951s
 377195 306363   10.97168  681 1630          -    7.98108      -   175 1956s
 382493 310676 infeasible  735               -    7.98108      -   174 1962s
 387207 314862   11.00090  770 1578          -    7.98108      -   173 1965s
 394542 320701   11.00882  798 1568          -    7.98108      -   171 1972s
 398083 323798   11.01025  796 1576          -    7.98108      -   171 1977s
 401397 327622   11.02514  840 1544          -    7.98108      -   170 1981s
 405401 331710   11.04052  880 1509          -    7.98108      -   170 1987s
 409671 335785   11.05481  912 1505          -    7.98108      -   169 1992s
 413962 339929   11.05966  926 1490          -    7.98108      -   168 1995s
 422772 348026   11.08539  994 1436          -    7.98108      -   166 2003s
 426968 352275   11.09302 1022 1376          -    7.98108      -   165 2006s
 431443 355464   11.10121 1049 1376          -    7.98108      -   164 2010s
 439030 363614   11.10414 1068 1384          -    7.98108      -   162 2016s
 446495 370350   11.10750 1078 1384          -    7.98108      -   161 2029s
 450005 374255   11.12524 1083 1360          -    7.98108      -   160 2032s
 453930 379752   11.13046 1122 1360          -    7.98108      -   159 2036s
 462677 382754   11.14516 1121 1368          -    7.98108      -   157 2042s
 462801 385724   11.15493 1122 1366          -    7.98108      -   157 2046s
 469319 392160   11.15672 1126 1373          -    7.98108      -   156 2052s
 472365 395808 infeasible 1151               -    7.98131      -   155 2057s
 476081 399666   11.19676 1181 1299          -    7.98131      -   154 2060s
 483540 407985   11.22628 1247 1266          -    7.98131      -   153 2067s
 488570 411290 infeasible 1258               -    7.98148      -   152 2070s
 495664 417369    7.98991   97 2155          -    7.98148      -   151 2077s
 498267 420751    7.99065  101 2128          -    7.98148      -   150 2081s
 501795 424677    7.99613  107 2110          -    7.98148      -   150 2085s
 509340 430399    8.00079  135 1982          -    7.98148      -   149 2091s
 515890 437422    8.00574  165 1936          -    7.98158      -   148 2098s
 520024 440518    8.00921  181 1958          -    7.98158      -   147 2101s
 526934 444284    8.01410  216 1874          -    7.98159      -   146 2107s
 527593 447443    8.01501  215 1880          -    7.98159      -   146 2111s
 534885 454370    8.02280  238 1836          -    7.98159      -   145 2121s
 541942 461079    8.02310  255 1842          -    7.98159      -   145 2129s
 545922 464244    8.02499  259 1840          -    7.98159      -   144 2132s
 549478 468112    8.02424  259 1876          -    7.98159      -   144 2138s
 553852 471398    8.02781  268 1838          -    7.98159      -   143 2143s
 557374 474122    8.03148  284 1821          -    7.98159      -   143 2146s
 563006 480114    8.03548  311 1822          -    7.98159      -   142 2153s
 566866 483233    8.04044  335 1772          -    7.98159      -   142 2156s
 570145 487374    8.04138  355 1743          -    7.98159      -   142 2160s
 578241 491084    8.04828  383 1724          -    7.98159      -   141 2170s
 578338 520857    8.04832  387 1722          -    7.98159      -   141 2264s
 610062 524937    8.08322  551 1654          -    7.98159      -   140 2268s
 614586 527862    8.08865  566 1627          -    7.98159      -   139 2270s
 620365 532323    8.09578  599 1625          -    7.98159      -   139 2276s
 622996 535185    8.10060  622 1565          -    7.98167      -   139 2280s
 629379 541395    8.10677  651 1590          -    7.98167      -   138 2286s
 636052 546684    8.11469  699 1527          -    7.98167      -   137 2293s
 638625 550109    8.11866  713 1520          -    7.98167      -   137 2296s
 642191 553452    8.12262  727 1526          -    7.98167      -   137 2300s
 649022 556850    8.12332  743 1549          -    7.98167      -   136 2309s
 649118 560286    8.12411  743 1535          -    7.98167      -   136 2312s
 652744 564112    8.12470  746 1517          -    7.98167      -   136 2316s
 660642 571172    8.13291  774 1495          -    7.98167      -   135 2322s
 664284 574898    8.13704  792 1492          -    7.98173      -   135 2326s
 668268 578457    8.14384  825 1454          -    7.98173      -   135 2330s
 672061 581938    8.15073  840 1458          -    7.98173      -   134 2337s
 675716 585265    8.16331  866 1426          -    7.98173      -   134 2340s
 683147 591953 infeasible  925               -    7.98173      -   134 2347s
 686525 594453    8.20027  928 1390          -    7.98173      -   133 2351s
 692408 600048 infeasible  946               -    7.98180      -   133 2358s
 695518 603259 infeasible  944               -    7.98184      -   133 2361s
 698907 607158 infeasible  945               -    7.98184      -   133 2365s
 707542 614628    8.23782 1008 1356          -    7.98184      -   133 2372s
 711110 617130    8.25920 1023 1343          -    7.98185      -   132 2377s
 713928 620045    8.26736 1046 1346          -    7.98185      -   132 2382s
 717096 622836    8.28060 1086 1296          -    7.98185      -   132 2385s
 722969 627134 infeasible 1197               -    7.98197      -   132 2392s
 724887 629765    7.98302  105 2143          -    7.98200      -   132 2395s
 730733 632681    7.98305  115 2067          -    7.98202      -   132 2404s
 730883 635646    7.98306  118 2050          -    7.98202      -   132 2407s
 734006 638322    7.98306  124 2037          -    7.98202      -   131 2413s
 736772 642353    7.99078  150 2019          -    7.98202      -   131 2418s
 741001 646251    7.99255  159 1919          -    7.98202      -   131 2422s
 744993 649299    7.99831  204 1928          -    7.98202      -   131 2425s
 752380 656256    8.00484  262 1846          -    7.98202      -   131 2432s
 755377 659113    8.29286  283 1915          -    7.98202      -   130 2435s
 758515 662906    8.31017  287 1947          -    7.98202      -   130 2440s
 767306 669989   10.95005  328 1853          -    7.98202      -   130 2446s
 773325 674602    8.33423  362 1824          -    7.98202      -   129 2454s
 775925 678248    8.01998  376 1701          -    7.98202      -   129 2458s
 779635 682382    8.02287  385 1706          -    7.98202      -   129 2462s
 783839 686245    8.02284  385 1695          -    7.98202      -   129 2466s
 787787 689860    8.02398  398 1701          -    7.98202      -   129 2470s
 795889 698031    8.02509  408 1665          -    7.98202      -   128 2479s
 800133 702053    8.02799  428 1670          -    7.98202      -   128 2483s
 804239 705343    8.02872  434 1629          -    7.98202      -   127 2486s
 811099 711960    8.03383  454 1586          -    7.98202      -   127 2493s
 814678 712113    8.03775  467 1605          -    7.98202      -   127 2498s
 814845 715285    8.03773  469 1604          -    7.98204      -   127 2502s
 818195 718000    8.04182  475 1600          -    7.98204      -   126 2505s
 824278 723628    8.04969  509 1561          -    7.98204      -   126 2513s
 827359 726446    8.05169  523 1606          -    7.98204      -   126 2516s
 830767 729086    8.05329  533 1573          -    7.98204      -   126 2520s
 837529 735986    8.05682  561 1512          -    7.98204      -   126 2529s
 841419 739582    8.06244  574 1533          -    7.98204      -   125 2535s
 848973 746006    8.06914  606 1507          -    7.98204      -   125 2542s
 852449 748567    8.07357  644 1474          -    7.98204      -   125 2546s
 855226 751915    8.07851  667 1461          -    7.98204      -   125 2550s
 861740 757698    8.09278  716 1416          -    7.98204      -   125 2558s
 864916 761076    8.09789  745 1366          -    7.98204      -   125 2563s
 868498 764445    8.10664  767 1395          -    7.98204      -   125 2567s
 872179 764541    8.10536  768 1403          -    7.98204      -   125 2573s
 872279 767766    8.10558  767 1401          -    7.98204      -   125 2577s
 875832 770556 infeasible  770               -    7.98204      -   124 2581s
 878856 773797    8.11045  776 1390          -    7.98204      -   124 2586s
 882313 776776    8.11142  777 1400          -    7.98206      -   124 2590s
 889589 784412    8.11341  779 1368          -    7.98206      -   124 2599s
 893364 787192    8.11441  781 1368          -    7.98206      -   124 2603s
 896332 790455    8.11478  788 1363          -    7.98206      -   124 2608s
 899787 794898    8.11919  798 1358          -    7.98206      -   124 2613s
 904411 798969 infeasible  801               -    7.98206      -   124 2618s
 908638 802329 infeasible  817               -    7.98206      -   124 2621s
 912225 805424    8.12493  818 1356          -    7.98206      -   124 2625s
 918814 811858 infeasible  843               -    7.98221      -   124 2633s
 922478 814882    8.12796  849 1359          -    7.98225      -   124 2637s
 925706 818402    8.13091  852 1348          -    7.98225      -   124 2641s
 929446 822323    8.13144  861 1360          -    7.98225      -   123 2646s
 937589 830269    8.13444  866 1357          -    7.98225      -   123 2654s
 941630 833661    8.13290  866 1356          -    7.98225      -   123 2658s
 945189 837100 infeasible  872               -    7.98225      -   123 2662s
 948880 840315    8.13763  871 1354          -    7.98225      -   123 2665s
 955999 843519 infeasible  873               -    7.98225      -   123 2673s
 956095 847273    8.13862  872 1353          -    7.98225      -   123 2678s
 960153 850213    8.14262  880 1345          -    7.98225      -   122 2682s
 963377 854097    8.14461  880 1343          -    7.98225      -   122 2686s
 967631 858239    8.14936  909 1342          -    7.98225      -   122 2691s
[2026-05-04T16:52:42.338] error: *** JOB 13631762 ON x1007c0s7b0n1 CANCELLED AT 2026-05-04T16:52:42 DUE TO TIME LIMIT ***
