2026-05-03 10:45:06 [INFO] idaes.apps.grid_integration.pricetaker.price_taker_model: Found minimum uptime/downtime data for pretreatment.uf_pumps[1] - Adding minimum uptime/downtime constraints.
2026-05-03 10:45:06 [INFO] idaes.apps.grid_integration.pricetaker.price_taker_model: Created startup/shutdown constraints for operation model  pretreatment.uf_pumps[1] at uf_pumps_1_startup_shutdown.
2026-05-03 10:45:06 [INFO] idaes.apps.grid_integration.pricetaker.price_taker_model: Found minimum uptime/downtime data for pretreatment.uf_pumps[2] - Adding minimum uptime/downtime constraints.
2026-05-03 10:45:06 [INFO] idaes.apps.grid_integration.pricetaker.price_taker_model: Created startup/shutdown constraints for operation model  pretreatment.uf_pumps[2] at uf_pumps_2_startup_shutdown.
2026-05-03 10:45:06 [INFO] idaes.apps.grid_integration.pricetaker.price_taker_model: Found minimum uptime/downtime data for pretreatment.uf_pumps[3] - Adding minimum uptime/downtime constraints.
2026-05-03 10:45:06 [INFO] idaes.apps.grid_integration.pricetaker.price_taker_model: Created startup/shutdown constraints for operation model  pretreatment.uf_pumps[3] at uf_pumps_3_startup_shutdown.
2026-05-03 10:45:06 [INFO] idaes.apps.grid_integration.pricetaker.price_taker_model: Found minimum uptime/downtime data for reverse_osmosis.ro_skid[1] - Adding minimum uptime/downtime constraints.
2026-05-03 10:45:06 [INFO] idaes.apps.grid_integration.pricetaker.price_taker_model: Created startup/shutdown constraints for operation model  reverse_osmosis.ro_skid[1] at ro_skid_1_startup_shutdown.
2026-05-03 10:45:06 [INFO] idaes.apps.grid_integration.pricetaker.price_taker_model: Found minimum uptime/downtime data for reverse_osmosis.ro_skid[2] - Adding minimum uptime/downtime constraints.
2026-05-03 10:45:06 [INFO] idaes.apps.grid_integration.pricetaker.price_taker_model: Created startup/shutdown constraints for operation model  reverse_osmosis.ro_skid[2] at ro_skid_2_startup_shutdown.
2026-05-03 10:45:06 [INFO] idaes.apps.grid_integration.pricetaker.price_taker_model: Found minimum uptime/downtime data for reverse_osmosis.ro_skid[3] - Adding minimum uptime/downtime constraints.
2026-05-03 10:45:06 [INFO] idaes.apps.grid_integration.pricetaker.price_taker_model: Created startup/shutdown constraints for operation model  reverse_osmosis.ro_skid[3] at ro_skid_3_startup_shutdown.
2026-05-03 10:45:06 [INFO] idaes.apps.grid_integration.pricetaker.price_taker_model: Found minimum uptime/downtime data for reverse_osmosis.ro_skid[4] - Adding minimum uptime/downtime constraints.
2026-05-03 10:45:06 [INFO] idaes.apps.grid_integration.pricetaker.price_taker_model: Created startup/shutdown constraints for operation model  reverse_osmosis.ro_skid[4] at ro_skid_4_startup_shutdown.
4033
Set parameter TokenServer to value "10.60.1.73"
Set parameter LogToConsole to value 1
Set parameter MIPGap to value 0.01
Gurobi Optimizer version 12.0.3 build v12.0.3rc0 (linux64 - "Red Hat Enterprise Linux 8.8 (Ootpa)")

CPU model: Intel(R) Xeon(R) Platinum 8470QL, instruction set [SSE2|AVX|AVX2|AVX512]
Thread count: 104 physical cores, 104 logical processors, using up to 32 threads

Non-default parameters:
MIPGap  0.01

Optimize a model with 18293 rows, 16979 columns and 50357 nonzeros
Model fingerprint: 0x6eae85ca
Model has 2352 quadratic constraints
Model has 1 general nonlinear constraint (0 nonlinear terms)
Variable types: 11601 continuous, 5378 integer (5378 binary)
Coefficient statistics:
  Matrix range     [2e-02, 1e+06]
  QMatrix range    [2e-07, 1e+00]
  QLMatrix range   [3e-04, 1e+00]
  Objective range  [1e+00, 1e+00]
  Bounds range     [1e+00, 1e+06]
  RHS range        [1e+00, 1e+06]
  QRHS range       [3e-01, 5e-01]
Presolve model has 1 nlconstr
Added 4 variables to disaggregate expressions.
Presolve removed 7404 rows and 7928 columns
Presolve time: 0.10s
Presolved: 19142 rows, 9056 columns, 49004 nonzeros
Presolved model has 2354 bilinear constraint(s)
Presolved model has 2 nonlinear constraint(s)

Solving non-convex MINLP

Variable types: 5385 continuous, 3671 integer (3671 binary)

Root relaxation: objective 4.041560e+00, 26437 iterations, 2.85 seconds (3.82 work units)

    Nodes    |    Current Node    |     Objective Bounds      |     Work
 Expl Unexpl |  Obj  Depth IntInf | Incumbent    BestBd   Gap | It/Node Time

     0     0    4.04156    0 3232          -    4.04156      -     -    3s
     0     0    4.98079    0 3448          -    4.98079      -     -    3s
     0     0    5.96764    0 3237          -    5.96764      -     -    5s
     0     0    6.04396    0 3109          -    6.04396      -     -    6s
     0     0    6.07528    0 3455          -    6.07528      -     -    6s
     0     0    6.08510    0 3482          -    6.08510      -     -    6s
     0     0    6.12525    0 3599          -    6.12525      -     -    7s
     0     0    6.13169    0 3600          -    6.13169      -     -    8s
     0     0    6.16461    0 3578          -    6.16461      -     -    9s
     0     0    6.16734    0 3635          -    6.16734      -     -    9s
     0     0    6.18600    0 3477          -    6.18600      -     -   10s
     0     0    6.19169    0 3471          -    6.19169      -     -   10s
     0     0    6.23222    0 3498          -    6.23222      -     -   11s
     0     0    6.23567    0 3462          -    6.23567      -     -   11s
     0     0    6.24055    0 3457          -    6.24055      -     -   11s
     0     0    6.49644    0 3428          -    6.49644      -     -   14s
     0     2    6.49644    0 3428          -    6.49644      -     -   17s
    15    32    6.72100    4 3408          -    6.51788      -   661   21s
    31    62    6.73750    5 3329          -    6.52132      -  2363   26s
    95   155    7.07696    7 3660          -    6.52186      -  2454   32s
   156   288    7.08136    9 3645          -    6.52186      -  1896   36s
   404   438    8.33579   15 3421          -    6.52186      -  1419   41s
   606   544    8.54414   18 3496          -    6.52613      -  1399   48s
   681   577    8.62369   18 3507          -    6.52613      -  1457   53s
   762   605    8.54687   19 3498          -    6.52613      -  1490   56s
   848   633    8.61306   22 3444          -    6.52613      -  1519   61s
  1167   753    8.98594   29 3411          -    6.52613      -  1389   69s
  1300   785 infeasible   33               -    6.52613      -  1361   72s
  1538   885 infeasible   36               -    6.53593      -  1353   76s
  1993  1089    9.74429   56 3213          -    6.54811      -  1240   81s
  2183  1160    9.79845   57 3204          -    6.54811      -  1214   86s
  2368  1249    9.98136   61 3180          -    6.55016      -  1196   91s
  2563  1338   10.07574   64 3146          -    6.55083      -  1205   97s
  2808  1440    6.66151    7 3210          -    6.55083      -  1165  100s
  3265  1722    6.74144   16 3057          -    6.55083      -  1169  107s
  3508  1915    6.75003   19 3071          -    6.55083      -  1154  110s
  4242  2266    6.77195   27 3041          -    6.55124      -  1042  115s
  4608  2268    7.46390   10 1398          -    6.55124      -  1005  120s
  4611  2270    6.64752   44 1235          -    6.55124      -  1005  126s
  4613  2272    9.35330   20 1231          -    6.57216      -  1004  130s
  4616  2274    6.63581   34 1256          -    6.58075      -  1004  135s
  4624  2279    6.97948   88 1250          -    6.58743      -  1002  140s
  4634  2286    9.05193   76 1199          -    6.59631      -  1000  145s
  4649  2296    7.72556    7 1233          -    6.59778      -   997  150s
  4666  2307   10.56349   51 1236          -    6.59969      -   993  157s
  4670  2311    6.89706   60 1347          -    6.59969      -  1010  161s
  4672  2313    6.94718   70 1193          -    6.59969      -  1010  165s
  4675  2315   10.50468  103 1179          -    6.60026      -  1009  170s
  4681  2319    6.69194   27 1153          -    6.61066      -  1008  175s
  4692  2326   10.88008   10 1174          -    6.61144      -  1006  180s
  4696  2329    6.68869  124 1162          -    6.61146      -  1005  217s
  4700  2332   10.56245   18  779          -    7.14887      -  1017  220s
  4716  2343    7.78708   34  861          -    7.78708      -  1013  225s
  4738  2359    7.79976  144  834          -    7.79976      -  1015  230s
  4774  2384    7.79976   76  826          -    7.79976      -  1012  236s
  4792  2396   10.88008   10  833          -    7.79976      -  1008  240s
  4810  2410    7.79976   69  802          -    7.79976      -  1011  245s
  4831  2425    9.75978   59  829          -    7.79976      -  1014  250s
  4853  2441    7.79976   78  703          -    7.79976      -  1015  255s
  4876  2457    7.92820  120  607          -    7.92820      -  1016  260s
  4900  2474   10.56245   18  764          -    7.93226      -  1016  266s
  4912  2482    7.93226   73  816          -    7.93226      -  1014  270s
  4916  2485    7.93226   34  785          -    7.93226      -  1013  310s
H 4916  2360                       9.6971496    7.93226  18.2%  1013  317s
H 4916  2242                       9.6961496    7.93226  18.2%  1013  317s
H 4917  2132                       9.6931782    7.93226  18.2%  1020  345s
  4918  2133    8.68313  104 2331    9.69318    7.93226  18.2%  1020  352s
  4920  2137    8.70522  105 2294    9.69318    7.93226  18.2%  1020  361s
  4924  2140 infeasible  106         9.69318    7.93226  18.2%  1022  366s
  4932  2147    7.96994  107 2301    9.69318    7.96891  17.8%  1033  375s
H 4953  2055                       9.6183716    7.97025  17.1%  1041  377s
  4967  2075    7.97233  109 2264    9.61837    7.97025  17.1%  1043  380s
  4999  2095    7.97411  110 2203    9.61837    7.97233  17.1%  1050  385s
H 5012  1990                       9.5450083    7.97233  16.5%  1056  385s
  5061  2060    7.97652  111 2211    9.54501    7.97498  16.4%  1100  390s
  5158  2109    7.97503  113 2177    9.54501    7.97498  16.4%  1102  396s
H 5161  2011                       9.5444512    7.97498  16.4%  1101  396s
H 5164  1919                       9.5415713    7.97498  16.4%  1101  396s
H 5186  1825                       9.5056290    7.97498  16.1%  1101  396s
  5361  1947    7.97549  117 2150    9.50563    7.97498  16.1%  1084  400s
H 5363  1863                       9.5050719    7.97498  16.1%  1084  400s
H 5373  1782                       9.4953877    7.97498  16.0%  1084  400s
H 5402  1697                       9.4953858    7.97498  16.0%  1080  400s
H 5454  1688                       9.4948858    7.97498  16.0%  1073  401s
H 5553  1668                       9.4930221    7.97498  16.0%  1061  402s
H 5556  1603                       9.4925768    7.97498  16.0%  1061  402s
H 5567  1538                       9.4914271    7.97498  16.0%  1060  402s
H 5610  1466                       9.4906796    7.97498  16.0%  1053  402s
  5751  1616    7.97665  124 2140    9.49068    7.97498  16.0%  1037  406s
H 5786  1550                       9.4896840    7.97498  16.0%  1032  406s
H 5807  1490                       9.4896840    7.97498  16.0%  1029  406s
H 5854  1514                       9.4891840    7.97498  16.0%  1027  409s
  5957  1554    7.97795  126 2140    9.48918    7.97498  16.0%  1019  411s
H 5959  1506                       9.4891838    7.97498  16.0%  1019  411s
H 5999  1448                       9.4891835    7.97498  16.0%  1013  411s
H 6029  1396                       9.4881841    7.97498  15.9%  1009  411s
  6445  1797    7.97892  136 2046    9.48818    7.97498  15.9%   958  415s
H 6602  1704                       9.4875163    7.97498  15.9%   937  415s
H 6614  1821                       9.4865163    7.97498  15.9%   936  419s
  6784  1923    7.97985  142 2048    9.48652    7.97498  15.9%   920  422s
  7167  2205    7.98083  145 2056    9.48652    7.97498  15.9%   887  426s
H 7195  2205                       9.4865028    7.97498  15.9%   884  426s
  7614  2571    7.98032  147 2049    9.48650    7.97502  15.9%   846  431s
  7977  2800    7.98158  151 2018    9.48650    7.97504  15.9%   823  437s
H 8253  3068                       9.4863189    7.97504  15.9%   805  441s
  8523  3306    7.98294  159 1987    9.48632    7.97504  15.9%   794  445s
  9045  4060    7.98470  172 1971    9.48632    7.97504  15.9%   767  450s
H 9076  4060                       9.4863169    7.97504  15.9%   766  450s
 10026  5244    7.98723  209 1904    9.48632    7.97504  15.9%   713  455s
H10706  5905                       9.4859657    7.97504  15.9%   677  459s
H11101  5905                       9.4859656    7.97504  15.9%   657  459s
 11395  6629    7.98911  236 1863    9.48597    7.97504  15.9%   645  461s
 12955  8007    7.99083  250 1839    9.48597    7.97504  15.9%   591  466s
 13647  8060    7.99182  267 1825    9.48597    7.97514  15.9%   573  471s
 13782  8327    7.99228  267 1819    9.48597    7.97514  15.9%   575  475s
 14408  9400    7.99360  277 1823    9.48597    7.97514  15.9%   564  482s
 15098 10299    7.99459  293 1773    9.48597    7.97514  15.9%   546  486s
 17298 12683    7.99931  354 1648    9.48597    7.97514  15.9%   493  491s
 19787 14944    8.00270  418 1664    9.48597    7.97514  15.9%   446  499s
 20918 16372    8.00515  428 1658    9.48597    7.97514  15.9%   432  502s
 22432 18007    8.00777  454 1638    9.48597    7.97514  15.9%   413  505s
 25394 20300    8.01103  480 1557    9.48597    7.97531  15.9%   382  510s
 27825 23073    8.01554  501 1596    9.48597    7.97531  15.9%   367  516s
 31955 26775    8.02193  537 1568    9.48597    7.97531  15.9%   339  522s
 33454 28254    8.02247  544 1552    9.48597    7.97531  15.9%   330  526s
 36644 31551    8.02688  578 1547    9.48597    7.97543  15.9%   312  530s
 39866 33699    8.02999  606 1515    9.48597    7.97543  15.9%   296  535s
 42323 36447    8.03226  615 1520    9.48597    7.97547  15.9%   288  540s
 48596 43046    8.03857  641 1485    9.48597    7.97548  15.9%   265  547s
 52411 47800    8.04304  661 1482    9.48597    7.97549  15.9%   254  552s
 55693 50149    8.04546  672 1464    9.48597    7.97549  15.9%   243  555s
 60442 52223    8.68886  450 1402    9.48597    7.97551  15.9%   233  609s
 60444 52224    8.84782  418  689    9.48597    7.97551  15.9%   233  611s
 60449 52228    8.60735  763  809    9.48597    7.97551  15.9%   233  615s
 60456 52232    8.64119  569  817    9.48597    7.97551  15.9%   233  620s
 60462 52236    8.68230  363  822    9.48597    7.97551  15.9%   233  626s
 60463 52237    8.87307  865  819    9.48597    7.97551  15.9%   233  630s
 60465 52241    7.97551  113 2352    9.48597    7.97551  15.9%   234  676s
 60467 52245    7.97551  114 2286    9.48597    7.97551  15.9%   234  683s
 60471 52251    8.22403  115 2266    9.48597    7.97551  15.9%   234  688s
 60479 52265    8.23315  116 2269    9.48597    7.97551  15.9%   234  696s
 60495 52275    8.24196  117 2295    9.48597    7.97551  15.9%   235  701s
 60527 52277    8.24271  118 2284    9.48597    7.97551  15.9%   237  705s
 60660 52396    8.25885  122 2179    9.48597    7.97551  15.9%   244  711s
 60858 52529    8.26332  125 2236    9.48597    7.97551  15.9%   247  715s
 61262 52753    8.25890  129 2155    9.48597    7.97551  15.9%   247  720s
 61344 52818    8.25897  129 2169    9.48597    7.97551  15.9%   247  725s
H61446 50280                       9.4859530    7.97551  15.9%   248  727s
 61938 50626    8.26041  136 2144    9.48595    7.97551  15.9%   247  731s
 62392 50921    8.26605  142 2156    9.48595    7.97551  15.9%   246  735s
 62924 51270    8.26720  149 2138    9.48595    7.97551  15.9%   246  741s
 63584 51781    8.29390  155 2238    9.48595    7.97551  15.9%   245  746s
 64327 52449    8.26816  160 2088    9.48595    7.97551  15.9%   244  755s
 64998 52947    8.26930  166 2083    9.48595    7.97551  15.9%   244  761s
 65640 52883    8.27231  179 2068    9.48595    7.97551  15.9%   243  766s
 65853 53082    8.27231  180 2069    9.48595    7.97551  15.9%   243  770s
 66210 53381    8.27232  181 2065    9.48595    7.97551  15.9%   243  775s
H66471 51184                       9.4859522    7.97551  15.9%   243  777s
 66869 51508 infeasible  182         9.48595    7.97551  15.9%   243  780s
 68758 52944    8.27333  184 2063    9.48595    7.97551  15.9%   241  788s
 69501 53690    8.27364  185 2056    9.48595    7.97551  15.9%   240  790s
 71583 55260    8.27664  197 2037    9.48595    7.97551  15.9%   237  795s
 74449 57201    8.27884  218 2016    9.48595    7.97551  15.9%   233  800s
 77216 58891    8.28030  229 2011    9.48595    7.97551  15.9%   229  805s
 81721 61095    8.28512  278 1951    9.48595    7.97551  15.9%   224  812s
 82618 62357    8.28551  289 1931    9.48595    7.97551  15.9%   223  815s
 85964 64896    8.29004  339 1919    9.48595    7.97551  15.9%   218  821s
 89695 66415    8.29837  379 1848    9.48595    7.97551  15.9%   213  827s
 91001 69683    8.29977  397 1808    9.48595    7.97551  15.9%   213  832s
 96029 70903    8.31522  457 1773    9.48595    7.97551  15.9%   209  839s
 98014 71895    8.32456  534 1692    9.48595    7.97551  15.9%   209  842s
 99832 73225    8.40811  602 1643    9.48595    7.97551  15.9%   208  845s
 104206 76420    8.37172  746 1486    9.48595    7.97551  15.9%   204  850s
 109278 80278    8.40885  932 1366    9.48595    7.97551  15.9%   199  856s
 115909 84182    8.44823 1109 1281    9.48595    7.97551  15.9%   192  863s
 118762 88074    8.46354 1141 1239    9.48595    7.97551  15.9%   190  868s
 123913 88892    8.49122 1225 1235    9.48595    7.97551  15.9%   187  871s
 128889 91285    8.52855  156 2077    9.48595    7.97551  15.9%   185  876s
 131150 92884    7.98673  164 2059    9.48595    7.97551  15.9%   184  880s
 137204 97571    8.61869  196 2073    9.48595    7.97551  15.9%   181  890s
 145497 100800    8.68053  198 2075    9.48595    7.97551  15.9%   176  898s
 147324 104960    8.82517  211 1960    9.48595    7.97551  15.9%   175  901s
 152299 107240    8.99702  261 1989    9.48595    7.97551  15.9%   172  907s
 156699 109916    9.32106  317 1911    9.48595    7.97551  15.9%   172  911s
 161021 111609    9.42956  397 1835    9.48595    7.97551  15.9%   170  915s
 168754 117638 infeasible  414         9.48595    7.97551  15.9%   167  924s
 173223 119738 infeasible  414         9.48595    7.97551  15.9%   165  930s
 181267 124323    7.97551  178 2015    9.48595    7.97551  15.9%   162  939s
 184993 126661    7.97551  216 1967    9.48595    7.97551  15.9%   162  945s
 192590 131227    8.49871  375 1702    9.48595    7.97551  15.9%   161  952s
 196505 134287    8.52996  519 1533    9.48595    7.97551  15.9%   160  956s
 201046 136275 infeasible  616         9.48595    7.97551  15.9%   159  960s
 204859 139598 infeasible  617         9.48595    7.97551  15.9%   158  965s
 211679 145464    8.70007  626 1493    9.48595    7.97551  15.9%   158  974s
 215421 148169    8.69708  623 1482    9.48595    7.97551  15.9%   158  978s
 218354 151228    7.97551  156 2100    9.48595    7.97551  15.9%   158  983s
 221779 154666    7.97638  223 1984    9.48595    7.97551  15.9%   158  989s
 225678 158490    7.97982  310 1826    9.48595    7.97551  15.9%   158  994s
 229940 163323    8.50095  376 1715    9.48595    7.97551  15.9%   158  999s
 235364 167476    8.53574  458 1614    9.48595    7.97551  15.9%   156 1003s
 239911 171104    8.63498  582 1561    9.48595    7.97551  15.9%   155 1007s
 244031 174508    8.72905  647 1462    9.48595    7.97551  15.9%   154 1013s
 247956 177497 infeasible  707         9.48595    7.97551  15.9%   154 1017s
 251233 178263    7.97595  156 2081    9.48595    7.97551  15.9%   154 1021s
 252134 181013    7.97696  170 2047    9.48595    7.97551  15.9%   154 1026s
 255172 187307    7.98137  203 2003    9.48595    7.97551  15.9%   154 1031s
 261663 190790    8.50361  331 1857    9.48595    7.97551  15.9%   152 1036s
 265598 194258    8.51678  362 1872    9.48595    7.97551  15.9%   152 1041s
 273804 201847    8.55022  572 1611    9.48595    7.97551  15.9%   150 1049s
 277776 204614 infeasible  635         9.48595    7.97551  15.9%   150 1054s
 280861 208261    8.71821  635 1465    9.48595    7.97551  15.9%   150 1060s
 284900 211391    7.97685  151 2133    9.48595    7.97551  15.9%   150 1065s
 292327 214828    7.99327  207 2002    9.48595    7.97551  15.9%   149 1073s
 292371 216241    7.99361  208 1986    9.48595    7.97551  15.9%   149 1077s
 294032 218179    7.99394  209 1987    9.48595    7.97551  15.9%   149 1082s
 296358 221997    7.99444  210 1985    9.48595    7.97551  15.9%   149 1087s
 300528 225975    8.02465  303 1843    9.48595    7.97551  15.9%   148 1091s
 304841 229376    8.17885  463 1635    9.48595    7.97551  15.9%   148 1096s
 308574 233877    8.80950  705 1363    9.48595    7.97551  15.9%   148 1100s
 317136 241024    9.39747 1182 1257    9.48595    7.97551  15.9%   146 1108s
 321342 243703 infeasible  139         9.48595    7.97551  15.9%   146 1111s
 324431 246698    7.98013  143 2129    9.48595    7.97551  15.9%   145 1115s
 330197 251897    7.97921  146 2125    9.48595    7.97551  15.9%   145 1123s
 333688 254788    7.98131  152 2064    9.48595    7.97551  15.9%   145 1127s
 336951 256898    7.98057  150 2124    9.48595    7.97551  15.9%   145 1132s
 339499 263504    7.98789  156 2082    9.48595    7.97551  15.9%   145 1141s
 346847 265817    8.50674  164 2119    9.48595    7.97551  15.9%   144 1145s
 349318 270395    8.51020  170 2087    9.48595    7.97551  15.9%   145 1150s
 354246 274176    8.52181  174 2081    9.48595    7.97551  15.9%   144 1155s
 360805 278077    8.54204  217 2024    9.48595    7.97551  15.9%   144 1164s
 362884 279211    8.54478  226 2011    9.48595    7.97551  15.9%   144 1168s
 364078 282110    8.54607  229 2003    9.48595    7.97551  15.9%   144 1172s
 367205 286437    8.60520  244 2111    9.48595    7.97551  15.9%   144 1177s
 371694 289511    8.59240  245 2072    9.48595    7.97551  15.9%   144 1180s
 378897 295978    8.84107  257 2036    9.48595    7.97551  15.9%   143 1186s
 381899 298390    8.84441  261 2001    9.48595    7.97551  15.9%   143 1191s
 387700 304091    8.85265  285 1964    9.48595    7.97551  15.9%   143 1198s
 390690 306934    8.92142  311 2028    9.48595    7.97551  15.9%   143 1203s
 393785 309077    8.94956  335 2029    9.48595    7.97551  15.9%   143 1207s
 396124 313804    9.04108  341 2018    9.48595    7.97551  15.9%   143 1211s
 401123 316852    9.19123  360 2036    9.48595    7.97551  15.9%   142 1215s
[2026-05-03T11:05:25.080] error: *** JOB 13615119 ON x1006c6s5b0n0 CANCELLED AT 2026-05-03T11:05:25 DUE TO TIME LIMIT ***
