2026-05-01 09:42:29 [INFO] idaes.apps.grid_integration.pricetaker.price_taker_model: Found minimum uptime/downtime data for pretreatment.uf_pumps[1] - Adding minimum uptime/downtime constraints.
2026-05-01 09:42:29 [INFO] idaes.apps.grid_integration.pricetaker.price_taker_model: Created startup/shutdown constraints for operation model  pretreatment.uf_pumps[1] at uf_pumps_1_startup_shutdown.
2026-05-01 09:42:29 [INFO] idaes.apps.grid_integration.pricetaker.price_taker_model: Found minimum uptime/downtime data for pretreatment.uf_pumps[2] - Adding minimum uptime/downtime constraints.
2026-05-01 09:42:29 [INFO] idaes.apps.grid_integration.pricetaker.price_taker_model: Created startup/shutdown constraints for operation model  pretreatment.uf_pumps[2] at uf_pumps_2_startup_shutdown.
2026-05-01 09:42:29 [INFO] idaes.apps.grid_integration.pricetaker.price_taker_model: Found minimum uptime/downtime data for pretreatment.uf_pumps[3] - Adding minimum uptime/downtime constraints.
2026-05-01 09:42:29 [INFO] idaes.apps.grid_integration.pricetaker.price_taker_model: Created startup/shutdown constraints for operation model  pretreatment.uf_pumps[3] at uf_pumps_3_startup_shutdown.
2026-05-01 09:42:29 [INFO] idaes.apps.grid_integration.pricetaker.price_taker_model: Found minimum uptime/downtime data for reverse_osmosis.ro_skid[1] - Adding minimum uptime/downtime constraints.
2026-05-01 09:42:29 [INFO] idaes.apps.grid_integration.pricetaker.price_taker_model: Created startup/shutdown constraints for operation model  reverse_osmosis.ro_skid[1] at ro_skid_1_startup_shutdown.
2026-05-01 09:42:29 [INFO] idaes.apps.grid_integration.pricetaker.price_taker_model: Found minimum uptime/downtime data for reverse_osmosis.ro_skid[2] - Adding minimum uptime/downtime constraints.
2026-05-01 09:42:29 [INFO] idaes.apps.grid_integration.pricetaker.price_taker_model: Created startup/shutdown constraints for operation model  reverse_osmosis.ro_skid[2] at ro_skid_2_startup_shutdown.
2026-05-01 09:42:29 [INFO] idaes.apps.grid_integration.pricetaker.price_taker_model: Found minimum uptime/downtime data for reverse_osmosis.ro_skid[3] - Adding minimum uptime/downtime constraints.
2026-05-01 09:42:29 [INFO] idaes.apps.grid_integration.pricetaker.price_taker_model: Created startup/shutdown constraints for operation model  reverse_osmosis.ro_skid[3] at ro_skid_3_startup_shutdown.
2026-05-01 09:42:29 [INFO] idaes.apps.grid_integration.pricetaker.price_taker_model: Found minimum uptime/downtime data for reverse_osmosis.ro_skid[4] - Adding minimum uptime/downtime constraints.
2026-05-01 09:42:29 [INFO] idaes.apps.grid_integration.pricetaker.price_taker_model: Created startup/shutdown constraints for operation model  reverse_osmosis.ro_skid[4] at ro_skid_4_startup_shutdown.
3865
Set parameter TokenServer to value "10.60.1.73"
Set parameter LogToConsole to value 1
Set parameter MIPGap to value 0.01
Gurobi Optimizer version 12.0.3 build v12.0.3rc0 (linux64 - "Red Hat Enterprise Linux 8.8 (Ootpa)")

CPU model: Intel(R) Xeon(R) Platinum 8470QL, instruction set [SSE2|AVX|AVX2|AVX512]
Thread count: 104 physical cores, 104 logical processors, using up to 32 threads

Non-default parameters:
MIPGap  0.01

Optimize a model with 17453 rows, 16139 columns and 48509 nonzeros
Model fingerprint: 0xdfcf5e0e
Model has 2352 quadratic constraints
Model has 1 general nonlinear constraint (0 nonlinear terms)
Variable types: 10929 continuous, 5210 integer (5210 binary)
Coefficient statistics:
  Matrix range     [2e-02, 2e+03]
  QMatrix range    [2e-07, 1e+00]
  QLMatrix range   [3e-04, 1e+00]
  Objective range  [1e+00, 1e+00]
  Bounds range     [1e+00, 1e+03]
  RHS range        [1e+00, 3e+05]
  QRHS range       [3e-01, 5e-01]
Presolve model has 1 nlconstr
Added 4 variables to disaggregate expressions.
Presolve removed 7068 rows and 7592 columns
Presolve time: 0.11s
Presolved: 18638 rows, 8552 columns, 47823 nonzeros
Presolved model has 2354 bilinear constraint(s)
Presolved model has 2 nonlinear constraint(s)

Solving non-convex MINLP

Variable types: 5049 continuous, 3503 integer (3503 binary)
Found heuristic solution: objective 12.0739725

Root relaxation: objective 9.228098e+00, 33105 iterations, 3.70 seconds (4.95 work units)

    Nodes    |    Current Node    |     Objective Bounds      |     Work
 Expl Unexpl |  Obj  Depth IntInf | Incumbent    BestBd   Gap | It/Node Time

     0     0    9.22810    0 3207   12.07397    9.22810  23.6%     -    4s
     0     0   10.23646    0 3341   12.07397   10.23646  15.2%     -    4s
     0     0   10.97351    0 3209   12.07397   10.97351  9.11%     -    7s
     0     0   11.12455    0 3327   12.07397   11.12455  7.86%     -    9s
     0     0   11.17816    0 3401   12.07397   11.17816  7.42%     -   12s
     0     0   11.19744    0 3568   12.07397   11.19744  7.26%     -   14s
     0     0   11.39033    0 3486   12.07397   11.39033  5.66%     -   21s
     0     0   11.41706    0 3658   12.07397   11.41706  5.44%     -   24s
     0     0   11.42880    0 3418   12.07397   11.42880  5.34%     -   26s
     0     0   11.43376    0 3443   12.07397   11.43376  5.30%     -   27s
     0     0   11.43723    0 3447   12.07397   11.43723  5.27%     -   29s
     0     0   11.43881    0 3453   12.07397   11.43881  5.26%     -   31s
     0     0   11.43990    0 3425   12.07397   11.43990  5.25%     -   32s
     0     0   11.44017    0 3343   12.07397   11.44017  5.25%     -   33s
     0     2   11.44017    0 3336   12.07397   11.44017  5.25%     -   36s
     1     4   11.51341    1 3381   12.07397   11.44017  5.25%  5373   43s
     3     8   11.51819    2 3383   12.07397   11.46963  5.01% 14503   48s
     7    15   11.51894    3 3398   12.07397   11.47064  5.00%  8615   58s
    14    30   11.52008    4 3461   12.07397   11.47081  5.00%  6770   62s
    29    55   11.53537    5 3376   12.07397   11.47124  4.99%  5778   72s
    56    84   11.63305    6 3448   12.07397   11.47124  4.99%  5888   83s
    87   178   11.64179    7 3405   12.07397   11.47124  4.99%  5428   91s
   201   252   11.56532    7 3255   12.07397   11.47124  4.99%  4867  100s
   277   346   11.68405    9 3463   12.07397   11.47124  4.99%  4625  112s
   373   444   11.68072   10 3116   12.07397   11.47124  4.99%  4145  118s
   471   544   11.68891   11 3106   12.07397   11.47124  4.99%  3789  130s
   576   632   11.71754   12 3050   12.07397   11.47124  4.99%  3686  140s
   671   736   11.69507   12 3082   12.07397   11.47124  4.99%  3545  147s
   783   828   11.70605   13 3046   12.07397   11.47124  4.99%  3306  157s
   879   922   11.70628   14 3023   12.07397   11.47124  4.99%  3270  167s
   989  1041   11.71807   15 2971   12.07397   11.47124  4.99%  3260  179s
  1118  1164   11.73021   16 2968   12.07397   11.47124  4.99%  3115  188s
  1249  1288   11.75565   18 2877   12.07397   11.47124  4.99%  3029  196s
  1387  1423   11.78218   20 2846   12.07397   11.47124  4.99%  2964  205s
  1533  1569   11.87989   23 2646   12.07397   11.47124  4.99%  2897  213s
  1685  1731   11.89468   24 2832   12.07397   11.47124  4.99%  2929  226s
  1852  1935   11.84786   25 3033   12.07397   11.47124  4.99%  2867  233s
  2068  2127   11.92264   26 2966   12.07397   11.47124  4.99%  2737  243s
  2280  2329   11.94056   27 2839   12.07397   11.47124  4.99%  2657  252s
  2495  2534   12.02771   32 2526   12.07397   11.47124  4.99%  2647  262s
  2719  2724   12.02790   33 2515   12.07397   11.47124  4.99%  2613  269s
  2923  3015   12.03121   35 2456   12.07397   11.47124  4.99%  2615  279s
  3246  3259   12.03444   53 2427   12.07397   11.47124  4.99%  2494  285s
  3524  3502   12.03597   74 2380   12.07397   11.47147  4.99%  2429  291s
  3775  3812   12.03694   94 2305   12.07397   11.47147  4.99%  2407  301s
  4113  4201   12.03872  111 2188   12.07397   11.47147  4.99%  2330  311s
  4524  4539   12.04365  129 2112   12.07397   11.47147  4.99%  2245  321s
  4895  5004   12.04225  153 2101   12.07397   11.47147  4.99%  2174  332s
  5364  5597   12.04679  180 2062   12.07397   11.47147  4.99%  2072  340s
  5978  5787   12.04520  211 2040   12.07397   11.47147  4.99%  1932  349s
H 6008  4497                      11.9806368   11.47147  4.25%  1925  349s
H 6072  4474                      11.9731632   11.47147  4.19%  1915  349s
  6188  4790     cutoff  221        11.97316   11.47147  4.19%  1898  362s
H 6194  4785                      11.9716632   11.47147  4.18%  1896  362s
H 6227  4785                      11.9716632   11.47147  4.18%  1894  362s
H 6492  4785                      11.9714996   11.47150  4.18%  1866  362s
  6649  5331   11.48603   21 2554   11.97150   11.47150  4.18%  1871  371s
H 6889  5331                      11.9714977   11.47150  4.18%  1841  371s
H 7163  5331                      11.9714828   11.47150  4.18%  1818  371s
H 7215  5331                      11.9714828   11.47150  4.18%  1818  376s
H 7215  1134                      11.6777625   11.47150  1.77%  1818  376s
H 7215  1053                      11.6727625   11.47150  1.72%  1818  376s
H 7215   622                      11.6190125   11.47150  1.27%  1818  377s
H 7215   619                      11.6145125   11.47150  1.23%  1818  377s
  7216   464   11.59373   18 1653   11.61451   11.47150  1.23%  1817  389s
  7218   465   11.57753  106 1457   11.61451   11.47150  1.23%  1817  393s
  7219   466   11.49858  111 1539   11.61451   11.47150  1.23%  1817  396s
H 7220   443                      11.6138612   11.47150  1.23%  1816  402s
H 7220   421                      11.6113612   11.47150  1.20%  1816  402s
H 7220   400                      11.6082433   11.47150  1.18%  1816  402s
H 7220   380                      11.6073103   11.47150  1.17%  1816  402s
  7222   381   11.56084  101 1448   11.60731   11.47150  1.17%  1816  405s
H 7222   362                      11.5966467   11.47150  1.08%  1816  408s
H 7222   343                      11.5936923   11.47150  1.05%  1816  408s
  7224   344   11.48638   27 1489   11.59369   11.47150  1.05%  1815  411s
  7227   346   11.50192  130 1446   11.59369   11.47150  1.05%  1815  416s
  7232   350   11.49473   50 1378   11.59369   11.47150  1.05%  1813  420s
H 7232   333                      11.5917980   11.47150  1.04%  1813  421s
  7240   338   11.49959   62 1393   11.59180   11.47150  1.04%  1811  427s
  7241   339   11.49708   81 1393   11.59180   11.47150  1.04%  1811  433s
H 7241   323                      11.5838936   11.47150  0.97%  1823  518s

Cutting planes:
  Learned: 154
  Gomory: 3
  Cover: 356
  Implied bound: 313
  Projected implied bound: 1
  MIR: 565
  Mixing: 7
  StrongCG: 4
  Flow cover: 1067
  GUB cover: 4
  Zero half: 2
  RLT: 679
  Relax-and-lift: 426
  BQP: 5

Explored 7242 nodes (13328603 simplex iterations) in 518.52 seconds (998.94 work units)
Thread count was 32 (of 104 available processors)

Solution count 10: 11.5839 11.5918 11.5937 ... 11.619

Optimal solution found (tolerance 1.00e-02)
Best objective 1.158389355517e+01, best bound 1.147149912454e+01, gap 0.9703%
m.flow_changes_penalty(): 620.0
Total operational cost: 115218.94
Maximum power (kW): 1142.06
Total energy capacity (kWh): 16784.11
{'fixed_demand_cost': 5111.620947670428, 'variable_demand_cost': 4655.407319034552, 'fixed_monthly_cost': 171938.17204301074, 'total_water_production': 282201.2631257943, 'total_energy_cost': 17834.010093011086, 'total_demand_cost': 9767.02826670498, 'total_customer_cost': 0.0, 'total_feed_cost': 51142.05142950449, 'total_brine_cost': 16097.72007270167, 'total_chemical_cost': 19360.2148285218, 'raw_degree_of_flex': 0.25149700598802394, 'degree_of_flex': 0.25149700598802394, 'total_replacement_cost': 1017.910861282837, 'total_op_cost': 115218.93555172687, 'fixed_cost': 121551.98252688172, 'total_cost': 236770.91807860858, 'LCOW': 0.8390143809280731, 'maximum_power': 1142.0627106069107, 'energy_capacity': 16784.111006547777}
Saved operation variable results to: /home/rchurchi/watertap_test/watertap/tutorials/flex_ro/wrd_dummy_result.csv
