2026-05-05 15:44:10 [INFO] idaes.apps.grid_integration.pricetaker.price_taker_model: Found minimum uptime/downtime data for pretreatment.uf_pumps[1] - Adding minimum uptime/downtime constraints.
2026-05-05 15:44:10 [INFO] idaes.apps.grid_integration.pricetaker.price_taker_model: Created startup/shutdown constraints for operation model  pretreatment.uf_pumps[1] at uf_pumps_1_startup_shutdown.
2026-05-05 15:44:10 [INFO] idaes.apps.grid_integration.pricetaker.price_taker_model: Found minimum uptime/downtime data for pretreatment.uf_pumps[2] - Adding minimum uptime/downtime constraints.
2026-05-05 15:44:10 [INFO] idaes.apps.grid_integration.pricetaker.price_taker_model: Created startup/shutdown constraints for operation model  pretreatment.uf_pumps[2] at uf_pumps_2_startup_shutdown.
2026-05-05 15:44:10 [INFO] idaes.apps.grid_integration.pricetaker.price_taker_model: Found minimum uptime/downtime data for pretreatment.uf_pumps[3] - Adding minimum uptime/downtime constraints.
2026-05-05 15:44:10 [INFO] idaes.apps.grid_integration.pricetaker.price_taker_model: Created startup/shutdown constraints for operation model  pretreatment.uf_pumps[3] at uf_pumps_3_startup_shutdown.
2026-05-05 15:44:10 [INFO] idaes.apps.grid_integration.pricetaker.price_taker_model: Found minimum uptime/downtime data for reverse_osmosis.ro_skid[1] - Adding minimum uptime/downtime constraints.
2026-05-05 15:44:10 [INFO] idaes.apps.grid_integration.pricetaker.price_taker_model: Created startup/shutdown constraints for operation model  reverse_osmosis.ro_skid[1] at ro_skid_1_startup_shutdown.
2026-05-05 15:44:10 [INFO] idaes.apps.grid_integration.pricetaker.price_taker_model: Found minimum uptime/downtime data for reverse_osmosis.ro_skid[2] - Adding minimum uptime/downtime constraints.
2026-05-05 15:44:10 [INFO] idaes.apps.grid_integration.pricetaker.price_taker_model: Created startup/shutdown constraints for operation model  reverse_osmosis.ro_skid[2] at ro_skid_2_startup_shutdown.
2026-05-05 15:44:10 [INFO] idaes.apps.grid_integration.pricetaker.price_taker_model: Found minimum uptime/downtime data for reverse_osmosis.ro_skid[3] - Adding minimum uptime/downtime constraints.
2026-05-05 15:44:10 [INFO] idaes.apps.grid_integration.pricetaker.price_taker_model: Created startup/shutdown constraints for operation model  reverse_osmosis.ro_skid[3] at ro_skid_3_startup_shutdown.
2026-05-05 15:44:10 [INFO] idaes.apps.grid_integration.pricetaker.price_taker_model: Found minimum uptime/downtime data for reverse_osmosis.ro_skid[4] - Adding minimum uptime/downtime constraints.
2026-05-05 15:44:10 [INFO] idaes.apps.grid_integration.pricetaker.price_taker_model: Created startup/shutdown constraints for operation model  reverse_osmosis.ro_skid[4] at ro_skid_4_startup_shutdown.
3861
Set parameter TokenServer to value "10.60.1.73"
Set parameter LogToConsole to value 1
Set parameter MIPGap to value 0.01
Set parameter MIPGapAbs to value 0.1
Gurobi Optimizer version 12.0.3 build v12.0.3rc0 (linux64 - "Red Hat Enterprise Linux 8.8 (Ootpa)")

CPU model: Intel(R) Xeon(R) Platinum 8470QL, instruction set [SSE2|AVX|AVX2|AVX512]
Thread count: 104 physical cores, 104 logical processors, using up to 32 threads

Non-default parameters:
MIPGap  0.01
MIPGapAbs  0.1

Optimize a model with 17446 rows, 16131 columns and 47823 nonzeros
Model fingerprint: 0xd5cb0f36
Model has 2352 quadratic constraints
Variable types: 10923 continuous, 5208 integer (5208 binary)
Coefficient statistics:
  Matrix range     [3e-02, 2e+03]
  QMatrix range    [2e-07, 1e+00]
  QLMatrix range   [3e-04, 1e+00]
  Objective range  [1e-05, 5e-03]
  Bounds range     [1e+00, 1e+03]
  RHS range        [1e+00, 3e+05]
  QRHS range       [3e-01, 5e-01]
Presolve removed 7926 rows and 8785 columns
Presolve time: 0.09s
Presolved: 17752 rows, 7347 columns, 44166 nonzeros
Presolved model has 2352 bilinear constraint(s)

Solving non-convex MIQCP

Variable types: 4035 continuous, 3312 integer (3312 binary)
Found heuristic solution: objective 11.9664450

Root relaxation: objective 8.210941e+00, 28947 iterations, 4.29 seconds (6.09 work units)

    Nodes    |    Current Node    |     Objective Bounds      |     Work
 Expl Unexpl |  Obj  Depth IntInf | Incumbent    BestBd   Gap | It/Node Time

     0     0    8.21094    0 3223   11.96644    8.21094  31.4%     -    4s
     0     0    9.21016    0 3230   11.96644    9.21016  23.0%     -    5s
     0     0    9.97569    0 3507   11.96644    9.97569  16.6%     -    8s
     0     0    9.97569    0 3507   11.96644    9.97569  16.6%     -    8s
     0     0   10.19076    0 3037   11.96644   10.19076  14.8%     -   10s
     0     0   10.35143    0 3050   11.96644   10.35143  13.5%     -   12s
     0     0   10.38398    0 3222   11.96644   10.38398  13.2%     -   13s
     0     0   10.44413    0 3259   11.96644   10.44413  12.7%     -   16s
     0     0   10.57941    0 3212   11.96644   10.57941  11.6%     -   21s
     0     0   10.60225    0 3020   11.96644   10.60225  11.4%     -   23s
     0     0   10.61009    0 3161   11.96644   10.61009  11.3%     -   24s
     0     0   10.61931    0 3063   11.96644   10.61931  11.3%     -   25s
     0     0   10.62189    0 3165   11.96644   10.62189  11.2%     -   26s
     0     0   10.62527    0 3207   11.96644   10.62527  11.2%     -   27s
     0     0   10.62632    0 3141   11.96644   10.62632  11.2%     -   28s
H    0     0                      11.7991204   10.62632  9.94%     -   32s
H    0     0                      11.7941204   10.62632  9.90%     -   32s
H    0     0                      11.6932118   10.62632  9.12%     -   32s
H    0     2                      11.6573545   10.62632  8.84%     -   32s
     0     2   10.62632    0 3141   11.65735   10.62632  8.84%     -   32s
     7    14   10.64463    3 3239   11.65735   10.64219  8.71%  2320   43s
    13    28   10.64571    4 3220   11.65735   10.64219  8.71%  2484   50s
H   27    53                      11.6477274   10.64571  8.60%  5886   60s
H   33    53                      11.5608616   10.64571  7.92%  5599   60s
    52    83   10.69317    6 2942   11.56086   10.64724  7.90%  4633   73s
H   61    83                      11.5608615   10.64724  7.90%  4276   73s
    82   183   10.70315    7 2941   11.56086   10.65798  7.81%  4625   83s
   183   281   10.71744    9 2725   11.56086   10.65798  7.81%  4152   94s
H  252   281                      11.5486367   10.65798  7.71%  3869   94s
   281   386   10.73636   11 3008   11.54864   10.65798  7.71%  3752  103s
   388   493   10.84481   13 2771   11.54864   10.65798  7.71%  3631  113s
H  389   493                      11.4797372   10.65798  7.16%  3622  113s
H  464   493                      11.4749683   10.65798  7.12%  3513  113s
H  476   493                      11.4439868   10.65798  6.87%  3528  113s
   495   587   10.75407   13 3066   11.44399   10.65798  6.87%  3510  122s
   589   665   10.76982   15 3066   11.44399   10.65798  6.87%  3479  135s
   671   747   10.77106   16 2973   11.44399   10.65798  6.87%  3725  144s
   759   834   10.89730   19 3170   11.44399   10.65798  6.87%  3674  153s
H  769   834                      11.2221454   10.65798  5.03%  3660  153s
H  846   865                      11.2121454   10.65798  4.94%  3666  164s
   925   934   10.80380   21 3063   11.21215   10.69931  4.57%  3803  173s
H  939   934                      11.1749205   10.69931  4.26%  3861  173s
H  964   934                      11.1654704   10.69931  4.18%  3883  173s
  1007  1019   10.80710   23 2953   11.16547   10.69931  4.18%  3856  183s
  1114  1116   10.81451   27 2941   11.16547   10.69931  4.18%  3816  195s
H 1136  1116                      11.1148853   10.69931  3.74%  3923  195s
  1217  1247   10.82218   27 2943   11.11489   10.69931  3.74%  3901  206s
  1360  1409   10.82334   28 2906   11.11489   10.70126  3.72%  3823  213s
H 1381  1409                      11.0928915   10.70126  3.53%  3777  213s
H 1442  1409                      11.0826604   10.70126  3.44%  3717  213s
H 1449  1409                      11.0756662   10.70126  3.38%  3731  213s
H 1530  1472                      11.0656662   10.70126  3.29%  3697  223s
H 1675  1566                      11.0114476   10.70126  2.82%  3637  233s
H 1779  1566                      11.0014476   10.70126  2.73%  3755  233s
  1801  1630     cutoff   49        11.00145   10.70126  2.73%  3732  245s
  1929  1787     cutoff   34        11.00145   10.70315  2.71%  3815  256s
H 1931  1787                      10.9619978   10.70315  2.36%  3811  256s
H 1947  1787                      10.9619442   10.70957  2.30%  3819  256s
H 1971  1787                      10.9399504   10.70957  2.11%  3842  256s
H 2063  1787                      10.9208785   10.70957  1.93%  3857  256s
  2117  1817   10.87682   15 2822   10.92088   10.70957  1.93%  3808  270s
  2324  1906     cutoff   16        10.92088   10.70957  1.93%  3721  279s
H 2326  1906                      10.9058785   10.70957  1.80%  3722  279s
H 2337  1906                      10.8836537   10.70957  1.60%  3724  279s
H 2465  1906                      10.8760516   10.70957  1.53%  3726  279s
  2529  1803     cutoff   17        10.87605   10.70957  1.53%  3665  290s
H 2639  1935                      10.8710516   10.71549  1.43%  3832  302s
H 2755  1935                      10.8285621   10.71549  1.04%  3808  302s
  2860  1736     cutoff  139        10.82856   10.71549  1.04%  3812  315s
  3043  1901   10.74796   31 2553   10.82856   10.71549  1.04%  3855  327s
H 3103  1901                      10.8285621   10.71549  1.04%  3844  327s
  3235  1973   10.74833   33 2492   10.82856   10.71549  1.04%  3927  338s
H 3469  1308                      10.8285621   10.71965  1.01%  3907  341s
  3470  1309   10.80266   86 1157   10.82856   10.71965  1.01%  3906  356s
  3472  1310   10.75449   37  993   10.82856   10.71965  1.01%  3903  362s
  3474  1312   10.78519   16 1164   10.82856   10.71965  1.01%  3901  366s
  3476  1313   10.75052   32 1204   10.82856   10.71965  1.01%  3899  372s
  3477  1314   10.73319   35 1150   10.82856   10.71965  1.01%  3898  376s
  3480  1316   10.82037   31 1182   10.82856   10.71965  1.01%  3894  380s
  3483  1318   10.73716   16 1154   10.82856   10.71965  1.01%  3891  385s
  3488  1321   10.75292   52 1161   10.82856   10.71965  1.01%  3885  390s
  3493  1324   10.74816   30 1090   10.82856   10.71965  1.01%  3880  395s
  3500  1329   10.73808   18 1083   10.82856   10.71965  1.01%  3872  400s
  3508  1334   10.78307   18 1044   10.82856   10.71965  1.01%  3863  407s
  3509  1335   10.74441   25 1044   10.82856   10.71965  1.01%  3862  411s
  3510  1339   10.71965   12 2870   10.82856   10.71965  1.01%  3886  501s
  3512  1342   10.71965   13 2862   10.82856   10.71965  1.01%  3885  512s
  3516  1345   10.71965   14 2864   10.82856   10.71965  1.01%  3886  527s
  3524  1346   10.72954   15 2865   10.82856   10.71965  1.01%  3912  544s

Cutting planes:
  Learned: 146
  Gomory: 3
  Cover: 541
  Implied bound: 390
  Clique: 2
  MIR: 569
  Mixing: 3
  Flow cover: 1044
  GUB cover: 20
  Zero half: 2
  Network: 13
  RLT: 1012
  Relax-and-lift: 294
  BQP: 5

Explored 3536 nodes (14060472 simplex iterations) in 544.65 seconds (1144.24 work units)
Thread count was 32 (of 104 available processors)

Solution count 10: 10.8286 10.8711 10.8761 ... 11.0014

Optimal solution found (tolerance 1.00e-02)
Best objective 1.082856208103e+01, best bound 1.072953831324e+01, gap 0.9145%
m.flow_changes_penalty(): 2950.0
Total operational cost: 105335.62
{'fixed_demand_cost': 5210.419108491021, 'variable_demand_cost': 4917.8658805921095, 'fixed_monthly_cost': 171938.17204301074, 'total_water_production': 282179.671239192, 'total_energy_cost': 17836.012614168485, 'total_demand_cost': 10128.284989083131, 'total_customer_cost': 0.0, 'total_feed_cost': 51481.16185452171, 'total_brine_cost': 17018.36385088678, 'total_chemical_cost': 19491.79750167185, 'total_water_revenue': 0.0, 'total_demand_response_revenue': 10620.0, 'total_emissions_cost': 0.0, 'total_op_cost': 105335.62081033198, 'fixed_cost': 121551.98252688172, 'total_cost': 226887.6033372137, 'LCOW': 0.8040536809077592}
Saved operation variable results to: /home/rchurchi/watertap_test/watertap/tutorials/flex_ro/wrd_dummy_result.csv
