2026-06-29 11:48:30 [INFO] idaes.core.surrogate.pysmo_surrogate: Decode surrogate. type=poly

===========================Polynomial Regression===============================================

The number of cross-validation cases (3) is used.
The default training/cross-validation split of 0.75 is used.
No iterations will be run.
Default parameter estimation method is used.
Parameter estimation method:  pyomo 

2026-06-29 11:48:30 [INFO] idaes.core.surrogate.pysmo_surrogate: Decode surrogate. type=poly

===========================Polynomial Regression===============================================

The number of cross-validation cases (3) is used.
The default training/cross-validation split of 0.75 is used.
No iterations will be run.
Default parameter estimation method is used.
Parameter estimation method:  pyomo 

2026-06-29 11:48:30 [INFO] idaes.core.surrogate.pysmo_surrogate: Decode surrogate. type=poly

===========================Polynomial Regression===============================================

The number of cross-validation cases (3) is used.
The default training/cross-validation split of 0.75 is used.
No iterations will be run.
Default parameter estimation method is used.
Parameter estimation method:  pyomo 

2026-06-29 11:48:30 [INFO] idaes.core.surrogate.pysmo_surrogate: Decode surrogate. type=poly

===========================Polynomial Regression===============================================

The number of cross-validation cases (3) is used.
The default training/cross-validation split of 0.75 is used.
No iterations will be run.
Default parameter estimation method is used.
Parameter estimation method:  pyomo 

2026-06-29 11:48:31 [INFO] idaes.apps.grid_integration.pricetaker.price_taker_model: Found minimum uptime/downtime data for pretreatment.uf_pumps[1] - Adding minimum uptime/downtime constraints.
2026-06-29 11:48:31 [INFO] idaes.apps.grid_integration.pricetaker.price_taker_model: Created startup/shutdown constraints for operation model  pretreatment.uf_pumps[1] at uf_pumps_1_startup_shutdown.
2026-06-29 11:48:31 [INFO] idaes.apps.grid_integration.pricetaker.price_taker_model: Found minimum uptime/downtime data for pretreatment.uf_pumps[2] - Adding minimum uptime/downtime constraints.
2026-06-29 11:48:31 [INFO] idaes.apps.grid_integration.pricetaker.price_taker_model: Created startup/shutdown constraints for operation model  pretreatment.uf_pumps[2] at uf_pumps_2_startup_shutdown.
2026-06-29 11:48:31 [INFO] idaes.apps.grid_integration.pricetaker.price_taker_model: Found minimum uptime/downtime data for pretreatment.uf_pumps[3] - Adding minimum uptime/downtime constraints.
2026-06-29 11:48:31 [INFO] idaes.apps.grid_integration.pricetaker.price_taker_model: Created startup/shutdown constraints for operation model  pretreatment.uf_pumps[3] at uf_pumps_3_startup_shutdown.
2026-06-29 11:48:31 [INFO] idaes.apps.grid_integration.pricetaker.price_taker_model: Found minimum uptime/downtime data for reverse_osmosis.ro_skid[1] - Adding minimum uptime/downtime constraints.
2026-06-29 11:48:31 [INFO] idaes.apps.grid_integration.pricetaker.price_taker_model: Created startup/shutdown constraints for operation model  reverse_osmosis.ro_skid[1] at ro_skid_1_startup_shutdown.
2026-06-29 11:48:31 [INFO] idaes.apps.grid_integration.pricetaker.price_taker_model: Found minimum uptime/downtime data for reverse_osmosis.ro_skid[2] - Adding minimum uptime/downtime constraints.
2026-06-29 11:48:31 [INFO] idaes.apps.grid_integration.pricetaker.price_taker_model: Created startup/shutdown constraints for operation model  reverse_osmosis.ro_skid[2] at ro_skid_2_startup_shutdown.
2026-06-29 11:48:31 [INFO] idaes.apps.grid_integration.pricetaker.price_taker_model: Found minimum uptime/downtime data for reverse_osmosis.ro_skid[3] - Adding minimum uptime/downtime constraints.
2026-06-29 11:48:31 [INFO] idaes.apps.grid_integration.pricetaker.price_taker_model: Created startup/shutdown constraints for operation model  reverse_osmosis.ro_skid[3] at ro_skid_3_startup_shutdown.
2026-06-29 11:48:31 [INFO] idaes.apps.grid_integration.pricetaker.price_taker_model: Found minimum uptime/downtime data for reverse_osmosis.ro_skid[4] - Adding minimum uptime/downtime constraints.
2026-06-29 11:48:31 [INFO] idaes.apps.grid_integration.pricetaker.price_taker_model: Created startup/shutdown constraints for operation model  reverse_osmosis.ro_skid[4] at ro_skid_4_startup_shutdown.
2592
Set parameter TokenServer to value "10.60.1.73"
Set parameter LogToConsole to value 1
Set parameter MIPGap to value 0
Gurobi Optimizer version 12.0.3 build v12.0.3rc0 (linux64 - "Red Hat Enterprise Linux 8.8 (Ootpa)")

CPU model: Intel(R) Xeon(R) Platinum 8470QL, instruction set [SSE2|AVX|AVX2|AVX512]
Thread count: 104 physical cores, 104 logical processors, using up to 32 threads

Non-default parameters:
MIPGap  0

Optimize a model with 18623 rows, 14693 columns and 45417 nonzeros
Model fingerprint: 0x1fff30c8
Model has 168 quadratic objective terms
Model has 1680 quadratic constraints
Variable types: 10587 continuous, 4106 integer (4106 binary)
Coefficient statistics:
  Matrix range     [5e-04, 2e+03]
  QMatrix range    [2e-07, 1e+00]
  QLMatrix range   [3e-04, 1e+00]
  Objective range  [1e-05, 5e-03]
  QObjective range [2e-04, 2e-04]
  Bounds range     [1e+00, 1e+03]
  RHS range        [9e-02, 3e+05]
  QRHS range       [3e-01, 3e-01]
Presolve removed 12808 rows and 9293 columns
Presolve time: 0.09s
Presolved: 11951 rows, 5401 columns, 32932 nonzeros
Presolved model has 1660 bilinear constraint(s)

Solving non-convex MIQCP

Variable types: 3664 continuous, 1737 integer (1737 binary)
Found heuristic solution: objective 12.0903182

Root relaxation: objective 1.136046e+01, 8437 iterations, 0.81 seconds (1.30 work units)

    Nodes    |    Current Node    |     Objective Bounds      |     Work
 Expl Unexpl |  Obj  Depth IntInf | Incumbent    BestBd   Gap | It/Node Time

     0     0   11.36046    0 1311   12.09032   11.36046  6.04%     -    1s
H    0     0                      12.0903180   11.36046  6.04%     -    1s
     0     0   11.85594    0 1455   12.09032   11.85594  1.94%     -    2s
     0     0   11.85598    0 1382   12.09032   11.85598  1.94%     -    2s
     0     0   11.88260    0 1545   12.09032   11.88260  1.72%     -    3s
     0     0   11.89034    0 1547   12.09032   11.89034  1.65%     -    4s
H    0     0                      12.0212883   11.90022  1.01%     -    4s
     0     0   11.93868    0 1504   12.02129   11.93868  0.69%     -    5s
     0     0   11.93951    0 1506   12.02129   11.93951  0.68%     -    6s
     0     0   11.94482    0 1506   12.02129   11.94482  0.64%     -    6s
     0     0   11.94485    0 1507   12.02129   11.94485  0.64%     -    7s
     0     0   11.94563    0 1501   12.02129   11.94563  0.63%     -    7s
     0     0   11.94571    0 1501   12.02129   11.94571  0.63%     -    7s
     0     0   11.94589    0 1506   12.02129   11.94589  0.63%     -    7s
     0     0   11.94593    0 1506   12.02129   11.94593  0.63%     -    7s
     0     2   11.94593    0 1506   12.02129   11.94593  0.63%     -    9s
     3     6   11.99435    2 1290   12.02129   11.95119  0.58%  1426   10s
H  890   628                      12.0212883   11.95467  0.55%   147   13s
  1620  1383   12.01774   53 1305   12.02129   11.95474  0.55%   115   15s
  3088  2252     cutoff   74        12.02129   11.96212  0.49%   141   20s
H 3559  1850                      12.0149211   11.96247  0.44%   144   21s
H 3559  1167                      12.0098968   11.96247  0.39%   144   21s
H 3559  1167                      12.0098831   11.96247  0.39%   144   21s
  3562  1141   12.00941   21  178   12.00988   11.96247  0.39%   144   25s
  3567  1145   11.97997   32  378   12.00988   11.96859  0.34%   144   30s
H 3574  1091                      12.0097927   11.97100  0.32%   143   35s
H 3575  1039                      12.0097925   11.97100  0.32%   151   65s
  3576  1040   12.00861   11 1307   12.00979   11.97100  0.32%   152   70s
  3607  1028     cutoff   26        12.00979   11.97481  0.29%   158   75s
  3633  1020     cutoff   39        12.00979   11.97759  0.27%   157   82s
  3651  1014     cutoff   48        12.00979   11.98192  0.23%   159   92s
  3667  1007     cutoff   56        12.00979   11.98633  0.20%   160   95s
  3714  1006   11.99369   80 1621   12.00979   11.98924  0.17%   161  100s
  4076  1157   11.99923   91 1496   12.00979   11.98929  0.17%   161  105s
  4685  1464   12.00439  104 1400   12.00979   11.98929  0.17%   161  110s
H 4821  1446                      12.0097915   11.98929  0.17%   161  112s
  4824  1591   12.00448  106 1389   12.00979   11.98929  0.17%   161  115s
  5271  1872   12.00495  115 1459   12.00979   11.98929  0.17%   166  121s
  6184  2342   12.00544  148 1358   12.00979   11.98933  0.17%   170  126s
  7195  3126   12.00607  197 1311   12.00979   11.98933  0.17%   170  130s
  8235  4004   12.00657  242 1309   12.00979   11.98933  0.17%   164  136s
 10284  5961   11.99924  126 1393   12.00979   11.98933  0.17%   151  140s
 13002  8942   12.00112  249 1289   12.00979   11.98933  0.17%   132  145s
 18878 14289   12.00220  477 1369   12.00979   11.98933  0.17%   106  151s
 20474 15314   12.00613  590 1229   12.00979   11.98933  0.17%   109  156s
 22291 16794     cutoff  592        12.00979   11.98933  0.17%   109  161s
 24111 18342     cutoff  589        12.00979   11.98933  0.17%   119  166s
 26663 20768   11.99944  259 1487   12.00979   11.98937  0.17%   122  172s
 29280 24449   12.00186  426 1386   12.00979   11.98937  0.17%   122  175s
 34625 28502     cutoff  669        12.00979   11.99026  0.16%   115  180s
 38948 31204   11.99949  253 1408   12.00979   11.99027  0.16%   111  185s
H39094 31204                      12.0097915   11.99027  0.16%   112  185s
H39353 31204                      12.0097898   11.99027  0.16%   111  185s
 43090 36221   11.99501  130 1307   12.00979   11.99027  0.16%   108  190s
 48083 39918   12.00192  138 1328   12.00979   11.99027  0.16%   108  196s
 51031 42901     cutoff  142        12.00979   11.99218  0.15%   110  202s
 55315 47053   12.00219  149 1411   12.00979   11.99218  0.15%   111  207s
 57818 48009   12.00219  150 1405   12.00979   11.99323  0.14%   111  210s
 59070 49548   12.00237  153 1340   12.00979   11.99330  0.14%   113  271s
 61043 51490     cutoff  155        12.00979   11.99330  0.14%   116  275s
 65960 54073   12.00245  161 1334   12.00979   11.99330  0.14%   122  282s
 67747 55464     cutoff  168        12.00979   11.99330  0.14%   127  286s
 69921 56938   12.00302  171 1425   12.00979   11.99330  0.14%   131  290s
 71988 59350     cutoff  172        12.00979   11.99330  0.14%   135  295s
 75289 61589   12.00315  177 1391   12.00979   11.99330  0.14%   139  300s
 78559 63257   12.00318  179 1388   12.00979   11.99397  0.13%   142  306s
 81035 64281     cutoff  183        12.00979   11.99397  0.13%   148  311s
 82926 66568   12.00329  187 1414   12.00979   11.99397  0.13%   155  316s
 86416 68913     cutoff  193        12.00979   11.99397  0.13%   160  322s
 90021 70047   12.00457  195 1387   12.00979   11.99421  0.13%   165  328s
 91906 72535   12.00415  200 1387   12.00979   11.99433  0.13%   169  335s
 95802 74652   12.00033  110 1445   12.00979   11.99433  0.13%   175  342s
 99238 77144   12.00771  392 1289   12.00979   11.99438  0.13%   181  349s
 102816 82023   12.00429  208 1344   12.00979   11.99444  0.13%   184  356s
 108876 84417   12.00862  136 1391   12.00979   11.99447  0.13%   184  361s
 112230 87947     cutoff  164        12.00979   11.99450  0.13%   186  366s
 116802 90885     cutoff  176        12.00979   11.99456  0.13%   187  372s
 120266 92067     cutoff  193        12.00979   11.99458  0.13%   189  377s
 122003 94514     cutoff  212        12.00979   11.99458  0.13%   192  385s
 125796 97943     cutoff  269        12.00979   11.99462  0.13%   199  393s
 130536 99020     cutoff  287        12.00979   11.99462  0.13%   200  401s
 133023 100113   12.00412  342 1304   12.00979   11.99468  0.13%   205  408s
 135625 102698   12.00433  126 1277   12.00979   11.99468  0.13%   210  415s
 139748 105174   12.00395  244 1299   12.00979   11.99479  0.12%   214  424s
 143520 107986   12.00474  340 1391   12.00979   11.99480  0.12%   217  431s
 147501 110314   12.00049  107 1511   12.00979   11.99480  0.12%   217  437s
 150919 111290   12.00542  289 1387   12.00979   11.99488  0.12%   219  443s
H152116 111281                      12.0097866   11.99489  0.12%   220  443s
 152437 118987   12.00913  150 1338   12.00979   11.99489  0.12%   220  452s
 162173 122878     cutoff  135        12.00979   11.99490  0.12%   218  457s
 166934 124991     cutoff  335        12.00979   11.99495  0.12%   216  462s
 169921 126440     cutoff  174        12.00979   11.99496  0.12%   216  466s
 172046 128171   12.00670  256 1322   12.00979   11.99508  0.12%   217  471s
 174366 130316   12.00845  150 1468   12.00979   11.99508  0.12%   218  476s
 177135 131986   12.00098  293 1396   12.00979   11.99514  0.12%   219  481s
 179583 133433   12.00128  284 1392   12.00979   11.99517  0.12%   221  487s
 182408 135535   12.00280  307 1514   12.00979   11.99517  0.12%   222  492s
 185158 139956   12.00497  379 1381   12.00979   11.99520  0.12%   223  500s
 193143 142219     cutoff  173        12.00979   11.99521  0.12%   223  509s
 195130 145749   12.00389  201 1315   12.00979   11.99526  0.12%   225  514s
 199530 147714   12.00395  243 1157   12.00979   11.99532  0.12%   224  520s
 202541 149864     cutoff  224        12.00979   11.99536  0.12%   225  525s
 205535 153078     cutoff  227        12.00979   11.99536  0.12%   225  531s
 209537 156040   12.00343  235 1465   12.00979   11.99536  0.12%   225  536s
 213187 157086   12.00898  238 1381   12.00979   11.99538  0.12%   225  542s
 215153 159607     cutoff  244        12.00979   11.99538  0.12%   227  551s
 218864 161168     cutoff  249        12.00979   11.99538  0.12%   229  559s
 221956 162761   12.00389  261 1455   12.00979   11.99538  0.12%   232  567s
 225086 164344     cutoff  269        12.00979   11.99538  0.12%   235  575s
 228284 165841   12.00402  274 1298   12.00979   11.99552  0.12%   238  583s
 231149 167181     cutoff  287        12.00979   11.99552  0.12%   240  593s
 233993 169305   12.00447  294 1445   12.00979   11.99552  0.12%   244  602s
 237662 171248   12.00477  306 1287   12.00979   11.99552  0.12%   247  610s
 241187 173092   12.00747  331 1405   12.00979   11.99552  0.12%   250  619s
 244168 176949     cutoff  238        12.00979   11.99552  0.12%   251  624s
 249063 178948   12.00383  216 1423   12.00979   11.99573  0.12%   250  629s
 251917 182653     cutoff  446        12.00979   11.99573  0.12%   250  634s
 256471 184732   12.00392  169 1457   12.00979   11.99582  0.12%   248  638s
 259295 186720   12.00716  270 1494   12.00979   11.99590  0.12%   248  643s
 262036 189409   12.00304  216 1337   12.00979   11.99592  0.12%   248  647s
 265544 190748   12.00582  201 1392   12.00979   11.99592  0.12%   247  651s
 267694 192914   12.00440  241 1501   12.00979   11.99599  0.11%   248  656s
 270720 194630     cutoff  154        12.00979   11.99601  0.11%   248  662s
 273209 197222     cutoff  337        12.00979   11.99603  0.11%   249  668s
 276858 199150   12.00899  174 1444   12.00979   11.99604  0.11%   249  674s
 279768 201308   12.00161  330 1264   12.00979   11.99608  0.11%   249  679s
 282924 202715   12.00171  314 1418   12.00979   11.99611  0.11%   250  685s
 285040 204708     cutoff  345        12.00979   11.99612  0.11%   251  692s
 288299 207727     cutoff  258        12.00979   11.99613  0.11%   252  698s
 292355 210530     cutoff  473        12.00979   11.99615  0.11%   252  705s
 296418 211593   12.00588  388 1371   12.00979   11.99616  0.11%   252  711s
 298424 212882     cutoff  390        12.00979   11.99619  0.11%   253  717s
 301004 215085     cutoff  422        12.00979   11.99619  0.11%   254  724s
 304437 217805     cutoff  141        12.00979   11.99620  0.11%   254  731s
 308102 220297   12.00553  371 1256   12.00979   11.99620  0.11%   254  736s
 311485 222704   12.00566  375 1284   12.00979   11.99620  0.11%   255  742s
 314812 224817   12.00888  321 1327   12.00979   11.99620  0.11%   255  747s
 317939 226735   12.00192  253 1498   12.00979   11.99621  0.11%   255  754s
 320724 229738     cutoff  262        12.00979   11.99621  0.11%   256  760s
 324701 232347   12.00334  167 1345   12.00979   11.99621  0.11%   256  766s
 328278 234486   12.00658  265 1438   12.00979   11.99621  0.11%   256  772s
 331284 236287     cutoff  285        12.00979   11.99621  0.11%   256  777s
 334081 237589   12.00285  143 1374   12.00979   11.99621  0.11%   257  782s
 336597 240605   12.00404  226 1448   12.00979   11.99621  0.11%   257  790s
 340716 243464   12.00468  244 1385   12.00979   11.99621  0.11%   258  797s
 344494 245607   12.00270  423 1391   12.00979   11.99621  0.11%   258  803s
 347475 247175     cutoff  491        12.00979   11.99621  0.11%   259  810s
 350115 247788   12.00405  397 1253   12.00979   11.99621  0.11%   260  817s
 352028 248799   12.00329  147 1522   12.00979   11.99621  0.11%   262  824s
 354422 250792     cutoff  180        12.00979   11.99621  0.11%   264  832s
 357750 252276   12.00558  382 1129   12.00979   11.99621  0.11%   265  839s
 360588 253772   12.00309  127 1385   12.00979   11.99621  0.11%   266  848s
 363669 254994   12.00377  143 1267   12.00979   11.99621  0.11%   268  854s
 366240 257228   12.00408  151 1295   12.00979   11.99657  0.11%   269  861s
 370793 259324     cutoff  167        12.00979   11.99662  0.11%   269  868s
 374056 261177     cutoff  353        12.00979   11.99669  0.11%   270  875s
 377040 263995     cutoff  335        12.00979   11.99672  0.11%   270  882s
 381504 265924     cutoff  334        12.00979   11.99673  0.11%   270  887s
 384546 267411     cutoff  336        12.00979   11.99673  0.11%   270  893s
 387258 268911   12.00271  565 1021   12.00979   11.99678  0.11%   271  900s
 390142 269893     cutoff  270        12.00979   11.99682  0.11%   272  908s
 392243 271002     cutoff  200        12.00979   11.99682  0.11%   274  916s
 394835 272109   12.00465  207 1300   12.00979   11.99685  0.11%   275  922s
 397175 273687   12.00475  215 1397   12.00979   11.99687  0.11%   276  931s
 400182 275450     cutoff  285        12.00979   11.99687  0.11%   278  939s
 404167 278124 infeasible  166        12.00979   11.99689  0.11%   279  947s
 408525 280431   12.00883  209 1327   12.00979   11.99694  0.11%   279  955s
 412064 282201     cutoff  363        12.00979   11.99695  0.11%   280  963s
 415221 283809     cutoff  373        12.00979   11.99699  0.11%   281  971s
 418252 284978   12.00520  492 1350   12.00979   11.99701  0.11%   283  979s
 420631 286169   12.00682  532 1181   12.00979   11.99703  0.11%   284  987s
 423469 287418   12.00493  269 1398   12.00979   11.99705  0.11%   285  997s
 426209 288050   12.00675  366 1282   12.00979   11.99705  0.11%   287 1003s
 427867 288908     cutoff  367        12.00979   11.99707  0.11%   288 1014s
 430906 290809   12.00903  366 1289   12.00979   11.99708  0.11%   291 1026s
 435361 291532     cutoff  496        12.00979   11.99709  0.11%   293 1037s
 438540 292792     cutoff  436        12.00979   11.99710  0.11%   295 1048s
 442225 294017     cutoff  152        12.00979   11.99710  0.11%   297 1057s
 445797 295763   12.00461  122 1363   12.00979   11.99710  0.11%   298 1067s
 449799 297472     cutoff  550        12.00979   11.99715  0.11%   300 1077s
 453847 299406   12.00324  499 1208   12.00979   11.99716  0.11%   301 1087s
 457420 300956   12.00884  497 1363   12.00979   11.99718  0.10%   302 1093s
 460306 302783     cutoff  515        12.00979   11.99719  0.10%   302 1100s
 463678 303406     cutoff  588        12.00979   11.99719  0.10%   303 1109s
 465802 304125   12.00211  480 1237   12.00979   11.99721  0.10%   304 1117s
 468353 305503     cutoff  495        12.00979   11.99722  0.10%   306 1128s
 471494 306729   12.00463  576 1376   12.00979   11.99722  0.10%   307 1137s
 474148 307893   12.00792  183 1275   12.00979   11.99724  0.10%   308 1146s
 477479 309130   12.00285  594 1246   12.00979   11.99724  0.10%   310 1155s
 480334 310670   12.00627  598 1208   12.00979   11.99726  0.10%   311 1164s
 484178 311289   12.00478  158 1422   12.00979   11.99727  0.10%   312 1173s
 486694 311903     cutoff  508        12.00979   11.99728  0.10%   314 1181s
 489089 312594   12.00626  397 1379   12.00979   11.99729  0.10%   314 1190s
 491992 313384   12.00245  135 1351   12.00979   11.99730  0.10%   316 1199s
 494427 314556   12.00403  155 1441   12.00979   11.99730  0.10%   317 1211s
 497345 316194     cutoff  174        12.00979   11.99731  0.10%   319 1221s
 501175 317950   12.00772  522 1432   12.00979   11.99732  0.10%   320 1232s
 504965 319095     cutoff  159        12.00979   11.99735  0.10%   321 1242s
 507957 321486   12.00469  218 1312   12.00979   11.99737  0.10%   323 1252s
 512301 322961   12.00894  135 1174   12.00979   11.99737  0.10%   324 1261s
 515391 324000   12.00969  147 1286   12.00979   11.99741  0.10%   325 1271s
 517701 326169   12.00365  154 1356   12.00979   11.99741  0.10%   326 1278s
 521065 327796   12.00373  160 1354   12.00979   11.99741  0.10%   326 1284s
 524030 329359   12.00422  168 1301   12.00979   11.99741  0.10%   326 1291s
 527071 331267     cutoff  176        12.00979   11.99744  0.10%   327 1299s
 530501 332971   12.00495  605 1327   12.00979   11.99746  0.10%   327 1307s
 533673 334276   12.00351  139 1290   12.00979   11.99746  0.10%   328 1314s
 536362 334835   12.00364  147 1230   12.00979   11.99746  0.10%   328 1322s
 537931 336566   12.00873  160 1430   12.00979   11.99746  0.10%   329 1330s
 540922 338778     cutoff  197        12.00979   11.99746  0.10%   330 1339s
 544624 340340     cutoff  306        12.00979   11.99758  0.10%   331 1348s
 547986 342648     cutoff  199        12.00979   11.99758  0.10%   332 1355s
 551450 344445   12.00856  189 1330   12.00979   11.99763  0.10%   332 1362s
 554589 345210     cutoff  241        12.00979   11.99763  0.10%   332 1369s
 556757 346345     cutoff  163        12.00979   11.99763  0.10%   333 1376s
 558997 348404   12.00671  177 1330   12.00979   11.99763  0.10%   334 1384s
 562973 350029     cutoff  517        12.00979   11.99763  0.10%   334 1392s
 566296 350974   12.00431  172 1529   12.00979   11.99763  0.10%   334 1400s
 568363 352063   12.00814  158 1381   12.00979   11.99771  0.10%   335 1408s
 570811 353080   12.00397  177 1388   12.00979   11.99773  0.10%   336 1417s
 573359 355360     cutoff  638        12.00979   11.99773  0.10%   338 1426s
 577337 356775     cutoff  207        12.00979   11.99773  0.10%   338 1433s
 579704 359316     cutoff  239        12.00979   11.99773  0.10%   339 1443s
 583991 361516   12.00698  298 1300   12.00979   11.99773  0.10%   339 1451s
 587428 362490     cutoff  220        12.00979   11.99774  0.10%   340 1460s
 590255 364189     cutoff  137        12.00979   11.99774  0.10%   340 1468s
 593839 365526   12.00440  153 1427   12.00979   11.99783  0.10%   341 1477s
 596776 366194   12.00320  155 1504   12.00979   11.99783  0.10%   342 1485s
 599236 367422   12.00350  226 1240   12.00979   11.99786  0.10%   343 1494s
 602057 369483     cutoff  214        12.00979   11.99787  0.10%   344 1503s
 605651 371053   12.00422  191 1334   12.00979   11.99787  0.10%   344 1513s
 609220 372188   12.00803  383 1242   12.00979   11.99787  0.10%   345 1520s
 611700 373733   12.00727  201 1265   12.00979   11.99787  0.10%   345 1530s
 614944 375684   12.00500  166 1344   12.00979   11.99789  0.10%   346 1539s
 618682 377794     cutoff  156        12.00979   11.99789  0.10%   347 1548s
 622365 379805   12.00785  187 1505   12.00979   11.99791  0.10%   348 1557s
 626306 382119   12.00629  173 1349   12.00979   11.99797  0.10%   348 1566s
 630095 383486   12.00779  186 1294   12.00979   11.99800  0.10%   348 1574s
 632259 385500     cutoff  188        12.00979   11.99800  0.10%   348 1584s
 636017 387248   12.00338  182 1267   12.00979   11.99802  0.10%   349 1593s
 638923 388032   12.00904  175 1310   12.00979   11.99802  0.10%   349 1599s
 641122 389870   12.00816  553 1253   12.00979   11.99802  0.10%   350 1610s
 645471 391394     cutoff  144        12.00979   11.99802  0.10%   351 1619s
 648430 393835     cutoff  191        12.00979   11.99804  0.10%   351 1628s
 652542 395949   12.00504  167 1403   12.00979   11.99807  0.10%   352 1636s
 656597 397686   12.00438  418 1459   12.00979   11.99808  0.10%   352 1644s
 659903 399069   12.00533  190 1403   12.00979   11.99808  0.10%   352 1653s
 662617 399989   12.00471  196 1321   12.00979   11.99808  0.10%   353 1662s
 664969 401926   12.00465  201 1378   12.00979   11.99808  0.10%   354 1671s
 668561 403276   12.00749  160 1401   12.00979   11.99808  0.10%   354 1678s
 671104 405470     cutoff  154        12.00979   11.99808  0.10%   355 1687s
 675221 407999     cutoff  224        12.00979   11.99816  0.10%   355 1694s
 679064 410180   12.00513  175 1411   12.00979   11.99816  0.10%   355 1702s
 682782 412625     cutoff  184        12.00979   11.99818  0.10%   355 1711s
 686614 414887   12.00362  152 1435   12.00979   11.99821  0.10%   355 1718s
 690640 417628   12.00441  166 1391   12.00979   11.99822  0.10%   355 1725s
 694876 418777     cutoff  219        12.00979   11.99824  0.10%   355 1732s
 697089 421044   12.00386  163 1456   12.00979   11.99826  0.10%   355 1739s
 700451 423341     cutoff  297        12.00979   11.99828  0.10%   355 1746s
 704119 425262   12.00759  205 1362   12.00979   11.99828  0.10%   355 1754s
 707213 427000   12.00352  138 1355   12.00979   11.99829  0.10%   355 1761s
 710077 429054     cutoff  181        12.00979   11.99829  0.10%   355 1768s
 713328 431011     cutoff  212        12.00979   11.99830  0.10%   355 1775s
 716625 431694     cutoff  221        12.00979   11.99830  0.10%   355 1783s
 718512 432489   12.00388  298 1250   12.00979   11.99833  0.10%   356 1791s
 720503 433380   12.00405  311 1384   12.00979   11.99833  0.10%   357 1800s
 722865 434832     cutoff  256        12.00979   11.99835  0.10%   358 1809s
 725801 436935     cutoff  179        12.00979   11.99835  0.10%   359 1819s
 729492 438504   12.00580  175 1492   12.00979   11.99835  0.10%   359 1826s
 732402 440695   12.00524  203 1489   12.00979   11.99836  0.10%   359 1834s
 736096 443508     cutoff  296        12.00979   11.99836  0.10%   360 1843s
 740646 445337     cutoff  176        12.00979   11.99840  0.09%   359 1849s
 743847 447598   12.00358  131 1483   12.00979   11.99842  0.09%   359 1857s
 747545 449468   12.00954  569 1068   12.00979   11.99843  0.09%   359 1864s
 750739 450709   12.00389   87 1520   12.00979   11.99844  0.09%   359 1872s
 753037 452190     cutoff  204        12.00979   11.99844  0.09%   360 1879s
 756042 453353     cutoff  614        12.00979   11.99844  0.09%   360 1887s
 758622 454619     cutoff  346        12.00979   11.99844  0.09%   361 1895s
 761082 456922   12.00563  193 1203   12.00979   11.99845  0.09%   361 1904s
 765480 458820   12.00596  155 1405   12.00979   11.99848  0.09%   361 1913s
 768916 460387   12.00388  192 1358   12.00979   11.99849  0.09%   362 1921s
 772116 462379   12.00573  295 1407   12.00979   11.99849  0.09%   362 1930s
 775583 464055   12.00842  107 1474   12.00979   11.99850  0.09%   362 1938s
 778639 465566   12.00410  147 1393   12.00979   11.99850  0.09%   362 1947s
 781231 467508   12.00459   96 1465   12.00979   11.99851  0.09%   363 1956s
 784836 468580   12.00976  113 1515   12.00979   11.99854  0.09%   363 1966s
 787409 470748   12.00533  196 1392   12.00979   11.99855  0.09%   364 1975s
 791381 472440     cutoff  205        12.00979   11.99856  0.09%   364 1983s
 794106 473520   12.00421  139 1347   12.00979   11.99857  0.09%   364 1992s
 796802 476083   12.00458  162 1371   12.00979   11.99858  0.09%   365 2003s
 801051 478142     cutoff  192        12.00979   11.99858  0.09%   366 2013s
 804560 479425   12.00837  203 1376   12.00979   11.99858  0.09%   366 2023s
 806812 481291     cutoff  169        12.00979   11.99858  0.09%   366 2032s
 810463 483300   12.00564  152 1387   12.00979   11.99861  0.09%   367 2041s
 814272 486240   12.00473  213 1534   12.00979   11.99863  0.09%   367 2050s
 818970 487797   12.00778  327 1331   12.00979   11.99864  0.09%   367 2059s
 822108 489259     cutoff  225        12.00979   11.99865  0.09%   367 2066s
 824988 491038     cutoff  232        12.00979   11.99866  0.09%   367 2075s
 828509 492821   12.00577  204 1286   12.00979   11.99866  0.09%   368 2083s
 831478 494589   12.00831  185 1432   12.00979   11.99867  0.09%   368 2092s
 834443 498308   12.00572  209 1354   12.00979   11.99867  0.09%   368 2101s
 839669 499974   12.00550  206 1420   12.00979   11.99870  0.09%   367 2108s
 842889 501000   12.00698  240 1423   12.00979   11.99870  0.09%   368 2116s
 845764 502189     cutoff  161        12.00979   11.99871  0.09%   368 2125s
 848467 502698     cutoff  176        12.00979   11.99872  0.09%   369 2133s
 850582 503695     cutoff  198        12.00979   11.99872  0.09%   369 2143s
 852964 505243     cutoff  204        12.00979   11.99872  0.09%   370 2151s
 855715 507417   12.00910  167 1458   12.00979   11.99872  0.09%   370 2160s
 859578 509889     cutoff  202        12.00979   11.99874  0.09%   371 2168s
 863623 511746   12.00464  159 1357   12.00979   11.99874  0.09%   371 2177s
 866985 513483   12.00415  197 1466   12.00979   11.99874  0.09%   371 2185s
 870012 514222   12.00417  179 1360   12.00979   11.99876  0.09%   371 2194s
 872614 516009     cutoff  236        12.00979   11.99878  0.09%   372 2202s
 876140 517929     cutoff  249        12.00979   11.99879  0.09%   372 2210s
 879552 519611   12.00541  363 1175   12.00979   11.99879  0.09%   372 2219s
 882972 521117   12.00699  356 1391   12.00979   11.99879  0.09%   372 2227s
 885755 523541     cutoff  120        12.00979   11.99880  0.09%   373 2236s
 889766 525475     cutoff  276        12.00979   11.99881  0.09%   373 2245s
 893052 527477   12.00828  214 1357   12.00979   11.99881  0.09%   373 2253s
 896634 530206     cutoff  269        12.00979   11.99884  0.09%   373 2261s
 900737 532245   12.00788  137 1359   12.00979   11.99884  0.09%   373 2269s
 904215 532966   12.00606  289 1376   12.00979   11.99885  0.09%   373 2277s
 906599 533990   12.00400  365 1384   12.00979   11.99886  0.09%   373 2286s
 909508 535057   12.00391  126 1452   12.00979   11.99886  0.09%   374 2295s
 911713 537063     cutoff  136        12.00979   11.99886  0.09%   374 2304s
 915196 538295   12.00472  196 1492   12.00979   11.99886  0.09%   374 2312s
 917594 540500   12.00447  163 1407   12.00979   11.99886  0.09%   375 2322s
 921636 542233     cutoff  185        12.00979   11.99886  0.09%   375 2332s
 925081 544261   12.00395  178 1381   12.00979   11.99886  0.09%   375 2341s
 928576 546462   12.00049  207 1326   12.00979   11.99886  0.09%   376 2351s
 932314 547313   12.00935  246 1277   12.00979   11.99893  0.09%   376 2360s
 934803 548025   12.00519  235 1423   12.00979   11.99894  0.09%   376 2369s
 937294 549611     cutoff  582        12.00979   11.99894  0.09%   377 2380s
 940461 551236   12.00457  199 1303   12.00979   11.99894  0.09%   378 2389s
 943874 552567   12.00472  189 1457   12.00979   11.99894  0.09%   378 2399s
 947064 553599   12.00474  172 1427   12.00979   11.99895  0.09%   379 2407s
 949165 556202   12.00596  451 1185   12.00979   11.99896  0.09%   379 2418s
 953671 558168     cutoff  228        12.00979   11.99896  0.09%   380 2428s
 956955 560107     cutoff  133        12.00979   11.99897  0.09%   380 2437s
 961016 562254   12.00621  144 1383   12.00979   11.99899  0.09%   380 2447s
 964561 564572   12.00881  409 1444   12.00979   11.99900  0.09%   380 2456s
 968360 567095     cutoff  248        12.00979   11.99901  0.09%   380 2465s
 972403 569149   12.00822  181 1497   12.00979   11.99902  0.09%   380 2475s
 976073 571305 infeasible  174        12.00979   11.99904  0.09%   380 2483s
 979647 573190     cutoff  217        12.00979   11.99904  0.09%   380 2490s
 983166 574900   12.00415  174 1476   12.00979   11.99905  0.09%   380 2497s
 986267 576773   12.00390  172 1398   12.00979   11.99907  0.09%   381 2505s
 989428 578146     cutoff  235        12.00979   11.99907  0.09%   381 2514s
 992086 579641     cutoff  148        12.00979   11.99907  0.09%   381 2521s
 994995 580965     cutoff  167        12.00979   11.99908  0.09%   381 2529s
 997592 582249     cutoff  115        12.00979   11.99909  0.09%   381 2537s
 1000390 583415   12.00979  245 1298   12.00979   11.99909  0.09%   382 2546s
 1003193 585727     cutoff  250        12.00979   11.99911  0.09%   382 2555s
 1007193 586782   12.00812  251 1362   12.00979   11.99911  0.09%   382 2562s
 1009664 587819   12.00766  294 1380   12.00979   11.99913  0.09%   383 2572s
 1012590 589405     cutoff  220        12.00979   11.99913  0.09%   383 2583s
 1016223 591639   12.00487  176 1443   12.00979   11.99913  0.09%   384 2593s
 1020601 594075   12.00378  146 1400   12.00979   11.99914  0.09%   384 2603s
 1024961 595680   12.00374  211 1371   12.00979   11.99914  0.09%   384 2612s
 1028059 597395   12.00368  235 1172   12.00979   11.99915  0.09%   384 2623s
 1031733 599379     cutoff  188        12.00979   11.99917  0.09%   384 2631s
 1035329 601189   12.00823  279 1417   12.00979   11.99917  0.09%   384 2640s
 1038762 602123   12.00356  180 1424   12.00979   11.99919  0.09%   385 2648s
 1041165 604120   12.00434  174 1469   12.00979   11.99919  0.09%   385 2659s
 1045137 605247   12.00621  204 1364   12.00979   11.99921  0.09%   385 2668s
 1048062 606884   12.00486  205 1317   12.00979   11.99921  0.09%   386 2679s
 1051536 608294   12.00357  256 1384   12.00979   11.99922  0.09%   386 2690s
 1054451 609890   12.00387  277 1447   12.00979   11.99922  0.09%   387 2700s
 1057714 611672   12.00469  288 1357   12.00979   11.99922  0.09%   387 2710s
 1061051 613024   12.00496  306 1320   12.00979   11.99922  0.09%   387 2721s
 1064525 614141   12.00626  194 1238   12.00979   11.99925  0.09%   388 2731s
 1067723 614694     cutoff  190        12.00979   11.99926  0.09%   389 2739s
 1069748 615511   12.00414  163 1383   12.00979   11.99926  0.09%   389 2751s
 1072691 616917     cutoff  667        12.00979   11.99926  0.09%   390 2765s
 1076191 619869     cutoff  137        12.00979   11.99927  0.09%   391 2778s
 1081632 621291     cutoff  549        12.00979   11.99927  0.09%   391 2789s
 1085206 622677   12.00455  236 1310   12.00979   11.99930  0.09%   391 2800s
 1088289 624039   12.00708  173 1411   12.00979   11.99930  0.09%   392 2813s
 1091837 626467     cutoff  230        12.00979   11.99930  0.09%   393 2824s
 1096304 628709   12.00799  106 1510   12.00979   11.99931  0.09%   393 2834s
 1100437 630232     cutoff  230        12.00979   11.99932  0.09%   393 2842s
 1103521 631051     cutoff  219        12.00979   11.99933  0.09%   393 2850s
 1105872 632318   12.00457  198 1322   12.00979   11.99934  0.09%   394 2860s
 1108638 633952   12.00931  349 1185   12.00979   11.99935  0.09%   394 2871s
 1111925 634915   12.00635  203 1406   12.00979   11.99935  0.09%   394 2881s
 1115066 636802   12.00449  143 1366   12.00979   11.99935  0.09%   395 2893s
 1119240 637669   12.00613  406 1268   12.00979   11.99936  0.09%   395 2904s
 1122002 638980   12.00956  210 1275   12.00979   11.99937  0.09%   396 2914s
 1125876 639600     cutoff  214        12.00979   11.99938  0.09%   396 2924s
 1128246 640869   12.00407  232 1297   12.00979   11.99938  0.09%   397 2934s
 1131401 641881   12.00766  127 1454   12.00979   11.99938  0.09%   397 2941s
 1133961 643584     cutoff  216        12.00979   11.99939  0.09%   398 2952s
 1137478 645386     cutoff  225        12.00979   11.99939  0.09%   398 2962s
 1141017 646600     cutoff  134        12.00979   11.99940  0.09%   398 2971s
 1144279 646612   12.00614  324 1362   12.00979   11.99942  0.09%   399 3001s
 1144628 648283   12.00008  223 1403   12.00979   11.99942  0.09%   399 3012s
 1148160 649752     cutoff  217        12.00979   11.99942  0.09%   399 3022s
 1152085 651464   12.00655  205 1372   12.00979   11.99943  0.09%   399 3032s
 1155922 652337   12.00513  180 1408   12.00979   11.99944  0.09%   399 3042s
 1158917 653036     cutoff  269        12.00979   11.99944  0.09%   400 3052s
 1161666 654391   12.00586  244 1494   12.00979   11.99945  0.09%   401 3060s
 1164679 655787   12.00738  226 1433   12.00979   11.99945  0.09%   401 3069s
 1167812 657632   12.00325  209 1345   12.00979   11.99946  0.09%   401 3079s
 1171456 659401     cutoff  234        12.00979   11.99947  0.09%   401 3087s
 1174638 661231   12.00343  183 1352   12.00979   11.99948  0.09%   401 3096s
 1178402 661910     cutoff  286        12.00979   11.99949  0.09%   401 3105s
 1181027 663441     cutoff  306        12.00979   11.99950  0.09%   401 3114s
 1184436 664709   12.00117  311 1423   12.00979   11.99950  0.09%   402 3123s
 1187303 665617   12.00519   95 1642   12.00979   11.99950  0.09%   402 3133s
 1189721 667131   12.00444  183 1337   12.00979   11.99951  0.09%   402 3143s
 1193987 667985   12.00499  220 1378   12.00979   11.99952  0.09%   402 3152s
 1196456 669290     cutoff  190        12.00979   11.99952  0.09%   402 3163s
 1200081 670670   12.00514  196 1350   12.00979   11.99953  0.09%   403 3172s
 1203603 671452   12.00433  120 1391   12.00979   11.99954  0.09%   403 3182s
 1206713 672572     cutoff  210        12.00979   11.99954  0.09%   403 3192s
 1210039 673909     cutoff  181        12.00979   11.99955  0.09%   404 3201s
 1213623 675219   12.00094  140 1399   12.00979   11.99955  0.09%   404 3211s
 1217320 676136   12.00795  333 1370   12.00979   11.99955  0.09%   404 3221s
 1220412 677362   12.00589  316 1398   12.00979   11.99957  0.09%   405 3230s
 1223346 678778     cutoff  173        12.00979   11.99957  0.09%   405 3239s
 1226237 680856     cutoff  317        12.00979   11.99957  0.09%   405 3249s
 1230082 682330     cutoff  115        12.00979   11.99957  0.09%   405 3258s
 1233434 683858     cutoff  327        12.00979   11.99959  0.08%   406 3267s
 1237112 684511     cutoff  215        12.00979   11.99960  0.08%   406 3276s
 1239541 685471   12.00314  241 1416   12.00979   11.99960  0.08%   406 3284s
 1242620 686604   12.00583  137 1434   12.00979   11.99961  0.08%   406 3293s
 1245341 688473     cutoff  280        12.00979   11.99962  0.08%   407 3303s
 1249003 690282     cutoff  210        12.00979   11.99963  0.08%   407 3313s
 1252741 691984   12.00465  309 1343   12.00979   11.99964  0.08%   407 3321s
 1256095 693265     cutoff  267        12.00979   11.99965  0.08%   407 3329s
 1258930 694553   12.00901  114 1339   12.00979   11.99965  0.08%   407 3337s
 1262020 696162   12.00720  192 1382   12.00979   11.99966  0.08%   407 3346s
 1265363 697971     cutoff   97        12.00979   11.99967  0.08%   407 3354s
 1268794 699569   12.00861  125 1290   12.00979   11.99967  0.08%   407 3363s
 1272102 700730     cutoff  112        12.00979   11.99968  0.08%   408 3372s
 1274917 701962   12.00545  225 1224   12.00979   11.99968  0.08%   408 3381s
 1277997 702923     cutoff  225        12.00979   11.99968  0.08%   408 3390s
 1281124 704105   12.00911  208 1277   12.00979   11.99970  0.08%   408 3401s
 1283821 705145     cutoff  119        12.00979   11.99970  0.08%   408 3409s
 1286878 706785   12.00852  114 1320   12.00979   11.99971  0.08%   408 3418s
 1290208 708850   12.00545  200 1336   12.00979   11.99972  0.08%   409 3428s
 1294014 709949     cutoff  174        12.00979   11.99972  0.08%   409 3437s
 1296641 711179     cutoff  250        12.00979   11.99973  0.08%   409 3446s
 1299762 711985     cutoff  226        12.00979   11.99974  0.08%   409 3456s
 1302336 713288   12.00479  269 1412   12.00979   11.99974  0.08%   409 3466s
 1305496 714438   12.00837  147 1480   12.00979   11.99974  0.08%   410 3475s
 1308131 715698   12.00462   95 1538   12.00979   11.99975  0.08%   410 3485s
 1311293 717996   12.00838  110 1249   12.00979   11.99976  0.08%   411 3495s
 1315881 719658     cutoff  202        12.00979   11.99977  0.08%   411 3504s
 1319115 720797   12.00459  198 1394   12.00979   11.99978  0.08%   411 3513s
 1321664 721900     cutoff  237        12.00979   11.99978  0.08%   411 3523s
 1325072 723389     cutoff  183        12.00979   11.99979  0.08%   411 3532s
 1328653 725332     cutoff  339        12.00979   11.99979  0.08%   411 3541s
 1332644 727007     cutoff  161        12.00979   11.99980  0.08%   411 3550s
 1336036 728200   12.00781  218 1484   12.00979   11.99981  0.08%   411 3560s
 1338854 729507   12.00792  250 1492   12.00979   11.99981  0.08%   412 3569s
 1341765 731297     cutoff  229        12.00979   11.99982  0.08%   412 3578s
 1345664 732596     cutoff  123        12.00979   11.99982  0.08%   412 3586s
 1348664 733352   12.00021  163 1297   12.00979   11.99983  0.08%   412 3595s
 1351672 734357   12.00976  342 1483   12.00979   11.99983  0.08%   413 3605s
 1354730 735718     cutoff  149        12.00979   11.99984  0.08%   413 3615s
 1358527 736817   12.00901  353 1339   12.00979   11.99985  0.08%   413 3626s
 1361630 738770     cutoff  206        12.00979   11.99986  0.08%   413 3636s
 1365579 740129     cutoff  109        12.00979   11.99987  0.08%   413 3645s
 1368747 741592     cutoff  142        12.00979   11.99987  0.08%   414 3654s
 1372125 742999     cutoff  231        12.00979   11.99987  0.08%   414 3664s
 1375443 744041   12.00870  360 1303   12.00979   11.99988  0.08%   414 3671s
 1378347 745011   12.00305  148 1408   12.00979   11.99989  0.08%   414 3680s
 1380946 746188   12.00465  171 1308   12.00979   11.99989  0.08%   414 3691s
 1384643 747155   12.00461  316 1448   12.00979   11.99990  0.08%   415 3701s
 1388184 748481   12.00720  230 1505   12.00979   11.99990  0.08%   415 3711s
 1391406 749124   12.00012  194 1323   12.00979   11.99990  0.08%   415 3722s
 1394081 750447   12.00085  195 1329   12.00979   11.99992  0.08%   416 3732s
 1397669 751747     cutoff  137        12.00979   11.99992  0.08%   416 3743s
 1400760 752731     cutoff  242        12.00979   11.99993  0.08%   416 3753s
 1403201 753940     cutoff  144        12.00979   11.99993  0.08%   417 3764s
 1406316 754988     cutoff  150        12.00979   11.99994  0.08%   417 3773s
 1409029 756443     cutoff  195        12.00979   11.99995  0.08%   417 3783s
 1412446 758144   12.00025  176 1351   12.00979   11.99995  0.08%   418 3793s
 1416346 759209   12.00703  214 1387   12.00979   11.99996  0.08%   418 3802s
 1418977 760788     cutoff  151        12.00979   11.99997  0.08%   418 3813s
 1422403 762106     cutoff  242        12.00979   11.99997  0.08%   418 3822s
 1425558 763160     cutoff  217        12.00979   11.99998  0.08%   418 3832s
 1428416 764385   12.00813  182 1237   12.00979   11.99999  0.08%   419 3842s
 1431880 765399   12.00656  203 1394   12.00979   11.99999  0.08%   419 3852s
 1435059 766136     cutoff  165        12.00979   12.00000  0.08%   419 3862s
 1437997 767074     cutoff  445        12.00979   12.00001  0.08%   420 3871s
 1440558 768459     cutoff  177        12.00979   12.00001  0.08%   420 3883s
 1444263 769018     cutoff  213        12.00979   12.00002  0.08%   420 3894s
 1447381 770117   12.00311  271 1407   12.00979   12.00002  0.08%   421 3904s
 1451082 771033     cutoff  279        12.00979   12.00002  0.08%   421 3915s
 1454432 772249   12.00404  288 1281   12.00979   12.00003  0.08%   421 3925s
 1457513 773099   12.00473  299 1190   12.00979   12.00003  0.08%   421 3935s
 1460245 774554   12.00521  312 1322   12.00979   12.00004  0.08%   422 3947s
 1464004 775529   12.00579  475 1329   12.00979   12.00005  0.08%   422 3957s
 1466998 776714   12.00902  225 1457   12.00979   12.00006  0.08%   422 3965s
 1469767 778063   12.00143  188 1337   12.00979   12.00006  0.08%   422 3975s
 1472732 779223   12.00783  216 1347   12.00979   12.00007  0.08%   423 3986s
 1476274 780557   12.00530  263 1441   12.00979   12.00007  0.08%   423 3996s
 1480069 781453   12.00470  199 1351   12.00979   12.00007  0.08%   423 4006s
 1483243 782455     cutoff  248        12.00979   12.00008  0.08%   423 4016s
 1486305 783624   12.00722  205 1296   12.00979   12.00008  0.08%   424 4027s
 1489450 784548     cutoff  339        12.00979   12.00008  0.08%   424 4038s
 1492058 785789   12.00387  186 1289   12.00979   12.00010  0.08%   424 4049s
 1495634 787303     cutoff  215        12.00979   12.00010  0.08%   424 4060s
 1499311 787904     cutoff  215        12.00979   12.00010  0.08%   425 4068s
 1501430 789521   12.00571  124 1487   12.00979   12.00010  0.08%   425 4081s
 1505296 791117   12.00503  242 1363   12.00979   12.00013  0.08%   425 4093s
 1509223 792242   12.00709  244 1367   12.00979   12.00014  0.08%   426 4104s
 1512878 793834     cutoff  166        12.00979   12.00015  0.08%   426 4114s
 1516600 794685     cutoff  219        12.00979   12.00015  0.08%   426 4124s
 1519834 795846     cutoff  308        12.00979   12.00016  0.08%   426 4135s
 1522989 797407   12.00672  199 1367   12.00979   12.00017  0.08%   427 4145s
 1526946 798669   12.00775  132 1394   12.00979   12.00017  0.08%   427 4157s
 1530483 799950   12.00783  291 1445   12.00979   12.00018  0.08%   427 4165s
 1533372 801250   12.00518  183 1492   12.00979   12.00019  0.08%   427 4175s
 1536268 802159     cutoff  227        12.00979   12.00020  0.08%   427 4187s
 1538830 803938 infeasible  261        12.00979   12.00020  0.08%   427 4197s
 1543181 805279     cutoff  274        12.00979   12.00021  0.08%   428 4207s
 1546765 806475     cutoff  235        12.00979   12.00021  0.08%   428 4217s
 1549946 807982   12.00466  233 1297   12.00979   12.00021  0.08%   428 4228s
 1553439 809387     cutoff  344        12.00979   12.00022  0.08%   428 4238s
 1556853 810376     cutoff  298        12.00979   12.00023  0.08%   428 4248s
 1560037 811151   12.00898  113 1447   12.00979   12.00024  0.08%   429 4257s
 1562841 812563     cutoff  324        12.00979   12.00024  0.08%   429 4266s
 1566297 814252   12.00856  134 1307   12.00979   12.00024  0.08%   429 4276s
 1569917 815630   12.00554  148 1468   12.00979   12.00025  0.08%   429 4285s
 1573337 816667   12.00317  344 1401   12.00979   12.00026  0.08%   429 4294s
 1575951 818586     cutoff  124        12.00979   12.00027  0.08%   430 4304s
 1579989 819531     cutoff  105        12.00979   12.00027  0.08%   430 4315s
 1582940 820918   12.00908  276 1306   12.00979   12.00028  0.08%   430 4324s
 1586184 822370     cutoff  136        12.00979   12.00028  0.08%   430 4334s
 1589401 823370   12.00908  163 1581   12.00979   12.00029  0.08%   430 4345s
 1592145 824362     cutoff  222        12.00979   12.00029  0.08%   430 4357s
 1595128 825614   12.00544  282 1305   12.00979   12.00030  0.08%   431 4369s
 1598115 827543   12.00093  242 1401   12.00979   12.00030  0.08%   431 4380s
 1602192 829124   12.00632  219 1521   12.00979   12.00031  0.08%   431 4391s
 1605651 830839     cutoff  212        12.00979   12.00032  0.08%   431 4402s
 1609668 832457   12.00964  202 1442   12.00979   12.00033  0.08%   431 4413s
 1613067 833692     cutoff  163        12.00979   12.00033  0.08%   431 4424s
 1616295 835071     cutoff  197        12.00979   12.00034  0.08%   431 4435s
 1619850 836356     cutoff  360        12.00979   12.00035  0.08%   431 4444s
 1623004 837252   12.00924  224 1367   12.00979   12.00036  0.08%   432 4453s
 1626006 838258   12.00944  126 1360   12.00979   12.00036  0.08%   432 4463s
 1628574 839706   12.00486  256 1353   12.00979   12.00036  0.08%   432 4473s
 1632173 841042     cutoff  344        12.00979   12.00037  0.08%   432 4484s
 1635719 842454     cutoff  142        12.00979   12.00037  0.08%   432 4493s
 1639244 843228     cutoff  222        12.00979   12.00038  0.08%   432 4504s
 1642058 844307   12.00613  211 1315   12.00979   12.00039  0.08%   433 4514s
 1644968 845685   12.00658  265 1327   12.00979   12.00039  0.08%   433 4524s
 1648137 846914   12.00694  170 1441   12.00979   12.00039  0.08%   433 4535s
 1652048 848529   12.00703  176 1330   12.00979   12.00040  0.08%   433 4545s
 1655362 850082   12.00612  291 1495   12.00979   12.00041  0.08%   433 4554s
 1658524 851307   12.00054  199 1435   12.00979   12.00042  0.08%   433 4564s
 1661316 852352     cutoff  228        12.00979   12.00042  0.08%   433 4573s
 1664256 853131   12.00421  141 1327   12.00979   12.00043  0.08%   434 4583s
 1667561 854468     cutoff  124        12.00979   12.00043  0.08%   434 4593s
 1670960 855852   12.00972  229 1238   12.00979   12.00044  0.08%   434 4602s
 1674093 857074   12.00829  304 1447   12.00979   12.00044  0.08%   434 4612s
 1677393 857873   12.00825  258 1420   12.00979   12.00044  0.08%   434 4622s
 1680393 858964     cutoff  162        12.00979   12.00045  0.08%   434 4632s
 1683518 859695   12.00841  137 1490   12.00979   12.00045  0.08%   435 4640s
 1686067 861265     cutoff  180        12.00979   12.00046  0.08%   435 4651s
 1689883 861947   12.00672  234 1513   12.00979   12.00047  0.08%   435 4661s
 1692640 863229   12.00877  129 1329   12.00979   12.00047  0.08%   435 4673s
 1696000 864134     cutoff  110        12.00979   12.00048  0.08%   436 4683s
 1699661 865129   12.00816  205 1402   12.00979   12.00048  0.08%   436 4695s
 1702612 866661   12.00833  233 1223   12.00979   12.00048  0.08%   436 4705s
 1706499 867407     cutoff  335        12.00979   12.00049  0.08%   436 4716s
 1709326 868368   12.00393  186 1391   12.00979   12.00050  0.08%   436 4727s
 1713076 869030   12.00572  224 1339   12.00979   12.00051  0.08%   437 4736s
 1715403 870341   12.00246  367 1326   12.00979   12.00051  0.08%   437 4749s
 1719117 870840     cutoff  116        12.00979   12.00052  0.08%   437 4760s
 1721919 871695     cutoff  129        12.00979   12.00052  0.08%   438 4772s
 1725599 872734   12.00458  128 1370   12.00979   12.00052  0.08%   438 4783s
 1729144 874517     cutoff  171        12.00979   12.00053  0.08%   438 4795s
 1733358 875566     cutoff  245        12.00979   12.00053  0.08%   438 4806s
 1736351 877093     cutoff  135        12.00979   12.00054  0.08%   439 4818s
[2026-06-29T13:08:58.943] error: *** JOB 14835701 ON x1003c1s2b1n1 CANCELLED AT 2026-06-29T13:08:58 DUE to SIGNAL Terminated ***
