2026-05-29 09:44:58 [INFO] idaes.core.surrogate.pysmo_surrogate: Decode surrogate. type=poly

===========================Polynomial Regression===============================================

The number of cross-validation cases (3) is used.
The default training/cross-validation split of 0.75 is used.
No iterations will be run.
Default parameter estimation method is used.
Parameter estimation method:  pyomo 

2026-05-29 09:44:58 [INFO] idaes.core.surrogate.pysmo_surrogate: Decode surrogate. type=poly

===========================Polynomial Regression===============================================

The number of cross-validation cases (3) is used.
The default training/cross-validation split of 0.75 is used.
No iterations will be run.
Default parameter estimation method is used.
Parameter estimation method:  pyomo 

2026-05-29 09:44:58 [INFO] idaes.core.surrogate.pysmo_surrogate: Decode surrogate. type=poly

===========================Polynomial Regression===============================================

The number of cross-validation cases (3) is used.
The default training/cross-validation split of 0.75 is used.
No iterations will be run.
Default parameter estimation method is used.
Parameter estimation method:  pyomo 

2026-05-29 09:44:58 [INFO] idaes.core.surrogate.pysmo_surrogate: Decode surrogate. type=poly

===========================Polynomial Regression===============================================

The number of cross-validation cases (3) is used.
The default training/cross-validation split of 0.75 is used.
No iterations will be run.
Default parameter estimation method is used.
Parameter estimation method:  pyomo 

2026-05-29 09:44:59 [INFO] idaes.apps.grid_integration.pricetaker.price_taker_model: Found minimum uptime/downtime data for pretreatment.uf_pumps[1] - Adding minimum uptime/downtime constraints.
2026-05-29 09:44:59 [INFO] idaes.apps.grid_integration.pricetaker.price_taker_model: Created startup/shutdown constraints for operation model  pretreatment.uf_pumps[1] at uf_pumps_1_startup_shutdown.
2026-05-29 09:44:59 [INFO] idaes.apps.grid_integration.pricetaker.price_taker_model: Found minimum uptime/downtime data for pretreatment.uf_pumps[2] - Adding minimum uptime/downtime constraints.
2026-05-29 09:44:59 [INFO] idaes.apps.grid_integration.pricetaker.price_taker_model: Created startup/shutdown constraints for operation model  pretreatment.uf_pumps[2] at uf_pumps_2_startup_shutdown.
2026-05-29 09:44:59 [INFO] idaes.apps.grid_integration.pricetaker.price_taker_model: Found minimum uptime/downtime data for pretreatment.uf_pumps[3] - Adding minimum uptime/downtime constraints.
2026-05-29 09:44:59 [INFO] idaes.apps.grid_integration.pricetaker.price_taker_model: Created startup/shutdown constraints for operation model  pretreatment.uf_pumps[3] at uf_pumps_3_startup_shutdown.
2026-05-29 09:44:59 [INFO] idaes.apps.grid_integration.pricetaker.price_taker_model: Found minimum uptime/downtime data for reverse_osmosis.ro_skid[1] - Adding minimum uptime/downtime constraints.
2026-05-29 09:44:59 [INFO] idaes.apps.grid_integration.pricetaker.price_taker_model: Created startup/shutdown constraints for operation model  reverse_osmosis.ro_skid[1] at ro_skid_1_startup_shutdown.
2026-05-29 09:44:59 [INFO] idaes.apps.grid_integration.pricetaker.price_taker_model: Found minimum uptime/downtime data for reverse_osmosis.ro_skid[2] - Adding minimum uptime/downtime constraints.
2026-05-29 09:44:59 [INFO] idaes.apps.grid_integration.pricetaker.price_taker_model: Created startup/shutdown constraints for operation model  reverse_osmosis.ro_skid[2] at ro_skid_2_startup_shutdown.
2026-05-29 09:44:59 [INFO] idaes.apps.grid_integration.pricetaker.price_taker_model: Found minimum uptime/downtime data for reverse_osmosis.ro_skid[3] - Adding minimum uptime/downtime constraints.
2026-05-29 09:44:59 [INFO] idaes.apps.grid_integration.pricetaker.price_taker_model: Created startup/shutdown constraints for operation model  reverse_osmosis.ro_skid[3] at ro_skid_3_startup_shutdown.
2026-05-29 09:44:59 [INFO] idaes.apps.grid_integration.pricetaker.price_taker_model: Found minimum uptime/downtime data for reverse_osmosis.ro_skid[4] - Adding minimum uptime/downtime constraints.
2026-05-29 09:44:59 [INFO] idaes.apps.grid_integration.pricetaker.price_taker_model: Created startup/shutdown constraints for operation model  reverse_osmosis.ro_skid[4] at ro_skid_4_startup_shutdown.
3020
Set parameter TokenServer to value "10.60.1.73"
Set parameter LogToConsole to value 1
Set parameter MIPGap to value 0.01
Gurobi Optimizer version 12.0.3 build v12.0.3rc0 (linux64 - "Red Hat Enterprise Linux 8.8 (Ootpa)")

CPU model: Intel(R) Xeon(R) Platinum 8470QL, instruction set [SSE2|AVX|AVX2|AVX512]
Thread count: 104 physical cores, 104 logical processors, using up to 32 threads

Non-default parameters:
MIPGap  0.01

Optimize a model with 17951 rows, 15123 columns and 45651 nonzeros
Model fingerprint: 0xf2a313da
Model has 168 quadratic objective terms
Model has 2352 quadratic constraints
Variable types: 10587 continuous, 4536 integer (4536 binary)
Coefficient statistics:
  Matrix range     [3e-02, 2e+03]
  QMatrix range    [2e-07, 1e+00]
  QLMatrix range   [1e-04, 1e+00]
  Objective range  [7e-06, 5e-03]
  QObjective range [2e-04, 2e-04]
  Bounds range     [1e+00, 1e+03]
  RHS range        [1e+00, 3e+05]
  QRHS range       [2e-01, 3e-01]
Presolve removed 11744 rows and 9246 columns
Presolve time: 0.16s
Presolved: 14439 rows, 5878 columns, 38351 nonzeros
Presolved model has 2352 bilinear constraint(s)

Solving non-convex MIQCP

Variable types: 3734 continuous, 2144 integer (2144 binary)
Found heuristic solution: objective 11.1737918

Root relaxation: objective 1.040329e+01, 25435 iterations, 4.12 seconds (6.59 work units)

    Nodes    |    Current Node    |     Objective Bounds      |     Work
 Expl Unexpl |  Obj  Depth IntInf | Incumbent    BestBd   Gap | It/Node Time

     0     0   10.40329    0 2016   11.17379   10.40329  6.90%     -    4s
     0     0   10.94390    0 1768   11.17379   10.94390  2.06%     -    6s
     0     0   10.97574    0 2126   11.17379   10.97574  1.77%     -    7s
     0     0   10.99990    0 2212   11.17379   10.99990  1.56%     -    8s
     0     0   11.00150    0 2240   11.17379   11.00150  1.54%     -    9s
     0     0   11.00431    0 2205   11.17379   11.00431  1.52%     -   10s
     0     0   11.04711    0 2227   11.17379   11.04711  1.13%     -   12s
     0     0   11.04972    0 2527   11.17379   11.04972  1.11%     -   12s
     0     0   11.04972    0 2528   11.17379   11.04972  1.11%     -   12s
     0     0          -    0        11.17379   11.06406  0.98%     -   13s

Cutting planes:
  Learned: 3
  Cover: 17
  Implied bound: 651
  MIR: 60
  Flow cover: 374
  Network: 1
  RLT: 1734
  Relax-and-lift: 2

Explored 1 nodes (59810 simplex iterations) in 13.77 seconds (22.52 work units)
Thread count was 32 (of 104 available processors)

Solution count 1: 11.1738 

Optimal solution found (tolerance 1.00e-02)
Best objective 1.117379178511e+01, best bound 1.106405533850e+01, gap 0.9821%
m.flow_changes_penalty(): 0.0
Total operational cost: 111737.92
Maximum power (kW): 1127.08
Discharge energy capacity (kWh): 0.00
Charge energy capacity (kWh): 7910.08
Levelized Cost of Flexibility ($/kWh): nan
{'fixed_demand_cost': 4963.622430913924, 'variable_demand_cost': 2666.492376240202, 'fixed_monthly_cost': 171938.17204301074, 'total_water_production': 282179.6712548452, 'total_energy_cost': 18663.290146715608, 'total_demand_cost': 7630.1148071541265, 'total_customer_cost': 0.0, 'total_feed_cost': 50843.18401230207, 'total_brine_cost': 15303.79839347874, 'total_chemical_cost': 19297.530491452813, 'total_water_revenue': 0.0, 'total_demand_response_revenue': -0.0, 'total_emissions_cost': 0.0, 'total_op_cost': 111737.91785110335, 'fixed_cost': 121551.98252688172, 'total_cost': 233289.9003779851, 'LCOW': 0.8267424061434027, 'degree_of_flex': 0.0, 'total_replacement_cost': 992.3107078853046, 'maximum_power': 1127.0837800240377, 'energy_capacity': 0.0, 'power_capacity': nan, 'round_trip_efficiency': 0, 'LVOF': nan}
Saved operation variable results to: /home/rchurchi/watertap_test/watertap/tutorials/flex_ro/wrd_result_winter_no_flex_2_flexible_trains.csv
2026-05-29 09:45:17 [INFO] idaes.core.surrogate.pysmo_surrogate: Decode surrogate. type=poly

===========================Polynomial Regression===============================================

The number of cross-validation cases (3) is used.
The default training/cross-validation split of 0.75 is used.
No iterations will be run.
Default parameter estimation method is used.
Parameter estimation method:  pyomo 

2026-05-29 09:45:17 [INFO] idaes.core.surrogate.pysmo_surrogate: Decode surrogate. type=poly

===========================Polynomial Regression===============================================

The number of cross-validation cases (3) is used.
The default training/cross-validation split of 0.75 is used.
No iterations will be run.
Default parameter estimation method is used.
Parameter estimation method:  pyomo 

2026-05-29 09:45:17 [INFO] idaes.core.surrogate.pysmo_surrogate: Decode surrogate. type=poly

===========================Polynomial Regression===============================================

The number of cross-validation cases (3) is used.
The default training/cross-validation split of 0.75 is used.
No iterations will be run.
Default parameter estimation method is used.
Parameter estimation method:  pyomo 

2026-05-29 09:45:17 [INFO] idaes.core.surrogate.pysmo_surrogate: Decode surrogate. type=poly

===========================Polynomial Regression===============================================

The number of cross-validation cases (3) is used.
The default training/cross-validation split of 0.75 is used.
No iterations will be run.
Default parameter estimation method is used.
Parameter estimation method:  pyomo 

2026-05-29 09:45:19 [INFO] idaes.apps.grid_integration.pricetaker.price_taker_model: Found minimum uptime/downtime data for pretreatment.uf_pumps[1] - Adding minimum uptime/downtime constraints.
2026-05-29 09:45:19 [INFO] idaes.apps.grid_integration.pricetaker.price_taker_model: Created startup/shutdown constraints for operation model  pretreatment.uf_pumps[1] at uf_pumps_1_startup_shutdown.
2026-05-29 09:45:19 [INFO] idaes.apps.grid_integration.pricetaker.price_taker_model: Found minimum uptime/downtime data for pretreatment.uf_pumps[2] - Adding minimum uptime/downtime constraints.
2026-05-29 09:45:19 [INFO] idaes.apps.grid_integration.pricetaker.price_taker_model: Created startup/shutdown constraints for operation model  pretreatment.uf_pumps[2] at uf_pumps_2_startup_shutdown.
2026-05-29 09:45:19 [INFO] idaes.apps.grid_integration.pricetaker.price_taker_model: Found minimum uptime/downtime data for pretreatment.uf_pumps[3] - Adding minimum uptime/downtime constraints.
2026-05-29 09:45:19 [INFO] idaes.apps.grid_integration.pricetaker.price_taker_model: Created startup/shutdown constraints for operation model  pretreatment.uf_pumps[3] at uf_pumps_3_startup_shutdown.
2026-05-29 09:45:19 [INFO] idaes.apps.grid_integration.pricetaker.price_taker_model: Found minimum uptime/downtime data for reverse_osmosis.ro_skid[1] - Adding minimum uptime/downtime constraints.
2026-05-29 09:45:19 [INFO] idaes.apps.grid_integration.pricetaker.price_taker_model: Created startup/shutdown constraints for operation model  reverse_osmosis.ro_skid[1] at ro_skid_1_startup_shutdown.
2026-05-29 09:45:19 [INFO] idaes.apps.grid_integration.pricetaker.price_taker_model: Found minimum uptime/downtime data for reverse_osmosis.ro_skid[2] - Adding minimum uptime/downtime constraints.
2026-05-29 09:45:19 [INFO] idaes.apps.grid_integration.pricetaker.price_taker_model: Created startup/shutdown constraints for operation model  reverse_osmosis.ro_skid[2] at ro_skid_2_startup_shutdown.
2026-05-29 09:45:19 [INFO] idaes.apps.grid_integration.pricetaker.price_taker_model: Found minimum uptime/downtime data for reverse_osmosis.ro_skid[3] - Adding minimum uptime/downtime constraints.
2026-05-29 09:45:19 [INFO] idaes.apps.grid_integration.pricetaker.price_taker_model: Created startup/shutdown constraints for operation model  reverse_osmosis.ro_skid[3] at ro_skid_3_startup_shutdown.
2026-05-29 09:45:19 [INFO] idaes.apps.grid_integration.pricetaker.price_taker_model: Found minimum uptime/downtime data for reverse_osmosis.ro_skid[4] - Adding minimum uptime/downtime constraints.
2026-05-29 09:45:19 [INFO] idaes.apps.grid_integration.pricetaker.price_taker_model: Created startup/shutdown constraints for operation model  reverse_osmosis.ro_skid[4] at ro_skid_4_startup_shutdown.
3692
Set parameter LogToConsole to value 1
Set parameter MIPGap to value 0.01
Gurobi Optimizer version 12.0.3 build v12.0.3rc0 (linux64 - "Red Hat Enterprise Linux 8.8 (Ootpa)")

CPU model: Intel(R) Xeon(R) Platinum 8470QL, instruction set [SSE2|AVX|AVX2|AVX512]
Thread count: 104 physical cores, 104 logical processors, using up to 32 threads

Non-default parameters:
MIPGap  0.01

Optimize a model with 16607 rows, 15795 columns and 42963 nonzeros
Model fingerprint: 0x99a18098
Model has 168 quadratic objective terms
Model has 3696 quadratic constraints
Variable types: 11259 continuous, 4536 integer (4536 binary)
Coefficient statistics:
  Matrix range     [3e-02, 2e+03]
  QMatrix range    [2e-07, 1e+00]
  QLMatrix range   [1e-04, 4e+01]
  Objective range  [7e-06, 5e-03]
  QObjective range [2e-04, 2e-04]
  Bounds range     [9e-01, 1e+03]
  RHS range        [1e+00, 3e+05]
  QRHS range       [3e-01, 1e+00]
Presolve removed 9707 rows and 8565 columns
Presolve time: 0.12s
Presolved: 20508 rows, 8575 columns, 54890 nonzeros
Presolved model has 3696 bilinear constraint(s)

Solving non-convex MIQCP

Variable types: 6422 continuous, 2153 integer (2153 binary)
Found heuristic solution: objective 11.1737925

Root relaxation: objective 1.023866e+01, 31483 iterations, 1.73 seconds (3.01 work units)

    Nodes    |    Current Node    |     Objective Bounds      |     Work
 Expl Unexpl |  Obj  Depth IntInf | Incumbent    BestBd   Gap | It/Node Time

     0     0   10.23866    0 4028   11.17379   10.23866  8.37%     -    2s
     0     0   10.85034    0 3348   11.17379   10.85034  2.89%     -   11s
     0     0   10.87335    0 3416   11.17379   10.87335  2.69%     -   16s
     0     0   11.06117    0 2811   11.17379   11.06117  1.01%     -   27s
H    0     0                      11.1737923   11.06117  1.01%     -   27s

Cutting planes:
  Learned: 145
  Gomory: 33
  Cover: 31
  Implied bound: 181
  MIR: 9
  Flow cover: 248
  RLT: 1561
  Relax-and-lift: 36
  PSD: 150

Explored 1 nodes (185060 simplex iterations) in 28.00 seconds (45.30 work units)
Thread count was 32 (of 104 available processors)

Solution count 1: 11.1738 

Optimal solution found (tolerance 1.00e-02)
Best objective 1.117379228784e+01, best bound 1.106375017878e+01, gap 0.9848%
m.flow_changes_penalty(): 0.0
Total operational cost: 111737.92
Maximum power (kW): 1127.08
Discharge energy capacity (kWh): 0.00
Charge energy capacity (kWh): 7910.08
Levelized Cost of Flexibility ($/kWh): nan
{'fixed_demand_cost': 4963.622507749107, 'variable_demand_cost': 2666.4924108713976, 'fixed_monthly_cost': 171938.17204301074, 'total_water_production': 282179.671254845, 'total_energy_cost': 18663.29041640464, 'total_demand_cost': 7630.114918620505, 'total_customer_cost': 0.0, 'total_feed_cost': 50843.18520515742, 'total_brine_cost': 15303.801599277655, 'total_chemical_cost': 19297.530738970356, 'total_water_revenue': 0.0, 'total_demand_response_revenue': -0.0, 'total_emissions_cost': 0.0, 'total_op_cost': 111737.92287843056, 'fixed_cost': 121551.98252688172, 'total_cost': 233289.90540531228, 'LCOW': 0.8267424239594535, 'degree_of_flex': 0.0, 'total_replacement_cost': 992.3107078853046, 'maximum_power': 1127.0837974713643, 'energy_capacity': 0.0, 'power_capacity': nan, 'round_trip_efficiency': 0, 'LVOF': nan}
Saved operation variable results to: /home/rchurchi/watertap_test/watertap/tutorials/flex_ro/wrd_result_winter_both_2_flexible_trains.csv
2026-05-29 09:45:50 [INFO] idaes.core.surrogate.pysmo_surrogate: Decode surrogate. type=poly

===========================Polynomial Regression===============================================

The number of cross-validation cases (3) is used.
The default training/cross-validation split of 0.75 is used.
No iterations will be run.
Default parameter estimation method is used.
Parameter estimation method:  pyomo 

2026-05-29 09:45:50 [INFO] idaes.core.surrogate.pysmo_surrogate: Decode surrogate. type=poly

===========================Polynomial Regression===============================================

The number of cross-validation cases (3) is used.
The default training/cross-validation split of 0.75 is used.
No iterations will be run.
Default parameter estimation method is used.
Parameter estimation method:  pyomo 

2026-05-29 09:45:50 [INFO] idaes.core.surrogate.pysmo_surrogate: Decode surrogate. type=poly

===========================Polynomial Regression===============================================

The number of cross-validation cases (3) is used.
The default training/cross-validation split of 0.75 is used.
No iterations will be run.
Default parameter estimation method is used.
Parameter estimation method:  pyomo 

2026-05-29 09:45:50 [INFO] idaes.core.surrogate.pysmo_surrogate: Decode surrogate. type=poly

===========================Polynomial Regression===============================================

The number of cross-validation cases (3) is used.
The default training/cross-validation split of 0.75 is used.
No iterations will be run.
Default parameter estimation method is used.
Parameter estimation method:  pyomo 

2026-05-29 09:45:52 [INFO] idaes.apps.grid_integration.pricetaker.price_taker_model: Found minimum uptime/downtime data for pretreatment.uf_pumps[1] - Adding minimum uptime/downtime constraints.
2026-05-29 09:45:52 [INFO] idaes.apps.grid_integration.pricetaker.price_taker_model: Created startup/shutdown constraints for operation model  pretreatment.uf_pumps[1] at uf_pumps_1_startup_shutdown.
2026-05-29 09:45:52 [INFO] idaes.apps.grid_integration.pricetaker.price_taker_model: Found minimum uptime/downtime data for pretreatment.uf_pumps[2] - Adding minimum uptime/downtime constraints.
2026-05-29 09:45:52 [INFO] idaes.apps.grid_integration.pricetaker.price_taker_model: Created startup/shutdown constraints for operation model  pretreatment.uf_pumps[2] at uf_pumps_2_startup_shutdown.
2026-05-29 09:45:52 [INFO] idaes.apps.grid_integration.pricetaker.price_taker_model: Found minimum uptime/downtime data for pretreatment.uf_pumps[3] - Adding minimum uptime/downtime constraints.
2026-05-29 09:45:52 [INFO] idaes.apps.grid_integration.pricetaker.price_taker_model: Created startup/shutdown constraints for operation model  pretreatment.uf_pumps[3] at uf_pumps_3_startup_shutdown.
2026-05-29 09:45:52 [INFO] idaes.apps.grid_integration.pricetaker.price_taker_model: Found minimum uptime/downtime data for reverse_osmosis.ro_skid[1] - Adding minimum uptime/downtime constraints.
2026-05-29 09:45:52 [INFO] idaes.apps.grid_integration.pricetaker.price_taker_model: Created startup/shutdown constraints for operation model  reverse_osmosis.ro_skid[1] at ro_skid_1_startup_shutdown.
2026-05-29 09:45:52 [INFO] idaes.apps.grid_integration.pricetaker.price_taker_model: Found minimum uptime/downtime data for reverse_osmosis.ro_skid[2] - Adding minimum uptime/downtime constraints.
2026-05-29 09:45:52 [INFO] idaes.apps.grid_integration.pricetaker.price_taker_model: Created startup/shutdown constraints for operation model  reverse_osmosis.ro_skid[2] at ro_skid_2_startup_shutdown.
2026-05-29 09:45:52 [INFO] idaes.apps.grid_integration.pricetaker.price_taker_model: Found minimum uptime/downtime data for reverse_osmosis.ro_skid[3] - Adding minimum uptime/downtime constraints.
2026-05-29 09:45:52 [INFO] idaes.apps.grid_integration.pricetaker.price_taker_model: Created startup/shutdown constraints for operation model  reverse_osmosis.ro_skid[3] at ro_skid_3_startup_shutdown.
2026-05-29 09:45:52 [INFO] idaes.apps.grid_integration.pricetaker.price_taker_model: Found minimum uptime/downtime data for reverse_osmosis.ro_skid[4] - Adding minimum uptime/downtime constraints.
2026-05-29 09:45:52 [INFO] idaes.apps.grid_integration.pricetaker.price_taker_model: Created startup/shutdown constraints for operation model  reverse_osmosis.ro_skid[4] at ro_skid_4_startup_shutdown.
2926
Set parameter LogToConsole to value 1
Set parameter MIPGap to value 0.01
Gurobi Optimizer version 12.0.3 build v12.0.3rc0 (linux64 - "Red Hat Enterprise Linux 8.8 (Ootpa)")

CPU model: Intel(R) Xeon(R) Platinum 8470QL, instruction set [SSE2|AVX|AVX2|AVX512]
Thread count: 104 physical cores, 104 logical processors, using up to 32 threads

Non-default parameters:
MIPGap  0.01

Optimize a model with 17951 rows, 15029 columns and 44909 nonzeros
Model fingerprint: 0x3fb68365
Model has 168 quadratic objective terms
Model has 2352 quadratic constraints
Variable types: 10587 continuous, 4442 integer (4442 binary)
Coefficient statistics:
  Matrix range     [3e-02, 2e+03]
  QMatrix range    [2e-07, 1e+00]
  QLMatrix range   [1e-04, 1e+00]
  Objective range  [1e-05, 5e-03]
  QObjective range [2e-04, 2e-04]
  Bounds range     [1e+00, 1e+03]
  RHS range        [1e+00, 3e+05]
  QRHS range       [2e-01, 3e-01]
Presolve removed 11963 rows and 9301 columns
Presolve time: 0.07s
Presolved: 14080 rows, 5729 columns, 37422 nonzeros
Presolved model has 2312 bilinear constraint(s)

Solving non-convex MIQCP

Variable types: 3664 continuous, 2065 integer (2065 binary)
Found heuristic solution: objective 12.0897165

Root relaxation: objective 1.100521e+01, 12235 iterations, 1.20 seconds (1.71 work units)

    Nodes    |    Current Node    |     Objective Bounds      |     Work
 Expl Unexpl |  Obj  Depth IntInf | Incumbent    BestBd   Gap | It/Node Time

     0     0   11.00521    0 2017   12.08972   11.00521  8.97%     -    1s
     0     0   11.00562    0 2035   12.08972   11.00562  8.97%     -    1s
     0     0   11.60266    0 1990   12.08972   11.60266  4.03%     -    3s
     0     0   11.64899    0 2034   12.08972   11.64899  3.65%     -    4s
     0     0   11.68383    0 2094   12.08972   11.68383  3.36%     -    5s
     0     0   11.68747    0 2073   12.08972   11.68747  3.33%     -    5s
     0     0   11.69387    0 1930   12.08972   11.69387  3.27%     -    6s
     0     0   11.69680    0 1968   12.08972   11.69680  3.25%     -    6s
     0     0   11.69768    0 2014   12.08972   11.69768  3.24%     -    7s
     0     0   11.69801    0 2033   12.08972   11.69801  3.24%     -    7s
     0     0   11.69856    0 1954   12.08972   11.69856  3.24%     -    7s
     0     0   11.69864    0 2027   12.08972   11.69864  3.23%     -    7s
     0     0   11.69895    0 1922   12.08972   11.69895  3.23%     -    7s
     0     0   11.74445    0 1665   12.08972   11.74445  2.86%     -    8s
     0     2   11.74445    0 1665   12.08972   11.74445  2.86%     -    9s
     7    16   11.76526    3 1779   12.08972   11.75063  2.80%  1167   10s
   328   410   11.77194   10 1639   12.08972   11.75425  2.77%   441   15s
  1365  1485   11.79985   23 1658   12.08972   11.75425  2.77%   344   20s
  2557  2630   11.91235   43 1216   12.08972   11.75425  2.77%   346   25s
  4483  4530   11.88086   70 1955   12.08972   11.75707  2.75%   305   30s
  6189  6382   11.91861  129 1156   12.08972   11.75707  2.75%   296   36s
  8036  8309   11.97995  210  940   12.08972   11.76118  2.72%   267   40s
  9261  9658   12.03705  274  924   12.08972   11.76151  2.71%   250   60s
H10026  9696                      12.0652676   11.76151  2.52%   239   62s
H10083  9509                      12.0530286   11.76151  2.42%   238   62s
H10093  8725                      12.0194723   11.76151  2.15%   238   62s
H10144  8185                      12.0035787   11.76151  2.02%   238   62s
H10177  7604                      11.9905479   11.76151  1.91%   238   62s
H10304  7515                      11.9805479   11.76151  1.83%   238   62s
H10393  6919                      11.9671758   11.76151  1.72%   238   62s
H11378  7062                      11.9671744   11.76166  1.72%   236   64s
H11378  6887                      11.9658562   11.76166  1.71%   236   64s
H11378  6797                      11.9646583   11.76166  1.70%   236   65s
 11379  6798   11.87281   20  378   11.96466   11.76166  1.70%   236   71s
 11382  6800   11.90253   47  530   11.96466   11.76166  1.70%   236   75s
 11387  6803   11.93338   46  528   11.96466   11.77969  1.55%   236   80s
H11387  6462                      11.9610725   11.78099  1.51%   236   80s
H11387  6139                      11.9608308   11.78099  1.50%   236   80s
H11387  5832                      11.9558308   11.78099  1.46%   236   80s
H11392  5544                      11.9523723   11.78431  1.41%   236   84s
H11392  5266                      11.9472210   11.78431  1.36%   236   84s
 11394  5267   11.88899   23  542   11.94722   11.78431  1.36%   236   85s
 11401  5272   11.91690   82  427   11.94722   11.78448  1.36%   236   91s
 11402  5275   11.78791   16 1507   11.94722   11.78448  1.36%   239  122s
 11408  5285   11.79416   18 1669   11.94722   11.79121  1.31%   241  125s
 11464  5347   11.80123   21 1354   11.94722   11.79786  1.25%   251  130s
 11496  5429   11.80191   22 1347   11.94722   11.79786  1.25%   254  137s
 11589  5478   11.89143   23 1389   11.94722   11.79786  1.25%   260  140s
 11834  5629   11.89251   25 1240   11.94722   11.79786  1.25%   274  145s
 12131  5798   11.91783   27 1235   11.94722   11.80123  1.22%   284  150s
H12421  5701                      11.9412986   11.82203  1.00%   291  154s
H12432  5447                      11.9412747   11.82203  1.00%   291  154s

Cutting planes:
  Learned: 25
  Gomory: 3
  Cover: 80
  Implied bound: 413
  MIR: 53
  Flow cover: 455
  GUB cover: 2
  RLT: 877
  Relax-and-lift: 31
  BQP: 2

Explored 12488 nodes (3689519 simplex iterations) in 154.39 seconds (301.13 work units)
Thread count was 32 (of 104 available processors)

Solution count 10: 11.9413 11.9413 11.9472 ... 11.9672

Optimal solution found (tolerance 1.00e-02)
Best objective 1.194127472679e+01, best bound 1.182202934687e+01, gap 0.9986%
m.flow_changes_penalty(): 1100.0
Total operational cost: 118312.75
Maximum power (kW): 1463.00
Discharge energy capacity (kWh): 22102.63
Charge energy capacity (kWh): 25822.31
Levelized Cost of Flexibility ($/kWh): 0.81
{'fixed_demand_cost': 6548.0877285735305, 'variable_demand_cost': 6019.8716656525485, 'fixed_monthly_cost': 171938.17204301074, 'total_water_production': 282179.6712328768, 'total_energy_cost': 20300.274992509225, 'total_demand_cost': 12567.95939422608, 'total_customer_cost': 0.0, 'total_feed_cost': 50843.18400592384, 'total_brine_cost': 15303.798385783044, 'total_chemical_cost': 19297.530489448396, 'total_water_revenue': 0.0, 'total_demand_response_revenue': 0.0, 'total_emissions_cost': 0.0, 'total_op_cost': 118312.74726789058, 'fixed_cost': 121551.98252688172, 'total_cost': 239864.72979477228, 'LCOW': 0.8500425588660393, 'degree_of_flex': 0.0718562874251497, 'total_replacement_cost': 999.4926912958135, 'maximum_power': 1463.004964011459, 'energy_capacity': 22102.62651115241, 'power_capacity': 350.83534144686365, 'round_trip_efficiency': 0, 'LVOF': 0.8135801550773674}
Saved operation variable results to: /home/rchurchi/watertap_test/watertap/tutorials/flex_ro/wrd_result_summer_no_flex_2_flexible_trains.csv
2026-05-29 09:48:30 [INFO] idaes.core.surrogate.pysmo_surrogate: Decode surrogate. type=poly

===========================Polynomial Regression===============================================

The number of cross-validation cases (3) is used.
The default training/cross-validation split of 0.75 is used.
No iterations will be run.
Default parameter estimation method is used.
Parameter estimation method:  pyomo 

2026-05-29 09:48:30 [INFO] idaes.core.surrogate.pysmo_surrogate: Decode surrogate. type=poly

===========================Polynomial Regression===============================================

The number of cross-validation cases (3) is used.
The default training/cross-validation split of 0.75 is used.
No iterations will be run.
Default parameter estimation method is used.
Parameter estimation method:  pyomo 

2026-05-29 09:48:30 [INFO] idaes.core.surrogate.pysmo_surrogate: Decode surrogate. type=poly

===========================Polynomial Regression===============================================

The number of cross-validation cases (3) is used.
The default training/cross-validation split of 0.75 is used.
No iterations will be run.
Default parameter estimation method is used.
Parameter estimation method:  pyomo 

2026-05-29 09:48:30 [INFO] idaes.core.surrogate.pysmo_surrogate: Decode surrogate. type=poly

===========================Polynomial Regression===============================================

The number of cross-validation cases (3) is used.
The default training/cross-validation split of 0.75 is used.
No iterations will be run.
Default parameter estimation method is used.
Parameter estimation method:  pyomo 

2026-05-29 09:48:32 [INFO] idaes.apps.grid_integration.pricetaker.price_taker_model: Found minimum uptime/downtime data for pretreatment.uf_pumps[1] - Adding minimum uptime/downtime constraints.
2026-05-29 09:48:32 [INFO] idaes.apps.grid_integration.pricetaker.price_taker_model: Created startup/shutdown constraints for operation model  pretreatment.uf_pumps[1] at uf_pumps_1_startup_shutdown.
2026-05-29 09:48:32 [INFO] idaes.apps.grid_integration.pricetaker.price_taker_model: Found minimum uptime/downtime data for pretreatment.uf_pumps[2] - Adding minimum uptime/downtime constraints.
2026-05-29 09:48:32 [INFO] idaes.apps.grid_integration.pricetaker.price_taker_model: Created startup/shutdown constraints for operation model  pretreatment.uf_pumps[2] at uf_pumps_2_startup_shutdown.
2026-05-29 09:48:32 [INFO] idaes.apps.grid_integration.pricetaker.price_taker_model: Found minimum uptime/downtime data for pretreatment.uf_pumps[3] - Adding minimum uptime/downtime constraints.
2026-05-29 09:48:32 [INFO] idaes.apps.grid_integration.pricetaker.price_taker_model: Created startup/shutdown constraints for operation model  pretreatment.uf_pumps[3] at uf_pumps_3_startup_shutdown.
2026-05-29 09:48:32 [INFO] idaes.apps.grid_integration.pricetaker.price_taker_model: Found minimum uptime/downtime data for reverse_osmosis.ro_skid[1] - Adding minimum uptime/downtime constraints.
2026-05-29 09:48:32 [INFO] idaes.apps.grid_integration.pricetaker.price_taker_model: Created startup/shutdown constraints for operation model  reverse_osmosis.ro_skid[1] at ro_skid_1_startup_shutdown.
2026-05-29 09:48:32 [INFO] idaes.apps.grid_integration.pricetaker.price_taker_model: Found minimum uptime/downtime data for reverse_osmosis.ro_skid[2] - Adding minimum uptime/downtime constraints.
2026-05-29 09:48:32 [INFO] idaes.apps.grid_integration.pricetaker.price_taker_model: Created startup/shutdown constraints for operation model  reverse_osmosis.ro_skid[2] at ro_skid_2_startup_shutdown.
2026-05-29 09:48:32 [INFO] idaes.apps.grid_integration.pricetaker.price_taker_model: Found minimum uptime/downtime data for reverse_osmosis.ro_skid[3] - Adding minimum uptime/downtime constraints.
2026-05-29 09:48:32 [INFO] idaes.apps.grid_integration.pricetaker.price_taker_model: Created startup/shutdown constraints for operation model  reverse_osmosis.ro_skid[3] at ro_skid_3_startup_shutdown.
2026-05-29 09:48:32 [INFO] idaes.apps.grid_integration.pricetaker.price_taker_model: Found minimum uptime/downtime data for reverse_osmosis.ro_skid[4] - Adding minimum uptime/downtime constraints.
2026-05-29 09:48:32 [INFO] idaes.apps.grid_integration.pricetaker.price_taker_model: Created startup/shutdown constraints for operation model  reverse_osmosis.ro_skid[4] at ro_skid_4_startup_shutdown.
3598
Set parameter LogToConsole to value 1
Set parameter MIPGap to value 0.01
Gurobi Optimizer version 12.0.3 build v12.0.3rc0 (linux64 - "Red Hat Enterprise Linux 8.8 (Ootpa)")

CPU model: Intel(R) Xeon(R) Platinum 8470QL, instruction set [SSE2|AVX|AVX2|AVX512]
Thread count: 104 physical cores, 104 logical processors, using up to 32 threads

Non-default parameters:
MIPGap  0.01

Optimize a model with 16607 rows, 15701 columns and 42315 nonzeros
Model fingerprint: 0xbe93631a
Model has 168 quadratic objective terms
Model has 3696 quadratic constraints
Variable types: 11259 continuous, 4442 integer (4442 binary)
Coefficient statistics:
  Matrix range     [3e-02, 2e+03]
  QMatrix range    [2e-07, 1e+00]
  QLMatrix range   [1e-04, 4e+01]
  Objective range  [1e-05, 5e-03]
  QObjective range [2e-04, 2e-04]
  Bounds range     [9e-01, 1e+03]
  RHS range        [1e+00, 3e+05]
  QRHS range       [3e-01, 4e+01]
Presolve removed 9987 rows and 8689 columns
Presolve time: 0.08s
Presolved: 19928 rows, 8317 columns, 53426 nonzeros
Presolved model has 3616 bilinear constraint(s)

Solving non-convex MIQCP

Variable types: 6252 continuous, 2065 integer (2065 binary)
Found heuristic solution: objective 12.0897172

Root relaxation: objective 1.089957e+01, 31200 iterations, 1.74 seconds (2.65 work units)

    Nodes    |    Current Node    |     Objective Bounds      |     Work
 Expl Unexpl |  Obj  Depth IntInf | Incumbent    BestBd   Gap | It/Node Time

     0     0   10.89957    0 3415   12.08972   10.89957  9.84%     -    2s
     0     0   11.66322    0 3054   12.08972   11.66322  3.53%     -    4s
     0     0   11.79247    0 2462   12.08972   11.79247  2.46%     -    7s
     0     0   11.79247    0 3176   12.08972   11.79247  2.46%     -   11s
H    0     0                      12.0897170   11.79247  2.46%     -   11s
     0     0   11.84442    0 2892   12.08972   11.84442  2.03%     -   16s
     0     0   11.84442    0 3020   12.08972   11.84442  2.03%     -   21s
     0     0   11.84442    0 2810   12.08972   11.84442  2.03%     -   24s
     0     0   11.84442    0 3147   12.08972   11.84442  2.03%     -   32s
     0     0   11.85311    0 2803   12.08972   11.85311  1.96%     -   35s
     0     0   11.85311    0 3016   12.08972   11.85311  1.96%     -   41s
     0     0   11.85311    0 3161   12.08972   11.85311  1.96%     -   47s
     0     0   11.85311    0 3198   12.08972   11.85311  1.96%     -   53s
     0     0   11.85311    0 2809   12.08972   11.85311  1.96%     -   56s
     0     0   11.88332    0 2226   12.08972   11.88332  1.71%     -   59s
     0     0   11.89315    0 2124   12.08972   11.89315  1.63%     -   62s
     0     0   11.89315    0 2718   12.08972   11.89315  1.63%     -   65s
     0     0   11.89315    0 2588   12.08972   11.89315  1.63%     -   68s
     0     0   11.89315    0 2386   12.08972   11.89315  1.63%     -   71s
     0     0   11.89315    0 2938   12.08972   11.89315  1.63%     -   75s
     0     0   11.89315    0 2638   12.08972   11.89315  1.63%     -   79s
     0     0   11.89315    0 2741   12.08972   11.89315  1.63%     -   82s
     0     2   11.89315    0 2741   12.08972   11.89315  1.63%     -   87s
     1     4   11.89315    1 2729   12.08972   11.89315  1.63%   189   90s
     3     8   11.89315    2 2742   12.08972   11.89315  1.63% 18010   99s
     7    16   11.89315    3 2846   12.08972   11.89315  1.63% 22671  106s
    15    31   11.90235    4 2495   12.08972   11.89315  1.63% 25945  116s
    30    60   11.89315    5 2401   12.08972   11.89315  1.63% 27928  128s
    59    91   11.98397    6 2538   12.08972   11.89315  1.63% 22153  142s
    90   151   11.89315    7 2564   12.08972   11.89315  1.63% 24836  156s
   152   221   11.89958    8 2888   12.08972   11.89315  1.63% 25680  170s
   222   328   11.89315    8 2514   12.08972   11.89315  1.63% 22932  182s
   331   427   11.90306   11 2479   12.08972   11.89315  1.63% 17612  192s
   432   515   11.90449   12 2596   12.08972   11.89315  1.63% 15200  202s
   522   620   11.89315   14 2772   12.08972   11.89315  1.63% 13996  211s
   627   692   11.91315   14 2749   12.08972   11.89315  1.63% 12655  221s
   701   772   11.91934   16 2692   12.08972   11.89315  1.63% 12106  227s
   781   847   11.89315   17 2728   12.08972   11.89315  1.63% 11679  235s
   860   929   11.97845   19 2639   12.08972   11.89315  1.63% 11512  244s
   950   987   11.91025   19 2767   12.08972   11.89315  1.63% 11108  253s
  1020  1059   11.91308   20 2762   12.08972   11.89315  1.63% 11223  260s
  1104  1144   11.90740   21 2724   12.08972   11.89315  1.63% 11219  268s
  1207  1212   11.89505   23 2667   12.08972   11.89315  1.63% 10990  278s
  1299  1298   11.89315   23 2886   12.08972   11.89315  1.63% 10880  287s
  1403  1371   11.96576   29 2527   12.08972   11.89315  1.63% 10714  297s
  1496  1461   11.89315   24 2802   12.08972   11.89315  1.63% 10672  307s
  1604  1556   11.92332   27 2557   12.08972   11.89315  1.63% 10568  316s
  1713  1640   11.94931   31 2498   12.08972   11.89315  1.63% 10550  328s
  1813  1763   11.95252   32 2265   12.08972   11.89315  1.63% 10556  339s
  1954  1893   11.95569   34 2329   12.08972   11.89315  1.63% 10412  349s
H 2046  1893                      12.0897170   11.89315  1.63% 10373  349s
H 2060  1893                      12.0897170   11.89315  1.63% 10356  349s
  2098  2009   11.98510   36 2435   12.08972   11.89315  1.63% 10342  358s
H 2244  2152                      12.0897169   11.89315  1.63% 10272  371s
H 2254  2152                      12.0897169   11.89315  1.63% 10250  371s
H 2276  2152                      12.0897169   11.89315  1.63% 10213  371s
  2423  2331   12.00980   40 2329   12.08972   11.89315  1.63% 10044  382s
  2622  2518   12.00600   47 2262   12.08972   11.89315  1.63%  9803  392s
  2834  2688   12.00984   48 2281   12.08972   11.89315  1.63%  9584  405s
  3040  2906   12.05182   50 2039   12.08972   11.89315  1.63%  9477  415s
  3290  3130   12.02982   54 2427   12.08972   11.89315  1.63%  9215  424s
  3532  3359   12.03611   56 2080   12.08972   11.89315  1.63%  9039  435s
  3785  3622     cutoff   57        12.08972   11.89315  1.63%  8891  450s
  4098  3939   12.03988   61 2462   12.08972   11.89315  1.63%  8666  462s
  4465  4235   12.04655   61 1851   12.08972   11.89315  1.63%  8325  473s
  4829  4516   12.03466   68 2297   12.08972   11.89315  1.63%  8078  486s
  5180  4790   12.04585   72 2155   12.08972   11.89315  1.63%  7913  500s
  5505  4791   12.01002   50  627   12.08972   11.89315  1.63%  7777  676s
  5507  4792   11.93616   48  614   12.08972   11.89315  1.63%  7774  686s
  5508  4793   11.96824   77  527   12.08972   11.89486  1.61%  7773  693s
  5509  4794   12.07516   52  559   12.08972   11.93290  1.30%  7772  698s
H 5509  4554                      12.0897169   11.93290  1.30%  7772  708s

Cutting planes:
  Learned: 105
  Gomory: 51
  Cover: 217
  Implied bound: 101
  Projected implied bound: 120
  MIR: 192
  Mixing: 2
  StrongCG: 2
  Flow cover: 556
  GUB cover: 4
  RLT: 1042
  Relax-and-lift: 85
  PSD: 4

Explored 5510 nodes (43545343 simplex iterations) in 712.60 seconds (1412.84 work units)
Thread count was 32 (of 104 available processors)

Solution count 1: 12.0897 

Optimal solution found (tolerance 1.00e-02)
Best objective 1.208971686158e+01, best bound 1.197678159678e+01, gap 0.9341%
m.flow_changes_penalty(): 0.0
Total operational cost: 120897.17
Maximum power (kW): 1127.08
Discharge energy capacity (kWh): 0.00
Charge energy capacity (kWh): 7910.07
Levelized Cost of Flexibility ($/kWh): nan
{'fixed_demand_cost': 5044.578635615639, 'variable_demand_cost': 9304.894428065596, 'fixed_monthly_cost': 171938.17204301074, 'total_water_production': 282179.67125169584, 'total_energy_cost': 21103.178064471806, 'total_demand_cost': 14349.473063681235, 'total_customer_cost': 0.0, 'total_feed_cost': 50843.18519051323, 'total_brine_cost': 15303.80156127489, 'total_chemical_cost': 19297.530735834036, 'total_water_revenue': 0.0, 'total_demand_response_revenue': -0.0, 'total_emissions_cost': 0.0, 'total_op_cost': 120897.16861577518, 'fixed_cost': 121551.98252688172, 'total_cost': 242449.15114265692, 'LCOW': 0.8592013381658508, 'degree_of_flex': 0.0, 'total_replacement_cost': 992.3107078853046, 'maximum_power': 1127.0837977699673, 'energy_capacity': 0.0, 'power_capacity': nan, 'round_trip_efficiency': 0, 'LVOF': nan}
Saved operation variable results to: /home/rchurchi/watertap_test/watertap/tutorials/flex_ro/wrd_result_summer_both_2_flexible_trains.csv
Saved summary results to: /home/rchurchi/watertap_test/watertap/tutorials/flex_ro/wrd_pricetaker_summary_results_20260529_100028.csv
