2026-05-29 17:29:54 [INFO] idaes.core.surrogate.pysmo_surrogate: Decode surrogate. type=poly

===========================Polynomial Regression===============================================

The number of cross-validation cases (3) is used.
The default training/cross-validation split of 0.75 is used.
No iterations will be run.
Default parameter estimation method is used.
Parameter estimation method:  pyomo 

2026-05-29 17:29:54 [INFO] idaes.core.surrogate.pysmo_surrogate: Decode surrogate. type=poly

===========================Polynomial Regression===============================================

The number of cross-validation cases (3) is used.
The default training/cross-validation split of 0.75 is used.
No iterations will be run.
Default parameter estimation method is used.
Parameter estimation method:  pyomo 

2026-05-29 17:29:55 [INFO] idaes.core.surrogate.pysmo_surrogate: Decode surrogate. type=poly

===========================Polynomial Regression===============================================

The number of cross-validation cases (3) is used.
The default training/cross-validation split of 0.75 is used.
No iterations will be run.
Default parameter estimation method is used.
Parameter estimation method:  pyomo 

2026-05-29 17:29:55 [INFO] idaes.core.surrogate.pysmo_surrogate: Decode surrogate. type=poly

===========================Polynomial Regression===============================================

The number of cross-validation cases (3) is used.
The default training/cross-validation split of 0.75 is used.
No iterations will be run.
Default parameter estimation method is used.
Parameter estimation method:  pyomo 

2026-05-29 17:29:56 [INFO] idaes.apps.grid_integration.pricetaker.price_taker_model: Found minimum uptime/downtime data for pretreatment.uf_pumps[1] - Adding minimum uptime/downtime constraints.
2026-05-29 17:29:56 [INFO] idaes.apps.grid_integration.pricetaker.price_taker_model: Created startup/shutdown constraints for operation model  pretreatment.uf_pumps[1] at uf_pumps_1_startup_shutdown.
2026-05-29 17:29:56 [INFO] idaes.apps.grid_integration.pricetaker.price_taker_model: Found minimum uptime/downtime data for pretreatment.uf_pumps[2] - Adding minimum uptime/downtime constraints.
2026-05-29 17:29:56 [INFO] idaes.apps.grid_integration.pricetaker.price_taker_model: Created startup/shutdown constraints for operation model  pretreatment.uf_pumps[2] at uf_pumps_2_startup_shutdown.
2026-05-29 17:29:56 [INFO] idaes.apps.grid_integration.pricetaker.price_taker_model: Found minimum uptime/downtime data for pretreatment.uf_pumps[3] - Adding minimum uptime/downtime constraints.
2026-05-29 17:29:56 [INFO] idaes.apps.grid_integration.pricetaker.price_taker_model: Created startup/shutdown constraints for operation model  pretreatment.uf_pumps[3] at uf_pumps_3_startup_shutdown.
2026-05-29 17:29:56 [INFO] idaes.apps.grid_integration.pricetaker.price_taker_model: Found minimum uptime/downtime data for reverse_osmosis.ro_skid[1] - Adding minimum uptime/downtime constraints.
2026-05-29 17:29:56 [INFO] idaes.apps.grid_integration.pricetaker.price_taker_model: Created startup/shutdown constraints for operation model  reverse_osmosis.ro_skid[1] at ro_skid_1_startup_shutdown.
2026-05-29 17:29:56 [INFO] idaes.apps.grid_integration.pricetaker.price_taker_model: Found minimum uptime/downtime data for reverse_osmosis.ro_skid[2] - Adding minimum uptime/downtime constraints.
2026-05-29 17:29:56 [INFO] idaes.apps.grid_integration.pricetaker.price_taker_model: Created startup/shutdown constraints for operation model  reverse_osmosis.ro_skid[2] at ro_skid_2_startup_shutdown.
2026-05-29 17:29:56 [INFO] idaes.apps.grid_integration.pricetaker.price_taker_model: Found minimum uptime/downtime data for reverse_osmosis.ro_skid[3] - Adding minimum uptime/downtime constraints.
2026-05-29 17:29:56 [INFO] idaes.apps.grid_integration.pricetaker.price_taker_model: Created startup/shutdown constraints for operation model  reverse_osmosis.ro_skid[3] at ro_skid_3_startup_shutdown.
2026-05-29 17:29:56 [INFO] idaes.apps.grid_integration.pricetaker.price_taker_model: Found minimum uptime/downtime data for reverse_osmosis.ro_skid[4] - Adding minimum uptime/downtime constraints.
2026-05-29 17:29:56 [INFO] idaes.apps.grid_integration.pricetaker.price_taker_model: Created startup/shutdown constraints for operation model  reverse_osmosis.ro_skid[4] at ro_skid_4_startup_shutdown.
3598
Running phase 1 warm start for 'both' with temporary nominal recovery and nominal RO flow constraints.
Set parameter TokenServer to value "10.60.1.73"
Set parameter LogToConsole to value 1
Set parameter MIPGap to value 0.005
Gurobi Optimizer version 12.0.3 build v12.0.3rc0 (linux64 - "Red Hat Enterprise Linux 8.8 (Ootpa)")

CPU model: Intel(R) Xeon(R) Platinum 8470QL, instruction set [SSE2|AVX|AVX2|AVX512]
Thread count: 104 physical cores, 104 logical processors, using up to 32 threads

Non-default parameters:
MIPGap  0.005

Optimize a model with 18623 rows, 15029 columns and 46159 nonzeros
Model fingerprint: 0xbac84455
Model has 168 quadratic objective terms
Model has 2352 quadratic constraints
Variable types: 10587 continuous, 4442 integer (4442 binary)
Coefficient statistics:
  Matrix range     [3e-02, 2e+03]
  QMatrix range    [2e-07, 1e+00]
  QLMatrix range   [1e-04, 1e+00]
  Objective range  [1e-05, 5e-03]
  QObjective range [2e-04, 2e-04]
  Bounds range     [1e+00, 1e+03]
  RHS range        [1e+00, 3e+05]
  QRHS range       [2e-01, 3e-01]
Presolve removed 14395 rows and 11715 columns
Presolve time: 0.08s
Presolved: 7798 rows, 3315 columns, 21235 nonzeros
Presolved model has 1020 bilinear constraint(s)

Solving non-convex MIQCP

Variable types: 1558 continuous, 1757 integer (1757 binary)
Found heuristic solution: objective 18.6212559

Root relaxation: objective 1.124130e+01, 4913 iterations, 0.25 seconds (0.37 work units)

    Nodes    |    Current Node    |     Objective Bounds      |     Work
 Expl Unexpl |  Obj  Depth IntInf | Incumbent    BestBd   Gap | It/Node Time

     0     0   11.24130    0 1251   18.62126   11.24130  39.6%     -    0s
H    0     0                      18.4635818   11.24130  39.1%     -    0s
H    0     0                      18.4235818   11.24130  39.0%     -    0s
     0     0   11.66896    0 1385   18.42358   11.66896  36.7%     -    0s
H    0     0                      12.8515969   11.66896  9.20%     -    0s
H    0     0                      12.8115969   11.66896  8.92%     -    0s
     0     0   11.67304    0 1444   12.81160   11.67304  8.89%     -    1s
     0     0   11.68231    0 1380   12.81160   11.68231  8.81%     -    1s
H    0     0                      12.6962416   11.68231  7.99%     -    1s
H    0     0                      12.6826320   11.68231  7.89%     -    1s
     0     0   11.68686    0 1384   12.68263   11.68686  7.85%     -    1s
     0     0   11.70713    0 1266   12.68263   11.70713  7.69%     -    1s
     0     0   11.75805    0 1303   12.68263   11.75805  7.29%     -    2s
     0     0   11.76155    0 1345   12.68263   11.76155  7.26%     -    2s
     0     0   11.76328    0 1370   12.68263   11.76328  7.25%     -    2s
     0     0   11.76384    0 1378   12.68263   11.76384  7.24%     -    2s
     0     0   11.76620    0 1228   12.68263   11.76620  7.23%     -    2s
     0     2   11.76620    0 1228   12.68263   11.76620  7.23%     -    3s
H   31    64                      12.6020149   11.76848  6.61%   993    4s
    95   159   11.78566    7 1223   12.60201   11.76995  6.60%   634    5s
H   97   159                      12.5977667   11.76995  6.57%   623    5s
H   99   159                      12.5701115   11.76995  6.37%   618    5s
H  105   159                      12.5631451   11.76995  6.31%   591    5s
H  119   159                      12.5236972   11.76995  6.02%   559    5s
H  402   476                      12.4752890   11.76995  5.65%   461    6s
H  405   476                      12.4231887   11.76995  5.26%   458    6s
H  411   476                      12.3271873   11.76995  4.52%   458    6s
H  446   476                      12.3185834   11.76995  4.45%   443    6s
H  560   648                      12.3135834   11.76995  4.41%   434    6s
H  563   648                      12.3082868   11.76995  4.37%   434    6s
H  954  1049                      12.2459839   11.76995  3.89%   362    7s
H  975  1049                      12.2424405   11.76995  3.86%   363    7s
H  983  1049                      12.2366345   11.76995  3.81%   363    7s
H 1019  1049                      12.1972910   11.76995  3.50%   360    7s
H 1048  1148                      12.1772910   11.76995  3.35%   359    8s
H 1165  1252                      12.1757966   11.76995  3.33%   350    8s
H 1167  1252                      12.1320909   11.76995  2.98%   351    8s
H 1448  1532                      12.1178426   11.76995  2.87%   322    8s
H 1524  1532                      12.1076211   11.76995  2.79%   318    8s
H 2089  2021                      12.0984867   11.76995  2.72%   290    9s
H 2103  2021                      12.0981513   11.76995  2.71%   290    9s
H 2105  2021                      12.0931513   11.76995  2.67%   291    9s
H 2112  2021                      12.0649584   11.76995  2.45%   291    9s
H 2177  2021                      12.0636424   11.76995  2.43%   287    9s
H 2253  2185                      12.0536424   11.76995  2.35%   282   10s
H 2472  2346                      12.0534270   11.76995  2.35%   277   10s
H 2486  2346                      12.0489938   11.76995  2.32%   277   10s
H 2892  2774                      12.0489220   11.76995  2.32%   266   11s
H 2904  2774                      12.0487470   11.76995  2.31%   265   11s
H 3260  3036                      12.0486393   11.76995  2.31%   252   11s
H 3360  3271                      12.0450952   11.76995  2.28%   249   11s
H 3397  3230                      12.0373476   11.76995  2.22%   249   11s
H 3908  3788                      12.0359457   11.76995  2.21%   238   18s
H 4827  4477                      12.0324795   11.77586  2.13%   216   18s
H 5141  4950                      12.0323718   11.77586  2.13%   210   19s
H 5216  4942                      12.0309896   11.77586  2.12%   208   19s
H 5377  4743                      12.0184638   11.77586  2.02%   203   19s
H 5482  4603                      12.0086241   11.77586  1.94%   203   19s
H 6000  5097                      12.0086017   11.77586  1.94%   193   19s
  6030  5615   11.90573   65 1130   12.00860   11.77586  1.94%   192   20s
H 6140  5603                      12.0072030   11.77586  1.93%   190   20s
H 6191  5499                      11.9989406   11.77586  1.86%   189   20s
H 6616  5070                      11.9743973   11.77586  1.66%   182   20s
H 7708  3990                      11.9487784   11.77586  1.45%   177   21s
H 7708  3146                      11.9332651   11.77586  1.32%   177   21s
H 7713  2900                      11.9331645   11.77586  1.32%   177   24s
  7716  2902   11.92344   55  518   11.93316   11.77586  1.32%   177   25s
  7741  2918   11.91730   55  518   11.93316   11.78739  1.22%   176   30s
  7743  2923   11.78739   12 1351   11.93316   11.78739  1.22%   178   43s
  7934  3119   11.91394   19 1218   11.93316   11.78739  1.22%   190   45s
H 8741  3316                      11.9331099   11.80616  1.06%   205   49s
  8945  3398   11.81818   28 1211   11.93311   11.80616  1.06%   209   50s
H 9877  3572                      11.9331099   11.80872  1.04%   221   53s
 10458  3724   11.84320   38 1249   11.93311   11.81900  0.96%   234   55s
 12655  3651   11.89778   55 1210   11.93311   11.83635  0.81%   272   60s
 15040  3463   11.90770   23  998   11.93311   11.87069  0.52%   304   65s
H15069  2842                      11.9282711   11.87069  0.48%   304   65s
H15117  2780                      11.9282439   11.87140  0.48%   304   65s
H15159  2778                      11.9282151   11.87140  0.48%   304   65s
H15205  2778                      11.9282004   11.87682  0.43%   305   65s

Cutting planes:
  Learned: 56
  Gomory: 29
  Cover: 86
  Implied bound: 32
  Projected implied bound: 2
  MIR: 110
  StrongCG: 1
  Flow cover: 306
  GUB cover: 6
  RLT: 1198
  Relax-and-lift: 10
  BQP: 1

Explored 15300 nodes (4700562 simplex iterations) in 65.72 seconds (121.75 work units)
Thread count was 32 (of 104 available processors)

Solution count 10: 11.9282 11.9282 11.9282 ... 11.9744

Optimal solution found (tolerance 5.00e-03)
Best objective 1.192820042543e+01, best bound 1.187681526136e+01, gap 0.4308%
Phase 1 objective: 11.928200

--- Constraints violated at phase-1 point in full 'both' model ---
--- End of constraint violation report ---

Running phase 2 solve for full 'both' model.
Set parameter LogToConsole to value 1
Set parameter MIPGap to value 0.005
Gurobi Optimizer version 12.0.3 build v12.0.3rc0 (linux64 - "Red Hat Enterprise Linux 8.8 (Ootpa)")

CPU model: Intel(R) Xeon(R) Platinum 8470QL, instruction set [SSE2|AVX|AVX2|AVX512]
Thread count: 104 physical cores, 104 logical processors, using up to 32 threads

Non-default parameters:
MIPGap  0.005

Optimize a model with 17279 rows, 15701 columns and 43565 nonzeros
Model fingerprint: 0x8725e8eb
Model has 168 quadratic objective terms
Model has 3024 quadratic constraints
Variable types: 11259 continuous, 4442 integer (4442 binary)
Coefficient statistics:
  Matrix range     [3e-02, 2e+03]
  QMatrix range    [2e-07, 1e+00]
  QLMatrix range   [1e-04, 2e+00]
  Objective range  [1e-05, 5e-03]
  QObjective range [2e-04, 2e-04]
  Bounds range     [9e-01, 1e+03]
  RHS range        [1e+00, 3e+05]
  QRHS range       [3e-01, 1e+00]
Presolve removed 10659 rows and 8689 columns
Presolve time: 0.07s
Presolved: 19928 rows, 8317 columns, 53426 nonzeros
Presolved model has 3616 bilinear constraint(s)

Solving non-convex MIQCP

Variable types: 6252 continuous, 2065 integer (2065 binary)
Found heuristic solution: objective 12.0897172

Root relaxation: objective 1.088526e+01, 21745 iterations, 0.87 seconds (1.56 work units)

    Nodes    |    Current Node    |     Objective Bounds      |     Work
 Expl Unexpl |  Obj  Depth IntInf | Incumbent    BestBd   Gap | It/Node Time

     0     0   10.88526    0 3340   12.08972   10.88526  10.0%     -    1s
     0     0   11.60344    0 3084   12.08972   11.60344  4.02%     -    6s
     0     0   11.67514    0 2970   12.08972   11.67514  3.43%     -    8s
     0     0   11.67514    0 3192   12.08972   11.67514  3.43%     -   13s
H    0     0                      12.0897170   11.67514  3.43%     -   13s
     0     0   11.81278    0 2833   12.08972   11.81278  2.29%     -   18s
     0     0   11.81278    0 3001   12.08972   11.81278  2.29%     -   22s
     0     0   11.82483    0 3155   12.08972   11.82483  2.19%     -   26s
     0     0   11.82483    0 2948   12.08972   11.82483  2.19%     -   31s
     0     0   11.82483    0 2676   12.08972   11.82483  2.19%     -   35s
     0     0   11.82483    0 2504   12.08972   11.82483  2.19%     -   38s
     0     0   11.82483    0 2916   12.08972   11.82483  2.19%     -   41s
     0     0   11.82483    0 3388   12.08972   11.82483  2.19%     -   46s
     0     0   11.82483    0 3016   12.08972   11.82483  2.19%     -   49s
     0     2   11.82483    0 3016   12.08972   11.82483  2.19%     -   54s
     1     4   11.82483    1 3062   12.08972   11.82483  2.19% 16842   57s
     3     8   11.82483    2 2796   12.08972   11.82483  2.19% 18788   61s
    15    32   11.82483    4 3116   12.08972   11.82483  2.19% 19276   72s
    31    60   11.93195    5 2371   12.08972   11.82483  2.19% 24784   82s
    59    92   11.82483    6 2448   12.08972   11.82483  2.19% 21588   93s
    91   148   11.93684    7 2171   12.08972   11.82483  2.19% 23891  103s
   149   205   11.82689    9 2674   12.08972   11.82483  2.19% 24201  116s
   206   261   12.01967   11 2131   12.08972   11.82483  2.19% 23999  126s
   264   368   11.91964   12 2517   12.08972   11.82483  2.19% 23518  137s
   371   484   11.93362   14 2501   12.08972   11.82483  2.19% 19164  146s
   487   588   11.87774   18 2540   12.08972   11.82483  2.19% 16088  155s
   591   678   11.91761   18 2366   12.08972   11.82483  2.19% 14439  162s
   681   768   11.87648   20 2314   12.08972   11.82483  2.19% 13540  171s
   771   848   11.89167   22 2233   12.08972   11.82483  2.19% 12821  180s
   851   947   11.83465   25 2735   12.08972   11.82483  2.19% 12360  188s
   950  1044   11.82483   26 2856   12.08972   11.82483  2.19% 11771  196s
  1047  1171   11.85199   27 2591   12.08972   11.82483  2.19% 11316  205s
  1176  1303   11.85520   28 2599   12.08972   11.82483  2.19% 10624  211s
  1314  1449   11.85873   30 2571   12.08972   11.82483  2.19% 10037  217s
  1468  1560   11.88381   34 2518   12.08972   11.82483  2.19%  9482  223s
  1591  1682   11.86606   36 2508   12.08972   11.82483  2.19%  9301  231s
  1729  1791   11.86602   38 2479   12.08972   11.82483  2.19%  9080  236s
  1850  1921   11.86606   39 2483   12.08972   11.82483  2.19%  8962  247s
  2002  2053   11.91579   41 2480   12.08972   11.82483  2.19%  8761  259s
  2142  2206   11.92187   43 2455   12.08972   11.82483  2.19%  8604  268s
  2325  2375   11.96121   45 2405   12.08972   11.82483  2.19%  8346  276s
  2506  2581   11.94821   51 2355   12.08972   11.82483  2.19%  8139  286s
  2728  2773   11.96532   57 2380   12.08972   11.82483  2.19%  7850  293s
  2930  2978   11.94939   59 2421   12.08972   11.82483  2.19%  7679  301s
  3151  3237   11.92695   62 2415   12.08972   11.82483  2.19%  7508  309s
  3424  3569   11.94173   67 2370   12.08972   11.82483  2.19%  7264  317s
  3764  3912   11.96672   81 2217   12.08972   11.82483  2.19%  6929  325s
  4135  4225   11.98807   89 2054   12.08972   11.82483  2.19%  6579  334s
  4480  4559   11.99591  106 1951   12.08972   11.82483  2.19%  6361  348s
  4832  4891   12.01344  132 2035   12.08972   11.82483  2.19%  6167  354s
  5226  5254   12.02425  143 2026   12.08972   11.82483  2.19%  5960  361s
  5643  5640   12.02574  148 2073   12.08972   11.82483  2.19%  5767  370s
  6117  5978   12.04175  168 2100   12.08972   11.82483  2.19%  5565  378s
  6503  6400     cutoff  177        12.08972   11.82483  2.19%  5435  386s
  6949  6827   12.07374  179 1948   12.08972   11.82483  2.19%  5280  397s
  7397  6828   11.92725   19  662   12.08972   11.82483  2.19%  5135  454s
  7399  6829   12.03021  143  548   12.08972   11.82483  2.19%  5134  464s
  7400  6830   11.98623  170  573   12.08972   11.86755  1.84%  5133  478s
  7401  6831   12.06973   25  484   12.08972   11.98764  0.84%  5133  486s
  7402  6831   11.98764   22  467   12.08972   11.98764  0.84%  5132  494s
  7403  6832   11.98848   81  431   12.08972   11.98848  0.84%  5131  498s
  7404  6833   11.99474   20  466   12.08972   11.99474  0.79%  5130  507s
  7405  6833   12.02884  178  509   12.08972   11.99474  0.79%  5130  515s
  7406  6834   11.99474   34  564   12.08972   11.99474  0.79%  5129  528s
  7407  6835   12.06835   75  534   12.08972   11.99474  0.79%  5128  532s
  7408  6835   11.99474    8  483   12.08972   11.99474  0.79%  5128  543s
  7409  6836   12.05642  164  593   12.08972   11.99847  0.75%  5127  555s
  7410  6837   12.01400   16  559   12.08972   11.99847  0.75%  5126  570s
  7411  6837   12.04554   76  559   12.08972   11.99847  0.75%  5126  575s
  7412  6838   11.99847  197  559   12.08972   11.99847  0.75%  5125  581s
  7413  6842   11.99847   14 2566   12.08972   11.99847  0.75%  5208  691s
  7415  6845   11.99847   15 2255   12.08972   11.99847  0.75%  5212  712s
[2026-05-29T17:43:04.137] error: *** JOB 14026969 ON x1001c2s2b1n1 CANCELLED AT 2026-05-29T17:43:04 DUE to SIGNAL Terminated ***
