2026-05-29 17:06:16 [INFO] idaes.core.surrogate.pysmo_surrogate: Decode surrogate. type=poly

===========================Polynomial Regression===============================================

The number of cross-validation cases (3) is used.
The default training/cross-validation split of 0.75 is used.
No iterations will be run.
Default parameter estimation method is used.
Parameter estimation method:  pyomo 

2026-05-29 17:06:16 [INFO] idaes.core.surrogate.pysmo_surrogate: Decode surrogate. type=poly

===========================Polynomial Regression===============================================

The number of cross-validation cases (3) is used.
The default training/cross-validation split of 0.75 is used.
No iterations will be run.
Default parameter estimation method is used.
Parameter estimation method:  pyomo 

2026-05-29 17:06:16 [INFO] idaes.core.surrogate.pysmo_surrogate: Decode surrogate. type=poly

===========================Polynomial Regression===============================================

The number of cross-validation cases (3) is used.
The default training/cross-validation split of 0.75 is used.
No iterations will be run.
Default parameter estimation method is used.
Parameter estimation method:  pyomo 

2026-05-29 17:06:16 [INFO] idaes.core.surrogate.pysmo_surrogate: Decode surrogate. type=poly

===========================Polynomial Regression===============================================

The number of cross-validation cases (3) is used.
The default training/cross-validation split of 0.75 is used.
No iterations will be run.
Default parameter estimation method is used.
Parameter estimation method:  pyomo 

2026-05-29 17:06:17 [INFO] idaes.apps.grid_integration.pricetaker.price_taker_model: Found minimum uptime/downtime data for pretreatment.uf_pumps[1] - Adding minimum uptime/downtime constraints.
2026-05-29 17:06:17 [INFO] idaes.apps.grid_integration.pricetaker.price_taker_model: Created startup/shutdown constraints for operation model  pretreatment.uf_pumps[1] at uf_pumps_1_startup_shutdown.
2026-05-29 17:06:17 [INFO] idaes.apps.grid_integration.pricetaker.price_taker_model: Found minimum uptime/downtime data for pretreatment.uf_pumps[2] - Adding minimum uptime/downtime constraints.
2026-05-29 17:06:17 [INFO] idaes.apps.grid_integration.pricetaker.price_taker_model: Created startup/shutdown constraints for operation model  pretreatment.uf_pumps[2] at uf_pumps_2_startup_shutdown.
2026-05-29 17:06:17 [INFO] idaes.apps.grid_integration.pricetaker.price_taker_model: Found minimum uptime/downtime data for pretreatment.uf_pumps[3] - Adding minimum uptime/downtime constraints.
2026-05-29 17:06:17 [INFO] idaes.apps.grid_integration.pricetaker.price_taker_model: Created startup/shutdown constraints for operation model  pretreatment.uf_pumps[3] at uf_pumps_3_startup_shutdown.
2026-05-29 17:06:17 [INFO] idaes.apps.grid_integration.pricetaker.price_taker_model: Found minimum uptime/downtime data for reverse_osmosis.ro_skid[1] - Adding minimum uptime/downtime constraints.
2026-05-29 17:06:17 [INFO] idaes.apps.grid_integration.pricetaker.price_taker_model: Created startup/shutdown constraints for operation model  reverse_osmosis.ro_skid[1] at ro_skid_1_startup_shutdown.
2026-05-29 17:06:17 [INFO] idaes.apps.grid_integration.pricetaker.price_taker_model: Found minimum uptime/downtime data for reverse_osmosis.ro_skid[2] - Adding minimum uptime/downtime constraints.
2026-05-29 17:06:17 [INFO] idaes.apps.grid_integration.pricetaker.price_taker_model: Created startup/shutdown constraints for operation model  reverse_osmosis.ro_skid[2] at ro_skid_2_startup_shutdown.
2026-05-29 17:06:17 [INFO] idaes.apps.grid_integration.pricetaker.price_taker_model: Found minimum uptime/downtime data for reverse_osmosis.ro_skid[3] - Adding minimum uptime/downtime constraints.
2026-05-29 17:06:17 [INFO] idaes.apps.grid_integration.pricetaker.price_taker_model: Created startup/shutdown constraints for operation model  reverse_osmosis.ro_skid[3] at ro_skid_3_startup_shutdown.
2026-05-29 17:06:17 [INFO] idaes.apps.grid_integration.pricetaker.price_taker_model: Found minimum uptime/downtime data for reverse_osmosis.ro_skid[4] - Adding minimum uptime/downtime constraints.
2026-05-29 17:06:17 [INFO] idaes.apps.grid_integration.pricetaker.price_taker_model: Created startup/shutdown constraints for operation model  reverse_osmosis.ro_skid[4] at ro_skid_4_startup_shutdown.
3598
Running phase 1 warm start for 'both' with temporary nominal recovery and nominal RO flow constraints.
Set parameter TokenServer to value "10.60.1.73"
Set parameter LogToConsole to value 1
Set parameter MIPGap to value 0.005
Gurobi Optimizer version 12.0.3 build v12.0.3rc0 (linux64 - "Red Hat Enterprise Linux 8.8 (Ootpa)")

CPU model: Intel(R) Xeon(R) Platinum 8470QL, instruction set [SSE2|AVX|AVX2|AVX512]
Thread count: 104 physical cores, 104 logical processors, using up to 32 threads

Non-default parameters:
MIPGap  0.005

Optimize a model with 18623 rows, 15029 columns and 46159 nonzeros
Model fingerprint: 0x9f6163f7
Model has 168 quadratic objective terms
Model has 2352 quadratic constraints
Variable types: 10587 continuous, 4442 integer (4442 binary)
Coefficient statistics:
  Matrix range     [3e-02, 2e+03]
  QMatrix range    [2e-07, 1e+00]
  QLMatrix range   [1e-04, 1e+00]
  Objective range  [1e-05, 5e-03]
  QObjective range [2e-04, 2e-04]
  Bounds range     [1e+00, 1e+03]
  RHS range        [1e+00, 3e+05]
  QRHS range       [2e-01, 3e-01]
Presolve removed 14414 rows and 11724 columns
Presolve time: 0.09s
Presolved: 7779 rows, 3306 columns, 21173 nonzeros
Presolved model has 1020 bilinear constraint(s)

Solving non-convex MIQCP

Variable types: 1552 continuous, 1754 integer (1748 binary)
Found heuristic solution: objective 18.6212559

Root relaxation: objective 1.124130e+01, 4945 iterations, 0.26 seconds (0.41 work units)

    Nodes    |    Current Node    |     Objective Bounds      |     Work
 Expl Unexpl |  Obj  Depth IntInf | Incumbent    BestBd   Gap | It/Node Time

     0     0   11.24130    0 1257   18.62126   11.24130  39.6%     -    0s
H    0     0                      16.8855633   11.24130  33.4%     -    0s
H    0     0                      16.3005633   11.24130  31.0%     -    0s
     0     0   11.67068    0 1398   16.30056   11.67068  28.4%     -    0s
H    0     0                      13.2491566   11.67068  11.9%     -    0s
H    0     0                      13.1941566   11.67068  11.5%     -    0s
     0     0   11.67073    0 1453   13.19416   11.67073  11.5%     -    0s
     0     0   11.68569    0 1417   13.19416   11.68569  11.4%     -    1s
H    0     0                      13.1534313   11.68569  11.2%     -    1s
H    0     0                      13.1484877   11.68569  11.1%     -    1s
H    0     0                      13.1457166   11.68569  11.1%     -    1s
     0     0   11.68767    0 1418   13.14572   11.68767  11.1%     -    1s
     0     0   11.69839    0 1387   13.14572   11.69839  11.0%     -    1s
     0     0   11.71089    0 1225   13.14572   11.71089  10.9%     -    1s
     0     0   11.75312    0 1375   13.14572   11.75312  10.6%     -    2s
     0     0   11.75455    0 1388   13.14572   11.75455  10.6%     -    2s
     0     0   11.75796    0 1390   13.14572   11.75796  10.6%     -    2s
     0     0   11.75888    0 1431   13.14572   11.75888  10.5%     -    2s
     0     0   11.76007    0 1469   13.14572   11.76007  10.5%     -    2s
     0     0   11.76022    0 1458   13.14572   11.76022  10.5%     -    2s
     0     0   11.76054    0 1400   13.14572   11.76054  10.5%     -    2s
     0     0   11.76238    0 1330   13.14572   11.76238  10.5%     -    2s
     0     2   11.76238    0 1330   13.14572   11.76238  10.5%     -    3s
H   31    64                      12.5796079   11.76430  6.48%   952    4s
H   37    64                      12.5688749   11.76430  6.40%   902    4s
    95   145   11.76833    7 1262   12.56887   11.76454  6.40%   634    5s
H   96   145                      12.5361951   11.76454  6.16%   627    5s
H  127   145                      12.4769394   11.76454  5.71%   565    5s
H  140   145                      12.4669548   11.76454  5.63%   561    5s
H  228   283                      12.3447864   11.76454  4.70%   490    5s
H  235   283                      12.3320769   11.76454  4.60%   485    5s
H  238   283                      12.3291574   11.76454  4.58%   482    5s
H  254   283                      12.3146925   11.76454  4.47%   477    5s
H  259   283                      12.3078998   11.76454  4.41%   473    5s
H  374   446                      12.3028998   11.76454  4.38%   439    6s
H  419   446                      12.3028610   11.76454  4.38%   435    6s
H  915   981                      12.2527147   11.76454  3.98%   339    7s
H  916   981                      12.2196911   11.76454  3.72%   339    7s
H  957   981                      12.2034498   11.76454  3.60%   333    7s
H  980  1103                      12.1984498   11.76454  3.56%   329    7s
H 1104  1192                      12.1761540   11.76454  3.38%   312    7s
H 1117  1192                      12.1732684   11.76454  3.36%   312    7s
H 1130  1192                      12.1675036   11.76454  3.31%   311    7s
H 1349  1449                      12.1326950   11.76454  3.03%   285    7s
H 1350  1449                      12.1123165   11.76454  2.87%   285    7s
H 1439  1449                      12.1120640   11.76454  2.87%   277    7s
H 1452  1640                      12.1070640   11.76454  2.83%   276    7s
H 2020  2156                      12.0922158   11.76454  2.71%   234    8s
H 2025  2156                      12.0750864   11.76454  2.57%   234    8s
H 2387  2520                      12.0700864   11.76454  2.53%   221    8s
H 2389  2507                      12.0649638   11.76454  2.49%   222    8s
H 2413  2507                      12.0642225   11.76454  2.48%   222    8s
H 2449  2499                      12.0550552   11.76454  2.41%   221    8s
H 2546  2677                      12.0500552   11.76454  2.37%   215    8s
H 2790  2808                      12.0499387   11.76454  2.37%   207    9s
H 2791  2782                      12.0401131   11.76454  2.29%   207    9s
H 2856  2781                      12.0398050   11.76454  2.29%   205    9s
H 3179  3216                      12.0397468   11.76454  2.29%   200    9s
H 3181  3215                      12.0389150   11.76454  2.28%   200    9s
H 3681  3666                      12.0389147   11.76454  2.28%   188   15s
H 3683  3660                      12.0380251   11.76454  2.27%   189   15s
H 3760  3643                      12.0330829   11.76454  2.23%   186   15s
H 3863  3634                      12.0289731   11.76454  2.20%   186   15s
H 3876  3634                      12.0289728   11.76454  2.20%   186   15s
H 4221  4288                      12.0289673   11.76454  2.20%   179   15s
H 4347  4288                      12.0280774   11.76454  2.19%   176   15s
H 4401  4275                      12.0231992   11.76454  2.15%   174   15s
H 4557  4599                      12.0131992   11.76454  2.07%   172   16s
H 4954  4893                      12.0130324   11.76454  2.07%   167   16s
H 5028  4885                      12.0126164   11.76454  2.07%   165   16s
H 5319  5003                      11.9861487   11.76454  1.85%   163   16s
H 5839  5057                      11.9740056   11.76454  1.75%   155   17s
H 6237  5318                      11.9717061   11.76454  1.73%   153   17s
H 6663  5522                      11.9667061   11.76454  1.69%   151   17s
H 7009  4488                      11.9439021   11.76454  1.50%   149   17s
H 7009  4098                      11.9383973   11.76454  1.46%   149   17s
H 7009  3765                      11.9333973   11.76454  1.41%   149   17s
H 7009  3765                      11.9333808   11.76454  1.41%   149   17s
H 7009  3765                      11.9333545   11.76454  1.41%   149   18s
H 7009  3684                      11.9321066   11.76454  1.40%   149   18s
  7013  3620   11.89006   35  400   11.93211   11.76454  1.40%   149   20s
  7032  3633   11.90773   46  488   11.93211   11.77353  1.33%   149   25s
  7057  3651   11.88945   11  500   11.93211   11.78108  1.27%   150   30s
  7069  3662   11.78528   22 1358   11.93211   11.78528  1.23%   152   46s
  7487  3976   11.80111   31 1233   11.93211   11.78866  1.20%   172   50s
H 8055  3976                      11.9316648   11.80400  1.07%   182   52s
H 8061  3800                      11.9316620   11.80400  1.07%   183   52s
H 8073  3631                      11.9316614   11.80400  1.07%   183   52s
  9001  4144   11.81783   41 1181   11.93166   11.81783  0.95%   192   55s
H 9174  4078                      11.9316614   11.81872  0.95%   193   55s
H 9224  3912                      11.9315709   11.81872  0.95%   193   55s
H10377  4248                      11.9315708   11.82121  0.92%   197   57s
 12278  5065   11.85854   56 1184   11.93157   11.82754  0.87%   206   60s
H14911  5276                      11.9295692   11.83415  0.80%   218   64s
H14931  5269                      11.9294774   11.83415  0.80%   219   64s
H15089  5120                      11.9282732   11.83415  0.79%   220   64s
 15430  5541     cutoff   70        11.92827   11.83415  0.79%   222   65s
H16230  5797                      11.9282035   11.83415  0.79%   226   66s
H17491  6200                      11.9282035   11.84016  0.74%   237   68s
 18126  6624   11.91397   65  859   11.92820   11.84016  0.74%   243   70s
H18709  6840                      11.9282009   11.84016  0.74%   246   70s
H18753  6840                      11.9282009   11.84016  0.74%   246   70s
H20169  7425                      11.9282009   11.86149  0.56%   255   73s
H20437  7425                      11.9282004   11.86300  0.55%   257   73s
 21201  7737   11.92603  194  774   11.92820   11.86300  0.55%   262   75s

Cutting planes:
  Learned: 52
  Gomory: 42
  Cover: 98
  Implied bound: 26
  Projected implied bound: 1
  MIR: 74
  StrongCG: 1
  Flow cover: 313
  GUB cover: 1
  Zero half: 2
  RLT: 1217
  Relax-and-lift: 58

Explored 21968 nodes (5960364 simplex iterations) in 76.28 seconds (146.58 work units)
Thread count was 32 (of 104 available processors)

Solution count 10: 11.9282 11.9282 11.9282 ... 11.9316

Optimal solution found (tolerance 5.00e-03)
Best objective 1.192820042543e+01, best bound 1.186959236266e+01, gap 0.4913%
Running phase 2 solve for full 'both' model.
Set parameter LogToConsole to value 1
Set parameter MIPGap to value 0.005
Gurobi Optimizer version 12.0.3 build v12.0.3rc0 (linux64 - "Red Hat Enterprise Linux 8.8 (Ootpa)")

CPU model: Intel(R) Xeon(R) Platinum 8470QL, instruction set [SSE2|AVX|AVX2|AVX512]
Thread count: 104 physical cores, 104 logical processors, using up to 32 threads

Non-default parameters:
MIPGap  0.005

Optimize a model with 16607 rows, 15701 columns and 42315 nonzeros
Model fingerprint: 0xbf7ad194
Model has 168 quadratic objective terms
Model has 3696 quadratic constraints
Variable types: 11259 continuous, 4442 integer (4442 binary)
Coefficient statistics:
  Matrix range     [3e-02, 2e+03]
  QMatrix range    [2e-07, 1e+00]
  QLMatrix range   [1e-04, 4e+01]
  Objective range  [1e-05, 5e-03]
  QObjective range [2e-04, 2e-04]
  Bounds range     [9e-01, 1e+03]
  RHS range        [1e+00, 3e+05]
  QRHS range       [3e-01, 4e+01]
Presolve removed 9987 rows and 8689 columns
Presolve time: 0.07s
Presolved: 19928 rows, 8317 columns, 53426 nonzeros
Presolved model has 3616 bilinear constraint(s)

Solving non-convex MIQCP

Variable types: 6252 continuous, 2065 integer (2065 binary)
Found heuristic solution: objective 12.0897172

Root relaxation: objective 1.088110e+01, 21554 iterations, 0.87 seconds (1.57 work units)

    Nodes    |    Current Node    |     Objective Bounds      |     Work
 Expl Unexpl |  Obj  Depth IntInf | Incumbent    BestBd   Gap | It/Node Time

     0     0   10.88110    0 3340   12.08972   10.88110  10.0%     -    1s
     0     0   11.62238    0 3035   12.08972   11.62238  3.87%     -    5s
     0     0   11.62276    0 3286   12.08972   11.62276  3.86%     -    8s
     0     0   11.72062    0 3018   12.08972   11.72062  3.05%     -   12s
     0     0   11.76796    0 2659   12.08972   11.76796  2.66%     -   18s
     0     0   11.79052    0 2765   12.08972   11.79052  2.47%     -   21s
     0     0   11.82915    0 2700   12.08972   11.82915  2.16%     -   24s
     0     0   11.82915    0 3039   12.08972   11.82915  2.16%     -   29s
     0     0   11.82915    0 2713   12.08972   11.82915  2.16%     -   32s
     0     0   11.82915    0 2847   12.08972   11.82915  2.16%     -   36s
     0     0   11.82915    0 3027   12.08972   11.82915  2.16%     -   40s
     0     0   11.90287    0 2067   12.08972   11.90287  1.55%     -   43s
     0     0   11.90287    0 2776   12.08972   11.90287  1.55%     -   46s
     0     0   11.90287    0 2963   12.08972   11.90287  1.55%     -   50s
H    0     0                      12.0897170   11.90287  1.55%     -   55s
     0     0   11.90287    0 3262   12.08972   11.90287  1.55%     -   55s
     0     0   11.90287    0 2928   12.08972   11.90287  1.55%     -   61s
     0     0   11.90287    0 2857   12.08972   11.90287  1.55%     -   64s
     0     2   11.90287    0 2857   12.08972   11.90287  1.55%     -   69s
     1     4   11.90287    1 2586   12.08972   11.90287  1.55% 10228   70s
     7    16   11.90287    3 2728   12.08972   11.90287  1.55% 10656   76s
    15    29   11.90287    4 2701   12.08972   11.90287  1.55% 17366   84s
    28    50   11.90287    5 2718   12.08972   11.90287  1.55% 23054   94s
    49    82   11.90287    6 3392   12.08972   11.90287  1.55% 21674  103s
    81   145   11.90287    7 2816   12.08972   11.90287  1.55% 24222  114s
   144   218   11.90287    9 2743   12.08972   11.90287  1.55% 23361  123s
   217   291   11.91610   11 2575   12.08972   11.90287  1.55% 21421  132s
   292   355   11.97178   16 2644   12.08972   11.90287  1.55% 19887  141s
   358   412   12.06552   18 2501   12.08972   11.90287  1.55% 19273  148s
   415   469   12.03987   19 2381   12.08972   11.90287  1.55% 19076  156s
   478   536   12.04636   20 2386   12.08972   11.90287  1.55% 18638  167s
   545   599   12.00964   25 2357   12.08972   11.90287  1.55% 18328  174s
   614   654   12.01020   26 2482   12.08972   11.90287  1.55% 17895  183s
   671   702   12.06279   27 2062   12.08972   11.90287  1.55% 17711  192s
   729   739     cutoff   31        12.08972   11.90287  1.55% 17594  201s
   782   772   12.03278   32 2242   12.08972   11.90287  1.55% 17746  210s
   829   808   12.03850   33 2209   12.08972   11.90287  1.55% 17966  218s
   881   850   12.03966   34 2188   12.08972   11.90287  1.55% 18087  228s
   935   959   12.05729   37 2166   12.08972   11.90287  1.55% 18041  237s
  1050  1064   12.05518   42 2227   12.08972   11.90287  1.55% 16912  248s
[2026-05-29T17:11:45.434] error: *** JOB 14025419 ON x1005c5s4b0n0 CANCELLED AT 2026-05-29T17:11:45 DUE to SIGNAL Terminated ***
