2026-06-09 08:52:35 [INFO] idaes.core.surrogate.pysmo_surrogate: Decode surrogate. type=poly

===========================Polynomial Regression===============================================

The number of cross-validation cases (3) is used.
The default training/cross-validation split of 0.75 is used.
No iterations will be run.
Default parameter estimation method is used.
Parameter estimation method:  pyomo 

2026-06-09 08:52:35 [INFO] idaes.core.surrogate.pysmo_surrogate: Decode surrogate. type=poly

===========================Polynomial Regression===============================================

The number of cross-validation cases (3) is used.
The default training/cross-validation split of 0.75 is used.
No iterations will be run.
Default parameter estimation method is used.
Parameter estimation method:  pyomo 

2026-06-09 08:52:35 [INFO] idaes.core.surrogate.pysmo_surrogate: Decode surrogate. type=poly

===========================Polynomial Regression===============================================

The number of cross-validation cases (3) is used.
The default training/cross-validation split of 0.75 is used.
No iterations will be run.
Default parameter estimation method is used.
Parameter estimation method:  pyomo 

2026-06-09 08:52:35 [INFO] idaes.core.surrogate.pysmo_surrogate: Decode surrogate. type=poly

===========================Polynomial Regression===============================================

The number of cross-validation cases (3) is used.
The default training/cross-validation split of 0.75 is used.
No iterations will be run.
Default parameter estimation method is used.
Parameter estimation method:  pyomo 

2026-06-09 08:52:36 [INFO] idaes.apps.grid_integration.pricetaker.price_taker_model: Found minimum uptime/downtime data for pretreatment.uf_pumps[1] - Adding minimum uptime/downtime constraints.
2026-06-09 08:52:36 [INFO] idaes.apps.grid_integration.pricetaker.price_taker_model: Created startup/shutdown constraints for operation model  pretreatment.uf_pumps[1] at uf_pumps_1_startup_shutdown.
2026-06-09 08:52:36 [INFO] idaes.apps.grid_integration.pricetaker.price_taker_model: Found minimum uptime/downtime data for pretreatment.uf_pumps[2] - Adding minimum uptime/downtime constraints.
2026-06-09 08:52:36 [INFO] idaes.apps.grid_integration.pricetaker.price_taker_model: Created startup/shutdown constraints for operation model  pretreatment.uf_pumps[2] at uf_pumps_2_startup_shutdown.
2026-06-09 08:52:36 [INFO] idaes.apps.grid_integration.pricetaker.price_taker_model: Found minimum uptime/downtime data for pretreatment.uf_pumps[3] - Adding minimum uptime/downtime constraints.
2026-06-09 08:52:36 [INFO] idaes.apps.grid_integration.pricetaker.price_taker_model: Created startup/shutdown constraints for operation model  pretreatment.uf_pumps[3] at uf_pumps_3_startup_shutdown.
2026-06-09 08:52:36 [INFO] idaes.apps.grid_integration.pricetaker.price_taker_model: Found minimum uptime/downtime data for reverse_osmosis.ro_skid[1] - Adding minimum uptime/downtime constraints.
2026-06-09 08:52:36 [INFO] idaes.apps.grid_integration.pricetaker.price_taker_model: Created startup/shutdown constraints for operation model  reverse_osmosis.ro_skid[1] at ro_skid_1_startup_shutdown.
2026-06-09 08:52:36 [INFO] idaes.apps.grid_integration.pricetaker.price_taker_model: Found minimum uptime/downtime data for reverse_osmosis.ro_skid[2] - Adding minimum uptime/downtime constraints.
2026-06-09 08:52:36 [INFO] idaes.apps.grid_integration.pricetaker.price_taker_model: Created startup/shutdown constraints for operation model  reverse_osmosis.ro_skid[2] at ro_skid_2_startup_shutdown.
2026-06-09 08:52:36 [INFO] idaes.apps.grid_integration.pricetaker.price_taker_model: Found minimum uptime/downtime data for reverse_osmosis.ro_skid[3] - Adding minimum uptime/downtime constraints.
2026-06-09 08:52:36 [INFO] idaes.apps.grid_integration.pricetaker.price_taker_model: Created startup/shutdown constraints for operation model  reverse_osmosis.ro_skid[3] at ro_skid_3_startup_shutdown.
2026-06-09 08:52:36 [INFO] idaes.apps.grid_integration.pricetaker.price_taker_model: Found minimum uptime/downtime data for reverse_osmosis.ro_skid[4] - Adding minimum uptime/downtime constraints.
2026-06-09 08:52:36 [INFO] idaes.apps.grid_integration.pricetaker.price_taker_model: Created startup/shutdown constraints for operation model  reverse_osmosis.ro_skid[4] at ro_skid_4_startup_shutdown.
4270
Set parameter TokenServer to value "10.60.1.73"
Set parameter LogToConsole to value 1
Set parameter MIPGap to value 0.01
Gurobi Optimizer version 12.0.3 build v12.0.3rc0 (linux64 - "Red Hat Enterprise Linux 8.8 (Ootpa)")

CPU model: Intel(R) Xeon(R) Platinum 8470QL, instruction set [SSE2|AVX|AVX2|AVX512]
Thread count: 104 physical cores, 104 logical processors, using up to 32 threads

Non-default parameters:
MIPGap  0.01

Optimize a model with 17951 rows, 16373 columns and 48595 nonzeros
Model fingerprint: 0x98980820
Model has 168 quadratic objective terms
Model has 2352 quadratic constraints
Variable types: 11259 continuous, 5114 integer (5114 binary)
Coefficient statistics:
  Matrix range     [5e-04, 2e+03]
  QMatrix range    [2e-07, 1e+00]
  QLMatrix range   [3e-04, 1e+00]
  Objective range  [1e-05, 5e-03]
  QObjective range [2e-04, 2e-04]
  Bounds range     [9e-01, 1e+03]
  RHS range        [5e-02, 3e+05]
  QRHS range       [3e-01, 3e-01]
Presolve removed 8835 rows and 8481 columns
Presolve time: 0.11s
Presolved: 18048 rows, 8175 columns, 49077 nonzeros
Presolved model has 188 SOS constraint(s)
Presolved model has 2312 bilinear constraint(s)

Solving non-convex MIQCP

Variable types: 5336 continuous, 2839 integer (2839 binary)
Found heuristic solution: objective 12.0903187

Root relaxation: unbounded, 0 iterations, 0.01 seconds (0.00 work units)

    Nodes    |    Current Node    |     Objective Bounds      |     Work
 Expl Unexpl |  Obj  Depth IntInf | Incumbent    BestBd   Gap | It/Node Time

     0     2  postponed    0        12.09032          -      -     -    6s
     7    14  postponed    3        12.09032          -      -  5986   10s
    87   141  postponed    7        12.09032          -      -  6539   17s
   150   263  postponed    8        12.09032          -      -  8034   22s
   286   538  postponed   10        12.09032          -      -  8218   30s
   643  1029 infeasible   16        12.09032          -      -  4207   46s
  1436  1828 infeasible   27        12.09032          -      -  2364   70s
H 2155  1828                      12.0903185          -      -  1876   70s
  3017  3563 infeasible   47        12.09032          -      -  1515  100s
  5518  5756  postponed   64        12.09032          -      -  1251  125s
  8352  6969 infeasible   78        12.09032          -      -  1119  145s
 10040  9210   11.43224  115 2315   12.09032          -      -  1094  166s
 12730 10919   11.59804  249 2231   12.09032          -      -  1051  185s
 14906 10921   11.80496  149 1183   12.09032    9.91403  18.0%  1021  195s
 14908 10923   11.36497   42  614   12.09032   11.36497  6.00%  1021  200s
 14909 10923   11.59426   20  719   12.09032   11.59426  4.10%  1021  206s
 14911 10925   11.61160   69  749   12.09032   11.61160  3.96%  1021  210s
 14915 10927   11.88922  140  773   12.09032   11.61929  3.90%  1021  215s
 14920 10931   11.78085  137  797   12.09032   11.62042  3.89%  1020  220s
 14925 10934   11.83195  310  740   12.09032   11.62310  3.86%  1020  226s
 14929 10937   11.78041  154  752   12.09032   11.62369  3.86%  1020  230s
 14934 10940   11.80997  120  740   12.09032   11.62392  3.86%  1020  241s
 14935 10941   11.97289  388  740   12.09032   11.62392  3.86%  1019  250s
 14936 10944   11.66157   15 2824   12.09032   11.62392  3.86%  1026  391s
 14938 10948   11.66723   16 2817   12.09032   11.62460  3.85%  1026  403s
 14942 10954   11.67246   17 2906   12.09032   11.63149  3.80%  1028  415s
 14950 10967   11.68347   18 2770   12.09032   11.63393  3.77%  1031  429s
 14965 10993   11.69931   19 2638   12.09032   11.63415  3.77%  1039  440s
 14996 11014   11.70083   20 2588   12.09032   11.63810  3.74%  1050  450s
 15028 11090   11.84100   21 2648   12.09032   11.63905  3.73%  1055  461s
 15133 11132   11.86535   22 2641   12.09032   11.63905  3.73%  1072  471s
H15148 10579                      12.0903185   11.63905  3.73%  1072  471s
H15186 10046                      12.0903179   11.63905  3.73%  1073  471s
 15210 10120   11.86576   23 2526   12.09032   11.63905  3.73%  1073  479s
 15292 10183   11.87920   23 2773   12.09032   11.63905  3.73%  1079  489s
 15382 10240   11.88009   24 2607   12.09032   11.63905  3.73%  1080  506s
 15471 10300   11.91475   24 2555   12.09032   11.63905  3.73%  1090  518s
 15567 10372   11.89832   25 2525   12.09032   11.63905  3.73%  1102  526s
 15681 10440   11.90817   25 2528   12.09032   11.63905  3.73%  1101  535s
 15793 10501   11.95597   26 2405   12.09032   11.63905  3.73%  1105  544s
 15897 10542   11.92855   27 2478   12.09032   11.63905  3.73%  1112  558s
 15991 10607   11.94615   28 2308   12.09032   11.63905  3.73%  1125  568s
 16102 10634     cutoff   30        12.09032   11.63905  3.73%  1131  576s
 16195 10646     cutoff   30        12.09032   11.63905  3.73%  1141  585s
 16267 10687     cutoff   30        12.09032   11.63963  3.73%  1146  597s
 16356 10735   11.96005   29 1998   12.09032   11.63963  3.73%  1155  605s
 16464 10807   11.99735   31 1963   12.09032   11.63963  3.73%  1164  612s
 16592 10860     cutoff   32        12.09032   11.64034  3.72%  1171  624s
 16713 10936     cutoff   31        12.09032   11.64034  3.72%  1186  634s
 16847 10997     cutoff   33        12.09032   11.64093  3.72%  1204  644s
 16976 11088     cutoff   33        12.09032   11.64093  3.72%  1221  652s
 17136 11153     cutoff   26        12.09032   11.64093  3.72%  1230  663s
 17297 11224   12.00143   63 2095   12.09032   11.64093  3.72%  1244  675s
 17474 11325     cutoff   65        12.09032   11.64093  3.72%  1257  685s
 17653 11398     cutoff   71        12.09032   11.64159  3.71%  1270  694s
 17836 11461     cutoff   71        12.09032   11.64159  3.71%  1285  704s
 17999 11583     cutoff   71        12.09032   11.64159  3.71%  1301  714s
 18205 11677     cutoff   71        12.09032   11.64159  3.71%  1322  726s
 18416 11784     cutoff   71        12.09032   11.64330  3.70%  1343  735s
 18646 11900   11.80911   25 2294   12.09032   11.64330  3.70%  1357  747s
 18893 12049   11.81483   29 2301   12.09032   11.64353  3.70%  1375  758s
 19165 12184   12.00473   38 2203   12.09032   11.64353  3.70%  1385  772s
 19441 12328     cutoff   46        12.09032   11.64386  3.69%  1397  788s
 19718 12443     cutoff   44        12.09032   11.64444  3.69%  1415  803s
 19976 12566   11.77590   26 2539   12.09032   11.64477  3.69%  1434  816s
 20254 12514   11.65365   28 2490   12.09032   11.64477  3.69%  1452  826s
H20273 10133                      11.9476139   11.64477  2.53%  1454  826s
H20300  9381                      11.9321573   11.64477  2.41%  1459  826s
 20307  9412   11.65797   30 2349   11.93216   11.64477  2.41%  1461  841s
 20604  9544   11.66534   33 2225   11.93216   11.64491  2.41%  1474  856s
H20646  9084                      11.9321570   11.64491  2.41%  1473  856s
 20899  9179   11.69655   43 2039   11.93216   11.64751  2.39%  1487  869s
 21173  9174   11.69562   46 2038   11.93216   11.64751  2.39%  1510  886s
H21187  8746                      11.9321568   11.64751  2.39%  1510  886s
H21213  8335                      11.9321565   11.64751  2.39%  1514  886s
H21236  7945                      11.9321562   11.64756  2.39%  1518  886s
 21391  8063   11.71741   50 2035   11.93216   11.64756  2.39%  1542  906s
H21442  7682                      11.9321559   11.64756  2.39%  1540  906s
H21531  7307                      11.9321444   11.64756  2.39%  1546  906s
 21665  7426   11.73260   63 1995   11.93214   11.64756  2.39%  1571  921s
H21686  7091                      11.9321436   11.64756  2.39%  1571  921s
H21708  6773                      11.9321412   11.64863  2.38%  1572  921s
H21851  6429                      11.9321326   11.64863  2.38%  1583  921s
H21858  6146                      11.9321291   11.64863  2.38%  1586  921s
 21949  6381   11.75883   75 1866   11.93213   11.64863  2.38%  1593  937s
H22130  6053                      11.9321291   11.64864  2.38%  1603  937s
H22173  5785                      11.9321255   11.64864  2.38%  1604  937s
H22195  5537                      11.9321255   11.64864  2.38%  1606  937s
 22286  5776   11.76096   77 1857   11.93213   11.64864  2.38%  1613  959s
H22394  5511                      11.9321255   11.65007  2.36%  1628  959s
 22670  5731     cutoff   92        11.93213   11.65145  2.35%  1638  975s
H22676  5512                      11.9321255   11.65145  2.35%  1638  975s
H22759  5278                      11.9321255   11.65145  2.35%  1639  975s
H22940  5021                      11.9321248   11.65159  2.35%  1645  975s
 23099  5321   11.77792   97 1916   11.93212   11.65159  2.35%  1658  994s
 23600  5596   11.81101  111 1827   11.93212   11.65159  2.35%  1678 1012s
 24188  5690   11.83145  129 1898   11.93212   11.65159  2.35%  1696 1030s
H24216  5482                      11.9316241   11.65159  2.35%  1699 1030s
 24566  5681   11.83734  134 1837   11.93162   11.65250  2.34%  1725 1048s
 25015  5857   11.84641  162 1722   11.93162   11.65250  2.34%  1761 1066s
H25483  5778                      11.9315994   11.65250  2.34%  1801 1083s
H25519  5611                      11.9231480   11.65250  2.27%  1807 1083s
H25526  4723                      11.8724701   11.65250  1.85%  1807 1083s
 25635  5024     cutoff  175        11.87247   11.65371  1.84%  1816 1104s
H25741  5024                      11.8724700   11.65371  1.84%  1813 1104s
H26055  5024                      11.8724699   11.65371  1.84%  1837 1104s
 26138  5587   11.72088   56 2094   11.87247   11.65371  1.84%  1848 1124s
H26539  5587                      11.8724699   11.65380  1.84%  1854 1124s
 26838  6012   11.85240   97 1990   11.87247   11.65392  1.84%  1867 1147s
 27402  6514   11.86742  118 2054   11.87247   11.65423  1.84%  1909 1167s
 28049  6991     cutoff  122        11.87247   11.65445  1.84%  1944 1191s
H28051  6989                      11.8723678   11.65445  1.84%  1945 1191s
H28090  6989                      11.8723675   11.65457  1.83%  1943 1191s
 28721  7537   11.74510   61 1917   11.87237   11.65504  1.83%  1972 1215s
 29444  8127   11.75746   74 1891   11.87237   11.65504  1.83%  2008 1240s
 30222  8548   11.84153   91 1794   11.87237   11.65587  1.82%  2035 1264s
 30814  8724   11.84403   89 1813   11.87237   11.65640  1.82%  2078 1287s
H30833  8696                      11.8702314   11.65640  1.80%  2082 1287s
H30865  8685                      11.8696837   11.65640  1.80%  2089 1287s
H30876  8684                      11.8693884   11.65640  1.79%  2090 1287s
 31073  9165     cutoff   89        11.86939   11.65640  1.79%  2107 1316s
 31829  9825     cutoff   27        11.86939   11.65723  1.79%  2154 1352s
 32697 10423   11.74791   77 2053   11.86939   11.65752  1.78%  2190 1385s
H32887 10423                      11.8693884   11.65752  1.78%  2201 1385s
 33520 11225   11.84235  116 1880   11.86939   11.65793  1.78%  2224 1417s
 34533 11871   11.86786  137 1867   11.86939   11.65801  1.78%  2251 1446s
 35444 12579   11.71790   36 2286   11.86939   11.65844  1.78%  2288 1481s
 36387 13242   11.77360   61 1855   11.86939   11.65844  1.78%  2317 1513s
H37213 13242                      11.8693883   11.65844  1.78%  2353 1513s
H37301 13242                      11.8693882   11.65844  1.78%  2354 1513s
 37320 13931   11.86787   83 1791   11.86939   11.65844  1.78%  2354 1549s
 38206 15064   11.72930   39 2043   11.86939   11.65845  1.78%  2396 1581s
 39569 16024   11.85471   80 2021   11.86939   11.65867  1.78%  2407 1616s
 40837 16782   11.67840   30 2422   11.86939   11.65927  1.77%  2425 1651s
 41844 17733   11.75028   48 2019   11.86939   11.65927  1.77%  2455 1690s
 43024 19012   11.86558   80 1932   11.86939   11.65927  1.77%  2466 1728s
 44618 19741   11.72952   50 1914   11.86939   11.65927  1.77%  2474 1770s
 45719 20689   11.69566   37 2148   11.86939   11.65927  1.77%  2521 1811s
 46990 21307     cutoff  119        11.86939   11.65927  1.77%  2555 1851s
 47778 22681     cutoff   39        11.86939   11.65927  1.77%  2576 1895s
 49455 24182   11.86426   76 1814   11.86939   11.66349  1.73%  2583 1937s
 51293 25103   11.74970   57 1950   11.86939   11.66364  1.73%  2593 1981s
 52520 25407   11.70331   35 2137   11.86939   11.66364  1.73%  2637 2027s
 52967 26878   11.75328   44 2142   11.86939   11.66398  1.73%  2658 2076s
 54774 28152   11.86498   74 2002   11.86939   11.66418  1.73%  2679 2127s
H55463 28152                      11.8693881   11.66443  1.73%  2688 2127s
 56453 29242   11.79110  100 1737   11.86939   11.66443  1.73%  2704 2185s
 57969 31166   11.68725   28 2463   11.86939   11.66443  1.73%  2753 2239s
 60491 33534   11.70334   39 2236   11.86939   11.66482  1.72%  2737 2303s
 63570 34272   11.77563   73 1954   11.86939   11.66526  1.72%  2715 2348s
 64643 35191   11.78747   82 1898   11.86939   11.66526  1.72%  2749 2399s
H64646 35191                      11.8693876   11.66526  1.72%  2749 2399s
 65987 35969 infeasible   84        11.86939   11.66591  1.71%  2791 2456s
 67203 37157   11.72528   48 2030   11.86939   11.66607  1.71%  2847 2520s
 68857 38695   11.69006   34 2145   11.86939   11.66622  1.71%  2900 2588s
 70910 40791   11.77202   70 1803   11.86939   11.66622  1.71%  2941 2658s
 73732 42165   11.75897   70 1820   11.86939   11.66622  1.71%  2948 2730s
H73936 42165                      11.8693876   11.66622  1.71%  2951 2730s
H75484 43810                      11.8693876   11.66696  1.71%  2966 2808s
 77576 45440   11.86895   94 1758   11.86939   11.66727  1.70%  3012 2889s
 79817 47768   11.72257   44 2048   11.86939   11.66727  1.70%  3059 2975s
 82961 50033     cutoff   33        11.86939   11.66842  1.69%  3076 3061s
 85945 51826   11.86727  103 1889   11.86939   11.66907  1.69%  3094 3149s
 86382 51826   11.86822   99 1616   11.86939   11.66907  1.69%  3102 3150s
 88414 54148     cutoff   67        11.86939   11.66958  1.68%  3133 3245s
 91409 56175     cutoff   86        11.86939   11.66965  1.68%  3160 3343s
 94171 59261   11.71943   39 2244   11.86939   11.67028  1.68%  3201 3460s
 98185 62334   11.86827   91 1883   11.86939   11.67039  1.68%  3216 3563s
 102134 64501   11.76908   66 1733   11.86939   11.67065  1.67%  3219 3656s
 105121 66454   11.86874   79 1779   11.86939   11.67135  1.67%  3245 3754s
 107853 68837 infeasible   60        11.86939   11.67166  1.67%  3275 3855s
 110944 71455   11.75110   48 1895   11.86939   11.67166  1.67%  3298 3960s
 114488 72857     cutoff   94        11.86939   11.67185  1.66%  3312 4058s
 116646 74821   11.78590   55 1984   11.86939   11.67214  1.66%  3347 4166s
 119350 77604   11.68957   31 2211   11.86939   11.67254  1.66%  3375 4279s
 122997 80450     cutoff   77        11.86939   11.67258  1.66%  3391 4384s
 126744 82958   11.85020  127 1655   11.86939   11.67308  1.65%  3396 4474s
 130060 85776   11.77115   72 1950   11.86939   11.67308  1.65%  3400 4570s
 133703 87785   11.86116   83 1755   11.86939   11.67366  1.65%  3395 4655s
 136430 89257   11.86670  106 1793   11.86939   11.67368  1.65%  3397 4748s
 138627 91105   11.69203   38 2056   11.86939   11.67373  1.65%  3426 4844s
 141136 92972   11.69269   32 2368   11.86939   11.67417  1.64%  3449 4945s
 143983 95715   11.74767   50 1905   11.86939   11.67428  1.64%  3473 5050s
 147835 97495   11.83962   41 2006   11.86939   11.67469  1.64%  3473 5150s
 150446 100122   11.78828   98 1799   11.86939   11.67470  1.64%  3501 5251s
 153934 102846     cutoff   79        11.86939   11.67484  1.64%  3492 5349s
 157707 105027   11.71457   45 1990   11.86939   11.67500  1.64%  3497 5436s
 160599 107267   11.85501   35 2045   11.86939   11.67513  1.64%  3508 5532s
 163681 109172     cutoff   92        11.86939   11.67533  1.63%  3520 5627s
 166472 110964   11.69660   35 2038   11.86939   11.67533  1.63%  3540 5727s
 169239 114033   11.72052   48 2240   11.86939   11.67576  1.63%  3550 5830s
 173307 116103   11.73441   41 2098   11.86939   11.67582  1.63%  3540 5925s
 176108 118368   11.83083   88 1904   11.86939   11.67586  1.63%  3543 6029s
 179180 121386   11.86444   83 1943   11.86939   11.67605  1.63%  3555 6127s
 182867 123864   11.69939   34 2083   11.86939   11.67648  1.63%  3550 6231s
 185969 125991   11.79457   65 2056   11.86939   11.67648  1.63%  3567 6337s
 189304 128769     cutoff   76        11.86939   11.67672  1.62%  3578 6442s
 193156 131449   11.76211   77 1992   11.86939   11.67681  1.62%  3574 6540s
 196750 133395     cutoff  103        11.86939   11.67714  1.62%  3575 6638s
 199469 135208   11.75503   53 1977   11.86939   11.67730  1.62%  3586 6738s
 201928 137268   11.86028   70 2049   11.86939   11.67730  1.62%  3594 6844s
 204861 140265   11.86764   91 1905   11.86939   11.67752  1.62%  3601 6954s
 208835 142223   11.86924   56 1993   11.86939   11.67754  1.62%  3600 7060s
 211743 144731 infeasible   91        11.86939   11.67787  1.61%  3615 7161s
 215142 146863   11.86471   69 1758   11.86939   11.67798  1.61%  3622 7259s
 218281 148788   11.74295   42 2103   11.86939   11.67817  1.61%  3631 7359s
 221265 151126   11.78821   90 1818   11.86939   11.67824  1.61%  3637 7460s
 224474 152833   11.70570   35 2001   11.86939   11.67827  1.61%  3644 7562s
H226873 152833                      11.8693873   11.67828  1.61%  3661 7562s
 227129 154953   11.72041   42 1948   11.86939   11.67842  1.61%  3663 7665s
 229758 157070   11.85376  104 1786   11.86939   11.67842  1.61%  3677 7778s
 232738 160183   11.86871  134 1720   11.86939   11.67842  1.61%  3697 7892s
 237013 162310   11.86261   35 1950   11.86939   11.67869  1.61%  3691 7999s
 240002 164183   11.86457   74 1859   11.86939   11.67875  1.61%  3704 8110s
 242729 166276     cutoff   82        11.86939   11.67895  1.60%  3719 8212s
 245786 168785   11.85363   72 1836   11.86939   11.67897  1.60%  3728 8322s
 249405 170962   11.86421  108 1838   11.86939   11.67916  1.60%  3733 8424s
 252457 173535     cutoff  116        11.86939   11.67920  1.60%  3735 8529s
 255871 173535   11.69015   33 2153   11.86939   11.67934  1.60%  3739 8530s
 255988 176364   11.86800   37 2119   11.86939   11.67934  1.60%  3738 8632s
 259869 177908   11.86710  110 1961   11.86939   11.67958  1.60%  3736 8734s
[2026-06-09T11:19:08.285] error: *** JOB 14139416 ON x1007c1s3b1n1 CANCELLED AT 2026-06-09T11:19:08 DUE to SIGNAL Terminated ***
