2026-05-29 16:20:49 [INFO] idaes.core.surrogate.pysmo_surrogate: Decode surrogate. type=poly

===========================Polynomial Regression===============================================

The number of cross-validation cases (3) is used.
The default training/cross-validation split of 0.75 is used.
No iterations will be run.
Default parameter estimation method is used.
Parameter estimation method:  pyomo 

2026-05-29 16:20:49 [INFO] idaes.core.surrogate.pysmo_surrogate: Decode surrogate. type=poly

===========================Polynomial Regression===============================================

The number of cross-validation cases (3) is used.
The default training/cross-validation split of 0.75 is used.
No iterations will be run.
Default parameter estimation method is used.
Parameter estimation method:  pyomo 

2026-05-29 16:20:49 [INFO] idaes.core.surrogate.pysmo_surrogate: Decode surrogate. type=poly

===========================Polynomial Regression===============================================

The number of cross-validation cases (3) is used.
The default training/cross-validation split of 0.75 is used.
No iterations will be run.
Default parameter estimation method is used.
Parameter estimation method:  pyomo 

2026-05-29 16:20:49 [INFO] idaes.core.surrogate.pysmo_surrogate: Decode surrogate. type=poly

===========================Polynomial Regression===============================================

The number of cross-validation cases (3) is used.
The default training/cross-validation split of 0.75 is used.
No iterations will be run.
Default parameter estimation method is used.
Parameter estimation method:  pyomo 

2026-05-29 16:20:51 [INFO] idaes.apps.grid_integration.pricetaker.price_taker_model: Found minimum uptime/downtime data for pretreatment.uf_pumps[1] - Adding minimum uptime/downtime constraints.
2026-05-29 16:20:51 [INFO] idaes.apps.grid_integration.pricetaker.price_taker_model: Created startup/shutdown constraints for operation model  pretreatment.uf_pumps[1] at uf_pumps_1_startup_shutdown.
2026-05-29 16:20:51 [INFO] idaes.apps.grid_integration.pricetaker.price_taker_model: Found minimum uptime/downtime data for pretreatment.uf_pumps[2] - Adding minimum uptime/downtime constraints.
2026-05-29 16:20:51 [INFO] idaes.apps.grid_integration.pricetaker.price_taker_model: Created startup/shutdown constraints for operation model  pretreatment.uf_pumps[2] at uf_pumps_2_startup_shutdown.
2026-05-29 16:20:51 [INFO] idaes.apps.grid_integration.pricetaker.price_taker_model: Found minimum uptime/downtime data for pretreatment.uf_pumps[3] - Adding minimum uptime/downtime constraints.
2026-05-29 16:20:51 [INFO] idaes.apps.grid_integration.pricetaker.price_taker_model: Created startup/shutdown constraints for operation model  pretreatment.uf_pumps[3] at uf_pumps_3_startup_shutdown.
2026-05-29 16:20:51 [INFO] idaes.apps.grid_integration.pricetaker.price_taker_model: Found minimum uptime/downtime data for reverse_osmosis.ro_skid[1] - Adding minimum uptime/downtime constraints.
2026-05-29 16:20:51 [INFO] idaes.apps.grid_integration.pricetaker.price_taker_model: Created startup/shutdown constraints for operation model  reverse_osmosis.ro_skid[1] at ro_skid_1_startup_shutdown.
2026-05-29 16:20:51 [INFO] idaes.apps.grid_integration.pricetaker.price_taker_model: Found minimum uptime/downtime data for reverse_osmosis.ro_skid[2] - Adding minimum uptime/downtime constraints.
2026-05-29 16:20:51 [INFO] idaes.apps.grid_integration.pricetaker.price_taker_model: Created startup/shutdown constraints for operation model  reverse_osmosis.ro_skid[2] at ro_skid_2_startup_shutdown.
2026-05-29 16:20:51 [INFO] idaes.apps.grid_integration.pricetaker.price_taker_model: Found minimum uptime/downtime data for reverse_osmosis.ro_skid[3] - Adding minimum uptime/downtime constraints.
2026-05-29 16:20:51 [INFO] idaes.apps.grid_integration.pricetaker.price_taker_model: Created startup/shutdown constraints for operation model  reverse_osmosis.ro_skid[3] at ro_skid_3_startup_shutdown.
2026-05-29 16:20:51 [INFO] idaes.apps.grid_integration.pricetaker.price_taker_model: Found minimum uptime/downtime data for reverse_osmosis.ro_skid[4] - Adding minimum uptime/downtime constraints.
2026-05-29 16:20:51 [INFO] idaes.apps.grid_integration.pricetaker.price_taker_model: Created startup/shutdown constraints for operation model  reverse_osmosis.ro_skid[4] at ro_skid_4_startup_shutdown.
2254
Set parameter TokenServer to value "10.60.1.73"
Set parameter LogToConsole to value 1
Set parameter MIPGap to value 0.005
Gurobi Optimizer version 12.0.3 build v12.0.3rc0 (linux64 - "Red Hat Enterprise Linux 8.8 (Ootpa)")

CPU model: Intel(R) Xeon(R) Platinum 8470QL, instruction set [SSE2|AVX|AVX2|AVX512]
Thread count: 104 physical cores, 104 logical processors, using up to 32 threads

Non-default parameters:
MIPGap  0.005

Optimize a model with 18623 rows, 15029 columns and 46159 nonzeros
Model fingerprint: 0xff20f3eb
Model has 168 quadratic objective terms
Model has 2352 quadratic constraints
Variable types: 10587 continuous, 4442 integer (4442 binary)
Coefficient statistics:
  Matrix range     [3e-02, 2e+03]
  QMatrix range    [2e-07, 1e+00]
  QLMatrix range   [1e-04, 1e+00]
  Objective range  [1e-05, 5e-03]
  QObjective range [2e-04, 2e-04]
  Bounds range     [1e+00, 1e+03]
  RHS range        [1e+00, 3e+05]
  QRHS range       [2e-01, 3e-01]
Presolve removed 14414 rows and 11724 columns
Presolve time: 0.09s
Presolved: 7779 rows, 3306 columns, 21173 nonzeros
Presolved model has 1020 bilinear constraint(s)

Solving non-convex MIQCP

Variable types: 1552 continuous, 1754 integer (1748 binary)
Found heuristic solution: objective 18.6212559

Root relaxation: objective 1.124130e+01, 4014 iterations, 0.18 seconds (0.31 work units)

    Nodes    |    Current Node    |     Objective Bounds      |     Work
 Expl Unexpl |  Obj  Depth IntInf | Incumbent    BestBd   Gap | It/Node Time

     0     0   11.24130    0 1257   18.62126   11.24130  39.6%     -    0s
H    0     0                      16.8855633   11.24130  33.4%     -    0s
H    0     0                      16.3005633   11.24130  31.0%     -    0s
     0     0   11.67068    0 1466   16.30056   11.67068  28.4%     -    0s
H    0     0                      15.9046123   11.67068  26.6%     -    0s
H    0     0                      15.8796123   11.67068  26.5%     -    0s
     0     0   11.67068    0 1516   15.87961   11.67068  26.5%     -    0s
H    0     0                      15.8685039   11.67068  26.5%     -    0s
H    0     0                      15.6235039   11.67068  25.3%     -    0s
     0     0   11.68130    0 1439   15.62350   11.68130  25.2%     -    1s
H    0     0                      15.4344472   11.68130  24.3%     -    1s
H    0     0                      15.4234792   11.68130  24.3%     -    1s
H    0     0                      14.6957708   11.68212  20.5%     -    1s
     0     0   11.68212    0 1412   14.69577   11.68212  20.5%     -    1s
     0     0   11.70446    0 1240   14.69577   11.70446  20.4%     -    1s
H    0     0                      13.7351515   11.70446  14.8%     -    1s
H    0     0                      13.7097477   11.70446  14.6%     -    1s
H    0     0                      13.6380404   11.70446  14.2%     -    1s
H    0     0                      13.5930404   11.70446  13.9%     -    1s
     0     0   11.75920    0 1330   13.59304   11.75920  13.5%     -    1s
     0     0   11.76404    0 1269   13.59304   11.76404  13.5%     -    2s
     0     0   11.76458    0 1268   13.59304   11.76458  13.5%     -    2s
     0     0   11.76508    0 1277   13.59304   11.76508  13.4%     -    2s
     0     0   11.76511    0 1277   13.59304   11.76511  13.4%     -    2s
     0     0   11.76541    0 1315   13.59304   11.76541  13.4%     -    2s
     0     0   11.76544    0 1305   13.59304   11.76544  13.4%     -    2s
H    0     2                      13.5492989   11.76544  13.2%     -    2s
     0     2   11.76544    0 1305   13.54930   11.76544  13.2%     -    2s
H   32    64                      13.4624100   11.77138  12.6%   837    4s
H   35    64                      13.0019324   11.77138  9.46%   785    4s
H   39    64                      12.5619632   11.77138  6.29%   725    4s
H   53    64                      12.5544131   11.77519  6.21%   762    4s
H   95   151                      12.4322815   11.77519  5.29%   696    4s
H   97   151                      12.4280821   11.77519  5.25%   683    4s
H   99   151                      12.4032480   11.77519  5.06%   680    4s
H  103   151                      12.3807853   11.77519  4.89%   665    4s
H  118   151                      12.3624526   11.77519  4.75%   641    4s
H  125   151                      12.3624515   11.77519  4.75%   618    4s
H  249   339                      12.3474515   11.77519  4.63%   481    4s
H  263   339                      12.3279084   11.77519  4.48%   472    4s
H  297   339                      12.3239893   11.77519  4.45%   455    4s
H  338   444                      12.3189893   11.77519  4.41%   443    5s
H  715   731                      12.3103441   11.77519  4.35%   343    5s
H 1089  1188                      12.2488132   11.77519  3.87%   278    6s
H 1096  1188                      12.2441174   11.77519  3.83%   277    6s
H 1102  1188                      12.2177924   11.77519  3.62%   278    6s
H 1121  1188                      12.2082594   11.77519  3.55%   275    6s
H 1187  1336                      12.1932594   11.77519  3.43%   265    6s
H 1341  1435                      12.1674779   11.77519  3.22%   247    6s
H 1343  1435                      12.1379775   11.77519  2.99%   247    6s
H 1350  1435                      12.1284553   11.77519  2.91%   246    6s
H 1416  1435                      12.1252296   11.77519  2.89%   241    6s
H 1618  1730                      12.0854696   11.77519  2.57%   228    7s
H 1711  1730                      12.0841074   11.77519  2.56%   222    7s
H 1928  2010                      12.0755398   11.77519  2.49%   213    7s
H 1932  2010                      12.0753846   11.77519  2.49%   214    7s
H 1964  2010                      12.0739887   11.77519  2.47%   214    7s
H 1985  2010                      12.0735250   11.77519  2.47%   212    7s
H 2067  2010                      12.0706952   11.77519  2.45%   210    7s
H 2074  2228                      12.0656952   11.77519  2.41%   209    7s
H 2295  2335                      12.0604558   11.77519  2.37%   201    7s
H 2340  2335                      12.0554622   11.77519  2.32%   203    7s
H 2581  2622                      12.0505351   11.77519  2.28%   204    8s
H 2612  2622                      12.0505011   11.77519  2.28%   206    8s
H 2821  2855                      12.0504211   11.77519  2.28%   203    8s
H 3229  3309                      12.0504211   11.77519  2.28%   193    8s
H 3245  3309                      12.0503046   11.77519  2.28%   193    8s
H 3473  3496                      12.0462156   11.77519  2.25%   190    8s
H 3518  3449                      12.0355842   11.77519  2.16%   190    8s
H 4812  4486                      12.0132025   11.78581  1.89%   173    9s
H 4982  4710                      12.0032025   11.79233  1.76%   172   14s
H 5015  4708                      12.0022214   11.79233  1.75%   172   14s
H 5031  4685                      11.9984392   11.79233  1.72%   171   14s
H 5350  5071                      11.9984331   11.79233  1.72%   167   14s
H 5376  5051                      11.9961076   11.79233  1.70%   167   14s
H 5452  5036                      11.9895853   11.79233  1.65%   165   14s
H 5723  5436                      11.9895261   11.79233  1.64%   164   14s
H 5777  5354                      11.9845261   11.79233  1.60%   163   14s
H 6044  5353                      11.9842689   11.79233  1.60%   159   14s
H 6080  5319                      11.9808114   11.79233  1.57%   159   14s
H 6330  5829                      11.9808052   11.79233  1.57%   155   14s
H 6353  5766                      11.9764667   11.79233  1.54%   155   14s
  6687  6301   11.88348   85  923   11.97647   11.79233  1.54%   152   15s
H 6732  6287                      11.9754599   11.79233  1.53%   151   15s
H 6732  6287                      11.9754599   11.79233  1.53%   151   15s
H 7327  6737                      11.9736649   11.79233  1.51%   143   15s
H 7391  6706                      11.9716098   11.79233  1.50%   142   15s
H 7475  6563                      11.9647652   11.79233  1.44%   142   15s
H 7501  5615                      11.9420959   11.79233  1.25%   141   15s
H 7988  5068                      11.9382458   11.79233  1.22%   142   15s
H 8065  5066                      11.9382216   11.79233  1.22%   143   15s
H 8302  4705                      11.9331896   11.79233  1.18%   146   16s
H 8302  4701                      11.9331395   11.79233  1.18%   146   16s
H 8302  4699                      11.9331147   11.79233  1.18%   146   16s
  8310  4693   11.88770   77  453   11.93311   11.79233  1.18%   146   20s
  8327  4707   11.79233   12 1228   11.93311   11.79233  1.18%   148   33s
  8389  4772   11.79233   17 1218   11.93311   11.79233  1.18%   152   35s
H 9347  4992                      11.9331120   11.81456  0.99%   163   39s
H 9348  4768                      11.9331103   11.81456  0.99%   163   39s
H 9386  4543                      11.9331101   11.81456  0.99%   164   39s
  9515  4675   11.92497   28 1079   11.93311   11.81722  0.97%   164   40s
 11860  5513   11.84183   39 1146   11.93311   11.82118  0.94%   183   45s
 14293  5826     cutoff   53        11.93311   11.84011  0.78%   201   50s
H14773  5666                      11.9331099   11.84011  0.78%   206   51s
H14780  5427                      11.9316619   11.84867  0.70%   206   51s
H14881  4801                      11.9282837   11.84867  0.67%   206   51s
H16216  4809                      11.9282223   11.85772  0.59%   215   54s
H16225  4637                      11.9282019   11.86463  0.53%   216   54s
H16289  4460                      11.9282018   11.86463  0.53%   216   54s
 16958  4468     cutoff   74        11.92820   11.86463  0.53%   222   55s

Cutting planes:
  Learned: 28
  Gomory: 21
  Cover: 76
  Implied bound: 26
  Projected implied bound: 1
  MIR: 100
  StrongCG: 1
  Flow cover: 385
  GUB cover: 2
  RLT: 967
  Relax-and-lift: 31

Explored 17600 nodes (4102660 simplex iterations) in 56.06 seconds (107.56 work units)
Thread count was 32 (of 104 available processors)

Solution count 10: 11.9282 11.9282 11.9282 ... 11.9331

Optimal solution found (tolerance 5.00e-03)
Best objective 1.192820178558e+01, best bound 1.187093752259e+01, gap 0.4801%
solver_lower_bound: 11.870937522589463
solver_upper_bound: 11.928201785575732
objective_value: 11.92820178557574
m.flow_changes_penalty(): 900.0
Total operational cost: 118382.02
Maximum power (kW): 1466.21
Discharge energy capacity (kWh): 22486.35
Charge energy capacity (kWh): 26356.38
Levelized Cost of Flexibility ($/kWh): 0.80
{'fixed_demand_cost': 6562.454151823855, 'variable_demand_cost': 6015.541136426084, 'fixed_monthly_cost': 171938.17204301074, 'total_water_production': 282322.9500000003, 'total_energy_cost': 20316.12461750739, 'total_demand_cost': 12577.995288249938, 'total_customer_cost': 0.0, 'total_feed_cost': 50869.00000000013, 'total_brine_cost': 15311.568999999909, 'total_chemical_cost': 19307.328950000017, 'total_water_revenue': 0.0, 'total_demand_response_revenue': 0.0, 'total_emissions_cost': 0.0, 'total_op_cost': 118382.01785575738, 'fixed_cost': 121551.98252688172, 'total_cost': 239934.00038263912, 'LCOW': 0.8498565220526311, 'degree_of_flex': 0.0718562874251497, 'total_replacement_cost': 999.4926912958135, 'maximum_power': 1466.2147787545114, 'energy_capacity': 22486.34939711694, 'power_capacity': 351.3492093299522, 'round_trip_efficiency': 0, 'LVOF': 0.798545485015044}
Saved operation variable results to: /home/rchurchi/watertap_test/watertap/tutorials/flex_ro/wrd_result_summer_both_2_flexible_trains.csv
Saved summary results to: /home/rchurchi/watertap_test/watertap/tutorials/flex_ro/wrd_pricetaker_summary_results_20260529_162150.csv
