2026-05-29 10:36:56 [INFO] idaes.core.surrogate.pysmo_surrogate: Decode surrogate. type=poly

===========================Polynomial Regression===============================================

The number of cross-validation cases (3) is used.
The default training/cross-validation split of 0.75 is used.
No iterations will be run.
Default parameter estimation method is used.
Parameter estimation method:  pyomo 

2026-05-29 10:36:56 [INFO] idaes.core.surrogate.pysmo_surrogate: Decode surrogate. type=poly

===========================Polynomial Regression===============================================

The number of cross-validation cases (3) is used.
The default training/cross-validation split of 0.75 is used.
No iterations will be run.
Default parameter estimation method is used.
Parameter estimation method:  pyomo 

2026-05-29 10:36:56 [INFO] idaes.core.surrogate.pysmo_surrogate: Decode surrogate. type=poly

===========================Polynomial Regression===============================================

The number of cross-validation cases (3) is used.
The default training/cross-validation split of 0.75 is used.
No iterations will be run.
Default parameter estimation method is used.
Parameter estimation method:  pyomo 

2026-05-29 10:36:56 [INFO] idaes.core.surrogate.pysmo_surrogate: Decode surrogate. type=poly

===========================Polynomial Regression===============================================

The number of cross-validation cases (3) is used.
The default training/cross-validation split of 0.75 is used.
No iterations will be run.
Default parameter estimation method is used.
Parameter estimation method:  pyomo 

2026-05-29 10:36:57 [INFO] idaes.apps.grid_integration.pricetaker.price_taker_model: Found minimum uptime/downtime data for pretreatment.uf_pumps[1] - Adding minimum uptime/downtime constraints.
2026-05-29 10:36:57 [INFO] idaes.apps.grid_integration.pricetaker.price_taker_model: Created startup/shutdown constraints for operation model  pretreatment.uf_pumps[1] at uf_pumps_1_startup_shutdown.
2026-05-29 10:36:57 [INFO] idaes.apps.grid_integration.pricetaker.price_taker_model: Found minimum uptime/downtime data for pretreatment.uf_pumps[2] - Adding minimum uptime/downtime constraints.
2026-05-29 10:36:57 [INFO] idaes.apps.grid_integration.pricetaker.price_taker_model: Created startup/shutdown constraints for operation model  pretreatment.uf_pumps[2] at uf_pumps_2_startup_shutdown.
2026-05-29 10:36:57 [INFO] idaes.apps.grid_integration.pricetaker.price_taker_model: Found minimum uptime/downtime data for pretreatment.uf_pumps[3] - Adding minimum uptime/downtime constraints.
2026-05-29 10:36:57 [INFO] idaes.apps.grid_integration.pricetaker.price_taker_model: Created startup/shutdown constraints for operation model  pretreatment.uf_pumps[3] at uf_pumps_3_startup_shutdown.
2026-05-29 10:36:57 [INFO] idaes.apps.grid_integration.pricetaker.price_taker_model: Found minimum uptime/downtime data for reverse_osmosis.ro_skid[1] - Adding minimum uptime/downtime constraints.
2026-05-29 10:36:57 [INFO] idaes.apps.grid_integration.pricetaker.price_taker_model: Created startup/shutdown constraints for operation model  reverse_osmosis.ro_skid[1] at ro_skid_1_startup_shutdown.
2026-05-29 10:36:57 [INFO] idaes.apps.grid_integration.pricetaker.price_taker_model: Found minimum uptime/downtime data for reverse_osmosis.ro_skid[2] - Adding minimum uptime/downtime constraints.
2026-05-29 10:36:57 [INFO] idaes.apps.grid_integration.pricetaker.price_taker_model: Created startup/shutdown constraints for operation model  reverse_osmosis.ro_skid[2] at ro_skid_2_startup_shutdown.
2026-05-29 10:36:57 [INFO] idaes.apps.grid_integration.pricetaker.price_taker_model: Found minimum uptime/downtime data for reverse_osmosis.ro_skid[3] - Adding minimum uptime/downtime constraints.
2026-05-29 10:36:57 [INFO] idaes.apps.grid_integration.pricetaker.price_taker_model: Created startup/shutdown constraints for operation model  reverse_osmosis.ro_skid[3] at ro_skid_3_startup_shutdown.
2026-05-29 10:36:57 [INFO] idaes.apps.grid_integration.pricetaker.price_taker_model: Found minimum uptime/downtime data for reverse_osmosis.ro_skid[4] - Adding minimum uptime/downtime constraints.
2026-05-29 10:36:57 [INFO] idaes.apps.grid_integration.pricetaker.price_taker_model: Created startup/shutdown constraints for operation model  reverse_osmosis.ro_skid[4] at ro_skid_4_startup_shutdown.
2926
Set parameter TokenServer to value "10.60.1.73"
Set parameter LogToConsole to value 1
Set parameter MIPGap to value 0.005
Gurobi Optimizer version 12.0.3 build v12.0.3rc0 (linux64 - "Red Hat Enterprise Linux 8.8 (Ootpa)")

CPU model: Intel(R) Xeon(R) Platinum 8470QL, instruction set [SSE2|AVX|AVX2|AVX512]
Thread count: 104 physical cores, 104 logical processors, using up to 32 threads

Non-default parameters:
MIPGap  0.005

Optimize a model with 17951 rows, 15029 columns and 44909 nonzeros
Model fingerprint: 0x3fb68365
Model has 168 quadratic objective terms
Model has 2352 quadratic constraints
Variable types: 10587 continuous, 4442 integer (4442 binary)
Coefficient statistics:
  Matrix range     [3e-02, 2e+03]
  QMatrix range    [2e-07, 1e+00]
  QLMatrix range   [1e-04, 1e+00]
  Objective range  [1e-05, 5e-03]
  QObjective range [2e-04, 2e-04]
  Bounds range     [1e+00, 1e+03]
  RHS range        [1e+00, 3e+05]
  QRHS range       [2e-01, 3e-01]
Presolve removed 11963 rows and 9301 columns
Presolve time: 0.08s
Presolved: 14080 rows, 5729 columns, 37422 nonzeros
Presolved model has 2312 bilinear constraint(s)

Solving non-convex MIQCP

Variable types: 3664 continuous, 2065 integer (2065 binary)
Found heuristic solution: objective 12.0897165

Root relaxation: objective 1.100521e+01, 12235 iterations, 1.20 seconds (1.71 work units)

    Nodes    |    Current Node    |     Objective Bounds      |     Work
 Expl Unexpl |  Obj  Depth IntInf | Incumbent    BestBd   Gap | It/Node Time

     0     0   11.00521    0 2017   12.08972   11.00521  8.97%     -    1s
     0     0   11.00562    0 2035   12.08972   11.00562  8.97%     -    1s
     0     0   11.60266    0 1990   12.08972   11.60266  4.03%     -    3s
     0     0   11.64899    0 2034   12.08972   11.64899  3.65%     -    4s
     0     0   11.68383    0 2094   12.08972   11.68383  3.36%     -    5s
     0     0   11.68747    0 2073   12.08972   11.68747  3.33%     -    5s
     0     0   11.69387    0 1930   12.08972   11.69387  3.27%     -    6s
     0     0   11.69680    0 1968   12.08972   11.69680  3.25%     -    6s
     0     0   11.69768    0 2014   12.08972   11.69768  3.24%     -    7s
     0     0   11.69801    0 2033   12.08972   11.69801  3.24%     -    7s
     0     0   11.69856    0 1954   12.08972   11.69856  3.24%     -    7s
     0     0   11.69864    0 2027   12.08972   11.69864  3.23%     -    7s
     0     0   11.69895    0 1922   12.08972   11.69895  3.23%     -    7s
     0     0   11.74445    0 1665   12.08972   11.74445  2.86%     -    8s
     0     2   11.74445    0 1665   12.08972   11.74445  2.86%     -    9s
     3     8   11.75187    2 1792   12.08972   11.74455  2.86%   398   10s
   328   410   11.77194   10 1639   12.08972   11.75425  2.77%   441   15s
  1365  1485   11.79985   23 1658   12.08972   11.75425  2.77%   344   20s
  2557  2630   11.91235   43 1216   12.08972   11.75425  2.77%   346   25s
  4483  4530   11.88086   70 1955   12.08972   11.75707  2.75%   305   30s
  6189  6382   11.91861  129 1156   12.08972   11.75707  2.75%   296   36s
  8036  8309   11.97995  210  940   12.08972   11.76118  2.72%   267   40s
  9261  9658   12.03705  274  924   12.08972   11.76151  2.71%   250   61s
H10026  9696                      12.0652676   11.76151  2.52%   239   62s
H10083  9509                      12.0530286   11.76151  2.42%   238   62s
H10093  8725                      12.0194723   11.76151  2.15%   238   62s
H10144  8185                      12.0035787   11.76151  2.02%   238   62s
H10177  7604                      11.9905479   11.76151  1.91%   238   62s
H10304  7515                      11.9805479   11.76151  1.83%   238   63s
H10393  6919                      11.9671758   11.76151  1.72%   238   63s
H11378  7062                      11.9671744   11.76166  1.72%   236   65s
H11378  6887                      11.9658562   11.76166  1.71%   236   65s
H11378  6797                      11.9646583   11.76166  1.70%   236   65s
 11379  6798   11.87281   20  378   11.96466   11.76166  1.70%   236   72s
 11382  6800   11.90253   47  530   11.96466   11.76166  1.70%   236   76s
 11386  6803   11.88245   18  551   11.96466   11.77943  1.55%   236   80s
H11387  6462                      11.9610725   11.78099  1.51%   236   81s
H11387  6139                      11.9608308   11.78099  1.50%   236   81s
H11387  5832                      11.9558308   11.78099  1.46%   236   81s
H11392  5544                      11.9523723   11.78431  1.41%   236   84s
H11392  5266                      11.9472210   11.78431  1.36%   236   84s
 11394  5267   11.88899   23  542   11.94722   11.78431  1.36%   236   85s
 11400  5271   11.89149   32  427   11.94722   11.78448  1.36%   236   90s
 11402  5275   11.78791   16 1507   11.94722   11.78448  1.36%   239  122s
 11408  5285   11.79416   18 1669   11.94722   11.79121  1.31%   241  125s
 11464  5347   11.80123   21 1354   11.94722   11.79786  1.25%   251  130s
 11496  5429   11.80191   22 1347   11.94722   11.79786  1.25%   254  137s
 11589  5478   11.89143   23 1389   11.94722   11.79786  1.25%   260  140s
 11834  5629   11.89251   25 1240   11.94722   11.79786  1.25%   274  145s
 12191  5851   11.82024   28 1722   11.94722   11.80123  1.22%   285  150s
H12421  5701                      11.9412986   11.82203  1.00%   291  153s
H12432  5447                      11.9412747   11.82203  1.00%   291  153s
 12488  5489   11.92077   31 1229   11.94127   11.82203  1.00%   293  155s
H12580  5293                      11.9362747   11.82203  0.96%   296  156s
H12630  5050                      11.9350048   11.82389  0.93%   297  156s
 12926  5256   11.83113   34 1745   11.93500   11.82389  0.93%   308  160s
H13316  5211                      11.9348491   11.82480  0.92%   314  163s
 13407  5304   11.83005   36 1896   11.93485   11.82480  0.92%   317  165s
 14076  5499   11.91687   38 1131   11.93485   11.83095  0.87%   338  171s
H14461  5213                      11.9311655   11.83138  0.84%   348  175s
H14481  5012                      11.9311651   11.83138  0.84%   349  175s
H14575  4580                      11.9261650   11.83138  0.79%   353  176s
H14646  4381                      11.9261650   11.83276  0.78%   355  176s
H14659  4211                      11.9261650   11.83276  0.78%   355  176s
 14924  4332   11.85087   42 2227   11.92617   11.83276  0.78%   362  182s
 15314  4486   11.85652   44 2240   11.92617   11.83442  0.77%   375  185s
H15731  4361                      11.9261638   11.83442  0.77%   387  189s
 15997  4402   11.86347   47 2241   11.92616   11.85212  0.62%   394  191s
 16482  4441   11.87598   50 2340   11.92616   11.85212  0.62%   407  197s
H16647  4209                      11.9244251   11.85212  0.61%   416  199s
 16835  4278   11.88059   51 2325   11.92443   11.85212  0.61%   420  203s
 17082  4258   11.88591   53 2346   11.92443   11.85421  0.59%   428  205s
 17400  4385     cutoff   55        11.92443   11.85421  0.59%   440  213s
 17633  4437   11.88863   57 2074   11.92443   11.85872  0.55%   449  217s
 17905  4536     cutoff   58        11.92443   11.86347  0.51%   456  220s
H17906  4376                      11.9242663   11.86347  0.51%   456  220s
H18007  4207                      11.9242663   11.86347  0.51%   461  220s
 18569  4574     cutoff   61        11.92427   11.86347  0.51%   472  225s

Cutting planes:
  Learned: 44
  Gomory: 3
  Cover: 95
  Implied bound: 445
  Projected implied bound: 18
  MIR: 106
  Mixing: 1
  Flow cover: 583
  GUB cover: 3
  RLT: 1083
  Relax-and-lift: 39
  BQP: 2

Explored 19040 nodes (9107003 simplex iterations) in 225.43 seconds (458.61 work units)
Thread count was 32 (of 104 available processors)

Solution count 10: 11.9243 11.9243 11.9244 ... 11.935

Optimal solution found (tolerance 5.00e-03)
Best objective 1.192426628689e+01, best bound 1.187138181725e+01, gap 0.4435%
m.flow_changes_penalty(): 950.0
Total operational cost: 118292.66
Maximum power (kW): 1462.65
Discharge energy capacity (kWh): 16504.42
Charge energy capacity (kWh): 20074.36
Levelized Cost of Flexibility ($/kWh): 1.09
{'fixed_demand_cost': 6546.515006100506, 'variable_demand_cost': 6017.120632446905, 'fixed_monthly_cost': 171938.17204301074, 'total_water_production': 282179.67123287724, 'total_energy_cost': 20284.51434921124, 'total_demand_cost': 12563.63563854741, 'total_customer_cost': 0.0, 'total_feed_cost': 50843.18400592384, 'total_brine_cost': 15303.79838578286, 'total_chemical_cost': 19297.530489448338, 'total_water_revenue': 0.0, 'total_demand_response_revenue': 0.0, 'total_emissions_cost': 0.0, 'total_op_cost': 118292.6628689137, 'fixed_cost': 121551.98252688172, 'total_cost': 239844.6453957954, 'LCOW': 0.8499713829415316, 'degree_of_flex': 0.0718562874251497, 'total_replacement_cost': 999.4926912958135, 'maximum_power': 1462.653578861969, 'energy_capacity': 16504.420738392007, 'power_capacity': 351.1578880508938, 'round_trip_efficiency': 0, 'LVOF': 1.090758832975019}
Saved operation variable results to: /home/rchurchi/watertap_test/watertap/tutorials/flex_ro/wrd_result_summer_no_flex_2_flexible_trains.csv
2026-05-29 10:40:46 [INFO] idaes.core.surrogate.pysmo_surrogate: Decode surrogate. type=poly

===========================Polynomial Regression===============================================

The number of cross-validation cases (3) is used.
The default training/cross-validation split of 0.75 is used.
No iterations will be run.
Default parameter estimation method is used.
Parameter estimation method:  pyomo 

2026-05-29 10:40:46 [INFO] idaes.core.surrogate.pysmo_surrogate: Decode surrogate. type=poly

===========================Polynomial Regression===============================================

The number of cross-validation cases (3) is used.
The default training/cross-validation split of 0.75 is used.
No iterations will be run.
Default parameter estimation method is used.
Parameter estimation method:  pyomo 

2026-05-29 10:40:46 [INFO] idaes.core.surrogate.pysmo_surrogate: Decode surrogate. type=poly

===========================Polynomial Regression===============================================

The number of cross-validation cases (3) is used.
The default training/cross-validation split of 0.75 is used.
No iterations will be run.
Default parameter estimation method is used.
Parameter estimation method:  pyomo 

2026-05-29 10:40:46 [INFO] idaes.core.surrogate.pysmo_surrogate: Decode surrogate. type=poly

===========================Polynomial Regression===============================================

The number of cross-validation cases (3) is used.
The default training/cross-validation split of 0.75 is used.
No iterations will be run.
Default parameter estimation method is used.
Parameter estimation method:  pyomo 

2026-05-29 10:40:48 [INFO] idaes.apps.grid_integration.pricetaker.price_taker_model: Found minimum uptime/downtime data for pretreatment.uf_pumps[1] - Adding minimum uptime/downtime constraints.
2026-05-29 10:40:48 [INFO] idaes.apps.grid_integration.pricetaker.price_taker_model: Created startup/shutdown constraints for operation model  pretreatment.uf_pumps[1] at uf_pumps_1_startup_shutdown.
2026-05-29 10:40:48 [INFO] idaes.apps.grid_integration.pricetaker.price_taker_model: Found minimum uptime/downtime data for pretreatment.uf_pumps[2] - Adding minimum uptime/downtime constraints.
2026-05-29 10:40:48 [INFO] idaes.apps.grid_integration.pricetaker.price_taker_model: Created startup/shutdown constraints for operation model  pretreatment.uf_pumps[2] at uf_pumps_2_startup_shutdown.
2026-05-29 10:40:48 [INFO] idaes.apps.grid_integration.pricetaker.price_taker_model: Found minimum uptime/downtime data for pretreatment.uf_pumps[3] - Adding minimum uptime/downtime constraints.
2026-05-29 10:40:48 [INFO] idaes.apps.grid_integration.pricetaker.price_taker_model: Created startup/shutdown constraints for operation model  pretreatment.uf_pumps[3] at uf_pumps_3_startup_shutdown.
2026-05-29 10:40:48 [INFO] idaes.apps.grid_integration.pricetaker.price_taker_model: Found minimum uptime/downtime data for reverse_osmosis.ro_skid[1] - Adding minimum uptime/downtime constraints.
2026-05-29 10:40:48 [INFO] idaes.apps.grid_integration.pricetaker.price_taker_model: Created startup/shutdown constraints for operation model  reverse_osmosis.ro_skid[1] at ro_skid_1_startup_shutdown.
2026-05-29 10:40:48 [INFO] idaes.apps.grid_integration.pricetaker.price_taker_model: Found minimum uptime/downtime data for reverse_osmosis.ro_skid[2] - Adding minimum uptime/downtime constraints.
2026-05-29 10:40:48 [INFO] idaes.apps.grid_integration.pricetaker.price_taker_model: Created startup/shutdown constraints for operation model  reverse_osmosis.ro_skid[2] at ro_skid_2_startup_shutdown.
2026-05-29 10:40:48 [INFO] idaes.apps.grid_integration.pricetaker.price_taker_model: Found minimum uptime/downtime data for reverse_osmosis.ro_skid[3] - Adding minimum uptime/downtime constraints.
2026-05-29 10:40:48 [INFO] idaes.apps.grid_integration.pricetaker.price_taker_model: Created startup/shutdown constraints for operation model  reverse_osmosis.ro_skid[3] at ro_skid_3_startup_shutdown.
2026-05-29 10:40:48 [INFO] idaes.apps.grid_integration.pricetaker.price_taker_model: Found minimum uptime/downtime data for reverse_osmosis.ro_skid[4] - Adding minimum uptime/downtime constraints.
2026-05-29 10:40:48 [INFO] idaes.apps.grid_integration.pricetaker.price_taker_model: Created startup/shutdown constraints for operation model  reverse_osmosis.ro_skid[4] at ro_skid_4_startup_shutdown.
3598
Set parameter LogToConsole to value 1
Set parameter MIPGap to value 0.005
Gurobi Optimizer version 12.0.3 build v12.0.3rc0 (linux64 - "Red Hat Enterprise Linux 8.8 (Ootpa)")

CPU model: Intel(R) Xeon(R) Platinum 8470QL, instruction set [SSE2|AVX|AVX2|AVX512]
Thread count: 104 physical cores, 104 logical processors, using up to 32 threads

Non-default parameters:
MIPGap  0.005

Optimize a model with 16607 rows, 15701 columns and 42315 nonzeros
Model fingerprint: 0xbe93631a
Model has 168 quadratic objective terms
Model has 3696 quadratic constraints
Variable types: 11259 continuous, 4442 integer (4442 binary)
Coefficient statistics:
  Matrix range     [3e-02, 2e+03]
  QMatrix range    [2e-07, 1e+00]
  QLMatrix range   [1e-04, 4e+01]
  Objective range  [1e-05, 5e-03]
  QObjective range [2e-04, 2e-04]
  Bounds range     [9e-01, 1e+03]
  RHS range        [1e+00, 3e+05]
  QRHS range       [3e-01, 4e+01]
Presolve removed 9987 rows and 8689 columns
Presolve time: 0.07s
Presolved: 19928 rows, 8317 columns, 53426 nonzeros
Presolved model has 3616 bilinear constraint(s)

Solving non-convex MIQCP

Variable types: 6252 continuous, 2065 integer (2065 binary)
Found heuristic solution: objective 12.0897172

Root relaxation: objective 1.089957e+01, 31200 iterations, 1.70 seconds (2.65 work units)

    Nodes    |    Current Node    |     Objective Bounds      |     Work
 Expl Unexpl |  Obj  Depth IntInf | Incumbent    BestBd   Gap | It/Node Time

     0     0   10.89957    0 3415   12.08972   10.89957  9.84%     -    2s
     0     0   11.66322    0 3054   12.08972   11.66322  3.53%     -    4s
     0     0   11.79247    0 2462   12.08972   11.79247  2.46%     -    7s
     0     0   11.79247    0 3176   12.08972   11.79247  2.46%     -   11s
H    0     0                      12.0897170   11.79247  2.46%     -   11s
     0     0   11.84442    0 2892   12.08972   11.84442  2.03%     -   16s
     0     0   11.84442    0 3020   12.08972   11.84442  2.03%     -   21s
     0     0   11.84442    0 2810   12.08972   11.84442  2.03%     -   24s
     0     0   11.84442    0 3147   12.08972   11.84442  2.03%     -   31s
     0     0   11.85311    0 2803   12.08972   11.85311  1.96%     -   34s
     0     0   11.85311    0 3016   12.08972   11.85311  1.96%     -   40s
     0     0   11.85311    0 3161   12.08972   11.85311  1.96%     -   46s
     0     0   11.85311    0 3198   12.08972   11.85311  1.96%     -   51s
     0     0   11.85311    0 2809   12.08972   11.85311  1.96%     -   55s
     0     0   11.88332    0 2226   12.08972   11.88332  1.71%     -   58s
     0     0   11.89315    0 2124   12.08972   11.89315  1.63%     -   60s
     0     0   11.89315    0 2718   12.08972   11.89315  1.63%     -   63s
     0     0   11.89315    0 2588   12.08972   11.89315  1.63%     -   66s
     0     0   11.89315    0 2386   12.08972   11.89315  1.63%     -   69s
     0     0   11.89315    0 2938   12.08972   11.89315  1.63%     -   73s
     0     0   11.89315    0 2638   12.08972   11.89315  1.63%     -   77s
     0     0   11.89315    0 2741   12.08972   11.89315  1.63%     -   80s
     0     2   11.89315    0 2741   12.08972   11.89315  1.63%     -   85s
     3     8   11.89315    2 2742   12.08972   11.89315  1.63% 18010   97s
     7    16   11.89315    3 2846   12.08972   11.89315  1.63% 22671  104s
    15    31   11.90235    4 2495   12.08972   11.89315  1.63% 25945  113s
    30    60   11.89315    5 2401   12.08972   11.89315  1.63% 27928  126s
    59    91   11.98397    6 2538   12.08972   11.89315  1.63% 22153  139s
    90   151   11.89315    7 2564   12.08972   11.89315  1.63% 24836  153s
   152   221   11.89958    8 2888   12.08972   11.89315  1.63% 25680  167s
   222   328   11.89315    8 2514   12.08972   11.89315  1.63% 22932  179s
   331   427   11.90306   11 2479   12.08972   11.89315  1.63% 17612  189s
   432   515   11.90449   12 2596   12.08972   11.89315  1.63% 15200  199s
   522   620   11.89315   14 2772   12.08972   11.89315  1.63% 13996  208s
   627   692   11.91315   14 2749   12.08972   11.89315  1.63% 12655  217s
   701   772   11.91934   16 2692   12.08972   11.89315  1.63% 12106  224s
   781   847   11.89315   17 2728   12.08972   11.89315  1.63% 11679  232s
   860   929   11.97845   19 2639   12.08972   11.89315  1.63% 11512  240s
   950   987   11.91025   19 2767   12.08972   11.89315  1.63% 11108  249s
  1020  1059   11.91308   20 2762   12.08972   11.89315  1.63% 11223  257s
  1104  1144   11.90740   21 2724   12.08972   11.89315  1.63% 11219  264s
  1207  1212   11.89505   23 2667   12.08972   11.89315  1.63% 10990  274s
  1299  1298   11.89315   23 2886   12.08972   11.89315  1.63% 10880  284s
  1403  1371   11.96576   29 2527   12.08972   11.89315  1.63% 10714  294s
  1496  1461   11.89315   24 2802   12.08972   11.89315  1.63% 10672  304s
  1604  1556   11.92332   27 2557   12.08972   11.89315  1.63% 10568  312s
  1713  1640   11.94931   31 2498   12.08972   11.89315  1.63% 10550  325s
  1813  1763   11.95252   32 2265   12.08972   11.89315  1.63% 10556  336s
  1954  1893   11.95569   34 2329   12.08972   11.89315  1.63% 10412  346s
H 2046  1893                      12.0897170   11.89315  1.63% 10373  346s
H 2060  1893                      12.0897170   11.89315  1.63% 10356  346s
  2098  2009   11.98510   36 2435   12.08972   11.89315  1.63% 10342  355s
H 2244  2152                      12.0897169   11.89315  1.63% 10272  368s
H 2254  2152                      12.0897169   11.89315  1.63% 10250  368s
H 2276  2152                      12.0897169   11.89315  1.63% 10213  368s
  2423  2331   12.00980   40 2329   12.08972   11.89315  1.63% 10044  379s
  2622  2518   12.00600   47 2262   12.08972   11.89315  1.63%  9803  389s
  2834  2688   12.00984   48 2281   12.08972   11.89315  1.63%  9584  401s
  3040  2906   12.05182   50 2039   12.08972   11.89315  1.63%  9477  412s
  3290  3130   12.02982   54 2427   12.08972   11.89315  1.63%  9215  421s
  3532  3359   12.03611   56 2080   12.08972   11.89315  1.63%  9039  432s
  3785  3622     cutoff   57        12.08972   11.89315  1.63%  8891  448s
  4098  3939   12.03988   61 2462   12.08972   11.89315  1.63%  8666  459s
  4465  4235   12.04655   61 1851   12.08972   11.89315  1.63%  8325  471s
  4829  4516   12.03466   68 2297   12.08972   11.89315  1.63%  8078  483s
  5180  4790   12.04585   72 2155   12.08972   11.89315  1.63%  7913  497s
  5505  4791   12.01002   50  627   12.08972   11.89315  1.63%  7777  674s
  5507  4792   11.93616   48  614   12.08972   11.89315  1.63%  7774  684s
  5508  4793   11.96824   77  527   12.08972   11.89486  1.61%  7773  692s
  5509  4794   12.07516   52  559   12.08972   11.93290  1.30%  7772  697s
H 5509  4554                      12.0897169   11.93290  1.30%  7772  706s
  5511  4555   11.98188   34  481   12.08972   11.98188  0.89%  7769  714s
  5512  4556   11.98188   21  548   12.08972   11.98188  0.89%  7767  727s
  5513  4556   12.06622   82  515   12.08972   11.98188  0.89%  7766  736s
  5514  4557   11.98188   50  552   12.08972   11.98188  0.89%  7765  747s
  5515  4558   11.99263   37  561   12.08972   11.99263  0.80%  7763  758s

Cutting planes:
  Learned: 81
  Gomory: 57
  Cover: 356
  Implied bound: 109
  Projected implied bound: 131
  MIR: 273
  Mixing: 1
  Flow cover: 841
  GUB cover: 8
  Zero half: 5
  RLT: 1166
  Relax-and-lift: 90
  BQP: 4
  PSD: 8

Explored 5515 nodes (43829058 simplex iterations) in 769.87 seconds (1503.31 work units)
Thread count was 32 (of 104 available processors)

Solution count 1: 12.0897 

Optimal solution found (tolerance 5.00e-03)
Best objective 1.208971686158e+01, best bound 1.206856726434e+01, gap 0.1749%
m.flow_changes_penalty(): 0.0
Total operational cost: 120897.17
Maximum power (kW): 1127.08
Discharge energy capacity (kWh): 0.00
Charge energy capacity (kWh): 7910.07
Levelized Cost of Flexibility ($/kWh): nan
{'fixed_demand_cost': 5044.578635615639, 'variable_demand_cost': 9304.894428065596, 'fixed_monthly_cost': 171938.17204301074, 'total_water_production': 282179.67125169584, 'total_energy_cost': 21103.178064471806, 'total_demand_cost': 14349.473063681235, 'total_customer_cost': 0.0, 'total_feed_cost': 50843.18519051323, 'total_brine_cost': 15303.80156127489, 'total_chemical_cost': 19297.530735834036, 'total_water_revenue': 0.0, 'total_demand_response_revenue': -0.0, 'total_emissions_cost': 0.0, 'total_op_cost': 120897.16861577518, 'fixed_cost': 121551.98252688172, 'total_cost': 242449.15114265692, 'LCOW': 0.8592013381658508, 'degree_of_flex': 0.0, 'total_replacement_cost': 992.3107078853046, 'maximum_power': 1127.0837977699673, 'energy_capacity': 0.0, 'power_capacity': nan, 'round_trip_efficiency': 0, 'LVOF': nan}
Saved operation variable results to: /home/rchurchi/watertap_test/watertap/tutorials/flex_ro/wrd_result_summer_both_2_flexible_trains.csv
Saved summary results to: /home/rchurchi/watertap_test/watertap/tutorials/flex_ro/wrd_pricetaker_summary_results_20260529_105341.csv
