2026-05-29 18:07:22 [INFO] idaes.core.surrogate.pysmo_surrogate: Decode surrogate. type=poly

===========================Polynomial Regression===============================================

The number of cross-validation cases (3) is used.
The default training/cross-validation split of 0.75 is used.
No iterations will be run.
Default parameter estimation method is used.
Parameter estimation method:  pyomo 

2026-05-29 18:07:22 [INFO] idaes.core.surrogate.pysmo_surrogate: Decode surrogate. type=poly

===========================Polynomial Regression===============================================

The number of cross-validation cases (3) is used.
The default training/cross-validation split of 0.75 is used.
No iterations will be run.
Default parameter estimation method is used.
Parameter estimation method:  pyomo 

2026-05-29 18:07:22 [INFO] idaes.core.surrogate.pysmo_surrogate: Decode surrogate. type=poly

===========================Polynomial Regression===============================================

The number of cross-validation cases (3) is used.
The default training/cross-validation split of 0.75 is used.
No iterations will be run.
Default parameter estimation method is used.
Parameter estimation method:  pyomo 

2026-05-29 18:07:22 [INFO] idaes.core.surrogate.pysmo_surrogate: Decode surrogate. type=poly

===========================Polynomial Regression===============================================

The number of cross-validation cases (3) is used.
The default training/cross-validation split of 0.75 is used.
No iterations will be run.
Default parameter estimation method is used.
Parameter estimation method:  pyomo 

2026-05-29 18:07:24 [INFO] idaes.apps.grid_integration.pricetaker.price_taker_model: Found minimum uptime/downtime data for pretreatment.uf_pumps[1] - Adding minimum uptime/downtime constraints.
2026-05-29 18:07:24 [INFO] idaes.apps.grid_integration.pricetaker.price_taker_model: Created startup/shutdown constraints for operation model  pretreatment.uf_pumps[1] at uf_pumps_1_startup_shutdown.
2026-05-29 18:07:24 [INFO] idaes.apps.grid_integration.pricetaker.price_taker_model: Found minimum uptime/downtime data for pretreatment.uf_pumps[2] - Adding minimum uptime/downtime constraints.
2026-05-29 18:07:24 [INFO] idaes.apps.grid_integration.pricetaker.price_taker_model: Created startup/shutdown constraints for operation model  pretreatment.uf_pumps[2] at uf_pumps_2_startup_shutdown.
2026-05-29 18:07:24 [INFO] idaes.apps.grid_integration.pricetaker.price_taker_model: Found minimum uptime/downtime data for pretreatment.uf_pumps[3] - Adding minimum uptime/downtime constraints.
2026-05-29 18:07:24 [INFO] idaes.apps.grid_integration.pricetaker.price_taker_model: Created startup/shutdown constraints for operation model  pretreatment.uf_pumps[3] at uf_pumps_3_startup_shutdown.
2026-05-29 18:07:24 [INFO] idaes.apps.grid_integration.pricetaker.price_taker_model: Found minimum uptime/downtime data for reverse_osmosis.ro_skid[1] - Adding minimum uptime/downtime constraints.
2026-05-29 18:07:24 [INFO] idaes.apps.grid_integration.pricetaker.price_taker_model: Created startup/shutdown constraints for operation model  reverse_osmosis.ro_skid[1] at ro_skid_1_startup_shutdown.
2026-05-29 18:07:24 [INFO] idaes.apps.grid_integration.pricetaker.price_taker_model: Found minimum uptime/downtime data for reverse_osmosis.ro_skid[2] - Adding minimum uptime/downtime constraints.
2026-05-29 18:07:24 [INFO] idaes.apps.grid_integration.pricetaker.price_taker_model: Created startup/shutdown constraints for operation model  reverse_osmosis.ro_skid[2] at ro_skid_2_startup_shutdown.
2026-05-29 18:07:24 [INFO] idaes.apps.grid_integration.pricetaker.price_taker_model: Found minimum uptime/downtime data for reverse_osmosis.ro_skid[3] - Adding minimum uptime/downtime constraints.
2026-05-29 18:07:24 [INFO] idaes.apps.grid_integration.pricetaker.price_taker_model: Created startup/shutdown constraints for operation model  reverse_osmosis.ro_skid[3] at ro_skid_3_startup_shutdown.
2026-05-29 18:07:24 [INFO] idaes.apps.grid_integration.pricetaker.price_taker_model: Found minimum uptime/downtime data for reverse_osmosis.ro_skid[4] - Adding minimum uptime/downtime constraints.
2026-05-29 18:07:24 [INFO] idaes.apps.grid_integration.pricetaker.price_taker_model: Created startup/shutdown constraints for operation model  reverse_osmosis.ro_skid[4] at ro_skid_4_startup_shutdown.
3598
Running phase 1 warm start for 'both' with temporary nominal recovery and nominal RO flow constraints.
Set parameter TokenServer to value "10.60.1.73"
Set parameter LogToConsole to value 1
Set parameter MIPGap to value 0.005
Gurobi Optimizer version 12.0.3 build v12.0.3rc0 (linux64 - "Red Hat Enterprise Linux 8.8 (Ootpa)")

CPU model: Intel(R) Xeon(R) Platinum 8470QL, instruction set [SSE2|AVX|AVX2|AVX512]
Thread count: 104 physical cores, 104 logical processors, using up to 32 threads

Non-default parameters:
MIPGap  0.005

Optimize a model with 18623 rows, 15029 columns and 46159 nonzeros
Model fingerprint: 0xb4611ca1
Model has 168 quadratic objective terms
Model has 2352 quadratic constraints
Variable types: 10587 continuous, 4442 integer (4442 binary)
Coefficient statistics:
  Matrix range     [3e-02, 2e+03]
  QMatrix range    [2e-07, 1e+00]
  QLMatrix range   [1e-04, 1e+00]
  Objective range  [1e-05, 5e-03]
  QObjective range [2e-04, 2e-04]
  Bounds range     [1e+00, 1e+03]
  RHS range        [1e+00, 3e+05]
  QRHS range       [2e-01, 3e-01]
Presolve removed 14395 rows and 11715 columns
Presolve time: 0.08s
Presolved: 7798 rows, 3315 columns, 21235 nonzeros
Presolved model has 1020 bilinear constraint(s)

Solving non-convex MIQCP

Variable types: 1558 continuous, 1757 integer (1757 binary)
Found heuristic solution: objective 18.6212559

Root relaxation: objective 1.124130e+01, 4913 iterations, 0.25 seconds (0.37 work units)

    Nodes    |    Current Node    |     Objective Bounds      |     Work
 Expl Unexpl |  Obj  Depth IntInf | Incumbent    BestBd   Gap | It/Node Time

     0     0   11.24130    0 1251   18.62126   11.24130  39.6%     -    0s
H    0     0                      18.4635818   11.24130  39.1%     -    0s
H    0     0                      18.4235818   11.24130  39.0%     -    0s
     0     0   11.66896    0 1385   18.42358   11.66896  36.7%     -    0s
H    0     0                      12.8515969   11.66896  9.20%     -    0s
H    0     0                      12.8115969   11.66896  8.92%     -    0s
     0     0   11.67304    0 1444   12.81160   11.67304  8.89%     -    1s
     0     0   11.68231    0 1380   12.81160   11.68231  8.81%     -    1s
H    0     0                      12.6962416   11.68231  7.99%     -    1s
H    0     0                      12.6826320   11.68231  7.89%     -    1s
     0     0   11.68686    0 1384   12.68263   11.68686  7.85%     -    1s
     0     0   11.70713    0 1266   12.68263   11.70713  7.69%     -    1s
     0     0   11.75805    0 1303   12.68263   11.75805  7.29%     -    2s
     0     0   11.76155    0 1345   12.68263   11.76155  7.26%     -    2s
     0     0   11.76328    0 1370   12.68263   11.76328  7.25%     -    2s
     0     0   11.76384    0 1378   12.68263   11.76384  7.24%     -    2s
     0     0   11.76620    0 1228   12.68263   11.76620  7.23%     -    2s
     0     2   11.76620    0 1228   12.68263   11.76620  7.23%     -    3s
H   31    64                      12.6020149   11.76848  6.61%   993    4s
    95   159   11.78566    7 1223   12.60201   11.76995  6.60%   634    5s
H   97   159                      12.5977667   11.76995  6.57%   623    5s
H   99   159                      12.5701115   11.76995  6.37%   618    5s
H  105   159                      12.5631451   11.76995  6.31%   591    5s
H  119   159                      12.5236972   11.76995  6.02%   559    5s
H  402   476                      12.4752890   11.76995  5.65%   461    6s
H  405   476                      12.4231887   11.76995  5.26%   458    6s
H  411   476                      12.3271873   11.76995  4.52%   458    6s
H  446   476                      12.3185834   11.76995  4.45%   443    6s
H  560   648                      12.3135834   11.76995  4.41%   434    6s
H  563   648                      12.3082868   11.76995  4.37%   434    6s
H  954  1049                      12.2459839   11.76995  3.89%   362    7s
H  975  1049                      12.2424405   11.76995  3.86%   363    7s
H  983  1049                      12.2366345   11.76995  3.81%   363    7s
H 1019  1049                      12.1972910   11.76995  3.50%   360    7s
H 1048  1148                      12.1772910   11.76995  3.35%   359    7s
H 1165  1252                      12.1757966   11.76995  3.33%   350    8s
H 1167  1252                      12.1320909   11.76995  2.98%   351    8s
H 1448  1532                      12.1178426   11.76995  2.87%   322    8s
H 1524  1532                      12.1076211   11.76995  2.79%   318    8s
H 2089  2021                      12.0984867   11.76995  2.72%   290    9s
H 2103  2021                      12.0981513   11.76995  2.71%   290    9s
H 2105  2021                      12.0931513   11.76995  2.67%   291    9s
H 2112  2021                      12.0649584   11.76995  2.45%   291    9s
H 2177  2021                      12.0636424   11.76995  2.43%   287    9s
H 2253  2185                      12.0536424   11.76995  2.35%   282   10s
H 2472  2346                      12.0534270   11.76995  2.35%   277   10s
H 2486  2346                      12.0489938   11.76995  2.32%   277   10s
H 2892  2774                      12.0489220   11.76995  2.32%   266   11s
H 2904  2774                      12.0487470   11.76995  2.31%   265   11s
H 3260  3036                      12.0486393   11.76995  2.31%   252   11s
H 3360  3271                      12.0450952   11.76995  2.28%   249   11s
H 3397  3230                      12.0373476   11.76995  2.22%   249   11s
H 3908  3788                      12.0359457   11.76995  2.21%   238   18s
H 4827  4477                      12.0324795   11.77586  2.13%   216   18s
H 5141  4950                      12.0323718   11.77586  2.13%   210   19s
H 5216  4942                      12.0309896   11.77586  2.12%   208   19s
H 5377  4743                      12.0184638   11.77586  2.02%   203   19s
H 5482  4603                      12.0086241   11.77586  1.94%   203   19s
H 6000  5097                      12.0086017   11.77586  1.94%   193   19s
H 6140  5603                      12.0072030   11.77586  1.93%   190   19s
H 6191  5499                      11.9989406   11.77586  1.86%   189   19s
  6567  5922   11.91079   69 1130   11.99894   11.77586  1.86%   183   20s
H 6616  5070                      11.9743973   11.77586  1.66%   182   20s
H 7708  3990                      11.9487784   11.77586  1.45%   177   21s
H 7708  3146                      11.9332651   11.77586  1.32%   177   21s
H 7713  2900                      11.9331645   11.77586  1.32%   177   24s
  7716  2902   11.92344   55  518   11.93316   11.77586  1.32%   177   25s
  7741  2918   11.91730   55  518   11.93316   11.78739  1.22%   176   30s
  7743  2923   11.78739   12 1351   11.93316   11.78739  1.22%   178   42s
  8007  3161   11.80095   20 1245   11.93316   11.78739  1.22%   191   45s
H 8741  3316                      11.9331099   11.80616  1.06%   205   49s
  8945  3398   11.81818   28 1211   11.93311   11.80616  1.06%   209   50s
H 9877  3572                      11.9331099   11.80872  1.04%   221   53s
 10630  3768   11.85040   39 1216   11.93311   11.81900  0.96%   237   55s
 12655  3651   11.89778   55 1210   11.93311   11.83635  0.81%   272   60s
 15040  3463   11.90770   23  998   11.93311   11.87069  0.52%   304   65s
H15069  2842                      11.9282711   11.87069  0.48%   304   65s
H15117  2780                      11.9282439   11.87140  0.48%   304   65s
H15159  2778                      11.9282151   11.87140  0.48%   304   65s
H15205  2778                      11.9282004   11.87682  0.43%   305   65s

Cutting planes:
  Learned: 56
  Gomory: 29
  Cover: 86
  Implied bound: 32
  Projected implied bound: 2
  MIR: 110
  StrongCG: 1
  Flow cover: 306
  GUB cover: 6
  RLT: 1198
  Relax-and-lift: 10
  BQP: 1

Explored 15300 nodes (4700562 simplex iterations) in 65.62 seconds (121.75 work units)
Thread count was 32 (of 104 available processors)

Solution count 10: 11.9282 11.9282 11.9282 ... 11.9744

Optimal solution found (tolerance 5.00e-03)
Best objective 1.192820042543e+01, best bound 1.187681526136e+01, gap 0.4308%
Phase 1 objective: 11.928200

--- Constraints violated at phase-1 point in full 'both' model ---
--- End of constraint violation report ---

Running phase 2 solve for full 'both' model.
Set parameter LogToConsole to value 1
Set parameter MIPGap to value 0.005
Gurobi Optimizer version 12.0.3 build v12.0.3rc0 (linux64 - "Red Hat Enterprise Linux 8.8 (Ootpa)")

CPU model: Intel(R) Xeon(R) Platinum 8470QL, instruction set [SSE2|AVX|AVX2|AVX512]
Thread count: 104 physical cores, 104 logical processors, using up to 32 threads

Non-default parameters:
MIPGap  0.005

Optimize a model with 17279 rows, 15701 columns and 43565 nonzeros
Model fingerprint: 0xe788f39d
Model has 168 quadratic objective terms
Model has 3024 quadratic constraints
Variable types: 11259 continuous, 4442 integer (4442 binary)
Coefficient statistics:
  Matrix range     [3e-02, 2e+03]
  QMatrix range    [2e-07, 1e+00]
  QLMatrix range   [1e-04, 2e+00]
  Objective range  [1e-05, 5e-03]
  QObjective range [2e-04, 2e-04]
  Bounds range     [9e-01, 1e+03]
  RHS range        [1e+00, 3e+05]
  QRHS range       [3e-01, 1e+00]
Presolve removed 10659 rows and 8689 columns
Presolve time: 0.07s
Presolved: 19928 rows, 8317 columns, 53426 nonzeros
Presolved model has 3616 bilinear constraint(s)

Solving non-convex MIQCP

Variable types: 6252 continuous, 2065 integer (2065 binary)
Found heuristic solution: objective 12.0897172

Root relaxation: objective 1.087598e+01, 26363 iterations, 1.19 seconds (1.93 work units)

    Nodes    |    Current Node    |     Objective Bounds      |     Work
 Expl Unexpl |  Obj  Depth IntInf | Incumbent    BestBd   Gap | It/Node Time

     0     0   10.87598    0 3316   12.08972   10.87598  10.0%     -    1s
     0     0   11.59340    0 3072   12.08972   11.59340  4.11%     -    6s
     0     0   11.69838    0 2397   12.08972   11.69838  3.24%     -    7s
     0     0   11.69838    0 2974   12.08972   11.69838  3.24%     -   11s
H    0     0                      12.0897170   11.69838  3.24%     -   11s
     0     0   11.74551    0 2614   12.08972   11.74551  2.85%     -   15s
     0     0   11.74551    0 3311   12.08972   11.74551  2.85%     -   23s
     0     0   11.92211    0 2377   12.08972   11.92211  1.39%     -   25s
     0     0   11.92211    0 2781   12.08972   11.92211  1.39%     -   29s
     0     0   11.92211    0 2527   12.08972   11.92211  1.39%     -   31s
     0     0   11.92211    0 2910   12.08972   11.92211  1.39%     -   35s
     0     0   11.92211    0 2887   12.08972   11.92211  1.39%     -   39s
     0     0   11.92211    0 2329   12.08972   11.92211  1.39%     -   43s
     0     0   11.92211    0 2825   12.08972   11.92211  1.39%     -   47s
     0     0   11.92211    0 2799   12.08972   11.92211  1.39%     -   52s
     0     0   11.92211    0 2844   12.08972   11.92211  1.39%     -   55s
     0     2   11.92211    0 2844   12.08972   11.92211  1.39%     -   60s
     3     8   11.92211    2 2984   12.08972   11.92211  1.39% 19773   66s
     7    16   11.92211    3 2573   12.08972   11.92211  1.39% 24005   71s
    15    31   11.92211    4 2015   12.08972   11.92211  1.39% 24411   80s
    30    59   11.92211    5 2066   12.08972   11.92211  1.39% 26630   91s
    58    88   11.92211    6 2813   12.08972   11.92211  1.39% 23184  102s
    87   135   11.92211    7 2709   12.08972   11.92211  1.39% 25435  115s
   134   196   11.92211    8 2558   12.08972   11.92211  1.39% 25190  130s
   195   249   11.92211    9 2584   12.08972   11.92211  1.39% 23726  143s
   248   348   11.92211    9 2563   12.08972   11.92211  1.39% 23061  155s
   347   536   11.92211   13 2425   12.08972   11.92211  1.39% 19444  168s
   535   753   11.92211   14 2484   12.08972   11.92211  1.39% 15582  184s
   752   860   11.92211   16 2290   12.08972   11.92211  1.39% 13394  202s
   859  1287   11.92211   18 2402   12.08972   11.92211  1.39% 12767  221s
  1292  1825   11.92211   24 2265   12.08972   11.92211  1.39% 10668  239s
  1852  2349   11.92211   30 2435   12.08972   11.92211  1.39%  9296  255s
  2448  2720   11.92211   37 2134   12.08972   11.92211  1.39%  8437  272s
  2911  3148   11.92211   42 2126   12.08972   11.92211  1.39%  8132  294s
  3375  3727   11.92211   45 2113   12.08972   11.92211  1.39%  7813  316s
  4008  4464   11.92267   55 1949   12.08972   11.92211  1.39%  7392  335s
  4781  5297   11.95040   72 1765   12.08972   11.92211  1.39%  6959  354s
  5716  6023   11.97361   99 1744   12.08972   11.92211  1.39%  6515  373s
  6570  6737   12.02611  107 1979   12.08972   11.92211  1.39%  6293  393s
  7452  7339   12.02415  134 1669   12.08972   11.92211  1.39%  6106  419s
  8230  7340   12.02070   50  609   12.08972   11.92211  1.39%  6010  463s
  8232  7341   12.04977  102  407   12.08972   11.92211  1.39%  6008  482s
  8233  7342   12.02452  102  414   12.08972   11.92211  1.39%  6007  501s
  8234  7343   12.01247   37  441   12.08972   12.01247  0.64%  6007  510s
  8235  7343   12.02666  165  453   12.08972   12.01247  0.64%  6006  524s
  8236  7344   12.01247   48  441   12.08972   12.01247  0.64%  6005  534s
  8237  7345   12.04346  147  444   12.08972   12.01247  0.64%  6005  545s
  8238  7345   12.05322   60  502   12.08972   12.01247  0.64%  6004  559s
  8239  7346   12.01247   53  426   12.08972   12.01247  0.64%  6003  566s
  8240  7347   12.06937  100  509   12.08972   12.01247  0.64%  6002  580s
  8241  7347   12.01247   87  466   12.08972   12.01247  0.64%  6002  590s
  8243  7349   12.07769   80  550   12.08972   12.01247  0.64%  6000  609s
  8244  7349   12.01247   41  560   12.08972   12.01247  0.64%  5999  626s
  8245  7350   12.04457  137  432   12.08972   12.01247  0.64%  5999  637s
  8246  7351   12.06389  135  432   12.08972   12.01247  0.64%  5998  648s
  8247  7351   12.03722  121  432   12.08972   12.01247  0.64%  5997  666s
  8248  7355   12.01247   10 2110   12.08972   12.01247  0.64%  6102  799s
  8250  7358   12.01247   11 2311   12.08972   12.01247  0.64%  6107  860s
  8254  7365   12.05179   12 1790   12.08972   12.01247  0.64%  6118  883s
  8262  7378   12.02385   13 1681   12.08972   12.01247  0.64%  6142  903s
  8278  7405   12.01247   14 2647   12.08972   12.01247  0.64%  6174  918s
  8310  7424   12.01247   15 1765   12.08972   12.01247  0.64%  6266  936s
  8342  7490   12.01247   16 2627   12.08972   12.01247  0.64%  6341  956s
  8420  7531   12.01247   18 2259   12.08972   12.01247  0.64%  6485  975s
  8491  7571   12.01247   19 2170   12.08972   12.01247  0.64%  6607  989s
  8565  7605   12.02809   20 1581   12.08972   12.01247  0.64%  6727 1000s
  8634  7646   12.01247   21 2027   12.08972   12.01247  0.64%  6849 1013s
  8702  7686   12.01247   22 2031   12.08972   12.01247  0.64%  6954 1027s
  8774  7750   12.01247   23 2261   12.08972   12.01247  0.64%  7059 1038s
  8872  7825   12.01247   24 2310   12.08972   12.01247  0.64%  7104 1048s
  8988  7898   12.01247   26 1580   12.08972   12.01247  0.64%  7107 1058s
  9104  7966   12.01247   28 1909   12.08972   12.01247  0.64%  7115 1067s
  9216  8043   12.01836   29 1871   12.08972   12.01247  0.64%  7122 1077s
  9343  8114   12.01988   30 1940   12.08972   12.01247  0.64%  7125 1083s
  9475  8190   12.05749   32 1292   12.08972   12.01247  0.64%  7127 1093s
  9610  8280   12.05877   33 1287   12.08972   12.01247  0.64%  7124 1099s
  9760  8378   12.01247   35 1672   12.08972   12.01247  0.64%  7118 1106s
  9931  8463   12.01247   37 1656   12.08972   12.01247  0.64%  7097 1112s
 10111  8545   12.01974   41 1602   12.08972   12.01247  0.64%  7068 1120s
 10281  8621   12.01670   45 1554   12.08972   12.01247  0.64%  7056 1130s
 10460  8675   12.05373   49 1542   12.08972   12.01247  0.64%  7048 1141s
 10623  8779   12.04220   52 1764   12.08972   12.01247  0.64%  7051 1148s
 10811  8898   12.06299   53 1397   12.08972   12.01247  0.64%  7030 1155s
 11019  9007   12.05852   56 1551   12.08972   12.01247  0.64%  7003 1165s
 11222  9116   12.06478   60 1591   12.08972   12.01247  0.64%  6987 1177s
 11431  9255   12.06621   63 1726   12.08972   12.01247  0.64%  6969 1185s
 11667  9344   12.06437   65 1698   12.08972   12.01247  0.64%  6934 1196s
 11884  9481     cutoff   67        12.08972   12.01247  0.64%  6924 1205s
 12137  9606   12.07250   68 1619   12.08972   12.01247  0.64%  6899 1214s
 12406  9738     cutoff   70        12.08972   12.01247  0.64%  6870 1227s
H12694  9337                      12.0897165   12.01247  0.64%  6839 1237s
H12768  8962                      12.0897165   12.01247  0.64%  6836 1237s
 12777  9173   12.05338   74 1507   12.08972   12.01247  0.64%  6834 1249s
 13034  9301   12.05526   76 1512   12.08972   12.01247  0.64%  6802 1258s
 13317  9404   12.05775   80 1470   12.08972   12.01247  0.64%  6786 1269s
 13624  9478   12.05689   82 1458   12.08972   12.01247  0.64%  6771 1278s
 13921  9533   12.07052   88 1446   12.08972   12.01247  0.64%  6757 1294s
H14089  9145                      12.0897165   12.01247  0.64%  6756 1294s
 14169  9343   12.07178   90 1490   12.08972   12.01247  0.64%  6748 1307s
 14462  9476   12.07484   95 1438   12.08972   12.01247  0.64%  6745 1318s
 14791  9405   12.08119   99 1416   12.08972   12.01247  0.64%  6729 1328s
H14794  5628                      12.0265183   12.01247  0.12%  6729 1328s

Cutting planes:
  Learned: 74
  Gomory: 11
  Cover: 250
  Implied bound: 75
  Projected implied bound: 62
  MIR: 78
  Flow cover: 340
  GUB cover: 7
  Zero half: 2
  RLT: 935
  Relax-and-lift: 54
  BQP: 2
  PSD: 9

Explored 14841 nodes (100179321 simplex iterations) in 1328.19 seconds (2930.97 work units)
Thread count was 32 (of 104 available processors)

Solution count 5: 12.0265 12.0897 12.0897 ... 12.0897

Optimal solution found (tolerance 5.00e-03)
Best objective 1.202651827688e+01, best bound 1.201247296209e+01, gap 0.1168%
solver_lower_bound: 12.012472962087722
solver_upper_bound: 12.026518276883028
objective_value: 12.026518276883044
m.flow_changes_penalty(): 1200.0
Total operational cost: 119065.18
Maximum power (kW): 1264.23
Discharge energy capacity (kWh): 13128.80
Charge energy capacity (kWh): 10685.45
Levelized Cost of Flexibility ($/kWh): 1.33
{'fixed_demand_cost': 5658.424429539458, 'variable_demand_cost': 7973.565302349778, 'fixed_monthly_cost': 171938.17204301074, 'total_water_production': 282504.48759469803, 'total_energy_cost': 19784.39212055883, 'total_demand_cost': 13631.989731889236, 'total_customer_cost': 0.0, 'total_feed_cost': 50928.906666666786, 'total_brine_cost': 15394.507000946589, 'total_chemical_cost': 19325.387248769, 'total_water_revenue': 0.0, 'total_demand_response_revenue': 0.0, 'total_emissions_cost': 0.0, 'total_op_cost': 119065.18276883043, 'fixed_cost': 121551.98252688172, 'total_cost': 240617.16529571216, 'LCOW': 0.8517286480805198, 'degree_of_flex': 0.12574850299401197, 'total_replacement_cost': 1004.9477757237471, 'maximum_power': 1264.2321502163481, 'energy_capacity': 13128.802249491462, 'power_capacity': 119.35274772264965, 'round_trip_efficiency': 0, 'LVOF': 1.3283440173646606}
Saved operation variable results to: /home/rchurchi/watertap_test/watertap/tutorials/flex_ro/wrd_result_summer_both_2_flexible_trains.csv
Saved summary results to: /home/rchurchi/watertap_test/watertap/tutorials/flex_ro/wrd_pricetaker_summary_results_20260529_183042.csv
