2026-05-29 17:13:12 [INFO] idaes.core.surrogate.pysmo_surrogate: Decode surrogate. type=poly

===========================Polynomial Regression===============================================

The number of cross-validation cases (3) is used.
The default training/cross-validation split of 0.75 is used.
No iterations will be run.
Default parameter estimation method is used.
Parameter estimation method:  pyomo 

2026-05-29 17:13:12 [INFO] idaes.core.surrogate.pysmo_surrogate: Decode surrogate. type=poly

===========================Polynomial Regression===============================================

The number of cross-validation cases (3) is used.
The default training/cross-validation split of 0.75 is used.
No iterations will be run.
Default parameter estimation method is used.
Parameter estimation method:  pyomo 

2026-05-29 17:13:12 [INFO] idaes.core.surrogate.pysmo_surrogate: Decode surrogate. type=poly

===========================Polynomial Regression===============================================

The number of cross-validation cases (3) is used.
The default training/cross-validation split of 0.75 is used.
No iterations will be run.
Default parameter estimation method is used.
Parameter estimation method:  pyomo 

2026-05-29 17:13:12 [INFO] idaes.core.surrogate.pysmo_surrogate: Decode surrogate. type=poly

===========================Polynomial Regression===============================================

The number of cross-validation cases (3) is used.
The default training/cross-validation split of 0.75 is used.
No iterations will be run.
Default parameter estimation method is used.
Parameter estimation method:  pyomo 

2026-05-29 17:13:13 [INFO] idaes.apps.grid_integration.pricetaker.price_taker_model: Found minimum uptime/downtime data for pretreatment.uf_pumps[1] - Adding minimum uptime/downtime constraints.
2026-05-29 17:13:13 [INFO] idaes.apps.grid_integration.pricetaker.price_taker_model: Created startup/shutdown constraints for operation model  pretreatment.uf_pumps[1] at uf_pumps_1_startup_shutdown.
2026-05-29 17:13:13 [INFO] idaes.apps.grid_integration.pricetaker.price_taker_model: Found minimum uptime/downtime data for pretreatment.uf_pumps[2] - Adding minimum uptime/downtime constraints.
2026-05-29 17:13:13 [INFO] idaes.apps.grid_integration.pricetaker.price_taker_model: Created startup/shutdown constraints for operation model  pretreatment.uf_pumps[2] at uf_pumps_2_startup_shutdown.
2026-05-29 17:13:13 [INFO] idaes.apps.grid_integration.pricetaker.price_taker_model: Found minimum uptime/downtime data for pretreatment.uf_pumps[3] - Adding minimum uptime/downtime constraints.
2026-05-29 17:13:13 [INFO] idaes.apps.grid_integration.pricetaker.price_taker_model: Created startup/shutdown constraints for operation model  pretreatment.uf_pumps[3] at uf_pumps_3_startup_shutdown.
2026-05-29 17:13:13 [INFO] idaes.apps.grid_integration.pricetaker.price_taker_model: Found minimum uptime/downtime data for reverse_osmosis.ro_skid[1] - Adding minimum uptime/downtime constraints.
2026-05-29 17:13:13 [INFO] idaes.apps.grid_integration.pricetaker.price_taker_model: Created startup/shutdown constraints for operation model  reverse_osmosis.ro_skid[1] at ro_skid_1_startup_shutdown.
2026-05-29 17:13:13 [INFO] idaes.apps.grid_integration.pricetaker.price_taker_model: Found minimum uptime/downtime data for reverse_osmosis.ro_skid[2] - Adding minimum uptime/downtime constraints.
2026-05-29 17:13:13 [INFO] idaes.apps.grid_integration.pricetaker.price_taker_model: Created startup/shutdown constraints for operation model  reverse_osmosis.ro_skid[2] at ro_skid_2_startup_shutdown.
2026-05-29 17:13:13 [INFO] idaes.apps.grid_integration.pricetaker.price_taker_model: Found minimum uptime/downtime data for reverse_osmosis.ro_skid[3] - Adding minimum uptime/downtime constraints.
2026-05-29 17:13:13 [INFO] idaes.apps.grid_integration.pricetaker.price_taker_model: Created startup/shutdown constraints for operation model  reverse_osmosis.ro_skid[3] at ro_skid_3_startup_shutdown.
2026-05-29 17:13:13 [INFO] idaes.apps.grid_integration.pricetaker.price_taker_model: Found minimum uptime/downtime data for reverse_osmosis.ro_skid[4] - Adding minimum uptime/downtime constraints.
2026-05-29 17:13:13 [INFO] idaes.apps.grid_integration.pricetaker.price_taker_model: Created startup/shutdown constraints for operation model  reverse_osmosis.ro_skid[4] at ro_skid_4_startup_shutdown.
3598
Running phase 1 warm start for 'both' with temporary nominal recovery and nominal RO flow constraints.
Set parameter TokenServer to value "10.60.1.73"
Set parameter LogToConsole to value 1
Set parameter MIPGap to value 0.005
Gurobi Optimizer version 12.0.3 build v12.0.3rc0 (linux64 - "Red Hat Enterprise Linux 8.8 (Ootpa)")

CPU model: Intel(R) Xeon(R) Platinum 8470QL, instruction set [SSE2|AVX|AVX2|AVX512]
Thread count: 104 physical cores, 104 logical processors, using up to 32 threads

Non-default parameters:
MIPGap  0.005

Optimize a model with 18623 rows, 15029 columns and 46159 nonzeros
Model fingerprint: 0x9f6163f7
Model has 168 quadratic objective terms
Model has 2352 quadratic constraints
Variable types: 10587 continuous, 4442 integer (4442 binary)
Coefficient statistics:
  Matrix range     [3e-02, 2e+03]
  QMatrix range    [2e-07, 1e+00]
  QLMatrix range   [1e-04, 1e+00]
  Objective range  [1e-05, 5e-03]
  QObjective range [2e-04, 2e-04]
  Bounds range     [1e+00, 1e+03]
  RHS range        [1e+00, 3e+05]
  QRHS range       [2e-01, 3e-01]
Presolve removed 14414 rows and 11724 columns
Presolve time: 0.09s
Presolved: 7779 rows, 3306 columns, 21173 nonzeros
Presolved model has 1020 bilinear constraint(s)

Solving non-convex MIQCP

Variable types: 1552 continuous, 1754 integer (1748 binary)
Found heuristic solution: objective 18.6212559

Root relaxation: objective 1.124130e+01, 4945 iterations, 0.26 seconds (0.41 work units)

    Nodes    |    Current Node    |     Objective Bounds      |     Work
 Expl Unexpl |  Obj  Depth IntInf | Incumbent    BestBd   Gap | It/Node Time

     0     0   11.24130    0 1257   18.62126   11.24130  39.6%     -    0s
H    0     0                      16.8855633   11.24130  33.4%     -    0s
H    0     0                      16.3005633   11.24130  31.0%     -    0s
     0     0   11.67068    0 1398   16.30056   11.67068  28.4%     -    0s
H    0     0                      13.2491566   11.67068  11.9%     -    0s
H    0     0                      13.1941566   11.67068  11.5%     -    0s
     0     0   11.67073    0 1453   13.19416   11.67073  11.5%     -    0s
     0     0   11.68569    0 1417   13.19416   11.68569  11.4%     -    1s
H    0     0                      13.1534313   11.68569  11.2%     -    1s
H    0     0                      13.1484877   11.68569  11.1%     -    1s
H    0     0                      13.1457166   11.68569  11.1%     -    1s
     0     0   11.68767    0 1418   13.14572   11.68767  11.1%     -    1s
     0     0   11.69839    0 1387   13.14572   11.69839  11.0%     -    1s
     0     0   11.71089    0 1225   13.14572   11.71089  10.9%     -    1s
     0     0   11.75312    0 1375   13.14572   11.75312  10.6%     -    2s
     0     0   11.75455    0 1388   13.14572   11.75455  10.6%     -    2s
     0     0   11.75796    0 1390   13.14572   11.75796  10.6%     -    2s
     0     0   11.75888    0 1431   13.14572   11.75888  10.5%     -    2s
     0     0   11.76007    0 1469   13.14572   11.76007  10.5%     -    2s
     0     0   11.76022    0 1458   13.14572   11.76022  10.5%     -    2s
     0     0   11.76054    0 1400   13.14572   11.76054  10.5%     -    2s
     0     0   11.76238    0 1330   13.14572   11.76238  10.5%     -    2s
     0     2   11.76238    0 1330   13.14572   11.76238  10.5%     -    3s
H   31    64                      12.5796079   11.76430  6.48%   952    4s
H   37    64                      12.5688749   11.76430  6.40%   902    4s
    95   145   11.76833    7 1262   12.56887   11.76454  6.40%   634    5s
H   96   145                      12.5361951   11.76454  6.16%   627    5s
H  127   145                      12.4769394   11.76454  5.71%   565    5s
H  140   145                      12.4669548   11.76454  5.63%   561    5s
H  228   283                      12.3447864   11.76454  4.70%   490    5s
H  235   283                      12.3320769   11.76454  4.60%   485    5s
H  238   283                      12.3291574   11.76454  4.58%   482    5s
H  254   283                      12.3146925   11.76454  4.47%   477    5s
H  259   283                      12.3078998   11.76454  4.41%   473    5s
H  374   446                      12.3028998   11.76454  4.38%   439    6s
H  419   446                      12.3028610   11.76454  4.38%   435    6s
H  915   981                      12.2527147   11.76454  3.98%   339    7s
H  916   981                      12.2196911   11.76454  3.72%   339    7s
H  957   981                      12.2034498   11.76454  3.60%   333    7s
H  980  1103                      12.1984498   11.76454  3.56%   329    7s
H 1104  1192                      12.1761540   11.76454  3.38%   312    7s
H 1117  1192                      12.1732684   11.76454  3.36%   312    7s
H 1130  1192                      12.1675036   11.76454  3.31%   311    7s
H 1349  1449                      12.1326950   11.76454  3.03%   285    7s
H 1350  1449                      12.1123165   11.76454  2.87%   285    7s
H 1439  1449                      12.1120640   11.76454  2.87%   277    7s
H 1452  1640                      12.1070640   11.76454  2.83%   276    7s
H 2020  2156                      12.0922158   11.76454  2.71%   234    8s
H 2025  2156                      12.0750864   11.76454  2.57%   234    8s
H 2387  2520                      12.0700864   11.76454  2.53%   221    8s
H 2389  2507                      12.0649638   11.76454  2.49%   222    8s
H 2413  2507                      12.0642225   11.76454  2.48%   222    8s
H 2449  2499                      12.0550552   11.76454  2.41%   221    8s
H 2546  2677                      12.0500552   11.76454  2.37%   215    8s
H 2790  2808                      12.0499387   11.76454  2.37%   207    9s
H 2791  2782                      12.0401131   11.76454  2.29%   207    9s
H 2856  2781                      12.0398050   11.76454  2.29%   205    9s
H 3179  3216                      12.0397468   11.76454  2.29%   200    9s
H 3181  3215                      12.0389150   11.76454  2.28%   200    9s
H 3681  3666                      12.0389147   11.76454  2.28%   188   15s
H 3683  3660                      12.0380251   11.76454  2.27%   189   15s
H 3760  3643                      12.0330829   11.76454  2.23%   186   15s
H 3863  3634                      12.0289731   11.76454  2.20%   186   15s
H 3876  3634                      12.0289728   11.76454  2.20%   186   15s
H 4221  4288                      12.0289673   11.76454  2.20%   179   15s
H 4347  4288                      12.0280774   11.76454  2.19%   176   15s
H 4401  4275                      12.0231992   11.76454  2.15%   174   15s
H 4557  4599                      12.0131992   11.76454  2.07%   172   16s
H 4954  4893                      12.0130324   11.76454  2.07%   167   16s
H 5028  4885                      12.0126164   11.76454  2.07%   165   16s
H 5319  5003                      11.9861487   11.76454  1.85%   163   16s
H 5839  5057                      11.9740056   11.76454  1.75%   155   17s
H 6237  5318                      11.9717061   11.76454  1.73%   153   17s
H 6663  5522                      11.9667061   11.76454  1.69%   151   17s
H 7009  4488                      11.9439021   11.76454  1.50%   149   17s
H 7009  4098                      11.9383973   11.76454  1.46%   149   17s
H 7009  3765                      11.9333973   11.76454  1.41%   149   17s
H 7009  3765                      11.9333808   11.76454  1.41%   149   17s
H 7009  3765                      11.9333545   11.76454  1.41%   149   18s
H 7009  3684                      11.9321066   11.76454  1.40%   149   18s
  7013  3620   11.89006   35  400   11.93211   11.76454  1.40%   149   20s
  7032  3633   11.90773   46  488   11.93211   11.77353  1.33%   149   25s
  7057  3651   11.88945   11  500   11.93211   11.78108  1.27%   150   30s
  7069  3662   11.78528   22 1358   11.93211   11.78528  1.23%   152   46s
  7487  3976   11.80111   31 1233   11.93211   11.78866  1.20%   172   50s
H 8055  3976                      11.9316648   11.80400  1.07%   182   52s
H 8061  3800                      11.9316620   11.80400  1.07%   183   52s
H 8073  3631                      11.9316614   11.80400  1.07%   183   52s
  9001  4144   11.81783   41 1181   11.93166   11.81783  0.95%   192   55s
H 9174  4078                      11.9316614   11.81872  0.95%   193   55s
H 9224  3912                      11.9315709   11.81872  0.95%   193   55s
H10377  4248                      11.9315708   11.82121  0.92%   197   57s
 12278  5065   11.85854   56 1184   11.93157   11.82754  0.87%   206   60s
H14911  5276                      11.9295692   11.83415  0.80%   218   64s
H14931  5269                      11.9294774   11.83415  0.80%   219   64s
H15089  5120                      11.9282732   11.83415  0.79%   220   64s
 15430  5541     cutoff   70        11.92827   11.83415  0.79%   222   65s
H16230  5797                      11.9282035   11.83415  0.79%   226   66s
H17491  6200                      11.9282035   11.84016  0.74%   237   68s
 18706  6840     cutoff   76        11.92820   11.84016  0.74%   246   70s
H18709  6840                      11.9282009   11.84016  0.74%   246   70s
H18753  6840                      11.9282009   11.84016  0.74%   246   70s
H20169  7425                      11.9282009   11.86149  0.56%   255   73s
H20437  7425                      11.9282004   11.86300  0.55%   257   73s
 21201  7737   11.92603  194  774   11.92820   11.86300  0.55%   262   75s

Cutting planes:
  Learned: 52
  Gomory: 42
  Cover: 98
  Implied bound: 26
  Projected implied bound: 1
  MIR: 74
  StrongCG: 1
  Flow cover: 313
  GUB cover: 1
  Zero half: 2
  RLT: 1217
  Relax-and-lift: 58

Explored 21968 nodes (5960364 simplex iterations) in 76.23 seconds (146.58 work units)
Thread count was 32 (of 104 available processors)

Solution count 10: 11.9282 11.9282 11.9282 ... 11.9316

Optimal solution found (tolerance 5.00e-03)
Best objective 1.192820042543e+01, best bound 1.186959236266e+01, gap 0.4913%
Phase 1 objective: 11.928200
ERROR: evaluating object as numeric value: period[1,1].intake.op_mode
        (object: <class 'pyomo.core.base.var.ScalarVar'>)
    No value for uninitialized ScalarVar object period[1,1].intake.op_mode
Traceback (most recent call last):
  File "/home/rchurchi/watertap_test/watertap/tutorials/flex_ro/wrd_pricetaker_short.py", line 803, in <module>
    m = main(
        ^^^^^
  File "/home/rchurchi/watertap_test/watertap/tutorials/flex_ro/wrd_pricetaker_short.py", line 702, in main
    var.fix(pyo.value(var))
            ^^^^^^^^^^^^^^
  File "/home/rchurchi/.conda-envs/watertap-pricetaker/lib/python3.11/site-packages/pyomo/common/numeric_types.py", line 380, in value
    raise ValueError(
ValueError: No value for uninitialized ScalarVar object period[1,1].intake.op_mode
