2026-05-29 16:28:53 [INFO] idaes.core.surrogate.pysmo_surrogate: Decode surrogate. type=poly

===========================Polynomial Regression===============================================

The number of cross-validation cases (3) is used.
The default training/cross-validation split of 0.75 is used.
No iterations will be run.
Default parameter estimation method is used.
Parameter estimation method:  pyomo 

2026-05-29 16:28:53 [INFO] idaes.core.surrogate.pysmo_surrogate: Decode surrogate. type=poly

===========================Polynomial Regression===============================================

The number of cross-validation cases (3) is used.
The default training/cross-validation split of 0.75 is used.
No iterations will be run.
Default parameter estimation method is used.
Parameter estimation method:  pyomo 

2026-05-29 16:28:53 [INFO] idaes.core.surrogate.pysmo_surrogate: Decode surrogate. type=poly

===========================Polynomial Regression===============================================

The number of cross-validation cases (3) is used.
The default training/cross-validation split of 0.75 is used.
No iterations will be run.
Default parameter estimation method is used.
Parameter estimation method:  pyomo 

2026-05-29 16:28:53 [INFO] idaes.core.surrogate.pysmo_surrogate: Decode surrogate. type=poly

===========================Polynomial Regression===============================================

The number of cross-validation cases (3) is used.
The default training/cross-validation split of 0.75 is used.
No iterations will be run.
Default parameter estimation method is used.
Parameter estimation method:  pyomo 

2026-05-29 16:28:55 [INFO] idaes.apps.grid_integration.pricetaker.price_taker_model: Found minimum uptime/downtime data for pretreatment.uf_pumps[1] - Adding minimum uptime/downtime constraints.
2026-05-29 16:28:55 [INFO] idaes.apps.grid_integration.pricetaker.price_taker_model: Created startup/shutdown constraints for operation model  pretreatment.uf_pumps[1] at uf_pumps_1_startup_shutdown.
2026-05-29 16:28:55 [INFO] idaes.apps.grid_integration.pricetaker.price_taker_model: Found minimum uptime/downtime data for pretreatment.uf_pumps[2] - Adding minimum uptime/downtime constraints.
2026-05-29 16:28:55 [INFO] idaes.apps.grid_integration.pricetaker.price_taker_model: Created startup/shutdown constraints for operation model  pretreatment.uf_pumps[2] at uf_pumps_2_startup_shutdown.
2026-05-29 16:28:55 [INFO] idaes.apps.grid_integration.pricetaker.price_taker_model: Found minimum uptime/downtime data for pretreatment.uf_pumps[3] - Adding minimum uptime/downtime constraints.
2026-05-29 16:28:55 [INFO] idaes.apps.grid_integration.pricetaker.price_taker_model: Created startup/shutdown constraints for operation model  pretreatment.uf_pumps[3] at uf_pumps_3_startup_shutdown.
2026-05-29 16:28:55 [INFO] idaes.apps.grid_integration.pricetaker.price_taker_model: Found minimum uptime/downtime data for reverse_osmosis.ro_skid[1] - Adding minimum uptime/downtime constraints.
2026-05-29 16:28:55 [INFO] idaes.apps.grid_integration.pricetaker.price_taker_model: Created startup/shutdown constraints for operation model  reverse_osmosis.ro_skid[1] at ro_skid_1_startup_shutdown.
2026-05-29 16:28:55 [INFO] idaes.apps.grid_integration.pricetaker.price_taker_model: Found minimum uptime/downtime data for reverse_osmosis.ro_skid[2] - Adding minimum uptime/downtime constraints.
2026-05-29 16:28:55 [INFO] idaes.apps.grid_integration.pricetaker.price_taker_model: Created startup/shutdown constraints for operation model  reverse_osmosis.ro_skid[2] at ro_skid_2_startup_shutdown.
2026-05-29 16:28:55 [INFO] idaes.apps.grid_integration.pricetaker.price_taker_model: Found minimum uptime/downtime data for reverse_osmosis.ro_skid[3] - Adding minimum uptime/downtime constraints.
2026-05-29 16:28:55 [INFO] idaes.apps.grid_integration.pricetaker.price_taker_model: Created startup/shutdown constraints for operation model  reverse_osmosis.ro_skid[3] at ro_skid_3_startup_shutdown.
2026-05-29 16:28:55 [INFO] idaes.apps.grid_integration.pricetaker.price_taker_model: Found minimum uptime/downtime data for reverse_osmosis.ro_skid[4] - Adding minimum uptime/downtime constraints.
2026-05-29 16:28:55 [INFO] idaes.apps.grid_integration.pricetaker.price_taker_model: Created startup/shutdown constraints for operation model  reverse_osmosis.ro_skid[4] at ro_skid_4_startup_shutdown.
2926
Set parameter TokenServer to value "10.60.1.73"
Set parameter LogToConsole to value 1
Set parameter MIPGap to value 0.005
Gurobi Optimizer version 12.0.3 build v12.0.3rc0 (linux64 - "Red Hat Enterprise Linux 8.8 (Ootpa)")

CPU model: Intel(R) Xeon(R) Platinum 8470QL, instruction set [SSE2|AVX|AVX2|AVX512]
Thread count: 104 physical cores, 104 logical processors, using up to 32 threads

Non-default parameters:
MIPGap  0.005

Optimize a model with 17279 rows, 15701 columns and 43565 nonzeros
Model fingerprint: 0xe04e9f67
Model has 168 quadratic objective terms
Model has 3696 quadratic constraints
Variable types: 11259 continuous, 4442 integer (4442 binary)
Coefficient statistics:
  Matrix range     [3e-02, 2e+03]
  QMatrix range    [2e-07, 1e+00]
  QLMatrix range   [1e-04, 4e+01]
  Objective range  [1e-05, 5e-03]
  QObjective range [2e-04, 2e-04]
  Bounds range     [9e-01, 1e+03]
  RHS range        [1e+00, 3e+05]
  QRHS range       [3e-01, 4e+01]
Presolve removed 12251 rows and 9643 columns
Presolve time: 0.08s
Presolved: 14408 rows, 6381 columns, 38873 nonzeros
Presolved model has 2324 bilinear constraint(s)

Solving non-convex MIQCP

Variable types: 4618 continuous, 1763 integer (1757 binary)
Found heuristic solution: objective 18.6212570

Root relaxation: objective 1.094017e+01, 18266 iterations, 1.80 seconds (2.92 work units)

    Nodes    |    Current Node    |     Objective Bounds      |     Work
 Expl Unexpl |  Obj  Depth IntInf | Incumbent    BestBd   Gap | It/Node Time

     0     0   10.94017    0 2026   18.62126   10.94017  41.2%     -    2s
     0     0   11.65710    0 1847   18.62126   11.65710  37.4%     -    3s
H    0     0                      13.4183226   11.65710  13.1%     -    3s
H    0     0                      13.4033226   11.65710  13.0%     -    3s
     0     0   11.65812    0 1906   13.40332   11.65812  13.0%     -    3s
     0     0   11.67215    0 2171   13.40332   11.67215  12.9%     -    3s
H    0     0                      13.3990064   11.67215  12.9%     -    3s
H    0     0                      13.3972174   11.67215  12.9%     -    3s
H    0     0                      13.3882651   11.67215  12.8%     -    3s
     0     0   11.67530    0 2064   13.38827   11.67530  12.8%     -    3s
     0     0   11.68633    0 2078   13.38827   11.68633  12.7%     -    4s
     0     0   11.68702    0 2093   13.38827   11.68702  12.7%     -    4s
     0     0   11.69423    0 2081   13.38827   11.69423  12.7%     -    4s
H    0     0                      13.3832881   11.69423  12.6%     -    4s
H    0     0                      13.3713573   11.69423  12.5%     -    4s
     0     0   11.69742    0 2009   13.37136   11.69742  12.5%     -    5s
     0     0   11.70797    0 1765   13.37136   11.70797  12.4%     -    5s
     0     0   11.74237    0 1959   13.37136   11.74237  12.2%     -    6s
     0     0   11.75317    0 1936   13.37136   11.75317  12.1%     -    6s
H    0     0                      13.3663801   11.75317  12.1%     -    6s
H    0     0                      13.3620482   11.75317  12.0%     -    6s
     0     0   11.75361    0 1934   13.36205   11.75361  12.0%     -    6s
     0     0   11.75361    0 1951   13.36205   11.75361  12.0%     -    6s
H    0     0                      13.1900345   11.75361  10.9%     -    6s
H    0     0                      13.1798772   11.75361  10.8%     -    6s
     0     0   11.75530    0 1876   13.17988   11.75530  10.8%     -    7s
     0     0   11.75973    0 2005   13.17988   11.75973  10.8%     -    7s
H    0     0                      13.1612537   11.75973  10.6%     -    7s
H    0     0                      13.1577965   11.75973  10.6%     -    7s
H    0     0                      13.1530967   11.75973  10.6%     -    7s
H    0     0                      13.1520575   11.75973  10.6%     -    7s
H    0     0                      13.1481060   11.75973  10.6%     -    7s
H    0     0                      13.1480053   11.75973  10.6%     -    7s
H    0     0                      13.1480000   11.75973  10.6%     -    7s
     0     0   11.75973    0 1897   13.14800   11.75973  10.6%     -    8s
     0     0   11.75973    0 1905   13.14800   11.75973  10.6%     -    8s
     0     0   11.75973    0 1906   13.14800   11.75973  10.6%     -    8s
     0     0   11.75973    0 1896   13.14800   11.75973  10.6%     -    9s
     0     0   11.75973    0 1896   13.14800   11.75973  10.6%     -    9s
H    0     0                      12.3734793   11.75973  4.96%     -    9s
H    0     0                      12.3734736   11.75973  4.96%     -    9s
H    0     0                      12.3734719   11.75973  4.96%     -    9s
H    0     0                      12.3734630   11.75973  4.96%     -    9s
H    0     0                      12.3734595   11.75973  4.96%     -    9s
H    0     0                      12.3701873   11.75973  4.93%     -    9s
H    0     0                      12.3648722   11.75973  4.89%     -    9s
H    0     2                      12.3447139   11.75973  4.74%     -   10s
     0     2   11.75973    0 1892   12.34471   11.75973  4.74%     -   10s
H   15    32                      12.3397139   11.75973  4.70%  2123   13s
H   31    64                      12.3263379   11.75973  4.60%  1320   13s
H   35    64                      12.3254416   11.75973  4.59%  1385   13s
H   41    64                      12.3244985   11.75973  4.58%  1237   13s
H   42    64                      12.3217318   11.75973  4.56%  1222   13s
H   44    64                      12.3215273   11.75973  4.56%  1181   13s
H   46    64                      12.3132784   11.75973  4.50%  1163   13s
H   95   157                      12.3104178   11.75973  4.47%  1065   15s
H   97   157                      12.2499776   11.75973  4.00%  1045   15s
H  258   335                      12.2234881   11.75973  3.79%   705   17s
H  327   335                      12.2065331   11.75973  3.66%   652   17s
H  429   509                      12.1815610   11.75973  3.46%   587   17s
H  495   509                      12.1750180   11.75973  3.41%   555   17s
H  591   667                      12.1692524   11.75973  3.37%   534   18s
H  595   667                      12.1507568   11.75973  3.22%   531   18s
H  648   667                      12.1387211   11.75973  3.12%   516   18s
   748   821   11.89285   24 1365   12.13872   11.75973  3.12%   517   20s
H  749   821                      12.1329510   11.75973  3.08%   517   20s
H  751   821                      12.1072734   11.75973  2.87%   517   20s
H  776   821                      12.1062714   11.75973  2.86%   513   20s
H  938  1029                      12.1061037   11.75973  2.86%   489   22s
H  943  1029                      12.1049023   11.75973  2.85%   487   22s
H  952  1029                      12.1048509   11.75973  2.85%   489   22s
H  965  1029                      12.1045620   11.75973  2.85%   488   22s
H 1001  1029                      12.1042195   11.75973  2.85%   478   22s
H 1071  1141                      12.0991930   11.75973  2.81%   465   22s
H 1089  1141                      12.0951163   11.75973  2.77%   461   22s
H 1157  1251                      12.0733632   11.75973  2.60%   444   23s
  1562  1733   11.84077   32 1603   12.07336   11.75973  2.60%   411   25s
H 2110  2278                      12.0670982   11.75973  2.55%   370   26s
H 2246  2267                      12.0603775   11.75973  2.49%   365   26s
H 2333  2360                      12.0420986   11.75973  2.34%   362   28s
H 2467  2476                      12.0399802   11.75973  2.33%   358   29s
H 2526  2472                      12.0387056   11.75973  2.32%   356   29s
  2830  2844   11.84904   42 1472   12.03871   11.75973  2.32%   347   30s
H 2834  2824                      12.0350893   11.75973  2.29%   347   30s
H 2871  2824                      12.0350885   11.75973  2.29%   347   30s
H 3411  3263                      12.0340173   11.75973  2.28%   329   31s
H 3516  3507                      12.0322822   11.75973  2.27%   324   31s
H 3819  3779                      12.0307302   11.75973  2.25%   318   32s
H 4467  4402                      12.0296842   11.75973  2.24%   299   33s
  4664  4807   11.87731   56 1393   12.02968   11.75973  2.24%   297   35s
H 5082  5094                      12.0296798   11.75973  2.24%   287   35s
H 5209  5082                      12.0287562   11.75973  2.24%   283   35s
H 5377  5039                      12.0214601   11.75973  2.18%   281   35s
  6184  6124   11.91275   66 1316   12.02146   11.76557  2.13%   271   47s
H 6615  6080                      12.0148392   11.76557  2.07%   266   48s
H 6638  6078                      12.0146923   11.76557  2.07%   266   48s
H 6639  6078                      12.0146923   11.76557  2.07%   266   48s
H 6642  6077                      12.0146571   11.76557  2.07%   266   48s
H 6697  6483                      12.0146450   11.76557  2.07%   267   48s
H 7399  6826                      12.0099994   11.76557  2.04%   260   49s
  7540  7282   11.98985   78 1292   12.01000   11.76557  2.04%   260   50s
H 8044  7722                      12.0098617   11.76557  2.03%   254   51s
H 8136  7712                      12.0092839   11.76557  2.03%   253   51s
H 8472  7597                      12.0057996   11.76557  2.00%   252   51s
H 8499  7406                      12.0016712   11.76557  1.97%   251   52s
H 8499  7309                      12.0000315   11.76557  1.95%   251   52s
H 8499  4445                      11.9489262   11.76557  1.53%   251   52s
  8500  4357   11.89545   24  469   11.94893   11.76557  1.53%   251   57s
  8502  4358   11.91081   13  512   11.94893   11.76557  1.53%   251   61s
  8506  4361   11.93565   51  499   11.94893   11.77298  1.47%   251   65s
  8511  4364   11.94694   57  547   11.94893   11.78124  1.40%   251   70s
  8514  4366   11.90953  202  549   11.94893   11.78221  1.40%   251   75s
H 8514  4147                      11.9482763   11.78221  1.39%   251   75s
H 8514  3939                      11.9433722   11.78221  1.35%   251   75s
  8526  3947   11.91873   64  577   11.94337   11.78281  1.34%   250   82s
  8528  3952   11.78281   13 1944   11.94337   11.78281  1.34%   259  121s
  8558  4002   11.79341   17 1578   11.94337   11.79285  1.26%   264  125s
H 8830  3976                      11.9283632   11.79341  1.13%   277  128s
  8856  4009   11.81054   23 1511   11.92836   11.79341  1.13%   277  130s
  9214  4109   11.80910   27 1599   11.92836   11.79341  1.13%   285  136s
H 9226  3917                      11.9283632   11.79341  1.13%   285  136s
  9519  3968   11.91201   29 1449   11.92836   11.81631  0.94%   291  141s
  9654  4022   11.91144   30 1457   11.92836   11.81631  0.94%   299  145s
 10091  4175   11.83788   33 1500   11.92836   11.81631  0.94%   306  151s
H10263  3999                      11.9282124   11.81631  0.94%   308  152s
H10296  3818                      11.9282124   11.82829  0.84%   310  152s
H10329  3646                      11.9282120   11.82829  0.84%   311  152s
H10380  3476                      11.9282010   11.82829  0.84%   312  152s
 10697  3691   11.90657   37 1351   11.92820   11.83749  0.76%   320  156s
 10861  3755   11.85187   38 1538   11.92820   11.83749  0.76%   326  160s
H11441  3631                      11.9282007   11.83779  0.76%   344  164s
H11469  3483                      11.9282004   11.84585  0.69%   345  164s
 11491  3547   11.85444   42 1574   11.92820   11.84585  0.69%   346  168s
 11883  3546   11.90970   45 1345   11.92820   11.84585  0.69%   357  171s
 12415  3586   11.92352   49 1319   11.92820   11.85187  0.64%   382  176s
 12786  3635   11.87461   52 1538   11.92820   11.85907  0.58%   396  180s
 13264  3625   11.89126   55 1525   11.92820   11.86397  0.54%   415  187s
H13320  3475                      11.9282004   11.87031  0.49%   416  187s

Cutting planes:
  Learned: 26
  Gomory: 150
  Cover: 94
  Implied bound: 42
  Projected implied bound: 4
  MIR: 175
  Mixing: 1
  StrongCG: 1
  Flow cover: 370
  GUB cover: 5
  RLT: 1466
  Relax-and-lift: 32
  PSD: 1

Explored 13422 nodes (5723461 simplex iterations) in 187.30 seconds (364.18 work units)
Thread count was 32 (of 104 available processors)

Solution count 10: 11.9282 11.9282 11.9282 ... 11.9434

Optimal solution found (tolerance 5.00e-03)
Best objective 1.192820042352e+01, best bound 1.187289544896e+01, gap 0.4636%
solver_lower_bound: 11.872895448959836
solver_upper_bound: 11.928200423520208
objective_value: 11.928200423520217
m.flow_changes_penalty(): 900.0
Total operational cost: 118382.00
Maximum power (kW): 1466.21
Discharge energy capacity (kWh): 22486.35
Charge energy capacity (kWh): 26356.35
Levelized Cost of Flexibility ($/kWh): 0.80
{'fixed_demand_cost': 6562.443627580483, 'variable_demand_cost': 6015.541136426025, 'fixed_monthly_cost': 171938.17204301074, 'total_water_production': 282322.9499999997, 'total_energy_cost': 20316.12152119561, 'total_demand_cost': 12577.984764006509, 'total_customer_cost': 0.0, 'total_feed_cost': 50869.00000000015, 'total_brine_cost': 15311.568999999869, 'total_chemical_cost': 19307.328950000006, 'total_water_revenue': 0.0, 'total_demand_response_revenue': 0.0, 'total_emissions_cost': 0.0, 'total_op_cost': 118382.00423520216, 'fixed_cost': 121551.98252688172, 'total_cost': 239933.9867620839, 'LCOW': 0.849856473808042, 'degree_of_flex': 0.0718562874251497, 'total_replacement_cost': 999.4926912958135, 'maximum_power': 1466.2124273779068, 'energy_capacity': 22486.349585385833, 'power_capacity': 351.34921227165364, 'round_trip_efficiency': 0, 'LVOF': 0.7985460840546471}
Saved operation variable results to: /home/rchurchi/watertap_test/watertap/tutorials/flex_ro/wrd_result_summer_both_2_flexible_trains.csv
Saved summary results to: /home/rchurchi/watertap_test/watertap/tutorials/flex_ro/wrd_pricetaker_summary_results_20260529_163206.csv
