2026-05-29 13:49:56 [INFO] idaes.core.surrogate.pysmo_surrogate: Decode surrogate. type=poly

===========================Polynomial Regression===============================================

The number of cross-validation cases (3) is used.
The default training/cross-validation split of 0.75 is used.
No iterations will be run.
Default parameter estimation method is used.
Parameter estimation method:  pyomo 

2026-05-29 13:49:56 [INFO] idaes.core.surrogate.pysmo_surrogate: Decode surrogate. type=poly

===========================Polynomial Regression===============================================

The number of cross-validation cases (3) is used.
The default training/cross-validation split of 0.75 is used.
No iterations will be run.
Default parameter estimation method is used.
Parameter estimation method:  pyomo 

2026-05-29 13:49:56 [INFO] idaes.core.surrogate.pysmo_surrogate: Decode surrogate. type=poly

===========================Polynomial Regression===============================================

The number of cross-validation cases (3) is used.
The default training/cross-validation split of 0.75 is used.
No iterations will be run.
Default parameter estimation method is used.
Parameter estimation method:  pyomo 

2026-05-29 13:49:56 [INFO] idaes.core.surrogate.pysmo_surrogate: Decode surrogate. type=poly

===========================Polynomial Regression===============================================

The number of cross-validation cases (3) is used.
The default training/cross-validation split of 0.75 is used.
No iterations will be run.
Default parameter estimation method is used.
Parameter estimation method:  pyomo 

2026-05-29 13:49:57 [INFO] idaes.apps.grid_integration.pricetaker.price_taker_model: Found minimum uptime/downtime data for pretreatment.uf_pumps[1] - Adding minimum uptime/downtime constraints.
2026-05-29 13:49:57 [INFO] idaes.apps.grid_integration.pricetaker.price_taker_model: Created startup/shutdown constraints for operation model  pretreatment.uf_pumps[1] at uf_pumps_1_startup_shutdown.
2026-05-29 13:49:57 [INFO] idaes.apps.grid_integration.pricetaker.price_taker_model: Found minimum uptime/downtime data for pretreatment.uf_pumps[2] - Adding minimum uptime/downtime constraints.
2026-05-29 13:49:57 [INFO] idaes.apps.grid_integration.pricetaker.price_taker_model: Created startup/shutdown constraints for operation model  pretreatment.uf_pumps[2] at uf_pumps_2_startup_shutdown.
2026-05-29 13:49:57 [INFO] idaes.apps.grid_integration.pricetaker.price_taker_model: Found minimum uptime/downtime data for pretreatment.uf_pumps[3] - Adding minimum uptime/downtime constraints.
2026-05-29 13:49:57 [INFO] idaes.apps.grid_integration.pricetaker.price_taker_model: Created startup/shutdown constraints for operation model  pretreatment.uf_pumps[3] at uf_pumps_3_startup_shutdown.
2026-05-29 13:49:57 [INFO] idaes.apps.grid_integration.pricetaker.price_taker_model: Found minimum uptime/downtime data for reverse_osmosis.ro_skid[1] - Adding minimum uptime/downtime constraints.
2026-05-29 13:49:57 [INFO] idaes.apps.grid_integration.pricetaker.price_taker_model: Created startup/shutdown constraints for operation model  reverse_osmosis.ro_skid[1] at ro_skid_1_startup_shutdown.
2026-05-29 13:49:57 [INFO] idaes.apps.grid_integration.pricetaker.price_taker_model: Found minimum uptime/downtime data for reverse_osmosis.ro_skid[2] - Adding minimum uptime/downtime constraints.
2026-05-29 13:49:57 [INFO] idaes.apps.grid_integration.pricetaker.price_taker_model: Created startup/shutdown constraints for operation model  reverse_osmosis.ro_skid[2] at ro_skid_2_startup_shutdown.
2026-05-29 13:49:57 [INFO] idaes.apps.grid_integration.pricetaker.price_taker_model: Found minimum uptime/downtime data for reverse_osmosis.ro_skid[3] - Adding minimum uptime/downtime constraints.
2026-05-29 13:49:57 [INFO] idaes.apps.grid_integration.pricetaker.price_taker_model: Created startup/shutdown constraints for operation model  reverse_osmosis.ro_skid[3] at ro_skid_3_startup_shutdown.
2026-05-29 13:49:57 [INFO] idaes.apps.grid_integration.pricetaker.price_taker_model: Found minimum uptime/downtime data for reverse_osmosis.ro_skid[4] - Adding minimum uptime/downtime constraints.
2026-05-29 13:49:57 [INFO] idaes.apps.grid_integration.pricetaker.price_taker_model: Created startup/shutdown constraints for operation model  reverse_osmosis.ro_skid[4] at ro_skid_4_startup_shutdown.
3598
Set parameter TokenServer to value "10.60.1.73"
Set parameter LogToConsole to value 1
Set parameter MIPGap to value 0.005
Gurobi Optimizer version 12.0.3 build v12.0.3rc0 (linux64 - "Red Hat Enterprise Linux 8.8 (Ootpa)")

CPU model: Intel(R) Xeon(R) Platinum 8470Q, instruction set [SSE2|AVX|AVX2|AVX512]
Thread count: 104 physical cores, 104 logical processors, using up to 32 threads

Non-default parameters:
MIPGap  0.005

Optimize a model with 16608 rows, 15701 columns and 43491 nonzeros
Model fingerprint: 0xfc4a234b
Model has 168 quadratic objective terms
Model has 3696 quadratic constraints
Variable types: 11259 continuous, 4442 integer (4442 binary)
Coefficient statistics:
  Matrix range     [3e-02, 2e+03]
  QMatrix range    [2e-07, 1e+00]
  QLMatrix range   [1e-04, 4e+01]
  Objective range  [1e-05, 5e-03]
  QObjective range [2e-04, 2e-04]
  Bounds range     [9e-01, 1e+03]
  RHS range        [1e+00, 3e+05]
  QRHS range       [3e-01, 4e+01]
Presolve removed 9987 rows and 8688 columns
Presolve time: 0.09s
Presolved: 19929 rows, 8318 columns, 54580 nonzeros
Presolved model has 3616 bilinear constraint(s)

Solving non-convex MIQCP

Variable types: 6252 continuous, 2066 integer (2065 binary)
Found heuristic solution: objective 12.0997172

Root relaxation: objective 1.090205e+01, 24978 iterations, 0.98 seconds (1.63 work units)

    Nodes    |    Current Node    |     Objective Bounds      |     Work
 Expl Unexpl |  Obj  Depth IntInf | Incumbent    BestBd   Gap | It/Node Time

     0     0   10.90205    0 3362   12.09972   10.90205  9.90%     -    1s
     0     0   11.46927    0 3679   12.09972   11.46927  5.21%     -    8s
     0     0   11.61931    0 3258   12.09972   11.61931  3.97%     -   11s
     0     0   11.73786    0 2886   12.09972   11.73786  2.99%     -   21s
H    0     0                      12.0997170   11.73786  2.99%     -   21s
     0     0   11.86542    0 3025   12.09972   11.86542  1.94%     -   25s
     0     0   11.86542    0 2765   12.09972   11.86542  1.94%     -   30s
     0     0   11.86542    0 2837   12.09972   11.86542  1.94%     -   34s
     0     0   11.88552    0 2335   12.09972   11.88552  1.77%     -   38s
     0     0   11.88552    0 2719   12.09972   11.88552  1.77%     -   41s
     0     0   11.88552    0 2666   12.09972   11.88552  1.77%     -   44s
     0     0   11.88552    0 2387   12.09972   11.88552  1.77%     -   47s
     0     0   11.88552    0 2753   12.09972   11.88552  1.77%     -   50s
     0     0   11.88552    0 2436   12.09972   11.88552  1.77%     -   52s
     0     2   11.88552    0 2471   12.09972   11.88552  1.77%     -   59s
     1     4   11.88552    1 2367   12.09972   11.88552  1.77%  5556   61s
     7    16   11.88552    3 2576   12.09972   11.88552  1.77% 20885   70s
    15    32   11.88552    4 2604   12.09972   11.88552  1.77% 23755   75s
    31    61   11.88552    5 2565   12.09972   11.88552  1.77% 22890   85s
    60    93   11.88552    6 2838   12.09972   11.88552  1.77% 19809   92s
    92   156   11.88552    7 2840   12.09972   11.88552  1.77% 22359  101s
   155   205   11.89322   10 2726   12.09972   11.88552  1.77% 20746  112s
   204   309   11.88552   10 2768   12.09972   11.88552  1.77% 20833  122s
   308   357   11.88552   13 2632   12.09972   11.88552  1.77% 16257  128s
   356   443   11.88552   13 2651   12.09972   11.88552  1.77% 16500  138s
H  364   443                      12.0997170   11.88552  1.77% 16295  138s
H  374   443                      12.0997170   11.88552  1.77% 16152  138s
H  417   443                      12.0997170   11.88552  1.77% 15343  138s
   442   529   11.88552   14 2555   12.09972   11.88552  1.77% 14967  147s
   528   613   11.88552   15 2578   12.09972   11.88552  1.77% 13775  157s
H  536   613                      12.0997169   11.88552  1.77% 13690  157s
   612   708   11.88552   16 2308   12.09972   11.88552  1.77% 12972  166s
   707   804   11.88552   17 2174   12.09972   11.88552  1.77% 12147  175s
H  753   804                      12.0997169   11.88552  1.77% 11748  175s
   805   895   11.88552   19 2243   12.09972   11.88552  1.77% 11363  184s
   900   988   11.88595   20 2133   12.09972   11.88552  1.77% 10770  194s
   995  1057   11.89068   21 2178   12.09972   11.88552  1.77% 10425  203s
  1064  1172   11.88552   23 2582   12.09972   11.88552  1.77% 10202  212s
H 1091  1172                      12.0997169   11.88552  1.77% 10104  212s
  1179  1283   11.88552   25 2521   12.09972   11.88552  1.77%  9825  221s
  1290  1388   11.88552   29 2474   12.09972   11.88552  1.77%  9598  231s
  1395  1513   11.90854   31 2343   12.09972   11.88552  1.77%  9415  240s
  1520  1644   11.88958   33 2517   12.09972   11.88552  1.77%  9248  249s
  1659  1771   11.88552   39 2516   12.09972   11.88552  1.77%  8965  259s
  1798  1926   11.88552   42 2605   12.09972   11.88552  1.77%  8825  269s
  1961  2059   11.90529   44 2515   12.09972   11.88552  1.77%  8590  276s
  2116  2157   11.93076   50 2576   12.09972   11.88552  1.77%  8452  284s
H 2163  2157                      12.0997168   11.88552  1.77%  8441  284s
  2218  2337   11.93082   51 2576   12.09972   11.88552  1.77%  8473  290s
  2420  2549   11.91537   59 2586   12.09972   11.88552  1.77%  8221  301s
H 2422  2549                      12.0997168   11.88552  1.77%  8220  301s
H 2489  2549                      12.0997167   11.88552  1.77%  8084  301s
H 2496  2549                      12.0997167   11.88552  1.77%  8096  301s
H 2501  2549                      12.0997166   11.88552  1.77%  8085  301s
H 2508  2549                      12.0997165   11.88552  1.77%  8095  301s
  2664  2794   12.01104   60 2638   12.09972   11.88552  1.77%  7917  311s
  2933  2998   11.92724   64 2525   12.09972   11.88552  1.77%  7605  321s
  3164  3264   11.92893   66 2543   12.09972   11.88552  1.77%  7421  329s
  3440  3578   11.93731   70 2462   12.09972   11.88552  1.77%  7204  338s
  3783  3801   11.95225   90 2296   12.09972   11.88552  1.77%  6892  346s
H 3849  3801                      12.0997165   11.88552  1.77%  6797  346s
H 3899  3801                      12.0997165   11.88552  1.77%  6744  346s
H 3922  3801                      12.0997164   11.88552  1.77%  6724  346s
  4024  4172   11.94384   95 2735   12.09972   11.88552  1.77%  6675  354s
  4403  4598   11.96275  112 2378   12.09972   11.88552  1.77%  6397  362s
  4869  5014   11.96969  130 2533   12.09972   11.88552  1.77%  6070  369s
  5337  5462   11.99327  145 2223   12.09972   11.88552  1.77%  5817  377s
  5815  5880   12.00159  173 2167   12.09972   11.88552  1.77%  5562  386s
  6273  6194   12.00165  180 2168   12.09972   11.88552  1.77%  5412  395s
  6671  6582   12.05917  199 2111   12.09972   11.88552  1.77%  5337  407s
  7091  7026   12.05489  210 2037   12.09972   11.88552  1.77%  5242  420s
  7604  7438   12.07981  215 2048   12.09972   11.88552  1.77%  5105  434s
  8069  7439   11.93204   38  524   12.09972   11.88552  1.77%  5035  473s
  8071  7440   12.01798   95  573   12.09972   11.88552  1.77%  5034  487s
  8072  7441   12.05611  235  450   12.09972   11.88552  1.77%  5033  495s
  8073  7442   12.01443  152  546   12.09972   11.98548  0.94%  5033  502s
  8074  7442   11.98548   88  618   12.09972   11.98548  0.94%  5032  516s
  8075  7443   12.04179  354  454   12.09972   12.00710  0.77%  5032  524s
  8076  7444   12.01945   21  436   12.09972   12.00710  0.77%  5031  530s
  8078  7445   12.00710   13  495   12.09972   12.00710  0.77%  5030  543s
  8079  7446   12.09321   73  590   12.09972   12.00710  0.77%  5029  549s
  8080  7446   12.05711   63  536   12.09972   12.00710  0.77%  5028  561s
  8081  7447   12.00710  131  560   12.09972   12.00710  0.77%  5028  574s
  8082  7448   12.00710   11  551   12.09972   12.00710  0.77%  5027  587s
  8083  7448   12.00710  123  531   12.09972   12.00710  0.77%  5027  598s
  8084  7449   12.00710   41  558   12.09972   12.00710  0.77%  5026  606s
  8085  7450   12.00710   30  572   12.09972   12.00710  0.77%  5025  610s
  8086  7450   12.00710  107  520   12.09972   12.00710  0.77%  5025  616s
  8088  7452   12.09721   59  545   12.09972   12.01611  0.69%  5023  632s
  8089  7452   12.01611   45  600   12.09972   12.01611  0.69%  5023  638s
  8090  7453   12.01611   14  626   12.09972   12.01611  0.69%  5022  647s
  8091  7454   12.01611  177  575   12.09972   12.01611  0.69%  5022  654s
  8092  7454   12.01611   15  485   12.09972   12.01611  0.69%  5021  659s
  8093  7455   12.01611   38  552   12.09972   12.01611  0.69%  5020  663s
  8094  7456   12.01611   63  550   12.09972   12.01611  0.69%  5020  675s
  8096  7457   12.01611   13  560   12.09972   12.01611  0.69%  5018  692s
  8097  7458   12.01611   22  541   12.09972   12.01611  0.69%  5018  699s
  8098  7458   12.05139   62  576   12.09972   12.01611  0.69%  5017  706s
  8099  7459   12.02883   51  576   12.09972   12.01611  0.69%  5017  720s
  8100  7460   12.01611   37  576   12.09972   12.01611  0.69%  5016  729s
  8101  7463   12.01611   16 2818   12.09972   12.01611  0.69%  5161  936s
  8103  7467   12.01611   17 2417   12.09972   12.01611  0.69%  5165 1008s
  8107  7473   12.01611   18 2385   12.09972   12.01611  0.69%  5175 1049s
  8115  7487   12.01611   19 2400   12.09972   12.01611  0.69%  5198 1079s
  8131  7513   12.01611   20 2263   12.09972   12.01611  0.69%  5239 1110s
  8163  7535   12.01611   21 2469   12.09972   12.01611  0.69%  5353 1122s
  8195  7614   12.01611   22 2251   12.09972   12.01611  0.69%  5468 1142s
  8285  7645   12.01611   25 2201   12.09972   12.01611  0.69%  5674 1158s
  8348  7689   12.01611   26 2083   12.09972   12.01611  0.69%  5854 1171s
  8415  7723   12.01611   27 2391   12.09972   12.01611  0.69%  6010 1190s
  8475  7767   12.01611   28 2422   12.09972   12.01611  0.69%  6157 1204s
  8539  7814   12.01611   29 2153   12.09972   12.01611  0.69%  6291 1217s
  8608  7899   12.01611   31 2432   12.09972   12.01611  0.69%  6405 1243s
  8722  7971   12.01611   32 2765   12.09972   12.01611  0.69%  6589 1260s
  8838  8153   12.01611   33 2388   12.09972   12.01611  0.69%  6780 1278s
  9058  8393   12.01611   36 2256   12.09972   12.01611  0.69%  6818 1298s
  9374  8578   12.01611   40 2128   12.09972   12.01611  0.69%  6800 1323s
H 9412  8191                      12.0997151   12.01611  0.69%  6787 1323s
  9676  8383   12.01611   44 2128   12.09972   12.01611  0.69%  6815 1342s
  9990  8516   12.01611   53 2166   12.09972   12.01611  0.69%  6839 1360s
 10307  8634   12.01941   57 2120   12.09972   12.01611  0.69%  6819 1380s
 10568  8841   12.01611   60 2349   12.09972   12.01611  0.69%  6854 1401s
 10882  9099   12.02701   68 2249   12.09972   12.01611  0.69%  6854 1422s
[2026-05-29T14:13:50.823] error: *** JOB 14020638 ON x1003c2s6b1n0 CANCELLED AT 2026-05-29T14:13:50 DUE to SIGNAL Terminated ***
