2026-05-29 14:44:16 [INFO] idaes.core.surrogate.pysmo_surrogate: Decode surrogate. type=poly

===========================Polynomial Regression===============================================

The number of cross-validation cases (3) is used.
The default training/cross-validation split of 0.75 is used.
No iterations will be run.
Default parameter estimation method is used.
Parameter estimation method:  pyomo 

2026-05-29 14:44:16 [INFO] idaes.core.surrogate.pysmo_surrogate: Decode surrogate. type=poly

===========================Polynomial Regression===============================================

The number of cross-validation cases (3) is used.
The default training/cross-validation split of 0.75 is used.
No iterations will be run.
Default parameter estimation method is used.
Parameter estimation method:  pyomo 

2026-05-29 14:44:16 [INFO] idaes.core.surrogate.pysmo_surrogate: Decode surrogate. type=poly

===========================Polynomial Regression===============================================

The number of cross-validation cases (3) is used.
The default training/cross-validation split of 0.75 is used.
No iterations will be run.
Default parameter estimation method is used.
Parameter estimation method:  pyomo 

2026-05-29 14:44:16 [INFO] idaes.core.surrogate.pysmo_surrogate: Decode surrogate. type=poly

===========================Polynomial Regression===============================================

The number of cross-validation cases (3) is used.
The default training/cross-validation split of 0.75 is used.
No iterations will be run.
Default parameter estimation method is used.
Parameter estimation method:  pyomo 

2026-05-29 14:44:17 [INFO] idaes.apps.grid_integration.pricetaker.price_taker_model: Found minimum uptime/downtime data for pretreatment.uf_pumps[1] - Adding minimum uptime/downtime constraints.
2026-05-29 14:44:17 [INFO] idaes.apps.grid_integration.pricetaker.price_taker_model: Created startup/shutdown constraints for operation model  pretreatment.uf_pumps[1] at uf_pumps_1_startup_shutdown.
2026-05-29 14:44:17 [INFO] idaes.apps.grid_integration.pricetaker.price_taker_model: Found minimum uptime/downtime data for pretreatment.uf_pumps[2] - Adding minimum uptime/downtime constraints.
2026-05-29 14:44:17 [INFO] idaes.apps.grid_integration.pricetaker.price_taker_model: Created startup/shutdown constraints for operation model  pretreatment.uf_pumps[2] at uf_pumps_2_startup_shutdown.
2026-05-29 14:44:17 [INFO] idaes.apps.grid_integration.pricetaker.price_taker_model: Found minimum uptime/downtime data for pretreatment.uf_pumps[3] - Adding minimum uptime/downtime constraints.
2026-05-29 14:44:17 [INFO] idaes.apps.grid_integration.pricetaker.price_taker_model: Created startup/shutdown constraints for operation model  pretreatment.uf_pumps[3] at uf_pumps_3_startup_shutdown.
2026-05-29 14:44:17 [INFO] idaes.apps.grid_integration.pricetaker.price_taker_model: Found minimum uptime/downtime data for reverse_osmosis.ro_skid[1] - Adding minimum uptime/downtime constraints.
2026-05-29 14:44:17 [INFO] idaes.apps.grid_integration.pricetaker.price_taker_model: Created startup/shutdown constraints for operation model  reverse_osmosis.ro_skid[1] at ro_skid_1_startup_shutdown.
2026-05-29 14:44:17 [INFO] idaes.apps.grid_integration.pricetaker.price_taker_model: Found minimum uptime/downtime data for reverse_osmosis.ro_skid[2] - Adding minimum uptime/downtime constraints.
2026-05-29 14:44:17 [INFO] idaes.apps.grid_integration.pricetaker.price_taker_model: Created startup/shutdown constraints for operation model  reverse_osmosis.ro_skid[2] at ro_skid_2_startup_shutdown.
2026-05-29 14:44:17 [INFO] idaes.apps.grid_integration.pricetaker.price_taker_model: Found minimum uptime/downtime data for reverse_osmosis.ro_skid[3] - Adding minimum uptime/downtime constraints.
2026-05-29 14:44:17 [INFO] idaes.apps.grid_integration.pricetaker.price_taker_model: Created startup/shutdown constraints for operation model  reverse_osmosis.ro_skid[3] at ro_skid_3_startup_shutdown.
2026-05-29 14:44:17 [INFO] idaes.apps.grid_integration.pricetaker.price_taker_model: Found minimum uptime/downtime data for reverse_osmosis.ro_skid[4] - Adding minimum uptime/downtime constraints.
2026-05-29 14:44:17 [INFO] idaes.apps.grid_integration.pricetaker.price_taker_model: Created startup/shutdown constraints for operation model  reverse_osmosis.ro_skid[4] at ro_skid_4_startup_shutdown.
2254
Set parameter TokenServer to value "10.60.1.73"
Set parameter LogToConsole to value 1
Set parameter MIPGap to value 0.005
Gurobi Optimizer version 12.0.3 build v12.0.3rc0 (linux64 - "Red Hat Enterprise Linux 8.8 (Ootpa)")

CPU model: Intel(R) Xeon(R) Platinum 8470QL, instruction set [SSE2|AVX|AVX2|AVX512]
Thread count: 104 physical cores, 104 logical processors, using up to 32 threads

Non-default parameters:
MIPGap  0.005

Optimize a model with 18623 rows, 15029 columns and 46159 nonzeros
Model fingerprint: 0xe8f9c09b
Model has 168 quadratic objective terms
Model has 2352 quadratic constraints
Variable types: 10587 continuous, 4442 integer (4442 binary)
Coefficient statistics:
  Matrix range     [3e-02, 2e+03]
  QMatrix range    [2e-07, 1e+00]
  QLMatrix range   [1e-04, 1e+00]
  Objective range  [1e-05, 5e-03]
  QObjective range [2e-04, 2e-04]
  Bounds range     [1e+00, 1e+03]
  RHS range        [1e+00, 3e+05]
  QRHS range       [2e-01, 3e-01]
Presolve removed 14414 rows and 11724 columns
Presolve time: 0.09s
Presolved: 7779 rows, 3306 columns, 21173 nonzeros
Presolved model has 1020 bilinear constraint(s)

Solving non-convex MIQCP

Variable types: 1552 continuous, 1754 integer (1748 binary)
Found heuristic solution: objective 18.6407316

Root relaxation: objective 1.124589e+01, 5117 iterations, 0.29 seconds (0.45 work units)

    Nodes    |    Current Node    |     Objective Bounds      |     Work
 Expl Unexpl |  Obj  Depth IntInf | Incumbent    BestBd   Gap | It/Node Time

     0     0   11.24589    0 1255   18.64073   11.24589  39.7%     -    0s
H    0     0                      16.8905633   11.24589  33.4%     -    0s
H    0     0                      16.3005633   11.24589  31.0%     -    0s
     0     0   11.67269    0 1435   16.30056   11.67269  28.4%     -    0s
H    0     0                      13.3409807   11.67269  12.5%     -    0s
H    0     0                      13.3209807   11.67269  12.4%     -    0s
     0     0   11.67340    0 1472   13.32098   11.67340  12.4%     -    0s
     0     0   11.68758    0 1472   13.32098   11.68758  12.3%     -    1s
H    0     0                      13.2728655   11.68758  11.9%     -    1s
     0     0   11.68895    0 1456   13.27287   11.68895  11.9%     -    1s
     0     0   11.76288    0 1199   13.27287   11.76288  11.4%     -    1s
     0     0   11.76482    0 1280   13.27287   11.76482  11.4%     -    1s
     0     0   11.76888    0 1295   13.27287   11.76888  11.3%     -    2s
     0     0   11.76918    0 1302   13.27287   11.76918  11.3%     -    2s
     0     0   11.76966    0 1317   13.27287   11.76966  11.3%     -    2s
     0     0   11.76967    0 1311   13.27287   11.76967  11.3%     -    2s
     0     0   11.76976    0 1323   13.27287   11.76976  11.3%     -    2s
     0     0   11.76983    0 1301   13.27287   11.76983  11.3%     -    2s
H    0     2                      13.2566852   11.76983  11.2%     -    2s
     0     2   11.76983    0 1301   13.25669   11.76983  11.2%     -    2s
H   34    64                      13.1532524   11.77404  10.5%  1048    4s
H   35    64                      12.8726187   11.77404  8.53%  1031    4s
H   39    64                      12.7428597   11.77404  7.60%   959    4s
H   96   153                      12.6387658   11.77610  6.83%   740    4s
H   98   153                      12.5346405   11.77610  6.05%   730    4s
H  112   153                      12.4951677   11.77610  5.75%   675    4s
H  128   153                      12.4425237   11.77610  5.36%   614    4s
H  132   153                      12.4150587   11.77610  5.15%   611    4s
H  152   257                      12.3900587   11.77610  4.96%   579    5s
H  256   335                      12.3566142   11.77610  4.70%   477    5s
H  290   335                      12.3549448   11.77610  4.69%   465    5s
H  291   335                      12.3502367   11.77610  4.65%   466    5s
H  475   519                      12.2999207   11.77610  4.26%   395    5s
H  518   618                      12.2849207   11.77610  4.14%   379    5s
H  665   703                      12.2174735   11.77610  3.61%   351    6s
H  992   989                      12.1658241   11.78008  3.17%   317    6s
H 1006  1002                      12.1537592   11.78008  3.07%   318    7s
H 1008  1002                      12.1472949   11.78008  3.02%   320    7s
H 1010  1002                      12.1131221   11.78008  2.75%   319    7s
H 1022  1002                      12.0807872   11.78008  2.49%   321    7s
H 1109  1098                      12.0707872   11.78987  2.33%   316    7s
H 1346  1331                      12.0639765   11.79087  2.26%   303    7s
H 1353  1331                      12.0518904   11.79087  2.17%   304    7s
H 1359  1331                      12.0511024   11.79087  2.16%   305    7s
H 1507  1478                      12.0476779   11.79087  2.13%   296    7s
H 1594  1584                      12.0226283   11.79087  1.93%   289    8s
H 1599  1584                      12.0158175   11.79087  1.87%   288    8s
H 1867  1897                      12.0157354   11.80385  1.76%   282    8s
H 1908  1897                      12.0108188   11.80385  1.72%   284    8s
H 1950  1897                      12.0059199   11.80385  1.68%   279    8s
H 2280  1936                      11.9960994   11.80385  1.60%   260    9s
  3137  2765   11.83418   43 1004   11.99610   11.80483  1.59%   226   15s
H 3468  2900                      11.9831267   11.80483  1.49%   215   15s
H 3523  2900                      11.9830429   11.80483  1.49%   213   15s
H 3851  3240                      11.9829160   11.80483  1.49%   203   15s
H 4175  3602                      11.9828511   11.80524  1.48%   195   15s
H 4847  4218                      11.9818716   11.80631  1.47%   184   16s
H 5136  4218                      11.9818417   11.80631  1.46%   179   16s
H 5178  4008                      11.9818417   11.80631  1.46%   179   18s
  5184  4012   11.85326   61  492   11.98184   11.80631  1.46%   179   20s
  5198  4024   11.80631   12 1235   11.98184   11.80631  1.46%   181   34s
  5200  4028   11.80631   13 1274   11.98184   11.80631  1.46%   181   35s
  5999  4539   11.91531   24 1067   11.98184   11.80631  1.46%   215   40s
H 6278  4436                      11.9818372   11.80631  1.46%   217   40s
H 7385  4931                      11.9818372   11.80631  1.46%   222   43s
H 7491  4714                      11.9818372   11.80631  1.46%   221   43s
  8288  5375   11.83403   37 1150   11.98184   11.81047  1.43%   220   45s
H12175  7040                      11.9786308   11.81746  1.35%   213   49s
 12503  7384   11.88056   51 1143   11.97863   11.81746  1.35%   212   50s
H12514  7217                      11.9786307   11.81746  1.35%   212   50s
H12552  7041                      11.9783802   11.81746  1.34%   212   50s
H12722  6836                      11.9783801   11.81746  1.34%   211   50s
H12904  6636                      11.9783801   11.82141  1.31%   210   50s
H13152  6905                      11.9783801   11.82141  1.31%   209   50s
H14202  5473                      11.9604115   11.82597  1.12%   206   51s
H14203  5215                      11.9585132   11.82597  1.11%   206   51s
H14214  3422                      11.9415708   11.82597  0.97%   206   51s
H14296  2411                      11.9316613   11.82597  0.89%   206   51s
 16174  3167 infeasible   87        11.93166   11.85746  0.62%   221   55s

Cutting planes:
  Learned: 30
  Gomory: 10
  Cover: 80
  Implied bound: 42
  Projected implied bound: 1
  MIR: 73
  Flow cover: 385
  GUB cover: 5
  Zero half: 2
  RLT: 944
  Relax-and-lift: 9

Explored 19292 nodes (4608480 simplex iterations) in 59.31 seconds (117.34 work units)
Thread count was 32 (of 104 available processors)

Solution count 10: 11.9317 11.9416 11.9585 ... 11.9818

Optimal solution found (tolerance 5.00e-03)
Best objective 1.193166134410e+01, best bound 1.189130027775e+01, gap 0.3383%
m.flow_changes_penalty(): 950.0
Total operational cost: 118366.61
Maximum power (kW): 1466.21
Discharge energy capacity (kWh): 16513.41
Charge energy capacity (kWh): 20231.93
Levelized Cost of Flexibility ($/kWh): 1.09
{'fixed_demand_cost': 6562.443627580444, 'variable_demand_cost': 6015.541136426087, 'fixed_monthly_cost': 171938.17204301074, 'total_water_production': 282322.9499999999, 'total_energy_cost': 20300.73072704691, 'total_demand_cost': 12577.98476400653, 'total_customer_cost': 0.0, 'total_feed_cost': 50869.000000000146, 'total_brine_cost': 15311.568999996614, 'total_chemical_cost': 19307.32894999979, 'total_water_revenue': 0.0, 'total_demand_response_revenue': 0.0, 'total_emissions_cost': 0.0, 'total_op_cost': 118366.61344105, 'fixed_cost': 121551.98252688172, 'total_cost': 239918.59596793173, 'LCOW': 0.8498019589549196, 'degree_of_flex': 0.0718562874251497, 'total_replacement_cost': 999.4926912958135, 'maximum_power': 1466.2124273779048, 'energy_capacity': 16513.41283850796, 'power_capacity': 351.3492093299566, 'round_trip_efficiency': 0, 'LVOF': 1.088313928561976}
Saved operation variable results to: /home/rchurchi/watertap_test/watertap/tutorials/flex_ro/wrd_result_summer_no_flex_2_flexible_trains.csv
2026-05-29 14:45:20 [INFO] idaes.core.surrogate.pysmo_surrogate: Decode surrogate. type=poly

===========================Polynomial Regression===============================================

The number of cross-validation cases (3) is used.
The default training/cross-validation split of 0.75 is used.
No iterations will be run.
Default parameter estimation method is used.
Parameter estimation method:  pyomo 

2026-05-29 14:45:20 [INFO] idaes.core.surrogate.pysmo_surrogate: Decode surrogate. type=poly

===========================Polynomial Regression===============================================

The number of cross-validation cases (3) is used.
The default training/cross-validation split of 0.75 is used.
No iterations will be run.
Default parameter estimation method is used.
Parameter estimation method:  pyomo 

2026-05-29 14:45:20 [INFO] idaes.core.surrogate.pysmo_surrogate: Decode surrogate. type=poly

===========================Polynomial Regression===============================================

The number of cross-validation cases (3) is used.
The default training/cross-validation split of 0.75 is used.
No iterations will be run.
Default parameter estimation method is used.
Parameter estimation method:  pyomo 

2026-05-29 14:45:20 [INFO] idaes.core.surrogate.pysmo_surrogate: Decode surrogate. type=poly

===========================Polynomial Regression===============================================

The number of cross-validation cases (3) is used.
The default training/cross-validation split of 0.75 is used.
No iterations will be run.
Default parameter estimation method is used.
Parameter estimation method:  pyomo 

2026-05-29 14:45:22 [INFO] idaes.apps.grid_integration.pricetaker.price_taker_model: Found minimum uptime/downtime data for pretreatment.uf_pumps[1] - Adding minimum uptime/downtime constraints.
2026-05-29 14:45:22 [INFO] idaes.apps.grid_integration.pricetaker.price_taker_model: Created startup/shutdown constraints for operation model  pretreatment.uf_pumps[1] at uf_pumps_1_startup_shutdown.
2026-05-29 14:45:22 [INFO] idaes.apps.grid_integration.pricetaker.price_taker_model: Found minimum uptime/downtime data for pretreatment.uf_pumps[2] - Adding minimum uptime/downtime constraints.
2026-05-29 14:45:22 [INFO] idaes.apps.grid_integration.pricetaker.price_taker_model: Created startup/shutdown constraints for operation model  pretreatment.uf_pumps[2] at uf_pumps_2_startup_shutdown.
2026-05-29 14:45:22 [INFO] idaes.apps.grid_integration.pricetaker.price_taker_model: Found minimum uptime/downtime data for pretreatment.uf_pumps[3] - Adding minimum uptime/downtime constraints.
2026-05-29 14:45:22 [INFO] idaes.apps.grid_integration.pricetaker.price_taker_model: Created startup/shutdown constraints for operation model  pretreatment.uf_pumps[3] at uf_pumps_3_startup_shutdown.
2026-05-29 14:45:22 [INFO] idaes.apps.grid_integration.pricetaker.price_taker_model: Found minimum uptime/downtime data for reverse_osmosis.ro_skid[1] - Adding minimum uptime/downtime constraints.
2026-05-29 14:45:22 [INFO] idaes.apps.grid_integration.pricetaker.price_taker_model: Created startup/shutdown constraints for operation model  reverse_osmosis.ro_skid[1] at ro_skid_1_startup_shutdown.
2026-05-29 14:45:22 [INFO] idaes.apps.grid_integration.pricetaker.price_taker_model: Found minimum uptime/downtime data for reverse_osmosis.ro_skid[2] - Adding minimum uptime/downtime constraints.
2026-05-29 14:45:22 [INFO] idaes.apps.grid_integration.pricetaker.price_taker_model: Created startup/shutdown constraints for operation model  reverse_osmosis.ro_skid[2] at ro_skid_2_startup_shutdown.
2026-05-29 14:45:22 [INFO] idaes.apps.grid_integration.pricetaker.price_taker_model: Found minimum uptime/downtime data for reverse_osmosis.ro_skid[3] - Adding minimum uptime/downtime constraints.
2026-05-29 14:45:22 [INFO] idaes.apps.grid_integration.pricetaker.price_taker_model: Created startup/shutdown constraints for operation model  reverse_osmosis.ro_skid[3] at ro_skid_3_startup_shutdown.
2026-05-29 14:45:22 [INFO] idaes.apps.grid_integration.pricetaker.price_taker_model: Found minimum uptime/downtime data for reverse_osmosis.ro_skid[4] - Adding minimum uptime/downtime constraints.
2026-05-29 14:45:22 [INFO] idaes.apps.grid_integration.pricetaker.price_taker_model: Created startup/shutdown constraints for operation model  reverse_osmosis.ro_skid[4] at ro_skid_4_startup_shutdown.
2926
Set parameter LogToConsole to value 1
Set parameter MIPGap to value 0.005
Gurobi Optimizer version 12.0.3 build v12.0.3rc0 (linux64 - "Red Hat Enterprise Linux 8.8 (Ootpa)")

CPU model: Intel(R) Xeon(R) Platinum 8470QL, instruction set [SSE2|AVX|AVX2|AVX512]
Thread count: 104 physical cores, 104 logical processors, using up to 32 threads

Non-default parameters:
MIPGap  0.005

Optimize a model with 17279 rows, 15701 columns and 43565 nonzeros
Model fingerprint: 0x15d2da3a
Model has 168 quadratic objective terms
Model has 3696 quadratic constraints
Variable types: 11259 continuous, 4442 integer (4442 binary)
Coefficient statistics:
  Matrix range     [3e-02, 2e+03]
  QMatrix range    [2e-07, 1e+00]
  QLMatrix range   [1e-04, 4e+01]
  Objective range  [1e-05, 5e-03]
  QObjective range [2e-04, 2e-04]
  Bounds range     [9e-01, 1e+03]
  RHS range        [1e+00, 3e+05]
  QRHS range       [3e-01, 4e+01]
Presolve removed 12251 rows and 9643 columns
Presolve time: 0.06s
Presolved: 14408 rows, 6381 columns, 38873 nonzeros
Presolved model has 2324 bilinear constraint(s)

Solving non-convex MIQCP

Variable types: 4618 continuous, 1763 integer (1757 binary)
Found heuristic solution: objective 18.6407327

Root relaxation: objective 1.094961e+01, 15050 iterations, 1.29 seconds (2.00 work units)

    Nodes    |    Current Node    |     Objective Bounds      |     Work
 Expl Unexpl |  Obj  Depth IntInf | Incumbent    BestBd   Gap | It/Node Time

     0     0   10.94961    0 2011   18.64073   10.94961  41.3%     -    1s
     0     0   11.65669    0 1792   18.64073   11.65669  37.5%     -    2s
H    0     0                      13.8290777   11.65669  15.7%     -    2s
H    0     0                      13.8190777   11.65669  15.6%     -    2s
     0     0   11.65696    0 1814   13.81908   11.65696  15.6%     -    2s
     0     0   11.68100    0 2103   13.81908   11.68100  15.5%     -    3s
H    0     0                      13.7971152   11.68100  15.3%     -    3s
     0     0   11.68100    0 1986   13.79712   11.68100  15.3%     -    3s
     0     0   11.68928    0 2030   13.79712   11.68928  15.3%     -    3s
     0     0   11.68963    0 1892   13.79712   11.68963  15.3%     -    3s
     0     0   11.69184    0 2065   13.79712   11.69184  15.3%     -    4s
H    0     0                      13.7411262   11.69184  14.9%     -    4s
H    0     0                      13.7151659   11.69184  14.8%     -    4s
     0     0   11.69737    0 2149   13.71517   11.69737  14.7%     -    4s
     0     0   11.69774    0 2113   13.71517   11.69774  14.7%     -    4s
     0     0   11.69788    0 2119   13.71517   11.69788  14.7%     -    4s
     0     0   11.69788    0 2168   13.71517   11.69788  14.7%     -    4s
H    0     0                      13.6829969   11.69788  14.5%     -    4s
     0     0   11.69788    0 2116   13.68300   11.69788  14.5%     -    5s
     0     0   11.73931    0 2005   13.68300   11.73931  14.2%     -    6s
H    0     0                      13.2834644   11.73931  11.6%     -    6s
H    0     0                      13.2773856   11.73931  11.6%     -    6s
H    0     0                      13.2373856   11.73931  11.3%     -    6s
     0     0   11.73970    0 1961   13.23739   11.73970  11.3%     -    6s
     0     0   11.74673    0 2008   13.23739   11.74673  11.3%     -    6s
H    0     0                      13.1986467   11.74673  11.0%     -    6s
H    0     0                      13.1762274   11.74673  10.8%     -    7s
     0     0   11.75290    0 2012   13.17623   11.75290  10.8%     -    7s
     0     0   11.75290    0 1953   13.17623   11.75290  10.8%     -    7s
     0     0   11.75290    0 2017   13.17623   11.75290  10.8%     -    7s
     0     0   11.75290    0 1940   13.17623   11.75290  10.8%     -    7s
H    0     0                      13.1762274   11.75290  10.8%     -    7s
H    0     0                      13.1741729   11.75290  10.8%     -    7s
H    0     0                      13.1712477   11.75290  10.8%     -    7s
     0     0   11.75290    0 1947   13.17125   11.75290  10.8%     -    7s
     0     0   11.75290    0 1932   13.17125   11.75290  10.8%     -    7s
     0     0   11.75290    0 1947   13.17125   11.75290  10.8%     -    8s
H    0     0                      13.0910672   11.75290  10.2%     -    9s
H    0     0                      13.0428338   11.75291  9.89%     -    9s
H    0     0                      13.0415527   11.75291  9.88%     -    9s
H    0     0                      13.0411554   11.75291  9.88%     -    9s
H    0     0                      13.0387019   11.75291  9.86%     -    9s
     0     2   11.75291    0 1947   13.03870   11.75291  9.86%     -    9s
     3     8   11.75317    2 1747   13.03870   11.75291  9.86%   754   10s
H   32    64                      12.7954509   11.76017  8.09%  1049   12s
H   35    64                      12.7083015   11.76017  7.46%  1003   12s
H   53    64                      12.7050225   11.76577  7.39%   815   12s
H   95   166                      12.6900729   11.76577  7.28%   606   13s
H   99   166                      12.6680602   11.76577  7.12%   587   13s
H  104   166                      12.6610661   11.76577  7.07%   570   13s
H  124   166                      12.6508751   11.76577  7.00%   518   13s
H  143   166                      12.6390267   11.76577  6.91%   503   13s
H  235   301                      12.6215322   11.76577  6.78%   541   14s
H  239   301                      12.6190830   11.76577  6.76%   539   14s
H  243   301                      12.6110252   11.76577  6.70%   532   14s
H  264   301                      12.2654286   11.76577  4.07%   520   14s
H  293   301                      12.2629500   11.76577  4.05%   499   14s
H  300   370                      12.2579500   11.76577  4.02%   499   15s
H  387   422                      12.2536526   11.76577  3.98%   490   15s
H  502   565                      12.2416204   11.76577  3.89%   479   16s
H  504   565                      12.2409300   11.76577  3.88%   480   16s
H  514   565                      12.2133007   11.76577  3.66%   476   16s
H  536   565                      12.1869963   11.76577  3.46%   495   16s
H  597   661                      12.1727481   11.76577  3.34%   477   17s
H  601   661                      12.1263763   11.76577  2.97%   479   17s
H  760   845                      12.1082514   11.76577  2.83%   445   18s
H  762   845                      12.1080082   11.76577  2.83%   444   18s
H  769   845                      12.1013161   11.76577  2.77%   444   18s
   932  1028   11.81215   23 1591   12.10132   11.76577  2.77%   437   21s
H  935  1028                      12.0942019   11.76577  2.72%   437   21s
H  989  1028                      12.0924562   11.76577  2.70%   431   21s
H 1102  1141                      12.0686542   11.76577  2.51%   419   21s
  1602  1731   11.81272   29 1515   12.06865   11.76577  2.51%   363   25s
H 1616  1731                      12.0637595   11.76577  2.47%   367   25s
H 1638  1731                      12.0558877   11.76577  2.41%   364   25s
H 2200  2258                      12.0501284   11.76743  2.35%   323   26s
H 2672  2835                      12.0494884   11.76743  2.34%   308   28s
H 2686  2833                      12.0487312   11.76743  2.33%   307   28s
H 2763  2833                      12.0480164   11.76743  2.33%   306   28s
H 2780  2822                      12.0431105   11.76743  2.29%   306   28s
H 2983  2971                      12.0377088   11.76743  2.25%   300   29s
H 3080  3144                      12.0355959   11.76743  2.23%   302   29s
H 3093  3118                      12.0305422   11.76743  2.19%   302   29s
  3284  3312   11.83106   37 1451   12.03054   11.76743  2.19%   300   30s
H 3553  3527                      12.0285391   11.77143  2.14%   294   30s
H 3615  3527                      12.0284879   11.77143  2.14%   292   30s
H 3680  3527                      12.0282646   11.77143  2.14%   293   30s
H 3903  3733                      12.0254163   11.77143  2.11%   290   31s
H 3923  3702                      12.0207225   11.77143  2.07%   290   31s
H 3950  3900                      12.0153597   11.77143  2.03%   290   31s
H 3987  3892                      12.0142703   11.77143  2.02%   288   31s
H 4196  3892                      12.0142439   11.77143  2.02%   284   31s
H 4496  4178                      12.0124574   11.77143  2.01%   279   32s
H 4538  4449                      12.0120947   11.77143  2.00%   278   33s
H 4655  4304                      11.9977775   11.77143  1.89%   276   33s
H 4719  4300                      11.9972493   11.77143  1.88%   275   33s
H 5211  4938                      11.9965511   11.77143  1.88%   267   34s
H 5216  4844                      11.9911760   11.77143  1.83%   267   34s
H 5227  4841                      11.9908397   11.77143  1.83%   268   34s
  5530  5124   11.85629   49 1483   11.99084   11.77143  1.83%   261   35s
H 5878  5387                      11.9878571   11.77143  1.81%   258   35s
  6176  5776   11.86128   51 1426   11.98786   11.77143  1.81%   255   45s
H 6648  6080                      11.9877155   11.77143  1.80%   253   46s
H 7329  6644                      11.9877053   11.77143  1.80%   252   48s
H 8004  6919                      11.9873917   11.77143  1.80%   250   49s
H 8004  6690                      11.9810533   11.77143  1.75%   250   49s
H 8004  6468                      11.9760533   11.77143  1.71%   250   49s
H 8004  6452                      11.9757739   11.77143  1.71%   250   49s
H 8004  6442                      11.9755732   11.77143  1.70%   250   49s
  8005  6418   11.89013   32  478   11.97557   11.77143  1.70%   250   52s
  8007  6419   11.95216  101  535   11.97557   11.77143  1.70%   250   55s
  8011  6422   11.91945  160  556   11.97557   11.77143  1.70%   250   60s
H 8011  6100                      11.9657816   11.77143  1.62%   250   61s
  8016  6103   11.94937  101  596   11.96578   11.77143  1.62%   250   65s
H 8018  5800                      11.9657816   11.77143  1.62%   250   66s
  8027  5806   11.96578  206  586   11.96578   11.77143  1.62%   250   72s
  8029  5810   11.77143   11 1859   11.96578   11.77143  1.62%   255  112s
  8035  5820   11.78331   13 1803   11.96578   11.77143  1.62%   256  115s
H 8059  5568                      11.9657816   11.77350  1.61%   261  118s
H 8060  5292                      11.9657810   11.77350  1.61%   261  118s
H 8061  5029                      11.9657790   11.77350  1.61%   261  118s
H 8086  4771                      11.9657782   11.78097  1.54%   265  118s
H 8090  4534                      11.9657747   11.78097  1.54%   265  118s
  8091  4565   11.79341   16 1698   11.96577   11.78097  1.54%   266  120s
H 8330  4495                      11.9657729   11.78097  1.54%   275  122s
  8604  4677   11.82099   22 1618   11.96577   11.78097  1.54%   281  125s
  8882  4843   11.82665   25 1513   11.96577   11.78097  1.54%   288  130s
H 8903  4622                      11.9603031   11.78097  1.50%   289  130s
H 9061  4471                      11.9553031   11.78097  1.46%   290  131s
  9361  4673   11.82875   29 1516   11.95530   11.80214  1.28%   294  135s
H10150  4841                      11.9518783   11.81143  1.18%   299  138s
H10160  4655                      11.9516842   11.81143  1.17%   299  138s
 10268  4782   11.83373   34 1421   11.95168   11.81143  1.17%   302  140s
H10269  4531                      11.9416842   11.81143  1.09%   302  140s
H10556  4193                      11.9316842   11.81235  1.00%   303  141s
 11099  4107   11.84663   37 1485   11.93168   11.81589  0.97%   311  145s
H11616  4173                      11.9316730   11.81945  0.94%   317  148s
 12156  4281   11.92694   41 1342   11.93167   11.81945  0.94%   320  151s
H12676  4257                      11.9316616   11.82340  0.91%   326  154s
 12794  4396   11.86146   45 1433   11.93166   11.82340  0.91%   328  155s
 13541  4457     cutoff   49        11.93166   11.82740  0.87%   346  161s
H13916  4292                      11.9316615   11.83283  0.83%   355  162s
 14273  4325   11.89924   55 1482   11.93166   11.83283  0.83%   363  165s
H14277  4189                      11.9316615   11.83283  0.83%   363  165s
H14284  4059                      11.9316613   11.83283  0.83%   363  165s
H14333  3921                      11.9316613   11.83283  0.83%   365  165s
H14507  3808                      11.9316613   11.83649  0.80%   370  168s
 14529  3892   11.91024   57 1440   11.93166   11.83649  0.80%   371  170s
H14559  3873                      11.9316608   11.83649  0.80%   373  170s
 15135  3991     cutoff   64        11.93166   11.83649  0.80%   392  175s
H15666  4211                      11.9316608   11.83649  0.80%   408  179s
 15889  4359   11.92772   40 1120   11.93166   11.83649  0.80%   413  181s
 16544  4671     cutoff   47        11.93166   11.85415  0.65%   427  185s
 18126  5564   11.88354   26 1543   11.93166   11.86986  0.52%   438  191s

Cutting planes:
  Learned: 30
  Gomory: 165
  Cover: 85
  Implied bound: 27
  Projected implied bound: 4
  MIR: 124
  StrongCG: 1
  Flow cover: 438
  GUB cover: 2
  RLT: 1521
  Relax-and-lift: 40
  PSD: 1

Explored 18506 nodes (8164307 simplex iterations) in 191.31 seconds (398.91 work units)
Thread count was 32 (of 104 available processors)

Solution count 10: 11.9317 11.9317 11.9317 ... 11.9517

Optimal solution found (tolerance 5.00e-03)
Best objective 1.193166082589e+01, best bound 1.187207639786e+01, gap 0.4994%
m.flow_changes_penalty(): 950.0
Total operational cost: 118366.61
Maximum power (kW): 1466.21
Discharge energy capacity (kWh): 16513.41
Charge energy capacity (kWh): 20231.90
Levelized Cost of Flexibility ($/kWh): 1.09
{'fixed_demand_cost': 6562.44135748278, 'variable_demand_cost': 6015.541136426087, 'fixed_monthly_cost': 171938.17204301074, 'total_water_production': 282322.94999999984, 'total_energy_cost': 20300.727814997113, 'total_demand_cost': 12577.982493908868, 'total_customer_cost': 0.0, 'total_feed_cost': 50869.00000000012, 'total_brine_cost': 15311.568999999961, 'total_chemical_cost': 19307.32895000006, 'total_water_revenue': 0.0, 'total_demand_response_revenue': 0.0, 'total_emissions_cost': 0.0, 'total_op_cost': 118366.60825890611, 'fixed_cost': 121551.98252688172, 'total_cost': 239918.59078578785, 'LCOW': 0.8498019405995438, 'degree_of_flex': 0.0718562874251497, 'total_replacement_cost': 999.4926912958135, 'maximum_power': 1466.2119201818596, 'energy_capacity': 16513.41283850776, 'power_capacity': 351.3492093299523, 'round_trip_efficiency': 0, 'LVOF': 1.088314242376433}
Saved operation variable results to: /home/rchurchi/watertap_test/watertap/tutorials/flex_ro/wrd_result_summer_rr_2_flexible_trains.csv
Saved summary results to: /home/rchurchi/watertap_test/watertap/tutorials/flex_ro/wrd_pricetaker_summary_results_20260529_144837.csv
