2026-06-09 08:19:38 [INFO] idaes.core.surrogate.pysmo_surrogate: Decode surrogate. type=poly

===========================Polynomial Regression===============================================

The number of cross-validation cases (3) is used.
The default training/cross-validation split of 0.75 is used.
No iterations will be run.
Default parameter estimation method is used.
Parameter estimation method:  pyomo 

2026-06-09 08:19:38 [INFO] idaes.core.surrogate.pysmo_surrogate: Decode surrogate. type=poly

===========================Polynomial Regression===============================================

The number of cross-validation cases (3) is used.
The default training/cross-validation split of 0.75 is used.
No iterations will be run.
Default parameter estimation method is used.
Parameter estimation method:  pyomo 

2026-06-09 08:19:38 [INFO] idaes.core.surrogate.pysmo_surrogate: Decode surrogate. type=poly

===========================Polynomial Regression===============================================

The number of cross-validation cases (3) is used.
The default training/cross-validation split of 0.75 is used.
No iterations will be run.
Default parameter estimation method is used.
Parameter estimation method:  pyomo 

2026-06-09 08:19:38 [INFO] idaes.core.surrogate.pysmo_surrogate: Decode surrogate. type=poly

===========================Polynomial Regression===============================================

The number of cross-validation cases (3) is used.
The default training/cross-validation split of 0.75 is used.
No iterations will be run.
Default parameter estimation method is used.
Parameter estimation method:  pyomo 

2026-06-09 08:19:40 [INFO] idaes.apps.grid_integration.pricetaker.price_taker_model: Found minimum uptime/downtime data for pretreatment.uf_pumps[1] - Adding minimum uptime/downtime constraints.
2026-06-09 08:19:40 [INFO] idaes.apps.grid_integration.pricetaker.price_taker_model: Created startup/shutdown constraints for operation model  pretreatment.uf_pumps[1] at uf_pumps_1_startup_shutdown.
2026-06-09 08:19:40 [INFO] idaes.apps.grid_integration.pricetaker.price_taker_model: Found minimum uptime/downtime data for pretreatment.uf_pumps[2] - Adding minimum uptime/downtime constraints.
2026-06-09 08:19:40 [INFO] idaes.apps.grid_integration.pricetaker.price_taker_model: Created startup/shutdown constraints for operation model  pretreatment.uf_pumps[2] at uf_pumps_2_startup_shutdown.
2026-06-09 08:19:40 [INFO] idaes.apps.grid_integration.pricetaker.price_taker_model: Found minimum uptime/downtime data for pretreatment.uf_pumps[3] - Adding minimum uptime/downtime constraints.
2026-06-09 08:19:40 [INFO] idaes.apps.grid_integration.pricetaker.price_taker_model: Created startup/shutdown constraints for operation model  pretreatment.uf_pumps[3] at uf_pumps_3_startup_shutdown.
2026-06-09 08:19:40 [INFO] idaes.apps.grid_integration.pricetaker.price_taker_model: Found minimum uptime/downtime data for reverse_osmosis.ro_skid[1] - Adding minimum uptime/downtime constraints.
2026-06-09 08:19:40 [INFO] idaes.apps.grid_integration.pricetaker.price_taker_model: Created startup/shutdown constraints for operation model  reverse_osmosis.ro_skid[1] at ro_skid_1_startup_shutdown.
2026-06-09 08:19:40 [INFO] idaes.apps.grid_integration.pricetaker.price_taker_model: Found minimum uptime/downtime data for reverse_osmosis.ro_skid[2] - Adding minimum uptime/downtime constraints.
2026-06-09 08:19:40 [INFO] idaes.apps.grid_integration.pricetaker.price_taker_model: Created startup/shutdown constraints for operation model  reverse_osmosis.ro_skid[2] at ro_skid_2_startup_shutdown.
2026-06-09 08:19:40 [INFO] idaes.apps.grid_integration.pricetaker.price_taker_model: Found minimum uptime/downtime data for reverse_osmosis.ro_skid[3] - Adding minimum uptime/downtime constraints.
2026-06-09 08:19:40 [INFO] idaes.apps.grid_integration.pricetaker.price_taker_model: Created startup/shutdown constraints for operation model  reverse_osmosis.ro_skid[3] at ro_skid_3_startup_shutdown.
2026-06-09 08:19:40 [INFO] idaes.apps.grid_integration.pricetaker.price_taker_model: Found minimum uptime/downtime data for reverse_osmosis.ro_skid[4] - Adding minimum uptime/downtime constraints.
2026-06-09 08:19:40 [INFO] idaes.apps.grid_integration.pricetaker.price_taker_model: Created startup/shutdown constraints for operation model  reverse_osmosis.ro_skid[4] at ro_skid_4_startup_shutdown.
2926
Set parameter TokenServer to value "10.60.1.73"
Set parameter LogToConsole to value 1
Set parameter MIPGap to value 0.01
Gurobi Optimizer version 12.0.3 build v12.0.3rc0 (linux64 - "Red Hat Enterprise Linux 8.8 (Ootpa)")

CPU model: Intel(R) Xeon(R) Platinum 8470QL, instruction set [SSE2|AVX|AVX2|AVX512]
Thread count: 104 physical cores, 104 logical processors, using up to 32 threads

Non-default parameters:
MIPGap  0.01

Optimize a model with 18623 rows, 15029 columns and 46253 nonzeros
Model fingerprint: 0xb1e19e8e
Model has 168 quadratic objective terms
Model has 1680 quadratic constraints
Variable types: 10587 continuous, 4442 integer (4442 binary)
Coefficient statistics:
  Matrix range     [5e-04, 2e+03]
  QMatrix range    [2e-07, 1e+00]
  QLMatrix range   [3e-04, 1e+00]
  Objective range  [1e-05, 5e-03]
  QObjective range [2e-04, 2e-04]
  Bounds range     [1e+00, 1e+03]
  RHS range        [9e-02, 3e+05]
  QRHS range       [3e-01, 3e-01]
Presolve removed 11983 rows and 9301 columns
Presolve time: 0.08s
Presolved: 12776 rows, 5729 columns, 34814 nonzeros
Presolved model has 1660 bilinear constraint(s)

Solving non-convex MIQCP

Variable types: 3664 continuous, 2065 integer (2065 binary)
Found heuristic solution: objective 12.0903182

Root relaxation: objective 1.090338e+01, 18899 iterations, 3.01 seconds (4.52 work units)

    Nodes    |    Current Node    |     Objective Bounds      |     Work
 Expl Unexpl |  Obj  Depth IntInf | Incumbent    BestBd   Gap | It/Node Time

     0     0   10.90338    0 1701   12.09032   10.90338  9.82%     -    3s
     0     0   11.59591    0 1735   12.09032   11.59591  4.09%     -    4s
     0     0   11.65991    0 1700   12.09032   11.65991  3.56%     -    5s
     0     0   11.67497    0 1645   12.09032   11.67497  3.44%     -    5s
H    0     0                      12.0903180   11.67505  3.43%     -    5s
     0     0   11.67549    0 1677   12.09032   11.67549  3.43%     -    5s
     0     0   11.68437    0 1850   12.09032   11.68437  3.36%     -    6s
     0     0   11.68796    0 1847   12.09032   11.68796  3.33%     -    6s
     0     0   11.68929    0 1721   12.09032   11.68929  3.32%     -    6s
     0     0   11.68949    0 1716   12.09032   11.68949  3.32%     -    6s
     0     0   11.68981    0 1700   12.09032   11.68981  3.31%     -    6s
     0     0   11.68994    0 1708   12.09032   11.68994  3.31%     -    6s
     0     0   11.69021    0 1700   12.09032   11.69021  3.31%     -    7s
     0     0   11.72380    0 1591   12.09032   11.72380  3.03%     -    8s
     0     2   11.72380    0 1591   12.09032   11.72380  3.03%     -    8s
    15    32   11.73317    4 1581   12.09032   11.72762  3.00%   641   10s
   562   651   11.74754   12 1396   12.09032   11.73234  2.96%   422   15s
  1853  1994   11.86562   34 1179   12.09032   11.73234  2.96%   259   20s
  3338  3421   11.80089   45 1348   12.09032   11.73234  2.96%   246   25s
  4770  4804   11.84284   58 1908   12.09032   11.73255  2.96%   259   30s
  7165  7399   11.88639  109 1209   12.09032   11.73505  2.94%   244   35s
H 8389  6968                      11.9877576   11.73505  2.11%   232   36s
 11058  9474   11.97437  198 1058   11.98776   11.73676  2.09%   215   58s
H11528  8873                      11.9679133   11.73676  1.93%   215   58s
H11619  7891                      11.9490443   11.73676  1.78%   216   60s
 11620  7816   11.93024  115  416   11.94904   11.73676  1.78%   216   66s
 11622  7817   11.87918   62  503   11.94904   11.73676  1.78%   216   71s
 11627  7821   11.92204  319  532   11.94904   11.75593  1.62%   216   76s
 11636  7827   11.87862   55  580   11.94904   11.75972  1.58%   215   80s
 11645  7833   11.87400   22  578   11.94904   11.76719  1.52%   215   85s
 11661  7843   11.93376  193  568   11.94904   11.76919  1.51%   215   90s
 11662  7844   11.88275  148  567   11.94904   11.76919  1.51%   215   95s
 11664  7848   11.76996   10 1580   11.94904   11.76919  1.51%   219  128s
 11670  7858   11.77601   12 1517   11.94904   11.77356  1.47%   220  130s
H11695  7505                      11.9390443   11.77922  1.34%   224  132s
 11850  7654   11.89620   17 1300   11.93904   11.78170  1.32%   236  136s
 12142  7836   11.89904   19 1280   11.93904   11.78170  1.32%   248  141s
 12274  7913   11.89471   20 1228   11.93904   11.78170  1.32%   251  145s
 12559  8064   11.90875   22 1199   11.93904   11.78170  1.32%   255  151s
H12728  7741                      11.9388831   11.78246  1.31%   257  153s
H12731  7386                      11.9360346   11.78246  1.29%   257  153s
H12753  7041                      11.9360242   11.78246  1.29%   257  153s
H12811  6774                      11.9359317   11.78246  1.29%   258  154s
 12973  6870   11.81749   25 1668   11.93593   11.78246  1.29%   260  155s
 13185  6997   11.81854   26 1836   11.93593   11.78246  1.29%   261  160s

Cutting planes:
  Learned: 33
  Gomory: 19
  Cover: 97
  Implied bound: 325
  Projected implied bound: 2
  MIR: 87
  Mixing: 3
  Flow cover: 332
  GUB cover: 3
  Zero half: 2
  RLT: 1015
  Relax-and-lift: 131
  BQP: 5

Explored 13330 nodes (3547450 simplex iterations) in 160.37 seconds (306.38 work units)
Thread count was 32 (of 104 available processors)

Solution count 9: 11.9359 11.936 11.936 ... 12.0903

Optimal solution found (tolerance 1.00e-02)
Best objective 1.193593165329e+01, best bound 1.181748916198e+01, gap 0.9923%
m.flow_changes_penalty(): 950.0
Total operational cost: 118409.32
Maximum power (kW): 1468.64
Discharge energy capacity (kWh): 20699.96
Charge energy capacity (kWh): 16740.54
Levelized Cost of Flexibility ($/kWh): 0.86
{'fixed_demand_cost': 6573.3255592595515, 'variable_demand_cost': 6060.704393743383, 'fixed_monthly_cost': 171938.17204301074, 'total_water_production': 282179.67123287683, 'total_energy_cost': 20330.773698750272, 'total_demand_cost': 12634.029953002933, 'total_customer_cost': 0.0, 'total_feed_cost': 50843.18400592275, 'total_brine_cost': 15303.798385780341, 'total_chemical_cost': 19297.530489448203, 'total_water_revenue': 0.0, 'total_demand_response_revenue': 0.0, 'total_emissions_cost': 0.0, 'total_op_cost': 118409.31653290449, 'fixed_cost': 121551.98252688172, 'total_cost': 239961.2990597862, 'LCOW': 0.8503847850249683, 'degree_of_flex': 0.0718562874251497, 'total_replacement_cost': 999.4926912958135, 'maximum_power': 1468.6437204095164, 'energy_capacity': 20699.96328803144, 'power_capacity': 173.9492713279953, 'round_trip_efficiency': 0, 'LVOF': 0.8640444811747073}
Saved operation variable results to: /home/rchurchi/watertap_test/watertap/tutorials/flex_ro/wrd_result_summer_no_flex_2_flexible_trains.csv
2026-06-09 08:22:24 [INFO] idaes.core.surrogate.pysmo_surrogate: Decode surrogate. type=poly

===========================Polynomial Regression===============================================

The number of cross-validation cases (3) is used.
The default training/cross-validation split of 0.75 is used.
No iterations will be run.
Default parameter estimation method is used.
Parameter estimation method:  pyomo 

2026-06-09 08:22:24 [INFO] idaes.core.surrogate.pysmo_surrogate: Decode surrogate. type=poly

===========================Polynomial Regression===============================================

The number of cross-validation cases (3) is used.
The default training/cross-validation split of 0.75 is used.
No iterations will be run.
Default parameter estimation method is used.
Parameter estimation method:  pyomo 

2026-06-09 08:22:24 [INFO] idaes.core.surrogate.pysmo_surrogate: Decode surrogate. type=poly

===========================Polynomial Regression===============================================

The number of cross-validation cases (3) is used.
The default training/cross-validation split of 0.75 is used.
No iterations will be run.
Default parameter estimation method is used.
Parameter estimation method:  pyomo 

2026-06-09 08:22:24 [INFO] idaes.core.surrogate.pysmo_surrogate: Decode surrogate. type=poly

===========================Polynomial Regression===============================================

The number of cross-validation cases (3) is used.
The default training/cross-validation split of 0.75 is used.
No iterations will be run.
Default parameter estimation method is used.
Parameter estimation method:  pyomo 

2026-06-09 08:22:25 [INFO] idaes.apps.grid_integration.pricetaker.price_taker_model: Found minimum uptime/downtime data for pretreatment.uf_pumps[1] - Adding minimum uptime/downtime constraints.
2026-06-09 08:22:26 [INFO] idaes.apps.grid_integration.pricetaker.price_taker_model: Created startup/shutdown constraints for operation model  pretreatment.uf_pumps[1] at uf_pumps_1_startup_shutdown.
2026-06-09 08:22:26 [INFO] idaes.apps.grid_integration.pricetaker.price_taker_model: Found minimum uptime/downtime data for pretreatment.uf_pumps[2] - Adding minimum uptime/downtime constraints.
2026-06-09 08:22:26 [INFO] idaes.apps.grid_integration.pricetaker.price_taker_model: Created startup/shutdown constraints for operation model  pretreatment.uf_pumps[2] at uf_pumps_2_startup_shutdown.
2026-06-09 08:22:26 [INFO] idaes.apps.grid_integration.pricetaker.price_taker_model: Found minimum uptime/downtime data for pretreatment.uf_pumps[3] - Adding minimum uptime/downtime constraints.
2026-06-09 08:22:26 [INFO] idaes.apps.grid_integration.pricetaker.price_taker_model: Created startup/shutdown constraints for operation model  pretreatment.uf_pumps[3] at uf_pumps_3_startup_shutdown.
2026-06-09 08:22:26 [INFO] idaes.apps.grid_integration.pricetaker.price_taker_model: Found minimum uptime/downtime data for reverse_osmosis.ro_skid[1] - Adding minimum uptime/downtime constraints.
2026-06-09 08:22:26 [INFO] idaes.apps.grid_integration.pricetaker.price_taker_model: Created startup/shutdown constraints for operation model  reverse_osmosis.ro_skid[1] at ro_skid_1_startup_shutdown.
2026-06-09 08:22:26 [INFO] idaes.apps.grid_integration.pricetaker.price_taker_model: Found minimum uptime/downtime data for reverse_osmosis.ro_skid[2] - Adding minimum uptime/downtime constraints.
2026-06-09 08:22:26 [INFO] idaes.apps.grid_integration.pricetaker.price_taker_model: Created startup/shutdown constraints for operation model  reverse_osmosis.ro_skid[2] at ro_skid_2_startup_shutdown.
2026-06-09 08:22:26 [INFO] idaes.apps.grid_integration.pricetaker.price_taker_model: Found minimum uptime/downtime data for reverse_osmosis.ro_skid[3] - Adding minimum uptime/downtime constraints.
2026-06-09 08:22:26 [INFO] idaes.apps.grid_integration.pricetaker.price_taker_model: Created startup/shutdown constraints for operation model  reverse_osmosis.ro_skid[3] at ro_skid_3_startup_shutdown.
2026-06-09 08:22:26 [INFO] idaes.apps.grid_integration.pricetaker.price_taker_model: Found minimum uptime/downtime data for reverse_osmosis.ro_skid[4] - Adding minimum uptime/downtime constraints.
2026-06-09 08:22:26 [INFO] idaes.apps.grid_integration.pricetaker.price_taker_model: Created startup/shutdown constraints for operation model  reverse_osmosis.ro_skid[4] at ro_skid_4_startup_shutdown.
3598
Set parameter LogToConsole to value 1
Set parameter MIPGap to value 0.01
Gurobi Optimizer version 12.0.3 build v12.0.3rc0 (linux64 - "Red Hat Enterprise Linux 8.8 (Ootpa)")

CPU model: Intel(R) Xeon(R) Platinum 8470QL, instruction set [SSE2|AVX|AVX2|AVX512]
Thread count: 104 physical cores, 104 logical processors, using up to 32 threads

Non-default parameters:
MIPGap  0.01

Optimize a model with 17951 rows, 15701 columns and 45581 nonzeros
Model fingerprint: 0xe6cd34c7
Model has 168 quadratic objective terms
Model has 2352 quadratic constraints
Variable types: 11259 continuous, 4442 integer (4442 binary)
Coefficient statistics:
  Matrix range     [5e-04, 2e+03]
  QMatrix range    [2e-07, 1e+00]
  QLMatrix range   [3e-04, 1e+00]
  Objective range  [1e-05, 5e-03]
  QObjective range [2e-04, 2e-04]
  Bounds range     [9e-01, 1e+03]
  RHS range        [5e-02, 3e+05]
  QRHS range       [3e-01, 3e-01]
Presolve removed 10679 rows and 8689 columns
Presolve time: 0.07s
Presolved: 16016 rows, 7013 columns, 44614 nonzeros
Presolved model has 2312 bilinear constraint(s)

Solving non-convex MIQCP

Variable types: 4948 continuous, 2065 integer (2065 binary)
Found heuristic solution: objective 12.0903187

Root relaxation: objective 1.087685e+01, 20651 iterations, 3.64 seconds (5.55 work units)

    Nodes    |    Current Node    |     Objective Bounds      |     Work
 Expl Unexpl |  Obj  Depth IntInf | Incumbent    BestBd   Gap | It/Node Time

     0     0   10.87685    0 2421   12.09032   10.87685  10.0%     -    4s
H    0     0                      12.0903185   10.87685  10.0%     -    4s
     0     0   11.61109    0 2544   12.09032   11.61109  3.96%     -    7s
     0     0   11.61621    0 2701   12.09032   11.61621  3.92%     -    7s
     0     0   11.64860    0 2797   12.09032   11.64860  3.65%     -    8s
     0     0   11.64945    0 2808   12.09032   11.64945  3.65%     -    8s
     0     0   11.66259    0 2760   12.09032   11.66259  3.54%     -    9s
     0     0   11.66493    0 2769   12.09032   11.66493  3.52%     -   10s
     0     0   11.66880    0 2703   12.09032   11.66880  3.49%     -   10s
     0     0   11.66929    0 2707   12.09032   11.66929  3.48%     -   10s
     0     0   11.67432    0 2666   12.09032   11.67432  3.44%     -   11s
     0     0   11.67497    0 2663   12.09032   11.67497  3.44%     -   11s
     0     0   11.67827    0 2665   12.09032   11.67827  3.41%     -   11s
     0     0   11.68038    0 2663   12.09032   11.68038  3.39%     -   12s
     0     0   11.68046    0 2658   12.09032   11.68046  3.39%     -   12s
     0     0   11.68048    0 2658   12.09032   11.68048  3.39%     -   12s
     0     0   11.68163    0 2661   12.09032   11.68163  3.38%     -   12s
     0     0   11.68463    0 2643   12.09032   11.68463  3.36%     -   13s
     0     2   11.68463    0 2643   12.09032   11.68463  3.36%     -   15s
    95   167   11.74359    7 2593   12.09032   11.69048  3.31%   566   21s
   166   243   11.75032    9 2570   12.09032   11.69048  3.31%   779   26s
   242   328   11.74582   10 2469   12.09032   11.69048  3.31%   969   31s
   438   530   11.75083   17 2437   12.09032   11.69048  3.31%  1080   37s
   529   618   11.75592   18 2497   12.09032   11.69048  3.31%  1028   41s
   705   818   11.75918   20 2492   12.09032   11.69048  3.31%   987   45s
   914  1046   11.76449   29 2464   12.09032   11.69048  3.31%   864   50s
  1155  1288   11.77298   38 2432   12.09032   11.69048  3.31%   742   56s
  1287  1391   11.77657   41 2364   12.09032   11.69048  3.31%   718   60s
  1503  1643   11.78251   44 2391   12.09032   11.69048  3.31%   684   65s
  1858  2050   11.78976   55 2293   12.09032   11.69048  3.31%   609   71s
  2258  2466   11.79494   66 2295   12.09032   11.69048  3.31%   557   77s
  2465  2710   11.79705   72 2263   12.09032   11.69048  3.31%   537   80s
  2927  3131   11.80012   78 2292   12.09032   11.69048  3.31%   500   87s
  3359  3635   11.80553   82 2281   12.09032   11.69048  3.31%   478   92s
  3634  3884   11.81117   91 2255   12.09032   11.69048  3.31%   458   96s
  3883  4119   11.81220  113 2280   12.09032   11.69048  3.31%   450  101s
  4476  4849   11.81780  150 2236   12.09032   11.69048  3.31%   442  108s
  4850  5213   11.82503  157 2216   12.09032   11.69048  3.31%   429  112s
  5214  5567   11.83142  168 2178   12.09032   11.69048  3.31%   428  115s
  6011  6427   11.84162  208 2135   12.09032   11.69048  3.31%   427  123s
  6433  6879   11.84547  226 2054   12.09032   11.69048  3.31%   425  129s
  6893  7265   11.85541  244 2042   12.09032   11.69048  3.31%   430  131s
  7730  8242   11.87468  275 2063   12.09032   11.69048  3.31%   429  136s
  8280  8756   11.88561  295 2012   12.09032   11.69048  3.31%   420  141s
  8804  9277   11.89082  313 2014   12.09032   11.69048  3.31%   420  145s
  9818 10338   11.91552  340 1987   12.09032   11.69048  3.31%   423  153s
 10424 11011   11.93100  363 1919   12.09032   11.69048  3.31%   421  155s
 11748 12289   11.95180  425 2024   12.09032   11.69389  3.28%   406  162s
 12401 13293   11.96282  480 2022   12.09032   11.69389  3.28%   403  166s
H13406 13325                      12.0903108   11.69389  3.28%   389  167s
 13437 14398   11.99048  532 1886   12.09031   11.69389  3.28%   389  170s
 14513 14399   11.84806   61  547   12.09031   11.69389  3.28%   374  188s
 14515 14400   11.75401   43  555   12.09031   11.69389  3.28%   374  195s
 14517 14402   11.89565  448  565   12.09031   11.69774  3.25%   374  201s
 14522 14405   11.86766  207  548   12.09031   11.70695  3.17%   374  205s
 14530 14410   11.84854  285  581   12.09031   11.71474  3.11%   374  211s
 14539 14416   11.89743  294  602   12.09031   11.71533  3.10%   373  215s
 14544 14420   11.90868  463  609   12.09031   11.71537  3.10%   373  222s
 14545 14420   11.78372   57  609   12.09031   11.71537  3.10%   373  226s
 14546 14424   11.73694   11 2675   12.09031   11.71537  3.10%   377  325s
 14552 14434   11.75418   13 2480   12.09031   11.71695  3.09%   378  335s
 14608 14495   11.77402   16 2525   12.09031   11.72770  3.00%   384  341s
 14640 14557   11.78075   17 2453   12.09031   11.72770  3.00%   386  348s
 14712 14619   11.78707   18 2403   12.09031   11.72770  3.00%   397  353s
 14798 14670   11.79635   19 2481   12.09031   11.72770  3.00%   407  358s
 14878 14737   11.80014   20 2406   12.09031   11.72770  3.00%   420  363s
 14972 14779   11.79482   21 2350   12.09031   11.72770  3.00%   431  368s
 15045 14862   11.79629   21 2359   12.09031   11.72770  3.00%   443  373s
 15152 14918   11.80047   22 2379   12.09031   11.72770  3.00%   449  377s
 15244 14983   11.80673   24 2279   12.09031   11.72770  3.00%   457  382s
 15340 15033   11.81448   25 2351   12.09031   11.72770  3.00%   463  386s
 15422 15105   11.81698   26 2326   12.09031   11.72770  3.00%   471  392s
 15521 15174   11.81863   27 2333   12.09031   11.72770  3.00%   481  400s
 15623 15258   11.82059   28 2337   12.09031   11.72770  3.00%   487  405s
 15858 15419   11.82213   31 2303   12.09031   11.72770  3.00%   496  414s
 15980 15519   11.82258   32 2295   12.09031   11.72770  3.00%   502  418s
 16121 15632   11.82673   34 2265   12.09031   11.72770  3.00%   503  421s
 16281 15723   11.83440   35 2282   12.09031   11.72770  3.00%   504  425s
 16590 15947   11.83538   39 2187   12.09031   11.72770  3.00%   506  432s
 16752 16086   11.83837   41 2182   12.09031   11.72770  3.00%   508  437s
 16946 16138   11.84070   44 2140   12.09031   11.72770  3.00%   511  442s
 17063 16314   11.84300   46 2142   12.09031   11.72770  3.00%   515  447s
 17279 16450   11.84697   48 2132   12.09031   11.72770  3.00%   518  452s
 17487 16597   11.85077   52 2128   12.09031   11.72770  3.00%   520  457s
 17711 16750   11.85310   56 2092   12.09031   11.72770  3.00%   523  462s
 17940 16873   11.85462   60 2114   12.09031   11.72770  3.00%   525  467s
 18140 17318   11.86663   63 2154   12.09031   11.72770  3.00%   526  472s
 18655 17635   11.86381   69 2069   12.09031   11.72770  3.00%   527  477s
 19148 18101   11.86698   71 1993   12.09031   11.72770  3.00%   530  481s
 19811 17942   11.88001   83 1913   12.09031   11.72770  3.00%   527  488s
H19844 16943                      12.0215041   11.72770  2.44%   530  488s
 19845 17421   11.87859   84 1960   12.02150   11.72770  2.44%   530  494s
H20395 16926                      12.0215041   11.72867  2.44%   532  500s
H20464 16250                      12.0210605   11.72867  2.43%   536  500s
 20783 16735   11.88513  103 1893   12.02106   11.72867  2.43%   544  505s
H20919 16071                      12.0205964   11.72867  2.43%   544  505s
H21259 15367                      12.0197710   11.72867  2.42%   546  505s
 21390 15788   11.89001  109 1902   12.01977   11.72867  2.42%   548  512s
H21413 15205                      12.0129385   11.72867  2.37%   550  512s
H21451 14655                      12.0123879   11.72867  2.36%   551  512s
H21479 14138                      12.0120736   11.72867  2.36%   550  512s
H21524 13577                      12.0046704   11.72867  2.30%   550  512s
H21863 13619                      11.9996704   11.72906  2.26%   555  517s
 22536 13878   11.90682  116 1921   11.99967   11.72906  2.26%   556  522s
H23028 13523                      11.9829022   11.72906  2.12%   567  528s
H23060 13101                      11.9828993   11.72906  2.12%   567  528s
H23238 12653                      11.9828989   11.72906  2.12%   566  528s
H23504 12872                      11.9728989   11.72906  2.04%   567  535s
H24006 12353                      11.9728979   11.72906  2.04%   567  535s
H24402 12557                      11.9728975   11.72906  2.04%   567  540s
H24416 12234                      11.9728971   11.72906  2.04%   568  540s
H24427 11929                      11.9728940   11.72906  2.04%   569  540s
H25095 11967                      11.9728937   11.72906  2.04%   571  547s
H25125 11685                      11.9728937   11.72906  2.04%   571  547s
H25198 11401                      11.9728934   11.72906  2.04%   572  547s
H25240 11141                      11.9728920   11.72906  2.04%   572  547s
 25653 11867   11.92571  152 1764   11.97289   11.72906  2.04%   574  553s
H26544 11991                      11.9728919   11.72906  2.04%   574  559s
H26605 11748                      11.9728915   11.72906  2.04%   574  559s
H26723 11566                      11.9728914   11.72906  2.04%   575  559s
 27231 12319   11.94015  171 1802   11.97289   11.72906  2.04%   577  565s
H27288 12319                      11.9728911   11.72906  2.04%   580  565s
H27700 12319                      11.9728910   11.72906  2.04%   577  565s
 28022 13170   11.94944  180 1752   11.97289   11.72906  2.04%   585  572s
 28911 13203   11.96104  199 1744   11.97289   11.73589  1.98%   589  580s
H28915 12606                      11.9480991   11.73589  1.78%   589  580s
H28921 12414                      11.9419099   11.73589  1.73%   589  580s
H28947 10981                      11.9109727   11.73589  1.47%   590  580s
 28958 11503     cutoff  199        11.91097   11.73589  1.47%   591  587s
 29763 12232   11.77251   34 2213   11.91097   11.73589  1.47%   595  595s
H30569  9955                      11.8792378   11.73589  1.21%   602  603s
H31358  9804                      11.8742378   11.73589  1.17%   604  610s
 32144 10601   11.82422   87 2020   11.87424   11.73899  1.14%   612  620s
H33025 10827                      11.8740905   11.73899  1.14%   622  628s
 33320 11447     cutoff  111        11.87409   11.73899  1.14%   634  638s
H33323 11447                      11.8740901   11.73899  1.14%   634  638s
 34031 12072   11.77686   21 2418   11.87409   11.73945  1.13%   651  647s
 34754 12580   11.81786   57 2318   11.87409   11.73945  1.13%   672  657s
H35131 12580                      11.8740900   11.73945  1.13%   685  657s
 35353 12954   11.86691   87 2104   11.87409   11.73945  1.13%   692  668s
 35861 13336   11.87350   94 2039   11.87409   11.74611  1.08%   715  679s
 36325 13962   11.75817   21 2370   11.87409   11.75044  1.04%   740  691s
 37014 14818   11.77373   24 2286   11.87409   11.75140  1.03%   759  704s
 37933 15951   11.78239   28 2316   11.87409   11.75158  1.03%   777  717s
 39131 16963   11.79857   34 2228   11.87409   11.75372  1.01%   791  731s
 40237 17821   11.80559   39 2118   11.87409   11.75372  1.01%   810  743s
 41224 18754   11.81556   49 1904   11.87409   11.75372  1.01%   831  759s
 42331 19741   11.83073   57 1760   11.87409   11.75392  1.01%   853  773s
 43409 20617   11.83396   62 1765   11.87409   11.75492  1.00%   876  787s

Cutting planes:
  Learned: 47
  Gomory: 115
  Cover: 242
  Implied bound: 117
  MIR: 419
  StrongCG: 20
  Flow cover: 578
  GUB cover: 4
  RLT: 1370
  Relax-and-lift: 180
  BQP: 1

Explored 44533 nodes (40164250 simplex iterations) in 787.47 seconds (1731.67 work units)
Thread count was 32 (of 104 available processors)

Solution count 10: 11.8741 11.8741 11.8742 ... 11.9729

Optimal solution found (tolerance 1.00e-02)
Best objective 1.187409051987e+01, best bound 1.175587005828e+01, gap 0.9956%
m.flow_changes_penalty(): 1150.0
Total operational cost: 117590.91
Maximum power (kW): 1296.17
Discharge energy capacity (kWh): 15990.31
Charge energy capacity (kWh): 8458.31
Levelized Cost of Flexibility ($/kWh): 1.21
{'fixed_demand_cost': 5801.354641348669, 'variable_demand_cost': 5871.637279199443, 'fixed_monthly_cost': 171938.17204301074, 'total_water_production': 282179.6712328783, 'total_energy_cost': 19872.55302467822, 'total_demand_cost': 11672.991920548113, 'total_customer_cost': 0.0, 'total_feed_cost': 50997.44520547944, 'total_brine_cost': 15718.375359588445, 'total_chemical_cost': 19329.539688356133, 'total_water_revenue': 0.0, 'total_demand_response_revenue': 0.0, 'total_emissions_cost': 0.0, 'total_op_cost': 117590.90519865035, 'fixed_cost': 121551.98252688172, 'total_cost': 239142.88772553205, 'LCOW': 0.8474844650597503, 'degree_of_flex': 0.08982035928143713, 'total_replacement_cost': 1001.3044605247485, 'maximum_power': 1296.1662812138647, 'energy_capacity': 15990.310909975507, 'power_capacity': 135.5111094065721, 'round_trip_efficiency': 0, 'LVOF': 1.2074036348632817}
Saved operation variable results to: /home/rchurchi/watertap_test/watertap/tutorials/flex_ro/wrd_result_summer_both_2_flexible_trains.csv
Saved summary results to: /home/rchurchi/watertap_test/watertap/tutorials/flex_ro/wrd_pricetaker_summary_results_20260609_083536.csv
