2026-05-29 16:40:38 [INFO] idaes.core.surrogate.pysmo_surrogate: Decode surrogate. type=poly

===========================Polynomial Regression===============================================

The number of cross-validation cases (3) is used.
The default training/cross-validation split of 0.75 is used.
No iterations will be run.
Default parameter estimation method is used.
Parameter estimation method:  pyomo 

2026-05-29 16:40:38 [INFO] idaes.core.surrogate.pysmo_surrogate: Decode surrogate. type=poly

===========================Polynomial Regression===============================================

The number of cross-validation cases (3) is used.
The default training/cross-validation split of 0.75 is used.
No iterations will be run.
Default parameter estimation method is used.
Parameter estimation method:  pyomo 

2026-05-29 16:40:38 [INFO] idaes.core.surrogate.pysmo_surrogate: Decode surrogate. type=poly

===========================Polynomial Regression===============================================

The number of cross-validation cases (3) is used.
The default training/cross-validation split of 0.75 is used.
No iterations will be run.
Default parameter estimation method is used.
Parameter estimation method:  pyomo 

2026-05-29 16:40:38 [INFO] idaes.core.surrogate.pysmo_surrogate: Decode surrogate. type=poly

===========================Polynomial Regression===============================================

The number of cross-validation cases (3) is used.
The default training/cross-validation split of 0.75 is used.
No iterations will be run.
Default parameter estimation method is used.
Parameter estimation method:  pyomo 

2026-05-29 16:40:40 [INFO] idaes.apps.grid_integration.pricetaker.price_taker_model: Found minimum uptime/downtime data for pretreatment.uf_pumps[1] - Adding minimum uptime/downtime constraints.
2026-05-29 16:40:40 [INFO] idaes.apps.grid_integration.pricetaker.price_taker_model: Created startup/shutdown constraints for operation model  pretreatment.uf_pumps[1] at uf_pumps_1_startup_shutdown.
2026-05-29 16:40:40 [INFO] idaes.apps.grid_integration.pricetaker.price_taker_model: Found minimum uptime/downtime data for pretreatment.uf_pumps[2] - Adding minimum uptime/downtime constraints.
2026-05-29 16:40:40 [INFO] idaes.apps.grid_integration.pricetaker.price_taker_model: Created startup/shutdown constraints for operation model  pretreatment.uf_pumps[2] at uf_pumps_2_startup_shutdown.
2026-05-29 16:40:40 [INFO] idaes.apps.grid_integration.pricetaker.price_taker_model: Found minimum uptime/downtime data for pretreatment.uf_pumps[3] - Adding minimum uptime/downtime constraints.
2026-05-29 16:40:40 [INFO] idaes.apps.grid_integration.pricetaker.price_taker_model: Created startup/shutdown constraints for operation model  pretreatment.uf_pumps[3] at uf_pumps_3_startup_shutdown.
2026-05-29 16:40:40 [INFO] idaes.apps.grid_integration.pricetaker.price_taker_model: Found minimum uptime/downtime data for reverse_osmosis.ro_skid[1] - Adding minimum uptime/downtime constraints.
2026-05-29 16:40:40 [INFO] idaes.apps.grid_integration.pricetaker.price_taker_model: Created startup/shutdown constraints for operation model  reverse_osmosis.ro_skid[1] at ro_skid_1_startup_shutdown.
2026-05-29 16:40:40 [INFO] idaes.apps.grid_integration.pricetaker.price_taker_model: Found minimum uptime/downtime data for reverse_osmosis.ro_skid[2] - Adding minimum uptime/downtime constraints.
2026-05-29 16:40:40 [INFO] idaes.apps.grid_integration.pricetaker.price_taker_model: Created startup/shutdown constraints for operation model  reverse_osmosis.ro_skid[2] at ro_skid_2_startup_shutdown.
2026-05-29 16:40:40 [INFO] idaes.apps.grid_integration.pricetaker.price_taker_model: Found minimum uptime/downtime data for reverse_osmosis.ro_skid[3] - Adding minimum uptime/downtime constraints.
2026-05-29 16:40:40 [INFO] idaes.apps.grid_integration.pricetaker.price_taker_model: Created startup/shutdown constraints for operation model  reverse_osmosis.ro_skid[3] at ro_skid_3_startup_shutdown.
2026-05-29 16:40:40 [INFO] idaes.apps.grid_integration.pricetaker.price_taker_model: Found minimum uptime/downtime data for reverse_osmosis.ro_skid[4] - Adding minimum uptime/downtime constraints.
2026-05-29 16:40:40 [INFO] idaes.apps.grid_integration.pricetaker.price_taker_model: Created startup/shutdown constraints for operation model  reverse_osmosis.ro_skid[4] at ro_skid_4_startup_shutdown.
2926
Set parameter TokenServer to value "10.60.1.73"
Set parameter LogToConsole to value 1
Set parameter MIPGap to value 0.005
Gurobi Optimizer version 12.0.3 build v12.0.3rc0 (linux64 - "Red Hat Enterprise Linux 8.8 (Ootpa)")

CPU model: Intel(R) Xeon(R) Platinum 8470QL, instruction set [SSE2|AVX|AVX2|AVX512]
Thread count: 104 physical cores, 104 logical processors, using up to 32 threads

Non-default parameters:
MIPGap  0.005

Optimize a model with 17951 rows, 15029 columns and 44909 nonzeros
Model fingerprint: 0xe3e17e1c
Model has 168 quadratic objective terms
Model has 2352 quadratic constraints
Variable types: 10587 continuous, 4442 integer (4442 binary)
Coefficient statistics:
  Matrix range     [3e-02, 2e+03]
  QMatrix range    [2e-07, 1e+00]
  QLMatrix range   [1e-04, 1e+00]
  Objective range  [1e-05, 5e-03]
  QObjective range [2e-04, 2e-04]
  Bounds range     [1e+00, 1e+03]
  RHS range        [1e+00, 3e+05]
  QRHS range       [2e-01, 3e-01]
Presolve removed 11963 rows and 9301 columns
Presolve time: 0.09s
Presolved: 14080 rows, 5729 columns, 37422 nonzeros
Presolved model has 2312 bilinear constraint(s)

Solving non-convex MIQCP

Variable types: 3664 continuous, 2065 integer (2065 binary)
Found heuristic solution: objective 12.0897165

Root relaxation: objective 1.100279e+01, 10744 iterations, 0.99 seconds (1.48 work units)

    Nodes    |    Current Node    |     Objective Bounds      |     Work
 Expl Unexpl |  Obj  Depth IntInf | Incumbent    BestBd   Gap | It/Node Time

     0     0   11.00279    0 2020   12.08972   11.00279  8.99%     -    1s
     0     0   11.59735    0 2006   12.08972   11.59735  4.07%     -    3s
     0     0   11.64555    0 2080   12.08972   11.64555  3.67%     -    4s
     0     0   11.68196    0 2161   12.08972   11.68196  3.37%     -    5s
     0     0   11.68754    0 2130   12.08972   11.68754  3.33%     -    6s
     0     0   11.75812    0 1845   12.08972   11.75812  2.74%     -    8s
     0     0   11.75989    0 1887   12.08972   11.75989  2.73%     -    8s
     0     0   11.76488    0 1823   12.08972   11.76488  2.69%     -    8s
     0     0   11.76516    0 1819   12.08972   11.76516  2.68%     -    9s
     0     0   11.76558    0 1831   12.08972   11.76558  2.68%     -    9s
     0     0   11.76564    0 1836   12.08972   11.76564  2.68%     -    9s
     0     0   11.76572    0 1852   12.08972   11.76572  2.68%     -    9s
     0     0   11.76575    0 1818   12.08972   11.76575  2.68%     -    9s
     0     2   11.76575    0 1818   12.08972   11.76575  2.68%     -   11s
    95   151   11.82928    7 1759   12.08972   11.77215  2.63%  1031   17s
   263   366   11.84214   13 1688   12.08972   11.77215  2.63%   741   22s
   733   814   11.85157   23 1721   12.08972   11.77215  2.63%   550   25s
  1249  1353   11.86702   30 1663   12.08972   11.77215  2.63%   506   30s
  1462  1579   11.87056   32 1704   12.08972   11.77215  2.63%   504   36s
  1825  1933   11.94164   39 1409   12.08972   11.77215  2.63%   512   40s
  2094  2195   11.89349   43 1878   12.08972   11.77620  2.59%   518   45s
  3001  3117   11.91659   54 2259   12.08972   11.77670  2.59%   505   50s
H 3340  3250                      12.0726599   11.78023  2.42%   505   52s
  3382  3421   11.93052   60 2233   12.07266   11.78023  2.42%   502   55s
H 3391  3165                      12.0444266   11.78023  2.19%   502   55s
H 3616  3278                      12.0394261   11.78024  2.15%   500   57s
H 3948  3552                      12.0284128   11.78024  2.06%   499   59s
  4198  3833   11.96179   78 2121   12.02841   11.78024  2.06%   489   61s
  4485  4102   11.96179   79 2085   12.02841   11.78024  2.06%   480   65s
H 4695  4100                      12.0283140   11.78111  2.06%   478   65s
H 4737  3903                      12.0041174   11.78111  1.86%   476   65s
H 4846  4103                      12.0019942   11.78111  1.84%   482   68s
H 4879  3933                      11.9919951   11.78111  1.76%   482   68s
H 5170  4275                      11.9917556   11.78111  1.76%   469   69s
  5392  4721   11.97755   90 2055   11.99176   11.78111  1.76%   464   72s
  6298  5525   11.98875  102 1172   11.99176   11.78111  1.76%   436   78s
H 6318  3748                      11.9288358   11.78111  1.24%   438   78s
H 6331  3746                      11.9287070   11.78111  1.24%   438   78s
H 6429  3746                      11.9287070   11.78111  1.24%   434   78s
  7098  4145   11.92217  260 1664   11.92871   11.78111  1.24%   429   81s
H 7548  3348                      11.9187070   11.78114  1.15%   422   82s
H 7548  3080                      11.9157319   11.78114  1.13%   422   83s
  7549  3046   11.89868   23  503   11.91573   11.78114  1.13%   422   87s
  7552  3048   11.90187   63  503   11.91573   11.78114  1.13%   422   91s
  7557  3051   11.82922   48  486   11.91573   11.78114  1.13%   422   95s
  7573  3062   11.89336  152  421   11.91573   11.78114  1.13%   421  101s
  7575  3066   11.78114   16 1529   11.91573   11.78114  1.13%   425  130s
  7605  3116   11.79012   20 1467   11.91573   11.78725  1.08%   430  135s
  7669  3208   11.79515   22 1454   11.91573   11.79012  1.05%   445  143s
  7834  3293   11.80472   24 2019   11.91573   11.79012  1.05%   454  149s
  7905  3328   11.91234   24 1308   11.91573   11.79012  1.05%   456  150s
  8175  3421   11.81195   27 2048   11.91573   11.81116  0.88%   464  155s
H 8246  3293                      11.9156056   11.81195  0.87%   465  155s
  8569  3402     cutoff   30        11.91561   11.81464  0.85%   474  160s
H 8585  3251                      11.9156056   11.81464  0.85%   475  160s
H 8643  3142                      11.9156056   11.81464  0.85%   476  162s
H 8645  3011                      11.9156055   11.81464  0.85%   476  162s
H 8673  2876                      11.9156055   11.81464  0.85%   477  162s
  8784  2952   11.82069   32 1976   11.91561   11.81573  0.84%   484  166s
H 8796  2829                      11.9156055   11.81573  0.84%   485  166s
  9032  2930   11.82279   34 1954   11.91561   11.81869  0.81%   493  170s
H 9145  2843                      11.9156055   11.81869  0.81%   496  171s
H 9348  2814                      11.9156055   11.81869  0.81%   500  174s
  9442  2851   11.83179   38 2028   11.91561   11.81869  0.81%   502  175s
  9974  3080   11.84049   42 2025   11.91561   11.82308  0.78%   516  182s
H10207  3017                      11.9156055   11.82629  0.75%   522  183s
 10266  3083   11.84911   44 2309   11.91561   11.82629  0.75%   524  185s
 10783  3158   11.86000   47 2299   11.91561   11.83309  0.69%   545  191s
H11136  3147                      11.9156055   11.83595  0.67%   558  194s
 11283  3244   11.87034   50 2345   11.91561   11.83595  0.67%   561  196s
 11704  3277     cutoff   53        11.91561   11.83595  0.67%   573  201s
 12080  3429   11.87422   56 2410   11.91561   11.84625  0.58%   591  205s
H12347  3385                      11.9154034   11.84964  0.55%   597  208s
H12598  3238                      11.9153999   11.84964  0.55%   602  208s
 12623  3336   11.87784   59 2141   11.91540   11.84964  0.55%   603  211s
 13034  3599   11.88019   61 1793   11.91540   11.85058  0.54%   619  217s
 13532  4060   11.88175   65 1618   11.91540   11.85058  0.54%   628  222s

Cutting planes:
  Learned: 95
  Gomory: 5
  Cover: 106
  Implied bound: 481
  Projected implied bound: 74
  MIR: 90
  StrongCG: 2
  Flow cover: 749
  GUB cover: 4
  Network: 2
  RLT: 852
  Relax-and-lift: 67
  BQP: 1

Explored 13930 nodes (8793253 simplex iterations) in 222.27 seconds (439.83 work units)
Thread count was 32 (of 104 available processors)

Solution count 10: 11.9154 11.9154 11.9156 ... 11.9918

Optimal solution found (tolerance 5.00e-03)
Best objective 1.191539993237e+01, best bound 1.185979786267e+01, gap 0.4666%
solver_lower_bound: 11.859797862674137
solver_upper_bound: 11.915399932365933
objective_value: 11.91539993236593
m.flow_changes_penalty(): 900.0
Total operational cost: 118254.00
Maximum power (kW): 1459.98
Discharge energy capacity (kWh): 22277.00
Charge energy capacity (kWh): 25823.44
Levelized Cost of Flexibility ($/kWh): 0.81
{'fixed_demand_cost': 6534.5593757614915, 'variable_demand_cost': 5996.93339029523, 'fixed_monthly_cost': 171938.17204301074, 'total_water_production': 282179.67123287637, 'total_energy_cost': 20277.993676447488, 'total_demand_cost': 12531.492766056723, 'total_customer_cost': 0.0, 'total_feed_cost': 50843.184005923635, 'total_brine_cost': 15303.798385783062, 'total_chemical_cost': 19297.530489448378, 'total_water_revenue': 0.0, 'total_demand_response_revenue': 0.0, 'total_emissions_cost': 0.0, 'total_op_cost': 118253.99932365929, 'fixed_cost': 121551.98252688172, 'total_cost': 239805.98185054102, 'LCOW': 0.8498343654693491, 'degree_of_flex': 0.0718562874251497, 'total_replacement_cost': 999.4926912958135, 'maximum_power': 1459.9823949592942, 'energy_capacity': 22276.99715252722, 'power_capacity': 353.60312940519395, 'round_trip_efficiency': 0, 'LVOF': 0.809849106918117}
Saved operation variable results to: /home/rchurchi/watertap_test/watertap/tutorials/flex_ro/wrd_result_summer_both_2_flexible_trains.csv
Saved summary results to: /home/rchurchi/watertap_test/watertap/tutorials/flex_ro/wrd_pricetaker_summary_results_20260529_164426.csv
