2026-05-29 17:43:31 [INFO] idaes.core.surrogate.pysmo_surrogate: Decode surrogate. type=poly

===========================Polynomial Regression===============================================

The number of cross-validation cases (3) is used.
The default training/cross-validation split of 0.75 is used.
No iterations will be run.
Default parameter estimation method is used.
Parameter estimation method:  pyomo 

2026-05-29 17:43:31 [INFO] idaes.core.surrogate.pysmo_surrogate: Decode surrogate. type=poly

===========================Polynomial Regression===============================================

The number of cross-validation cases (3) is used.
The default training/cross-validation split of 0.75 is used.
No iterations will be run.
Default parameter estimation method is used.
Parameter estimation method:  pyomo 

2026-05-29 17:43:31 [INFO] idaes.core.surrogate.pysmo_surrogate: Decode surrogate. type=poly

===========================Polynomial Regression===============================================

The number of cross-validation cases (3) is used.
The default training/cross-validation split of 0.75 is used.
No iterations will be run.
Default parameter estimation method is used.
Parameter estimation method:  pyomo 

2026-05-29 17:43:31 [INFO] idaes.core.surrogate.pysmo_surrogate: Decode surrogate. type=poly

===========================Polynomial Regression===============================================

The number of cross-validation cases (3) is used.
The default training/cross-validation split of 0.75 is used.
No iterations will be run.
Default parameter estimation method is used.
Parameter estimation method:  pyomo 

2026-05-29 17:43:32 [INFO] idaes.apps.grid_integration.pricetaker.price_taker_model: Found minimum uptime/downtime data for pretreatment.uf_pumps[1] - Adding minimum uptime/downtime constraints.
2026-05-29 17:43:32 [INFO] idaes.apps.grid_integration.pricetaker.price_taker_model: Created startup/shutdown constraints for operation model  pretreatment.uf_pumps[1] at uf_pumps_1_startup_shutdown.
2026-05-29 17:43:32 [INFO] idaes.apps.grid_integration.pricetaker.price_taker_model: Found minimum uptime/downtime data for pretreatment.uf_pumps[2] - Adding minimum uptime/downtime constraints.
2026-05-29 17:43:32 [INFO] idaes.apps.grid_integration.pricetaker.price_taker_model: Created startup/shutdown constraints for operation model  pretreatment.uf_pumps[2] at uf_pumps_2_startup_shutdown.
2026-05-29 17:43:32 [INFO] idaes.apps.grid_integration.pricetaker.price_taker_model: Found minimum uptime/downtime data for pretreatment.uf_pumps[3] - Adding minimum uptime/downtime constraints.
2026-05-29 17:43:32 [INFO] idaes.apps.grid_integration.pricetaker.price_taker_model: Created startup/shutdown constraints for operation model  pretreatment.uf_pumps[3] at uf_pumps_3_startup_shutdown.
2026-05-29 17:43:32 [INFO] idaes.apps.grid_integration.pricetaker.price_taker_model: Found minimum uptime/downtime data for reverse_osmosis.ro_skid[1] - Adding minimum uptime/downtime constraints.
2026-05-29 17:43:32 [INFO] idaes.apps.grid_integration.pricetaker.price_taker_model: Created startup/shutdown constraints for operation model  reverse_osmosis.ro_skid[1] at ro_skid_1_startup_shutdown.
2026-05-29 17:43:32 [INFO] idaes.apps.grid_integration.pricetaker.price_taker_model: Found minimum uptime/downtime data for reverse_osmosis.ro_skid[2] - Adding minimum uptime/downtime constraints.
2026-05-29 17:43:32 [INFO] idaes.apps.grid_integration.pricetaker.price_taker_model: Created startup/shutdown constraints for operation model  reverse_osmosis.ro_skid[2] at ro_skid_2_startup_shutdown.
2026-05-29 17:43:32 [INFO] idaes.apps.grid_integration.pricetaker.price_taker_model: Found minimum uptime/downtime data for reverse_osmosis.ro_skid[3] - Adding minimum uptime/downtime constraints.
2026-05-29 17:43:32 [INFO] idaes.apps.grid_integration.pricetaker.price_taker_model: Created startup/shutdown constraints for operation model  reverse_osmosis.ro_skid[3] at ro_skid_3_startup_shutdown.
2026-05-29 17:43:32 [INFO] idaes.apps.grid_integration.pricetaker.price_taker_model: Found minimum uptime/downtime data for reverse_osmosis.ro_skid[4] - Adding minimum uptime/downtime constraints.
2026-05-29 17:43:32 [INFO] idaes.apps.grid_integration.pricetaker.price_taker_model: Created startup/shutdown constraints for operation model  reverse_osmosis.ro_skid[4] at ro_skid_4_startup_shutdown.
3598
Running phase 1 warm start for 'both' with temporary nominal recovery and nominal RO flow constraints.
Set parameter TokenServer to value "10.60.1.73"
Set parameter LogToConsole to value 1
Set parameter MIPGap to value 0.005
Gurobi Optimizer version 12.0.3 build v12.0.3rc0 (linux64 - "Red Hat Enterprise Linux 8.8 (Ootpa)")

CPU model: Intel(R) Xeon(R) Platinum 8470QL, instruction set [SSE2|AVX|AVX2|AVX512]
Thread count: 104 physical cores, 104 logical processors, using up to 32 threads

Non-default parameters:
MIPGap  0.005

Optimize a model with 19295 rows, 15029 columns and 47503 nonzeros
Model fingerprint: 0xfa916a7d
Model has 168 quadratic objective terms
Model has 1680 quadratic constraints
Variable types: 10587 continuous, 4442 integer (4442 binary)
Coefficient statistics:
  Matrix range     [5e-04, 2e+03]
  QMatrix range    [2e-07, 1e+00]
  QLMatrix range   [3e-04, 1e+00]
  Objective range  [1e-05, 5e-03]
  QObjective range [2e-04, 2e-04]
  Bounds range     [1e+00, 1e+03]
  RHS range        [9e-02, 3e+05]
  QRHS range       [3e-01, 3e-01]
Presolve removed 15061 rows and 11715 columns
Presolve time: 0.08s
Presolved: 7786 rows, 3315 columns, 21211 nonzeros
Presolved model has 1014 bilinear constraint(s)

Solving non-convex MIQCP

Variable types: 1558 continuous, 1757 integer (1757 binary)
Found heuristic solution: objective 18.6222472

Root relaxation: objective 1.124121e+01, 5209 iterations, 0.28 seconds (0.45 work units)

    Nodes    |    Current Node    |     Objective Bounds      |     Work
 Expl Unexpl |  Obj  Depth IntInf | Incumbent    BestBd   Gap | It/Node Time

     0     0   11.24121    0 1245   18.62225   11.24121  39.6%     -    0s
H    0     0                      18.4645855   11.24121  39.1%     -    0s
H    0     0                      18.4245855   11.24121  39.0%     -    0s
     0     0   11.67153    0 1388   18.42459   11.67153  36.7%     -    0s
H    0     0                      13.3093213   11.67153  12.3%     -    0s
H    0     0                      13.2693213   11.67153  12.0%     -    0s
     0     0   11.67282    0 1438   13.26932   11.67282  12.0%     -    0s
     0     0   11.68336    0 1351   13.26932   11.68336  12.0%     -    1s
H    0     0                      13.1551248   11.68336  11.2%     -    1s
     0     0   11.68351    0 1344   13.15512   11.68351  11.2%     -    1s
     0     0   11.70625    0 1247   13.15512   11.70625  11.0%     -    1s
     0     0   11.76141    0 1272   13.15512   11.76141  10.6%     -    1s
     0     0   11.76809    0 1246   13.15512   11.76809  10.5%     -    2s
     0     0   11.76869    0 1253   13.15512   11.76869  10.5%     -    2s
     0     0   11.76915    0 1288   13.15512   11.76915  10.5%     -    2s
     0     0   11.76936    0 1295   13.15512   11.76936  10.5%     -    2s
     0     0   11.76945    0 1332   13.15512   11.76945  10.5%     -    2s
     0     0   11.77024    0 1326   13.15512   11.77024  10.5%     -    2s
H    0     2                      13.1302944   11.77024  10.4%     -    2s
     0     2   11.77024    0 1326   13.13029   11.77024  10.4%     -    2s
H   31    64                      13.0648270   11.77433  9.88%   815    4s
H   37    64                      12.7630486   11.77478  7.74%   703    4s
H   44    64                      12.6325576   11.77478  6.79%   643    4s
H   95   146                      12.4736666   11.77524  5.60%   566    4s
H   96   146                      12.4640112   11.77524  5.53%   562    4s
H   99   146                      12.4197844   11.77524  5.19%   562    4s
H  133   146                      12.4139158   11.77524  5.14%   483    4s
H  145   224                      12.4089158   11.77524  5.11%   464    4s
H  223   294                      12.3639618   11.77524  4.76%   425    5s
H  231   294                      12.3630430   11.77524  4.75%   421    5s
H  264   294                      12.2032329   11.77524  3.51%   424    5s
H  529   606                      12.2011395   11.77524  3.49%   401    5s
H  553   606                      12.1827015   11.77524  3.34%   395    5s
H  718   806                      12.1811429   11.77524  3.33%   380    6s
H  927  1035                      12.1270057   11.77524  2.90%   353    6s
H  929  1035                      12.1133872   11.77524  2.79%   353    6s
H  973  1035                      12.1123672   11.77524  2.78%   348    6s
H 1151  1164                      12.1073654   11.77524  2.74%   323    7s
H 1460  1591                      12.0734062   11.77524  2.47%   293    7s
H 1507  1591                      12.0636007   11.77524  2.39%   289    7s
H 1516  1591                      12.0625235   11.77524  2.38%   291    7s
H 1548  1591                      12.0569495   11.77524  2.34%   289    7s
H 1770  1922                      12.0519495   11.77524  2.30%   272   13s
H 1794  1922                      12.0466992   11.77524  2.25%   273   13s
H 1837  1896                      11.9290892   11.77524  1.29%   273   13s
H 2274  1902                      11.9290876   11.77639  1.28%   259   14s
H 2455  2005                      11.9290876   11.77639  1.28%   253   14s
  2708  2312   11.81926   40  976   11.92909   11.77639  1.28%   250   15s
  4198  3380   11.91469   48  522   11.92909   11.80816  1.01%   242   20s
  4214  3394   11.80816   12 1157   11.92909   11.80816  1.01%   245   34s
  4220  3404   11.80816   14 1188   11.92909   11.80816  1.01%   245   35s
  4985  3747     cutoff   25        11.92909   11.80816  1.01%   283   40s
  6665  4243   11.85647   43 1073   11.92909   11.80816  1.01%   316   45s
  8411  4573   11.90622   63 1079   11.92909   11.80816  1.01%   356   50s
 10596  5096   11.81028   21 1272   11.92909   11.80816  1.01%   391   55s
 12899  5453     cutoff   24        11.92909   11.80816  1.01%   415   60s
 14620  5407     cutoff   67        11.92909   11.81121  0.99%   449   65s
H15769  5567                      11.9290876   11.81318  0.97%   474   67s
H16081  5608                      11.9290875   11.81870  0.93%   482   68s
 16544  5853     cutoff   58        11.92909   11.82407  0.88%   490   70s
 18673  6395   11.91688   54 1280   11.92909   11.83004  0.83%   514   75s
 20949  6834   11.88449   51 1221   11.92909   11.84802  0.68%   526   81s

Cutting planes:
  Learned: 54
  Gomory: 10
  Cover: 92
  Implied bound: 14
  MIR: 81
  Flow cover: 354
  GUB cover: 3
  RLT: 1083
  Relax-and-lift: 6

Explored 22877 nodes (12462928 simplex iterations) in 84.12 seconds (169.99 work units)
Thread count was 32 (of 104 available processors)

Solution count 10: 11.9291 11.9291 11.9291 ... 12.0636

Optimal solution found (tolerance 5.00e-03)
Best objective 1.192908751130e+01, best bound 1.187584581592e+01, gap 0.4463%
Phase 1 objective: 11.929088

--- Constraints violated at phase-1 point in full 'both' model ---
--- End of constraint violation report ---

Running phase 2 solve for full 'both' model.
Set parameter LogToConsole to value 1
Set parameter MIPGap to value 0.005
Gurobi Optimizer version 12.0.3 build v12.0.3rc0 (linux64 - "Red Hat Enterprise Linux 8.8 (Ootpa)")

CPU model: Intel(R) Xeon(R) Platinum 8470QL, instruction set [SSE2|AVX|AVX2|AVX512]
Thread count: 104 physical cores, 104 logical processors, using up to 32 threads

Non-default parameters:
MIPGap  0.005

Optimize a model with 17951 rows, 15701 columns and 45581 nonzeros
Model fingerprint: 0xc02a7ac9
Model has 168 quadratic objective terms
Model has 2352 quadratic constraints
Variable types: 11259 continuous, 4442 integer (4442 binary)
Coefficient statistics:
  Matrix range     [5e-04, 2e+03]
  QMatrix range    [2e-07, 1e+00]
  QLMatrix range   [3e-04, 1e+00]
  Objective range  [1e-05, 5e-03]
  QObjective range [2e-04, 2e-04]
  Bounds range     [9e-01, 1e+03]
  RHS range        [5e-02, 3e+05]
  QRHS range       [3e-01, 3e-01]
Presolve removed 10679 rows and 8689 columns
Presolve time: 0.07s
Presolved: 16016 rows, 7013 columns, 44614 nonzeros
Presolved model has 2312 bilinear constraint(s)

Solving non-convex MIQCP

Variable types: 4948 continuous, 2065 integer (2065 binary)
Found heuristic solution: objective 12.0903187

Root simplex log...

Iteration    Objective       Primal Inf.    Dual Inf.      Time
   23839    1.0913894e+01   1.991682e+04   0.000000e+00      5s
   26047    1.0864978e+01   0.000000e+00   0.000000e+00      6s

Root relaxation: objective 1.086498e+01, 26047 iterations, 5.45 seconds (7.95 work units)

    Nodes    |    Current Node    |     Objective Bounds      |     Work
 Expl Unexpl |  Obj  Depth IntInf | Incumbent    BestBd   Gap | It/Node Time

     0     0   10.86498    0 2415   12.09032   10.86498  10.1%     -    5s
H    0     0                      12.0903185   10.86498  10.1%     -    5s
     0     0   11.51300    0 2682   12.09032   11.51300  4.78%     -    8s
     0     0   11.60099    0 2693   12.09032   11.60099  4.05%     -    9s
     0     0   11.63946    0 2767   12.09032   11.63946  3.73%     -   10s
     0     0   11.64139    0 2755   12.09032   11.64139  3.71%     -   10s
     0     0   11.64991    0 2776   12.09032   11.64991  3.64%     -   11s
     0     0   11.65214    0 2791   12.09032   11.65214  3.62%     -   11s
     0     0   11.65637    0 2797   12.09032   11.65637  3.59%     -   12s
     0     0   11.66152    0 2725   12.09032   11.66152  3.55%     -   12s
     0     0   11.66279    0 2729   12.09032   11.66279  3.54%     -   12s
     0     0   11.66288    0 2723   12.09032   11.66288  3.54%     -   12s
     0     0   11.66374    0 2725   12.09032   11.66374  3.53%     -   13s
     0     0   11.66402    0 2720   12.09032   11.66402  3.53%     -   13s
     0     0   11.66498    0 2719   12.09032   11.66498  3.52%     -   13s
     0     0   11.68810    0 2620   12.09032   11.68810  3.33%     -   14s
     0     2   11.68810    0 2519   12.09032   11.68810  3.33%     -   16s
    31    64   11.78246    5 2568   12.09032   11.69476  3.27%   679   21s
    95   155   11.79661    7 2516   12.09032   11.69549  3.27%   875   27s
   154   283   11.80075    9 2503   12.09032   11.69549  3.27%  1018   31s
   282   407   11.80307   13 2505   12.09032   11.69549  3.27%   937   36s
   406   500   11.80659   16 2469   12.09032   11.69549  3.27%   813   42s
   499   574   11.81741   17 2452   12.09032   11.69549  3.27%  1023   45s
   652   735   11.81238   19 2447   12.09032   11.69549  3.27%   984   50s
   841   924   11.81864   22 2448   12.09032   11.69549  3.27%   899   56s
  1182  1357   11.82981   28 2281   12.09032   11.69549  3.27%   764   62s
  1572  1731   11.83731   36 2235   12.09032   11.69549  3.27%   637   68s
  1730  1903   11.84015   37 2223   12.09032   11.69549  3.27%   631   72s
  2110  2333   11.84961   46 2242   12.09032   11.69549  3.27%   565   76s
  2586  2787   11.85415   53 2229   12.09032   11.69549  3.27%   496   81s
  2952  3154   11.86015   55 2243   12.09032   11.69549  3.27%   527   87s
  3153  3398   11.86372   59 2167   12.09032   11.69549  3.27%   541   92s
  3397  3726   11.86753   64 2136   12.09032   11.69549  3.27%   564   95s
  4079  4468   11.88440   84 2051   12.09032   11.69549  3.27%   517  101s
  4994  5306   11.89730  103 1978   12.09032   11.69549  3.27%   459  106s
  5800  6291   11.91139  122 2005   12.09032   11.69549  3.27%   430  113s
  6309  6723   11.91161  123 1974   12.09032   11.69549  3.27%   418  117s
  6743  7175   11.93539  135 1929   12.09032   11.69549  3.27%   415  122s
  7201  7603   11.91947  135 1837   12.09032   11.69613  3.26%   413  125s
  8127  8635   11.93526  161 1664   12.09032   11.69613  3.26%   408  131s
  8673  9193   11.94366  182 1710   12.09032   11.69613  3.26%   404  135s
  9975  9984   11.96256  248 1501   12.09032   11.69613  3.26%   391  143s
 10061 10718   11.96606  249 1505   12.09032   11.70083  3.22%   396  146s
 11372 12021   11.97807  329 1418   12.09032   11.70083  3.22%   387  154s
 12123 13006   11.98828  392 1438   12.09032   11.70399  3.20%   384  157s
 13112 13891   11.99655  450 1382   12.09032   11.70399  3.20%   372  162s
H14003 13982                      12.0903182   11.70454  3.19%   366  164s
H14004 13982                      12.0903108   11.70454  3.19%   366  164s
H14092 13982                      12.0903108   11.70454  3.19%   367  164s
 14096 15130   12.00738  466 1349   12.09031   11.70454  3.19%   367  168s
H15254 15022                      12.0737965   11.70454  3.06%   355  173s
H15254 14331                      12.0187965   11.70454  2.61%   355  173s
 15255 14313   11.93501  211  523   12.01880   11.70454  2.61%   355  182s
 15257 14314   11.86710  195  461   12.01880   11.70454  2.61%   355  191s
 15258 14315   11.96677   82  528   12.01880   11.70454  2.61%   355  195s
 15262 14318   11.84095  101  550   12.01880   11.71368  2.54%   355  201s
 15268 14322   11.82346   44  532   12.01880   11.71652  2.52%   355  205s
 15278 14328   11.87006  261  544   12.01880   11.71769  2.51%   355  210s
 15289 14336   11.85993   94  562   12.01880   11.71784  2.50%   355  222s
 15290 14336   11.91647  299  562   12.01880   11.71784  2.50%   355  226s
H15290 13620                      12.0187962   11.71784  2.50%   359  328s
 15291 13622   11.72124   11 2586   12.01880   11.71784  2.50%   359  333s
 15293 13625   11.74512   12 2512   12.01880   11.72124  2.48%   359  336s
 15305 13645   11.75167   14 2486   12.01880   11.72330  2.46%   361  343s
 15321 13672   11.75656   15 2430   12.01880   11.73014  2.40%   364  346s
 15385 13764   11.76476   17 2367   12.01880   11.73319  2.38%   368  351s
 15466 13811   11.77269   19 2286   12.01880   11.73319  2.38%   372  355s
 15540 13857   11.77734   20 2290   12.01880   11.73319  2.38%   376  360s
 15611 13903   11.78297   21 2276   12.01880   11.73319  2.38%   381  366s
 15681 13950   11.78776   22 2294   12.01880   11.73319  2.38%   389  372s
H15695 13264                      12.0187962   11.73319  2.38%   390  372s
H15721 12608                      12.0187952   11.73319  2.38%   393  372s
 15751 12684   11.79150   23 2303   12.01880   11.73319  2.38%   395  378s
 15837 12730   11.79501   24 2264   12.01880   11.73319  2.38%   405  385s
H15878 12101                      12.0157480   11.73319  2.35%   408  385s
 15912 12178   11.80888   25 2272   12.01575   11.73319  2.35%   410  392s
 16000 12231   11.81577   26 2190   12.01575   11.73319  2.35%   420  397s
 16082 12288   11.79628   27 2299   12.01575   11.73319  2.35%   427  403s
 16167 12340   11.79633   28 2263   12.01575   11.73319  2.35%   433  409s
H16169 11755                      12.0157424   11.73319  2.35%   435  409s
H16187 11194                      12.0157424   11.73319  2.35%   437  409s
H16199 10662                      12.0157399   11.73319  2.35%   437  409s
H16234 10150                      12.0149369   11.73319  2.34%   440  409s
 16247 10230   11.80077   29 2227   12.01494   11.73319  2.34%   440  415s
H16332  9823                      12.0149350   11.73319  2.34%   450  420s
H16342  9368                      12.0149312   11.73319  2.34%   452  420s
H16366  8931                      12.0149293   11.73319  2.34%   455  420s
H16419  8505                      12.0141257   11.73319  2.34%   455  420s
H16429  8224                      12.0091257   11.73319  2.30%   455  425s
 16539  8274   11.80676   33 2192   12.00913   11.73319  2.30%   459  431s
H16540  7906                      12.0091238   11.73319  2.30%   459  431s
H16544  7554                      12.0091201   11.73319  2.30%   459  431s
H16550  7219                      12.0091080   11.73319  2.30%   462  431s
 16628  7303   11.81119   33 2262   12.00911   11.73319  2.30%   465  436s
 16743  7392   11.80906   35 2148   12.00911   11.73319  2.30%   468  441s
H16747  7076                      12.0091080   11.73319  2.30%   467  441s
H16757  6772                      12.0091080   11.73319  2.30%   469  441s
 16870  6856   11.81153   37 2149   12.00911   11.73319  2.30%   469  447s
 16994  6948   11.81400   39 2127   12.00911   11.73319  2.30%   472  452s
H17055  6643                      12.0091080   11.73319  2.30%   476  452s
H17107  6355                      12.0082969   11.73319  2.29%   476  452s
H17131  6255                      12.0032969   11.73319  2.25%   476  457s
 17299  6349   11.82740   41 2085   12.00330   11.73319  2.25%   479  462s
H17300  6104                      12.0032958   11.73319  2.25%   479  462s
H17312  5867                      12.0032958   11.73319  2.25%   480  462s
H17390  5620                      12.0024858   11.73319  2.24%   480  462s
H17451  5557                      11.9974858   11.73333  2.20%   481  467s
 17618  5672   11.82414   45 2040   11.99749   11.73333  2.20%   484  472s
H17622  5472                      11.9974846   11.73333  2.20%   484  472s
H17627  5281                      11.9974846   11.73333  2.20%   484  472s
H17704  5077                      11.9974845   11.73333  2.20%   486  472s
H17730  4897                      11.9974835   11.73333  2.20%   486  472s
H17778  4719                      11.9974835   11.73333  2.20%   486  472s
 17801  4906   11.82575   47 1926   11.99748   11.73333  2.20%   487  479s
 17996  5024   11.82725   49 1922   11.99748   11.73333  2.20%   491  482s
H18017  4863                      11.9974834   11.73333  2.20%   491  482s
 18184  4994   11.83120   52 1922   11.99748   11.73333  2.20%   494  486s
 18384  5110   11.83055   56 1862   11.99748   11.73333  2.20%   497  492s
 18579  5274   11.89557   59 1902   11.99748   11.73333  2.20%   504  496s
 18829  5522   11.83909   62 1821   11.99748   11.73640  2.18%   504  501s
H19169  5433                      11.9556369   11.73719  1.83%   506  508s
 19498  5588   11.84026   72 1802   11.95564   11.73764  1.82%   509  514s
 19881  5859   11.84569   81 1730   11.95564   11.73803  1.82%   517  520s
 20296  5949   11.85668   95 1683   11.95564   11.73803  1.82%   521  525s
H20332  5798                      11.9555512   11.73803  1.82%   522  525s
H20367  5654                      11.9554974   11.73803  1.82%   522  525s
H20435  5504                      11.9554900   11.73803  1.82%   522  525s
H20462  5376                      11.9554772   11.73803  1.82%   521  525s
H20531  5231                      11.9518814   11.73803  1.79%   523  529s
 20564  5884   11.85837   98 1591   11.95188   11.73822  1.79%   525  536s
 21230  6205     cutoff  112        11.95188   11.73822  1.79%   525  543s
 21780  6441   11.86645  126 1573   11.95188   11.73822  1.79%   533  550s
H21819  6358                      11.9405635   11.73822  1.69%   533  550s
 22183  6814   11.86499  138 1600   11.94056   11.73822  1.69%   534  557s
 22676  7445   11.86933  156 1649   11.94056   11.73822  1.69%   543  565s
 23329  7873   11.87046  157 1663   11.94056   11.73856  1.69%   547  572s
H23408  7870                      11.9404406   11.73856  1.69%   548  572s
H23622  7869                      11.9403918   11.73856  1.69%   547  572s
 23771  8763   11.87305  168 1641   11.94039   11.73856  1.69%   548  580s
 24688  9465   11.87418  177 1626   11.94039   11.73856  1.69%   546  586s
H24801  9465                      11.9403581   11.73856  1.69%   545  586s
H25365  9399                      11.9362811   11.73856  1.66%   539  586s
 25402 10455   11.88504  198 1564   11.93628   11.73856  1.66%   540  592s
 26502 10500   11.89837  203 1511   11.93628   11.73856  1.66%   536  597s
H26508 10277                      11.9246960   11.73856  1.56%   536  597s
H26516  9966                      11.9122852   11.73856  1.46%   537  597s
H26545  8663                      11.8882196   11.73856  1.26%   538  597s
H26550  8462                      11.8855196   11.73856  1.24%   538  597s
 26553  8533     cutoff  206        11.88552   11.73856  1.24%   538  607s
 26922  8603   11.78588   25 2259   11.88552   11.74006  1.22%   549  617s
 27044  9141   11.79693   29 2146   11.88552   11.74006  1.22%   557  625s
 27607  9569   11.81739   43 2121   11.88552   11.74006  1.22%   569  632s
H27697  9520                      11.8848054   11.74006  1.22%   571  632s
H27979  9518                      11.8847939   11.74006  1.22%   576  632s
 28055 10014   11.83953   67 1932   11.88479   11.74006  1.22%   578  640s
 28629 10187   11.88143   94 1960   11.88479   11.74006  1.22%   594  649s
 28901 10379     cutoff   95        11.88479   11.74027  1.22%   614  662s
 29207 11563   11.76761   22 2295   11.88479   11.74027  1.22%   640  677s
 30498 12818   11.82456   72 1757   11.88479   11.74341  1.19%   662  690s
 31805 13506   11.84409  136 1566   11.88479   11.74699  1.16%   666  699s
 32563 14527   11.85259  220 1509   11.88479   11.74699  1.16%   673  708s
 33652 15600   11.85707  324 1352   11.88479   11.74970  1.14%   677  717s
 34767 16573   11.85818  437 1436   11.88479   11.74970  1.14%   680  727s
 35770 17208   11.88298  531 1396   11.88479   11.74970  1.14%   688  736s
 36471 18438   11.86212  544 1343   11.88479   11.74970  1.14%   694  746s
 37819 19349   11.86687  587 1277   11.88479   11.74970  1.14%   694  755s
 38880 19567   11.87452  651 1339   11.88479   11.75224  1.12%   700  765s
 39237 20749   11.88267  674 1396   11.88479   11.75224  1.12%   711  775s
 40554 21992     cutoff  677        11.88479   11.75354  1.10%   714  786s
 41931 22083   11.79781   34 2171   11.88479   11.75382  1.10%   714  796s
H41950 22083                      11.8847876   11.75382  1.10%   714  796s
H42057 22080                      11.8847749   11.75382  1.10%   716  796s
H42062 22077                      11.8847462   11.75382  1.10%   716  796s
 42090 22515   11.80090   39 2178   11.88475   11.75382  1.10%   717  807s
H42113 22512                      11.8847361   11.75382  1.10%   717  807s
H42427 22511                      11.8847305   11.75382  1.10%   717  807s
 42562 23626   11.81498   53 2121   11.88473   11.75382  1.10%   720  820s
 43836 24404     cutoff   88        11.88473   11.75391  1.10%   729  833s
 44851 25318   11.88183   89 1987   11.88473   11.75391  1.10%   740  848s
 45992 26361   11.79355   32 2166   11.88473   11.75391  1.10%   754  861s
 47210 27256   11.83785   85 2037   11.88473   11.75391  1.10%   767  876s
H47861 27256                      11.8847304   11.75646  1.08%   781  876s
H47977 27256                      11.8847304   11.75687  1.08%   785  876s
 48336 28401   11.88464  106 1954   11.88473   11.75714  1.07%   785  890s
H48418 28401                      11.8847304   11.75714  1.07%   785  890s
H48501 28401                      11.8847304   11.75714  1.07%   785  890s
 49703 29351   11.83519   42 2152   11.88473   11.75714  1.07%   797  906s
H49765 29351                      11.8847299   11.75714  1.07%   798  906s
 50859 30592     cutoff   80        11.88473   11.75714  1.07%   813  923s
 52392 31703   11.87866  101 2019   11.88473   11.75733  1.07%   829  939s
 53797 32635   11.78674   18 2452   11.88473   11.75808  1.07%   846  955s
 55007 33718   11.87122   64 2060   11.88473   11.75937  1.05%   861  973s
 56344 34687   11.87969   69 2011   11.88473   11.75937  1.05%   884  990s
 57672 35875   11.78946   25 2137   11.88473   11.76069  1.04%   908 1009s
 59196 35876   11.87029  126  523   11.88473   11.76080  1.04%   932 1130s
 59198 35877   11.86930  437  447   11.88473   11.76080  1.04%   932 1135s
 59200 35879   11.85644   76  577   11.88473   11.76080  1.04%   932 1141s
H59200 34085                      11.8847298   11.76080  1.04%   932 1152s
 59202 34086   11.87664  478  614   11.88473   11.76080  1.04%   932 1157s
 59203 34087   11.85709   72  626   11.88473   11.76080  1.04%   932 1164s
 59204 34087   11.79149   40  616   11.88473   11.76080  1.04%   932 1169s
 59205 34088   11.81566   38  597   11.88473   11.76080  1.04%   932 1174s
 59206 34089   11.83430   83  613   11.88473   11.76080  1.04%   932 1179s
 59207 34089   11.86960   96  591   11.88473   11.76080  1.04%   932 1187s
 59208 34090   11.85696  312  590   11.88473   11.76080  1.04%   932 1191s
 59209 34091   11.78393   22  601   11.88473   11.76080  1.04%   932 1201s
 59210 34091   11.87415  101  610   11.88473   11.76080  1.04%   932 1206s
 59211 34092   11.85419  138  604   11.88473   11.76080  1.04%   932 1211s
 59212 34093   11.83808   75  608   11.88473   11.76080  1.04%   932 1216s
 59213 34093   11.82852  160  612   11.88473   11.76080  1.04%   932 1221s
 59214 34094   11.82775   42  620   11.88473   11.76080  1.04%   932 1225s
 59215 34095   11.79514   31  616   11.88473   11.76080  1.04%   932 1230s
 59216 34095   11.79369   43  616   11.88473   11.76080  1.04%   932 1235s
 59217 34096   11.88418  176  617   11.88473   11.76080  1.04%   932 1241s
 59218 34097   11.85333  421  618   11.88473   11.76080  1.04%   932 1245s
 59219 34097   11.85354  207  622   11.88473   11.76080  1.04%   931 1251s
 59220 34098   11.79977   52  622   11.88473   11.76080  1.04%   931 1255s
 59221 34099   11.81332   49  620   11.88473   11.76080  1.04%   931 1260s
 59222 34099   11.87923  140  622   11.88473   11.76080  1.04%   931 1265s
 59223 34100   11.81550   45  629   11.88473   11.76080  1.04%   931 1276s
 59224 34101   11.88054  118  613   11.88473   11.76080  1.04%   931 1280s
 59225 34101   11.87303   96  612   11.88473   11.76080  1.04%   931 1286s
 59226 34102   11.87875  340  620   11.88473   11.76080  1.04%   931 1290s
 59227 34103   11.84340  106  625   11.88473   11.76080  1.04%   931 1302s
 59228 34103   11.85652   53  623   11.88473   11.76080  1.04%   931 1306s
 59229 34104   11.82532   74  629   11.88473   11.76080  1.04%   931 1312s
 59230 34105   11.81164   29  629   11.88473   11.76080  1.04%   931 1318s
 59231 34105   11.83791   59  634   11.88473   11.76080  1.04%   931 1322s
 59232 34106   11.84556   80  636   11.88473   11.76080  1.04%   931 1327s
[2026-05-29T18:07:13.428] error: *** JOB 14027710 ON x1001c1s6b0n1 CANCELLED AT 2026-05-29T18:07:13 DUE to SIGNAL Terminated ***
