2026-05-29 14:25:23 [INFO] idaes.core.surrogate.pysmo_surrogate: Decode surrogate. type=poly

===========================Polynomial Regression===============================================

The number of cross-validation cases (3) is used.
The default training/cross-validation split of 0.75 is used.
No iterations will be run.
Default parameter estimation method is used.
Parameter estimation method:  pyomo 

2026-05-29 14:25:23 [INFO] idaes.core.surrogate.pysmo_surrogate: Decode surrogate. type=poly

===========================Polynomial Regression===============================================

The number of cross-validation cases (3) is used.
The default training/cross-validation split of 0.75 is used.
No iterations will be run.
Default parameter estimation method is used.
Parameter estimation method:  pyomo 

2026-05-29 14:25:23 [INFO] idaes.core.surrogate.pysmo_surrogate: Decode surrogate. type=poly

===========================Polynomial Regression===============================================

The number of cross-validation cases (3) is used.
The default training/cross-validation split of 0.75 is used.
No iterations will be run.
Default parameter estimation method is used.
Parameter estimation method:  pyomo 

2026-05-29 14:25:23 [INFO] idaes.core.surrogate.pysmo_surrogate: Decode surrogate. type=poly

===========================Polynomial Regression===============================================

The number of cross-validation cases (3) is used.
The default training/cross-validation split of 0.75 is used.
No iterations will be run.
Default parameter estimation method is used.
Parameter estimation method:  pyomo 

2026-05-29 14:25:24 [INFO] idaes.apps.grid_integration.pricetaker.price_taker_model: Found minimum uptime/downtime data for pretreatment.uf_pumps[1] - Adding minimum uptime/downtime constraints.
2026-05-29 14:25:24 [INFO] idaes.apps.grid_integration.pricetaker.price_taker_model: Created startup/shutdown constraints for operation model  pretreatment.uf_pumps[1] at uf_pumps_1_startup_shutdown.
2026-05-29 14:25:24 [INFO] idaes.apps.grid_integration.pricetaker.price_taker_model: Found minimum uptime/downtime data for pretreatment.uf_pumps[2] - Adding minimum uptime/downtime constraints.
2026-05-29 14:25:24 [INFO] idaes.apps.grid_integration.pricetaker.price_taker_model: Created startup/shutdown constraints for operation model  pretreatment.uf_pumps[2] at uf_pumps_2_startup_shutdown.
2026-05-29 14:25:24 [INFO] idaes.apps.grid_integration.pricetaker.price_taker_model: Found minimum uptime/downtime data for pretreatment.uf_pumps[3] - Adding minimum uptime/downtime constraints.
2026-05-29 14:25:24 [INFO] idaes.apps.grid_integration.pricetaker.price_taker_model: Created startup/shutdown constraints for operation model  pretreatment.uf_pumps[3] at uf_pumps_3_startup_shutdown.
2026-05-29 14:25:24 [INFO] idaes.apps.grid_integration.pricetaker.price_taker_model: Found minimum uptime/downtime data for reverse_osmosis.ro_skid[1] - Adding minimum uptime/downtime constraints.
2026-05-29 14:25:24 [INFO] idaes.apps.grid_integration.pricetaker.price_taker_model: Created startup/shutdown constraints for operation model  reverse_osmosis.ro_skid[1] at ro_skid_1_startup_shutdown.
2026-05-29 14:25:24 [INFO] idaes.apps.grid_integration.pricetaker.price_taker_model: Found minimum uptime/downtime data for reverse_osmosis.ro_skid[2] - Adding minimum uptime/downtime constraints.
2026-05-29 14:25:24 [INFO] idaes.apps.grid_integration.pricetaker.price_taker_model: Created startup/shutdown constraints for operation model  reverse_osmosis.ro_skid[2] at ro_skid_2_startup_shutdown.
2026-05-29 14:25:24 [INFO] idaes.apps.grid_integration.pricetaker.price_taker_model: Found minimum uptime/downtime data for reverse_osmosis.ro_skid[3] - Adding minimum uptime/downtime constraints.
2026-05-29 14:25:24 [INFO] idaes.apps.grid_integration.pricetaker.price_taker_model: Created startup/shutdown constraints for operation model  reverse_osmosis.ro_skid[3] at ro_skid_3_startup_shutdown.
2026-05-29 14:25:24 [INFO] idaes.apps.grid_integration.pricetaker.price_taker_model: Found minimum uptime/downtime data for reverse_osmosis.ro_skid[4] - Adding minimum uptime/downtime constraints.
2026-05-29 14:25:24 [INFO] idaes.apps.grid_integration.pricetaker.price_taker_model: Created startup/shutdown constraints for operation model  reverse_osmosis.ro_skid[4] at ro_skid_4_startup_shutdown.
2926
Set parameter TokenServer to value "10.60.1.73"
Set parameter LogToConsole to value 1
Set parameter MIPGap to value 0.005
Gurobi Optimizer version 12.0.3 build v12.0.3rc0 (linux64 - "Red Hat Enterprise Linux 8.8 (Ootpa)")

CPU model: Intel(R) Xeon(R) Platinum 8470QL, instruction set [SSE2|AVX|AVX2|AVX512]
Thread count: 104 physical cores, 104 logical processors, using up to 32 threads

Non-default parameters:
MIPGap  0.005

Optimize a model with 17951 rows, 15029 columns and 44909 nonzeros
Model fingerprint: 0xf5f33ed4
Model has 168 quadratic objective terms
Model has 2352 quadratic constraints
Variable types: 10587 continuous, 4442 integer (4442 binary)
Coefficient statistics:
  Matrix range     [3e-02, 2e+03]
  QMatrix range    [2e-07, 1e+00]
  QLMatrix range   [1e-04, 1e+00]
  Objective range  [1e-05, 5e-03]
  QObjective range [2e-04, 2e-04]
  Bounds range     [1e+00, 1e+03]
  RHS range        [1e+00, 3e+05]
  QRHS range       [2e-01, 3e-01]
Presolve removed 11963 rows and 9301 columns
Presolve time: 0.08s
Presolved: 14080 rows, 5729 columns, 37422 nonzeros
Presolved model has 2312 bilinear constraint(s)

Solving non-convex MIQCP

Variable types: 3664 continuous, 2065 integer (2065 binary)
Found heuristic solution: objective 12.0897165

Root relaxation: objective 1.100521e+01, 12235 iterations, 1.20 seconds (1.71 work units)

    Nodes    |    Current Node    |     Objective Bounds      |     Work
 Expl Unexpl |  Obj  Depth IntInf | Incumbent    BestBd   Gap | It/Node Time

     0     0   11.00521    0 2017   12.08972   11.00521  8.97%     -    1s
     0     0   11.00562    0 2035   12.08972   11.00562  8.97%     -    1s
     0     0   11.60266    0 1990   12.08972   11.60266  4.03%     -    3s
     0     0   11.64899    0 2034   12.08972   11.64899  3.65%     -    4s
     0     0   11.68383    0 2094   12.08972   11.68383  3.36%     -    5s
     0     0   11.68747    0 2073   12.08972   11.68747  3.33%     -    5s
     0     0   11.69387    0 1930   12.08972   11.69387  3.27%     -    6s
     0     0   11.69680    0 1968   12.08972   11.69680  3.25%     -    6s
     0     0   11.69768    0 2014   12.08972   11.69768  3.24%     -    7s
     0     0   11.69801    0 2033   12.08972   11.69801  3.24%     -    7s
     0     0   11.69856    0 1954   12.08972   11.69856  3.24%     -    7s
     0     0   11.69864    0 2027   12.08972   11.69864  3.23%     -    7s
     0     0   11.69895    0 1922   12.08972   11.69895  3.23%     -    7s
     0     0   11.74445    0 1665   12.08972   11.74445  2.86%     -    8s
     0     2   11.74445    0 1665   12.08972   11.74445  2.86%     -    9s
     3     8   11.75187    2 1792   12.08972   11.74455  2.86%   398   10s
   328   410   11.77194   10 1639   12.08972   11.75425  2.77%   441   15s
  1498  1593   11.90188   27 1294   12.08972   11.75425  2.77%   338   20s
  2557  2630   11.91235   43 1216   12.08972   11.75425  2.77%   346   25s
  4483  4530   11.88086   70 1955   12.08972   11.75707  2.75%   305   30s
  6189  6382   11.91861  129 1156   12.08972   11.75707  2.75%   296   35s
  8036  8309   11.97995  210  940   12.08972   11.76118  2.72%   267   40s
  9261  9658   12.03705  274  924   12.08972   11.76151  2.71%   250   60s
H10026  9696                      12.0652676   11.76151  2.52%   239   61s
H10083  9509                      12.0530286   11.76151  2.42%   238   61s
H10093  8725                      12.0194723   11.76151  2.15%   238   61s
H10144  8185                      12.0035787   11.76151  2.02%   238   61s
H10177  7604                      11.9905479   11.76151  1.91%   238   61s
H10304  7515                      11.9805479   11.76151  1.83%   238   62s
H10393  6919                      11.9671758   11.76151  1.72%   238   62s
H11378  7062                      11.9671744   11.76166  1.72%   236   64s
H11378  6887                      11.9658562   11.76166  1.71%   236   64s
H11378  6797                      11.9646583   11.76166  1.70%   236   64s
 11379  6798   11.87281   20  378   11.96466   11.76166  1.70%   236   71s
 11382  6800   11.90253   47  530   11.96466   11.76166  1.70%   236   75s
H11387  6462                      11.9610725   11.78099  1.51%   236   80s
H11387  6139                      11.9608308   11.78099  1.50%   236   80s
H11387  5832                      11.9558308   11.78099  1.46%   236   80s
H11392  5544                      11.9523723   11.78431  1.41%   236   83s
H11392  5266                      11.9472210   11.78431  1.36%   236   83s
 11396  5268   11.89130  140  464   11.94722   11.78431  1.36%   236   85s
 11401  5272   11.91690   82  427   11.94722   11.78448  1.36%   236   90s
 11402  5275   11.78791   16 1507   11.94722   11.78448  1.36%   239  122s
 11416  5299   11.79527   19 1572   11.94722   11.79416  1.28%   242  126s
 11464  5347   11.80123   21 1354   11.94722   11.79786  1.25%   251  130s
 11496  5429   11.80191   22 1347   11.94722   11.79786  1.25%   254  136s
 11670  5536   11.80718   24 1857   11.94722   11.79786  1.25%   267  140s
 11909  5680   11.81745   26 1765   11.94722   11.79786  1.25%   278  146s
 12191  5851   11.82024   28 1722   11.94722   11.80123  1.22%   285  150s
H12421  5701                      11.9412986   11.82203  1.00%   291  153s
H12432  5447                      11.9412747   11.82203  1.00%   291  153s
H12580  5293                      11.9362747   11.82203  0.96%   296  155s
H12630  5050                      11.9350048   11.82389  0.93%   297  155s
 13055  5357   11.82925   35 1721   11.93500   11.82480  0.92%   310  161s
H13316  5211                      11.9348491   11.82480  0.92%   314  162s
 13575  5337   11.92216   36 1172   11.93485   11.82842  0.89%   323  165s
 14076  5499   11.91687   38 1131   11.93485   11.83095  0.87%   338  170s
H14461  5213                      11.9311655   11.83138  0.84%   348  174s
H14481  5012                      11.9311651   11.83138  0.84%   349  174s
 14567  5066   11.92822   40 1138   11.93117   11.83138  0.84%   353  175s
H14575  4580                      11.9261650   11.83138  0.79%   353  175s
H14646  4381                      11.9261650   11.83276  0.78%   355  175s
H14659  4211                      11.9261650   11.83276  0.78%   355  175s
 14924  4332   11.85087   42 2227   11.92617   11.83276  0.78%   362  181s
 15314  4486   11.85652   44 2240   11.92617   11.83442  0.77%   375  185s
H15731  4361                      11.9261638   11.83442  0.77%   387  188s
 15997  4402   11.86347   47 2241   11.92616   11.85212  0.62%   394  190s
 16482  4441   11.87598   50 2340   11.92616   11.85212  0.62%   407  197s
H16647  4209                      11.9244251   11.85212  0.61%   416  199s
 16835  4278   11.88059   51 2325   11.92443   11.85212  0.61%   420  202s
 17082  4258   11.88591   53 2346   11.92443   11.85421  0.59%   428  205s
 17400  4385     cutoff   55        11.92443   11.85421  0.59%   440  212s
 17633  4437   11.88863   57 2074   11.92443   11.85872  0.55%   449  216s
H17906  4376                      11.9242663   11.86347  0.51%   456  219s
H18007  4207                      11.9242663   11.86347  0.51%   461  219s
 18202  4330     cutoff   59        11.92427   11.86347  0.51%   464  221s

Cutting planes:
  Learned: 44
  Gomory: 3
  Cover: 95
  Implied bound: 445
  Projected implied bound: 18
  MIR: 106
  Mixing: 1
  Flow cover: 583
  GUB cover: 3
  RLT: 1083
  Relax-and-lift: 39
  BQP: 2

Explored 19040 nodes (9107003 simplex iterations) in 224.42 seconds (458.61 work units)
Thread count was 32 (of 104 available processors)

Solution count 10: 11.9243 11.9243 11.9244 ... 11.935

Optimal solution found (tolerance 5.00e-03)
Best objective 1.192426628689e+01, best bound 1.187138181725e+01, gap 0.4435%
m.flow_changes_penalty(): 950.0
Total operational cost: 118292.66
Maximum power (kW): 1462.65
Discharge energy capacity (kWh): 16504.42
Charge energy capacity (kWh): 20074.36
Levelized Cost of Flexibility ($/kWh): 1.09
{'fixed_demand_cost': 6546.515006100506, 'variable_demand_cost': 6017.120632446905, 'fixed_monthly_cost': 171938.17204301074, 'total_water_production': 282179.67123287724, 'total_energy_cost': 20284.51434921124, 'total_demand_cost': 12563.63563854741, 'total_customer_cost': 0.0, 'total_feed_cost': 50843.18400592384, 'total_brine_cost': 15303.79838578286, 'total_chemical_cost': 19297.530489448338, 'total_water_revenue': 0.0, 'total_demand_response_revenue': 0.0, 'total_emissions_cost': 0.0, 'total_op_cost': 118292.6628689137, 'fixed_cost': 121551.98252688172, 'total_cost': 239844.6453957954, 'LCOW': 0.8499713829415316, 'degree_of_flex': 0.0718562874251497, 'total_replacement_cost': 999.4926912958135, 'maximum_power': 1462.653578861969, 'energy_capacity': 16504.420738392007, 'power_capacity': 351.1578880508938, 'round_trip_efficiency': 0, 'LVOF': 1.090758832975019}
Saved operation variable results to: /home/rchurchi/watertap_test/watertap/tutorials/flex_ro/wrd_result_summer_no_flex_2_flexible_trains.csv
Saved summary results to: /home/rchurchi/watertap_test/watertap/tutorials/flex_ro/wrd_pricetaker_summary_results_20260529_142912.csv
