2026-05-29 18:08:40 [INFO] idaes.core.surrogate.pysmo_surrogate: Decode surrogate. type=poly

===========================Polynomial Regression===============================================

The number of cross-validation cases (3) is used.
The default training/cross-validation split of 0.75 is used.
No iterations will be run.
Default parameter estimation method is used.
Parameter estimation method:  pyomo 

2026-05-29 18:08:40 [INFO] idaes.core.surrogate.pysmo_surrogate: Decode surrogate. type=poly

===========================Polynomial Regression===============================================

The number of cross-validation cases (3) is used.
The default training/cross-validation split of 0.75 is used.
No iterations will be run.
Default parameter estimation method is used.
Parameter estimation method:  pyomo 

2026-05-29 18:08:40 [INFO] idaes.core.surrogate.pysmo_surrogate: Decode surrogate. type=poly

===========================Polynomial Regression===============================================

The number of cross-validation cases (3) is used.
The default training/cross-validation split of 0.75 is used.
No iterations will be run.
Default parameter estimation method is used.
Parameter estimation method:  pyomo 

2026-05-29 18:08:40 [INFO] idaes.core.surrogate.pysmo_surrogate: Decode surrogate. type=poly

===========================Polynomial Regression===============================================

The number of cross-validation cases (3) is used.
The default training/cross-validation split of 0.75 is used.
No iterations will be run.
Default parameter estimation method is used.
Parameter estimation method:  pyomo 

2026-05-29 18:08:41 [INFO] idaes.apps.grid_integration.pricetaker.price_taker_model: Found minimum uptime/downtime data for pretreatment.uf_pumps[1] - Adding minimum uptime/downtime constraints.
2026-05-29 18:08:41 [INFO] idaes.apps.grid_integration.pricetaker.price_taker_model: Created startup/shutdown constraints for operation model  pretreatment.uf_pumps[1] at uf_pumps_1_startup_shutdown.
2026-05-29 18:08:41 [INFO] idaes.apps.grid_integration.pricetaker.price_taker_model: Found minimum uptime/downtime data for pretreatment.uf_pumps[2] - Adding minimum uptime/downtime constraints.
2026-05-29 18:08:41 [INFO] idaes.apps.grid_integration.pricetaker.price_taker_model: Created startup/shutdown constraints for operation model  pretreatment.uf_pumps[2] at uf_pumps_2_startup_shutdown.
2026-05-29 18:08:41 [INFO] idaes.apps.grid_integration.pricetaker.price_taker_model: Found minimum uptime/downtime data for pretreatment.uf_pumps[3] - Adding minimum uptime/downtime constraints.
2026-05-29 18:08:41 [INFO] idaes.apps.grid_integration.pricetaker.price_taker_model: Created startup/shutdown constraints for operation model  pretreatment.uf_pumps[3] at uf_pumps_3_startup_shutdown.
2026-05-29 18:08:41 [INFO] idaes.apps.grid_integration.pricetaker.price_taker_model: Found minimum uptime/downtime data for reverse_osmosis.ro_skid[1] - Adding minimum uptime/downtime constraints.
2026-05-29 18:08:41 [INFO] idaes.apps.grid_integration.pricetaker.price_taker_model: Created startup/shutdown constraints for operation model  reverse_osmosis.ro_skid[1] at ro_skid_1_startup_shutdown.
2026-05-29 18:08:41 [INFO] idaes.apps.grid_integration.pricetaker.price_taker_model: Found minimum uptime/downtime data for reverse_osmosis.ro_skid[2] - Adding minimum uptime/downtime constraints.
2026-05-29 18:08:41 [INFO] idaes.apps.grid_integration.pricetaker.price_taker_model: Created startup/shutdown constraints for operation model  reverse_osmosis.ro_skid[2] at ro_skid_2_startup_shutdown.
2026-05-29 18:08:41 [INFO] idaes.apps.grid_integration.pricetaker.price_taker_model: Found minimum uptime/downtime data for reverse_osmosis.ro_skid[3] - Adding minimum uptime/downtime constraints.
2026-05-29 18:08:41 [INFO] idaes.apps.grid_integration.pricetaker.price_taker_model: Created startup/shutdown constraints for operation model  reverse_osmosis.ro_skid[3] at ro_skid_3_startup_shutdown.
2026-05-29 18:08:41 [INFO] idaes.apps.grid_integration.pricetaker.price_taker_model: Found minimum uptime/downtime data for reverse_osmosis.ro_skid[4] - Adding minimum uptime/downtime constraints.
2026-05-29 18:08:41 [INFO] idaes.apps.grid_integration.pricetaker.price_taker_model: Created startup/shutdown constraints for operation model  reverse_osmosis.ro_skid[4] at ro_skid_4_startup_shutdown.
1920
Set parameter TokenServer to value "10.60.1.73"
Set parameter LogToConsole to value 1
Set parameter MIPGap to value 0.005
Gurobi Optimizer version 12.0.3 build v12.0.3rc0 (linux64 - "Red Hat Enterprise Linux 8.8 (Ootpa)")

CPU model: Intel(R) Xeon(R) Platinum 8470QL, instruction set [SSE2|AVX|AVX2|AVX512]
Thread count: 104 physical cores, 104 logical processors, using up to 32 threads

Non-default parameters:
MIPGap  0.005

Optimize a model with 19295 rows, 14693 columns and 46667 nonzeros
Model fingerprint: 0x1c838dfa
Model has 168 quadratic objective terms
Model has 1680 quadratic constraints
Variable types: 10587 continuous, 4106 integer (4106 binary)
Coefficient statistics:
  Matrix range     [5e-04, 2e+03]
  QMatrix range    [2e-07, 1e+00]
  QLMatrix range   [3e-04, 1e+00]
  Objective range  [1e-05, 5e-03]
  QObjective range [2e-04, 2e-04]
  Bounds range     [1e+00, 1e+03]
  RHS range        [9e-02, 3e+05]
  QRHS range       [3e-01, 3e-01]
Presolve removed 16061 rows and 11902 columns
Presolve time: 0.07s
Presolved: 6782 rows, 2792 columns, 17905 nonzeros
Presolved model has 1013 bilinear constraint(s)

Solving non-convex MIQCP

Variable types: 1535 continuous, 1257 integer (1257 binary)
Found heuristic solution: objective 18.6222472

Root relaxation: objective 1.140086e+01, 3916 iterations, 0.06 seconds (0.09 work units)

    Nodes    |    Current Node    |     Objective Bounds      |     Work
 Expl Unexpl |  Obj  Depth IntInf | Incumbent    BestBd   Gap | It/Node Time

     0     0   11.40086    0 1085   18.62225   11.40086  38.8%     -    0s
H    0     0                      18.4645855   11.40086  38.3%     -    0s
H    0     0                      18.4245855   11.40086  38.1%     -    0s
     0     0   11.86213    0 1219   18.42459   11.86213  35.6%     -    0s
H    0     0                      16.4272371   11.86226  27.8%     -    0s
     0     0   11.86226    0 1215   16.42724   11.86226  27.8%     -    0s
     0     0   11.88026    0 1349   16.42724   11.88026  27.7%     -    0s
H    0     0                      16.4234022   11.88026  27.7%     -    0s
H    0     0                      16.3894124   11.88026  27.5%     -    0s
     0     0   11.88027    0 1349   16.38941   11.88027  27.5%     -    0s
     0     0   11.96639    0 1156   16.38941   11.96639  27.0%     -    1s
H    0     0                      16.0758699   11.96639  25.6%     -    1s
     0     0   11.97049    0 1149   16.07587   11.97049  25.5%     -    1s
     0     0   11.97277    0 1131   16.07587   11.97277  25.5%     -    1s
     0     0   11.97329    0 1236   16.07587   11.97329  25.5%     -    1s
H    0     0                      15.7817987   11.97427  24.1%     -    1s
H    0     0                      15.7478492   11.97427  24.0%     -    1s
H    0     0                      15.7428492   11.97427  23.9%     -    1s
     0     0   11.97427    0 1322   15.74285   11.97427  23.9%     -    1s
     0     0   11.97430    0 1324   15.74285   11.97430  23.9%     -    1s
     0     0   11.97436    0 1333   15.74285   11.97436  23.9%     -    1s
     0     0   11.97448    0 1332   15.74285   11.97448  23.9%     -    1s
H    0     0                      15.7233744   11.97448  23.8%     -    2s
H    0     2                      15.6235385   11.97448  23.4%     -    2s
     0     2   11.97448    0 1332   15.62354   11.97448  23.4%     -    2s
H   31    64                      14.4794759   11.97506  17.3%   429    2s
H   44    64                      14.2897725   11.97541  16.2%   359    2s
H   48    64                      14.1624755   11.97541  15.4%   365    2s
H   95   149                      14.1085260   11.97541  15.1%   324    3s
H   95   149                      13.1761377   11.97541  9.11%   324    3s
H  123   149                      12.8761659   11.97541  7.00%   282    3s
H  148   253                      12.8661659   11.97541  6.92%   273    3s
H  253   308                      12.8566911   11.97541  6.85%   217    3s
H  260   308                      12.8372164   11.97541  6.71%   217    3s
H  279   308                      12.6383588   11.97541  5.25%   213    3s
H  307   396                      12.6333588   11.97541  5.21%   202    3s
H  403   442                      12.6081419   11.97541  5.02%   186    3s
H  406   442                      12.4267397   11.97541  3.63%   186    3s
H  430   442                      12.3002556   11.97541  2.64%   184    3s
H  443   506                      12.2952556   11.97541  2.60%   183    3s
H  540   547                      12.2952556   11.97590  2.60%   190    3s
H  549   547                      12.2775004   11.97590  2.46%   191    3s
H  669   667                      12.2251245   11.97590  2.04%   179    3s
H  807   748                      12.2250979   11.97609  2.04%   171    3s
H  809   748                      12.2150405   11.97609  1.96%   171    3s
H  968   876                      12.1950405   11.97635  1.79%   164    4s
H 1409  1290                      12.1950405   11.97714  1.79%   150    4s
  2356  1890   11.98651   45 1183   12.19504   11.97918  1.77%   118    5s
H 2532  1895                      12.1861747   11.97918  1.70%   115    5s
  3223  1992   12.16060   46  376   12.18617   11.98848  1.62%   108   10s
  3225  1996   11.98848   15 1367   12.18617   11.98848  1.62%   113   21s
  4106  2248     cutoff   27        12.18617   11.99124  1.60%   154   25s
H 4217  2157                      12.1861747   11.99231  1.59%   156   25s
H 4217  2062                      12.1861747   11.99231  1.59%   156   25s
H 4218  1970                      12.1861747   11.99231  1.59%   156   25s
H 4225  1883                      12.1861747   11.99231  1.59%   156   25s
H 4269  1786                      12.1861747   11.99231  1.59%   156   25s
H 4332  1749                      12.1861733   11.99231  1.59%   157   25s
H 5423  2093                      12.1861733   11.99268  1.59%   166   27s
  7337  2913   12.04711   45 1239   12.18617   11.99832  1.54%   178   30s
H12154  6374                      12.1861733   12.00112  1.52%   181   34s
 12746  7058   12.05353   70 1217   12.18617   12.00138  1.52%   181   35s
 19316 11991     cutoff  114        12.18617   12.00340  1.50%   183   40s
H20010 12273                      12.1861733   12.00359  1.50%   183   40s
 25734 15969     cutoff   65        12.18617   12.00579  1.48%   191   45s
 33041 20644   12.17844   72  899   12.18617   12.00749  1.47%   202   50s
 39980 23755   12.18437  129  880   12.18617   12.00976  1.45%   209   55s
 46091 27244     cutoff   74        12.18617   12.01140  1.43%   212   60s
 53080 30658   12.17777   92  893   12.18617   12.01237  1.43%   219   65s
 59109 32872   12.03063  113  339   12.18617   12.01371  1.42%   221   84s
 59111 32873   12.18166   96  328   12.18617   12.01371  1.42%   221   85s
 59117 32877   12.04220  144  413   12.18617   12.01371  1.42%   221   90s
 59123 32881   12.04188  176  411   12.18617   12.01371  1.42%   221   95s
 59124 32885   12.01371   27 1419   12.18617   12.01371  1.42%   221  109s
 59130 32893   12.01371   29 1390   12.18617   12.01371  1.42%   221  110s
H59150 31251                      12.1861732   12.01371  1.42%   221  110s
 60186 31414   12.18141   44 1053   12.18617   12.01371  1.42%   223  115s
 61722 31564     cutoff   58        12.18617   12.01371  1.42%   226  120s
 64627 32798   12.01444  110 1135   12.18617   12.01371  1.42%   226  125s
 71975 35290   12.17425  114 1187   12.18617   12.01371  1.42%   223  130s
 79063 37106   12.17963   90  984   12.18617   12.01371  1.42%   222  135s
 85227 38248     cutoff  117        12.18617   12.02325  1.34%   223  140s
 91438 38630     cutoff  127        12.18617   12.03539  1.24%   226  145s
 96334 38869   12.08038  140 1304   12.18617   12.03973  1.20%   231  150s
 100427 38930   12.04861   56 1166   12.18617   12.04238  1.18%   235  155s
 104650 38709   12.06538  108 1213   12.18617   12.04546  1.15%   243  161s
 107962 38915     cutoff  168        12.18617   12.04843  1.13%   248  165s
 111592 38548     cutoff   67        12.18617   12.05144  1.11%   254  170s
 115253 38543     cutoff  162        12.18617   12.05490  1.08%   262  175s
 119317 37183     cutoff  170        12.18617   12.06018  1.03%   269  181s
 123978 36679     cutoff   96        12.18617   12.06625  0.98%   279  187s
 126411 35911   12.08302  126 1290   12.18617   12.06870  0.96%   281  191s
 131213 34577   12.10830  149 1262   12.18617   12.07484  0.91%   289  198s
 134021 33310     cutoff  135        12.18617   12.07885  0.88%   294  201s
 136472 31910   12.09888  175 1168   12.18617   12.08315  0.85%   300  205s
 139175 30084     cutoff  180        12.18617   12.08565  0.82%   307  210s
 144703 25545   12.13306  200  927   12.18617   12.09459  0.75%   322  219s
 147425 23029   12.12210  181 1257   12.18617   12.10046  0.70%   331  223s
 150445 19894     cutoff  148        12.18617   12.10440  0.67%   339  228s
 153176 16773     cutoff  189        12.18617   12.11142  0.61%   348  233s
 156474 15258     cutoff  171        12.18617   12.12013  0.54%   355  238s

Cutting planes:
  Learned: 59
  Gomory: 1
  Cover: 170
  Implied bound: 64
  Projected implied bound: 5
  MIR: 102
  Flow cover: 470
  Zero half: 71
  RLT: 1335
  Relax-and-lift: 178

Explored 160313 nodes (57865711 simplex iterations) in 238.44 seconds (585.88 work units)
Thread count was 32 (of 104 available processors)

Solution count 10: 12.1862 12.1862 12.1862 ... 12.2251

Optimal solution found (tolerance 5.00e-03)
Best objective 1.218617325522e+01, best bound 1.212799873733e+01, gap 0.4774%
solver_lower_bound: 12.127998737331536
solver_upper_bound: 12.186173255215643
objective_value: 12.18617325521564
m.flow_changes_penalty(): 200.0
Total operational cost: 121661.73
Maximum power (kW): 1466.61
Discharge energy capacity (kWh): 0.00
Charge energy capacity (kWh): 3349.59
Levelized Cost of Flexibility ($/kWh): nan
{'fixed_demand_cost': 6564.2083881819035, 'variable_demand_cost': 9025.748599047138, 'fixed_monthly_cost': 171938.17204301074, 'total_water_production': 282322.94999999914, 'total_energy_cost': 20583.877614927304, 'total_demand_cost': 15589.956987229041, 'total_customer_cost': 0.0, 'total_feed_cost': 50869.0, 'total_brine_cost': 15311.569000000034, 'total_chemical_cost': 19307.328950000017, 'total_water_revenue': 0.0, 'total_demand_response_revenue': -0.0, 'total_emissions_cost': 0.0, 'total_op_cost': 121661.7325521564, 'fixed_cost': 121551.98252688172, 'total_cost': 243213.7150790381, 'LCOW': 0.8614734122005981, 'degree_of_flex': 0.017964071856287425, 'total_replacement_cost': 994.0965099990754, 'maximum_power': 1466.6067124359406, 'energy_capacity': 0.0, 'power_capacity': nan, 'round_trip_efficiency': 0, 'LVOF': nan}
Saved operation variable results to: /home/rchurchi/watertap_test/watertap/tutorials/flex_ro/wrd_result_summer_no_flex_1_flexible_trains.csv
2026-05-29 18:12:43 [INFO] idaes.core.surrogate.pysmo_surrogate: Decode surrogate. type=poly

===========================Polynomial Regression===============================================

The number of cross-validation cases (3) is used.
The default training/cross-validation split of 0.75 is used.
No iterations will be run.
Default parameter estimation method is used.
Parameter estimation method:  pyomo 

2026-05-29 18:12:43 [INFO] idaes.core.surrogate.pysmo_surrogate: Decode surrogate. type=poly

===========================Polynomial Regression===============================================

The number of cross-validation cases (3) is used.
The default training/cross-validation split of 0.75 is used.
No iterations will be run.
Default parameter estimation method is used.
Parameter estimation method:  pyomo 

2026-05-29 18:12:43 [INFO] idaes.core.surrogate.pysmo_surrogate: Decode surrogate. type=poly

===========================Polynomial Regression===============================================

The number of cross-validation cases (3) is used.
The default training/cross-validation split of 0.75 is used.
No iterations will be run.
Default parameter estimation method is used.
Parameter estimation method:  pyomo 

2026-05-29 18:12:43 [INFO] idaes.core.surrogate.pysmo_surrogate: Decode surrogate. type=poly

===========================Polynomial Regression===============================================

The number of cross-validation cases (3) is used.
The default training/cross-validation split of 0.75 is used.
No iterations will be run.
Default parameter estimation method is used.
Parameter estimation method:  pyomo 

2026-05-29 18:12:45 [INFO] idaes.apps.grid_integration.pricetaker.price_taker_model: Found minimum uptime/downtime data for pretreatment.uf_pumps[1] - Adding minimum uptime/downtime constraints.
2026-05-29 18:12:45 [INFO] idaes.apps.grid_integration.pricetaker.price_taker_model: Created startup/shutdown constraints for operation model  pretreatment.uf_pumps[1] at uf_pumps_1_startup_shutdown.
2026-05-29 18:12:45 [INFO] idaes.apps.grid_integration.pricetaker.price_taker_model: Found minimum uptime/downtime data for pretreatment.uf_pumps[2] - Adding minimum uptime/downtime constraints.
2026-05-29 18:12:45 [INFO] idaes.apps.grid_integration.pricetaker.price_taker_model: Created startup/shutdown constraints for operation model  pretreatment.uf_pumps[2] at uf_pumps_2_startup_shutdown.
2026-05-29 18:12:45 [INFO] idaes.apps.grid_integration.pricetaker.price_taker_model: Found minimum uptime/downtime data for pretreatment.uf_pumps[3] - Adding minimum uptime/downtime constraints.
2026-05-29 18:12:45 [INFO] idaes.apps.grid_integration.pricetaker.price_taker_model: Created startup/shutdown constraints for operation model  pretreatment.uf_pumps[3] at uf_pumps_3_startup_shutdown.
2026-05-29 18:12:45 [INFO] idaes.apps.grid_integration.pricetaker.price_taker_model: Found minimum uptime/downtime data for reverse_osmosis.ro_skid[1] - Adding minimum uptime/downtime constraints.
2026-05-29 18:12:45 [INFO] idaes.apps.grid_integration.pricetaker.price_taker_model: Created startup/shutdown constraints for operation model  reverse_osmosis.ro_skid[1] at ro_skid_1_startup_shutdown.
2026-05-29 18:12:45 [INFO] idaes.apps.grid_integration.pricetaker.price_taker_model: Found minimum uptime/downtime data for reverse_osmosis.ro_skid[2] - Adding minimum uptime/downtime constraints.
2026-05-29 18:12:45 [INFO] idaes.apps.grid_integration.pricetaker.price_taker_model: Created startup/shutdown constraints for operation model  reverse_osmosis.ro_skid[2] at ro_skid_2_startup_shutdown.
2026-05-29 18:12:45 [INFO] idaes.apps.grid_integration.pricetaker.price_taker_model: Found minimum uptime/downtime data for reverse_osmosis.ro_skid[3] - Adding minimum uptime/downtime constraints.
2026-05-29 18:12:45 [INFO] idaes.apps.grid_integration.pricetaker.price_taker_model: Created startup/shutdown constraints for operation model  reverse_osmosis.ro_skid[3] at ro_skid_3_startup_shutdown.
2026-05-29 18:12:45 [INFO] idaes.apps.grid_integration.pricetaker.price_taker_model: Found minimum uptime/downtime data for reverse_osmosis.ro_skid[4] - Adding minimum uptime/downtime constraints.
2026-05-29 18:12:45 [INFO] idaes.apps.grid_integration.pricetaker.price_taker_model: Created startup/shutdown constraints for operation model  reverse_osmosis.ro_skid[4] at ro_skid_4_startup_shutdown.
2254
Set parameter LogToConsole to value 1
Set parameter MIPGap to value 0.005
Gurobi Optimizer version 12.0.3 build v12.0.3rc0 (linux64 - "Red Hat Enterprise Linux 8.8 (Ootpa)")

CPU model: Intel(R) Xeon(R) Platinum 8470QL, instruction set [SSE2|AVX|AVX2|AVX512]
Thread count: 104 physical cores, 104 logical processors, using up to 32 threads

Non-default parameters:
MIPGap  0.005

Optimize a model with 19295 rows, 15029 columns and 47503 nonzeros
Model fingerprint: 0xcb3b2db5
Model has 168 quadratic objective terms
Model has 1680 quadratic constraints
Variable types: 10587 continuous, 4442 integer (4442 binary)
Coefficient statistics:
  Matrix range     [5e-04, 2e+03]
  QMatrix range    [2e-07, 1e+00]
  QLMatrix range   [3e-04, 1e+00]
  Objective range  [1e-05, 5e-03]
  QObjective range [2e-04, 2e-04]
  Bounds range     [1e+00, 1e+03]
  RHS range        [9e-02, 3e+05]
  QRHS range       [3e-01, 3e-01]
Presolve removed 15061 rows and 11715 columns
Presolve time: 0.07s
Presolved: 7786 rows, 3315 columns, 21211 nonzeros
Presolved model has 1014 bilinear constraint(s)

Solving non-convex MIQCP

Variable types: 1558 continuous, 1757 integer (1757 binary)
Found heuristic solution: objective 18.6222472

Root relaxation: objective 1.124121e+01, 5183 iterations, 0.27 seconds (0.42 work units)

    Nodes    |    Current Node    |     Objective Bounds      |     Work
 Expl Unexpl |  Obj  Depth IntInf | Incumbent    BestBd   Gap | It/Node Time

     0     0   11.24121    0 1245   18.62225   11.24121  39.6%     -    0s
H    0     0                      18.4645855   11.24121  39.1%     -    0s
H    0     0                      18.4245855   11.24121  39.0%     -    0s
     0     0   11.67153    0 1370   18.42459   11.67153  36.7%     -    0s
H    0     0                      15.8739189   11.67153  26.5%     -    0s
H    0     0                      15.8539189   11.67153  26.4%     -    0s
     0     0   11.67282    0 1419   15.85392   11.67282  26.4%     -    0s
     0     0   11.68280    0 1334   15.85392   11.68280  26.3%     -    1s
H    0     0                      15.6801668   11.68280  25.5%     -    1s
H    0     0                      15.6684662   11.68280  25.4%     -    1s
     0     0   11.68303    0 1339   15.66847   11.68303  25.4%     -    1s
H    0     0                      14.7156176   11.69763  20.5%     -    1s
     0     0   11.69763    0 1387   14.71562   11.69763  20.5%     -    1s
H    0     0                      14.2660662   11.69763  18.0%     -    1s
H    0     0                      14.2406624   11.69763  17.9%     -    1s
H    0     0                      14.2365352   11.69763  17.8%     -    1s
H    0     0                      14.2165352   11.69763  17.7%     -    1s
     0     0   11.70414    0 1306   14.21654   11.70414  17.7%     -    1s
     0     0   11.77240    0 1140   14.21654   11.77240  17.2%     -    1s
     0     0   11.77405    0 1146   14.21654   11.77405  17.2%     -    1s
     0     0   11.77782    0 1150   14.21654   11.77782  17.2%     -    2s
H    0     0                      13.2131455   11.77782  10.9%     -    2s
     0     0   11.77800    0 1154   13.21315   11.77800  10.9%     -    2s
     0     0   11.77872    0 1200   13.21315   11.77872  10.9%     -    2s
     0     0   11.77885    0 1206   13.21315   11.77885  10.9%     -    2s
     0     0   11.77902    0 1192   13.21315   11.77902  10.9%     -    2s
     0     0   11.77903    0 1143   13.21315   11.77903  10.9%     -    2s
     0     2   11.77903    0 1143   13.21315   11.77903  10.9%     -    2s
H   31    64                      13.2081609   11.78501  10.8%   824    3s
H   32    64                      13.1836007   11.78501  10.6%   807    3s
H   34    64                      13.1523726   11.78501  10.4%   766    3s
H   37    64                      13.1295540   11.78501  10.2%   717    3s
H   42    64                      13.0892650   11.78501  10.0%   686    3s
H   54    64                      13.0056454   11.78589  9.38%   708    3s
H   59    64                      12.7811492   11.78589  7.79%   748    3s
H   63    96                      12.7711492   11.78589  7.71%   760    3s
H  132   158                      12.7504069   11.78589  7.56%   467    4s
H  140   158                      12.6609352   11.78589  6.91%   455    4s
H  245   328                      12.6081738   11.78589  6.52%   413    4s
H  247   328                      12.6003113   11.78589  6.46%   421    4s
H  253   328                      12.5490753   11.78589  6.08%   420    4s
H  310   328                      12.4791885   11.78589  5.56%   388    4s
   425   507   11.92205   12 1109   12.47919   11.78589  5.56%   363    5s
H  426   507                      12.4762784   11.78589  5.53%   362    5s
H  449   507                      12.4746750   11.78589  5.52%   360    5s
H  459   507                      12.4595812   11.78589  5.41%   358    5s
H  607   652                      12.4263929   11.78589  5.15%   351    5s
H  991  1023                      12.4186621   11.78589  5.10%   301    6s
H 1086  1112                      12.1726917   11.78589  3.18%   290    6s
H 1111  1130                      12.1705190   11.78589  3.16%   286    6s
H 1111  1130                      12.1587276   11.78589  3.07%   286    6s
H 1115  1130                      12.1363770   11.78589  2.89%   285    6s
H 1134  1130                      12.1203277   11.78589  2.76%   290    6s
H 1205  1202                      12.1047717   11.78589  2.63%   298    6s
H 1210  1202                      12.1025290   11.78589  2.62%   298    6s
H 1222  1202                      12.0939974   11.78589  2.55%   297    6s
H 1274  1202                      12.0762819   11.78589  2.40%   296    6s
H 1279  1317                      12.0662819   11.78589  2.32%   296    6s
H 1440  1439                      12.0644993   11.78589  2.31%   287    6s
H 1484  1439                      12.0627166   11.78589  2.29%   281    6s
H 1651  1682                      12.0611501   11.78589  2.28%   270    7s
H 1673  1682                      12.0584553   11.78589  2.26%   269    7s
H 1934  1879                      12.0548689   11.78589  2.23%   254    7s
H 1952  1879                      12.0531073   11.78589  2.22%   255    7s
H 2011  1879                      12.0513246   11.78589  2.20%   254    7s
H 2041  1879                      12.0487829   11.78589  2.18%   252    7s
H 2208  1915                      12.0453283   11.78589  2.15%   249    7s
H 2213  1915                      12.0258513   11.78589  2.00%   250    7s
H 2318  1915                      11.9966529   11.78977  1.72%   245    7s
H 2673  2265                      11.9690422   11.78977  1.50%   231    8s
H 3771  3289                      11.9649300   11.78977  1.46%   213   14s
  4117  3608   11.91433   67  872   11.96493   11.78977  1.46%   211   15s
H 5008  4262                      11.9649055   11.79938  1.38%   209   16s
H 5146  4262                      11.9649054   11.79938  1.38%   207   16s
H 5208  4090                      11.9599054   11.80299  1.31%   208   16s
H 5208  3819                      11.9542207   11.80299  1.27%   208   16s
  5220  3779   11.95032   91  489   11.95422   11.80299  1.27%   207   20s
  5233  3791   11.80299   16 1074   11.95422   11.80299  1.27%   209   31s
H 5264  3651                      11.9498151   11.80299  1.23%   214   32s
H 5265  3469                      11.9498136   11.80299  1.23%   214   32s
H 5290  3290                      11.9498136   11.80299  1.23%   218   32s
  5747  3645   11.93420   25  927   11.94981   11.80299  1.23%   235   35s
H 6364  3752                      11.9484293   11.82621  1.02%   247   37s
  7352  4300   11.85216   41  945   11.94843   11.82621  1.02%   250   40s
H 7444  4114                      11.9484293   11.82741  1.01%   251   40s
H 8616  4445                      11.9484293   11.82930  1.00%   259   42s
  9969  4802     cutoff   57        11.94843   11.83452  0.95%   270   45s
H10367  4648                      11.9484293   11.83452  0.95%   274   45s
 13216  5749   11.94425   69  811   11.94843   11.85778  0.76%   283   50s
H15257  5536                      11.9393386   11.87561  0.53%   282   52s
H15271  3685                      11.9293041   11.87561  0.45%   282   52s

Cutting planes:
  Learned: 44
  Gomory: 8
  Cover: 88
  Implied bound: 37
  MIR: 97
  Flow cover: 391
  GUB cover: 3
  RLT: 873
  Relax-and-lift: 9

Explored 15511 nodes (4392422 simplex iterations) in 52.82 seconds (96.62 work units)
Thread count was 32 (of 104 available processors)

Solution count 10: 11.9293 11.9393 11.9484 ... 11.9599

Optimal solution found (tolerance 5.00e-03)
Best objective 1.192930407896e+01, best bound 1.187560602865e+01, gap 0.4501%
solver_lower_bound: 11.875606028645251
solver_upper_bound: 11.929304078958896
objective_value: 11.929304078958904
m.flow_changes_penalty(): 900.0
Total operational cost: 118393.04
Maximum power (kW): 1466.93
Discharge energy capacity (kWh): 22473.73
Charge energy capacity (kWh): 26400.84
Levelized Cost of Flexibility ($/kWh): 0.80
{'fixed_demand_cost': 6565.635422659666, 'variable_demand_cost': 6017.168704840791, 'fixed_monthly_cost': 171938.17204301074, 'total_water_production': 282322.9500000003, 'total_energy_cost': 20322.338712088487, 'total_demand_cost': 12582.804127500458, 'total_customer_cost': 0.0, 'total_feed_cost': 50869.00000000013, 'total_brine_cost': 15311.568999999938, 'total_chemical_cost': 19307.328950000025, 'total_water_revenue': 0.0, 'total_demand_response_revenue': 0.0, 'total_emissions_cost': 0.0, 'total_op_cost': 118393.04078958902, 'fixed_cost': 121551.98252688172, 'total_cost': 239945.02331647073, 'LCOW': 0.8498955657571249, 'degree_of_flex': 0.0718562874251497, 'total_replacement_cost': 999.4926912958135, 'maximum_power': 1466.9255534444028, 'energy_capacity': 22473.73216866432, 'power_capacity': 351.15206513538, 'round_trip_efficiency': 0, 'LVOF': 0.7985033245492048}
Saved operation variable results to: /home/rchurchi/watertap_test/watertap/tutorials/flex_ro/wrd_result_summer_no_flex_2_flexible_trains.csv
2026-05-29 18:13:41 [INFO] idaes.core.surrogate.pysmo_surrogate: Decode surrogate. type=poly

===========================Polynomial Regression===============================================

The number of cross-validation cases (3) is used.
The default training/cross-validation split of 0.75 is used.
No iterations will be run.
Default parameter estimation method is used.
Parameter estimation method:  pyomo 

2026-05-29 18:13:41 [INFO] idaes.core.surrogate.pysmo_surrogate: Decode surrogate. type=poly

===========================Polynomial Regression===============================================

The number of cross-validation cases (3) is used.
The default training/cross-validation split of 0.75 is used.
No iterations will be run.
Default parameter estimation method is used.
Parameter estimation method:  pyomo 

2026-05-29 18:13:41 [INFO] idaes.core.surrogate.pysmo_surrogate: Decode surrogate. type=poly

===========================Polynomial Regression===============================================

The number of cross-validation cases (3) is used.
The default training/cross-validation split of 0.75 is used.
No iterations will be run.
Default parameter estimation method is used.
Parameter estimation method:  pyomo 

2026-05-29 18:13:41 [INFO] idaes.core.surrogate.pysmo_surrogate: Decode surrogate. type=poly

===========================Polynomial Regression===============================================

The number of cross-validation cases (3) is used.
The default training/cross-validation split of 0.75 is used.
No iterations will be run.
Default parameter estimation method is used.
Parameter estimation method:  pyomo 

2026-05-29 18:13:43 [INFO] idaes.apps.grid_integration.pricetaker.price_taker_model: Found minimum uptime/downtime data for pretreatment.uf_pumps[1] - Adding minimum uptime/downtime constraints.
2026-05-29 18:13:43 [INFO] idaes.apps.grid_integration.pricetaker.price_taker_model: Created startup/shutdown constraints for operation model  pretreatment.uf_pumps[1] at uf_pumps_1_startup_shutdown.
2026-05-29 18:13:43 [INFO] idaes.apps.grid_integration.pricetaker.price_taker_model: Found minimum uptime/downtime data for pretreatment.uf_pumps[2] - Adding minimum uptime/downtime constraints.
2026-05-29 18:13:43 [INFO] idaes.apps.grid_integration.pricetaker.price_taker_model: Created startup/shutdown constraints for operation model  pretreatment.uf_pumps[2] at uf_pumps_2_startup_shutdown.
2026-05-29 18:13:43 [INFO] idaes.apps.grid_integration.pricetaker.price_taker_model: Found minimum uptime/downtime data for pretreatment.uf_pumps[3] - Adding minimum uptime/downtime constraints.
2026-05-29 18:13:43 [INFO] idaes.apps.grid_integration.pricetaker.price_taker_model: Created startup/shutdown constraints for operation model  pretreatment.uf_pumps[3] at uf_pumps_3_startup_shutdown.
2026-05-29 18:13:43 [INFO] idaes.apps.grid_integration.pricetaker.price_taker_model: Found minimum uptime/downtime data for reverse_osmosis.ro_skid[1] - Adding minimum uptime/downtime constraints.
2026-05-29 18:13:44 [INFO] idaes.apps.grid_integration.pricetaker.price_taker_model: Created startup/shutdown constraints for operation model  reverse_osmosis.ro_skid[1] at ro_skid_1_startup_shutdown.
2026-05-29 18:13:44 [INFO] idaes.apps.grid_integration.pricetaker.price_taker_model: Found minimum uptime/downtime data for reverse_osmosis.ro_skid[2] - Adding minimum uptime/downtime constraints.
2026-05-29 18:13:44 [INFO] idaes.apps.grid_integration.pricetaker.price_taker_model: Created startup/shutdown constraints for operation model  reverse_osmosis.ro_skid[2] at ro_skid_2_startup_shutdown.
2026-05-29 18:13:44 [INFO] idaes.apps.grid_integration.pricetaker.price_taker_model: Found minimum uptime/downtime data for reverse_osmosis.ro_skid[3] - Adding minimum uptime/downtime constraints.
2026-05-29 18:13:44 [INFO] idaes.apps.grid_integration.pricetaker.price_taker_model: Created startup/shutdown constraints for operation model  reverse_osmosis.ro_skid[3] at ro_skid_3_startup_shutdown.
2026-05-29 18:13:44 [INFO] idaes.apps.grid_integration.pricetaker.price_taker_model: Found minimum uptime/downtime data for reverse_osmosis.ro_skid[4] - Adding minimum uptime/downtime constraints.
2026-05-29 18:13:44 [INFO] idaes.apps.grid_integration.pricetaker.price_taker_model: Created startup/shutdown constraints for operation model  reverse_osmosis.ro_skid[4] at ro_skid_4_startup_shutdown.
3264
Set parameter LogToConsole to value 1
Set parameter MIPGap to value 0.005
Gurobi Optimizer version 12.0.3 build v12.0.3rc0 (linux64 - "Red Hat Enterprise Linux 8.8 (Ootpa)")

CPU model: Intel(R) Xeon(R) Platinum 8470QL, instruction set [SSE2|AVX|AVX2|AVX512]
Thread count: 104 physical cores, 104 logical processors, using up to 32 threads

Non-default parameters:
MIPGap  0.005

Optimize a model with 17951 rows, 15365 columns and 44745 nonzeros
Model fingerprint: 0xdac3b071
Model has 168 quadratic objective terms
Model has 2352 quadratic constraints
Variable types: 11259 continuous, 4106 integer (4106 binary)
Coefficient statistics:
  Matrix range     [5e-04, 2e+03]
  QMatrix range    [2e-07, 1e+00]
  QLMatrix range   [3e-04, 1e+00]
  Objective range  [1e-05, 5e-03]
  QObjective range [2e-04, 2e-04]
  Bounds range     [9e-01, 1e+03]
  RHS range        [5e-02, 3e+05]
  QRHS range       [3e-01, 3e-01]
Presolve removed 11504 rows and 8681 columns
Presolve time: 0.07s
Presolved: 15191 rows, 6685 columns, 42900 nonzeros
Presolved model has 2312 bilinear constraint(s)

Solving non-convex MIQCP

Variable types: 4948 continuous, 1737 integer (1737 binary)
Found heuristic solution: objective 12.0903187

Root relaxation: objective 1.118522e+01, 14220 iterations, 1.40 seconds (2.22 work units)

    Nodes    |    Current Node    |     Objective Bounds      |     Work
 Expl Unexpl |  Obj  Depth IntInf | Incumbent    BestBd   Gap | It/Node Time

     0     0   11.18522    0 2516   12.09032   11.18522  7.49%     -    1s
H    0     0                      12.0903185   11.18522  7.49%     -    1s
     0     0   11.77545    0 2427   12.09032   11.77545  2.60%     -    3s
     0     0   11.77585    0 2429   12.09032   11.77585  2.60%     -    4s
     0     0   11.78905    0 2631   12.09032   11.78905  2.49%     -    4s
     0     0   11.78917    0 2625   12.09032   11.78917  2.49%     -    4s
     0     0   11.79940    0 2690   12.09032   11.79940  2.41%     -    5s
     0     0   11.80129    0 2673   12.09032   11.80129  2.39%     -    5s
     0     0   11.80538    0 2700   12.09032   11.80538  2.36%     -    5s
     0     0   11.80613    0 2694   12.09032   11.80613  2.35%     -    5s
     0     0   11.80666    0 2710   12.09032   11.80666  2.35%     -    6s
     0     0   11.80669    0 2708   12.09032   11.80669  2.35%     -    6s
     0     0   11.80677    0 2706   12.09032   11.80677  2.35%     -    6s
     0     0   11.84524    0 2583   12.09032   11.84524  2.03%     -    7s
     0     2   11.84524    0 2583   12.09032   11.84524  2.03%     -    8s
    15    32   11.86069    4 2591   12.09032   11.86019  1.90%  1287   12s
    63    96   11.86379    6 2604   12.09032   11.86266  1.88%  2281   16s
   399   489   11.87107   11 2639   12.09032   11.86266  1.88%   770   20s
  1086  1171   11.88636   20 2548   12.09032   11.86266  1.88%   437   27s
  1170  1288   11.88781   21 2536   12.09032   11.86266  1.88%   438   30s
  1546  1655   11.89717   27 2486   12.09032   11.86266  1.88%   410   37s
  1940  2105   11.90890   34 2396   12.09032   11.86266  1.88%   391   41s
  2288  2463   11.90758   36 2467   12.09032   11.86266  1.88%   388   45s
  3152  3378   11.91480   45 2488   12.09032   11.86266  1.88%   330   50s
  3905  4086   11.92154   53 2430   12.09032   11.86266  1.88%   301   55s
  4886  5173   11.94170   63 2176   12.09032   11.86308  1.88%   300   61s
  5857  6055   11.95206   93 2018   12.09032   11.86379  1.87%   281   66s
  6408  6653   11.96032  105 2050   12.09032   11.86587  1.86%   286   71s
  7059  7179   11.96821  122 2023   12.09032   11.86587  1.86%   281   75s
  7506  7751   11.97970  135 1980   12.09032   11.86644  1.85%   293   80s
  8216  8386   11.98630  154 2002   12.09032   11.86644  1.85%   293   86s
  8739  8956   11.99621  158 1980   12.09032   11.86644  1.85%   306   90s
  9529  9870   12.01391  178 1976   12.09032   11.86644  1.85%   310   95s
 11039 11419   12.03103  219 1838   12.09032   11.86644  1.85%   304  101s
 11619 12016   12.03763  226 1788   12.09032   11.86644  1.85%   302  105s
H12541 12527                      12.0803909   11.86644  1.77%   296  107s
H12947 12932                      12.0773853   11.86644  1.75%   296  109s
H13119 12169                      12.0529464   11.86644  1.55%   296  109s
 13453 12495     cutoff  293        12.05295   11.86875  1.53%   296  112s
H13867 12495                      12.0529462   11.86875  1.53%   294  112s
H13869 12216                      12.0459482   11.86875  1.47%   294  112s
 14442 12584   11.93674   28  358   12.04595   11.86875  1.47%   303  127s
 14444 12585   11.93605   69  294   12.04595   11.86875  1.47%   303  131s
 14446 12587   12.02353  219  389   12.04595   11.88555  1.33%   303  135s
 14451 12590   12.00771  204  443   12.04595   11.89659  1.24%   303  140s
 14466 12600   12.00967  233  409   12.04595   11.89772  1.23%   302  148s
H14466 11969                      12.0097932   11.89772  0.93%   302  150s
H14467 11373                      12.0097931   11.89772  0.93%   305  236s
 14470 11378   11.90627   16 2559   12.00979   11.90190  0.90%   306  243s
 14482 11398   11.91144   18 2529   12.00979   11.90809  0.85%   307  247s
 14530 11446   11.91727   20 2377   12.00979   11.91417  0.80%   313  251s
 14562 11528   11.91968   21 2349   12.00979   11.91417  0.80%   315  255s
 14724 11626   11.92513   24 2411   12.00979   11.91417  0.80%   325  262s
 14964 11783   11.93028   27 2396   12.00979   11.91417  0.80%   334  265s
 15257 11972   11.95904   29 2267   12.00979   11.91417  0.80%   336  271s
 15496 12085   11.94730   32 2127   12.00979   11.91417  0.80%   337  275s
 15600 12145   11.96339   33 2163   12.00979   11.91727  0.77%   338  280s
 15861 12350   11.95304   36 2186   12.00979   11.92221  0.73%   339  285s
 16206 12533   11.95610   40 2202   12.00979   11.92221  0.73%   340  290s
 16430 12683   11.95737   42 2179   12.00979   11.92446  0.71%   342  295s
 16927 13105   11.96513   48 2206   12.00979   11.92466  0.71%   346  301s
 17823 13693   11.97248   56 2112   12.00979   11.92604  0.70%   348  308s
 18158 13805   11.97792   65 2131   12.00979   11.92644  0.69%   349  311s
 18703 14075   11.98445   78 2157   12.00979   11.92644  0.69%   355  316s
 18972 14294   11.98714   86 2223   12.00979   11.92788  0.68%   358  320s
 19661 14392   11.99651  102 2068   12.00979   11.92884  0.67%   363  326s
 19776 14441   11.99753  103 2037   12.00979   11.92989  0.67%   366  330s
 19888 14541   12.00193  104 2080   12.00979   11.92989  0.67%   367  335s
 20146 14789   12.00263  105 2058   12.00979   11.93040  0.66%   370  340s
 20707 15274   12.00355  118 2080   12.00979   11.93040  0.66%   376  347s
 21115 15477   12.00409  120 2055   12.00979   11.93057  0.66%   379  350s
 22032 16002   12.00533  125 2102   12.00979   11.93057  0.66%   385  357s
 22467 16270   12.00657  127 2060   12.00979   11.93129  0.65%   390  363s
 22993 16246   11.95423   30 2167   12.00979   11.93264  0.64%   395  367s
 23241 16690   11.96305   36 2054   12.00979   11.93264  0.64%   399  371s
 24385 17140   11.99508   90 1918   12.00979   11.93284  0.64%   403  378s
 24942 17446   12.00712  103 1954   12.00979   11.93284  0.64%   407  382s
 25543 17746   11.96133   31 1941   12.00979   11.93409  0.63%   410  386s
 26153 18175   11.98735   47 2015   12.00979   11.93409  0.63%   414  390s
 26894 18378   12.00296   58 2005   12.00979   11.93409  0.63%   415  395s
 27563 18467   11.95374   29 2072   12.00979   11.93719  0.60%   418  403s
 27859 19161   11.95570   31 2081   12.00979   11.93719  0.60%   420  408s
 28796 19426   11.99436   83 1995   12.00979   11.93766  0.60%   420  413s
 29506 19900 infeasible  117        12.00979   11.93770  0.60%   423  419s
 30411 20324   11.94949   26 2274   12.00979   11.93770  0.60%   429  424s
 31318 20676   11.96757   36 2232   12.00979   11.93770  0.60%   430  429s
 32125 21046   12.00556   55 2036   12.00979   11.93770  0.60%   433  432s
 32894 21078   11.95425   26 2062   12.00979   11.93770  0.60%   436  438s
 33358 21442   11.98160   37 1632   12.00979   11.93927  0.59%   439  444s
 33967 22031   12.00742   55 1870   12.00979   11.93927  0.59%   440  448s
 34992 22627   11.96958   25 2087   12.00979   11.94100  0.57%   442  453s
 36083 22989   11.99744   58 2190   12.00979   11.94100  0.57%   442  458s
 37006 23528     cutoff   79        12.00979   11.94164  0.57%   445  464s
 38027 24050   11.98318   56 2032   12.00979   11.94172  0.57%   449  471s
 39134 24462   11.96618   29 2128   12.00979   11.94248  0.56%   452  477s
 40170 24537   11.96062   28 1935   12.00979   11.94269  0.56%   456  483s
 40780 25031   12.00120   55 1849   12.00979   11.94341  0.55%   460  489s
 41745 25988   11.96964   31 2263   12.00979   11.94372  0.55%   467  495s
 43151 26611   12.00522   52 1807   12.00979   11.94389  0.55%   467  501s
 44454 27045   11.98547   41 1807   12.00979   11.94389  0.55%   469  510s
 45550 27692   11.97717   34 2058   12.00979   11.94389  0.55%   476  518s
 46856 27606   11.96833   42 1923   12.00979   11.94525  0.54%   480  524s
 47286 28641   11.97311   52 2025   12.00979   11.94544  0.54%   480  531s
 48709 29036     cutoff   94        12.00979   11.94563  0.53%   484  542s
 49934 29732   12.00586   93 1965   12.00979   11.94563  0.53%   492  551s
 50964 30629     cutoff   41        12.00979   11.94611  0.53%   503  561s
 52238 31213   11.98670   42 1717   12.00979   11.94631  0.53%   512  570s
 53342 32255     cutoff   42        12.00979   11.94699  0.52%   525  581s
 54838 32937   11.99215   45 1809   12.00979   11.94759  0.52%   534  592s
 55935 34319     cutoff   59        12.00979   11.94759  0.52%   545  602s
 57763 36369   11.96920   37 1862   12.00979   11.94831  0.51%   551  613s
 60150 36370   11.97128   40  358   12.00979   11.94912  0.51%   552  741s
 60153 36372   11.95756   28  387   12.00979   11.94912  0.51%   552  747s
 60155 36373   12.00526   47  422   12.00979   11.94912  0.51%   552  764s
 60156 36374   11.96725   41  456   12.00979   11.94912  0.51%   552  767s
 60157 36375   11.98463  585  470   12.00979   11.94912  0.51%   552  772s
 60158 36375   12.00802   50  462   12.00979   11.94912  0.51%   552  776s
 60159 36376   11.98308   47  456   12.00979   11.94912  0.51%   552  781s
 60161 36377   11.98638   71  464   12.00979   11.94912  0.51%   552  790s
 60163 36379   11.97529   33  461   12.00979   11.94912  0.51%   552  798s
 60164 36379   12.00093  124  461   12.00979   11.94912  0.51%   552  803s
 60165 36380   12.00240  109  424   12.00979   11.94912  0.51%   552  811s
 60166 36381   11.97325   43  462   12.00979   11.94912  0.51%   552  815s
 60167 36381   11.99602   43  459   12.00979   11.94912  0.51%   552  821s
 60168 36382   11.98091   26  459   12.00979   11.94912  0.51%   552  827s
 60169 36383   11.98791   50  444   12.00979   11.94912  0.51%   552  833s
 60170 36383   12.00115   79  457   12.00979   11.94912  0.51%   552  838s
 60171 36384   11.97652  384  461   12.00979   11.94912  0.51%   552  844s
 60172 36385   11.99629   86  456   12.00979   11.94912  0.51%   552  849s
 60173 36385   12.00117   93  419   12.00979   11.94912  0.51%   552  856s
 60174 36386   11.99410   62  453   12.00979   11.94912  0.51%   552  861s
 60175 36387   11.97643   48  445   12.00979   11.94912  0.51%   552  866s
 60176 36387   11.96734   28  445   12.00979   11.94912  0.51%   552  871s
 60177 36388   11.99876   52  433   12.00979   11.94912  0.51%   552  876s
 60178 36389   11.99572   34  447   12.00979   11.94912  0.51%   552  882s
 60179 36389   11.96440   29  446   12.00979   11.94912  0.51%   552  893s
 60180 36390   11.97592   52  428   12.00979   11.94912  0.51%   552  900s
 60181 36391   11.98608  713  445   12.00979   11.94912  0.51%   552  906s
 60182 36391   12.00433  140  443   12.00979   11.94912  0.51%   552  913s
 60183 36392   11.98226   45  446   12.00979   11.94912  0.51%   552  919s
 60184 36393   11.97560   27  445   12.00979   11.94912  0.51%   552  925s
 60185 36393   11.97718   31  445   12.00979   11.94912  0.51%   552  934s
 60186 36394   11.97691   33  445   12.00979   11.94912  0.51%   552  939s
 60187 36398   11.94912   29 2670   12.00979   11.94912  0.51%   552 1047s
 60189 36401   11.94912   30 2575   12.00979   11.94912  0.51%   553 1052s
 60201 36421   11.94912   32 2494   12.00979   11.94912  0.51%   553 1055s
 60281 36545   11.94912   35 2536   12.00979   11.94912  0.51%   554 1062s
 60368 36592   11.94912   36 2373   12.00979   11.94912  0.51%   555 1067s
 60520 36697   11.95228   37 2415   12.00979   11.94912  0.51%   556 1070s
 60599 36738   11.94912   38 2494   12.00979   11.94912  0.51%   557 1075s
 60889 36905   11.94912   41 2364   12.00979   11.94912  0.51%   557 1081s
 61092 37014   11.96874   43 2463   12.00979   11.94912  0.51%   557 1085s
H61202 35219                      12.0097930   11.94912  0.51%   558 1088s
 61217 35247   11.95045   45 2398   12.00979   11.94912  0.51%   558 1091s
H61249 33508                      12.0097929   11.94912  0.51%   558 1091s
 61351 33645   11.98299   47 2401   12.00979   11.94912  0.51%   558 1095s
 61637 33794   11.96854   49 2171   12.00979   11.94912  0.51%   557 1100s
 61840 33900   11.95978   51 2289   12.00979   11.94912  0.51%   558 1105s
 62175 34105   11.96675   55 2296   12.00979   11.94912  0.51%   558 1111s
H62308 32474                      12.0097927   11.94912  0.51%   558 1113s
H62376 30973                      12.0097927   11.94912  0.51%   558 1116s
H62380 29490                      12.0097927   11.94912  0.51%   558 1116s
H62605 28220                      12.0097927   11.94912  0.51%   558 1123s
 62750 28281   11.98621   61 2170   12.00979   11.94912  0.51%   559 1126s
 62891 28376   11.98764   62 2091   12.00979   11.94912  0.51%   560 1131s
 63072 28457   11.97422   63 2247   12.00979   11.94912  0.51%   560 1135s
H63374 27160                      12.0097927   11.94912  0.51%   560 1139s
 63426 27285   12.00344   66 2226   12.00979   11.94912  0.51%   560 1141s
 63617 27377   11.97310   68 2111   12.00979   11.94912  0.51%   560 1145s
 64051 27656   11.97466   71 2051   12.00979   11.94912  0.51%   560 1152s
 64322 27824   11.97880   73 2068   12.00979   11.94912  0.51%   560 1155s
 64811 27902   11.98208   77 2027   12.00979   11.94912  0.51%   560 1162s
 64939 28250   11.97911   78 2068   12.00979   11.94912  0.51%   560 1169s
 65362 28185   11.98861   80 2156   12.00979   11.94912  0.51%   560 1171s
H65395 26903                      12.0097927   11.94912  0.51%   561 1171s
 65446 27009   11.98083   81 2060   12.00979   11.94912  0.51%   561 1175s
 65824 27497   11.98122   82 2126   12.00979   11.94912  0.51%   560 1182s
 66229 27793   11.98522   82 2066   12.00979   11.94912  0.51%   560 1186s
 66727 28189   11.98213   85 2092   12.00979   11.94912  0.51%   559 1190s
H67493 27366                      12.0097917   11.94912  0.51%   558 1194s
H67546 26202                      12.0097916   11.94912  0.51%   557 1194s
 68066 26469   11.99427   95 2003   12.00979   11.94912  0.51%   556 1198s
H68361 25281                      12.0097914   11.94912  0.51%   555 1198s
 68637 25840   11.99143  101 2056   12.00979   11.94912  0.51%   556 1203s
H69156 24632                      12.0097913   11.94912  0.51%   556 1203s
 69339 25203   11.99177  106 2083   12.00979   11.94912  0.51%   555 1207s
 70075 25632   11.99283  111 2083   12.00979   11.94912  0.51%   554 1212s
H70816 24903                      12.0097913   11.94912  0.51%   554 1218s
 71371 25343   11.99455  118 2078   12.00979   11.94912  0.51%   554 1223s
 72136 25738   11.99495  120 2079   12.00979   11.94912  0.51%   554 1229s
 72872 26021   11.99531  126 2040   12.00979   11.94912  0.51%   555 1233s
 73650 26395   11.99546  130 2018   12.00979   11.94912  0.51%   555 1240s
 75337 27300   11.99681  143 1957   12.00979   11.94912  0.51%   556 1249s
 76177 27724   12.00089  151 1981   12.00979   11.94912  0.51%   557 1255s
 77041 28177   12.00512  158 1903   12.00979   11.94912  0.51%   558 1261s
 77958 28703   12.00578  160 1805   12.00979   11.94912  0.51%   559 1267s
 78982 29279   12.00842  162 1742   12.00979   11.94912  0.51%   559 1273s
 80137 29673   11.97067   60 1713   12.00979   11.94912  0.51%   559 1281s
 81092 29769   12.00672   99 1849   12.00979   11.94912  0.51%   560 1288s
 81764 30261   11.98278   47 2204   12.00979   11.94917  0.50%   564 1296s
 82730 30522   11.99882   55 2187   12.00979   11.94970  0.50%   566 1303s
 83500 31239   11.97037   52 1668   12.00979   11.94970  0.50%   567 1310s

Cutting planes:
  Learned: 48
  Gomory: 157
  Cover: 154
  Implied bound: 124
  Projected implied bound: 40
  MIR: 282
  Mixing: 1
  StrongCG: 3
  Flow cover: 647
  Network: 1
  RLT: 1050
  Relax-and-lift: 71

Explored 84689 nodes (48129787 simplex iterations) in 1310.55 seconds (2803.11 work units)
Thread count was 32 (of 104 available processors)

Solution count 10: 12.0098 12.0098 12.0098 ... 12.0903

Optimal solution found (tolerance 5.00e-03)
Best objective 1.200979132253e+01, best bound 1.195098252083e+01, gap 0.4897%
solver_lower_bound: 11.950982520832579
solver_upper_bound: 12.009791322527855
objective_value: 12.00979132252784
m.flow_changes_penalty(): 0.0
Total operational cost: 120097.91
Maximum power (kW): 1101.67
Discharge energy capacity (kWh): 0.00
Charge energy capacity (kWh): 3641.27
Levelized Cost of Flexibility ($/kWh): nan
{'fixed_demand_cost': 4930.8544658083, 'variable_demand_cost': 9095.12674284997, 'fixed_monthly_cost': 171938.17204301074, 'total_water_production': 282179.6712328764, 'total_energy_cost': 20627.41781098662, 'total_demand_cost': 14025.981208658271, 'total_customer_cost': 0.0, 'total_feed_cost': 50843.18434596953, 'total_brine_cost': 15303.799299656206, 'total_chemical_cost': 19297.53056000778, 'total_water_revenue': 0.0, 'total_demand_response_revenue': -0.0, 'total_emissions_cost': 0.0, 'total_op_cost': 120097.9132252784, 'fixed_cost': 121551.98252688172, 'total_cost': 241649.8957521601, 'LCOW': 0.8563689038844049, 'degree_of_flex': 0.0, 'total_replacement_cost': 992.3107078853046, 'maximum_power': 1101.67499389578, 'energy_capacity': 0.0, 'power_capacity': nan, 'round_trip_efficiency': 0, 'LVOF': nan}
Saved operation variable results to: /home/rchurchi/watertap_test/watertap/tutorials/flex_ro/wrd_result_summer_both_1_flexible_trains.csv
2026-05-29 18:35:37 [INFO] idaes.core.surrogate.pysmo_surrogate: Decode surrogate. type=poly

===========================Polynomial Regression===============================================

The number of cross-validation cases (3) is used.
The default training/cross-validation split of 0.75 is used.
No iterations will be run.
Default parameter estimation method is used.
Parameter estimation method:  pyomo 

2026-05-29 18:35:37 [INFO] idaes.core.surrogate.pysmo_surrogate: Decode surrogate. type=poly

===========================Polynomial Regression===============================================

The number of cross-validation cases (3) is used.
The default training/cross-validation split of 0.75 is used.
No iterations will be run.
Default parameter estimation method is used.
Parameter estimation method:  pyomo 

2026-05-29 18:35:37 [INFO] idaes.core.surrogate.pysmo_surrogate: Decode surrogate. type=poly

===========================Polynomial Regression===============================================

The number of cross-validation cases (3) is used.
The default training/cross-validation split of 0.75 is used.
No iterations will be run.
Default parameter estimation method is used.
Parameter estimation method:  pyomo 

2026-05-29 18:35:37 [INFO] idaes.core.surrogate.pysmo_surrogate: Decode surrogate. type=poly

===========================Polynomial Regression===============================================

The number of cross-validation cases (3) is used.
The default training/cross-validation split of 0.75 is used.
No iterations will be run.
Default parameter estimation method is used.
Parameter estimation method:  pyomo 

2026-05-29 18:35:39 [INFO] idaes.apps.grid_integration.pricetaker.price_taker_model: Found minimum uptime/downtime data for pretreatment.uf_pumps[1] - Adding minimum uptime/downtime constraints.
2026-05-29 18:35:39 [INFO] idaes.apps.grid_integration.pricetaker.price_taker_model: Created startup/shutdown constraints for operation model  pretreatment.uf_pumps[1] at uf_pumps_1_startup_shutdown.
2026-05-29 18:35:39 [INFO] idaes.apps.grid_integration.pricetaker.price_taker_model: Found minimum uptime/downtime data for pretreatment.uf_pumps[2] - Adding minimum uptime/downtime constraints.
2026-05-29 18:35:39 [INFO] idaes.apps.grid_integration.pricetaker.price_taker_model: Created startup/shutdown constraints for operation model  pretreatment.uf_pumps[2] at uf_pumps_2_startup_shutdown.
2026-05-29 18:35:39 [INFO] idaes.apps.grid_integration.pricetaker.price_taker_model: Found minimum uptime/downtime data for pretreatment.uf_pumps[3] - Adding minimum uptime/downtime constraints.
2026-05-29 18:35:39 [INFO] idaes.apps.grid_integration.pricetaker.price_taker_model: Created startup/shutdown constraints for operation model  pretreatment.uf_pumps[3] at uf_pumps_3_startup_shutdown.
2026-05-29 18:35:39 [INFO] idaes.apps.grid_integration.pricetaker.price_taker_model: Found minimum uptime/downtime data for reverse_osmosis.ro_skid[1] - Adding minimum uptime/downtime constraints.
2026-05-29 18:35:39 [INFO] idaes.apps.grid_integration.pricetaker.price_taker_model: Created startup/shutdown constraints for operation model  reverse_osmosis.ro_skid[1] at ro_skid_1_startup_shutdown.
2026-05-29 18:35:39 [INFO] idaes.apps.grid_integration.pricetaker.price_taker_model: Found minimum uptime/downtime data for reverse_osmosis.ro_skid[2] - Adding minimum uptime/downtime constraints.
2026-05-29 18:35:39 [INFO] idaes.apps.grid_integration.pricetaker.price_taker_model: Created startup/shutdown constraints for operation model  reverse_osmosis.ro_skid[2] at ro_skid_2_startup_shutdown.
2026-05-29 18:35:39 [INFO] idaes.apps.grid_integration.pricetaker.price_taker_model: Found minimum uptime/downtime data for reverse_osmosis.ro_skid[3] - Adding minimum uptime/downtime constraints.
2026-05-29 18:35:39 [INFO] idaes.apps.grid_integration.pricetaker.price_taker_model: Created startup/shutdown constraints for operation model  reverse_osmosis.ro_skid[3] at ro_skid_3_startup_shutdown.
2026-05-29 18:35:39 [INFO] idaes.apps.grid_integration.pricetaker.price_taker_model: Found minimum uptime/downtime data for reverse_osmosis.ro_skid[4] - Adding minimum uptime/downtime constraints.
2026-05-29 18:35:40 [INFO] idaes.apps.grid_integration.pricetaker.price_taker_model: Created startup/shutdown constraints for operation model  reverse_osmosis.ro_skid[4] at ro_skid_4_startup_shutdown.
3598
Set parameter LogToConsole to value 1
Set parameter MIPGap to value 0.005
Gurobi Optimizer version 12.0.3 build v12.0.3rc0 (linux64 - "Red Hat Enterprise Linux 8.8 (Ootpa)")

CPU model: Intel(R) Xeon(R) Platinum 8470QL, instruction set [SSE2|AVX|AVX2|AVX512]
Thread count: 104 physical cores, 104 logical processors, using up to 32 threads

Non-default parameters:
MIPGap  0.005

Optimize a model with 17951 rows, 15701 columns and 45581 nonzeros
Model fingerprint: 0xc02a7ac9
Model has 168 quadratic objective terms
Model has 2352 quadratic constraints
Variable types: 11259 continuous, 4442 integer (4442 binary)
Coefficient statistics:
  Matrix range     [5e-04, 2e+03]
  QMatrix range    [2e-07, 1e+00]
  QLMatrix range   [3e-04, 1e+00]
  Objective range  [1e-05, 5e-03]
  QObjective range [2e-04, 2e-04]
  Bounds range     [9e-01, 1e+03]
  RHS range        [5e-02, 3e+05]
  QRHS range       [3e-01, 3e-01]
Presolve removed 10679 rows and 8689 columns
Presolve time: 0.07s
Presolved: 16016 rows, 7013 columns, 44614 nonzeros
Presolved model has 2312 bilinear constraint(s)

Solving non-convex MIQCP

Variable types: 4948 continuous, 2065 integer (2065 binary)
Found heuristic solution: objective 12.0903187

Root simplex log...

Iteration    Objective       Primal Inf.    Dual Inf.      Time
   23719    1.0913395e+01   1.486158e+04   0.000000e+00      5s
   26047    1.0864978e+01   0.000000e+00   0.000000e+00      6s

Root relaxation: objective 1.086498e+01, 26047 iterations, 5.47 seconds (7.95 work units)

    Nodes    |    Current Node    |     Objective Bounds      |     Work
 Expl Unexpl |  Obj  Depth IntInf | Incumbent    BestBd   Gap | It/Node Time

     0     0   10.86498    0 2415   12.09032   10.86498  10.1%     -    5s
H    0     0                      12.0903185   10.86498  10.1%     -    5s
     0     0   11.51300    0 2682   12.09032   11.51300  4.78%     -    8s
     0     0   11.60099    0 2693   12.09032   11.60099  4.05%     -    9s
     0     0   11.63946    0 2767   12.09032   11.63946  3.73%     -   10s
     0     0   11.64139    0 2755   12.09032   11.64139  3.71%     -   10s
     0     0   11.64991    0 2776   12.09032   11.64991  3.64%     -   11s
     0     0   11.65214    0 2791   12.09032   11.65214  3.62%     -   11s
     0     0   11.65637    0 2797   12.09032   11.65637  3.59%     -   12s
     0     0   11.66152    0 2725   12.09032   11.66152  3.55%     -   12s
     0     0   11.66279    0 2729   12.09032   11.66279  3.54%     -   12s
     0     0   11.66288    0 2723   12.09032   11.66288  3.54%     -   12s
     0     0   11.66374    0 2725   12.09032   11.66374  3.53%     -   13s
     0     0   11.66402    0 2720   12.09032   11.66402  3.53%     -   13s
     0     0   11.66498    0 2719   12.09032   11.66498  3.52%     -   13s
     0     0   11.68810    0 2620   12.09032   11.68810  3.33%     -   14s
     0     2   11.68810    0 2519   12.09032   11.68810  3.33%     -   16s
    31    64   11.78246    5 2568   12.09032   11.69476  3.27%   679   21s
    95   155   11.79661    7 2516   12.09032   11.69549  3.27%   875   27s
   154   283   11.80075    9 2503   12.09032   11.69549  3.27%  1018   32s
   282   407   11.80307   13 2505   12.09032   11.69549  3.27%   937   36s
   406   500   11.80659   16 2469   12.09032   11.69549  3.27%   813   42s
   499   574   11.81741   17 2452   12.09032   11.69549  3.27%  1023   45s
   652   735   11.81238   19 2447   12.09032   11.69549  3.27%   984   50s
   841   924   11.81864   22 2448   12.09032   11.69549  3.27%   899   56s
  1182  1357   11.82981   28 2281   12.09032   11.69549  3.27%   764   62s
  1572  1731   11.83731   36 2235   12.09032   11.69549  3.27%   637   67s
  1730  1903   11.84015   37 2223   12.09032   11.69549  3.27%   631   72s
  2110  2333   11.84961   46 2242   12.09032   11.69549  3.27%   565   75s
  2586  2787   11.85415   53 2229   12.09032   11.69549  3.27%   496   81s
  2952  3154   11.86015   55 2243   12.09032   11.69549  3.27%   527   88s
  3153  3398   11.86372   59 2167   12.09032   11.69549  3.27%   541   92s
  3397  3726   11.86753   64 2136   12.09032   11.69549  3.27%   564   95s
  4079  4468   11.88440   84 2051   12.09032   11.69549  3.27%   517  101s
  4994  5306   11.89730  103 1978   12.09032   11.69549  3.27%   459  106s
  5318  5786   11.90743  112 1939   12.09032   11.69549  3.27%   451  110s
  6309  6723   11.91161  123 1974   12.09032   11.69549  3.27%   418  117s
  6743  7175   11.93539  135 1929   12.09032   11.69549  3.27%   415  122s
  7201  7603   11.91947  135 1837   12.09032   11.69613  3.26%   413  126s
  8127  8635   11.93526  161 1664   12.09032   11.69613  3.26%   408  132s
  8673  9193   11.94366  182 1710   12.09032   11.69613  3.26%   404  135s
  9975  9984   11.96256  248 1501   12.09032   11.69613  3.26%   391  143s
 10061 10718   11.96606  249 1505   12.09032   11.70083  3.22%   396  146s
 11372 12021   11.97807  329 1418   12.09032   11.70083  3.22%   387  154s
 12123 13006   11.98828  392 1438   12.09032   11.70399  3.20%   384  157s
 13112 13891   11.99655  450 1382   12.09032   11.70399  3.20%   372  162s
H14003 13982                      12.0903182   11.70454  3.19%   366  164s
H14004 13982                      12.0903108   11.70454  3.19%   366  164s
H14092 13982                      12.0903108   11.70454  3.19%   367  164s
 14096 15130   12.00738  466 1349   12.09031   11.70454  3.19%   367  169s
H15254 15022                      12.0737965   11.70454  3.06%   355  173s
H15254 14331                      12.0187965   11.70454  2.61%   355  173s
 15255 14313   11.93501  211  523   12.01880   11.70454  2.61%   355  183s
 15257 14314   11.86710  195  461   12.01880   11.70454  2.61%   355  191s
 15258 14315   11.96677   82  528   12.01880   11.70454  2.61%   355  195s
 15262 14318   11.84095  101  550   12.01880   11.71368  2.54%   355  201s
 15268 14322   11.82346   44  532   12.01880   11.71652  2.52%   355  205s
 15278 14328   11.87006  261  544   12.01880   11.71769  2.51%   355  210s
 15289 14336   11.85993   94  562   12.01880   11.71784  2.50%   355  222s
 15290 14336   11.91647  299  562   12.01880   11.71784  2.50%   355  226s
H15290 13620                      12.0187962   11.71784  2.50%   359  328s
 15291 13622   11.72124   11 2586   12.01880   11.71784  2.50%   359  333s
 15293 13625   11.74512   12 2512   12.01880   11.72124  2.48%   359  336s
 15305 13645   11.75167   14 2486   12.01880   11.72330  2.46%   361  343s
 15321 13672   11.75656   15 2430   12.01880   11.73014  2.40%   364  346s
 15385 13764   11.76476   17 2367   12.01880   11.73319  2.38%   368  351s
 15466 13811   11.77269   19 2286   12.01880   11.73319  2.38%   372  355s
 15540 13857   11.77734   20 2290   12.01880   11.73319  2.38%   376  360s
 15611 13903   11.78297   21 2276   12.01880   11.73319  2.38%   381  366s
 15681 13950   11.78776   22 2294   12.01880   11.73319  2.38%   389  372s
H15695 13264                      12.0187962   11.73319  2.38%   390  372s
H15721 12608                      12.0187952   11.73319  2.38%   393  372s
 15751 12684   11.79150   23 2303   12.01880   11.73319  2.38%   395  378s
 15837 12730   11.79501   24 2264   12.01880   11.73319  2.38%   405  385s
H15878 12101                      12.0157480   11.73319  2.35%   408  385s
 15912 12178   11.80888   25 2272   12.01575   11.73319  2.35%   410  392s
 16000 12231   11.81577   26 2190   12.01575   11.73319  2.35%   420  397s
 16082 12288   11.79628   27 2299   12.01575   11.73319  2.35%   427  403s
 16167 12340   11.79633   28 2263   12.01575   11.73319  2.35%   433  409s
H16169 11755                      12.0157424   11.73319  2.35%   435  409s
H16187 11194                      12.0157424   11.73319  2.35%   437  409s
H16199 10662                      12.0157399   11.73319  2.35%   437  409s
H16234 10150                      12.0149369   11.73319  2.34%   440  409s
 16247 10230   11.80077   29 2227   12.01494   11.73319  2.34%   440  415s
H16332  9823                      12.0149350   11.73319  2.34%   450  420s
H16342  9368                      12.0149312   11.73319  2.34%   452  420s
H16366  8931                      12.0149293   11.73319  2.34%   455  420s
H16419  8505                      12.0141257   11.73319  2.34%   455  420s
H16429  8224                      12.0091257   11.73319  2.30%   455  425s
 16539  8274   11.80676   33 2192   12.00913   11.73319  2.30%   459  431s
H16540  7906                      12.0091238   11.73319  2.30%   459  431s
H16544  7554                      12.0091201   11.73319  2.30%   459  431s
H16550  7219                      12.0091080   11.73319  2.30%   462  431s
 16628  7303   11.81119   33 2262   12.00911   11.73319  2.30%   465  436s
 16743  7392   11.80906   35 2148   12.00911   11.73319  2.30%   468  442s
H16747  7076                      12.0091080   11.73319  2.30%   467  442s
H16757  6772                      12.0091080   11.73319  2.30%   469  442s
 16870  6856   11.81153   37 2149   12.00911   11.73319  2.30%   469  447s
 16994  6948   11.81400   39 2127   12.00911   11.73319  2.30%   472  452s
H17055  6643                      12.0091080   11.73319  2.30%   476  452s
H17107  6355                      12.0082969   11.73319  2.29%   476  452s
H17131  6255                      12.0032969   11.73319  2.25%   476  457s
 17299  6349   11.82740   41 2085   12.00330   11.73319  2.25%   479  462s
H17300  6104                      12.0032958   11.73319  2.25%   479  462s
H17312  5867                      12.0032958   11.73319  2.25%   480  462s
H17390  5620                      12.0024858   11.73319  2.24%   480  462s
H17451  5557                      11.9974858   11.73333  2.20%   481  467s
 17618  5672   11.82414   45 2040   11.99749   11.73333  2.20%   484  472s
H17622  5472                      11.9974846   11.73333  2.20%   484  472s
H17627  5281                      11.9974846   11.73333  2.20%   484  472s
H17704  5077                      11.9974845   11.73333  2.20%   486  472s
H17730  4897                      11.9974835   11.73333  2.20%   486  472s
H17778  4719                      11.9974835   11.73333  2.20%   486  472s
 17801  4906   11.82575   47 1926   11.99748   11.73333  2.20%   487  479s
 17996  5024   11.82725   49 1922   11.99748   11.73333  2.20%   491  482s
H18017  4863                      11.9974834   11.73333  2.20%   491  482s
 18184  4994   11.83120   52 1922   11.99748   11.73333  2.20%   494  486s
 18384  5110   11.83055   56 1862   11.99748   11.73333  2.20%   497  492s
 18579  5274   11.89557   59 1902   11.99748   11.73333  2.20%   504  496s
 18829  5522   11.83909   62 1821   11.99748   11.73640  2.18%   504  501s
H19169  5433                      11.9556369   11.73719  1.83%   506  508s
 19498  5588   11.84026   72 1802   11.95564   11.73764  1.82%   509  514s
 19881  5859   11.84569   81 1730   11.95564   11.73803  1.82%   517  519s
 20296  5949   11.85668   95 1683   11.95564   11.73803  1.82%   521  525s
H20332  5798                      11.9555512   11.73803  1.82%   522  525s
H20367  5654                      11.9554974   11.73803  1.82%   522  525s
H20435  5504                      11.9554900   11.73803  1.82%   522  525s
H20462  5376                      11.9554772   11.73803  1.82%   521  525s
H20531  5231                      11.9518814   11.73803  1.79%   523  528s
 20564  5884   11.85837   98 1591   11.95188   11.73822  1.79%   525  536s
 21230  6205     cutoff  112        11.95188   11.73822  1.79%   525  542s
 21780  6441   11.86645  126 1573   11.95188   11.73822  1.79%   533  549s
H21819  6358                      11.9405635   11.73822  1.69%   533  549s
 22183  6814   11.86499  138 1600   11.94056   11.73822  1.69%   534  557s
 22676  7445   11.86933  156 1649   11.94056   11.73822  1.69%   543  564s
 23329  7873   11.87046  157 1663   11.94056   11.73856  1.69%   547  571s
H23408  7870                      11.9404406   11.73856  1.69%   548  571s
H23622  7869                      11.9403918   11.73856  1.69%   547  571s
 23771  8763   11.87305  168 1641   11.94039   11.73856  1.69%   548  579s
 24688  9465   11.87418  177 1626   11.94039   11.73856  1.69%   546  585s
H24801  9465                      11.9403581   11.73856  1.69%   545  585s
H25365  9399                      11.9362811   11.73856  1.66%   539  585s
 25402 10455   11.88504  198 1564   11.93628   11.73856  1.66%   540  592s
 26502 10500   11.89837  203 1511   11.93628   11.73856  1.66%   536  596s
H26508 10277                      11.9246960   11.73856  1.56%   536  596s
H26516  9966                      11.9122852   11.73856  1.46%   537  596s
H26545  8663                      11.8882196   11.73856  1.26%   538  596s
H26550  8462                      11.8855196   11.73856  1.24%   538  596s
 26553  8533     cutoff  206        11.88552   11.73856  1.24%   538  606s
 26922  8603   11.78588   25 2259   11.88552   11.74006  1.22%   549  616s
 27044  9141   11.79693   29 2146   11.88552   11.74006  1.22%   557  624s
 27607  9569   11.81739   43 2121   11.88552   11.74006  1.22%   569  631s
H27697  9520                      11.8848054   11.74006  1.22%   571  631s
H27979  9518                      11.8847939   11.74006  1.22%   576  631s
 28055 10014   11.83953   67 1932   11.88479   11.74006  1.22%   578  639s
 28629 10187   11.88143   94 1960   11.88479   11.74006  1.22%   594  648s
 28901 10379     cutoff   95        11.88479   11.74027  1.22%   614  661s
 29207 11563   11.76761   22 2295   11.88479   11.74027  1.22%   640  677s
 30498 12818   11.82456   72 1757   11.88479   11.74341  1.19%   662  689s
 31805 13506   11.84409  136 1566   11.88479   11.74699  1.16%   666  698s
 32563 14527   11.85259  220 1509   11.88479   11.74699  1.16%   673  707s
 33652 15600   11.85707  324 1352   11.88479   11.74970  1.14%   677  716s
 34767 16573   11.85818  437 1436   11.88479   11.74970  1.14%   680  726s
 35770 17208   11.88298  531 1396   11.88479   11.74970  1.14%   688  735s
 36471 18438   11.86212  544 1343   11.88479   11.74970  1.14%   694  744s
 37819 19349   11.86687  587 1277   11.88479   11.74970  1.14%   694  754s
 38880 19567   11.87452  651 1339   11.88479   11.75224  1.12%   700  763s
 39237 20749   11.88267  674 1396   11.88479   11.75224  1.12%   711  774s
 40554 21992     cutoff  677        11.88479   11.75354  1.10%   714  785s
 41931 22083   11.79781   34 2171   11.88479   11.75382  1.10%   714  795s
H41950 22083                      11.8847876   11.75382  1.10%   714  795s
H42057 22080                      11.8847749   11.75382  1.10%   716  795s
H42062 22077                      11.8847462   11.75382  1.10%   716  795s
 42090 22515   11.80090   39 2178   11.88475   11.75382  1.10%   717  806s
H42113 22512                      11.8847361   11.75382  1.10%   717  806s
H42427 22511                      11.8847305   11.75382  1.10%   717  806s
 42562 23626   11.81498   53 2121   11.88473   11.75382  1.10%   720  818s
 43836 24404     cutoff   88        11.88473   11.75391  1.10%   729  832s
 44851 25318   11.88183   89 1987   11.88473   11.75391  1.10%   740  846s
 45992 26361   11.79355   32 2166   11.88473   11.75391  1.10%   754  860s
 47210 27256   11.83785   85 2037   11.88473   11.75391  1.10%   767  875s
H47861 27256                      11.8847304   11.75646  1.08%   781  875s
H47977 27256                      11.8847304   11.75687  1.08%   785  875s
 48336 28401   11.88464  106 1954   11.88473   11.75714  1.07%   785  889s
H48418 28401                      11.8847304   11.75714  1.07%   785  889s
H48501 28401                      11.8847304   11.75714  1.07%   785  889s
 49703 29351   11.83519   42 2152   11.88473   11.75714  1.07%   797  905s
H49765 29351                      11.8847299   11.75714  1.07%   798  905s
 50859 30592     cutoff   80        11.88473   11.75714  1.07%   813  922s
 52392 31703   11.87866  101 2019   11.88473   11.75733  1.07%   829  938s
 53797 32635   11.78674   18 2452   11.88473   11.75808  1.07%   846  954s
 55007 33718   11.87122   64 2060   11.88473   11.75937  1.05%   861  971s
 56344 34687   11.87969   69 2011   11.88473   11.75937  1.05%   884  989s
 57672 35875   11.78946   25 2137   11.88473   11.76069  1.04%   908 1008s
 59196 35876   11.87029  126  523   11.88473   11.76080  1.04%   932 1129s
 59198 35877   11.86930  437  447   11.88473   11.76080  1.04%   932 1134s
 59199 35878   11.81429   49  551   11.88473   11.76080  1.04%   932 1138s
H59200 34085                      11.8847298   11.76080  1.04%   932 1150s
 59202 34086   11.87664  478  614   11.88473   11.76080  1.04%   932 1156s
 59203 34087   11.85709   72  626   11.88473   11.76080  1.04%   932 1163s
 59204 34087   11.79149   40  616   11.88473   11.76080  1.04%   932 1168s
 59205 34088   11.81566   38  597   11.88473   11.76080  1.04%   932 1173s
 59206 34089   11.83430   83  613   11.88473   11.76080  1.04%   932 1178s
 59207 34089   11.86960   96  591   11.88473   11.76080  1.04%   932 1186s
 59208 34090   11.85696  312  590   11.88473   11.76080  1.04%   932 1190s
 59209 34091   11.78393   22  601   11.88473   11.76080  1.04%   932 1201s
 59210 34091   11.87415  101  610   11.88473   11.76080  1.04%   932 1205s
 59211 34092   11.85419  138  604   11.88473   11.76080  1.04%   932 1211s
 59212 34093   11.83808   75  608   11.88473   11.76080  1.04%   932 1216s
 59213 34093   11.82852  160  612   11.88473   11.76080  1.04%   932 1220s
 59214 34094   11.82775   42  620   11.88473   11.76080  1.04%   932 1225s
 59215 34095   11.79514   31  616   11.88473   11.76080  1.04%   932 1230s
 59216 34095   11.79369   43  616   11.88473   11.76080  1.04%   932 1235s
 59217 34096   11.88418  176  617   11.88473   11.76080  1.04%   932 1241s
 59218 34097   11.85333  421  618   11.88473   11.76080  1.04%   932 1245s
 59219 34097   11.85354  207  622   11.88473   11.76080  1.04%   931 1251s
 59220 34098   11.79977   52  622   11.88473   11.76080  1.04%   931 1256s
 59221 34099   11.81332   49  620   11.88473   11.76080  1.04%   931 1261s
 59222 34099   11.87923  140  622   11.88473   11.76080  1.04%   931 1265s
 59223 34100   11.81550   45  629   11.88473   11.76080  1.04%   931 1276s
 59224 34101   11.88054  118  613   11.88473   11.76080  1.04%   931 1280s
 59225 34101   11.87303   96  612   11.88473   11.76080  1.04%   931 1286s
 59226 34102   11.87875  340  620   11.88473   11.76080  1.04%   931 1291s
 59227 34103   11.84340  106  625   11.88473   11.76080  1.04%   931 1302s
 59228 34103   11.85652   53  623   11.88473   11.76080  1.04%   931 1307s
 59229 34104   11.82532   74  629   11.88473   11.76080  1.04%   931 1313s
 59230 34105   11.81164   29  629   11.88473   11.76080  1.04%   931 1319s
 59231 34105   11.83791   59  634   11.88473   11.76080  1.04%   931 1323s
 59232 34106   11.84556   80  636   11.88473   11.76080  1.04%   931 1328s
 59233 34107   11.76695   21  624   11.88473   11.76080  1.04%   931 1339s
 59234 34107   11.86643   62  627   11.88473   11.76080  1.04%   931 1343s
 59235 34108   11.82498   67  626   11.88473   11.76080  1.04%   931 1349s
 59236 34109   11.85656   55  635   11.88473   11.76080  1.04%   931 1354s
 59237 34109   11.86673  533  640   11.88473   11.76080  1.04%   931 1359s
 59238 34110   11.79638   43  642   11.88473   11.76080  1.04%   931 1364s
 59239 34111   11.79814   23  643   11.88473   11.76080  1.04%   931 1368s
 59240 34111   11.79879   29  644   11.88473   11.76080  1.04%   931 1372s
 59241 34112   11.87378  637  646   11.88473   11.76080  1.04%   931 1378s
 59242 34113   11.86813  232  647   11.88473   11.76080  1.04%   931 1382s
 59243 34113   11.83143   83  641   11.88473   11.76080  1.04%   931 1387s
 59244 34114   11.81419   54  641   11.88473   11.76080  1.04%   931 1391s
H59244 32407                      11.8847291   11.76080  1.04%   931 1395s
 59245 32408   11.82534   52  641   11.88473   11.76080  1.04%   931 1401s
 59246 32408   11.84716   48  641   11.88473   11.76080  1.04%   931 1410s
 59247 32409   11.87962  140  641   11.88473   11.76080  1.04%   931 1421s
 59248 32410   11.85375  430  641   11.88473   11.76080  1.04%   931 1430s
 59249 32410   11.87779  123  641   11.88473   11.76080  1.04%   931 1435s
 59250 32414   11.76080   21 2656   11.88473   11.76080  1.04%   932 1559s
 59252 32417   11.76080   22 2643   11.88473   11.76080  1.04%   932 1564s
 59256 32424   11.76080   23 2562   11.88473   11.76080  1.04%   932 1569s
 59264 32437   11.76080   24 2573   11.88473   11.76080  1.04%   932 1575s
 59312 32485   11.76080   26 2512   11.88473   11.76080  1.04%   934 1585s
 59344 32545   11.76080   27 2483   11.88473   11.76080  1.04%   935 1591s
 59511 32640   11.76572   29 2401   11.88473   11.76080  1.04%   938 1600s
 59599 32692   11.76849   29 2435   11.88473   11.76080  1.04%   938 1608s
 59686 32732   11.77016   30 2409   11.88473   11.76080  1.04%   938 1615s
 59757 32786   11.77825   30 2423   11.88473   11.76080  1.04%   940 1624s
 59835 32837   11.77636   31 2386   11.88473   11.76080  1.04%   941 1630s
 59918 32886   11.78059   31 2392   11.88473   11.76080  1.04%   942 1638s
 60001 32941   11.78488   32 2354   11.88473   11.76080  1.04%   943 1647s
 60083 32998   11.78572   32 2349   11.88473   11.76080  1.04%   943 1657s
 60168 33057   11.79810   33 2302   11.88473   11.76080  1.04%   944 1666s
H60270 31468                      11.8847290   11.76080  1.04%   943 1668s
H60288 29921                      11.8847290   11.76080  1.04%   943 1668s
 60327 29990   11.80464   35 2317   11.88473   11.76080  1.04%   943 1677s
H60374 28511                      11.8847288   11.76080  1.04%   943 1677s
 60411 28600   11.79598   36 2337   11.88473   11.76080  1.04%   943 1683s
 60512 28674   11.81068   37 2314   11.88473   11.76080  1.04%   944 1691s
 60621 28742   11.80219   38 2330   11.88473   11.76080  1.04%   944 1697s
 60732 28810   11.80297   39 2318   11.88473   11.76080  1.04%   945 1703s
 60847 28866   11.80438   40 2290   11.88473   11.76080  1.04%   947 1708s
 60962 28913   11.80500   42 2322   11.88473   11.76080  1.04%   948 1713s
 61071 28953   11.80930   44 2305   11.88473   11.76080  1.04%   949 1719s
 61168 29005   11.81016   45 2199   11.88473   11.76080  1.04%   953 1725s
 61282 29060   11.81125   46 2186   11.88473   11.76080  1.04%   956 1733s
 61394 29094   11.81255   47 2124   11.88473   11.76080  1.04%   959 1739s
H61401 27702                      11.8847288   11.76080  1.04%   959 1739s
H61409 26378                      11.8847287   11.76080  1.04%   959 1739s
 61480 26471   11.81472   50 2113   11.88473   11.76080  1.04%   960 1746s
 61615 26566   11.81546   51 2081   11.88473   11.76080  1.04%   962 1750s
 61773 26681   11.82743   52 2275   11.88473   11.76080  1.04%   962 1758s
 61953 26793   11.83093   53 2132   11.88473   11.76080  1.04%   964 1766s
 62137 26923   11.81919   54 2100   11.88473   11.76080  1.04%   964 1770s
 62343 27066   11.82430   56 2120   11.88473   11.76080  1.04%   963 1777s
 62561 27142 infeasible   58        11.88473   11.76080  1.04%   963 1785s
H62708 25838                      11.8847285   11.76080  1.04%   963 1785s
 62719 26063   11.85857   60 2159   11.88473   11.76080  1.04%   963 1794s
H62910 24808                      11.8847284   11.76080  1.04%   962 1794s
 62966 25068   11.83388   62 1942   11.88473   11.76080  1.04%   962 1801s
 63245 25194   11.84155   66 1870   11.88473   11.76080  1.04%   961 1806s
 63478 25328   11.84248   69 1838   11.88473   11.76080  1.04%   962 1813s
H63715 24456                      11.8847283   11.76080  1.04%   964 1820s
H63731 23375                      11.8847283   11.76080  1.04%   964 1820s
H63900 22297                      11.8847282   11.76080  1.04%   963 1820s
H64039 21280                      11.8847282   11.76080  1.04%   963 1820s
H64044 20356                      11.8847278   11.76080  1.04%   963 1820s
 64078 20685   11.84508   74 1908   11.88473   11.76080  1.04%   963 1830s
H64098 19801                      11.8847277   11.76080  1.04%   964 1830s
H64344 18887                      11.8847277   11.76080  1.04%   963 1830s
H64446 18062                      11.8847275   11.76080  1.04%   965 1830s
 64450 18131   11.84674   77 1759   11.88473   11.76080  1.04%   965 1836s
H64452 17379                      11.8847275   11.76080  1.04%   965 1836s
H64503 16649                      11.8847274   11.76080  1.04%   965 1836s
H64504 15894                      11.8766997   11.76080  0.98%   965 1836s
H64537 15501                      11.8766724   11.76080  0.98%   966 1848s
H64546 14886                      11.8766673   11.76080  0.98%   966 1848s
H64707 14250                      11.8766656   11.76080  0.98%   967 1848s
 64917 14522     cutoff   78        11.87667   11.76080  0.98%   967 1855s
 65312 14837   11.84858   81 1732   11.87667   11.76080  0.98%   971 1864s
 65830 15073   11.85404   93 1684   11.87667   11.76080  0.98%   971 1872s
H65960 14450                      11.8759006   11.76080  0.97%   972 1872s
 66277 14560   11.85434   94 1691   11.87590   11.76080  0.97%   974 1881s
 66574 14668   11.85629   97 1587   11.87590   11.76080  0.97%   982 1889s
 66881 14921   11.85849  102 1555   11.87590   11.76080  0.97%   989 1899s
H67347 14568                      11.8755992   11.76080  0.97%   994 1908s
H67351 14068                      11.8755874   11.76080  0.97%   995 1908s
H67358 13590                      11.8755729   11.76080  0.97%   995 1908s
H67370 13134                      11.8755562   11.76140  0.96%   996 1908s
 67746 13555   11.85890  105 1617   11.87556   11.76140  0.96%   997 1918s
 68389 13712   11.86069  111 1526   11.87556   11.76232  0.95%  1000 1927s
H68393 13283                      11.8755554   11.76232  0.95%  1000 1927s
 68828 13495   11.86154  113 1461   11.87556   11.76345  0.94%  1005 1940s
 69320 13821   11.86168  116 1455   11.87556   11.76345  0.94%  1013 1951s
 69872 13718   11.86183  118 1466   11.87556   11.76512  0.93%  1019 1960s
H69879 13310                      11.8755549   11.76512  0.93%  1019 1960s
 69978 13681   11.86656  118 1428   11.87555   11.76554  0.93%  1019 1973s
H69979 13295                      11.8755548   11.76554  0.93%  1019 1973s
 70413 13724   11.86200  119 1459   11.87555   11.76554  0.93%  1020 1986s
 71084 14043   11.86240  122 1422   11.87555   11.76554  0.93%  1022 1996s
H71481 13545                      11.8755547   11.76710  0.91%  1025 1996s
 71720 13945   11.86277  124 1376   11.87555   11.76717  0.91%  1026 2009s
 72340 14302   11.86298  126 1407   11.87555   11.76717  0.91%  1033 2022s
 73005 14743     cutoff  127        11.87555   11.76721  0.91%  1040 2036s
 73822 15207   11.86328  130 1363   11.87555   11.76859  0.90%  1045 2049s
 74702 15511   11.86391  134 1298   11.87555   11.76859  0.90%  1050 2064s
H75404 14929                      11.8755547   11.76859  0.90%  1058 2064s
 75409 15644   11.86414  137 1337   11.87555   11.76859  0.90%  1058 2077s
 76304 15918   11.86418  140 1352   11.87555   11.77034  0.89%  1064 2092s
 77014 16017   11.86459  143 1374   11.87555   11.77048  0.88%  1075 2108s
 77503 16777   11.86507  148 1351   11.87555   11.77161  0.88%  1087 2123s
 78545 17375   11.86526  151 1326   11.87555   11.77228  0.87%  1091 2138s
 79654 17878   11.86535  153 1313   11.87555   11.77254  0.87%  1095 2153s
 80561 18453   11.86567  155 1300   11.87555   11.77254  0.87%  1103 2170s
 81324 19362   11.86590  159 1312   11.87555   11.77377  0.86%  1114 2189s
 82428 20408   11.86645  164 1306   11.87555   11.77393  0.86%  1121 2206s
 83655 21587   11.86693  169 1292   11.87555   11.77393  0.86%  1128 2224s
 84975 22295   11.86763  176 1308   11.87555   11.77495  0.85%  1133 2246s
 85920 22989   11.86802  183 1274   11.87555   11.77495  0.85%  1148 2268s
 86885 23856   11.86868  188 1218   11.87555   11.77511  0.85%  1162 2287s
 88008 24900   11.86926  196 1198   11.87555   11.77511  0.85%  1172 2307s
 89333 25034     cutoff  211        11.87555   11.77553  0.84%  1181 2328s
 89655 28651     cutoff  217        11.87555   11.77553  0.84%  1190 2404s
 94264 30137   11.86127   50 2189   11.87555   11.77806  0.82%  1221 2433s
 96086 33015   11.78617   37 2217   11.87555   11.77806  0.82%  1229 2459s
 99116 35337   11.84498   57 2110   11.87555   11.77843  0.82%  1218 2483s
 101609 37278   11.86377  124 1662   11.87555   11.77843  0.82%  1214 2508s
 103833 38899     cutoff  129        11.87555   11.77843  0.82%  1213 2532s
 105842 40670     cutoff   90        11.87555   11.77944  0.81%  1219 2560s
 108028 42526   11.80017   30 2233   11.87555   11.77981  0.81%  1222 2585s
 110351 44333   11.81339   42 2086   11.87555   11.78005  0.80%  1221 2615s
 112601 45418   11.85903   92 1814   11.87555   11.78061  0.80%  1222 2645s
 114028 46900   11.78454   35 2051   11.87555   11.78061  0.80%  1235 2673s
 115914 50539   11.81222   37 2191   11.87555   11.78163  0.79%  1243 2707s
 119778 52688   11.87363   99 1912   11.87555   11.78174  0.79%  1228 2744s
 122472 54253   11.78398   35 2048   11.87555   11.78193  0.79%  1238 2779s
 124481 55935     cutoff   99        11.87555   11.78253  0.78%  1253 2822s
H125001 55935                      11.8755544   11.78253  0.78%  1254 2822s
 126607 57836   11.81540   38 2245   11.87555   11.78255  0.78%  1267 2866s
 128988 62323   11.86562   87 1667   11.87555   11.78313  0.78%  1276 2913s
 133893 65494   11.87365   93 1662   11.87555   11.78370  0.77%  1267 2958s
H134110 65494                      11.8755543   11.78370  0.77%  1268 2958s
 137542 67772     cutoff   98        11.87555   11.78373  0.77%  1268 3000s
 140476 70277   11.79697   32 2166   11.87555   11.78398  0.77%  1274 3042s
 143663 72649     cutoff   99        11.87555   11.78410  0.77%  1283 3088s
 146707 74792     cutoff   91        11.87555   11.78461  0.77%  1293 3136s
 149452 77531   11.87266  107 1868   11.87555   11.78463  0.77%  1307 3182s
 152650 79818   11.80248   38 2176   11.87555   11.78495  0.76%  1311 3229s
 155683 81870   11.85361   60 2131   11.87555   11.78495  0.76%  1323 3278s
 158507 83399     cutoff   82        11.87555   11.78553  0.76%  1339 3329s
H159116 83399                      11.8755543   11.78553  0.76%  1341 3329s
 160544 85687   11.79062   42 2138   11.87555   11.78555  0.76%  1347 3388s
 163778 88131   11.79352   42 2273   11.87555   11.78596  0.75%  1364 3445s
 167172 90612   11.87349  110 1834   11.87555   11.78596  0.75%  1380 3501s
 170547 93708   11.85481   71 2196   11.87555   11.78626  0.75%  1394 3558s
 174435 97301   11.86351   78 1890   11.87555   11.78645  0.75%  1403 3614s
 178584 101973   11.86850  121 1953   11.87555   11.78665  0.75%  1398 3666s
 183702 104644   11.82981   75 2162   11.87555   11.78665  0.75%  1391 3698s
 186957 106333   11.86137  143 2059   11.87555   11.78674  0.75%  1386 3731s
 189181 107989     cutoff  159        11.87555   11.78686  0.75%  1390 3764s
 191427 109835   11.82385   50 1974   11.87555   11.78707  0.75%  1395 3802s
 193898 112954     cutoff   79        11.87555   11.78720  0.74%  1401 3841s
 197577 114885     cutoff  102        11.87555   11.78729  0.74%  1398 3880s
 200021 116361   11.79730   30 2180   11.87555   11.78745  0.74%  1403 3921s
 202082 117719   11.86926   67 2133   11.87555   11.78745  0.74%  1413 3967s
H203611 88695                      11.8576626   11.78754  0.59%  1419 3967s
 203859 90327     cutoff   69        11.85766   11.78754  0.59%  1420 4015s
H204143 90325                      11.8576620   11.78759  0.59%  1421 4015s
H206444 89906                      11.8563488   11.78771  0.58%  1429 4066s
H206542 89657                      11.8562164   11.78771  0.58%  1429 4066s
H208285 89621                      11.8561993   11.78777  0.58%  1436 4066s
 209077 91403     cutoff   68        11.85620   11.78780  0.58%  1439 4116s
 211550 94416   11.79533   45 2001   11.85620   11.78793  0.58%  1450 4182s
 215331 96546   11.81695   45 2092   11.85620   11.78806  0.57%  1460 4242s
 218275 98901     cutoff   72        11.85620   11.78808  0.57%  1469 4301s
 221392 101398   11.79244   41 2144   11.85620   11.78824  0.57%  1479 4364s
 224791 103705   11.83388   67 2191   11.85620   11.78844  0.57%  1490 4427s
 228045 106872     cutoff   79        11.85620   11.78856  0.57%  1502 4490s
 231934 110347   11.81222   37 2271   11.85620   11.78862  0.57%  1509 4549s
 236110 112325   11.81246   40 2154   11.85620   11.78885  0.57%  1511 4605s
H236419 100109                      11.8502420   11.78885  0.52%  1512 4605s
H236754 100047                      11.8502121   11.78885  0.52%  1513 4605s
 238907 101459     cutoff   84        11.85021   11.78889  0.52%  1519 4661s
H238909 101459                      11.8502121   11.78889  0.52%  1519 4661s
H239798 101459                      11.8502120   11.78889  0.52%  1522 4661s
 241177 104218     cutoff   84        11.85021   11.78910  0.52%  1526 4733s
 245006 105527   11.84008   46 2113   11.85021   11.78931  0.51%  1536 4797s
H245301 105527                      11.8502119   11.78931  0.51%  1538 4797s
H246210 105527                      11.8502116   11.78931  0.51%  1543 4797s
 247457 107908     cutoff   82        11.85021   11.78941  0.51%  1552 4871s
 251018 110849     cutoff   87        11.85021   11.78950  0.51%  1566 4941s
 254931 113683   11.81594   45 2175   11.85021   11.78965  0.51%  1575 5009s
 258797 116993   11.82300   57 2135   11.85021   11.78981  0.51%  1580 5074s
 262932 118730   11.79551   53 2113   11.85021   11.78987  0.51%  1584 5135s
 265609 122303     cutoff   98        11.85021   11.78987  0.51%  1595 5195s
 270011 124891   11.80444   41 2123   11.85021   11.79014  0.51%  1596 5249s
 273325 127350     cutoff   71        11.85021   11.79020  0.51%  1599 5303s
H273326 127348                      11.8502111   11.79020  0.51%  1599 5303s
H274668 127343                      11.8502080   11.79021  0.51%  1600 5303s
H275302 127343                      11.8502076   11.79023  0.51%  1600 5303s
 276287 129359   11.83683   35 2286   11.85021   11.79028  0.51%  1601 5361s
 279137 130724   11.84868   69 2160   11.85021   11.79028  0.51%  1610 5421s
 281305 132886     cutoff   75        11.85021   11.79036  0.51%  1620 5481s
 284281 135431   11.84379   70 2004   11.85021   11.79042  0.50%  1628 5543s
[2026-05-29T20:08:54.048] error: *** JOB 14029262 ON x1006c5s4b0n1 CANCELLED AT 2026-05-29T20:08:54 DUE TO TIME LIMIT ***
