2026-05-29 15:23:17 [INFO] idaes.core.surrogate.pysmo_surrogate: Decode surrogate. type=poly

===========================Polynomial Regression===============================================

The number of cross-validation cases (3) is used.
The default training/cross-validation split of 0.75 is used.
No iterations will be run.
Default parameter estimation method is used.
Parameter estimation method:  pyomo 

2026-05-29 15:23:17 [INFO] idaes.core.surrogate.pysmo_surrogate: Decode surrogate. type=poly

===========================Polynomial Regression===============================================

The number of cross-validation cases (3) is used.
The default training/cross-validation split of 0.75 is used.
No iterations will be run.
Default parameter estimation method is used.
Parameter estimation method:  pyomo 

2026-05-29 15:23:17 [INFO] idaes.core.surrogate.pysmo_surrogate: Decode surrogate. type=poly

===========================Polynomial Regression===============================================

The number of cross-validation cases (3) is used.
The default training/cross-validation split of 0.75 is used.
No iterations will be run.
Default parameter estimation method is used.
Parameter estimation method:  pyomo 

2026-05-29 15:23:17 [INFO] idaes.core.surrogate.pysmo_surrogate: Decode surrogate. type=poly

===========================Polynomial Regression===============================================

The number of cross-validation cases (3) is used.
The default training/cross-validation split of 0.75 is used.
No iterations will be run.
Default parameter estimation method is used.
Parameter estimation method:  pyomo 

2026-05-29 15:23:18 [INFO] idaes.apps.grid_integration.pricetaker.price_taker_model: Found minimum uptime/downtime data for pretreatment.uf_pumps[1] - Adding minimum uptime/downtime constraints.
2026-05-29 15:23:18 [INFO] idaes.apps.grid_integration.pricetaker.price_taker_model: Created startup/shutdown constraints for operation model  pretreatment.uf_pumps[1] at uf_pumps_1_startup_shutdown.
2026-05-29 15:23:18 [INFO] idaes.apps.grid_integration.pricetaker.price_taker_model: Found minimum uptime/downtime data for pretreatment.uf_pumps[2] - Adding minimum uptime/downtime constraints.
2026-05-29 15:23:18 [INFO] idaes.apps.grid_integration.pricetaker.price_taker_model: Created startup/shutdown constraints for operation model  pretreatment.uf_pumps[2] at uf_pumps_2_startup_shutdown.
2026-05-29 15:23:18 [INFO] idaes.apps.grid_integration.pricetaker.price_taker_model: Found minimum uptime/downtime data for pretreatment.uf_pumps[3] - Adding minimum uptime/downtime constraints.
2026-05-29 15:23:18 [INFO] idaes.apps.grid_integration.pricetaker.price_taker_model: Created startup/shutdown constraints for operation model  pretreatment.uf_pumps[3] at uf_pumps_3_startup_shutdown.
2026-05-29 15:23:18 [INFO] idaes.apps.grid_integration.pricetaker.price_taker_model: Found minimum uptime/downtime data for reverse_osmosis.ro_skid[1] - Adding minimum uptime/downtime constraints.
2026-05-29 15:23:18 [INFO] idaes.apps.grid_integration.pricetaker.price_taker_model: Created startup/shutdown constraints for operation model  reverse_osmosis.ro_skid[1] at ro_skid_1_startup_shutdown.
2026-05-29 15:23:18 [INFO] idaes.apps.grid_integration.pricetaker.price_taker_model: Found minimum uptime/downtime data for reverse_osmosis.ro_skid[2] - Adding minimum uptime/downtime constraints.
2026-05-29 15:23:18 [INFO] idaes.apps.grid_integration.pricetaker.price_taker_model: Created startup/shutdown constraints for operation model  reverse_osmosis.ro_skid[2] at ro_skid_2_startup_shutdown.
2026-05-29 15:23:18 [INFO] idaes.apps.grid_integration.pricetaker.price_taker_model: Found minimum uptime/downtime data for reverse_osmosis.ro_skid[3] - Adding minimum uptime/downtime constraints.
2026-05-29 15:23:18 [INFO] idaes.apps.grid_integration.pricetaker.price_taker_model: Created startup/shutdown constraints for operation model  reverse_osmosis.ro_skid[3] at ro_skid_3_startup_shutdown.
2026-05-29 15:23:18 [INFO] idaes.apps.grid_integration.pricetaker.price_taker_model: Found minimum uptime/downtime data for reverse_osmosis.ro_skid[4] - Adding minimum uptime/downtime constraints.
2026-05-29 15:23:18 [INFO] idaes.apps.grid_integration.pricetaker.price_taker_model: Created startup/shutdown constraints for operation model  reverse_osmosis.ro_skid[4] at ro_skid_4_startup_shutdown.
2926
Set parameter TokenServer to value "10.60.1.73"
Set parameter LogToConsole to value 1
Set parameter MIPGap to value 0.005
Gurobi Optimizer version 12.0.3 build v12.0.3rc0 (linux64 - "Red Hat Enterprise Linux 8.8 (Ootpa)")

CPU model: Intel(R) Xeon(R) Platinum 8470QL, instruction set [SSE2|AVX|AVX2|AVX512]
Thread count: 104 physical cores, 104 logical processors, using up to 32 threads

Non-default parameters:
MIPGap  0.005

Optimize a model with 17951 rows, 15029 columns and 44909 nonzeros
Model fingerprint: 0xe3e17e1c
Model has 168 quadratic objective terms
Model has 2352 quadratic constraints
Variable types: 10587 continuous, 4442 integer (4442 binary)
Coefficient statistics:
  Matrix range     [3e-02, 2e+03]
  QMatrix range    [2e-07, 1e+00]
  QLMatrix range   [1e-04, 1e+00]
  Objective range  [1e-05, 5e-03]
  QObjective range [2e-04, 2e-04]
  Bounds range     [1e+00, 1e+03]
  RHS range        [1e+00, 3e+05]
  QRHS range       [2e-01, 3e-01]
Presolve removed 11963 rows and 9301 columns
Presolve time: 0.08s
Presolved: 14080 rows, 5729 columns, 37422 nonzeros
Presolved model has 2312 bilinear constraint(s)

Solving non-convex MIQCP

Variable types: 3664 continuous, 2065 integer (2065 binary)
Found heuristic solution: objective 12.0897165

Root relaxation: objective 1.100279e+01, 10744 iterations, 0.99 seconds (1.48 work units)

    Nodes    |    Current Node    |     Objective Bounds      |     Work
 Expl Unexpl |  Obj  Depth IntInf | Incumbent    BestBd   Gap | It/Node Time

     0     0   11.00279    0 2020   12.08972   11.00279  8.99%     -    1s
     0     0   11.59735    0 2006   12.08972   11.59735  4.07%     -    3s
     0     0   11.64555    0 2080   12.08972   11.64555  3.67%     -    4s
     0     0   11.68196    0 2161   12.08972   11.68196  3.37%     -    5s
     0     0   11.68754    0 2130   12.08972   11.68754  3.33%     -    6s
     0     0   11.75812    0 1845   12.08972   11.75812  2.74%     -    8s
     0     0   11.75989    0 1887   12.08972   11.75989  2.73%     -    8s
     0     0   11.76488    0 1823   12.08972   11.76488  2.69%     -    8s
     0     0   11.76516    0 1819   12.08972   11.76516  2.68%     -    8s
     0     0   11.76558    0 1831   12.08972   11.76558  2.68%     -    9s
     0     0   11.76564    0 1836   12.08972   11.76564  2.68%     -    9s
     0     0   11.76572    0 1852   12.08972   11.76572  2.68%     -    9s
     0     0   11.76575    0 1818   12.08972   11.76575  2.68%     -    9s
     0     2   11.76575    0 1818   12.08972   11.76575  2.68%     -   11s
    95   151   11.82928    7 1759   12.08972   11.77215  2.63%  1031   17s
   263   366   11.84214   13 1688   12.08972   11.77215  2.63%   741   22s
   733   814   11.85157   23 1721   12.08972   11.77215  2.63%   550   25s
  1249  1353   11.86702   30 1663   12.08972   11.77215  2.63%   506   30s
  1462  1579   11.87056   32 1704   12.08972   11.77215  2.63%   504   36s
  1825  1933   11.94164   39 1409   12.08972   11.77215  2.63%   512   40s
  2094  2195   11.89349   43 1878   12.08972   11.77620  2.59%   518   45s
  3001  3117   11.91659   54 2259   12.08972   11.77670  2.59%   505   50s
H 3340  3250                      12.0726599   11.78023  2.42%   505   52s
  3382  3421   11.93052   60 2233   12.07266   11.78023  2.42%   502   55s
H 3391  3165                      12.0444266   11.78023  2.19%   502   55s
H 3616  3278                      12.0394261   11.78024  2.15%   500   57s
H 3948  3552                      12.0284128   11.78024  2.06%   499   59s
  4198  3833   11.96179   78 2121   12.02841   11.78024  2.06%   489   61s
  4485  4102   11.96179   79 2085   12.02841   11.78024  2.06%   480   65s
H 4695  4100                      12.0283140   11.78111  2.06%   478   65s
H 4737  3903                      12.0041174   11.78111  1.86%   476   65s
H 4846  4103                      12.0019942   11.78111  1.84%   482   68s
H 4879  3933                      11.9919951   11.78111  1.76%   482   68s
H 5170  4275                      11.9917556   11.78111  1.76%   469   69s
  5392  4721   11.97755   90 2055   11.99176   11.78111  1.76%   464   71s
  6298  5525   11.98875  102 1172   11.99176   11.78111  1.76%   436   78s
H 6318  3748                      11.9288358   11.78111  1.24%   438   78s
H 6331  3746                      11.9287070   11.78111  1.24%   438   78s
H 6429  3746                      11.9287070   11.78111  1.24%   434   78s
  7098  4145   11.92217  260 1664   11.92871   11.78111  1.24%   429   80s
H 7548  3348                      11.9187070   11.78114  1.15%   422   82s
H 7548  3080                      11.9157319   11.78114  1.13%   422   83s
  7549  3046   11.89868   23  503   11.91573   11.78114  1.13%   422   86s
  7552  3048   11.90187   63  503   11.91573   11.78114  1.13%   422   90s
  7558  3052   11.90025   13  384   11.91573   11.78114  1.13%   422   95s
  7573  3062   11.89336  152  421   11.91573   11.78114  1.13%   421  101s
  7575  3066   11.78114   16 1529   11.91573   11.78114  1.13%   425  129s
  7577  3070   11.78446   17 1538   11.91573   11.78114  1.13%   426  131s
  7637  3136   11.79257   21 1465   11.91573   11.79012  1.05%   438  138s
  7669  3208   11.79515   22 1454   11.91573   11.79012  1.05%   445  142s
  7834  3293   11.80472   24 2019   11.91573   11.79012  1.05%   454  148s
  7993  3339   11.80959   25 2035   11.91573   11.80472  0.93%   458  150s
H 8246  3293                      11.9156056   11.81195  0.87%   465  154s
  8300  3315   11.81573   28 2044   11.91561   11.81195  0.87%   466  155s
H 8585  3251                      11.9156056   11.81464  0.85%   475  159s
H 8643  3142                      11.9156056   11.81464  0.85%   476  160s
H 8645  3011                      11.9156055   11.81464  0.85%   476  160s
H 8673  2876                      11.9156055   11.81464  0.85%   477  160s
H 8796  2829                      11.9156055   11.81573  0.84%   485  164s
  8853  2872   11.82166   33 1961   11.91561   11.81573  0.84%   488  165s
  9134  2960     cutoff   35        11.91561   11.81869  0.81%   496  170s
H 9145  2843                      11.9156055   11.81869  0.81%   496  170s
H 9348  2814                      11.9156055   11.81869  0.81%   500  172s
  9559  2903   11.83523   39 2022   11.91561   11.82222  0.78%   505  176s
  9974  3080   11.84049   42 2025   11.91561   11.82308  0.78%   516  180s
H10207  3017                      11.9156055   11.82629  0.75%   522  181s
 10437  3096   11.85052   45 2295   11.91561   11.82905  0.73%   532  185s
 10926  3196     cutoff   48        11.91561   11.83309  0.69%   550  191s
H11136  3147                      11.9156055   11.83595  0.67%   558  193s
 11283  3244   11.87034   50 2345   11.91561   11.83595  0.67%   561  195s
 11860  3332     cutoff   54        11.91561   11.83595  0.67%   583  201s
H12347  3385                      11.9154034   11.84964  0.55%   597  206s
H12598  3238                      11.9153999   11.84964  0.55%   602  206s
 12847  3414   11.87882   60 2128   11.91540   11.84964  0.55%   613  212s
 13034  3599   11.88019   61 1793   11.91540   11.85058  0.54%   619  215s
 13532  4060   11.88175   65 1618   11.91540   11.85058  0.54%   628  220s

Cutting planes:
  Learned: 95
  Gomory: 5
  Cover: 106
  Implied bound: 481
  Projected implied bound: 74
  MIR: 90
  StrongCG: 2
  Flow cover: 749
  GUB cover: 4
  Network: 2
  RLT: 852
  Relax-and-lift: 67
  BQP: 1

Explored 13930 nodes (8793253 simplex iterations) in 220.22 seconds (439.83 work units)
Thread count was 32 (of 104 available processors)

Solution count 10: 11.9154 11.9154 11.9156 ... 11.9918

Optimal solution found (tolerance 5.00e-03)
Best objective 1.191539993237e+01, best bound 1.185979786267e+01, gap 0.4666%
m.flow_changes_penalty(): 900.0
Total operational cost: 118254.00
Maximum power (kW): 1459.98
Discharge energy capacity (kWh): 22277.00
Charge energy capacity (kWh): 25823.44
Levelized Cost of Flexibility ($/kWh): 0.81
{'fixed_demand_cost': 6534.5593757614915, 'variable_demand_cost': 5996.93339029523, 'fixed_monthly_cost': 171938.17204301074, 'total_water_production': 282179.67123287637, 'total_energy_cost': 20277.993676447488, 'total_demand_cost': 12531.492766056723, 'total_customer_cost': 0.0, 'total_feed_cost': 50843.184005923635, 'total_brine_cost': 15303.798385783062, 'total_chemical_cost': 19297.530489448378, 'total_water_revenue': 0.0, 'total_demand_response_revenue': 0.0, 'total_emissions_cost': 0.0, 'total_op_cost': 118253.99932365929, 'fixed_cost': 121551.98252688172, 'total_cost': 239805.98185054102, 'LCOW': 0.8498343654693491, 'degree_of_flex': 0.0718562874251497, 'total_replacement_cost': 999.4926912958135, 'maximum_power': 1459.9823949592942, 'energy_capacity': 22276.99715252722, 'power_capacity': 353.60312940519395, 'round_trip_efficiency': 0, 'LVOF': 0.809849106918117}
Saved operation variable results to: /home/rchurchi/watertap_test/watertap/tutorials/flex_ro/wrd_result_summer_flow_2_flexible_trains.csv
2026-05-29 15:27:02 [INFO] idaes.core.surrogate.pysmo_surrogate: Decode surrogate. type=poly

===========================Polynomial Regression===============================================

The number of cross-validation cases (3) is used.
The default training/cross-validation split of 0.75 is used.
No iterations will be run.
Default parameter estimation method is used.
Parameter estimation method:  pyomo 

2026-05-29 15:27:02 [INFO] idaes.core.surrogate.pysmo_surrogate: Decode surrogate. type=poly

===========================Polynomial Regression===============================================

The number of cross-validation cases (3) is used.
The default training/cross-validation split of 0.75 is used.
No iterations will be run.
Default parameter estimation method is used.
Parameter estimation method:  pyomo 

2026-05-29 15:27:02 [INFO] idaes.core.surrogate.pysmo_surrogate: Decode surrogate. type=poly

===========================Polynomial Regression===============================================

The number of cross-validation cases (3) is used.
The default training/cross-validation split of 0.75 is used.
No iterations will be run.
Default parameter estimation method is used.
Parameter estimation method:  pyomo 

2026-05-29 15:27:02 [INFO] idaes.core.surrogate.pysmo_surrogate: Decode surrogate. type=poly

===========================Polynomial Regression===============================================

The number of cross-validation cases (3) is used.
The default training/cross-validation split of 0.75 is used.
No iterations will be run.
Default parameter estimation method is used.
Parameter estimation method:  pyomo 

2026-05-29 15:27:04 [INFO] idaes.apps.grid_integration.pricetaker.price_taker_model: Found minimum uptime/downtime data for pretreatment.uf_pumps[1] - Adding minimum uptime/downtime constraints.
2026-05-29 15:27:04 [INFO] idaes.apps.grid_integration.pricetaker.price_taker_model: Created startup/shutdown constraints for operation model  pretreatment.uf_pumps[1] at uf_pumps_1_startup_shutdown.
2026-05-29 15:27:04 [INFO] idaes.apps.grid_integration.pricetaker.price_taker_model: Found minimum uptime/downtime data for pretreatment.uf_pumps[2] - Adding minimum uptime/downtime constraints.
2026-05-29 15:27:04 [INFO] idaes.apps.grid_integration.pricetaker.price_taker_model: Created startup/shutdown constraints for operation model  pretreatment.uf_pumps[2] at uf_pumps_2_startup_shutdown.
2026-05-29 15:27:04 [INFO] idaes.apps.grid_integration.pricetaker.price_taker_model: Found minimum uptime/downtime data for pretreatment.uf_pumps[3] - Adding minimum uptime/downtime constraints.
2026-05-29 15:27:04 [INFO] idaes.apps.grid_integration.pricetaker.price_taker_model: Created startup/shutdown constraints for operation model  pretreatment.uf_pumps[3] at uf_pumps_3_startup_shutdown.
2026-05-29 15:27:04 [INFO] idaes.apps.grid_integration.pricetaker.price_taker_model: Found minimum uptime/downtime data for reverse_osmosis.ro_skid[1] - Adding minimum uptime/downtime constraints.
2026-05-29 15:27:04 [INFO] idaes.apps.grid_integration.pricetaker.price_taker_model: Created startup/shutdown constraints for operation model  reverse_osmosis.ro_skid[1] at ro_skid_1_startup_shutdown.
2026-05-29 15:27:04 [INFO] idaes.apps.grid_integration.pricetaker.price_taker_model: Found minimum uptime/downtime data for reverse_osmosis.ro_skid[2] - Adding minimum uptime/downtime constraints.
2026-05-29 15:27:04 [INFO] idaes.apps.grid_integration.pricetaker.price_taker_model: Created startup/shutdown constraints for operation model  reverse_osmosis.ro_skid[2] at ro_skid_2_startup_shutdown.
2026-05-29 15:27:04 [INFO] idaes.apps.grid_integration.pricetaker.price_taker_model: Found minimum uptime/downtime data for reverse_osmosis.ro_skid[3] - Adding minimum uptime/downtime constraints.
2026-05-29 15:27:04 [INFO] idaes.apps.grid_integration.pricetaker.price_taker_model: Created startup/shutdown constraints for operation model  reverse_osmosis.ro_skid[3] at ro_skid_3_startup_shutdown.
2026-05-29 15:27:04 [INFO] idaes.apps.grid_integration.pricetaker.price_taker_model: Found minimum uptime/downtime data for reverse_osmosis.ro_skid[4] - Adding minimum uptime/downtime constraints.
2026-05-29 15:27:04 [INFO] idaes.apps.grid_integration.pricetaker.price_taker_model: Created startup/shutdown constraints for operation model  reverse_osmosis.ro_skid[4] at ro_skid_4_startup_shutdown.
3598
Set parameter LogToConsole to value 1
Set parameter MIPGap to value 0.005
Gurobi Optimizer version 12.0.3 build v12.0.3rc0 (linux64 - "Red Hat Enterprise Linux 8.8 (Ootpa)")

CPU model: Intel(R) Xeon(R) Platinum 8470QL, instruction set [SSE2|AVX|AVX2|AVX512]
Thread count: 104 physical cores, 104 logical processors, using up to 32 threads

Non-default parameters:
MIPGap  0.005

Optimize a model with 16607 rows, 15701 columns and 42315 nonzeros
Model fingerprint: 0xbf7ad194
Model has 168 quadratic objective terms
Model has 3696 quadratic constraints
Variable types: 11259 continuous, 4442 integer (4442 binary)
Coefficient statistics:
  Matrix range     [3e-02, 2e+03]
  QMatrix range    [2e-07, 1e+00]
  QLMatrix range   [1e-04, 4e+01]
  Objective range  [1e-05, 5e-03]
  QObjective range [2e-04, 2e-04]
  Bounds range     [9e-01, 1e+03]
  RHS range        [1e+00, 3e+05]
  QRHS range       [3e-01, 4e+01]
Presolve removed 9987 rows and 8689 columns
Presolve time: 0.07s
Presolved: 19928 rows, 8317 columns, 53426 nonzeros
Presolved model has 3616 bilinear constraint(s)

Solving non-convex MIQCP

Variable types: 6252 continuous, 2065 integer (2065 binary)
Found heuristic solution: objective 12.0897172

Root relaxation: objective 1.088110e+01, 21554 iterations, 0.87 seconds (1.57 work units)

    Nodes    |    Current Node    |     Objective Bounds      |     Work
 Expl Unexpl |  Obj  Depth IntInf | Incumbent    BestBd   Gap | It/Node Time

     0     0   10.88110    0 3340   12.08972   10.88110  10.0%     -    1s
     0     0   11.62238    0 3035   12.08972   11.62238  3.87%     -    5s
     0     0   11.62276    0 3286   12.08972   11.62276  3.86%     -    8s
     0     0   11.72062    0 3018   12.08972   11.72062  3.05%     -   12s
     0     0   11.76796    0 2659   12.08972   11.76796  2.66%     -   18s
     0     0   11.79052    0 2765   12.08972   11.79052  2.47%     -   21s
     0     0   11.82915    0 2700   12.08972   11.82915  2.16%     -   24s
     0     0   11.82915    0 3039   12.08972   11.82915  2.16%     -   29s
     0     0   11.82915    0 2713   12.08972   11.82915  2.16%     -   32s
     0     0   11.82915    0 2847   12.08972   11.82915  2.16%     -   36s
     0     0   11.82915    0 3027   12.08972   11.82915  2.16%     -   40s
     0     0   11.90287    0 2067   12.08972   11.90287  1.55%     -   43s
     0     0   11.90287    0 2776   12.08972   11.90287  1.55%     -   46s
     0     0   11.90287    0 2963   12.08972   11.90287  1.55%     -   50s
H    0     0                      12.0897170   11.90287  1.55%     -   55s
     0     0   11.90287    0 3262   12.08972   11.90287  1.55%     -   55s
     0     0   11.90287    0 2928   12.08972   11.90287  1.55%     -   61s
     0     0   11.90287    0 2857   12.08972   11.90287  1.55%     -   64s
     0     2   11.90287    0 2857   12.08972   11.90287  1.55%     -   69s
     1     4   11.90287    1 2586   12.08972   11.90287  1.55% 10228   70s
     7    16   11.90287    3 2728   12.08972   11.90287  1.55% 10656   76s
    15    29   11.90287    4 2701   12.08972   11.90287  1.55% 17366   84s
    28    50   11.90287    5 2718   12.08972   11.90287  1.55% 23054   95s
    49    82   11.90287    6 3392   12.08972   11.90287  1.55% 21674  103s
    81   145   11.90287    7 2816   12.08972   11.90287  1.55% 24222  114s
   144   218   11.90287    9 2743   12.08972   11.90287  1.55% 23361  123s
   217   291   11.91610   11 2575   12.08972   11.90287  1.55% 21421  133s
   292   355   11.97178   16 2644   12.08972   11.90287  1.55% 19887  142s
   358   412   12.06552   18 2501   12.08972   11.90287  1.55% 19273  149s
   415   469   12.03987   19 2381   12.08972   11.90287  1.55% 19076  157s
   478   536   12.04636   20 2386   12.08972   11.90287  1.55% 18638  168s
   545   599   12.00964   25 2357   12.08972   11.90287  1.55% 18328  175s
   614   654   12.01020   26 2482   12.08972   11.90287  1.55% 17895  184s
   671   702   12.06279   27 2062   12.08972   11.90287  1.55% 17711  194s
   729   739     cutoff   31        12.08972   11.90287  1.55% 17594  202s
   782   772   12.03278   32 2242   12.08972   11.90287  1.55% 17746  211s
   829   808   12.03850   33 2209   12.08972   11.90287  1.55% 17966  220s
   881   850   12.03966   34 2188   12.08972   11.90287  1.55% 18087  229s
   935   959   12.05729   37 2166   12.08972   11.90287  1.55% 18041  239s
  1050  1064   12.05518   42 2227   12.08972   11.90287  1.55% 16912  250s
  1161  1196     cutoff   44        12.08972   11.90287  1.55% 16117  262s
  1307  1309     cutoff   44        12.08972   11.90287  1.55% 15303  274s
  1446  1440   12.08025   46 2149   12.08972   11.90287  1.55% 14671  286s
  1607  1567   12.07977   53 2135   12.08972   11.90287  1.55% 13971  297s
  1754  1720   12.06954   60 2240   12.08972   11.90287  1.55% 13445  310s
  1927  1848   12.08205   64 2212   12.08972   11.90287  1.55% 12837  321s
  2089  1998   12.08273   68 2231   12.08972   11.90287  1.55% 12468  333s
  2267  2169     cutoff   75        12.08972   11.90287  1.55% 12071  342s
  2468  2371   11.90287   34 2336   12.08972   11.90287  1.55% 11682  355s
  2688  2606   11.91798   38 2180   12.08972   11.90287  1.55% 11350  368s
  2969  2878   11.90287   49 2022   12.08972   11.90287  1.55% 10805  381s
  3271  3120   11.95903   62 1586   12.08972   11.90287  1.55% 10340  395s
  3559  3414   11.92739   67 1760   12.08972   11.90287  1.55%  9994  408s
  3894  3415   12.05529   36  628   12.08972   11.90287  1.55%  9592  443s
  3896  3416   11.94260   40  592   12.08972   11.90287  1.55%  9587  452s
  3897  3417   12.08920   73  386   12.08972   11.93096  1.31%  9584  458s
  3898  3418   12.02987   21  448   12.08972   11.98398  0.87%  9582  466s
  3899  3418   12.01186   41  424   12.08972   11.98398  0.87%  9580  474s
  3900  3419   12.04719   31  450   12.08972   11.98398  0.87%  9577  482s
  3901  3420   12.08638  120  508   12.08972   11.98398  0.87%  9575  487s
  3902  3420   11.98398    9  455   12.08972   11.98398  0.87%  9572  490s
  3903  3421   11.98398   18  544   12.08972   11.98398  0.87%  9570  500s
  3904  3422   12.08302   71  511   12.08972   11.98398  0.87%  9567  509s
  3905  3422   12.00552   49  494   12.08972   11.98398  0.87%  9565  514s
  3906  3423   11.98398   58  477   12.08972   11.98398  0.87%  9562  526s
  3907  3424   12.01120   20  477   12.08972   11.98398  0.87%  9560  534s
  3908  3427   11.98398   10 2327   12.08972   11.98398  0.87%  9664  734s
  3910  3431   11.98398   11 2140   12.08972   11.98398  0.87%  9672  803s
  3914  3437   11.98398   12 2446   12.08972   11.98398  0.87%  9694  829s
  3922  3451   11.98398   13 2090   12.08972   11.98398  0.87%  9731  850s
  3938  3477   11.98398   14 2749   12.08972   11.98398  0.87%  9780  870s
  3970  3499   11.98398   15 2682   12.08972   11.98398  0.87%  9949  880s
  4002  3601   11.98398   16 2239   12.08972   11.98398  0.87% 10083  896s
  4115  3622   11.98398   18 2454   12.08972   11.98398  0.87% 10292  911s
  4174  3662   11.98398   19 2024   12.08972   11.98398  0.87% 10448  922s
  4235  3708   11.98398   20 2012   12.08972   11.98398  0.87% 10615  933s
  4302  3746   11.98398   22 2003   12.08972   11.98398  0.87% 10757  947s
  4362  3845   11.98398   23 1986   12.08972   11.98398  0.87% 10890  965s
  4483  3904   11.98398   25 2048   12.08972   11.98398  0.87% 10825  976s
  4589  3975   11.98398   27 1981   12.08972   11.98398  0.87% 10754  986s
  4700  4026   11.98398   29 2219   12.08972   11.98398  0.87% 10672  995s
  4792  4090   11.98398   30 2257   12.08972   11.98398  0.87% 10622 1005s
  4897  4145   11.98398   31 2245   12.08972   11.98398  0.87% 10538 1014s
  4993  4225   11.98398   33 2127   12.08972   11.98398  0.87% 10503 1024s
  5105  4306   11.98398   35 2140   12.08972   11.98398  0.87% 10422 1032s
  5236  4359   11.98398   37 2288   12.08972   11.98398  0.87% 10334 1042s
  5350  4442   11.98398   37 2163   12.08972   11.98398  0.87% 10294 1053s
  5499  4520   11.98398   40 2115   12.08972   11.98398  0.87% 10166 1061s
  5644  4612   11.98398   43 1994   12.08972   11.98398  0.87% 10076 1070s
  5813  4660   12.03193   48 1722   12.08972   11.98398  0.87%  9972 1083s
  5963  4740   11.98794   52 1977   12.08972   11.98398  0.87%  9900 1093s
  6105  4857   11.99568   55 1965   12.08972   11.98398  0.87%  9838 1103s
  6281  4947   11.99417   62 1981   12.08972   11.98398  0.87%  9726 1116s
  6443  5069   11.99917   67 1904   12.08972   11.98398  0.87%  9649 1125s
  6632  5173   12.00522   71 1971   12.08972   11.98398  0.87%  9534 1138s
  6822  5325   11.98524   74 2149   12.08972   11.98398  0.87%  9452 1147s
  7043  5436   11.98918   78 2070   12.08972   11.98398  0.87%  9328 1160s
  7254  5578   11.99394   81 2052   12.08972   11.98398  0.87%  9235 1173s
  7497  5698   12.00475   87 1949   12.08972   11.98398  0.87%  9125 1186s
  7737  5820   12.00923   95 1982   12.08972   11.98398  0.87%  9044 1198s
  7972  5883   12.01438  101 1998   12.08972   11.98398  0.87%  8966 1213s
  8149  6060   12.02011  105 1975   12.08972   11.98398  0.87%  8931 1226s
  8433  6217   12.03034  114 1982   12.08972   11.98398  0.87%  8831 1241s
  8742  6353   12.04933  120 2035   12.08972   11.98398  0.87%  8713 1255s
  9024  6526   12.04892  127 1997   12.08972   11.98398  0.87%  8628 1271s
  9347  6695   12.05644  134 2015   12.08972   11.98398  0.87%  8541 1287s
  9660  6823   12.05658  136 1990   12.08972   11.98398  0.87%  8483 1301s
  9974  6909   12.05983  143 2005   12.08972   11.98398  0.87%  8446 1318s
 10203  7067   12.06292  145 2111   12.08972   11.98398  0.87%  8410 1334s
 10545  7200     cutoff  145        12.08972   11.98398  0.87%  8373 1360s
 10941  7422   11.98398   76 2789   12.08972   11.98398  0.87%  8300 1376s
 11396  7647   12.00150   94 2394   12.08972   11.98398  0.87%  8185 1391s
 11863  7815   12.07523  131 1957   12.08972   11.98398  0.87%  8086 1413s
 12325  8045   12.05877  142 2377   12.08972   11.98398  0.87%  8023 1432s
 12837  8236   12.08184  148 2361   12.08972   11.98398  0.87%  7952 1453s
H13333  8016                      12.0897165   11.98398  0.87%  7907 1469s
 13496  8364   11.98398   34 1504   12.08972   11.98398  0.87%  7883 1498s
 14087  8478   11.98398   59 1529   12.08972   11.98398  0.87%  7801 1517s
H14090  8252                      12.0864915   11.98398  0.85%  7800 1517s
H14117  7080                      12.0745680   11.98398  0.75%  7794 1517s
H14212  2990                      12.0118328   11.98398  0.23%  7778 1517s

Cutting planes:
  Learned: 87
  Gomory: 44
  Cover: 384
  Implied bound: 129
  Projected implied bound: 192
  MIR: 219
  Flow cover: 947
  GUB cover: 7
  RLT: 1957
  Relax-and-lift: 142
  PSD: 11

Explored 14278 nodes (111320249 simplex iterations) in 1517.93 seconds (3226.42 work units)
Thread count was 32 (of 104 available processors)

Solution count 5: 12.0118 12.0746 12.0865 ... 12.0897

Optimal solution found (tolerance 5.00e-03)
Best objective 1.201183275132e+01, best bound 1.198397937373e+01, gap 0.2319%
m.flow_changes_penalty(): 0.0
Total operational cost: 120118.33
Maximum power (kW): 1102.32
Discharge energy capacity (kWh): 0.00
Charge energy capacity (kWh): 3749.23
Levelized Cost of Flexibility ($/kWh): nan
{'fixed_demand_cost': 4933.731672426464, 'variable_demand_cost': 9100.433847132079, 'fixed_monthly_cost': 171938.17204301074, 'total_water_production': 282179.75538363075, 'total_energy_cost': 20639.44264824118, 'total_demand_cost': 14034.165519558543, 'total_customer_cost': 0.0, 'total_feed_cost': 50843.24563375046, 'total_brine_cost': 15303.927825743001, 'total_chemical_cost': 19297.545885895714, 'total_water_revenue': 0.0, 'total_demand_response_revenue': -0.0, 'total_emissions_cost': 0.0, 'total_op_cost': 120118.3275131889, 'fixed_cost': 121551.98252688172, 'total_cost': 241670.31004007062, 'LCOW': 0.8564409934777693, 'degree_of_flex': 0.0, 'total_replacement_cost': 992.3107078853046, 'maximum_power': 1102.317841033715, 'energy_capacity': 0.0, 'power_capacity': nan, 'round_trip_efficiency': 0, 'LVOF': nan}
Saved operation variable results to: /home/rchurchi/watertap_test/watertap/tutorials/flex_ro/wrd_result_summer_both_2_flexible_trains.csv
2026-05-29 15:52:26 [INFO] idaes.core.surrogate.pysmo_surrogate: Decode surrogate. type=poly

===========================Polynomial Regression===============================================

The number of cross-validation cases (3) is used.
The default training/cross-validation split of 0.75 is used.
No iterations will be run.
Default parameter estimation method is used.
Parameter estimation method:  pyomo 

2026-05-29 15:52:26 [INFO] idaes.core.surrogate.pysmo_surrogate: Decode surrogate. type=poly

===========================Polynomial Regression===============================================

The number of cross-validation cases (3) is used.
The default training/cross-validation split of 0.75 is used.
No iterations will be run.
Default parameter estimation method is used.
Parameter estimation method:  pyomo 

2026-05-29 15:52:26 [INFO] idaes.core.surrogate.pysmo_surrogate: Decode surrogate. type=poly

===========================Polynomial Regression===============================================

The number of cross-validation cases (3) is used.
The default training/cross-validation split of 0.75 is used.
No iterations will be run.
Default parameter estimation method is used.
Parameter estimation method:  pyomo 

2026-05-29 15:52:26 [INFO] idaes.core.surrogate.pysmo_surrogate: Decode surrogate. type=poly

===========================Polynomial Regression===============================================

The number of cross-validation cases (3) is used.
The default training/cross-validation split of 0.75 is used.
No iterations will be run.
Default parameter estimation method is used.
Parameter estimation method:  pyomo 

2026-05-29 15:52:27 [INFO] idaes.apps.grid_integration.pricetaker.price_taker_model: Found minimum uptime/downtime data for pretreatment.uf_pumps[1] - Adding minimum uptime/downtime constraints.
2026-05-29 15:52:27 [INFO] idaes.apps.grid_integration.pricetaker.price_taker_model: Created startup/shutdown constraints for operation model  pretreatment.uf_pumps[1] at uf_pumps_1_startup_shutdown.
2026-05-29 15:52:27 [INFO] idaes.apps.grid_integration.pricetaker.price_taker_model: Found minimum uptime/downtime data for pretreatment.uf_pumps[2] - Adding minimum uptime/downtime constraints.
2026-05-29 15:52:28 [INFO] idaes.apps.grid_integration.pricetaker.price_taker_model: Created startup/shutdown constraints for operation model  pretreatment.uf_pumps[2] at uf_pumps_2_startup_shutdown.
2026-05-29 15:52:28 [INFO] idaes.apps.grid_integration.pricetaker.price_taker_model: Found minimum uptime/downtime data for pretreatment.uf_pumps[3] - Adding minimum uptime/downtime constraints.
2026-05-29 15:52:28 [INFO] idaes.apps.grid_integration.pricetaker.price_taker_model: Created startup/shutdown constraints for operation model  pretreatment.uf_pumps[3] at uf_pumps_3_startup_shutdown.
2026-05-29 15:52:28 [INFO] idaes.apps.grid_integration.pricetaker.price_taker_model: Found minimum uptime/downtime data for reverse_osmosis.ro_skid[1] - Adding minimum uptime/downtime constraints.
2026-05-29 15:52:28 [INFO] idaes.apps.grid_integration.pricetaker.price_taker_model: Created startup/shutdown constraints for operation model  reverse_osmosis.ro_skid[1] at ro_skid_1_startup_shutdown.
2026-05-29 15:52:28 [INFO] idaes.apps.grid_integration.pricetaker.price_taker_model: Found minimum uptime/downtime data for reverse_osmosis.ro_skid[2] - Adding minimum uptime/downtime constraints.
2026-05-29 15:52:28 [INFO] idaes.apps.grid_integration.pricetaker.price_taker_model: Created startup/shutdown constraints for operation model  reverse_osmosis.ro_skid[2] at ro_skid_2_startup_shutdown.
2026-05-29 15:52:28 [INFO] idaes.apps.grid_integration.pricetaker.price_taker_model: Found minimum uptime/downtime data for reverse_osmosis.ro_skid[3] - Adding minimum uptime/downtime constraints.
2026-05-29 15:52:28 [INFO] idaes.apps.grid_integration.pricetaker.price_taker_model: Created startup/shutdown constraints for operation model  reverse_osmosis.ro_skid[3] at ro_skid_3_startup_shutdown.
2026-05-29 15:52:28 [INFO] idaes.apps.grid_integration.pricetaker.price_taker_model: Found minimum uptime/downtime data for reverse_osmosis.ro_skid[4] - Adding minimum uptime/downtime constraints.
2026-05-29 15:52:28 [INFO] idaes.apps.grid_integration.pricetaker.price_taker_model: Created startup/shutdown constraints for operation model  reverse_osmosis.ro_skid[4] at ro_skid_4_startup_shutdown.
3020
Set parameter LogToConsole to value 1
Set parameter MIPGap to value 0.005
Gurobi Optimizer version 12.0.3 build v12.0.3rc0 (linux64 - "Red Hat Enterprise Linux 8.8 (Ootpa)")

CPU model: Intel(R) Xeon(R) Platinum 8470QL, instruction set [SSE2|AVX|AVX2|AVX512]
Thread count: 104 physical cores, 104 logical processors, using up to 32 threads

Non-default parameters:
MIPGap  0.005

Optimize a model with 17951 rows, 15123 columns and 45651 nonzeros
Model fingerprint: 0xf2a313da
Model has 168 quadratic objective terms
Model has 2352 quadratic constraints
Variable types: 10587 continuous, 4536 integer (4536 binary)
Coefficient statistics:
  Matrix range     [3e-02, 2e+03]
  QMatrix range    [2e-07, 1e+00]
  QLMatrix range   [1e-04, 1e+00]
  Objective range  [7e-06, 5e-03]
  QObjective range [2e-04, 2e-04]
  Bounds range     [1e+00, 1e+03]
  RHS range        [1e+00, 3e+05]
  QRHS range       [2e-01, 3e-01]
Presolve removed 11744 rows and 9246 columns
Presolve time: 0.14s
Presolved: 14439 rows, 5878 columns, 38351 nonzeros
Presolved model has 2352 bilinear constraint(s)

Solving non-convex MIQCP

Variable types: 3734 continuous, 2144 integer (2144 binary)
Found heuristic solution: objective 11.1737918

Root relaxation: objective 1.040329e+01, 25435 iterations, 4.15 seconds (6.59 work units)

    Nodes    |    Current Node    |     Objective Bounds      |     Work
 Expl Unexpl |  Obj  Depth IntInf | Incumbent    BestBd   Gap | It/Node Time

     0     0   10.40329    0 2016   11.17379   10.40329  6.90%     -    4s
     0     0   10.94390    0 1768   11.17379   10.94390  2.06%     -    6s
     0     0   10.97574    0 2126   11.17379   10.97574  1.77%     -    7s
     0     0   10.99990    0 2212   11.17379   10.99990  1.56%     -    8s
     0     0   11.00150    0 2240   11.17379   11.00150  1.54%     -    9s
     0     0   11.00431    0 2205   11.17379   11.00431  1.52%     -   10s
     0     0   11.04711    0 2227   11.17379   11.04711  1.13%     -   12s
     0     0   11.04972    0 2527   11.17379   11.04972  1.11%     -   12s
     0     0   11.04972    0 2528   11.17379   11.04972  1.11%     -   12s
     0     0   11.06406    0 2524   11.17379   11.06406  0.98%     -   13s
     0     0   11.06413    0 2191   11.17379   11.06413  0.98%     -   13s
     0     0   11.06413    0 2495   11.17379   11.06413  0.98%     -   14s
     0     0   11.06413    0 2493   11.17379   11.06413  0.98%     -   14s
     0     0   11.06413    0 2494   11.17379   11.06413  0.98%     -   14s
     0     0   11.06415    0 2193   11.17379   11.06415  0.98%     -   14s
H    0     0                      11.1141355   11.06415  0.45%     -   15s

Cutting planes:
  Learned: 2
  Cover: 14
  Implied bound: 628
  MIR: 53
  Flow cover: 360
  Network: 1
  RLT: 721

Explored 1 nodes (60601 simplex iterations) in 15.89 seconds (25.71 work units)
Thread count was 32 (of 104 available processors)

Solution count 2: 11.1141 11.1738 

Optimal solution found (tolerance 5.00e-03)
Best objective 1.111413548688e+01, best bound 1.106415483574e+01, gap 0.4497%
m.flow_changes_penalty(): 0.0
Total operational cost: 111141.35
Maximum power (kW): 1101.51
Discharge energy capacity (kWh): 0.00
Charge energy capacity (kWh): 3613.97
Levelized Cost of Flexibility ($/kWh): nan
{'fixed_demand_cost': 4851.0043304546125, 'variable_demand_cost': 2605.9931520376276, 'fixed_monthly_cost': 171938.17204301074, 'total_water_production': 282179.67123287637, 'total_energy_cost': 18239.84450516925, 'total_demand_cost': 7456.99748249224, 'total_customer_cost': 0.0, 'total_feed_cost': 50843.18400592376, 'total_brine_cost': 15303.79838578302, 'total_chemical_cost': 19297.530489448436, 'total_water_revenue': 0.0, 'total_demand_response_revenue': -0.0, 'total_emissions_cost': 0.0, 'total_op_cost': 111141.3548688167, 'fixed_cost': 121551.98252688172, 'total_cost': 232693.3373956984, 'LCOW': 0.8246282816158715, 'degree_of_flex': 0.0, 'total_replacement_cost': 992.3107078853046, 'maximum_power': 1101.5117232998643, 'energy_capacity': 0.0, 'power_capacity': nan, 'round_trip_efficiency': 0, 'LVOF': nan}
Saved operation variable results to: /home/rchurchi/watertap_test/watertap/tutorials/flex_ro/wrd_result_winter_flow_2_flexible_trains.csv
2026-05-29 15:52:47 [INFO] idaes.core.surrogate.pysmo_surrogate: Decode surrogate. type=poly

===========================Polynomial Regression===============================================

The number of cross-validation cases (3) is used.
The default training/cross-validation split of 0.75 is used.
No iterations will be run.
Default parameter estimation method is used.
Parameter estimation method:  pyomo 

2026-05-29 15:52:47 [INFO] idaes.core.surrogate.pysmo_surrogate: Decode surrogate. type=poly

===========================Polynomial Regression===============================================

The number of cross-validation cases (3) is used.
The default training/cross-validation split of 0.75 is used.
No iterations will be run.
Default parameter estimation method is used.
Parameter estimation method:  pyomo 

2026-05-29 15:52:47 [INFO] idaes.core.surrogate.pysmo_surrogate: Decode surrogate. type=poly

===========================Polynomial Regression===============================================

The number of cross-validation cases (3) is used.
The default training/cross-validation split of 0.75 is used.
No iterations will be run.
Default parameter estimation method is used.
Parameter estimation method:  pyomo 

2026-05-29 15:52:47 [INFO] idaes.core.surrogate.pysmo_surrogate: Decode surrogate. type=poly

===========================Polynomial Regression===============================================

The number of cross-validation cases (3) is used.
The default training/cross-validation split of 0.75 is used.
No iterations will be run.
Default parameter estimation method is used.
Parameter estimation method:  pyomo 

2026-05-29 15:52:49 [INFO] idaes.apps.grid_integration.pricetaker.price_taker_model: Found minimum uptime/downtime data for pretreatment.uf_pumps[1] - Adding minimum uptime/downtime constraints.
2026-05-29 15:52:49 [INFO] idaes.apps.grid_integration.pricetaker.price_taker_model: Created startup/shutdown constraints for operation model  pretreatment.uf_pumps[1] at uf_pumps_1_startup_shutdown.
2026-05-29 15:52:49 [INFO] idaes.apps.grid_integration.pricetaker.price_taker_model: Found minimum uptime/downtime data for pretreatment.uf_pumps[2] - Adding minimum uptime/downtime constraints.
2026-05-29 15:52:49 [INFO] idaes.apps.grid_integration.pricetaker.price_taker_model: Created startup/shutdown constraints for operation model  pretreatment.uf_pumps[2] at uf_pumps_2_startup_shutdown.
2026-05-29 15:52:49 [INFO] idaes.apps.grid_integration.pricetaker.price_taker_model: Found minimum uptime/downtime data for pretreatment.uf_pumps[3] - Adding minimum uptime/downtime constraints.
2026-05-29 15:52:49 [INFO] idaes.apps.grid_integration.pricetaker.price_taker_model: Created startup/shutdown constraints for operation model  pretreatment.uf_pumps[3] at uf_pumps_3_startup_shutdown.
2026-05-29 15:52:49 [INFO] idaes.apps.grid_integration.pricetaker.price_taker_model: Found minimum uptime/downtime data for reverse_osmosis.ro_skid[1] - Adding minimum uptime/downtime constraints.
2026-05-29 15:52:49 [INFO] idaes.apps.grid_integration.pricetaker.price_taker_model: Created startup/shutdown constraints for operation model  reverse_osmosis.ro_skid[1] at ro_skid_1_startup_shutdown.
2026-05-29 15:52:49 [INFO] idaes.apps.grid_integration.pricetaker.price_taker_model: Found minimum uptime/downtime data for reverse_osmosis.ro_skid[2] - Adding minimum uptime/downtime constraints.
2026-05-29 15:52:49 [INFO] idaes.apps.grid_integration.pricetaker.price_taker_model: Created startup/shutdown constraints for operation model  reverse_osmosis.ro_skid[2] at ro_skid_2_startup_shutdown.
2026-05-29 15:52:49 [INFO] idaes.apps.grid_integration.pricetaker.price_taker_model: Found minimum uptime/downtime data for reverse_osmosis.ro_skid[3] - Adding minimum uptime/downtime constraints.
2026-05-29 15:52:49 [INFO] idaes.apps.grid_integration.pricetaker.price_taker_model: Created startup/shutdown constraints for operation model  reverse_osmosis.ro_skid[3] at ro_skid_3_startup_shutdown.
2026-05-29 15:52:49 [INFO] idaes.apps.grid_integration.pricetaker.price_taker_model: Found minimum uptime/downtime data for reverse_osmosis.ro_skid[4] - Adding minimum uptime/downtime constraints.
2026-05-29 15:52:49 [INFO] idaes.apps.grid_integration.pricetaker.price_taker_model: Created startup/shutdown constraints for operation model  reverse_osmosis.ro_skid[4] at ro_skid_4_startup_shutdown.
3692
Set parameter LogToConsole to value 1
Set parameter MIPGap to value 0.005
Gurobi Optimizer version 12.0.3 build v12.0.3rc0 (linux64 - "Red Hat Enterprise Linux 8.8 (Ootpa)")

CPU model: Intel(R) Xeon(R) Platinum 8470QL, instruction set [SSE2|AVX|AVX2|AVX512]
Thread count: 104 physical cores, 104 logical processors, using up to 32 threads

Non-default parameters:
MIPGap  0.005

Optimize a model with 16607 rows, 15795 columns and 42963 nonzeros
Model fingerprint: 0x99a18098
Model has 168 quadratic objective terms
Model has 3696 quadratic constraints
Variable types: 11259 continuous, 4536 integer (4536 binary)
Coefficient statistics:
  Matrix range     [3e-02, 2e+03]
  QMatrix range    [2e-07, 1e+00]
  QLMatrix range   [1e-04, 4e+01]
  Objective range  [7e-06, 5e-03]
  QObjective range [2e-04, 2e-04]
  Bounds range     [9e-01, 1e+03]
  RHS range        [1e+00, 3e+05]
  QRHS range       [3e-01, 1e+00]
Presolve removed 9707 rows and 8565 columns
Presolve time: 0.12s
Presolved: 20508 rows, 8575 columns, 54890 nonzeros
Presolved model has 3696 bilinear constraint(s)

Solving non-convex MIQCP

Variable types: 6422 continuous, 2153 integer (2153 binary)
Found heuristic solution: objective 11.1737925

Root relaxation: objective 1.023866e+01, 31483 iterations, 1.75 seconds (3.01 work units)

    Nodes    |    Current Node    |     Objective Bounds      |     Work
 Expl Unexpl |  Obj  Depth IntInf | Incumbent    BestBd   Gap | It/Node Time

     0     0   10.23866    0 4028   11.17379   10.23866  8.37%     -    2s
     0     0   10.85034    0 3348   11.17379   10.85034  2.89%     -   11s
     0     0   10.87335    0 3416   11.17379   10.87335  2.69%     -   16s
     0     0   11.06117    0 2811   11.17379   11.06117  1.01%     -   28s
H    0     0                      11.1737923   11.06117  1.01%     -   28s
     0     0          -    0        11.17379   11.11839  0.50%     -   28s

Cutting planes:
  Learned: 145
  Gomory: 33
  Cover: 31
  Implied bound: 181
  MIR: 9
  Flow cover: 248
  RLT: 1561
  Relax-and-lift: 36
  PSD: 150

Explored 1 nodes (185073 simplex iterations) in 28.46 seconds (45.31 work units)
Thread count was 32 (of 104 available processors)

Solution count 1: 11.1738 

Optimal solution found (tolerance 5.00e-03)
Best objective 1.117379228784e+01, best bound 1.111838544151e+01, gap 0.4959%
m.flow_changes_penalty(): 0.0
Total operational cost: 111737.92
Maximum power (kW): 1127.08
Discharge energy capacity (kWh): 0.00
Charge energy capacity (kWh): 7910.08
Levelized Cost of Flexibility ($/kWh): nan
{'fixed_demand_cost': 4963.622507749107, 'variable_demand_cost': 2666.4924108713976, 'fixed_monthly_cost': 171938.17204301074, 'total_water_production': 282179.671254845, 'total_energy_cost': 18663.29041640464, 'total_demand_cost': 7630.114918620505, 'total_customer_cost': 0.0, 'total_feed_cost': 50843.18520515742, 'total_brine_cost': 15303.801599277655, 'total_chemical_cost': 19297.530738970356, 'total_water_revenue': 0.0, 'total_demand_response_revenue': -0.0, 'total_emissions_cost': 0.0, 'total_op_cost': 111737.92287843056, 'fixed_cost': 121551.98252688172, 'total_cost': 233289.90540531228, 'LCOW': 0.8267424239594535, 'degree_of_flex': 0.0, 'total_replacement_cost': 992.3107078853046, 'maximum_power': 1127.0837974713643, 'energy_capacity': 0.0, 'power_capacity': nan, 'round_trip_efficiency': 0, 'LVOF': nan}
Saved operation variable results to: /home/rchurchi/watertap_test/watertap/tutorials/flex_ro/wrd_result_winter_both_2_flexible_trains.csv
Saved summary results to: /home/rchurchi/watertap_test/watertap/tutorials/flex_ro/wrd_pricetaker_summary_results_20260529_155321.csv
