2026-06-08 22:03:12 [INFO] idaes.core.surrogate.pysmo_surrogate: Decode surrogate. type=poly

===========================Polynomial Regression===============================================

The number of cross-validation cases (3) is used.
The default training/cross-validation split of 0.75 is used.
No iterations will be run.
Default parameter estimation method is used.
Parameter estimation method:  pyomo 

2026-06-08 22:03:12 [INFO] idaes.core.surrogate.pysmo_surrogate: Decode surrogate. type=poly

===========================Polynomial Regression===============================================

The number of cross-validation cases (3) is used.
The default training/cross-validation split of 0.75 is used.
No iterations will be run.
Default parameter estimation method is used.
Parameter estimation method:  pyomo 

2026-06-08 22:03:12 [INFO] idaes.core.surrogate.pysmo_surrogate: Decode surrogate. type=poly

===========================Polynomial Regression===============================================

The number of cross-validation cases (3) is used.
The default training/cross-validation split of 0.75 is used.
No iterations will be run.
Default parameter estimation method is used.
Parameter estimation method:  pyomo 

2026-06-08 22:03:12 [INFO] idaes.core.surrogate.pysmo_surrogate: Decode surrogate. type=poly

===========================Polynomial Regression===============================================

The number of cross-validation cases (3) is used.
The default training/cross-validation split of 0.75 is used.
No iterations will be run.
Default parameter estimation method is used.
Parameter estimation method:  pyomo 

2026-06-08 22:03:13 [INFO] idaes.apps.grid_integration.pricetaker.price_taker_model: Found minimum uptime/downtime data for pretreatment.uf_pumps[1] - Adding minimum uptime/downtime constraints.
2026-06-08 22:03:13 [INFO] idaes.apps.grid_integration.pricetaker.price_taker_model: Created startup/shutdown constraints for operation model  pretreatment.uf_pumps[1] at uf_pumps_1_startup_shutdown.
2026-06-08 22:03:13 [INFO] idaes.apps.grid_integration.pricetaker.price_taker_model: Found minimum uptime/downtime data for pretreatment.uf_pumps[2] - Adding minimum uptime/downtime constraints.
2026-06-08 22:03:13 [INFO] idaes.apps.grid_integration.pricetaker.price_taker_model: Created startup/shutdown constraints for operation model  pretreatment.uf_pumps[2] at uf_pumps_2_startup_shutdown.
2026-06-08 22:03:13 [INFO] idaes.apps.grid_integration.pricetaker.price_taker_model: Found minimum uptime/downtime data for pretreatment.uf_pumps[3] - Adding minimum uptime/downtime constraints.
2026-06-08 22:03:13 [INFO] idaes.apps.grid_integration.pricetaker.price_taker_model: Created startup/shutdown constraints for operation model  pretreatment.uf_pumps[3] at uf_pumps_3_startup_shutdown.
2026-06-08 22:03:13 [INFO] idaes.apps.grid_integration.pricetaker.price_taker_model: Found minimum uptime/downtime data for reverse_osmosis.ro_skid[1] - Adding minimum uptime/downtime constraints.
2026-06-08 22:03:13 [INFO] idaes.apps.grid_integration.pricetaker.price_taker_model: Created startup/shutdown constraints for operation model  reverse_osmosis.ro_skid[1] at ro_skid_1_startup_shutdown.
2026-06-08 22:03:13 [INFO] idaes.apps.grid_integration.pricetaker.price_taker_model: Found minimum uptime/downtime data for reverse_osmosis.ro_skid[2] - Adding minimum uptime/downtime constraints.
2026-06-08 22:03:13 [INFO] idaes.apps.grid_integration.pricetaker.price_taker_model: Created startup/shutdown constraints for operation model  reverse_osmosis.ro_skid[2] at ro_skid_2_startup_shutdown.
2026-06-08 22:03:13 [INFO] idaes.apps.grid_integration.pricetaker.price_taker_model: Found minimum uptime/downtime data for reverse_osmosis.ro_skid[3] - Adding minimum uptime/downtime constraints.
2026-06-08 22:03:13 [INFO] idaes.apps.grid_integration.pricetaker.price_taker_model: Created startup/shutdown constraints for operation model  reverse_osmosis.ro_skid[3] at ro_skid_3_startup_shutdown.
2026-06-08 22:03:13 [INFO] idaes.apps.grid_integration.pricetaker.price_taker_model: Found minimum uptime/downtime data for reverse_osmosis.ro_skid[4] - Adding minimum uptime/downtime constraints.
2026-06-08 22:03:13 [INFO] idaes.apps.grid_integration.pricetaker.price_taker_model: Created startup/shutdown constraints for operation model  reverse_osmosis.ro_skid[4] at ro_skid_4_startup_shutdown.
2926
Set parameter TokenServer to value "10.60.1.73"
Set parameter LogToConsole to value 1
Set parameter MIPGap to value 0.005
Gurobi Optimizer version 12.0.3 build v12.0.3rc0 (linux64 - "Red Hat Enterprise Linux 8.8 (Ootpa)")

CPU model: Intel(R) Xeon(R) Platinum 8470QL, instruction set [SSE2|AVX|AVX2|AVX512]
Thread count: 104 physical cores, 104 logical processors, using up to 32 threads

Non-default parameters:
MIPGap  0.005

Optimize a model with 18623 rows, 15029 columns and 46253 nonzeros
Model fingerprint: 0xb1e19e8e
Model has 168 quadratic objective terms
Model has 1680 quadratic constraints
Variable types: 10587 continuous, 4442 integer (4442 binary)
Coefficient statistics:
  Matrix range     [5e-04, 2e+03]
  QMatrix range    [2e-07, 1e+00]
  QLMatrix range   [3e-04, 1e+00]
  Objective range  [1e-05, 5e-03]
  QObjective range [2e-04, 2e-04]
  Bounds range     [1e+00, 1e+03]
  RHS range        [9e-02, 3e+05]
  QRHS range       [3e-01, 3e-01]
Presolve removed 11983 rows and 9301 columns
Presolve time: 0.08s
Presolved: 12776 rows, 5729 columns, 34814 nonzeros
Presolved model has 1660 bilinear constraint(s)

Solving non-convex MIQCP

Variable types: 3664 continuous, 2065 integer (2065 binary)
Found heuristic solution: objective 12.0903182

Root relaxation: objective 1.090338e+01, 18899 iterations, 3.01 seconds (4.52 work units)

    Nodes    |    Current Node    |     Objective Bounds      |     Work
 Expl Unexpl |  Obj  Depth IntInf | Incumbent    BestBd   Gap | It/Node Time

     0     0   10.90338    0 1701   12.09032   10.90338  9.82%     -    3s
     0     0   11.59591    0 1735   12.09032   11.59591  4.09%     -    4s
     0     0   11.65991    0 1700   12.09032   11.65991  3.56%     -    5s
     0     0   11.67497    0 1645   12.09032   11.67497  3.44%     -    5s
H    0     0                      12.0903180   11.67505  3.43%     -    5s
     0     0   11.67549    0 1677   12.09032   11.67549  3.43%     -    5s
     0     0   11.68437    0 1850   12.09032   11.68437  3.36%     -    6s
     0     0   11.68796    0 1847   12.09032   11.68796  3.33%     -    6s
     0     0   11.68929    0 1721   12.09032   11.68929  3.32%     -    6s
     0     0   11.68949    0 1716   12.09032   11.68949  3.32%     -    6s
     0     0   11.68981    0 1700   12.09032   11.68981  3.31%     -    6s
     0     0   11.68994    0 1708   12.09032   11.68994  3.31%     -    6s
     0     0   11.69021    0 1700   12.09032   11.69021  3.31%     -    7s
     0     0   11.72380    0 1591   12.09032   11.72380  3.03%     -    8s
     0     2   11.72380    0 1591   12.09032   11.72380  3.03%     -    8s
    15    32   11.73317    4 1581   12.09032   11.72762  3.00%   641   10s
   562   651   11.74754   12 1396   12.09032   11.73234  2.96%   422   15s
  1853  1994   11.86562   34 1179   12.09032   11.73234  2.96%   259   20s
  3338  3421   11.80089   45 1348   12.09032   11.73234  2.96%   246   25s
  4770  4804   11.84284   58 1908   12.09032   11.73255  2.96%   259   30s
  7165  7399   11.88639  109 1209   12.09032   11.73505  2.94%   244   35s
H 8389  6968                      11.9877576   11.73505  2.11%   232   37s
 11058  9474   11.97437  198 1058   11.98776   11.73676  2.09%   215   58s
H11528  8873                      11.9679133   11.73676  1.93%   215   58s
H11619  7891                      11.9490443   11.73676  1.78%   216   61s
 11620  7816   11.93024  115  416   11.94904   11.73676  1.78%   216   66s
 11622  7817   11.87918   62  503   11.94904   11.73676  1.78%   216   71s
 11626  7820   11.93849   94  507   11.94904   11.75363  1.64%   216   75s
 11636  7827   11.87862   55  580   11.94904   11.75972  1.58%   215   80s
 11644  7832   11.91152  148  564   11.94904   11.76711  1.52%   215   85s
 11661  7843   11.93376  193  568   11.94904   11.76919  1.51%   215   90s
 11662  7844   11.88275  148  567   11.94904   11.76919  1.51%   215   95s
 11664  7848   11.76996   10 1580   11.94904   11.76919  1.51%   219  128s
 11670  7858   11.77601   12 1517   11.94904   11.77356  1.47%   220  130s
H11695  7505                      11.9390443   11.77922  1.34%   224  132s
 11758  7608   11.78487   16 1432   11.93904   11.78170  1.32%   232  135s
 12142  7836   11.89904   19 1280   11.93904   11.78170  1.32%   248  141s
 12274  7913   11.89471   20 1228   11.93904   11.78170  1.32%   251  145s
 12493  8020   11.80673   22 1701   11.93904   11.78170  1.32%   253  150s
H12728  7741                      11.9388831   11.78246  1.31%   257  153s
H12731  7386                      11.9360346   11.78246  1.29%   257  153s
H12753  7041                      11.9360242   11.78246  1.29%   257  153s
H12811  6774                      11.9359317   11.78246  1.29%   258  154s
 12873  6827   11.91046   24 1275   11.93593   11.78246  1.29%   259  155s
 13185  6997   11.81854   26 1836   11.93593   11.78246  1.29%   261  160s
H13526  6781                      11.9359316   11.81868  0.98%   267  163s
 13921  7166   11.92223   30 1184   11.93593   11.82277  0.95%   274  165s
H14593  7118                      11.9358808   11.82277  0.95%   281  169s
H14595  6842                      11.9358763   11.82277  0.95%   281  169s
H14668  6558                      11.9358662   11.82277  0.95%   282  169s
H14678  6307                      11.9358661   11.82277  0.95%   283  169s
 14711  6449   11.92543   33 1167   11.93587   11.82277  0.95%   284  170s
 15753  6891   11.83629   38 1751   11.93587   11.82293  0.95%   304  177s
H15770  6651                      11.9358661   11.82293  0.95%   305  177s
H15872  6393                      11.9358661   11.82397  0.94%   309  177s
 16129  6646   11.84546   40 1797   11.93587   11.82397  0.94%   315  180s
 16911  6801   11.84021   44 1726   11.93587   11.83211  0.87%   332  185s
H16961  6358                      11.9308483   11.83211  0.83%   335  185s
H16967  6126                      11.9304492   11.83211  0.82%   335  185s
 17265  6335   11.84319   45 1735   11.93045   11.83243  0.82%   341  190s
 17983  6701   11.92388   48 1122   11.93045   11.83243  0.82%   357  198s
 18265  6821   11.85597   49 1732   11.93045   11.83243  0.82%   360  200s
 19014  6945   11.85825   52 1626   11.93045   11.83243  0.82%   371  205s
 19703  7244   11.86225   56 1614   11.93045   11.83243  0.82%   384  210s
 20549  7618   11.86650   61 1264   11.93045   11.83243  0.82%   396  215s
 21364  7938     cutoff   65        11.93045   11.83243  0.82%   404  220s
 21954  8115   11.87154   68 1386   11.93045   11.83243  0.82%   407  225s
H22503  7817                      11.9304485   11.84170  0.74%   413  227s
H22622  7399                      11.9273127   11.84383  0.70%   415  227s
H22642  6852                      11.9250694   11.84383  0.68%   416  227s
 22658  7009   11.87291   72 1393   11.92507   11.84383  0.68%   416  232s
 23066  7514   11.87504   77 1285   11.92507   11.85187  0.61%   424  235s
H23155  7514                      11.9250694   11.85187  0.61%   424  235s
H23223  7514                      11.9250694   11.85187  0.61%   425  235s
H23388  7514                      11.9250693   11.85187  0.61%   427  235s
 24516  8546   11.87627   83 1235   11.92507   11.85187  0.61%   428  242s
 25190  9084   11.87675   87 1254   11.92507   11.85187  0.61%   432  245s
 26140 10075     cutoff   95        11.92507   11.85187  0.61%   438  253s
 27211 10630   11.88006  101 1142   11.92507   11.85187  0.61%   435  256s
 28003 11052   11.88143  106 1111   11.92507   11.85187  0.61%   433  260s

Cutting planes:
  Learned: 60
  Gomory: 29
  Cover: 136
  Implied bound: 335
  Projected implied bound: 6
  MIR: 146
  Mixing: 3
  Flow cover: 556
  GUB cover: 4
  Zero half: 2
  RLT: 1367
  Relax-and-lift: 193
  BQP: 6

Explored 28728 nodes (12661826 simplex iterations) in 260.33 seconds (537.26 work units)
Thread count was 32 (of 104 available processors)

Solution count 10: 11.9251 11.9273 11.9304 ... 11.9359

Optimal solution found (tolerance 5.00e-03)
Best objective 1.192506930426e+01, best bound 1.186847298206e+01, gap 0.4746%
m.flow_changes_penalty(): 950.0
Total operational cost: 118300.69
Maximum power (kW): 1463.06
Discharge energy capacity (kWh): 20750.48
Charge energy capacity (kWh): 16467.17
Levelized Cost of Flexibility ($/kWh): 0.87
{'fixed_demand_cost': 6548.355061376101, 'variable_demand_cost': 6018.584499735446, 'fixed_monthly_cost': 171938.17204301074, 'total_water_production': 282179.67123287637, 'total_energy_cost': 20289.240600353096, 'total_demand_cost': 12566.939561111547, 'total_customer_cost': 0.0, 'total_feed_cost': 50843.18400592372, 'total_brine_cost': 15303.798385782862, 'total_chemical_cost': 19297.530489448265, 'total_water_revenue': 0.0, 'total_demand_response_revenue': 0.0, 'total_emissions_cost': 0.0, 'total_op_cost': 118300.69304261949, 'fixed_cost': 121551.98252688172, 'total_cost': 239852.6755695012, 'LCOW': 0.8499998406035293, 'degree_of_flex': 0.0718562874251497, 'total_replacement_cost': 999.4926912958135, 'maximum_power': 1463.0646927800835, 'energy_capacity': 20750.479047875353, 'power_capacity': 174.3737735115576, 'round_trip_efficiency': 0, 'LVOF': 0.8671757643915029}
Saved operation variable results to: /home/rchurchi/watertap_test/watertap/tutorials/flex_ro/wrd_result_summer_no_flex_2_flexible_trains.csv
2026-06-08 22:07:37 [INFO] idaes.core.surrogate.pysmo_surrogate: Decode surrogate. type=poly

===========================Polynomial Regression===============================================

The number of cross-validation cases (3) is used.
The default training/cross-validation split of 0.75 is used.
No iterations will be run.
Default parameter estimation method is used.
Parameter estimation method:  pyomo 

2026-06-08 22:07:37 [INFO] idaes.core.surrogate.pysmo_surrogate: Decode surrogate. type=poly

===========================Polynomial Regression===============================================

The number of cross-validation cases (3) is used.
The default training/cross-validation split of 0.75 is used.
No iterations will be run.
Default parameter estimation method is used.
Parameter estimation method:  pyomo 

2026-06-08 22:07:37 [INFO] idaes.core.surrogate.pysmo_surrogate: Decode surrogate. type=poly

===========================Polynomial Regression===============================================

The number of cross-validation cases (3) is used.
The default training/cross-validation split of 0.75 is used.
No iterations will be run.
Default parameter estimation method is used.
Parameter estimation method:  pyomo 

2026-06-08 22:07:37 [INFO] idaes.core.surrogate.pysmo_surrogate: Decode surrogate. type=poly

===========================Polynomial Regression===============================================

The number of cross-validation cases (3) is used.
The default training/cross-validation split of 0.75 is used.
No iterations will be run.
Default parameter estimation method is used.
Parameter estimation method:  pyomo 

2026-06-08 22:07:39 [INFO] idaes.apps.grid_integration.pricetaker.price_taker_model: Found minimum uptime/downtime data for pretreatment.uf_pumps[1] - Adding minimum uptime/downtime constraints.
2026-06-08 22:07:39 [INFO] idaes.apps.grid_integration.pricetaker.price_taker_model: Created startup/shutdown constraints for operation model  pretreatment.uf_pumps[1] at uf_pumps_1_startup_shutdown.
2026-06-08 22:07:39 [INFO] idaes.apps.grid_integration.pricetaker.price_taker_model: Found minimum uptime/downtime data for pretreatment.uf_pumps[2] - Adding minimum uptime/downtime constraints.
2026-06-08 22:07:39 [INFO] idaes.apps.grid_integration.pricetaker.price_taker_model: Created startup/shutdown constraints for operation model  pretreatment.uf_pumps[2] at uf_pumps_2_startup_shutdown.
2026-06-08 22:07:39 [INFO] idaes.apps.grid_integration.pricetaker.price_taker_model: Found minimum uptime/downtime data for pretreatment.uf_pumps[3] - Adding minimum uptime/downtime constraints.
2026-06-08 22:07:39 [INFO] idaes.apps.grid_integration.pricetaker.price_taker_model: Created startup/shutdown constraints for operation model  pretreatment.uf_pumps[3] at uf_pumps_3_startup_shutdown.
2026-06-08 22:07:39 [INFO] idaes.apps.grid_integration.pricetaker.price_taker_model: Found minimum uptime/downtime data for reverse_osmosis.ro_skid[1] - Adding minimum uptime/downtime constraints.
2026-06-08 22:07:39 [INFO] idaes.apps.grid_integration.pricetaker.price_taker_model: Created startup/shutdown constraints for operation model  reverse_osmosis.ro_skid[1] at ro_skid_1_startup_shutdown.
2026-06-08 22:07:39 [INFO] idaes.apps.grid_integration.pricetaker.price_taker_model: Found minimum uptime/downtime data for reverse_osmosis.ro_skid[2] - Adding minimum uptime/downtime constraints.
2026-06-08 22:07:39 [INFO] idaes.apps.grid_integration.pricetaker.price_taker_model: Created startup/shutdown constraints for operation model  reverse_osmosis.ro_skid[2] at ro_skid_2_startup_shutdown.
2026-06-08 22:07:39 [INFO] idaes.apps.grid_integration.pricetaker.price_taker_model: Found minimum uptime/downtime data for reverse_osmosis.ro_skid[3] - Adding minimum uptime/downtime constraints.
2026-06-08 22:07:39 [INFO] idaes.apps.grid_integration.pricetaker.price_taker_model: Created startup/shutdown constraints for operation model  reverse_osmosis.ro_skid[3] at ro_skid_3_startup_shutdown.
2026-06-08 22:07:39 [INFO] idaes.apps.grid_integration.pricetaker.price_taker_model: Found minimum uptime/downtime data for reverse_osmosis.ro_skid[4] - Adding minimum uptime/downtime constraints.
2026-06-08 22:07:39 [INFO] idaes.apps.grid_integration.pricetaker.price_taker_model: Created startup/shutdown constraints for operation model  reverse_osmosis.ro_skid[4] at ro_skid_4_startup_shutdown.
3598
Set parameter LogToConsole to value 1
Set parameter MIPGap to value 0.005
Gurobi Optimizer version 12.0.3 build v12.0.3rc0 (linux64 - "Red Hat Enterprise Linux 8.8 (Ootpa)")

CPU model: Intel(R) Xeon(R) Platinum 8470QL, instruction set [SSE2|AVX|AVX2|AVX512]
Thread count: 104 physical cores, 104 logical processors, using up to 32 threads

Non-default parameters:
MIPGap  0.005

Optimize a model with 17951 rows, 15701 columns and 45581 nonzeros
Model fingerprint: 0xe6cd34c7
Model has 168 quadratic objective terms
Model has 2352 quadratic constraints
Variable types: 11259 continuous, 4442 integer (4442 binary)
Coefficient statistics:
  Matrix range     [5e-04, 2e+03]
  QMatrix range    [2e-07, 1e+00]
  QLMatrix range   [3e-04, 1e+00]
  Objective range  [1e-05, 5e-03]
  QObjective range [2e-04, 2e-04]
  Bounds range     [9e-01, 1e+03]
  RHS range        [5e-02, 3e+05]
  QRHS range       [3e-01, 3e-01]
Presolve removed 10679 rows and 8689 columns
Presolve time: 0.07s
Presolved: 16016 rows, 7013 columns, 44614 nonzeros
Presolved model has 2312 bilinear constraint(s)

Solving non-convex MIQCP

Variable types: 4948 continuous, 2065 integer (2065 binary)
Found heuristic solution: objective 12.0903187

Root relaxation: objective 1.087685e+01, 20651 iterations, 3.73 seconds (5.55 work units)

    Nodes    |    Current Node    |     Objective Bounds      |     Work
 Expl Unexpl |  Obj  Depth IntInf | Incumbent    BestBd   Gap | It/Node Time

     0     0   10.87685    0 2421   12.09032   10.87685  10.0%     -    4s
H    0     0                      12.0903185   10.87685  10.0%     -    4s
     0     0   11.61109    0 2544   12.09032   11.61109  3.96%     -    7s
     0     0   11.61621    0 2701   12.09032   11.61621  3.92%     -    7s
     0     0   11.64860    0 2797   12.09032   11.64860  3.65%     -    8s
     0     0   11.64945    0 2808   12.09032   11.64945  3.65%     -    9s
     0     0   11.66259    0 2760   12.09032   11.66259  3.54%     -    9s
     0     0   11.66493    0 2769   12.09032   11.66493  3.52%     -   10s
     0     0   11.66880    0 2703   12.09032   11.66880  3.49%     -   10s
     0     0   11.66929    0 2707   12.09032   11.66929  3.48%     -   11s
     0     0   11.67432    0 2666   12.09032   11.67432  3.44%     -   11s
     0     0   11.67497    0 2663   12.09032   11.67497  3.44%     -   11s
     0     0   11.67827    0 2665   12.09032   11.67827  3.41%     -   12s
     0     0   11.68038    0 2663   12.09032   11.68038  3.39%     -   12s
     0     0   11.68046    0 2658   12.09032   11.68046  3.39%     -   12s
     0     0   11.68048    0 2658   12.09032   11.68048  3.39%     -   12s
     0     0   11.68163    0 2661   12.09032   11.68163  3.38%     -   12s
     0     0   11.68463    0 2643   12.09032   11.68463  3.36%     -   13s
     0     2   11.68463    0 2643   12.09032   11.68463  3.36%     -   16s
    95   167   11.74359    7 2593   12.09032   11.69048  3.31%   566   21s
   166   243   11.75032    9 2570   12.09032   11.69048  3.31%   779   27s
   242   328   11.74582   10 2469   12.09032   11.69048  3.31%   969   31s
   438   530   11.75083   17 2437   12.09032   11.69048  3.31%  1080   37s
   529   618   11.75592   18 2497   12.09032   11.69048  3.31%  1028   41s
   617   706   11.75918   19 2496   12.09032   11.69048  3.31%  1031   45s
   914  1046   11.76449   29 2464   12.09032   11.69048  3.31%   864   50s
  1155  1288   11.77298   38 2432   12.09032   11.69048  3.31%   742   56s
  1287  1391   11.77657   41 2364   12.09032   11.69048  3.31%   718   60s
  1503  1643   11.78251   44 2391   12.09032   11.69048  3.31%   684   65s
  1858  2050   11.78976   55 2293   12.09032   11.69048  3.31%   609   71s
  2258  2466   11.79494   66 2295   12.09032   11.69048  3.31%   557   77s
  2465  2710   11.79705   72 2263   12.09032   11.69048  3.31%   537   80s
  2927  3131   11.80012   78 2292   12.09032   11.69048  3.31%   500   87s
  3359  3635   11.80553   82 2281   12.09032   11.69048  3.31%   478   92s
  3634  3884   11.81117   91 2255   12.09032   11.69048  3.31%   458   96s
  3883  4119   11.81220  113 2280   12.09032   11.69048  3.31%   450  101s
  4476  4849   11.81780  150 2236   12.09032   11.69048  3.31%   442  108s
  4850  5213   11.82503  157 2216   12.09032   11.69048  3.31%   429  112s
  5214  5567   11.83142  168 2178   12.09032   11.69048  3.31%   428  115s
  6011  6427   11.84162  208 2135   12.09032   11.69048  3.31%   427  123s
  6433  6879   11.84547  226 2054   12.09032   11.69048  3.31%   425  128s
  6893  7265   11.85541  244 2042   12.09032   11.69048  3.31%   430  131s
  7730  8242   11.87468  275 2063   12.09032   11.69048  3.31%   429  136s
  8280  8756   11.88561  295 2012   12.09032   11.69048  3.31%   420  141s
  8804  9277   11.89082  313 2014   12.09032   11.69048  3.31%   420  145s
  9818 10338   11.91552  340 1987   12.09032   11.69048  3.31%   423  152s
 10424 11011   11.93100  363 1919   12.09032   11.69048  3.31%   421  155s
 11748 12289   11.95180  425 2024   12.09032   11.69389  3.28%   406  162s
 12401 13293   11.96282  480 2022   12.09032   11.69389  3.28%   403  165s
H13406 13325                      12.0903108   11.69389  3.28%   389  167s
 13437 14398   11.99048  532 1886   12.09031   11.69389  3.28%   389  170s
 14513 14399   11.84806   61  547   12.09031   11.69389  3.28%   374  188s
 14515 14400   11.75401   43  555   12.09031   11.69389  3.28%   374  194s
 14516 14401   11.88179  176  534   12.09031   11.69389  3.28%   374  199s
 14517 14402   11.89565  448  565   12.09031   11.69774  3.25%   374  200s
 14522 14405   11.86766  207  548   12.09031   11.70695  3.17%   374  205s
 14530 14410   11.84854  285  581   12.09031   11.71474  3.11%   374  210s
 14540 14417   11.71533   11  608   12.09031   11.71533  3.10%   373  215s
 14544 14420   11.90868  463  609   12.09031   11.71537  3.10%   373  222s
 14545 14420   11.78372   57  609   12.09031   11.71537  3.10%   373  225s
 14546 14424   11.73694   11 2675   12.09031   11.71537  3.10%   377  325s
 14552 14434   11.75418   13 2480   12.09031   11.71695  3.09%   378  335s
 14608 14495   11.77402   16 2525   12.09031   11.72770  3.00%   384  341s
 14640 14557   11.78075   17 2453   12.09031   11.72770  3.00%   386  347s
 14712 14619   11.78707   18 2403   12.09031   11.72770  3.00%   397  353s
 14798 14670   11.79635   19 2481   12.09031   11.72770  3.00%   407  358s
 14878 14737   11.80014   20 2406   12.09031   11.72770  3.00%   420  363s
 14972 14779   11.79482   21 2350   12.09031   11.72770  3.00%   431  368s
 15045 14862   11.79629   21 2359   12.09031   11.72770  3.00%   443  372s
 15152 14918   11.80047   22 2379   12.09031   11.72770  3.00%   449  377s
 15244 14983   11.80673   24 2279   12.09031   11.72770  3.00%   457  381s
 15340 15033   11.81448   25 2351   12.09031   11.72770  3.00%   463  386s
 15422 15105   11.81698   26 2326   12.09031   11.72770  3.00%   471  391s
 15521 15174   11.81863   27 2333   12.09031   11.72770  3.00%   481  399s
 15623 15258   11.82059   28 2337   12.09031   11.72770  3.00%   487  404s
 15741 15336   11.82148   29 2305   12.09031   11.72770  3.00%   490  409s
 15858 15419   11.82213   31 2303   12.09031   11.72770  3.00%   496  413s
 15980 15519   11.82258   32 2295   12.09031   11.72770  3.00%   502  417s
 16121 15632   11.82673   34 2265   12.09031   11.72770  3.00%   503  420s
 16425 15840   11.83403   37 2211   12.09031   11.72770  3.00%   505  427s
 16590 15947   11.83538   39 2187   12.09031   11.72770  3.00%   506  431s
 16752 16086   11.83837   41 2182   12.09031   11.72770  3.00%   508  436s
 16946 16138   11.84070   44 2140   12.09031   11.72770  3.00%   511  441s
 17063 16314   11.84300   46 2142   12.09031   11.72770  3.00%   515  446s
 17279 16450   11.84697   48 2132   12.09031   11.72770  3.00%   518  451s
 17487 16597   11.85077   52 2128   12.09031   11.72770  3.00%   520  456s
 17711 16750   11.85310   56 2092   12.09031   11.72770  3.00%   523  461s
 17940 16873   11.85462   60 2114   12.09031   11.72770  3.00%   525  466s
 18140 17318   11.86663   63 2154   12.09031   11.72770  3.00%   526  471s
 18655 17635   11.86381   69 2069   12.09031   11.72770  3.00%   527  476s
 19148 18101   11.86698   71 1993   12.09031   11.72770  3.00%   530  480s
 19811 17942   11.88001   83 1913   12.09031   11.72770  3.00%   527  487s
H19844 16943                      12.0215041   11.72770  2.44%   530  487s
 19845 17421   11.87859   84 1960   12.02150   11.72770  2.44%   530  494s
H20395 16926                      12.0215041   11.72867  2.44%   532  499s
H20464 16250                      12.0210605   11.72867  2.43%   536  499s
 20783 16735   11.88513  103 1893   12.02106   11.72867  2.43%   544  504s
H20919 16071                      12.0205964   11.72867  2.43%   544  504s
H21259 15367                      12.0197710   11.72867  2.42%   546  504s
 21390 15788   11.89001  109 1902   12.01977   11.72867  2.42%   548  511s
H21413 15205                      12.0129385   11.72867  2.37%   550  511s
H21451 14655                      12.0123879   11.72867  2.36%   551  511s
H21479 14138                      12.0120736   11.72867  2.36%   550  511s
H21524 13577                      12.0046704   11.72867  2.30%   550  511s
H21863 13619                      11.9996704   11.72906  2.26%   555  517s
 22536 13878   11.90682  116 1921   11.99967   11.72906  2.26%   556  522s
H23028 13523                      11.9829022   11.72906  2.12%   567  527s
H23060 13101                      11.9828993   11.72906  2.12%   567  527s
H23238 12653                      11.9828989   11.72906  2.12%   566  527s
H23504 12872                      11.9728989   11.72906  2.04%   567  534s
H24006 12353                      11.9728979   11.72906  2.04%   567  534s
H24402 12557                      11.9728975   11.72906  2.04%   567  539s
H24416 12234                      11.9728971   11.72906  2.04%   568  539s
H24427 11929                      11.9728940   11.72906  2.04%   569  539s
H25095 11967                      11.9728937   11.72906  2.04%   571  546s
H25125 11685                      11.9728937   11.72906  2.04%   571  546s
H25198 11401                      11.9728934   11.72906  2.04%   572  546s
H25240 11141                      11.9728920   11.72906  2.04%   572  546s
 25653 11867   11.92571  152 1764   11.97289   11.72906  2.04%   574  552s
H26544 11991                      11.9728919   11.72906  2.04%   574  558s
H26605 11748                      11.9728915   11.72906  2.04%   574  558s
H26723 11566                      11.9728914   11.72906  2.04%   575  558s
 27231 12319   11.94015  171 1802   11.97289   11.72906  2.04%   577  565s
H27288 12319                      11.9728911   11.72906  2.04%   580  565s
H27700 12319                      11.9728910   11.72906  2.04%   577  565s
 28022 13170   11.94944  180 1752   11.97289   11.72906  2.04%   585  572s
 28911 13203   11.96104  199 1744   11.97289   11.73589  1.98%   589  579s
H28915 12606                      11.9480991   11.73589  1.78%   589  579s
H28921 12414                      11.9419099   11.73589  1.73%   589  579s
H28947 10981                      11.9109727   11.73589  1.47%   590  579s
 28958 11503     cutoff  199        11.91097   11.73589  1.47%   591  587s
 29763 12232   11.77251   34 2213   11.91097   11.73589  1.47%   595  595s
H30569  9955                      11.8792378   11.73589  1.21%   602  603s
H31358  9804                      11.8742378   11.73589  1.17%   604  610s
 32144 10601   11.82422   87 2020   11.87424   11.73899  1.14%   612  620s
H33025 10827                      11.8740905   11.73899  1.14%   622  628s
 33320 11447     cutoff  111        11.87409   11.73899  1.14%   634  638s
H33323 11447                      11.8740901   11.73899  1.14%   634  638s
 34031 12072   11.77686   21 2418   11.87409   11.73945  1.13%   651  647s
 34754 12580   11.81786   57 2318   11.87409   11.73945  1.13%   672  657s
H35131 12580                      11.8740900   11.73945  1.13%   685  657s
 35353 12954   11.86691   87 2104   11.87409   11.73945  1.13%   692  668s
 35861 13336   11.87350   94 2039   11.87409   11.74611  1.08%   715  679s
 36325 13962   11.75817   21 2370   11.87409   11.75044  1.04%   740  691s
 37014 14818   11.77373   24 2286   11.87409   11.75140  1.03%   759  703s
 37933 15951   11.78239   28 2316   11.87409   11.75158  1.03%   777  717s
 39131 16963   11.79857   34 2228   11.87409   11.75372  1.01%   791  731s
 40237 17821   11.80559   39 2118   11.87409   11.75372  1.01%   810  743s
 41224 18754   11.81556   49 1904   11.87409   11.75372  1.01%   831  759s
 42331 19741   11.83073   57 1760   11.87409   11.75392  1.01%   853  773s
 43409 20617   11.83396   62 1765   11.87409   11.75492  1.00%   876  787s
 44533 21458   11.85257   92 1544   11.87409   11.75587  1.00%   901  803s
 45585 22417   11.85018  103 1486   11.87409   11.75597  0.99%   927  820s
 46683 22862   11.86700  114 1444   11.87409   11.75597  0.99%   956  837s
 47352 23992   11.86658  129 1545   11.87409   11.75651  0.99%   993  855s
 48648 24827   11.86230  137 1506   11.87409   11.75717  0.98%  1015  875s
 49752 24991   11.86322  146 1575   11.87409   11.75717  0.98%  1045  893s
H49808 24991                      11.8740897   11.75717  0.98%  1047  893s
 50024 25761     cutoff  151        11.87409   11.75779  0.98%  1052  913s
H50208 25761                      11.8740894   11.75779  0.98%  1056  913s
 50865 26508   11.86472  156 1493   11.87409   11.75779  0.98%  1065  934s
 51921 27941   11.86624  162 1589   11.87409   11.75779  0.98%  1104  959s
H52016 27941                      11.8740894   11.75779  0.98%  1106  959s
 53601 28751   11.86788  173 1545   11.87409   11.75937  0.97%  1124  983s
 54741 30058   11.86821  185 1502   11.87409   11.75983  0.96%  1161 1008s
 56343 31513   11.86876  199 1391   11.87409   11.75983  0.96%  1190 1036s
 58094 34151   11.79090   37 2226   11.87409   11.76087  0.95%  1219 1064s
 60866 34152   11.86583  422  547   11.87409   11.76087  0.95%  1219 1195s
 60868 34153   11.84445  160  448   11.87409   11.76087  0.95%  1219 1200s
 60869 34154   11.83008  129  544   11.87409   11.76087  0.95%  1219 1205s
 60871 34155   11.79234   37  575   11.87409   11.76087  0.95%  1219 1220s
 60872 34156   11.83935   49  541   11.87409   11.76087  0.95%  1219 1226s
 60873 34157   11.84022   64  581   11.87409   11.76087  0.95%  1219 1237s
 60874 34157   11.82284   55  562   11.87409   11.76087  0.95%  1219 1242s
 60875 34158   11.78750   26  574   11.87409   11.76087  0.95%  1219 1254s
 60876 34159   11.82490   82  581   11.87409   11.76087  0.95%  1219 1260s
 60877 34159   11.81877  148  590   11.87409   11.76087  0.95%  1219 1270s
 60878 34160   11.78739   19  589   11.87409   11.76087  0.95%  1219 1276s
 60879 34161   11.78681   46  589   11.87409   11.76087  0.95%  1219 1281s
 60880 34161   11.78906   28  591   11.87409   11.76087  0.95%  1219 1286s
 60881 34162   11.81418   52  594   11.87409   11.76087  0.95%  1219 1292s
 60882 34163   11.84017   83  597   11.87409   11.76087  0.95%  1219 1297s
 60883 34163   11.84873   66  606   11.87409   11.76087  0.95%  1218 1303s
 60884 34164   11.85132   71  609   11.87409   11.76087  0.95%  1218 1308s
 60885 34165   11.82758   83  616   11.87409   11.76087  0.95%  1218 1314s
 60886 34165   11.77848   28  613   11.87409   11.76087  0.95%  1218 1319s
 60887 34166   11.83018   69  610   11.87409   11.76087  0.95%  1218 1330s
 60889 34167   11.85497   99  612   11.87409   11.76087  0.95%  1218 1339s
 60890 34168   11.85935  758  612   11.87409   11.76087  0.95%  1218 1344s
 60891 34169   11.85878   74  610   11.87409   11.76087  0.95%  1218 1351s
 60892 34169   11.85595   59  609   11.87409   11.76087  0.95%  1218 1356s
 60893 34170   11.84043   68  611   11.87409   11.76087  0.95%  1218 1367s
 60894 34171   11.83830   53  611   11.87409   11.76087  0.95%  1218 1376s
 60895 34171   11.81905  138  611   11.87409   11.76087  0.95%  1218 1381s
 60896 34175   11.76087   21 2661   11.87409   11.76087  0.95%  1219 1496s
 60902 34185   11.76087   23 2516   11.87409   11.76087  0.95%  1219 1502s
 60910 34198   11.76087   24 2532   11.87409   11.76087  0.95%  1219 1505s
 60958 34246   11.76087   26 2535   11.87409   11.76087  0.95%  1220 1511s
 60990 34318   11.76087   27 2478   11.87409   11.76087  0.95%  1221 1516s
 61072 34378   11.76150   28 2457   11.87409   11.76087  0.95%  1222 1522s
 61160 34423   11.76779   29 2406   11.87409   11.76087  0.95%  1223 1528s
 61234 34475   11.77063   29 2428   11.87409   11.76087  0.95%  1223 1533s
 61311 34528   11.77324   30 2389   11.87409   11.76087  0.95%  1223 1538s
 61389 34582   11.77488   31 2368   11.87409   11.76087  0.95%  1223 1543s
 61469 34638   11.77836   32 2385   11.87409   11.76087  0.95%  1224 1549s
 61552 34694   11.79002   32 2351   11.87409   11.76087  0.95%  1224 1553s
 61636 34744   11.78189   33 2332   11.87409   11.76087  0.95%  1223 1557s
 61714 34798   11.79011   33 2320   11.87409   11.76087  0.95%  1223 1566s
 61877 34894   11.78712   35 2147   11.87409   11.76087  0.95%  1222 1575s
 62015 35016   11.79825   37 2287   11.87409   11.76087  0.95%  1220 1580s
 62112 35080   11.79296   38 2139   11.87409   11.76087  0.95%  1219 1587s
 62208 35147   11.79444   39 2058   11.87409   11.76087  0.95%  1219 1591s
 62310 35220   11.80404   40 2220   11.87409   11.76087  0.95%  1219 1596s
 62418 35309   11.79807   41 2078   11.87409   11.76087  0.95%  1218 1603s
 62543 35374   11.80039   42 2066   11.87409   11.76087  0.95%  1218 1608s
 62652 35447   11.80131   43 1982   11.87409   11.76087  0.95%  1218 1614s
 62766 35527   11.81441   44 2080   11.87409   11.76087  0.95%  1218 1623s
 62901 35594   11.80267   45 1958   11.87409   11.76087  0.95%  1218 1628s
 63022 35662   11.80414   46 1942   11.87409   11.76087  0.95%  1220 1634s
 63158 35720   11.81301   47 1990   11.87409   11.76087  0.95%  1221 1640s
 63277 35795   11.80574   47 1893   11.87409   11.76087  0.95%  1223 1648s
 63407 35865   11.81135   49 1899   11.87409   11.76087  0.95%  1225 1654s
 63560 35929   11.81135   52 1940   11.87409   11.76087  0.95%  1225 1661s
 63694 36023   11.81270   54 1863   11.87409   11.76087  0.95%  1227 1668s
 63849 36132   11.82456   55 1976   11.87409   11.76087  0.95%  1228 1672s
 64027 36253   11.81397   55 1896   11.87409   11.76087  0.95%  1227 1680s
 64219 36397   11.81857   59 1831   11.87409   11.76087  0.95%  1229 1687s
 64440 36531   11.81933   62 1809   11.87409   11.76087  0.95%  1229 1693s
 64657 36515   11.82286   64 1739   11.87409   11.76087  0.95%  1228 1700s
 64718 36680   11.82340   65 1740   11.87409   11.76087  0.95%  1229 1707s
 64914 36832   11.82671   69 1757   11.87409   11.76087  0.95%  1229 1715s
 65152 36957   11.82773   72 1780   11.87409   11.76087  0.95%  1229 1724s
 65374 37115   11.83060   77 1670   11.87409   11.76087  0.95%  1230 1732s
 65632 37276   11.83080   78 1659   11.87409   11.76087  0.95%  1232 1741s
 65931 37420   11.83109   79 1682   11.87409   11.76087  0.95%  1234 1749s
 66199 37353   11.83270   83 1693   11.87409   11.76087  0.95%  1238 1754s
 66238 37431   11.83729   83 1657   11.87409   11.76087  0.95%  1240 1761s
 66353 37722   11.83311   84 1709   11.87409   11.76087  0.95%  1241 1768s
 66695 38015   11.83559   86 1713   11.87409   11.76087  0.95%  1240 1778s
 67129 38255   11.83984  100 1620   11.87409   11.76087  0.95%  1240 1787s
 67550 38497   11.84348  107 1588   11.87409   11.76087  0.95%  1242 1795s
 68022 38643   11.84704  118 1603   11.87409   11.76087  0.95%  1244 1805s
 68391 38823   11.84828  124 1364   11.87409   11.76087  0.95%  1251 1815s
 68786 38896   11.85043  134 1372   11.87409   11.76142  0.95%  1255 1825s
 69035 39336   11.85573  139 1456   11.87409   11.76142  0.95%  1259 1839s
 69645 39547   11.85293  157 1502   11.87409   11.76246  0.94%  1261 1848s
 70157 39670   11.87209  161 1443   11.87409   11.76257  0.94%  1266 1861s
 70570 39900   11.85481  165 1386   11.87409   11.76257  0.94%  1273 1875s
 71033 40238   11.85494  168 1377   11.87409   11.76257  0.94%  1280 1886s
 71594 40501   11.85630  180 1340   11.87409   11.76257  0.94%  1284 1896s
 72153 40545   11.85659  189 1321   11.87409   11.76307  0.93%  1291 1908s
 72542 41083   11.85880  198 1294   11.87409   11.76307  0.93%  1300 1921s
 73288 41327     cutoff  202        11.87409   11.76307  0.93%  1302 1935s
 73879 41733   11.86025  205 1316   11.87409   11.76719  0.90%  1307 1949s
 74575 42461   11.86127  213 1267   11.87409   11.76719  0.90%  1311 1961s
 75621 43062   11.86208  217 1275   11.87409   11.76857  0.89%  1308 1974s
 76636 43543     cutoff  221        11.87409   11.76906  0.88%  1307 1987s
 77581 43923   11.86419  226 1241   11.87409   11.76906  0.88%  1309 2002s
 78425 44096   11.86547  231 1235   11.87409   11.76906  0.88%  1314 2020s
 79045 44451   11.86662  237 1149   11.87409   11.76906  0.88%  1323 2036s
 79849 44756     cutoff  262        11.87409   11.77039  0.87%  1331 2053s
 80623 45154   11.86229   56 2135   11.87409   11.77039  0.87%  1339 2071s
 81405 45380   11.87327   63 2193   11.87409   11.77039  0.87%  1347 2087s
 82095 45948   11.80971   39 2280   11.87409   11.77085  0.87%  1357 2109s
 83055 46755   11.86869   86 2114   11.87409   11.77117  0.87%  1363 2128s
 84288 48283   11.78858   32 2380   11.87409   11.77283  0.85%  1364 2147s
 86280 49466   11.87262   76 2121   11.87409   11.77283  0.85%  1351 2167s
 88250 49625   11.81154   35 2347   11.87409   11.77386  0.84%  1340 2185s
 89285 50211     cutoff   66        11.87409   11.77386  0.84%  1347 2202s
 90448 50884   11.83500   71 2150   11.87409   11.77406  0.84%  1351 2223s
 91800 51090   11.87256  116 2138   11.87409   11.77406  0.84%  1358 2246s
 92751 50917   11.85202   64 2221   11.87409   11.77440  0.84%  1372 2268s
 93029 51905   11.79927   32 2227   11.87409   11.77440  0.84%  1377 2297s
 94412 52605   11.87080   79 2259   11.87409   11.77460  0.84%  1387 2328s
 95954 53329   11.80195   34 2351   11.87409   11.77514  0.83%  1399 2358s
 97526 54302   11.87310   60 2191   11.87409   11.77589  0.83%  1407 2390s
 99351 55161   11.87361   72 1993   11.87409   11.77650  0.82%  1418 2421s
 101182 56315     cutoff   68        11.87409   11.77668  0.82%  1428 2452s
 103328 57571   11.87114  106 1998   11.87409   11.77685  0.82%  1435 2485s
 105642 58153   11.86629   91 2138   11.87409   11.77685  0.82%  1439 2517s
 107310 59222   11.81052   57 2131   11.87409   11.77685  0.82%  1445 2553s
 109323 60570   11.78134   39 2183   11.87409   11.77792  0.81%  1455 2587s
 111823 61367   11.80077   33 2371   11.87409   11.77847  0.81%  1458 2621s
 113830 62776   11.82158   56 2184   11.87409   11.77865  0.80%  1467 2659s
 116302 63026   11.78414   39 2087   11.87409   11.77908  0.80%  1472 2699s
 118031 64353   11.87367  122 2130   11.87409   11.77908  0.80%  1492 2740s
 120340 65511   11.87074   56 2233   11.87409   11.77940  0.80%  1501 2782s
 122745 66874   11.87255  118 1840   11.87409   11.77940  0.80%  1509 2826s
 125566 67751   11.86041  110 2059   11.87409   11.77987  0.79%  1516 2869s
 127904 69461   11.85464   80 1989   11.87409   11.78018  0.79%  1523 2915s
 130945 71341   11.87049   71 2064   11.87409   11.78056  0.79%  1529 2963s
 134380 72887   11.81974   62 2225   11.87409   11.78086  0.79%  1531 3010s
 137701 74306   11.81091   73 2058   11.87409   11.78109  0.78%  1537 3059s
 140763 76223   11.83630   61 2241   11.87409   11.78122  0.78%  1539 3111s
 144349 77834   11.87284   78 1920   11.87409   11.78142  0.78%  1542 3160s
 147725 79620   11.83380   74 2021   11.87409   11.78157  0.78%  1545 3208s
 151261 83225     cutoff  137        11.87409   11.78177  0.78%  1546 3260s
 156444 84706   11.85889  184 2016   11.87409   11.78178  0.78%  1529 3294s
 159866 85934   11.83192   84 2037   11.87409   11.78178  0.78%  1514 3328s
 162696 87051   11.78787   40 2233   11.87409   11.78199  0.78%  1513 3364s
 165337 88838   11.79780   46 2202   11.87409   11.78208  0.77%  1512 3401s
 167898 90983   11.81678   73 2089   11.87409   11.78223  0.77%  1514 3440s
 170437 95185   11.79600   50 2200   11.87409   11.78241  0.77%  1510 3480s
 174756 99479   11.81743   75 2174   11.87409   11.78243  0.77%  1490 3517s
 179557 103310   11.85497  114 2091   11.87409   11.78252  0.77%  1471 3551s
 183617 107797   11.80070   44 2241   11.87409   11.78252  0.77%  1456 3598s
 188749 109998   11.85383  157 1769   11.87409   11.78257  0.77%  1443 3631s
 191400 111383     cutoff  212        11.87409   11.78257  0.77%  1441 3665s
 193143 114172   11.85415   50 2228   11.87409   11.78257  0.77%  1442 3705s
 196354 117303     cutoff   72        11.87409   11.78257  0.77%  1440 3741s
 199629 120525   11.86739   91 2255   11.87409   11.78290  0.77%  1431 3781s
 203375 121988   11.86372  100 2044   11.87409   11.78290  0.77%  1426 3818s
 205305 123951     cutoff   80        11.87409   11.78290  0.77%  1429 3857s
H205469 123950                      11.8740786   11.78302  0.77%  1429 3857s
 207602 128543   11.84847   92 2008   11.87408   11.78304  0.77%  1431 3902s
 212538 131586   11.86702   89 2143   11.87408   11.78304  0.77%  1418 3949s
 216346 134321   11.86983   60 2046   11.87408   11.78310  0.77%  1418 3988s
 219480 139433   11.84163   97 2128   11.87408   11.78321  0.77%  1418 4030s
 224965 141491   11.82293   78 2144   11.87408   11.78330  0.76%  1401 4065s
 227665 143490   11.81523   40 2337   11.87408   11.78333  0.76%  1402 4101s
 230195 145130   11.83914   92 2150   11.87408   11.78344  0.76%  1405 4142s
 232333 147276   11.85974   73 2095   11.87408   11.78348  0.76%  1411 4186s
 235040 149191     cutoff   71        11.87408   11.78356  0.76%  1415 4231s
 237540 151438   11.79961   39 2386   11.87408   11.78373  0.76%  1421 4275s
 240361 152801     cutoff   73        11.87408   11.78383  0.76%  1425 4322s
H240656 152801                      11.8740782   11.78383  0.76%  1425 4322s
 242052 155054   11.85801   76 2080   11.87408   11.78385  0.76%  1428 4371s
 244858 157697     cutoff   84        11.87408   11.78389  0.76%  1433 4429s
 248334 160401   11.87148   55 2241   11.87408   11.78402  0.76%  1438 4482s
 251694 165219   11.79855   51 2241   11.87408   11.78411  0.76%  1443 4535s
 257056 168925   11.86519  198 1903   11.87408   11.78411  0.76%  1435 4579s
H261200 169489                      11.8740780   11.78426  0.76%  1429 4620s
 261784 174796   11.83774   80 2043   11.87408   11.78426  0.76%  1428 4666s
 267654 179203   11.79645   38 2312   11.87408   11.78428  0.76%  1413 4701s
 272441 182057   11.84578   84 1828   11.87408   11.78428  0.76%  1402 4747s
 275939 183814   11.87053  136 1762   11.87408   11.78428  0.76%  1404 4792s
 278322 186315     cutoff   81        11.87408   11.78445  0.75%  1410 4842s
 281413 188928   11.78992   47 2238   11.87408   11.78453  0.75%  1416 4893s
 284518 191154     cutoff   66        11.87408   11.78454  0.75%  1420 4947s
 287433 195025   11.87193   95 1860   11.87408   11.78465  0.75%  1427 5001s
 291778 198663   11.84559  102 2007   11.87408   11.78465  0.75%  1423 5049s
 296150 201200   11.80065   43 2297   11.87408   11.78469  0.75%  1420 5095s
 299488 203769   11.81113   72 1999   11.87408   11.78473  0.75%  1421 5141s
 302638 206136   11.82778   65 2105   11.87408   11.78485  0.75%  1424 5189s
 305684 208500   11.82512   81 2102   11.87408   11.78491  0.75%  1428 5238s
 308898 210357   11.86224   98 2049   11.87408   11.78499  0.75%  1432 5288s
 311587 212930   11.87126  100 2133   11.87408   11.78500  0.75%  1439 5339s
H311799 212930                      11.8740778   11.78500  0.75%  1439 5339s
H312942 212930                      11.8740772   11.78504  0.75%  1440 5339s
 314693 215404   11.85492   68 2104   11.87408   11.78504  0.75%  1440 5394s
 317946 218943   11.87400  103 2022   11.87408   11.78509  0.75%  1446 5446s
 321913 223246   11.85009   67 1891   11.87408   11.78516  0.75%  1443 5499s
 326741 225714   11.83495   69 1816   11.87408   11.78516  0.75%  1436 5545s
 329828 228955     cutoff   82        11.87408   11.78518  0.75%  1439 5591s
 333697 232486   11.87289   76 2213   11.87408   11.78522  0.75%  1438 5635s
 337674 237805   11.84850  108 2088   11.87408   11.78529  0.75%  1435 5674s
 343337 239640   11.84116   70 2029   11.87408   11.78531  0.75%  1422 5702s
 345739 240893   11.79953   40 2209   11.87408   11.78531  0.75%  1422 5731s
 347325 242220     cutoff   70        11.87408   11.78532  0.75%  1423 5767s
 349112 244025     cutoff   80        11.87408   11.78535  0.75%  1427 5804s
 351347 246536     cutoff  115        11.87408   11.78541  0.75%  1429 5845s
 354261 248838     cutoff  127        11.87408   11.78541  0.75%  1430 5885s
 357152 250811   11.87331  104 2047   11.87408   11.78551  0.75%  1431 5925s
 359694 253288   11.80385   35 2222   11.87408   11.78556  0.75%  1434 5969s
 362788 255445   11.78998   44 2314   11.87408   11.78557  0.75%  1436 6016s
 365550 257350   11.83494   65 2222   11.87408   11.78561  0.75%  1440 6070s
 368349 260199     cutoff  104        11.87408   11.78561  0.75%  1448 6129s
 371959 262731   11.87307   87 2002   11.87408   11.78569  0.74%  1452 6182s
 375131 265877   11.81759   49 2221   11.87408   11.78577  0.74%  1455 6238s
 379161 268675   11.87362   87 1895   11.87408   11.78581  0.74%  1457 6293s
 382654 271260   11.86782   68 2124   11.87408   11.78583  0.74%  1461 6349s
 385939 274351   11.79673   51 2329   11.87408   11.78591  0.74%  1464 6400s
 389770 276521   11.79580   51 2206   11.87408   11.78594  0.74%  1466 6450s
 392562 278872     cutoff  116        11.87408   11.78599  0.74%  1468 6496s
 395511 281617     cutoff  101        11.87408   11.78599  0.74%  1471 6548s
 398869 283971   11.82208   78 2021   11.87408   11.78605  0.74%  1474 6600s
H399315 283966                      11.8740753   11.78605  0.74%  1474 6600s
 401773 286029   11.84970   80 2096   11.87408   11.78606  0.74%  1475 6655s
 404395 288537     cutoff  111        11.87408   11.78610  0.74%  1479 6712s
 407697 290670   11.81310   64 2161   11.87408   11.78612  0.74%  1483 6768s
 410590 294790   11.86982  112 1959   11.87408   11.78618  0.74%  1487 6825s
 415238 299328   11.83956   92 2018   11.87408   11.78622  0.74%  1484 6874s
 420564 302961   11.78853   41 2313   11.87408   11.78623  0.74%  1478 6918s
[2026-06-09T00:03:11.152] error: *** JOB 14137093 ON x1005c2s6b1n1 CANCELLED AT 2026-06-09T00:03:11 DUE TO TIME LIMIT ***
