2026-05-28 15:17:39 [INFO] idaes.core.surrogate.pysmo_surrogate: Decode surrogate. type=poly

===========================Polynomial Regression===============================================

The number of cross-validation cases (3) is used.
The default training/cross-validation split of 0.75 is used.
No iterations will be run.
Default parameter estimation method is used.
Parameter estimation method:  pyomo 

2026-05-28 15:17:39 [INFO] idaes.core.surrogate.pysmo_surrogate: Decode surrogate. type=poly

===========================Polynomial Regression===============================================

The number of cross-validation cases (3) is used.
The default training/cross-validation split of 0.75 is used.
No iterations will be run.
Default parameter estimation method is used.
Parameter estimation method:  pyomo 

2026-05-28 15:17:39 [INFO] idaes.core.surrogate.pysmo_surrogate: Decode surrogate. type=poly

===========================Polynomial Regression===============================================

The number of cross-validation cases (3) is used.
The default training/cross-validation split of 0.75 is used.
No iterations will be run.
Default parameter estimation method is used.
Parameter estimation method:  pyomo 

2026-05-28 15:17:39 [INFO] idaes.core.surrogate.pysmo_surrogate: Decode surrogate. type=poly

===========================Polynomial Regression===============================================

The number of cross-validation cases (3) is used.
The default training/cross-validation split of 0.75 is used.
No iterations will be run.
Default parameter estimation method is used.
Parameter estimation method:  pyomo 

2026-05-28 15:17:41 [INFO] idaes.apps.grid_integration.pricetaker.price_taker_model: Found minimum uptime/downtime data for pretreatment.uf_pumps[1] - Adding minimum uptime/downtime constraints.
2026-05-28 15:17:41 [INFO] idaes.apps.grid_integration.pricetaker.price_taker_model: Created startup/shutdown constraints for operation model  pretreatment.uf_pumps[1] at uf_pumps_1_startup_shutdown.
2026-05-28 15:17:41 [INFO] idaes.apps.grid_integration.pricetaker.price_taker_model: Found minimum uptime/downtime data for pretreatment.uf_pumps[2] - Adding minimum uptime/downtime constraints.
2026-05-28 15:17:41 [INFO] idaes.apps.grid_integration.pricetaker.price_taker_model: Created startup/shutdown constraints for operation model  pretreatment.uf_pumps[2] at uf_pumps_2_startup_shutdown.
2026-05-28 15:17:41 [INFO] idaes.apps.grid_integration.pricetaker.price_taker_model: Found minimum uptime/downtime data for pretreatment.uf_pumps[3] - Adding minimum uptime/downtime constraints.
2026-05-28 15:17:41 [INFO] idaes.apps.grid_integration.pricetaker.price_taker_model: Created startup/shutdown constraints for operation model  pretreatment.uf_pumps[3] at uf_pumps_3_startup_shutdown.
2026-05-28 15:17:41 [INFO] idaes.apps.grid_integration.pricetaker.price_taker_model: Found minimum uptime/downtime data for reverse_osmosis.ro_skid[1] - Adding minimum uptime/downtime constraints.
2026-05-28 15:17:41 [INFO] idaes.apps.grid_integration.pricetaker.price_taker_model: Created startup/shutdown constraints for operation model  reverse_osmosis.ro_skid[1] at ro_skid_1_startup_shutdown.
2026-05-28 15:17:41 [INFO] idaes.apps.grid_integration.pricetaker.price_taker_model: Found minimum uptime/downtime data for reverse_osmosis.ro_skid[2] - Adding minimum uptime/downtime constraints.
2026-05-28 15:17:41 [INFO] idaes.apps.grid_integration.pricetaker.price_taker_model: Created startup/shutdown constraints for operation model  reverse_osmosis.ro_skid[2] at ro_skid_2_startup_shutdown.
2026-05-28 15:17:41 [INFO] idaes.apps.grid_integration.pricetaker.price_taker_model: Found minimum uptime/downtime data for reverse_osmosis.ro_skid[3] - Adding minimum uptime/downtime constraints.
2026-05-28 15:17:41 [INFO] idaes.apps.grid_integration.pricetaker.price_taker_model: Created startup/shutdown constraints for operation model  reverse_osmosis.ro_skid[3] at ro_skid_3_startup_shutdown.
2026-05-28 15:17:41 [INFO] idaes.apps.grid_integration.pricetaker.price_taker_model: Found minimum uptime/downtime data for reverse_osmosis.ro_skid[4] - Adding minimum uptime/downtime constraints.
2026-05-28 15:17:41 [INFO] idaes.apps.grid_integration.pricetaker.price_taker_model: Created startup/shutdown constraints for operation model  reverse_osmosis.ro_skid[4] at ro_skid_4_startup_shutdown.
4364
Set parameter TokenServer to value "10.60.1.73"
Set parameter LogToConsole to value 1
Set parameter MIPGap to value 0.01
Gurobi Optimizer version 12.0.3 build v12.0.3rc0 (linux64 - "Red Hat Enterprise Linux 8.8 (Ootpa)")

CPU model: Intel(R) Xeon(R) Platinum 8470QL, instruction set [SSE2|AVX|AVX2|AVX512]
Thread count: 104 physical cores, 104 logical processors, using up to 32 threads

Non-default parameters:
MIPGap  0.01

Optimize a model with 16607 rows, 16467 columns and 45977 nonzeros
Model fingerprint: 0x3fe78bd5
Model has 168 quadratic objective terms
Model has 3696 quadratic constraints
Variable types: 11259 continuous, 5208 integer (5208 binary)
Coefficient statistics:
  Matrix range     [3e-02, 2e+03]
  QMatrix range    [2e-07, 1e+00]
  QLMatrix range   [1e-04, 4e+01]
  Objective range  [7e-06, 5e-03]
  QObjective range [2e-04, 2e-04]
  Bounds range     [9e-01, 1e+03]
  RHS range        [1e+00, 3e+05]
  QRHS range       [3e-01, 1e+00]
Presolve removed 6212 rows and 7576 columns
Presolve time: 0.10s
Presolved: 24339 rows, 10740 columns, 62770 nonzeros
Presolved model has 336 SOS constraint(s)
Presolved model has 3696 bilinear constraint(s)

Solving non-convex MIQCP

Variable types: 7094 continuous, 3646 integer (3646 binary)
Found heuristic solution: objective 11.1737925

Root relaxation: unbounded, 0 iterations, 0.01 seconds (0.00 work units)

    Nodes    |    Current Node    |     Objective Bounds      |     Work
 Expl Unexpl |  Obj  Depth IntInf | Incumbent    BestBd   Gap | It/Node Time

     0     2  postponed    0        11.17379          -      -     -    1s
    27    34  postponed    5        11.17379          -      -  9210    5s
   238   345  postponed    9        11.17379          -      -  5675   12s
   502   640 infeasible   12        11.17379          -      -  3012   15s
   983  1094 infeasible   18        11.17379          -      -  1752   22s
  1733  1768  postponed   27        11.17379          -      -  1179   31s
  2919  2636  postponed   42        11.17379          -      -   885   45s
  4701  3377 infeasible   63        11.17379          -      -   700   60s
  6080  4250  postponed   79        11.17379          -      -   661   74s
  7581  5294  postponed   96        11.17379          -      -   665   88s
H 7932  5294                      11.1737923          -      -   662   88s
  9232  7035  postponed  109        11.17379          -      -   720  103s
 11500  7872  postponed  122        11.17379          -      -   785  116s
 13061  8619 infeasible  134        11.17379          -      -   824  130s
 14346  8621   11.11370  358 2220   11.17379    9.21381  17.5%   809  143s
 14347  8622   10.94322  116 1188   11.17379   10.94322  2.06%   808  151s

Cutting planes:
  Learned: 396
  Gomory: 33
  Cover: 785
  Implied bound: 379
  Projected implied bound: 15
  Clique: 4
  MIR: 227
  Flow cover: 373
  GUB cover: 15
  Zero half: 4
  Network: 35
  RLT: 1211
  Relax-and-lift: 56
  BQP: 1
  PSD: 46

Explored 14347 nodes (11798804 simplex iterations) in 169.13 seconds (409.07 work units)
Thread count was 32 (of 104 available processors)

Solution count 1: 11.1738 

Optimal solution found (tolerance 1.00e-02)
Best objective 1.117379228784e+01, best bound 1.108512193725e+01, gap 0.7936%
m.flow_changes_penalty(): 0.0
Total operational cost: 111737.92
Maximum power (kW): 1127.08
Discharge energy capacity (kWh): 0.00
Charge energy capacity (kWh): 7910.08
Levelized Cost of Flexibility ($/kWh): nan
{'fixed_demand_cost': 4963.622507749169, 'variable_demand_cost': 2666.4924108714267, 'fixed_monthly_cost': 171938.17204301074, 'total_water_production': 282179.6712548466, 'total_energy_cost': 18663.290416370768, 'total_demand_cost': 7630.114918620596, 'total_customer_cost': 0.0, 'total_feed_cost': 50843.185205158035, 'total_brine_cost': 15303.801599277613, 'total_chemical_cost': 19297.530738970538, 'total_water_revenue': 0.0, 'total_demand_response_revenue': -0.0, 'total_emissions_cost': 0.0, 'total_op_cost': 111737.92287839756, 'fixed_cost': 121551.98252688172, 'total_cost': 233289.90540527928, 'LCOW': 0.8267424239593318, 'degree_of_flex': 0.0, 'total_replacement_cost': 992.3107078853046, 'maximum_power': 1127.0837974713781, 'energy_capacity': 0.0, 'power_capacity': nan, 'round_trip_efficiency': 0, 'LVOF': nan}
Saved operation variable results to: /home/rchurchi/watertap_test/watertap/tutorials/flex_ro/wrd_result_winter_both_4_flexible_trains.csv
2026-05-28 15:20:33 [INFO] idaes.core.surrogate.pysmo_surrogate: Decode surrogate. type=poly

===========================Polynomial Regression===============================================

The number of cross-validation cases (3) is used.
The default training/cross-validation split of 0.75 is used.
No iterations will be run.
Default parameter estimation method is used.
Parameter estimation method:  pyomo 

2026-05-28 15:20:33 [INFO] idaes.core.surrogate.pysmo_surrogate: Decode surrogate. type=poly

===========================Polynomial Regression===============================================

The number of cross-validation cases (3) is used.
The default training/cross-validation split of 0.75 is used.
No iterations will be run.
Default parameter estimation method is used.
Parameter estimation method:  pyomo 

2026-05-28 15:20:33 [INFO] idaes.core.surrogate.pysmo_surrogate: Decode surrogate. type=poly

===========================Polynomial Regression===============================================

The number of cross-validation cases (3) is used.
The default training/cross-validation split of 0.75 is used.
No iterations will be run.
Default parameter estimation method is used.
Parameter estimation method:  pyomo 

2026-05-28 15:20:33 [INFO] idaes.core.surrogate.pysmo_surrogate: Decode surrogate. type=poly

===========================Polynomial Regression===============================================

The number of cross-validation cases (3) is used.
The default training/cross-validation split of 0.75 is used.
No iterations will be run.
Default parameter estimation method is used.
Parameter estimation method:  pyomo 

2026-05-28 15:20:35 [INFO] idaes.apps.grid_integration.pricetaker.price_taker_model: Found minimum uptime/downtime data for pretreatment.uf_pumps[1] - Adding minimum uptime/downtime constraints.
2026-05-28 15:20:35 [INFO] idaes.apps.grid_integration.pricetaker.price_taker_model: Created startup/shutdown constraints for operation model  pretreatment.uf_pumps[1] at uf_pumps_1_startup_shutdown.
2026-05-28 15:20:35 [INFO] idaes.apps.grid_integration.pricetaker.price_taker_model: Found minimum uptime/downtime data for pretreatment.uf_pumps[2] - Adding minimum uptime/downtime constraints.
2026-05-28 15:20:35 [INFO] idaes.apps.grid_integration.pricetaker.price_taker_model: Created startup/shutdown constraints for operation model  pretreatment.uf_pumps[2] at uf_pumps_2_startup_shutdown.
2026-05-28 15:20:35 [INFO] idaes.apps.grid_integration.pricetaker.price_taker_model: Found minimum uptime/downtime data for pretreatment.uf_pumps[3] - Adding minimum uptime/downtime constraints.
2026-05-28 15:20:35 [INFO] idaes.apps.grid_integration.pricetaker.price_taker_model: Created startup/shutdown constraints for operation model  pretreatment.uf_pumps[3] at uf_pumps_3_startup_shutdown.
2026-05-28 15:20:35 [INFO] idaes.apps.grid_integration.pricetaker.price_taker_model: Found minimum uptime/downtime data for reverse_osmosis.ro_skid[1] - Adding minimum uptime/downtime constraints.
2026-05-28 15:20:35 [INFO] idaes.apps.grid_integration.pricetaker.price_taker_model: Created startup/shutdown constraints for operation model  reverse_osmosis.ro_skid[1] at ro_skid_1_startup_shutdown.
2026-05-28 15:20:35 [INFO] idaes.apps.grid_integration.pricetaker.price_taker_model: Found minimum uptime/downtime data for reverse_osmosis.ro_skid[2] - Adding minimum uptime/downtime constraints.
2026-05-28 15:20:35 [INFO] idaes.apps.grid_integration.pricetaker.price_taker_model: Created startup/shutdown constraints for operation model  reverse_osmosis.ro_skid[2] at ro_skid_2_startup_shutdown.
2026-05-28 15:20:35 [INFO] idaes.apps.grid_integration.pricetaker.price_taker_model: Found minimum uptime/downtime data for reverse_osmosis.ro_skid[3] - Adding minimum uptime/downtime constraints.
2026-05-28 15:20:35 [INFO] idaes.apps.grid_integration.pricetaker.price_taker_model: Created startup/shutdown constraints for operation model  reverse_osmosis.ro_skid[3] at ro_skid_3_startup_shutdown.
2026-05-28 15:20:35 [INFO] idaes.apps.grid_integration.pricetaker.price_taker_model: Found minimum uptime/downtime data for reverse_osmosis.ro_skid[4] - Adding minimum uptime/downtime constraints.
2026-05-28 15:20:35 [INFO] idaes.apps.grid_integration.pricetaker.price_taker_model: Created startup/shutdown constraints for operation model  reverse_osmosis.ro_skid[4] at ro_skid_4_startup_shutdown.
4270
Set parameter LogToConsole to value 1
Set parameter MIPGap to value 0.01
Gurobi Optimizer version 12.0.3 build v12.0.3rc0 (linux64 - "Red Hat Enterprise Linux 8.8 (Ootpa)")

CPU model: Intel(R) Xeon(R) Platinum 8470QL, instruction set [SSE2|AVX|AVX2|AVX512]
Thread count: 104 physical cores, 104 logical processors, using up to 32 threads

Non-default parameters:
MIPGap  0.01

Optimize a model with 16607 rows, 16373 columns and 45329 nonzeros
Model fingerprint: 0x704a5985
Model has 168 quadratic objective terms
Model has 3696 quadratic constraints
Variable types: 11259 continuous, 5114 integer (5114 binary)
Coefficient statistics:
  Matrix range     [3e-02, 2e+03]
  QMatrix range    [2e-07, 1e+00]
  QLMatrix range   [1e-04, 4e+01]
  Objective range  [1e-05, 5e-03]
  QObjective range [2e-04, 2e-04]
  Bounds range     [9e-01, 1e+03]
  RHS range        [1e+00, 3e+05]
  QRHS range       [3e-01, 4e+01]
Presolve removed 8143 rows and 8481 columns
Presolve time: 0.10s
Presolved: 21960 rows, 9479 columns, 57701 nonzeros
Presolved model has 188 SOS constraint(s)
Presolved model has 3616 bilinear constraint(s)

Solving non-convex MIQCP

Variable types: 6640 continuous, 2839 integer (2839 binary)
Found heuristic solution: objective 12.0897172

Root relaxation: unbounded, 0 iterations, 0.01 seconds (0.00 work units)

    Nodes    |    Current Node    |     Objective Bounds      |     Work
 Expl Unexpl |  Obj  Depth IntInf | Incumbent    BestBd   Gap | It/Node Time

     0     2  postponed    0        12.08972          -      -     -    0s
    29    48  postponed    5        12.08972          -      - 12129    5s
   258   410  postponed    9        12.08972          -      -  3737   11s
   467   893  postponed   10        12.08972          -      -  3636   16s
  1144  1537  postponed   18        12.08972          -      -  1848   25s
  2402  2558 infeasible   33        12.08972          -      -  1143   36s
  4259  4113 infeasible   52        12.08972          -      -   988   49s
H 5031  4113                      12.0897170          -      -   952   49s
  6593  5042  postponed   70        12.08972          -      -   963   61s
  8128  6221  postponed   82        12.08972          -      -  1015   72s
  9596  7431   11.67085  121 2933   12.08972          -      -  1105   83s
 11185  7433   11.63620  151 1455   12.08972   10.43578  13.7%  1197   92s
 11186  7434   12.04044  366  878   12.08972   11.46524  5.17%  1196   96s
 11187  7435   11.71562  127  785   12.08972   11.53632  4.58%  1196  100s
 11188  7435   11.54841   17  835   12.08972   11.54841  4.48%  1196  108s
 11189  7436   11.66997   55  971   12.08972   11.66997  3.47%  1196  113s
 11190  7437   11.66997   10  966   12.08972   11.66997  3.47%  1196  124s
 11191  7437   11.78462   30  889   12.08972   11.78462  2.52%  1196  129s
 11192  7438   11.91782  154  758   12.08972   11.78462  2.52%  1196  136s
 11193  7439   11.78462   13  722   12.08972   11.78462  2.52%  1196  142s
 11194  7439   11.78462   85  730   12.08972   11.78462  2.52%  1196  148s
 11195  7440   12.00919  183  951   12.08972   11.78462  2.52%  1196  161s
 11196  7441   11.78462   83  945   12.08972   11.78462  2.52%  1195  170s
 11197  7441   11.90105  114  944   12.08972   11.78462  2.52%  1195  178s
 11198  7442   11.78462   10  768   12.08972   11.78462  2.52%  1195  186s
 11199  7443   11.78462   89  761   12.08972   11.78462  2.52%  1195  190s
 11200  7443   11.97140   82  761   12.08972   11.78462  2.52%  1195  198s
 11201  7447   11.78462   14 2768   12.08972   11.78462  2.52%  1243  325s
 11203  7450   11.78462   15 2829   12.08972   11.78462  2.52%  1250  359s
 11207  7455   11.78462   16 2886   12.08972   11.78462  2.52%  1260  386s
 11215  7462   11.78462   17 2723   12.08972   11.78462  2.52%  1282  401s
 11229  7475   11.86037   18 2449   12.08972   11.78462  2.52%  1308  416s
 11253  7489   11.86097   19 2475   12.08972   11.78462  2.52%  1397  435s
 11285  7550   11.86295   20 2389   12.08972   11.78462  2.52%  1481  459s
 11377  7552   11.79714   21 2512   12.08972   11.78462  2.52%  1621  478s
 11425  7564   11.78462   22 3126   12.08972   11.78462  2.52%  1779  494s
 11471  7612   11.80572   22 2890   12.08972   11.78462  2.52%  1921  507s
 11558  7618   11.89750   23 2652   12.08972   11.78462  2.52%  2020  520s
 11612  7669   11.88117   24 3009   12.08972   11.78462  2.52%  2162  534s
 11698  7704   11.78462   24 3151   12.08972   11.78462  2.52%  2241  551s
 11776  7728   11.78462   25 3055   12.08972   11.78462  2.52%  2316  568s
 11851  7762   11.79803   27 2869   12.08972   11.78462  2.52%  2375  582s
 11930  7781   11.78462   26 2847   12.08972   11.78462  2.52%  2436  593s
 12005  7805   11.78462   27 2818   12.08972   11.78462  2.52%  2493  606s
 12075  7855   11.78646   28 3020   12.08972   11.78462  2.52%  2557  621s
 12172  7872   11.78462   28 2873   12.08972   11.78462  2.52%  2620  632s
 12246  7912   11.78462   29 2948   12.08972   11.78462  2.52%  2681  645s
 12336  7924   11.87250   36 2806   12.08972   11.78462  2.52%  2753  657s
 12416  7960   11.82056   32 3008   12.08972   11.78462  2.52%  2826  677s
 12497  8000   11.82038   33 2981   12.08972   11.78462  2.52%  2906  690s
 12601  8051   11.78846   35 3142   12.08972   11.78462  2.52%  2978  704s
 12719  8082   11.86673   36 2961   12.08972   11.78462  2.52%  3044  726s
 12840  8121     cutoff   37        12.08972   11.78462  2.52%  3107  742s
 12958  8146   11.93423   38 2518   12.08972   11.78462  2.52%  3186  758s
 13050  8196   11.84186   40 2939   12.08972   11.78462  2.52%  3263  772s
 13180  8210   11.84835   41 2981   12.08972   11.78462  2.52%  3346  793s
 13296  8246   11.85651   42 2933   12.08972   11.78462  2.52%  3429  818s
 13412  8276   11.84945   44 2874   12.08972   11.78462  2.52%  3520  838s
 13537  8310   11.90497   46 2619   12.08972   11.78462  2.52%  3625  854s
 13657  8335   11.91297   49 2569   12.08972   11.78462  2.52%  3709  874s
 13784  8395   11.96687   52 2401   12.08972   11.78462  2.52%  3808  894s
 13954  8446   11.92666   54 2458   12.08972   11.78462  2.52%  3907  917s
 14095  8510   11.93819   56 2411   12.08972   11.78462  2.52%  3979  936s
 14267  8553   11.93299   59 2425   12.08972   11.78462  2.52%  4079  959s
 14428  8618     cutoff   63        12.08972   11.78462  2.52%  4180  981s
 14609  8719   11.93603   66 2539   12.08972   11.78462  2.52%  4288 1013s
 14826  8834   12.08418   71 2515   12.08972   11.78462  2.52%  4392 1035s
 15065  8960   11.95888   71 2574   12.08972   11.78462  2.52%  4479 1062s
 15329  9044   11.95738   73 2575   12.08972   11.78462  2.52%  4571 1088s
 15588  9196   11.96369   79 2530   12.08972   11.78462  2.52%  4682 1110s
 15926  9270   11.98772   84 2504   12.08972   11.78462  2.52%  4779 1137s
 16231  9431   11.98566   87 2561   12.08972   11.78462  2.52%  4911 1175s
 16577  9358   12.02986   91 2464   12.08972   11.78462  2.52%  4997 1199s
H16583  7137                      11.9522325   11.78462  1.40%  4997 1199s
 16633  7052     cutoff   92        11.95223   11.78462  1.40%  5015 1234s
 16856  7046   11.84568   22 2759   11.95223   11.78462  1.40%  5087 1271s
 17060  7107     cutoff   30        11.95223   11.78462  1.40%  5201 1312s
 17308  7086     cutoff   70        11.95223   11.78462  1.40%  5318 1346s
 17552  7122     cutoff   44        11.95223   11.78462  1.40%  5466 1382s
H17613  6748                      11.9522324   11.78462  1.40%  5477 1382s
 17830  6800   11.84005   77 2355   11.95223   11.78462  1.40%  5575 1414s
 18157  6821   11.81547   59 1850   11.95223   11.78462  1.40%  5696 1448s
 18460  6781     cutoff   66        11.95223   11.78462  1.40%  5847 1492s
H18703  6364                      11.9522323   11.78462  1.40%  5981 1492s
 18741  6510   11.86688   67 2856   11.95223   11.78462  1.40%  5997 1543s
 19120  6612     cutoff   66        11.95223   11.78462  1.40%  6112 1589s
 19504  6630   11.80506   34 2769   11.95223   11.78462  1.40%  6218 1635s
H19533  6302                      11.9522323   11.78462  1.40%  6224 1635s
 19850  6333   11.81787   39 2581   11.95223   11.78462  1.40%  6364 1685s
H19999  5979                      11.9522322   11.78462  1.40%  6432 1685s
 20183  6090   11.86558   46 2234   11.95223   11.78462  1.40%  6531 1731s
 20574  6089   11.80554   43 2693   11.95223   11.78462  1.40%  6678 1791s
 20928  6086   11.93010   48 2353   11.95223   11.78462  1.40%  6821 1845s
 21261  6086   11.94862   61 1865   11.95223   11.78462  1.40%  6952 1902s
H21473  5726                      11.9521559   11.78462  1.40%  7049 1902s
H21506  5441                      11.9521407   11.78462  1.40%  7070 1902s
