2026-05-28 12:39:15 [INFO] idaes.core.surrogate.pysmo_surrogate: Decode surrogate. type=poly

===========================Polynomial Regression===============================================

The number of cross-validation cases (3) is used.
The default training/cross-validation split of 0.75 is used.
No iterations will be run.
Default parameter estimation method is used.
Parameter estimation method:  pyomo 

2026-05-28 12:39:15 [INFO] idaes.core.surrogate.pysmo_surrogate: Decode surrogate. type=poly

===========================Polynomial Regression===============================================

The number of cross-validation cases (3) is used.
The default training/cross-validation split of 0.75 is used.
No iterations will be run.
Default parameter estimation method is used.
Parameter estimation method:  pyomo 

2026-05-28 12:39:15 [INFO] idaes.core.surrogate.pysmo_surrogate: Decode surrogate. type=poly

===========================Polynomial Regression===============================================

The number of cross-validation cases (3) is used.
The default training/cross-validation split of 0.75 is used.
No iterations will be run.
Default parameter estimation method is used.
Parameter estimation method:  pyomo 

2026-05-28 12:39:15 [INFO] idaes.core.surrogate.pysmo_surrogate: Decode surrogate. type=poly

===========================Polynomial Regression===============================================

The number of cross-validation cases (3) is used.
The default training/cross-validation split of 0.75 is used.
No iterations will be run.
Default parameter estimation method is used.
Parameter estimation method:  pyomo 

2026-05-28 12:39:16 [INFO] idaes.apps.grid_integration.pricetaker.price_taker_model: Found minimum uptime/downtime data for pretreatment.uf_pumps[1] - Adding minimum uptime/downtime constraints.
2026-05-28 12:39:16 [INFO] idaes.apps.grid_integration.pricetaker.price_taker_model: Created startup/shutdown constraints for operation model  pretreatment.uf_pumps[1] at uf_pumps_1_startup_shutdown.
2026-05-28 12:39:16 [INFO] idaes.apps.grid_integration.pricetaker.price_taker_model: Found minimum uptime/downtime data for pretreatment.uf_pumps[2] - Adding minimum uptime/downtime constraints.
2026-05-28 12:39:16 [INFO] idaes.apps.grid_integration.pricetaker.price_taker_model: Created startup/shutdown constraints for operation model  pretreatment.uf_pumps[2] at uf_pumps_2_startup_shutdown.
2026-05-28 12:39:16 [INFO] idaes.apps.grid_integration.pricetaker.price_taker_model: Found minimum uptime/downtime data for pretreatment.uf_pumps[3] - Adding minimum uptime/downtime constraints.
2026-05-28 12:39:16 [INFO] idaes.apps.grid_integration.pricetaker.price_taker_model: Created startup/shutdown constraints for operation model  pretreatment.uf_pumps[3] at uf_pumps_3_startup_shutdown.
2026-05-28 12:39:16 [INFO] idaes.apps.grid_integration.pricetaker.price_taker_model: Found minimum uptime/downtime data for reverse_osmosis.ro_skid[1] - Adding minimum uptime/downtime constraints.
2026-05-28 12:39:16 [INFO] idaes.apps.grid_integration.pricetaker.price_taker_model: Created startup/shutdown constraints for operation model  reverse_osmosis.ro_skid[1] at ro_skid_1_startup_shutdown.
2026-05-28 12:39:16 [INFO] idaes.apps.grid_integration.pricetaker.price_taker_model: Found minimum uptime/downtime data for reverse_osmosis.ro_skid[2] - Adding minimum uptime/downtime constraints.
2026-05-28 12:39:16 [INFO] idaes.apps.grid_integration.pricetaker.price_taker_model: Created startup/shutdown constraints for operation model  reverse_osmosis.ro_skid[2] at ro_skid_2_startup_shutdown.
2026-05-28 12:39:16 [INFO] idaes.apps.grid_integration.pricetaker.price_taker_model: Found minimum uptime/downtime data for reverse_osmosis.ro_skid[3] - Adding minimum uptime/downtime constraints.
2026-05-28 12:39:16 [INFO] idaes.apps.grid_integration.pricetaker.price_taker_model: Created startup/shutdown constraints for operation model  reverse_osmosis.ro_skid[3] at ro_skid_3_startup_shutdown.
2026-05-28 12:39:16 [INFO] idaes.apps.grid_integration.pricetaker.price_taker_model: Found minimum uptime/downtime data for reverse_osmosis.ro_skid[4] - Adding minimum uptime/downtime constraints.
2026-05-28 12:39:16 [INFO] idaes.apps.grid_integration.pricetaker.price_taker_model: Created startup/shutdown constraints for operation model  reverse_osmosis.ro_skid[4] at ro_skid_4_startup_shutdown.
3527
Set parameter TokenServer to value "10.60.1.73"
Set parameter LogToConsole to value 1
Set parameter MIPGap to value 0.01
Gurobi Optimizer version 12.0.3 build v12.0.3rc0 (linux64 - "Red Hat Enterprise Linux 8.8 (Ootpa)")

CPU model: Intel(R) Xeon(R) Platinum 8470QL, instruction set [SSE2|AVX|AVX2|AVX512]
Thread count: 104 physical cores, 104 logical processors, using up to 32 threads

Non-default parameters:
MIPGap  0.01

Optimize a model with 17952 rows, 14451 columns and 45155 nonzeros
Model fingerprint: 0xe38dd4d2
Model has 168 quadratic objective terms
Model has 2352 quadratic constraints
Variable types: 10587 continuous, 3864 integer (3864 binary)
Coefficient statistics:
  Matrix range     [3e-02, 2e+03]
  QMatrix range    [2e-07, 1e+00]
  QLMatrix range   [1e-04, 1e+00]
  Objective range  [7e-06, 5e-03]
  QObjective range [2e-04, 2e-04]
  Bounds range     [1e+00, 1e+03]
  RHS range        [1e+00, 3e+05]
  QRHS range       [2e-01, 3e-01]
Presolve removed 17941 rows and 14434 columns
Presolve time: 0.08s
Presolved: 47 rows, 26 columns, 117 nonzeros
Presolved model has 14 bilinear constraint(s)

Solving non-convex MIQCP

Variable types: 24 continuous, 2 integer (2 binary)
Found heuristic solution: objective 11.1737918

Root relaxation: objective 1.063577e+01, 26 iterations, 0.00 seconds (0.00 work units)

    Nodes    |    Current Node    |     Objective Bounds      |     Work
 Expl Unexpl |  Obj  Depth IntInf | Incumbent    BestBd   Gap | It/Node Time

     0     0   10.63577    0    9   11.17379   10.63577  4.82%     -    0s
     0     0   10.65212    0   12   11.17379   10.65212  4.67%     -    0s
     0     0   11.00778    0   12   11.17379   11.00778  1.49%     -    0s
     0     0   11.02447    0   13   11.17379   11.02447  1.34%     -    0s
     0     0   11.03256    0   12   11.17379   11.03256  1.26%     -    0s
     0     0          -    0        11.17379   11.06343  0.99%     -    0s

Cutting planes:
  RLT: 6
  Relax-and-lift: 2

Explored 1 nodes (58 simplex iterations) in 0.12 seconds (0.14 work units)
Thread count was 32 (of 104 available processors)

Solution count 1: 11.1738 

Optimal solution found (tolerance 1.00e-02)
Best objective 1.117379178511e+01, best bound 1.106343120177e+01, gap 0.9877%
m.flow_changes_penalty(): 0.0
Total operational cost: 111737.92
Maximum power (kW): 1127.08
Discharge energy capacity (kWh): 0.00
Charge energy capacity (kWh): 7910.08
Levelized Cost of Flexibility ($/kWh): nan
{'fixed_demand_cost': 4963.622430913925, 'variable_demand_cost': 2666.4923762402022, 'fixed_monthly_cost': 171938.17204301074, 'total_water_production': 282179.6712548452, 'total_energy_cost': 18663.290146715608, 'total_demand_cost': 7630.114807154127, 'total_customer_cost': 0.0, 'total_feed_cost': 50843.18401230207, 'total_brine_cost': 15303.79839347874, 'total_chemical_cost': 19297.530491452813, 'total_water_revenue': 0.0, 'total_demand_response_revenue': -0.0, 'total_emissions_cost': 0.0, 'total_op_cost': 111737.91785110335, 'fixed_cost': 121551.98252688172, 'total_cost': 233289.9003779851, 'LCOW': 0.8267424061434027, 'degree_of_flex': 0.0, 'total_replacement_cost': 992.3107078853046, 'maximum_power': 1127.0837800240379, 'energy_capacity': 0.0, 'power_capacity': nan, 'round_trip_efficiency': 0, 'LVOF': nan}
Saved operation variable results to: /home/rchurchi/watertap_test/watertap/tutorials/flex_ro/wrd_result_winter_no_flex_0_flexible_trains.csv
2026-05-28 12:39:20 [INFO] idaes.core.surrogate.pysmo_surrogate: Decode surrogate. type=poly

===========================Polynomial Regression===============================================

The number of cross-validation cases (3) is used.
The default training/cross-validation split of 0.75 is used.
No iterations will be run.
Default parameter estimation method is used.
Parameter estimation method:  pyomo 

2026-05-28 12:39:20 [INFO] idaes.core.surrogate.pysmo_surrogate: Decode surrogate. type=poly

===========================Polynomial Regression===============================================

The number of cross-validation cases (3) is used.
The default training/cross-validation split of 0.75 is used.
No iterations will be run.
Default parameter estimation method is used.
Parameter estimation method:  pyomo 

2026-05-28 12:39:20 [INFO] idaes.core.surrogate.pysmo_surrogate: Decode surrogate. type=poly

===========================Polynomial Regression===============================================

The number of cross-validation cases (3) is used.
The default training/cross-validation split of 0.75 is used.
No iterations will be run.
Default parameter estimation method is used.
Parameter estimation method:  pyomo 

2026-05-28 12:39:20 [INFO] idaes.core.surrogate.pysmo_surrogate: Decode surrogate. type=poly

===========================Polynomial Regression===============================================

The number of cross-validation cases (3) is used.
The default training/cross-validation split of 0.75 is used.
No iterations will be run.
Default parameter estimation method is used.
Parameter estimation method:  pyomo 

2026-05-28 12:39:22 [INFO] idaes.apps.grid_integration.pricetaker.price_taker_model: Found minimum uptime/downtime data for pretreatment.uf_pumps[1] - Adding minimum uptime/downtime constraints.
2026-05-28 12:39:22 [INFO] idaes.apps.grid_integration.pricetaker.price_taker_model: Created startup/shutdown constraints for operation model  pretreatment.uf_pumps[1] at uf_pumps_1_startup_shutdown.
2026-05-28 12:39:22 [INFO] idaes.apps.grid_integration.pricetaker.price_taker_model: Found minimum uptime/downtime data for pretreatment.uf_pumps[2] - Adding minimum uptime/downtime constraints.
2026-05-28 12:39:22 [INFO] idaes.apps.grid_integration.pricetaker.price_taker_model: Created startup/shutdown constraints for operation model  pretreatment.uf_pumps[2] at uf_pumps_2_startup_shutdown.
2026-05-28 12:39:22 [INFO] idaes.apps.grid_integration.pricetaker.price_taker_model: Found minimum uptime/downtime data for pretreatment.uf_pumps[3] - Adding minimum uptime/downtime constraints.
2026-05-28 12:39:22 [INFO] idaes.apps.grid_integration.pricetaker.price_taker_model: Created startup/shutdown constraints for operation model  pretreatment.uf_pumps[3] at uf_pumps_3_startup_shutdown.
2026-05-28 12:39:22 [INFO] idaes.apps.grid_integration.pricetaker.price_taker_model: Found minimum uptime/downtime data for reverse_osmosis.ro_skid[1] - Adding minimum uptime/downtime constraints.
2026-05-28 12:39:22 [INFO] idaes.apps.grid_integration.pricetaker.price_taker_model: Created startup/shutdown constraints for operation model  reverse_osmosis.ro_skid[1] at ro_skid_1_startup_shutdown.
2026-05-28 12:39:22 [INFO] idaes.apps.grid_integration.pricetaker.price_taker_model: Found minimum uptime/downtime data for reverse_osmosis.ro_skid[2] - Adding minimum uptime/downtime constraints.
2026-05-28 12:39:22 [INFO] idaes.apps.grid_integration.pricetaker.price_taker_model: Created startup/shutdown constraints for operation model  reverse_osmosis.ro_skid[2] at ro_skid_2_startup_shutdown.
2026-05-28 12:39:22 [INFO] idaes.apps.grid_integration.pricetaker.price_taker_model: Found minimum uptime/downtime data for reverse_osmosis.ro_skid[3] - Adding minimum uptime/downtime constraints.
2026-05-28 12:39:22 [INFO] idaes.apps.grid_integration.pricetaker.price_taker_model: Created startup/shutdown constraints for operation model  reverse_osmosis.ro_skid[3] at ro_skid_3_startup_shutdown.
2026-05-28 12:39:22 [INFO] idaes.apps.grid_integration.pricetaker.price_taker_model: Found minimum uptime/downtime data for reverse_osmosis.ro_skid[4] - Adding minimum uptime/downtime constraints.
2026-05-28 12:39:22 [INFO] idaes.apps.grid_integration.pricetaker.price_taker_model: Created startup/shutdown constraints for operation model  reverse_osmosis.ro_skid[4] at ro_skid_4_startup_shutdown.
2352
Set parameter LogToConsole to value 1
Set parameter MIPGap to value 0.01
Gurobi Optimizer version 12.0.3 build v12.0.3rc0 (linux64 - "Red Hat Enterprise Linux 8.8 (Ootpa)")

CPU model: Intel(R) Xeon(R) Platinum 8470QL, instruction set [SSE2|AVX|AVX2|AVX512]
Thread count: 104 physical cores, 104 logical processors, using up to 32 threads

Non-default parameters:
MIPGap  0.01

Optimize a model with 17951 rows, 14451 columns and 43979 nonzeros
Model fingerprint: 0x19acf02b
Model has 168 quadratic objective terms
Model has 2352 quadratic constraints
Variable types: 10587 continuous, 3864 integer (3864 binary)
Coefficient statistics:
  Matrix range     [3e-02, 2e+03]
  QMatrix range    [2e-07, 1e+00]
  QLMatrix range   [1e-04, 1e+00]
  Objective range  [7e-06, 5e-03]
  QObjective range [2e-04, 2e-04]
  Bounds range     [1e+00, 1e+03]
  RHS range        [1e+00, 3e+05]
  QRHS range       [2e-01, 3e-01]
Presolve removed 13037 rows and 9220 columns
Presolve time: 0.10s
Presolved: 13146 rows, 5232 columns, 34916 nonzeros
Presolved model has 2352 bilinear constraint(s)

Solving non-convex MIQCP

Variable types: 3734 continuous, 1498 integer (1498 binary)
Found heuristic solution: objective 11.1737918

Root relaxation: objective 1.065212e+01, 10526 iterations, 1.07 seconds (1.90 work units)

    Nodes    |    Current Node    |     Objective Bounds      |     Work
 Expl Unexpl |  Obj  Depth IntInf | Incumbent    BestBd   Gap | It/Node Time

     0     0   10.65212    0 1344   11.17379   10.65212  4.67%     -    1s
     0     0   11.01378    0 1512   11.17379   11.01378  1.43%     -    1s
H    0     0                      11.1179353   11.01378  0.94%     -    2s

Cutting planes:
  RLT: 728

Explored 1 nodes (16118 simplex iterations) in 2.13 seconds (3.54 work units)
Thread count was 32 (of 104 available processors)

Solution count 2: 11.1179 11.1738 

Optimal solution found (tolerance 1.00e-02)
Best objective 1.111793527160e+01, best bound 1.101377837832e+01, gap 0.9368%
m.flow_changes_penalty(): 0.0
Total operational cost: 111179.35
Maximum power (kW): 1103.14
Discharge energy capacity (kWh): 0.00
Charge energy capacity (kWh): 3887.61
Levelized Cost of Flexibility ($/kWh): nan
{'fixed_demand_cost': 4858.177496759399, 'variable_demand_cost': 2609.8466266994865, 'fixed_monthly_cost': 171938.17204301074, 'total_water_production': 282179.6712328763, 'total_energy_cost': 18266.815711357507, 'total_demand_cost': 7468.024123458886, 'total_customer_cost': 0.0, 'total_feed_cost': 50843.18400592396, 'total_brine_cost': 15303.798385783735, 'total_chemical_cost': 19297.5304894483, 'total_water_revenue': 0.0, 'total_demand_response_revenue': -0.0, 'total_emissions_cost': 0.0, 'total_op_cost': 111179.35271597239, 'fixed_cost': 121551.98252688172, 'total_cost': 232731.3352428541, 'LCOW': 0.8247629399595776, 'degree_of_flex': 0.0, 'total_replacement_cost': 992.3107078853046, 'maximum_power': 1103.1405255510365, 'energy_capacity': 0.0, 'power_capacity': nan, 'round_trip_efficiency': 0, 'LVOF': nan}
Saved operation variable results to: /home/rchurchi/watertap_test/watertap/tutorials/flex_ro/wrd_result_winter_flow_0_flexible_trains.csv
2026-05-28 12:39:27 [INFO] idaes.core.surrogate.pysmo_surrogate: Decode surrogate. type=poly

===========================Polynomial Regression===============================================

The number of cross-validation cases (3) is used.
The default training/cross-validation split of 0.75 is used.
No iterations will be run.
Default parameter estimation method is used.
Parameter estimation method:  pyomo 

2026-05-28 12:39:27 [INFO] idaes.core.surrogate.pysmo_surrogate: Decode surrogate. type=poly

===========================Polynomial Regression===============================================

The number of cross-validation cases (3) is used.
The default training/cross-validation split of 0.75 is used.
No iterations will be run.
Default parameter estimation method is used.
Parameter estimation method:  pyomo 

2026-05-28 12:39:27 [INFO] idaes.core.surrogate.pysmo_surrogate: Decode surrogate. type=poly

===========================Polynomial Regression===============================================

The number of cross-validation cases (3) is used.
The default training/cross-validation split of 0.75 is used.
No iterations will be run.
Default parameter estimation method is used.
Parameter estimation method:  pyomo 

2026-05-28 12:39:27 [INFO] idaes.core.surrogate.pysmo_surrogate: Decode surrogate. type=poly

===========================Polynomial Regression===============================================

The number of cross-validation cases (3) is used.
The default training/cross-validation split of 0.75 is used.
No iterations will be run.
Default parameter estimation method is used.
Parameter estimation method:  pyomo 

2026-05-28 12:39:29 [INFO] idaes.apps.grid_integration.pricetaker.price_taker_model: Found minimum uptime/downtime data for pretreatment.uf_pumps[1] - Adding minimum uptime/downtime constraints.
2026-05-28 12:39:29 [INFO] idaes.apps.grid_integration.pricetaker.price_taker_model: Created startup/shutdown constraints for operation model  pretreatment.uf_pumps[1] at uf_pumps_1_startup_shutdown.
2026-05-28 12:39:29 [INFO] idaes.apps.grid_integration.pricetaker.price_taker_model: Found minimum uptime/downtime data for pretreatment.uf_pumps[2] - Adding minimum uptime/downtime constraints.
2026-05-28 12:39:29 [INFO] idaes.apps.grid_integration.pricetaker.price_taker_model: Created startup/shutdown constraints for operation model  pretreatment.uf_pumps[2] at uf_pumps_2_startup_shutdown.
2026-05-28 12:39:29 [INFO] idaes.apps.grid_integration.pricetaker.price_taker_model: Found minimum uptime/downtime data for pretreatment.uf_pumps[3] - Adding minimum uptime/downtime constraints.
2026-05-28 12:39:29 [INFO] idaes.apps.grid_integration.pricetaker.price_taker_model: Created startup/shutdown constraints for operation model  pretreatment.uf_pumps[3] at uf_pumps_3_startup_shutdown.
2026-05-28 12:39:29 [INFO] idaes.apps.grid_integration.pricetaker.price_taker_model: Found minimum uptime/downtime data for reverse_osmosis.ro_skid[1] - Adding minimum uptime/downtime constraints.
2026-05-28 12:39:29 [INFO] idaes.apps.grid_integration.pricetaker.price_taker_model: Created startup/shutdown constraints for operation model  reverse_osmosis.ro_skid[1] at ro_skid_1_startup_shutdown.
2026-05-28 12:39:29 [INFO] idaes.apps.grid_integration.pricetaker.price_taker_model: Found minimum uptime/downtime data for reverse_osmosis.ro_skid[2] - Adding minimum uptime/downtime constraints.
2026-05-28 12:39:29 [INFO] idaes.apps.grid_integration.pricetaker.price_taker_model: Created startup/shutdown constraints for operation model  reverse_osmosis.ro_skid[2] at ro_skid_2_startup_shutdown.
2026-05-28 12:39:29 [INFO] idaes.apps.grid_integration.pricetaker.price_taker_model: Found minimum uptime/downtime data for reverse_osmosis.ro_skid[3] - Adding minimum uptime/downtime constraints.
2026-05-28 12:39:29 [INFO] idaes.apps.grid_integration.pricetaker.price_taker_model: Created startup/shutdown constraints for operation model  reverse_osmosis.ro_skid[3] at ro_skid_3_startup_shutdown.
2026-05-28 12:39:29 [INFO] idaes.apps.grid_integration.pricetaker.price_taker_model: Found minimum uptime/downtime data for reverse_osmosis.ro_skid[4] - Adding minimum uptime/downtime constraints.
2026-05-28 12:39:29 [INFO] idaes.apps.grid_integration.pricetaker.price_taker_model: Created startup/shutdown constraints for operation model  reverse_osmosis.ro_skid[4] at ro_skid_4_startup_shutdown.
3528
Set parameter LogToConsole to value 1
Set parameter MIPGap to value 0.01
Gurobi Optimizer version 12.0.3 build v12.0.3rc0 (linux64 - "Red Hat Enterprise Linux 8.8 (Ootpa)")

CPU model: Intel(R) Xeon(R) Platinum 8470QL, instruction set [SSE2|AVX|AVX2|AVX512]
Thread count: 104 physical cores, 104 logical processors, using up to 32 threads

Non-default parameters:
MIPGap  0.01

Optimize a model with 16103 rows, 15627 columns and 40283 nonzeros
Model fingerprint: 0xc6bd5b5f
Model has 168 quadratic objective terms
Model has 4200 quadratic constraints
Variable types: 11763 continuous, 3864 integer (3864 binary)
Coefficient statistics:
  Matrix range     [3e-02, 2e+03]
  QMatrix range    [2e-07, 1e+00]
  QLMatrix range   [1e-04, 4e+01]
  Objective range  [7e-06, 5e-03]
  QObjective range [2e-04, 2e-04]
  Bounds range     [9e-01, 1e+03]
  RHS range        [1e+00, 3e+05]
  QRHS range       [3e-01, 1e+00]
Presolve removed 10013 rows and 8044 columns
Presolve time: 0.11s
Presolved: 21714 rows, 8928 columns, 56717 nonzeros
Presolved model has 4200 bilinear constraint(s)

Solving non-convex MIQCP

Variable types: 7430 continuous, 1498 integer (1498 binary)
Found heuristic solution: objective 10.3638649

Root simplex log...

Iteration    Objective       Primal Inf.    Dual Inf.      Time
   25712    9.5399131e+00   0.000000e+00   2.187029e+00      5s
   27326    9.5389438e+00   0.000000e+00   0.000000e+00      6s

Root relaxation: objective 9.538944e+00, 27326 iterations, 5.49 seconds (10.97 work units)

    Nodes    |    Current Node    |     Objective Bounds      |     Work
 Expl Unexpl |  Obj  Depth IntInf | Incumbent    BestBd   Gap | It/Node Time

     0     0    9.53894    0 3865   10.36386    9.53894  7.96%     -    5s
H    0     0                      10.3638649    9.53894  7.96%     -    5s
H    0     0                      10.3638647    9.53894  7.96%     -    5s
     0     0   10.12998    0 3163   10.36386   10.12998  2.26%     -   11s
H    0     0                      10.3507903   10.12998  2.13%     -   11s
     0     0   10.13341    0 3667   10.35079   10.13341  2.10%     -   14s
     0     0   10.17996    0 3714   10.35079   10.17996  1.65%     -   21s
     0     0   10.18060    0 3731   10.35079   10.18060  1.64%     -   26s
H    0     0                      10.3507849   10.18060  1.64%     -   26s
     0     0   10.19905    0 3982   10.35078   10.19905  1.47%     -   41s
H    0     0                      10.3268560   10.21383  1.09%     -   47s
     0     0   10.21383    0 3744   10.32686   10.21383  1.09%     -   47s
     0     0   10.21397    0 3706   10.32686   10.21397  1.09%     -   52s
     0     0   10.21917    0 3744   10.32686   10.21917  1.04%     -   58s
     0     0   10.22011    0 3702   10.32686   10.22011  1.03%     -   62s
     0     0          -    0        10.32686   10.22670  0.97%     -   67s

Cutting planes:
  Cover: 64
  Implied bound: 203
  Clique: 36
  MIR: 38
  Flow cover: 280
  RLT: 2225
  Relax-and-lift: 18

Explored 1 nodes (286136 simplex iterations) in 67.61 seconds (125.74 work units)
Thread count was 32 (of 104 available processors)

Solution count 4: 10.3269 10.3508 10.3508 10.3639 

Optimal solution found (tolerance 1.00e-02)
Best objective 1.032685598911e+01, best bound 1.022669822498e+01, gap 0.9699%
m.flow_changes_penalty(): 0.0
Total operational cost: 103268.56
Maximum power (kW): 1103.24
Discharge energy capacity (kWh): 0.00
Charge energy capacity (kWh): 3895.47
Levelized Cost of Flexibility ($/kWh): nan
{'fixed_demand_cost': 4858.6111494831275, 'variable_demand_cost': 2610.0795879488946, 'fixed_monthly_cost': 171938.17204301074, 'total_water_production': 282179.7940991922, 'total_energy_cost': 18267.443429751285, 'total_demand_cost': 7468.690737432022, 'total_customer_cost': 0.0, 'total_feed_cost': 48811.852007574846, 'total_brine_cost': 9844.540807704712, 'total_chemical_cost': 18876.032908646743, 'total_water_revenue': 0.0, 'total_demand_response_revenue': -0.0, 'total_emissions_cost': 0.0, 'total_op_cost': 103268.5598911096, 'fixed_cost': 121551.98252688172, 'total_cost': 224820.54241799132, 'LCOW': 0.7967279979620444, 'degree_of_flex': 0.0, 'total_replacement_cost': 992.3107078853046, 'maximum_power': 1103.2389945541959, 'energy_capacity': 0.0, 'power_capacity': nan, 'round_trip_efficiency': 0, 'LVOF': nan}
Saved operation variable results to: /home/rchurchi/watertap_test/watertap/tutorials/flex_ro/wrd_result_winter_rr_0_flexible_trains.csv
2026-05-28 12:40:40 [INFO] idaes.core.surrogate.pysmo_surrogate: Decode surrogate. type=poly

===========================Polynomial Regression===============================================

The number of cross-validation cases (3) is used.
The default training/cross-validation split of 0.75 is used.
No iterations will be run.
Default parameter estimation method is used.
Parameter estimation method:  pyomo 

2026-05-28 12:40:40 [INFO] idaes.core.surrogate.pysmo_surrogate: Decode surrogate. type=poly

===========================Polynomial Regression===============================================

The number of cross-validation cases (3) is used.
The default training/cross-validation split of 0.75 is used.
No iterations will be run.
Default parameter estimation method is used.
Parameter estimation method:  pyomo 

2026-05-28 12:40:40 [INFO] idaes.core.surrogate.pysmo_surrogate: Decode surrogate. type=poly

===========================Polynomial Regression===============================================

The number of cross-validation cases (3) is used.
The default training/cross-validation split of 0.75 is used.
No iterations will be run.
Default parameter estimation method is used.
Parameter estimation method:  pyomo 

2026-05-28 12:40:40 [INFO] idaes.core.surrogate.pysmo_surrogate: Decode surrogate. type=poly

===========================Polynomial Regression===============================================

The number of cross-validation cases (3) is used.
The default training/cross-validation split of 0.75 is used.
No iterations will be run.
Default parameter estimation method is used.
Parameter estimation method:  pyomo 

2026-05-28 12:40:42 [INFO] idaes.apps.grid_integration.pricetaker.price_taker_model: Found minimum uptime/downtime data for pretreatment.uf_pumps[1] - Adding minimum uptime/downtime constraints.
2026-05-28 12:40:42 [INFO] idaes.apps.grid_integration.pricetaker.price_taker_model: Created startup/shutdown constraints for operation model  pretreatment.uf_pumps[1] at uf_pumps_1_startup_shutdown.
2026-05-28 12:40:42 [INFO] idaes.apps.grid_integration.pricetaker.price_taker_model: Found minimum uptime/downtime data for pretreatment.uf_pumps[2] - Adding minimum uptime/downtime constraints.
2026-05-28 12:40:42 [INFO] idaes.apps.grid_integration.pricetaker.price_taker_model: Created startup/shutdown constraints for operation model  pretreatment.uf_pumps[2] at uf_pumps_2_startup_shutdown.
2026-05-28 12:40:42 [INFO] idaes.apps.grid_integration.pricetaker.price_taker_model: Found minimum uptime/downtime data for pretreatment.uf_pumps[3] - Adding minimum uptime/downtime constraints.
2026-05-28 12:40:42 [INFO] idaes.apps.grid_integration.pricetaker.price_taker_model: Created startup/shutdown constraints for operation model  pretreatment.uf_pumps[3] at uf_pumps_3_startup_shutdown.
2026-05-28 12:40:42 [INFO] idaes.apps.grid_integration.pricetaker.price_taker_model: Found minimum uptime/downtime data for reverse_osmosis.ro_skid[1] - Adding minimum uptime/downtime constraints.
2026-05-28 12:40:42 [INFO] idaes.apps.grid_integration.pricetaker.price_taker_model: Created startup/shutdown constraints for operation model  reverse_osmosis.ro_skid[1] at ro_skid_1_startup_shutdown.
2026-05-28 12:40:42 [INFO] idaes.apps.grid_integration.pricetaker.price_taker_model: Found minimum uptime/downtime data for reverse_osmosis.ro_skid[2] - Adding minimum uptime/downtime constraints.
2026-05-28 12:40:42 [INFO] idaes.apps.grid_integration.pricetaker.price_taker_model: Created startup/shutdown constraints for operation model  reverse_osmosis.ro_skid[2] at ro_skid_2_startup_shutdown.
2026-05-28 12:40:42 [INFO] idaes.apps.grid_integration.pricetaker.price_taker_model: Found minimum uptime/downtime data for reverse_osmosis.ro_skid[3] - Adding minimum uptime/downtime constraints.
2026-05-28 12:40:42 [INFO] idaes.apps.grid_integration.pricetaker.price_taker_model: Created startup/shutdown constraints for operation model  reverse_osmosis.ro_skid[3] at ro_skid_3_startup_shutdown.
2026-05-28 12:40:42 [INFO] idaes.apps.grid_integration.pricetaker.price_taker_model: Found minimum uptime/downtime data for reverse_osmosis.ro_skid[4] - Adding minimum uptime/downtime constraints.
2026-05-28 12:40:42 [INFO] idaes.apps.grid_integration.pricetaker.price_taker_model: Created startup/shutdown constraints for operation model  reverse_osmosis.ro_skid[4] at ro_skid_4_startup_shutdown.
3528
Set parameter LogToConsole to value 1
Set parameter MIPGap to value 0.01
Gurobi Optimizer version 12.0.3 build v12.0.3rc0 (linux64 - "Red Hat Enterprise Linux 8.8 (Ootpa)")

CPU model: Intel(R) Xeon(R) Platinum 8470QL, instruction set [SSE2|AVX|AVX2|AVX512]
Thread count: 104 physical cores, 104 logical processors, using up to 32 threads

Non-default parameters:
MIPGap  0.01

Optimize a model with 16103 rows, 15627 columns and 40283 nonzeros
Model fingerprint: 0x43a966ec
Model has 168 quadratic objective terms
Model has 4200 quadratic constraints
Variable types: 11763 continuous, 3864 integer (3864 binary)
Coefficient statistics:
  Matrix range     [3e-02, 2e+03]
  QMatrix range    [2e-07, 1e+00]
  QLMatrix range   [1e-04, 4e+01]
  Objective range  [7e-06, 5e-03]
  QObjective range [2e-04, 2e-04]
  Bounds range     [9e-01, 1e+03]
  RHS range        [1e+00, 3e+05]
  QRHS range       [3e-01, 1e+00]
Presolve removed 10013 rows and 8044 columns
Presolve time: 0.12s
Presolved: 21714 rows, 8928 columns, 56717 nonzeros
Presolved model has 4200 bilinear constraint(s)

Solving non-convex MIQCP

Variable types: 7430 continuous, 1498 integer (1498 binary)
Found heuristic solution: objective 10.3638649

Root simplex log...

Iteration    Objective       Primal Inf.    Dual Inf.      Time
   25712    9.5399131e+00   0.000000e+00   2.187029e+00      5s
   27326    9.5389438e+00   0.000000e+00   0.000000e+00      6s

Root relaxation: objective 9.538944e+00, 27326 iterations, 5.49 seconds (10.97 work units)

    Nodes    |    Current Node    |     Objective Bounds      |     Work
 Expl Unexpl |  Obj  Depth IntInf | Incumbent    BestBd   Gap | It/Node Time

     0     0    9.53894    0 3865   10.36386    9.53894  7.96%     -    5s
H    0     0                      10.3638649    9.53894  7.96%     -    5s
H    0     0                      10.3638647    9.53894  7.96%     -    5s
     0     0   10.12998    0 3163   10.36386   10.12998  2.26%     -   11s
H    0     0                      10.3507903   10.12998  2.13%     -   11s
     0     0   10.13341    0 3667   10.35079   10.13341  2.10%     -   14s
     0     0   10.17996    0 3714   10.35079   10.17996  1.65%     -   21s
     0     0   10.18060    0 3731   10.35079   10.18060  1.64%     -   26s
H    0     0                      10.3507849   10.18060  1.64%     -   26s
     0     0   10.19905    0 3982   10.35078   10.19905  1.47%     -   41s
H    0     0                      10.3268560   10.21383  1.09%     -   47s
     0     0   10.21383    0 3744   10.32686   10.21383  1.09%     -   47s
     0     0   10.21397    0 3706   10.32686   10.21397  1.09%     -   52s
     0     0   10.21917    0 3744   10.32686   10.21917  1.04%     -   58s
     0     0   10.22011    0 3702   10.32686   10.22011  1.03%     -   62s
     0     0          -    0        10.32686   10.22670  0.97%     -   67s

Cutting planes:
  Cover: 64
  Implied bound: 203
  Clique: 36
  MIR: 38
  Flow cover: 280
  RLT: 2225
  Relax-and-lift: 18

Explored 1 nodes (286136 simplex iterations) in 67.53 seconds (125.74 work units)
Thread count was 32 (of 104 available processors)

Solution count 4: 10.3269 10.3508 10.3508 10.3639 

Optimal solution found (tolerance 1.00e-02)
Best objective 1.032685598911e+01, best bound 1.022669822498e+01, gap 0.9699%
m.flow_changes_penalty(): 0.0
Total operational cost: 103268.56
Maximum power (kW): 1103.24
Discharge energy capacity (kWh): 0.00
Charge energy capacity (kWh): 3895.47
Levelized Cost of Flexibility ($/kWh): nan
{'fixed_demand_cost': 4858.6111494831275, 'variable_demand_cost': 2610.0795879488946, 'fixed_monthly_cost': 171938.17204301074, 'total_water_production': 282179.7940991922, 'total_energy_cost': 18267.443429751285, 'total_demand_cost': 7468.690737432022, 'total_customer_cost': 0.0, 'total_feed_cost': 48811.852007574846, 'total_brine_cost': 9844.540807704712, 'total_chemical_cost': 18876.032908646743, 'total_water_revenue': 0.0, 'total_demand_response_revenue': -0.0, 'total_emissions_cost': 0.0, 'total_op_cost': 103268.5598911096, 'fixed_cost': 121551.98252688172, 'total_cost': 224820.54241799132, 'LCOW': 0.7967279979620444, 'degree_of_flex': 0.0, 'total_replacement_cost': 992.3107078853046, 'maximum_power': 1103.2389945541959, 'energy_capacity': 0.0, 'power_capacity': nan, 'round_trip_efficiency': 0, 'LVOF': nan}
Saved operation variable results to: /home/rchurchi/watertap_test/watertap/tutorials/flex_ro/wrd_result_winter_both_0_flexible_trains.csv
2026-05-28 12:41:53 [INFO] idaes.core.surrogate.pysmo_surrogate: Decode surrogate. type=poly

===========================Polynomial Regression===============================================

The number of cross-validation cases (3) is used.
The default training/cross-validation split of 0.75 is used.
No iterations will be run.
Default parameter estimation method is used.
Parameter estimation method:  pyomo 

2026-05-28 12:41:53 [INFO] idaes.core.surrogate.pysmo_surrogate: Decode surrogate. type=poly

===========================Polynomial Regression===============================================

The number of cross-validation cases (3) is used.
The default training/cross-validation split of 0.75 is used.
No iterations will be run.
Default parameter estimation method is used.
Parameter estimation method:  pyomo 

2026-05-28 12:41:53 [INFO] idaes.core.surrogate.pysmo_surrogate: Decode surrogate. type=poly

===========================Polynomial Regression===============================================

The number of cross-validation cases (3) is used.
The default training/cross-validation split of 0.75 is used.
No iterations will be run.
Default parameter estimation method is used.
Parameter estimation method:  pyomo 

2026-05-28 12:41:53 [INFO] idaes.core.surrogate.pysmo_surrogate: Decode surrogate. type=poly

===========================Polynomial Regression===============================================

The number of cross-validation cases (3) is used.
The default training/cross-validation split of 0.75 is used.
No iterations will be run.
Default parameter estimation method is used.
Parameter estimation method:  pyomo 

2026-05-28 12:41:55 [INFO] idaes.apps.grid_integration.pricetaker.price_taker_model: Found minimum uptime/downtime data for pretreatment.uf_pumps[1] - Adding minimum uptime/downtime constraints.
2026-05-28 12:41:55 [INFO] idaes.apps.grid_integration.pricetaker.price_taker_model: Created startup/shutdown constraints for operation model  pretreatment.uf_pumps[1] at uf_pumps_1_startup_shutdown.
2026-05-28 12:41:55 [INFO] idaes.apps.grid_integration.pricetaker.price_taker_model: Found minimum uptime/downtime data for pretreatment.uf_pumps[2] - Adding minimum uptime/downtime constraints.
2026-05-28 12:41:56 [INFO] idaes.apps.grid_integration.pricetaker.price_taker_model: Created startup/shutdown constraints for operation model  pretreatment.uf_pumps[2] at uf_pumps_2_startup_shutdown.
2026-05-28 12:41:56 [INFO] idaes.apps.grid_integration.pricetaker.price_taker_model: Found minimum uptime/downtime data for pretreatment.uf_pumps[3] - Adding minimum uptime/downtime constraints.
2026-05-28 12:41:56 [INFO] idaes.apps.grid_integration.pricetaker.price_taker_model: Created startup/shutdown constraints for operation model  pretreatment.uf_pumps[3] at uf_pumps_3_startup_shutdown.
2026-05-28 12:41:56 [INFO] idaes.apps.grid_integration.pricetaker.price_taker_model: Found minimum uptime/downtime data for reverse_osmosis.ro_skid[1] - Adding minimum uptime/downtime constraints.
2026-05-28 12:41:56 [INFO] idaes.apps.grid_integration.pricetaker.price_taker_model: Created startup/shutdown constraints for operation model  reverse_osmosis.ro_skid[1] at ro_skid_1_startup_shutdown.
2026-05-28 12:41:56 [INFO] idaes.apps.grid_integration.pricetaker.price_taker_model: Found minimum uptime/downtime data for reverse_osmosis.ro_skid[2] - Adding minimum uptime/downtime constraints.
2026-05-28 12:41:56 [INFO] idaes.apps.grid_integration.pricetaker.price_taker_model: Created startup/shutdown constraints for operation model  reverse_osmosis.ro_skid[2] at ro_skid_2_startup_shutdown.
2026-05-28 12:41:56 [INFO] idaes.apps.grid_integration.pricetaker.price_taker_model: Found minimum uptime/downtime data for reverse_osmosis.ro_skid[3] - Adding minimum uptime/downtime constraints.
2026-05-28 12:41:56 [INFO] idaes.apps.grid_integration.pricetaker.price_taker_model: Created startup/shutdown constraints for operation model  reverse_osmosis.ro_skid[3] at ro_skid_3_startup_shutdown.
2026-05-28 12:41:56 [INFO] idaes.apps.grid_integration.pricetaker.price_taker_model: Found minimum uptime/downtime data for reverse_osmosis.ro_skid[4] - Adding minimum uptime/downtime constraints.
2026-05-28 12:41:56 [INFO] idaes.apps.grid_integration.pricetaker.price_taker_model: Created startup/shutdown constraints for operation model  reverse_osmosis.ro_skid[4] at ro_skid_4_startup_shutdown.
3433
Set parameter LogToConsole to value 1
Set parameter MIPGap to value 0.01
Gurobi Optimizer version 12.0.3 build v12.0.3rc0 (linux64 - "Red Hat Enterprise Linux 8.8 (Ootpa)")

CPU model: Intel(R) Xeon(R) Platinum 8470QL, instruction set [SSE2|AVX|AVX2|AVX512]
Thread count: 104 physical cores, 104 logical processors, using up to 32 threads

Non-default parameters:
MIPGap  0.01

Optimize a model with 17952 rows, 14357 columns and 44413 nonzeros
Model fingerprint: 0x3bda0090
Model has 168 quadratic objective terms
Model has 2352 quadratic constraints
Variable types: 10587 continuous, 3770 integer (3770 binary)
Coefficient statistics:
  Matrix range     [3e-02, 2e+03]
  QMatrix range    [2e-07, 1e+00]
  QLMatrix range   [1e-04, 1e+00]
  Objective range  [1e-05, 5e-03]
  QObjective range [2e-04, 2e-04]
  Bounds range     [1e+00, 1e+03]
  RHS range        [1e+00, 3e+05]
  QRHS range       [2e-01, 3e-01]
Presolve removed 17944 rows and 14343 columns
Presolve time: 0.06s
Presolved: 39 rows, 22 columns, 96 nonzeros
Presolved model has 12 bilinear constraint(s)

Solving non-convex MIQCP

Variable types: 21 continuous, 1 integer (1 binary)
Found heuristic solution: objective 12.0897165

Root relaxation: objective 1.138632e+01, 28 iterations, 0.00 seconds (0.00 work units)

    Nodes    |    Current Node    |     Objective Bounds      |     Work
 Expl Unexpl |  Obj  Depth IntInf | Incumbent    BestBd   Gap | It/Node Time

     0     0   11.38632    0    8   12.08972   11.38632  5.82%     -    0s
     0     0   11.87345    0    8   12.08972   11.87345  1.79%     -    0s
     0     0   11.89666    0    9   12.08972   11.89666  1.60%     -    0s
     0     0   11.90082    0    9   12.08972   11.90082  1.56%     -    0s
     0     0          -    0        12.08972   11.99519  0.78%     -    0s

Cutting planes:
  RLT: 6
  Relax-and-lift: 1

Explored 1 nodes (62 simplex iterations) in 0.08 seconds (0.13 work units)
Thread count was 32 (of 104 available processors)

Solution count 1: 12.0897 

Optimal solution found (tolerance 1.00e-02)
Best objective 1.208971646606e+01, best bound 1.199518680638e+01, gap 0.7819%
m.flow_changes_penalty(): 0.0
Total operational cost: 120897.16
Maximum power (kW): 1127.08
Discharge energy capacity (kWh): 0.00
Charge energy capacity (kWh): 7910.07
Levelized Cost of Flexibility ($/kWh): nan
{'fixed_demand_cost': 5044.578554371115, 'variable_demand_cost': 9304.894645424756, 'fixed_monthly_cost': 171938.17204301074, 'total_water_production': 282179.6712525514, 'total_energy_cost': 21103.17856443225, 'total_demand_cost': 14349.473199795872, 'total_customer_cost': 0.0, 'total_feed_cost': 50843.18401184124, 'total_brine_cost': 15303.798393226945, 'total_chemical_cost': 19297.530491286136, 'total_water_revenue': 0.0, 'total_demand_response_revenue': -0.0, 'total_emissions_cost': 0.0, 'total_op_cost': 120897.16466058244, 'fixed_cost': 121551.98252688172, 'total_cost': 242449.14718746417, 'LCOW': 0.85920132414667, 'degree_of_flex': 0.0, 'total_replacement_cost': 992.3107078853046, 'maximum_power': 1127.083779617929, 'energy_capacity': 0.0, 'power_capacity': nan, 'round_trip_efficiency': 0, 'LVOF': nan}
Saved operation variable results to: /home/rchurchi/watertap_test/watertap/tutorials/flex_ro/wrd_result_summer_no_flex_0_flexible_trains.csv
2026-05-28 12:41:59 [INFO] idaes.core.surrogate.pysmo_surrogate: Decode surrogate. type=poly

===========================Polynomial Regression===============================================

The number of cross-validation cases (3) is used.
The default training/cross-validation split of 0.75 is used.
No iterations will be run.
Default parameter estimation method is used.
Parameter estimation method:  pyomo 

2026-05-28 12:41:59 [INFO] idaes.core.surrogate.pysmo_surrogate: Decode surrogate. type=poly

===========================Polynomial Regression===============================================

The number of cross-validation cases (3) is used.
The default training/cross-validation split of 0.75 is used.
No iterations will be run.
Default parameter estimation method is used.
Parameter estimation method:  pyomo 

2026-05-28 12:41:59 [INFO] idaes.core.surrogate.pysmo_surrogate: Decode surrogate. type=poly

===========================Polynomial Regression===============================================

The number of cross-validation cases (3) is used.
The default training/cross-validation split of 0.75 is used.
No iterations will be run.
Default parameter estimation method is used.
Parameter estimation method:  pyomo 

2026-05-28 12:41:59 [INFO] idaes.core.surrogate.pysmo_surrogate: Decode surrogate. type=poly

===========================Polynomial Regression===============================================

The number of cross-validation cases (3) is used.
The default training/cross-validation split of 0.75 is used.
No iterations will be run.
Default parameter estimation method is used.
Parameter estimation method:  pyomo 

2026-05-28 12:42:01 [INFO] idaes.apps.grid_integration.pricetaker.price_taker_model: Found minimum uptime/downtime data for pretreatment.uf_pumps[1] - Adding minimum uptime/downtime constraints.
2026-05-28 12:42:01 [INFO] idaes.apps.grid_integration.pricetaker.price_taker_model: Created startup/shutdown constraints for operation model  pretreatment.uf_pumps[1] at uf_pumps_1_startup_shutdown.
2026-05-28 12:42:01 [INFO] idaes.apps.grid_integration.pricetaker.price_taker_model: Found minimum uptime/downtime data for pretreatment.uf_pumps[2] - Adding minimum uptime/downtime constraints.
2026-05-28 12:42:01 [INFO] idaes.apps.grid_integration.pricetaker.price_taker_model: Created startup/shutdown constraints for operation model  pretreatment.uf_pumps[2] at uf_pumps_2_startup_shutdown.
2026-05-28 12:42:01 [INFO] idaes.apps.grid_integration.pricetaker.price_taker_model: Found minimum uptime/downtime data for pretreatment.uf_pumps[3] - Adding minimum uptime/downtime constraints.
2026-05-28 12:42:01 [INFO] idaes.apps.grid_integration.pricetaker.price_taker_model: Created startup/shutdown constraints for operation model  pretreatment.uf_pumps[3] at uf_pumps_3_startup_shutdown.
2026-05-28 12:42:01 [INFO] idaes.apps.grid_integration.pricetaker.price_taker_model: Found minimum uptime/downtime data for reverse_osmosis.ro_skid[1] - Adding minimum uptime/downtime constraints.
2026-05-28 12:42:01 [INFO] idaes.apps.grid_integration.pricetaker.price_taker_model: Created startup/shutdown constraints for operation model  reverse_osmosis.ro_skid[1] at ro_skid_1_startup_shutdown.
2026-05-28 12:42:01 [INFO] idaes.apps.grid_integration.pricetaker.price_taker_model: Found minimum uptime/downtime data for reverse_osmosis.ro_skid[2] - Adding minimum uptime/downtime constraints.
2026-05-28 12:42:01 [INFO] idaes.apps.grid_integration.pricetaker.price_taker_model: Created startup/shutdown constraints for operation model  reverse_osmosis.ro_skid[2] at ro_skid_2_startup_shutdown.
2026-05-28 12:42:01 [INFO] idaes.apps.grid_integration.pricetaker.price_taker_model: Found minimum uptime/downtime data for reverse_osmosis.ro_skid[3] - Adding minimum uptime/downtime constraints.
2026-05-28 12:42:01 [INFO] idaes.apps.grid_integration.pricetaker.price_taker_model: Created startup/shutdown constraints for operation model  reverse_osmosis.ro_skid[3] at ro_skid_3_startup_shutdown.
2026-05-28 12:42:01 [INFO] idaes.apps.grid_integration.pricetaker.price_taker_model: Found minimum uptime/downtime data for reverse_osmosis.ro_skid[4] - Adding minimum uptime/downtime constraints.
2026-05-28 12:42:01 [INFO] idaes.apps.grid_integration.pricetaker.price_taker_model: Created startup/shutdown constraints for operation model  reverse_osmosis.ro_skid[4] at ro_skid_4_startup_shutdown.
2258
Set parameter LogToConsole to value 1
Set parameter MIPGap to value 0.01
Gurobi Optimizer version 12.0.3 build v12.0.3rc0 (linux64 - "Red Hat Enterprise Linux 8.8 (Ootpa)")

CPU model: Intel(R) Xeon(R) Platinum 8470QL, instruction set [SSE2|AVX|AVX2|AVX512]
Thread count: 104 physical cores, 104 logical processors, using up to 32 threads

Non-default parameters:
MIPGap  0.01

Optimize a model with 17951 rows, 14357 columns and 43237 nonzeros
Model fingerprint: 0x8c174f36
Model has 168 quadratic objective terms
Model has 2352 quadratic constraints
Variable types: 10587 continuous, 3770 integer (3770 binary)
Coefficient statistics:
  Matrix range     [3e-02, 2e+03]
  QMatrix range    [2e-07, 1e+00]
  QLMatrix range   [1e-04, 1e+00]
  Objective range  [1e-05, 5e-03]
  QObjective range [2e-04, 2e-04]
  Bounds range     [1e+00, 1e+03]
  RHS range        [1e+00, 3e+05]
  QRHS range       [2e-01, 3e-01]
Presolve removed 13895 rows and 9808 columns
Presolve time: 0.04s
Presolved: 11112 rows, 4550 columns, 29581 nonzeros
Presolved model has 2016 bilinear constraint(s)

Solving non-convex MIQCP

Variable types: 3220 continuous, 1330 integer (1330 binary)
Found heuristic solution: objective 12.0897165

Root relaxation: objective 1.138632e+01, 10101 iterations, 1.01 seconds (1.78 work units)

    Nodes    |    Current Node    |     Objective Bounds      |     Work
 Expl Unexpl |  Obj  Depth IntInf | Incumbent    BestBd   Gap | It/Node Time

     0     0   11.38632    0 1344   12.08972   11.38632  5.82%     -    1s
     0     0   11.86960    0 1859   12.08972   11.86960  1.82%     -    1s
H    0     0                      12.0593369   11.86960  1.57%     -    1s
H    0     0                      12.0283229   11.86960  1.32%     -    1s
     0     0   11.87583    0 2195   12.02832   11.87583  1.27%     -    1s
     0     0   11.87617    0 2191   12.02832   11.87617  1.26%     -    1s
     0     0   11.89035    0 1854   12.02832   11.89035  1.15%     -    1s
     0     0   11.89157    0 1853   12.02832   11.89157  1.14%     -    2s
     0     0   11.89397    0 1738   12.02832   11.89397  1.12%     -    2s
     0     0   11.89402    0 1737   12.02832   11.89402  1.12%     -    2s
     0     0          -    0        12.02832   11.94464  0.70%     -    3s

Cutting planes:
  Learned: 6
  Cover: 1
  Implied bound: 135
  MIR: 25
  RLT: 716
  Relax-and-lift: 206

Explored 1 nodes (22266 simplex iterations) in 3.09 seconds (5.43 work units)
Thread count was 32 (of 104 available processors)

Solution count 2: 12.0283 12.0897 

Optimal solution found (tolerance 1.00e-02)
Best objective 1.202832294037e+01, best bound 1.194464481256e+01, gap 0.6957%
m.flow_changes_penalty(): 150.0
Total operational cost: 120133.23
Maximum power (kW): 1102.72
Discharge energy capacity (kWh): 0.00
Charge energy capacity (kWh): 3815.47
Levelized Cost of Flexibility ($/kWh): nan
{'fixed_demand_cost': 4935.548361388325, 'variable_demand_cost': 9103.784790965987, 'fixed_monthly_cost': 171938.17204301074, 'total_water_production': 282181.81222384557, 'total_energy_cost': 20646.85334024416, 'total_demand_cost': 14039.333152354313, 'total_customer_cost': 0.0, 'total_feed_cost': 50844.05288534871, 'total_brine_cost': 15305.212873121069, 'total_chemical_cost': 19297.77715264905, 'total_water_revenue': 0.0, 'total_demand_response_revenue': -0.0, 'total_emissions_cost': 0.0, 'total_op_cost': 120133.2294037173, 'fixed_cost': 121551.98252688172, 'total_cost': 241685.211930599, 'LCOW': 0.8564875603636639, 'degree_of_flex': 0.0, 'total_replacement_cost': 992.3107078853046, 'maximum_power': 1102.723734338619, 'energy_capacity': 0.0, 'power_capacity': nan, 'round_trip_efficiency': 0, 'LVOF': nan}
Saved operation variable results to: /home/rchurchi/watertap_test/watertap/tutorials/flex_ro/wrd_result_summer_flow_0_flexible_trains.csv
2026-05-28 12:42:08 [INFO] idaes.core.surrogate.pysmo_surrogate: Decode surrogate. type=poly

===========================Polynomial Regression===============================================

The number of cross-validation cases (3) is used.
The default training/cross-validation split of 0.75 is used.
No iterations will be run.
Default parameter estimation method is used.
Parameter estimation method:  pyomo 

2026-05-28 12:42:08 [INFO] idaes.core.surrogate.pysmo_surrogate: Decode surrogate. type=poly

===========================Polynomial Regression===============================================

The number of cross-validation cases (3) is used.
The default training/cross-validation split of 0.75 is used.
No iterations will be run.
Default parameter estimation method is used.
Parameter estimation method:  pyomo 

2026-05-28 12:42:08 [INFO] idaes.core.surrogate.pysmo_surrogate: Decode surrogate. type=poly

===========================Polynomial Regression===============================================

The number of cross-validation cases (3) is used.
The default training/cross-validation split of 0.75 is used.
No iterations will be run.
Default parameter estimation method is used.
Parameter estimation method:  pyomo 

2026-05-28 12:42:08 [INFO] idaes.core.surrogate.pysmo_surrogate: Decode surrogate. type=poly

===========================Polynomial Regression===============================================

The number of cross-validation cases (3) is used.
The default training/cross-validation split of 0.75 is used.
No iterations will be run.
Default parameter estimation method is used.
Parameter estimation method:  pyomo 

2026-05-28 12:42:10 [INFO] idaes.apps.grid_integration.pricetaker.price_taker_model: Found minimum uptime/downtime data for pretreatment.uf_pumps[1] - Adding minimum uptime/downtime constraints.
2026-05-28 12:42:10 [INFO] idaes.apps.grid_integration.pricetaker.price_taker_model: Created startup/shutdown constraints for operation model  pretreatment.uf_pumps[1] at uf_pumps_1_startup_shutdown.
2026-05-28 12:42:10 [INFO] idaes.apps.grid_integration.pricetaker.price_taker_model: Found minimum uptime/downtime data for pretreatment.uf_pumps[2] - Adding minimum uptime/downtime constraints.
2026-05-28 12:42:10 [INFO] idaes.apps.grid_integration.pricetaker.price_taker_model: Created startup/shutdown constraints for operation model  pretreatment.uf_pumps[2] at uf_pumps_2_startup_shutdown.
2026-05-28 12:42:10 [INFO] idaes.apps.grid_integration.pricetaker.price_taker_model: Found minimum uptime/downtime data for pretreatment.uf_pumps[3] - Adding minimum uptime/downtime constraints.
2026-05-28 12:42:10 [INFO] idaes.apps.grid_integration.pricetaker.price_taker_model: Created startup/shutdown constraints for operation model  pretreatment.uf_pumps[3] at uf_pumps_3_startup_shutdown.
2026-05-28 12:42:10 [INFO] idaes.apps.grid_integration.pricetaker.price_taker_model: Found minimum uptime/downtime data for reverse_osmosis.ro_skid[1] - Adding minimum uptime/downtime constraints.
2026-05-28 12:42:10 [INFO] idaes.apps.grid_integration.pricetaker.price_taker_model: Created startup/shutdown constraints for operation model  reverse_osmosis.ro_skid[1] at ro_skid_1_startup_shutdown.
2026-05-28 12:42:10 [INFO] idaes.apps.grid_integration.pricetaker.price_taker_model: Found minimum uptime/downtime data for reverse_osmosis.ro_skid[2] - Adding minimum uptime/downtime constraints.
2026-05-28 12:42:10 [INFO] idaes.apps.grid_integration.pricetaker.price_taker_model: Created startup/shutdown constraints for operation model  reverse_osmosis.ro_skid[2] at ro_skid_2_startup_shutdown.
2026-05-28 12:42:10 [INFO] idaes.apps.grid_integration.pricetaker.price_taker_model: Found minimum uptime/downtime data for reverse_osmosis.ro_skid[3] - Adding minimum uptime/downtime constraints.
2026-05-28 12:42:10 [INFO] idaes.apps.grid_integration.pricetaker.price_taker_model: Created startup/shutdown constraints for operation model  reverse_osmosis.ro_skid[3] at ro_skid_3_startup_shutdown.
2026-05-28 12:42:10 [INFO] idaes.apps.grid_integration.pricetaker.price_taker_model: Found minimum uptime/downtime data for reverse_osmosis.ro_skid[4] - Adding minimum uptime/downtime constraints.
2026-05-28 12:42:10 [INFO] idaes.apps.grid_integration.pricetaker.price_taker_model: Created startup/shutdown constraints for operation model  reverse_osmosis.ro_skid[4] at ro_skid_4_startup_shutdown.
3434
Set parameter LogToConsole to value 1
Set parameter MIPGap to value 0.01
Gurobi Optimizer version 12.0.3 build v12.0.3rc0 (linux64 - "Red Hat Enterprise Linux 8.8 (Ootpa)")

CPU model: Intel(R) Xeon(R) Platinum 8470QL, instruction set [SSE2|AVX|AVX2|AVX512]
Thread count: 104 physical cores, 104 logical processors, using up to 32 threads

Non-default parameters:
MIPGap  0.01

Optimize a model with 16103 rows, 15533 columns and 39635 nonzeros
Model fingerprint: 0xf82a647f
Model has 168 quadratic objective terms
Model has 4200 quadratic constraints
Variable types: 11763 continuous, 3770 integer (3770 binary)
Coefficient statistics:
  Matrix range     [3e-02, 2e+03]
  QMatrix range    [2e-07, 1e+00]
  QLMatrix range   [1e-04, 4e+01]
  Objective range  [1e-05, 5e-03]
  QObjective range [2e-04, 2e-04]
  Bounds range     [9e-01, 1e+03]
  RHS range        [1e+00, 3e+05]
  QRHS range       [3e-01, 4e+01]
Presolve removed 11207 rows and 9136 columns
Presolve time: 0.05s
Presolved: 18000 rows, 7406 columns, 47557 nonzeros
Presolved model has 3528 bilinear constraint(s)

Solving non-convex MIQCP

Variable types: 6076 continuous, 1330 integer (1330 binary)
Found heuristic solution: objective 11.2735918

Root relaxation: objective 1.028252e+01, 22678 iterations, 2.11 seconds (4.01 work units)

    Nodes    |    Current Node    |     Objective Bounds      |     Work
 Expl Unexpl |  Obj  Depth IntInf | Incumbent    BestBd   Gap | It/Node Time

     0     0   10.28252    0 2382   11.27359   10.28252  8.79%     -    2s
H    0     0                      11.2735918   10.28252  8.79%     -    2s
H    0     0                      11.2735917   10.28252  8.79%     -    2s
     0     0   10.99013    0 2157   11.27359   10.99013  2.51%     -    3s
     0     0   11.00620    0 2160   11.27359   11.00620  2.37%     -    4s
     0     0   11.07042    0 2455   11.27359   11.07042  1.80%     -    5s
     0     0   11.07271    0 2463   11.27359   11.07271  1.78%     -    7s
     0     0   11.07271    0 2463   11.27359   11.07271  1.78%     -    7s
     0     0   11.08553    0 2186   11.27359   11.08553  1.67%     -    7s
     0     0   11.08555    0 2314   11.27359   11.08555  1.67%     -    7s
     0     0   11.15221    0 2500   11.27359   11.15221  1.08%     -   11s
     0     0   11.15934    0 2349   11.27359   11.15934  1.01%     -   11s
     0     0          -    0        11.27359   11.16579  0.96%     -   12s

Cutting planes:
  Learned: 3
  Cover: 7
  Implied bound: 133
  MIR: 150
  Flow cover: 11
  RLT: 2168

Explored 1 nodes (77171 simplex iterations) in 12.07 seconds (22.60 work units)
Thread count was 32 (of 104 available processors)

Solution count 1: 11.2736 

Optimal solution found (tolerance 1.00e-02)
Best objective 1.127359165245e+01, best bound 1.116578734596e+01, gap 0.9563%
m.flow_changes_penalty(): 0.0
Total operational cost: 112735.92
Maximum power (kW): 1119.46
Discharge energy capacity (kWh): 0.00
Charge energy capacity (kWh): 6628.83
Levelized Cost of Flexibility ($/kWh): nan
{'fixed_demand_cost': 5010.444099927461, 'variable_demand_cost': 9241.932398547791, 'fixed_monthly_cost': 171938.17204301074, 'total_water_production': 282179.6712539239, 'total_energy_cost': 20960.382547718073, 'total_demand_cost': 14252.376498475252, 'total_customer_cost': 0.0, 'total_feed_cost': 48809.459899526475, 'total_brine_cost': 9838.164840790503, 'total_chemical_cost': 18875.532738023292, 'total_water_revenue': 0.0, 'total_demand_response_revenue': -0.0, 'total_emissions_cost': 0.0, 'total_op_cost': 112735.91652453359, 'fixed_cost': 121551.98252688172, 'total_cost': 234287.89905141533, 'LCOW': 0.8302791551578058, 'degree_of_flex': 0.0, 'total_replacement_cost': 992.3107078853046, 'maximum_power': 1119.4572971447371, 'energy_capacity': 0.0, 'power_capacity': nan, 'round_trip_efficiency': 0, 'LVOF': nan}
Saved operation variable results to: /home/rchurchi/watertap_test/watertap/tutorials/flex_ro/wrd_result_summer_rr_0_flexible_trains.csv
2026-05-28 12:42:26 [INFO] idaes.core.surrogate.pysmo_surrogate: Decode surrogate. type=poly

===========================Polynomial Regression===============================================

The number of cross-validation cases (3) is used.
The default training/cross-validation split of 0.75 is used.
No iterations will be run.
Default parameter estimation method is used.
Parameter estimation method:  pyomo 

2026-05-28 12:42:26 [INFO] idaes.core.surrogate.pysmo_surrogate: Decode surrogate. type=poly

===========================Polynomial Regression===============================================

The number of cross-validation cases (3) is used.
The default training/cross-validation split of 0.75 is used.
No iterations will be run.
Default parameter estimation method is used.
Parameter estimation method:  pyomo 

2026-05-28 12:42:26 [INFO] idaes.core.surrogate.pysmo_surrogate: Decode surrogate. type=poly

===========================Polynomial Regression===============================================

The number of cross-validation cases (3) is used.
The default training/cross-validation split of 0.75 is used.
No iterations will be run.
Default parameter estimation method is used.
Parameter estimation method:  pyomo 

2026-05-28 12:42:26 [INFO] idaes.core.surrogate.pysmo_surrogate: Decode surrogate. type=poly

===========================Polynomial Regression===============================================

The number of cross-validation cases (3) is used.
The default training/cross-validation split of 0.75 is used.
No iterations will be run.
Default parameter estimation method is used.
Parameter estimation method:  pyomo 

2026-05-28 12:42:28 [INFO] idaes.apps.grid_integration.pricetaker.price_taker_model: Found minimum uptime/downtime data for pretreatment.uf_pumps[1] - Adding minimum uptime/downtime constraints.
2026-05-28 12:42:28 [INFO] idaes.apps.grid_integration.pricetaker.price_taker_model: Created startup/shutdown constraints for operation model  pretreatment.uf_pumps[1] at uf_pumps_1_startup_shutdown.
2026-05-28 12:42:28 [INFO] idaes.apps.grid_integration.pricetaker.price_taker_model: Found minimum uptime/downtime data for pretreatment.uf_pumps[2] - Adding minimum uptime/downtime constraints.
2026-05-28 12:42:28 [INFO] idaes.apps.grid_integration.pricetaker.price_taker_model: Created startup/shutdown constraints for operation model  pretreatment.uf_pumps[2] at uf_pumps_2_startup_shutdown.
2026-05-28 12:42:28 [INFO] idaes.apps.grid_integration.pricetaker.price_taker_model: Found minimum uptime/downtime data for pretreatment.uf_pumps[3] - Adding minimum uptime/downtime constraints.
2026-05-28 12:42:28 [INFO] idaes.apps.grid_integration.pricetaker.price_taker_model: Created startup/shutdown constraints for operation model  pretreatment.uf_pumps[3] at uf_pumps_3_startup_shutdown.
2026-05-28 12:42:28 [INFO] idaes.apps.grid_integration.pricetaker.price_taker_model: Found minimum uptime/downtime data for reverse_osmosis.ro_skid[1] - Adding minimum uptime/downtime constraints.
2026-05-28 12:42:28 [INFO] idaes.apps.grid_integration.pricetaker.price_taker_model: Created startup/shutdown constraints for operation model  reverse_osmosis.ro_skid[1] at ro_skid_1_startup_shutdown.
2026-05-28 12:42:28 [INFO] idaes.apps.grid_integration.pricetaker.price_taker_model: Found minimum uptime/downtime data for reverse_osmosis.ro_skid[2] - Adding minimum uptime/downtime constraints.
2026-05-28 12:42:28 [INFO] idaes.apps.grid_integration.pricetaker.price_taker_model: Created startup/shutdown constraints for operation model  reverse_osmosis.ro_skid[2] at ro_skid_2_startup_shutdown.
2026-05-28 12:42:28 [INFO] idaes.apps.grid_integration.pricetaker.price_taker_model: Found minimum uptime/downtime data for reverse_osmosis.ro_skid[3] - Adding minimum uptime/downtime constraints.
2026-05-28 12:42:28 [INFO] idaes.apps.grid_integration.pricetaker.price_taker_model: Created startup/shutdown constraints for operation model  reverse_osmosis.ro_skid[3] at ro_skid_3_startup_shutdown.
2026-05-28 12:42:28 [INFO] idaes.apps.grid_integration.pricetaker.price_taker_model: Found minimum uptime/downtime data for reverse_osmosis.ro_skid[4] - Adding minimum uptime/downtime constraints.
2026-05-28 12:42:28 [INFO] idaes.apps.grid_integration.pricetaker.price_taker_model: Created startup/shutdown constraints for operation model  reverse_osmosis.ro_skid[4] at ro_skid_4_startup_shutdown.
3434
Set parameter LogToConsole to value 1
Set parameter MIPGap to value 0.01
Gurobi Optimizer version 12.0.3 build v12.0.3rc0 (linux64 - "Red Hat Enterprise Linux 8.8 (Ootpa)")

CPU model: Intel(R) Xeon(R) Platinum 8470QL, instruction set [SSE2|AVX|AVX2|AVX512]
Thread count: 104 physical cores, 104 logical processors, using up to 32 threads

Non-default parameters:
MIPGap  0.01

Optimize a model with 16103 rows, 15533 columns and 39635 nonzeros
Model fingerprint: 0x7d1288e7
Model has 168 quadratic objective terms
Model has 4200 quadratic constraints
Variable types: 11763 continuous, 3770 integer (3770 binary)
Coefficient statistics:
  Matrix range     [3e-02, 2e+03]
  QMatrix range    [2e-07, 1e+00]
  QLMatrix range   [1e-04, 4e+01]
  Objective range  [1e-05, 5e-03]
  QObjective range [2e-04, 2e-04]
  Bounds range     [9e-01, 1e+03]
  RHS range        [1e+00, 3e+05]
  QRHS range       [3e-01, 4e+01]
Presolve removed 11207 rows and 9136 columns
Presolve time: 0.05s
Presolved: 18000 rows, 7406 columns, 47557 nonzeros
Presolved model has 3528 bilinear constraint(s)

Solving non-convex MIQCP

Variable types: 6076 continuous, 1330 integer (1330 binary)
Found heuristic solution: objective 11.2735918

Root relaxation: objective 1.028252e+01, 22678 iterations, 2.11 seconds (4.01 work units)

    Nodes    |    Current Node    |     Objective Bounds      |     Work
 Expl Unexpl |  Obj  Depth IntInf | Incumbent    BestBd   Gap | It/Node Time

     0     0   10.28252    0 2382   11.27359   10.28252  8.79%     -    2s
H    0     0                      11.2735918   10.28252  8.79%     -    2s
H    0     0                      11.2735917   10.28252  8.79%     -    2s
     0     0   10.99013    0 2157   11.27359   10.99013  2.51%     -    3s
     0     0   11.00620    0 2160   11.27359   11.00620  2.37%     -    4s
     0     0   11.07042    0 2455   11.27359   11.07042  1.80%     -    5s
     0     0   11.07271    0 2463   11.27359   11.07271  1.78%     -    7s
     0     0   11.07271    0 2463   11.27359   11.07271  1.78%     -    7s
     0     0   11.08553    0 2186   11.27359   11.08553  1.67%     -    7s
     0     0   11.08555    0 2314   11.27359   11.08555  1.67%     -    7s
     0     0   11.15221    0 2500   11.27359   11.15221  1.08%     -   11s
     0     0   11.15934    0 2349   11.27359   11.15934  1.01%     -   11s
     0     0          -    0        11.27359   11.16579  0.96%     -   12s

Cutting planes:
  Learned: 3
  Cover: 7
  Implied bound: 133
  MIR: 150
  Flow cover: 11
  RLT: 2168

Explored 1 nodes (77171 simplex iterations) in 12.05 seconds (22.60 work units)
Thread count was 32 (of 104 available processors)

Solution count 1: 11.2736 

Optimal solution found (tolerance 1.00e-02)
Best objective 1.127359165245e+01, best bound 1.116578734596e+01, gap 0.9563%
m.flow_changes_penalty(): 0.0
Total operational cost: 112735.92
Maximum power (kW): 1119.46
Discharge energy capacity (kWh): 0.00
Charge energy capacity (kWh): 6628.83
Levelized Cost of Flexibility ($/kWh): nan
{'fixed_demand_cost': 5010.444099927461, 'variable_demand_cost': 9241.932398547791, 'fixed_monthly_cost': 171938.17204301074, 'total_water_production': 282179.6712539239, 'total_energy_cost': 20960.382547718073, 'total_demand_cost': 14252.376498475252, 'total_customer_cost': 0.0, 'total_feed_cost': 48809.459899526475, 'total_brine_cost': 9838.164840790503, 'total_chemical_cost': 18875.532738023292, 'total_water_revenue': 0.0, 'total_demand_response_revenue': -0.0, 'total_emissions_cost': 0.0, 'total_op_cost': 112735.91652453359, 'fixed_cost': 121551.98252688172, 'total_cost': 234287.89905141533, 'LCOW': 0.8302791551578058, 'degree_of_flex': 0.0, 'total_replacement_cost': 992.3107078853046, 'maximum_power': 1119.4572971447371, 'energy_capacity': 0.0, 'power_capacity': nan, 'round_trip_efficiency': 0, 'LVOF': nan}
Saved operation variable results to: /home/rchurchi/watertap_test/watertap/tutorials/flex_ro/wrd_result_summer_both_0_flexible_trains.csv
Saved summary results to: /home/rchurchi/watertap_test/watertap/tutorials/flex_ro/wrd_pricetaker_summary_results_20260528_124243.csv
