2026-05-28 13:57:39 [INFO] idaes.core.surrogate.pysmo_surrogate: Decode surrogate. type=poly

===========================Polynomial Regression===============================================

The number of cross-validation cases (3) is used.
The default training/cross-validation split of 0.75 is used.
No iterations will be run.
Default parameter estimation method is used.
Parameter estimation method:  pyomo 

2026-05-28 13:57:39 [INFO] idaes.core.surrogate.pysmo_surrogate: Decode surrogate. type=poly

===========================Polynomial Regression===============================================

The number of cross-validation cases (3) is used.
The default training/cross-validation split of 0.75 is used.
No iterations will be run.
Default parameter estimation method is used.
Parameter estimation method:  pyomo 

2026-05-28 13:57:39 [INFO] idaes.core.surrogate.pysmo_surrogate: Decode surrogate. type=poly

===========================Polynomial Regression===============================================

The number of cross-validation cases (3) is used.
The default training/cross-validation split of 0.75 is used.
No iterations will be run.
Default parameter estimation method is used.
Parameter estimation method:  pyomo 

2026-05-28 13:57:39 [INFO] idaes.core.surrogate.pysmo_surrogate: Decode surrogate. type=poly

===========================Polynomial Regression===============================================

The number of cross-validation cases (3) is used.
The default training/cross-validation split of 0.75 is used.
No iterations will be run.
Default parameter estimation method is used.
Parameter estimation method:  pyomo 

2026-05-28 13:57:41 [INFO] idaes.apps.grid_integration.pricetaker.price_taker_model: Found minimum uptime/downtime data for pretreatment.uf_pumps[1] - Adding minimum uptime/downtime constraints.
2026-05-28 13:57:41 [INFO] idaes.apps.grid_integration.pricetaker.price_taker_model: Created startup/shutdown constraints for operation model  pretreatment.uf_pumps[1] at uf_pumps_1_startup_shutdown.
2026-05-28 13:57:41 [INFO] idaes.apps.grid_integration.pricetaker.price_taker_model: Found minimum uptime/downtime data for pretreatment.uf_pumps[2] - Adding minimum uptime/downtime constraints.
2026-05-28 13:57:41 [INFO] idaes.apps.grid_integration.pricetaker.price_taker_model: Created startup/shutdown constraints for operation model  pretreatment.uf_pumps[2] at uf_pumps_2_startup_shutdown.
2026-05-28 13:57:41 [INFO] idaes.apps.grid_integration.pricetaker.price_taker_model: Found minimum uptime/downtime data for pretreatment.uf_pumps[3] - Adding minimum uptime/downtime constraints.
2026-05-28 13:57:41 [INFO] idaes.apps.grid_integration.pricetaker.price_taker_model: Created startup/shutdown constraints for operation model  pretreatment.uf_pumps[3] at uf_pumps_3_startup_shutdown.
2026-05-28 13:57:41 [INFO] idaes.apps.grid_integration.pricetaker.price_taker_model: Found minimum uptime/downtime data for reverse_osmosis.ro_skid[1] - Adding minimum uptime/downtime constraints.
2026-05-28 13:57:41 [INFO] idaes.apps.grid_integration.pricetaker.price_taker_model: Created startup/shutdown constraints for operation model  reverse_osmosis.ro_skid[1] at ro_skid_1_startup_shutdown.
2026-05-28 13:57:41 [INFO] idaes.apps.grid_integration.pricetaker.price_taker_model: Found minimum uptime/downtime data for reverse_osmosis.ro_skid[2] - Adding minimum uptime/downtime constraints.
2026-05-28 13:57:41 [INFO] idaes.apps.grid_integration.pricetaker.price_taker_model: Created startup/shutdown constraints for operation model  reverse_osmosis.ro_skid[2] at ro_skid_2_startup_shutdown.
2026-05-28 13:57:41 [INFO] idaes.apps.grid_integration.pricetaker.price_taker_model: Found minimum uptime/downtime data for reverse_osmosis.ro_skid[3] - Adding minimum uptime/downtime constraints.
2026-05-28 13:57:41 [INFO] idaes.apps.grid_integration.pricetaker.price_taker_model: Created startup/shutdown constraints for operation model  reverse_osmosis.ro_skid[3] at ro_skid_3_startup_shutdown.
2026-05-28 13:57:41 [INFO] idaes.apps.grid_integration.pricetaker.price_taker_model: Found minimum uptime/downtime data for reverse_osmosis.ro_skid[4] - Adding minimum uptime/downtime constraints.
2026-05-28 13:57:41 [INFO] idaes.apps.grid_integration.pricetaker.price_taker_model: Created startup/shutdown constraints for operation model  reverse_osmosis.ro_skid[4] at ro_skid_4_startup_shutdown.
3024
Set parameter TokenServer to value "10.60.1.73"
Set parameter LogToConsole to value 1
Set parameter MIPGap to value 0.01
Gurobi Optimizer version 12.0.3 build v12.0.3rc0 (linux64 - "Red Hat Enterprise Linux 8.8 (Ootpa)")

CPU model: Intel(R) Xeon(R) Platinum 8470QL, instruction set [SSE2|AVX|AVX2|AVX512]
Thread count: 104 physical cores, 104 logical processors, using up to 32 threads

Non-default parameters:
MIPGap  0.01

Optimize a model with 16607 rows, 15123 columns and 41291 nonzeros
Model fingerprint: 0xb6a05a84
Model has 168 quadratic objective terms
Model has 3696 quadratic constraints
Variable types: 11259 continuous, 3864 integer (3864 binary)
Coefficient statistics:
  Matrix range     [3e-02, 2e+03]
  QMatrix range    [2e-07, 1e+00]
  QLMatrix range   [1e-04, 4e+01]
  Objective range  [7e-06, 5e-03]
  QObjective range [2e-04, 2e-04]
  Bounds range     [9e-01, 1e+03]
  RHS range        [1e+00, 3e+05]
  QRHS range       [3e-01, 1e+00]
Presolve removed 11021 rows and 8548 columns
Presolve time: 0.13s
Presolved: 19194 rows, 7920 columns, 51675 nonzeros
Presolved model has 3696 bilinear constraint(s)

Solving non-convex MIQCP

Variable types: 6422 continuous, 1498 integer (1498 binary)
Found heuristic solution: objective 11.1737925

Root relaxation: objective 1.053623e+01, 31136 iterations, 3.81 seconds (7.25 work units)

    Nodes    |    Current Node    |     Objective Bounds      |     Work
 Expl Unexpl |  Obj  Depth IntInf | Incumbent    BestBd   Gap | It/Node Time

     0     0   10.53623    0 3703   11.17379   10.53623  5.71%     -    4s
     0     0   10.92632    0 2872   11.17379   10.92632  2.21%     -   11s
H    0     0                      11.1299513   10.92632  1.83%     -   12s
     0     0   10.96613    0 3108   11.12995   10.96613  1.47%     -   18s
H    0     0                      11.1142759   10.97103  1.29%     -   27s
     0     0   10.97103    0 3864   11.11428   10.97103  1.29%     -   27s
     0     0   10.97295    0 3877   11.11428   10.97295  1.27%     -   36s
     0     0   10.99216    0 3856   11.11428   10.99216  1.10%     -   53s
     0     0   10.99380    0 3856   11.11428   10.99380  1.08%     -   67s
     0     0   10.99895    0 3829   11.11428   10.99895  1.04%     -   75s
     0     0   10.99998    0 3847   11.11428   10.99998  1.03%     -   83s
H    0     0                      11.1142758   11.00076  1.02%     -   91s
     0     0   11.00076    0 3819   11.11428   11.00076  1.02%     -   91s
     0     0   11.00129    0 3844   11.11428   11.00129  1.02%     -  100s
     0     0   11.00129    0 3823   11.11428   11.00129  1.02%     -  107s
     0     0          -    0        11.11428   11.06209  0.47%     -  111s

Cutting planes:
  Learned: 2
  Cover: 135
  Implied bound: 188
  Clique: 82
  MIR: 43
  Flow cover: 151
  Zero half: 1
  Network: 1
  RLT: 1601
  Relax-and-lift: 25

Explored 1 nodes (505357 simplex iterations) in 111.35 seconds (200.43 work units)
Thread count was 32 (of 104 available processors)

Solution count 4: 11.1143 11.1143 11.13 11.1738 

Optimal solution found (tolerance 1.00e-02)
Best objective 1.111427584773e+01, best bound 1.106208831974e+01, gap 0.4696%
m.flow_changes_penalty(): 0.0
Total operational cost: 111142.76
Maximum power (kW): 1101.57
Discharge energy capacity (kWh): 0.00
Charge energy capacity (kWh): 3624.08
Levelized Cost of Flexibility ($/kWh): nan
{'fixed_demand_cost': 4851.26933280728, 'variable_demand_cost': 2606.1355131391056, 'fixed_monthly_cost': 171938.17204301074, 'total_water_production': 282179.67123287625, 'total_energy_cost': 18240.84075020215, 'total_demand_cost': 7457.404845946386, 'total_customer_cost': 0.0, 'total_feed_cost': 50843.18400592377, 'total_brine_cost': 15303.798385783146, 'total_chemical_cost': 19297.530489448367, 'total_water_revenue': 0.0, 'total_demand_response_revenue': -0.0, 'total_emissions_cost': 0.0, 'total_op_cost': 111142.75847730383, 'fixed_cost': 121551.98252688172, 'total_cost': 232694.74100418555, 'LCOW': 0.8246332557817322, 'degree_of_flex': 0.0, 'total_replacement_cost': 992.3107078853046, 'maximum_power': 1101.5718970651224, 'energy_capacity': 0.0, 'power_capacity': nan, 'round_trip_efficiency': 0, 'LVOF': nan}
Saved operation variable results to: /home/rchurchi/watertap_test/watertap/tutorials/flex_ro/wrd_result_winter_rr_0_flexible_trains.csv
2026-05-28 13:59:36 [INFO] idaes.core.surrogate.pysmo_surrogate: Decode surrogate. type=poly

===========================Polynomial Regression===============================================

The number of cross-validation cases (3) is used.
The default training/cross-validation split of 0.75 is used.
No iterations will be run.
Default parameter estimation method is used.
Parameter estimation method:  pyomo 

2026-05-28 13:59:36 [INFO] idaes.core.surrogate.pysmo_surrogate: Decode surrogate. type=poly

===========================Polynomial Regression===============================================

The number of cross-validation cases (3) is used.
The default training/cross-validation split of 0.75 is used.
No iterations will be run.
Default parameter estimation method is used.
Parameter estimation method:  pyomo 

2026-05-28 13:59:36 [INFO] idaes.core.surrogate.pysmo_surrogate: Decode surrogate. type=poly

===========================Polynomial Regression===============================================

The number of cross-validation cases (3) is used.
The default training/cross-validation split of 0.75 is used.
No iterations will be run.
Default parameter estimation method is used.
Parameter estimation method:  pyomo 

2026-05-28 13:59:36 [INFO] idaes.core.surrogate.pysmo_surrogate: Decode surrogate. type=poly

===========================Polynomial Regression===============================================

The number of cross-validation cases (3) is used.
The default training/cross-validation split of 0.75 is used.
No iterations will be run.
Default parameter estimation method is used.
Parameter estimation method:  pyomo 

2026-05-28 13:59:37 [INFO] idaes.apps.grid_integration.pricetaker.price_taker_model: Found minimum uptime/downtime data for pretreatment.uf_pumps[1] - Adding minimum uptime/downtime constraints.
2026-05-28 13:59:38 [INFO] idaes.apps.grid_integration.pricetaker.price_taker_model: Created startup/shutdown constraints for operation model  pretreatment.uf_pumps[1] at uf_pumps_1_startup_shutdown.
2026-05-28 13:59:38 [INFO] idaes.apps.grid_integration.pricetaker.price_taker_model: Found minimum uptime/downtime data for pretreatment.uf_pumps[2] - Adding minimum uptime/downtime constraints.
2026-05-28 13:59:38 [INFO] idaes.apps.grid_integration.pricetaker.price_taker_model: Created startup/shutdown constraints for operation model  pretreatment.uf_pumps[2] at uf_pumps_2_startup_shutdown.
2026-05-28 13:59:38 [INFO] idaes.apps.grid_integration.pricetaker.price_taker_model: Found minimum uptime/downtime data for pretreatment.uf_pumps[3] - Adding minimum uptime/downtime constraints.
2026-05-28 13:59:38 [INFO] idaes.apps.grid_integration.pricetaker.price_taker_model: Created startup/shutdown constraints for operation model  pretreatment.uf_pumps[3] at uf_pumps_3_startup_shutdown.
2026-05-28 13:59:38 [INFO] idaes.apps.grid_integration.pricetaker.price_taker_model: Found minimum uptime/downtime data for reverse_osmosis.ro_skid[1] - Adding minimum uptime/downtime constraints.
2026-05-28 13:59:38 [INFO] idaes.apps.grid_integration.pricetaker.price_taker_model: Created startup/shutdown constraints for operation model  reverse_osmosis.ro_skid[1] at ro_skid_1_startup_shutdown.
2026-05-28 13:59:38 [INFO] idaes.apps.grid_integration.pricetaker.price_taker_model: Found minimum uptime/downtime data for reverse_osmosis.ro_skid[2] - Adding minimum uptime/downtime constraints.
2026-05-28 13:59:38 [INFO] idaes.apps.grid_integration.pricetaker.price_taker_model: Created startup/shutdown constraints for operation model  reverse_osmosis.ro_skid[2] at ro_skid_2_startup_shutdown.
2026-05-28 13:59:38 [INFO] idaes.apps.grid_integration.pricetaker.price_taker_model: Found minimum uptime/downtime data for reverse_osmosis.ro_skid[3] - Adding minimum uptime/downtime constraints.
2026-05-28 13:59:38 [INFO] idaes.apps.grid_integration.pricetaker.price_taker_model: Created startup/shutdown constraints for operation model  reverse_osmosis.ro_skid[3] at ro_skid_3_startup_shutdown.
2026-05-28 13:59:38 [INFO] idaes.apps.grid_integration.pricetaker.price_taker_model: Found minimum uptime/downtime data for reverse_osmosis.ro_skid[4] - Adding minimum uptime/downtime constraints.
2026-05-28 13:59:38 [INFO] idaes.apps.grid_integration.pricetaker.price_taker_model: Created startup/shutdown constraints for operation model  reverse_osmosis.ro_skid[4] at ro_skid_4_startup_shutdown.
2352
Set parameter LogToConsole to value 1
Set parameter MIPGap to value 0.01
Gurobi Optimizer version 12.0.3 build v12.0.3rc0 (linux64 - "Red Hat Enterprise Linux 8.8 (Ootpa)")

CPU model: Intel(R) Xeon(R) Platinum 8470QL, instruction set [SSE2|AVX|AVX2|AVX512]
Thread count: 104 physical cores, 104 logical processors, using up to 32 threads

Non-default parameters:
MIPGap  0.01

Optimize a model with 17951 rows, 14451 columns and 43979 nonzeros
Model fingerprint: 0x19acf02b
Model has 168 quadratic objective terms
Model has 2352 quadratic constraints
Variable types: 10587 continuous, 3864 integer (3864 binary)
Coefficient statistics:
  Matrix range     [3e-02, 2e+03]
  QMatrix range    [2e-07, 1e+00]
  QLMatrix range   [1e-04, 1e+00]
  Objective range  [7e-06, 5e-03]
  QObjective range [2e-04, 2e-04]
  Bounds range     [1e+00, 1e+03]
  RHS range        [1e+00, 3e+05]
  QRHS range       [2e-01, 3e-01]
Presolve removed 13037 rows and 9220 columns
Presolve time: 0.09s
Presolved: 13146 rows, 5232 columns, 34916 nonzeros
Presolved model has 2352 bilinear constraint(s)

Solving non-convex MIQCP

Variable types: 3734 continuous, 1498 integer (1498 binary)
Found heuristic solution: objective 11.1737918

Root relaxation: objective 1.065212e+01, 10526 iterations, 1.06 seconds (1.90 work units)

    Nodes    |    Current Node    |     Objective Bounds      |     Work
 Expl Unexpl |  Obj  Depth IntInf | Incumbent    BestBd   Gap | It/Node Time

     0     0   10.65212    0 1344   11.17379   10.65212  4.67%     -    1s
     0     0   11.01378    0 1512   11.17379   11.01378  1.43%     -    1s
H    0     0                      11.1179353   11.01378  0.94%     -    2s

Cutting planes:
  RLT: 728

Explored 1 nodes (16118 simplex iterations) in 2.11 seconds (3.54 work units)
Thread count was 32 (of 104 available processors)

Solution count 2: 11.1179 11.1738 

Optimal solution found (tolerance 1.00e-02)
Best objective 1.111793527160e+01, best bound 1.101377837832e+01, gap 0.9368%
m.flow_changes_penalty(): 0.0
Total operational cost: 111179.35
Maximum power (kW): 1103.14
Discharge energy capacity (kWh): 0.00
Charge energy capacity (kWh): 3887.61
Levelized Cost of Flexibility ($/kWh): nan
{'fixed_demand_cost': 4858.177496759399, 'variable_demand_cost': 2609.8466266994865, 'fixed_monthly_cost': 171938.17204301074, 'total_water_production': 282179.6712328763, 'total_energy_cost': 18266.815711357507, 'total_demand_cost': 7468.024123458886, 'total_customer_cost': 0.0, 'total_feed_cost': 50843.18400592396, 'total_brine_cost': 15303.798385783735, 'total_chemical_cost': 19297.5304894483, 'total_water_revenue': 0.0, 'total_demand_response_revenue': -0.0, 'total_emissions_cost': 0.0, 'total_op_cost': 111179.35271597239, 'fixed_cost': 121551.98252688172, 'total_cost': 232731.3352428541, 'LCOW': 0.8247629399595776, 'degree_of_flex': 0.0, 'total_replacement_cost': 992.3107078853046, 'maximum_power': 1103.1405255510365, 'energy_capacity': 0.0, 'power_capacity': nan, 'round_trip_efficiency': 0, 'LVOF': nan}
Saved operation variable results to: /home/rchurchi/watertap_test/watertap/tutorials/flex_ro/wrd_result_winter_flow_0_flexible_trains.csv
2026-05-28 13:59:43 [INFO] idaes.core.surrogate.pysmo_surrogate: Decode surrogate. type=poly

===========================Polynomial Regression===============================================

The number of cross-validation cases (3) is used.
The default training/cross-validation split of 0.75 is used.
No iterations will be run.
Default parameter estimation method is used.
Parameter estimation method:  pyomo 

2026-05-28 13:59:43 [INFO] idaes.core.surrogate.pysmo_surrogate: Decode surrogate. type=poly

===========================Polynomial Regression===============================================

The number of cross-validation cases (3) is used.
The default training/cross-validation split of 0.75 is used.
No iterations will be run.
Default parameter estimation method is used.
Parameter estimation method:  pyomo 

2026-05-28 13:59:43 [INFO] idaes.core.surrogate.pysmo_surrogate: Decode surrogate. type=poly

===========================Polynomial Regression===============================================

The number of cross-validation cases (3) is used.
The default training/cross-validation split of 0.75 is used.
No iterations will be run.
Default parameter estimation method is used.
Parameter estimation method:  pyomo 

2026-05-28 13:59:43 [INFO] idaes.core.surrogate.pysmo_surrogate: Decode surrogate. type=poly

===========================Polynomial Regression===============================================

The number of cross-validation cases (3) is used.
The default training/cross-validation split of 0.75 is used.
No iterations will be run.
Default parameter estimation method is used.
Parameter estimation method:  pyomo 

2026-05-28 13:59:45 [INFO] idaes.apps.grid_integration.pricetaker.price_taker_model: Found minimum uptime/downtime data for pretreatment.uf_pumps[1] - Adding minimum uptime/downtime constraints.
2026-05-28 13:59:45 [INFO] idaes.apps.grid_integration.pricetaker.price_taker_model: Created startup/shutdown constraints for operation model  pretreatment.uf_pumps[1] at uf_pumps_1_startup_shutdown.
2026-05-28 13:59:45 [INFO] idaes.apps.grid_integration.pricetaker.price_taker_model: Found minimum uptime/downtime data for pretreatment.uf_pumps[2] - Adding minimum uptime/downtime constraints.
2026-05-28 13:59:45 [INFO] idaes.apps.grid_integration.pricetaker.price_taker_model: Created startup/shutdown constraints for operation model  pretreatment.uf_pumps[2] at uf_pumps_2_startup_shutdown.
2026-05-28 13:59:45 [INFO] idaes.apps.grid_integration.pricetaker.price_taker_model: Found minimum uptime/downtime data for pretreatment.uf_pumps[3] - Adding minimum uptime/downtime constraints.
2026-05-28 13:59:45 [INFO] idaes.apps.grid_integration.pricetaker.price_taker_model: Created startup/shutdown constraints for operation model  pretreatment.uf_pumps[3] at uf_pumps_3_startup_shutdown.
2026-05-28 13:59:45 [INFO] idaes.apps.grid_integration.pricetaker.price_taker_model: Found minimum uptime/downtime data for reverse_osmosis.ro_skid[1] - Adding minimum uptime/downtime constraints.
2026-05-28 13:59:45 [INFO] idaes.apps.grid_integration.pricetaker.price_taker_model: Created startup/shutdown constraints for operation model  reverse_osmosis.ro_skid[1] at ro_skid_1_startup_shutdown.
2026-05-28 13:59:45 [INFO] idaes.apps.grid_integration.pricetaker.price_taker_model: Found minimum uptime/downtime data for reverse_osmosis.ro_skid[2] - Adding minimum uptime/downtime constraints.
2026-05-28 13:59:45 [INFO] idaes.apps.grid_integration.pricetaker.price_taker_model: Created startup/shutdown constraints for operation model  reverse_osmosis.ro_skid[2] at ro_skid_2_startup_shutdown.
2026-05-28 13:59:45 [INFO] idaes.apps.grid_integration.pricetaker.price_taker_model: Found minimum uptime/downtime data for reverse_osmosis.ro_skid[3] - Adding minimum uptime/downtime constraints.
2026-05-28 13:59:45 [INFO] idaes.apps.grid_integration.pricetaker.price_taker_model: Created startup/shutdown constraints for operation model  reverse_osmosis.ro_skid[3] at ro_skid_3_startup_shutdown.
2026-05-28 13:59:45 [INFO] idaes.apps.grid_integration.pricetaker.price_taker_model: Found minimum uptime/downtime data for reverse_osmosis.ro_skid[4] - Adding minimum uptime/downtime constraints.
2026-05-28 13:59:45 [INFO] idaes.apps.grid_integration.pricetaker.price_taker_model: Created startup/shutdown constraints for operation model  reverse_osmosis.ro_skid[4] at ro_skid_4_startup_shutdown.
3527
Set parameter LogToConsole to value 1
Set parameter MIPGap to value 0.01
Gurobi Optimizer version 12.0.3 build v12.0.3rc0 (linux64 - "Red Hat Enterprise Linux 8.8 (Ootpa)")

CPU model: Intel(R) Xeon(R) Platinum 8470QL, instruction set [SSE2|AVX|AVX2|AVX512]
Thread count: 104 physical cores, 104 logical processors, using up to 32 threads

Non-default parameters:
MIPGap  0.01

Optimize a model with 17952 rows, 14451 columns and 45155 nonzeros
Model fingerprint: 0xe38dd4d2
Model has 168 quadratic objective terms
Model has 2352 quadratic constraints
Variable types: 10587 continuous, 3864 integer (3864 binary)
Coefficient statistics:
  Matrix range     [3e-02, 2e+03]
  QMatrix range    [2e-07, 1e+00]
  QLMatrix range   [1e-04, 1e+00]
  Objective range  [7e-06, 5e-03]
  QObjective range [2e-04, 2e-04]
  Bounds range     [1e+00, 1e+03]
  RHS range        [1e+00, 3e+05]
  QRHS range       [2e-01, 3e-01]
Presolve removed 17941 rows and 14434 columns
Presolve time: 0.06s
Presolved: 47 rows, 26 columns, 117 nonzeros
Presolved model has 14 bilinear constraint(s)

Solving non-convex MIQCP

Variable types: 24 continuous, 2 integer (2 binary)
Found heuristic solution: objective 11.1737918

Root relaxation: objective 1.063577e+01, 26 iterations, 0.00 seconds (0.00 work units)

    Nodes    |    Current Node    |     Objective Bounds      |     Work
 Expl Unexpl |  Obj  Depth IntInf | Incumbent    BestBd   Gap | It/Node Time

     0     0   10.63577    0    9   11.17379   10.63577  4.82%     -    0s
     0     0   10.65212    0   12   11.17379   10.65212  4.67%     -    0s
     0     0   11.00778    0   12   11.17379   11.00778  1.49%     -    0s
     0     0   11.02447    0   13   11.17379   11.02447  1.34%     -    0s
     0     0   11.03256    0   12   11.17379   11.03256  1.26%     -    0s
     0     0          -    0        11.17379   11.06343  0.99%     -    0s

Cutting planes:
  RLT: 6
  Relax-and-lift: 2

Explored 1 nodes (58 simplex iterations) in 0.07 seconds (0.14 work units)
Thread count was 32 (of 104 available processors)

Solution count 1: 11.1738 

Optimal solution found (tolerance 1.00e-02)
Best objective 1.117379178511e+01, best bound 1.106343120177e+01, gap 0.9877%
m.flow_changes_penalty(): 0.0
Total operational cost: 111737.92
Maximum power (kW): 1127.08
Discharge energy capacity (kWh): 0.00
Charge energy capacity (kWh): 7910.08
Levelized Cost of Flexibility ($/kWh): nan
{'fixed_demand_cost': 4963.622430913925, 'variable_demand_cost': 2666.4923762402022, 'fixed_monthly_cost': 171938.17204301074, 'total_water_production': 282179.6712548452, 'total_energy_cost': 18663.290146715608, 'total_demand_cost': 7630.114807154127, 'total_customer_cost': 0.0, 'total_feed_cost': 50843.18401230207, 'total_brine_cost': 15303.79839347874, 'total_chemical_cost': 19297.530491452813, 'total_water_revenue': 0.0, 'total_demand_response_revenue': -0.0, 'total_emissions_cost': 0.0, 'total_op_cost': 111737.91785110335, 'fixed_cost': 121551.98252688172, 'total_cost': 233289.9003779851, 'LCOW': 0.8267424061434027, 'degree_of_flex': 0.0, 'total_replacement_cost': 992.3107078853046, 'maximum_power': 1127.0837800240379, 'energy_capacity': 0.0, 'power_capacity': nan, 'round_trip_efficiency': 0, 'LVOF': nan}
Saved operation variable results to: /home/rchurchi/watertap_test/watertap/tutorials/flex_ro/wrd_result_winter_no_flex_0_flexible_trains.csv
2026-05-28 13:59:49 [INFO] idaes.core.surrogate.pysmo_surrogate: Decode surrogate. type=poly

===========================Polynomial Regression===============================================

The number of cross-validation cases (3) is used.
The default training/cross-validation split of 0.75 is used.
No iterations will be run.
Default parameter estimation method is used.
Parameter estimation method:  pyomo 

2026-05-28 13:59:49 [INFO] idaes.core.surrogate.pysmo_surrogate: Decode surrogate. type=poly

===========================Polynomial Regression===============================================

The number of cross-validation cases (3) is used.
The default training/cross-validation split of 0.75 is used.
No iterations will be run.
Default parameter estimation method is used.
Parameter estimation method:  pyomo 

2026-05-28 13:59:49 [INFO] idaes.core.surrogate.pysmo_surrogate: Decode surrogate. type=poly

===========================Polynomial Regression===============================================

The number of cross-validation cases (3) is used.
The default training/cross-validation split of 0.75 is used.
No iterations will be run.
Default parameter estimation method is used.
Parameter estimation method:  pyomo 

2026-05-28 13:59:49 [INFO] idaes.core.surrogate.pysmo_surrogate: Decode surrogate. type=poly

===========================Polynomial Regression===============================================

The number of cross-validation cases (3) is used.
The default training/cross-validation split of 0.75 is used.
No iterations will be run.
Default parameter estimation method is used.
Parameter estimation method:  pyomo 

2026-05-28 13:59:51 [INFO] idaes.apps.grid_integration.pricetaker.price_taker_model: Found minimum uptime/downtime data for pretreatment.uf_pumps[1] - Adding minimum uptime/downtime constraints.
2026-05-28 13:59:51 [INFO] idaes.apps.grid_integration.pricetaker.price_taker_model: Created startup/shutdown constraints for operation model  pretreatment.uf_pumps[1] at uf_pumps_1_startup_shutdown.
2026-05-28 13:59:51 [INFO] idaes.apps.grid_integration.pricetaker.price_taker_model: Found minimum uptime/downtime data for pretreatment.uf_pumps[2] - Adding minimum uptime/downtime constraints.
2026-05-28 13:59:51 [INFO] idaes.apps.grid_integration.pricetaker.price_taker_model: Created startup/shutdown constraints for operation model  pretreatment.uf_pumps[2] at uf_pumps_2_startup_shutdown.
2026-05-28 13:59:51 [INFO] idaes.apps.grid_integration.pricetaker.price_taker_model: Found minimum uptime/downtime data for pretreatment.uf_pumps[3] - Adding minimum uptime/downtime constraints.
2026-05-28 13:59:51 [INFO] idaes.apps.grid_integration.pricetaker.price_taker_model: Created startup/shutdown constraints for operation model  pretreatment.uf_pumps[3] at uf_pumps_3_startup_shutdown.
2026-05-28 13:59:51 [INFO] idaes.apps.grid_integration.pricetaker.price_taker_model: Found minimum uptime/downtime data for reverse_osmosis.ro_skid[1] - Adding minimum uptime/downtime constraints.
2026-05-28 13:59:51 [INFO] idaes.apps.grid_integration.pricetaker.price_taker_model: Created startup/shutdown constraints for operation model  reverse_osmosis.ro_skid[1] at ro_skid_1_startup_shutdown.
2026-05-28 13:59:51 [INFO] idaes.apps.grid_integration.pricetaker.price_taker_model: Found minimum uptime/downtime data for reverse_osmosis.ro_skid[2] - Adding minimum uptime/downtime constraints.
2026-05-28 13:59:51 [INFO] idaes.apps.grid_integration.pricetaker.price_taker_model: Created startup/shutdown constraints for operation model  reverse_osmosis.ro_skid[2] at ro_skid_2_startup_shutdown.
2026-05-28 13:59:51 [INFO] idaes.apps.grid_integration.pricetaker.price_taker_model: Found minimum uptime/downtime data for reverse_osmosis.ro_skid[3] - Adding minimum uptime/downtime constraints.
2026-05-28 13:59:51 [INFO] idaes.apps.grid_integration.pricetaker.price_taker_model: Created startup/shutdown constraints for operation model  reverse_osmosis.ro_skid[3] at ro_skid_3_startup_shutdown.
2026-05-28 13:59:51 [INFO] idaes.apps.grid_integration.pricetaker.price_taker_model: Found minimum uptime/downtime data for reverse_osmosis.ro_skid[4] - Adding minimum uptime/downtime constraints.
2026-05-28 13:59:51 [INFO] idaes.apps.grid_integration.pricetaker.price_taker_model: Created startup/shutdown constraints for operation model  reverse_osmosis.ro_skid[4] at ro_skid_4_startup_shutdown.
3024
Set parameter LogToConsole to value 1
Set parameter MIPGap to value 0.01
Gurobi Optimizer version 12.0.3 build v12.0.3rc0 (linux64 - "Red Hat Enterprise Linux 8.8 (Ootpa)")

CPU model: Intel(R) Xeon(R) Platinum 8470QL, instruction set [SSE2|AVX|AVX2|AVX512]
Thread count: 104 physical cores, 104 logical processors, using up to 32 threads

Non-default parameters:
MIPGap  0.01

Optimize a model with 16607 rows, 15123 columns and 41291 nonzeros
Model fingerprint: 0xcb0d63d8
Model has 168 quadratic objective terms
Model has 3696 quadratic constraints
Variable types: 11259 continuous, 3864 integer (3864 binary)
Coefficient statistics:
  Matrix range     [3e-02, 2e+03]
  QMatrix range    [2e-07, 1e+00]
  QLMatrix range   [1e-04, 4e+01]
  Objective range  [7e-06, 5e-03]
  QObjective range [2e-04, 2e-04]
  Bounds range     [9e-01, 1e+03]
  RHS range        [1e+00, 3e+05]
  QRHS range       [3e-01, 1e+00]
Presolve removed 11021 rows and 8548 columns
Presolve time: 0.11s
Presolved: 19194 rows, 7920 columns, 51675 nonzeros
Presolved model has 3696 bilinear constraint(s)

Solving non-convex MIQCP

Variable types: 6422 continuous, 1498 integer (1498 binary)
Found heuristic solution: objective 11.1737925

Root relaxation: objective 1.053623e+01, 31136 iterations, 3.94 seconds (7.25 work units)

    Nodes    |    Current Node    |     Objective Bounds      |     Work
 Expl Unexpl |  Obj  Depth IntInf | Incumbent    BestBd   Gap | It/Node Time

     0     0   10.53623    0 3703   11.17379   10.53623  5.71%     -    4s
     0     0   10.92632    0 2872   11.17379   10.92632  2.21%     -   11s
H    0     0                      11.1299513   10.92632  1.83%     -   12s
     0     0   10.96613    0 3108   11.12995   10.96613  1.47%     -   19s
H    0     0                      11.1142759   10.97103  1.29%     -   28s
     0     0   10.97103    0 3864   11.11428   10.97103  1.29%     -   28s
     0     0   10.97295    0 3877   11.11428   10.97295  1.27%     -   37s
     0     0   10.99216    0 3856   11.11428   10.99216  1.10%     -   54s
     0     0   10.99380    0 3856   11.11428   10.99380  1.08%     -   69s
     0     0   10.99895    0 3829   11.11428   10.99895  1.04%     -   78s
     0     0   10.99998    0 3847   11.11428   10.99998  1.03%     -   86s
H    0     0                      11.1142758   11.00076  1.02%     -   94s
     0     0   11.00076    0 3819   11.11428   11.00076  1.02%     -   94s
     0     0   11.00129    0 3844   11.11428   11.00129  1.02%     -  104s
     0     0   11.00129    0 3823   11.11428   11.00129  1.02%     -  111s
     0     0          -    0        11.11428   11.06209  0.47%     -  114s

Cutting planes:
  Learned: 2
  Cover: 135
  Implied bound: 188
  Clique: 82
  MIR: 43
  Flow cover: 151
  Zero half: 1
  Network: 1
  RLT: 1601
  Relax-and-lift: 25

Explored 1 nodes (505357 simplex iterations) in 114.69 seconds (200.43 work units)
Thread count was 32 (of 104 available processors)

Solution count 4: 11.1143 11.1143 11.13 11.1738 

Optimal solution found (tolerance 1.00e-02)
Best objective 1.111427584773e+01, best bound 1.106208831974e+01, gap 0.4696%
m.flow_changes_penalty(): 0.0
Total operational cost: 111142.76
Maximum power (kW): 1101.57
Discharge energy capacity (kWh): 0.00
Charge energy capacity (kWh): 3624.08
Levelized Cost of Flexibility ($/kWh): nan
{'fixed_demand_cost': 4851.26933280728, 'variable_demand_cost': 2606.1355131391056, 'fixed_monthly_cost': 171938.17204301074, 'total_water_production': 282179.67123287625, 'total_energy_cost': 18240.84075020215, 'total_demand_cost': 7457.404845946386, 'total_customer_cost': 0.0, 'total_feed_cost': 50843.18400592377, 'total_brine_cost': 15303.798385783146, 'total_chemical_cost': 19297.530489448367, 'total_water_revenue': 0.0, 'total_demand_response_revenue': -0.0, 'total_emissions_cost': 0.0, 'total_op_cost': 111142.75847730383, 'fixed_cost': 121551.98252688172, 'total_cost': 232694.74100418555, 'LCOW': 0.8246332557817322, 'degree_of_flex': 0.0, 'total_replacement_cost': 992.3107078853046, 'maximum_power': 1101.5718970651224, 'energy_capacity': 0.0, 'power_capacity': nan, 'round_trip_efficiency': 0, 'LVOF': nan}
Saved operation variable results to: /home/rchurchi/watertap_test/watertap/tutorials/flex_ro/wrd_result_winter_both_0_flexible_trains.csv
2026-05-28 14:01:49 [INFO] idaes.core.surrogate.pysmo_surrogate: Decode surrogate. type=poly

===========================Polynomial Regression===============================================

The number of cross-validation cases (3) is used.
The default training/cross-validation split of 0.75 is used.
No iterations will be run.
Default parameter estimation method is used.
Parameter estimation method:  pyomo 

2026-05-28 14:01:49 [INFO] idaes.core.surrogate.pysmo_surrogate: Decode surrogate. type=poly

===========================Polynomial Regression===============================================

The number of cross-validation cases (3) is used.
The default training/cross-validation split of 0.75 is used.
No iterations will be run.
Default parameter estimation method is used.
Parameter estimation method:  pyomo 

2026-05-28 14:01:49 [INFO] idaes.core.surrogate.pysmo_surrogate: Decode surrogate. type=poly

===========================Polynomial Regression===============================================

The number of cross-validation cases (3) is used.
The default training/cross-validation split of 0.75 is used.
No iterations will be run.
Default parameter estimation method is used.
Parameter estimation method:  pyomo 

2026-05-28 14:01:49 [INFO] idaes.core.surrogate.pysmo_surrogate: Decode surrogate. type=poly

===========================Polynomial Regression===============================================

The number of cross-validation cases (3) is used.
The default training/cross-validation split of 0.75 is used.
No iterations will be run.
Default parameter estimation method is used.
Parameter estimation method:  pyomo 

2026-05-28 14:01:51 [INFO] idaes.apps.grid_integration.pricetaker.price_taker_model: Found minimum uptime/downtime data for pretreatment.uf_pumps[1] - Adding minimum uptime/downtime constraints.
2026-05-28 14:01:51 [INFO] idaes.apps.grid_integration.pricetaker.price_taker_model: Created startup/shutdown constraints for operation model  pretreatment.uf_pumps[1] at uf_pumps_1_startup_shutdown.
2026-05-28 14:01:51 [INFO] idaes.apps.grid_integration.pricetaker.price_taker_model: Found minimum uptime/downtime data for pretreatment.uf_pumps[2] - Adding minimum uptime/downtime constraints.
2026-05-28 14:01:51 [INFO] idaes.apps.grid_integration.pricetaker.price_taker_model: Created startup/shutdown constraints for operation model  pretreatment.uf_pumps[2] at uf_pumps_2_startup_shutdown.
2026-05-28 14:01:51 [INFO] idaes.apps.grid_integration.pricetaker.price_taker_model: Found minimum uptime/downtime data for pretreatment.uf_pumps[3] - Adding minimum uptime/downtime constraints.
2026-05-28 14:01:51 [INFO] idaes.apps.grid_integration.pricetaker.price_taker_model: Created startup/shutdown constraints for operation model  pretreatment.uf_pumps[3] at uf_pumps_3_startup_shutdown.
2026-05-28 14:01:51 [INFO] idaes.apps.grid_integration.pricetaker.price_taker_model: Found minimum uptime/downtime data for reverse_osmosis.ro_skid[1] - Adding minimum uptime/downtime constraints.
2026-05-28 14:01:51 [INFO] idaes.apps.grid_integration.pricetaker.price_taker_model: Created startup/shutdown constraints for operation model  reverse_osmosis.ro_skid[1] at ro_skid_1_startup_shutdown.
2026-05-28 14:01:51 [INFO] idaes.apps.grid_integration.pricetaker.price_taker_model: Found minimum uptime/downtime data for reverse_osmosis.ro_skid[2] - Adding minimum uptime/downtime constraints.
2026-05-28 14:01:51 [INFO] idaes.apps.grid_integration.pricetaker.price_taker_model: Created startup/shutdown constraints for operation model  reverse_osmosis.ro_skid[2] at ro_skid_2_startup_shutdown.
2026-05-28 14:01:51 [INFO] idaes.apps.grid_integration.pricetaker.price_taker_model: Found minimum uptime/downtime data for reverse_osmosis.ro_skid[3] - Adding minimum uptime/downtime constraints.
2026-05-28 14:01:51 [INFO] idaes.apps.grid_integration.pricetaker.price_taker_model: Created startup/shutdown constraints for operation model  reverse_osmosis.ro_skid[3] at ro_skid_3_startup_shutdown.
2026-05-28 14:01:51 [INFO] idaes.apps.grid_integration.pricetaker.price_taker_model: Found minimum uptime/downtime data for reverse_osmosis.ro_skid[4] - Adding minimum uptime/downtime constraints.
2026-05-28 14:01:51 [INFO] idaes.apps.grid_integration.pricetaker.price_taker_model: Created startup/shutdown constraints for operation model  reverse_osmosis.ro_skid[4] at ro_skid_4_startup_shutdown.
2930
Set parameter LogToConsole to value 1
Set parameter MIPGap to value 0.01
Gurobi Optimizer version 12.0.3 build v12.0.3rc0 (linux64 - "Red Hat Enterprise Linux 8.8 (Ootpa)")

CPU model: Intel(R) Xeon(R) Platinum 8470QL, instruction set [SSE2|AVX|AVX2|AVX512]
Thread count: 104 physical cores, 104 logical processors, using up to 32 threads

Non-default parameters:
MIPGap  0.01

Optimize a model with 16607 rows, 15029 columns and 40643 nonzeros
Model fingerprint: 0x09bdf12a
Model has 168 quadratic objective terms
Model has 3696 quadratic constraints
Variable types: 11259 continuous, 3770 integer (3770 binary)
Coefficient statistics:
  Matrix range     [3e-02, 2e+03]
  QMatrix range    [2e-07, 1e+00]
  QLMatrix range   [1e-04, 4e+01]
  Objective range  [1e-05, 5e-03]
  QObjective range [2e-04, 2e-04]
  Bounds range     [9e-01, 1e+03]
  RHS range        [1e+00, 3e+05]
  QRHS range       [3e-01, 4e+01]
Presolve removed 12215 rows and 9640 columns
Presolve time: 0.05s
Presolved: 15480 rows, 6398 columns, 42517 nonzeros
Presolved model has 3024 bilinear constraint(s)

Solving non-convex MIQCP

Variable types: 5068 continuous, 1330 integer (1330 binary)
Found heuristic solution: objective 12.0897172

Root relaxation: objective 1.134760e+01, 25057 iterations, 2.96 seconds (4.88 work units)

    Nodes    |    Current Node    |     Objective Bounds      |     Work
 Expl Unexpl |  Obj  Depth IntInf | Incumbent    BestBd   Gap | It/Node Time

     0     0   11.34760    0 2172   12.08972   11.34760  6.14%     -    3s
     0     0   11.83780    0 2085   12.08972   11.83780  2.08%     -    5s
     0     0   11.84371    0 2096   12.08972   11.84371  2.03%     -    5s
     0     0   11.85993    0 2385   12.08972   11.85993  1.90%     -    7s
H    0     0                      12.0897170   11.85993  1.90%     -    7s
     0     0   11.85999    0 2383   12.08972   11.85999  1.90%     -    7s
     0     0   11.86918    0 2399   12.08972   11.86918  1.82%     -    8s
     0     0   11.87010    0 2352   12.08972   11.87010  1.82%     -    8s
     0     0   11.87435    0 2418   12.08972   11.87435  1.78%     -    9s
     0     0   11.87509    0 2430   12.08972   11.87509  1.78%     -    9s
     0     0   11.87580    0 2432   12.08972   11.87580  1.77%     -    9s
     0     0   11.87598    0 2430   12.08972   11.87598  1.77%     -    9s
     0     0   11.87631    0 2436   12.08972   11.87631  1.77%     -    9s
     0     0   11.91977    0 2421   12.08972   11.91977  1.41%     -   11s
     0     2   11.91977    0 2419   12.08972   11.91977  1.41%     -   12s
    15    32   11.92591    4 2443   12.08972   11.92547  1.36%  2513   15s
   256   331   11.93070    9 2376   12.08972   11.92640  1.35%   616   21s
   485   568   11.93143   15 2423   12.08972   11.92640  1.35%   745   26s
   710   781   11.93249   22 2447   12.08972   11.92640  1.35%   735   30s
   872   966   11.93288   28 2349   12.08972   11.92640  1.35%   716   35s
  1060  1128   11.93454   31 2309   12.08972   11.92640  1.35%   740   40s
  1193  1253   11.93670   40 2264   12.08972   11.92640  1.35%  1137   47s
  1352  1509   11.93820   46 2217   12.08972   11.92640  1.35%  1381   54s
  1508  1699   11.93852   52 2172   12.08972   11.92640  1.35%  1339   57s
  1698  1858   11.93875   62 2155   12.08972   11.92640  1.35%  1260   60s
  1857  2078   11.93887   73 2140   12.08972   11.92640  1.35%  1233   65s
  2281  2499   11.93922   90 2103   12.08972   11.92640  1.35%  1148   71s
H 2609  2701                      12.0897170   11.92640  1.35%  1110   74s
  2700  3024   11.94041  103 2126   12.08972   11.92640  1.35%  1111   77s
  3403  3816   11.94073  123 2102   12.08972   11.92640  1.35%   967   81s
  4271  4749   11.94132  160 2066   12.08972   11.92640  1.35%   839   88s
  4754  5259   11.94162  174 2062   12.08972   11.92640  1.35%   791   92s
  5266  5745   11.94186  191 2045   12.08972   11.92732  1.34%   749   96s
  5752  6230   11.94199  219 2043   12.08972   11.92732  1.34%   721  100s
  6812  7460   11.94257  273 2057   12.08972   11.92732  1.34%   672  105s
  8155  8845   11.94318  331 2056   12.08972   11.92732  1.34%   610  111s
  8878  9422   11.94416  382 2059   12.08972   11.92732  1.34%   587  158s
  9465 10117   11.94494  389 2017   12.08972   11.92748  1.34%   578  162s
 10166 10989   11.94494  449 2016   12.08972   11.92748  1.34%   566  165s
 11639 12032   11.94505  482 2019   12.08972   11.92748  1.34%   539  171s
 12728 13156   11.94488  485 2026   12.08972   11.92754  1.34%   539  177s
 13223 13646   11.94483  487 2024   12.08972   11.92754  1.34%   545  180s
H13724 13510                      12.0619631   11.92754  1.11%   550  183s
H14160 13997                      12.0619628   11.92754  1.11%   557  187s
H14428 13997                      12.0619628   11.92754  1.11%   561  187s
H14672 12634                      12.0105626   11.92754  0.69%   567  188s

Cutting planes:
  Learned: 33
  Cover: 50
  Implied bound: 163
  MIR: 107
  Flow cover: 150
  Network: 1
  RLT: 1613
  Relax-and-lift: 4

Explored 14672 nodes (8390865 simplex iterations) in 193.65 seconds (442.42 work units)
Thread count was 32 (of 104 available processors)

Solution count 5: 12.0106 12.062 12.062 ... 12.0897

Optimal solution found (tolerance 1.00e-02)
Best objective 1.201056264012e+01, best bound 1.192754111522e+01, gap 0.6912%
m.flow_changes_penalty(): 0.0
Total operational cost: 120105.63
Maximum power (kW): 1101.92
Discharge energy capacity (kWh): 0.00
Charge energy capacity (kWh): 3682.46
Levelized Cost of Flexibility ($/kWh): nan
{'fixed_demand_cost': 4931.948713952633, 'variable_demand_cost': 9097.145120319849, 'fixed_monthly_cost': 171938.17204301074, 'total_water_production': 282179.67123287666, 'total_energy_cost': 20632.00818997307, 'total_demand_cost': 14029.09383427248, 'total_customer_cost': 0.0, 'total_feed_cost': 50843.18695734817, 'total_brine_cost': 15303.806317735745, 'total_chemical_cost': 19297.531101868928, 'total_water_revenue': 0.0, 'total_demand_response_revenue': -0.0, 'total_emissions_cost': 0.0, 'total_op_cost': 120105.62640119837, 'fixed_cost': 121551.98252688172, 'total_cost': 241657.6089280801, 'LCOW': 0.8563962381565233, 'degree_of_flex': 0.0, 'total_replacement_cost': 992.3107078853046, 'maximum_power': 1101.9194839550864, 'energy_capacity': 0.0, 'power_capacity': nan, 'round_trip_efficiency': 0, 'LVOF': nan}
Saved operation variable results to: /home/rchurchi/watertap_test/watertap/tutorials/flex_ro/wrd_result_summer_rr_0_flexible_trains.csv
2026-05-28 14:05:08 [INFO] idaes.core.surrogate.pysmo_surrogate: Decode surrogate. type=poly

===========================Polynomial Regression===============================================

The number of cross-validation cases (3) is used.
The default training/cross-validation split of 0.75 is used.
No iterations will be run.
Default parameter estimation method is used.
Parameter estimation method:  pyomo 

2026-05-28 14:05:08 [INFO] idaes.core.surrogate.pysmo_surrogate: Decode surrogate. type=poly

===========================Polynomial Regression===============================================

The number of cross-validation cases (3) is used.
The default training/cross-validation split of 0.75 is used.
No iterations will be run.
Default parameter estimation method is used.
Parameter estimation method:  pyomo 

2026-05-28 14:05:08 [INFO] idaes.core.surrogate.pysmo_surrogate: Decode surrogate. type=poly

===========================Polynomial Regression===============================================

The number of cross-validation cases (3) is used.
The default training/cross-validation split of 0.75 is used.
No iterations will be run.
Default parameter estimation method is used.
Parameter estimation method:  pyomo 

2026-05-28 14:05:08 [INFO] idaes.core.surrogate.pysmo_surrogate: Decode surrogate. type=poly

===========================Polynomial Regression===============================================

The number of cross-validation cases (3) is used.
The default training/cross-validation split of 0.75 is used.
No iterations will be run.
Default parameter estimation method is used.
Parameter estimation method:  pyomo 

2026-05-28 14:05:10 [INFO] idaes.apps.grid_integration.pricetaker.price_taker_model: Found minimum uptime/downtime data for pretreatment.uf_pumps[1] - Adding minimum uptime/downtime constraints.
2026-05-28 14:05:10 [INFO] idaes.apps.grid_integration.pricetaker.price_taker_model: Created startup/shutdown constraints for operation model  pretreatment.uf_pumps[1] at uf_pumps_1_startup_shutdown.
2026-05-28 14:05:10 [INFO] idaes.apps.grid_integration.pricetaker.price_taker_model: Found minimum uptime/downtime data for pretreatment.uf_pumps[2] - Adding minimum uptime/downtime constraints.
2026-05-28 14:05:10 [INFO] idaes.apps.grid_integration.pricetaker.price_taker_model: Created startup/shutdown constraints for operation model  pretreatment.uf_pumps[2] at uf_pumps_2_startup_shutdown.
2026-05-28 14:05:10 [INFO] idaes.apps.grid_integration.pricetaker.price_taker_model: Found minimum uptime/downtime data for pretreatment.uf_pumps[3] - Adding minimum uptime/downtime constraints.
2026-05-28 14:05:10 [INFO] idaes.apps.grid_integration.pricetaker.price_taker_model: Created startup/shutdown constraints for operation model  pretreatment.uf_pumps[3] at uf_pumps_3_startup_shutdown.
2026-05-28 14:05:10 [INFO] idaes.apps.grid_integration.pricetaker.price_taker_model: Found minimum uptime/downtime data for reverse_osmosis.ro_skid[1] - Adding minimum uptime/downtime constraints.
2026-05-28 14:05:10 [INFO] idaes.apps.grid_integration.pricetaker.price_taker_model: Created startup/shutdown constraints for operation model  reverse_osmosis.ro_skid[1] at ro_skid_1_startup_shutdown.
2026-05-28 14:05:10 [INFO] idaes.apps.grid_integration.pricetaker.price_taker_model: Found minimum uptime/downtime data for reverse_osmosis.ro_skid[2] - Adding minimum uptime/downtime constraints.
2026-05-28 14:05:10 [INFO] idaes.apps.grid_integration.pricetaker.price_taker_model: Created startup/shutdown constraints for operation model  reverse_osmosis.ro_skid[2] at ro_skid_2_startup_shutdown.
2026-05-28 14:05:10 [INFO] idaes.apps.grid_integration.pricetaker.price_taker_model: Found minimum uptime/downtime data for reverse_osmosis.ro_skid[3] - Adding minimum uptime/downtime constraints.
2026-05-28 14:05:10 [INFO] idaes.apps.grid_integration.pricetaker.price_taker_model: Created startup/shutdown constraints for operation model  reverse_osmosis.ro_skid[3] at ro_skid_3_startup_shutdown.
2026-05-28 14:05:10 [INFO] idaes.apps.grid_integration.pricetaker.price_taker_model: Found minimum uptime/downtime data for reverse_osmosis.ro_skid[4] - Adding minimum uptime/downtime constraints.
2026-05-28 14:05:10 [INFO] idaes.apps.grid_integration.pricetaker.price_taker_model: Created startup/shutdown constraints for operation model  reverse_osmosis.ro_skid[4] at ro_skid_4_startup_shutdown.
2258
Set parameter LogToConsole to value 1
Set parameter MIPGap to value 0.01
Gurobi Optimizer version 12.0.3 build v12.0.3rc0 (linux64 - "Red Hat Enterprise Linux 8.8 (Ootpa)")

CPU model: Intel(R) Xeon(R) Platinum 8470QL, instruction set [SSE2|AVX|AVX2|AVX512]
Thread count: 104 physical cores, 104 logical processors, using up to 32 threads

Non-default parameters:
MIPGap  0.01

Optimize a model with 17951 rows, 14357 columns and 43237 nonzeros
Model fingerprint: 0x8c174f36
Model has 168 quadratic objective terms
Model has 2352 quadratic constraints
Variable types: 10587 continuous, 3770 integer (3770 binary)
Coefficient statistics:
  Matrix range     [3e-02, 2e+03]
  QMatrix range    [2e-07, 1e+00]
  QLMatrix range   [1e-04, 1e+00]
  Objective range  [1e-05, 5e-03]
  QObjective range [2e-04, 2e-04]
  Bounds range     [1e+00, 1e+03]
  RHS range        [1e+00, 3e+05]
  QRHS range       [2e-01, 3e-01]
Presolve removed 13895 rows and 9808 columns
Presolve time: 0.05s
Presolved: 11112 rows, 4550 columns, 29581 nonzeros
Presolved model has 2016 bilinear constraint(s)

Solving non-convex MIQCP

Variable types: 3220 continuous, 1330 integer (1330 binary)
Found heuristic solution: objective 12.0897165

Root relaxation: objective 1.138632e+01, 10101 iterations, 1.01 seconds (1.78 work units)

    Nodes    |    Current Node    |     Objective Bounds      |     Work
 Expl Unexpl |  Obj  Depth IntInf | Incumbent    BestBd   Gap | It/Node Time

     0     0   11.38632    0 1344   12.08972   11.38632  5.82%     -    1s
     0     0   11.86960    0 1859   12.08972   11.86960  1.82%     -    1s
H    0     0                      12.0593369   11.86960  1.57%     -    1s
H    0     0                      12.0283229   11.86960  1.32%     -    1s
     0     0   11.87583    0 2195   12.02832   11.87583  1.27%     -    1s
     0     0   11.87617    0 2191   12.02832   11.87617  1.26%     -    1s
     0     0   11.89035    0 1854   12.02832   11.89035  1.15%     -    2s
     0     0   11.89157    0 1853   12.02832   11.89157  1.14%     -    2s
     0     0   11.89397    0 1738   12.02832   11.89397  1.12%     -    2s
     0     0   11.89402    0 1737   12.02832   11.89402  1.12%     -    2s
     0     0          -    0        12.02832   11.94464  0.70%     -    3s

Cutting planes:
  Learned: 6
  Cover: 1
  Implied bound: 135
  MIR: 25
  RLT: 716
  Relax-and-lift: 206

Explored 1 nodes (22266 simplex iterations) in 3.14 seconds (5.43 work units)
Thread count was 32 (of 104 available processors)

Solution count 2: 12.0283 12.0897 

Optimal solution found (tolerance 1.00e-02)
Best objective 1.202832294037e+01, best bound 1.194464481256e+01, gap 0.6957%
m.flow_changes_penalty(): 150.0
Total operational cost: 120133.23
Maximum power (kW): 1102.72
Discharge energy capacity (kWh): 0.00
Charge energy capacity (kWh): 3815.47
Levelized Cost of Flexibility ($/kWh): nan
{'fixed_demand_cost': 4935.548361388325, 'variable_demand_cost': 9103.784790965987, 'fixed_monthly_cost': 171938.17204301074, 'total_water_production': 282181.81222384557, 'total_energy_cost': 20646.85334024416, 'total_demand_cost': 14039.333152354313, 'total_customer_cost': 0.0, 'total_feed_cost': 50844.05288534871, 'total_brine_cost': 15305.212873121069, 'total_chemical_cost': 19297.77715264905, 'total_water_revenue': 0.0, 'total_demand_response_revenue': -0.0, 'total_emissions_cost': 0.0, 'total_op_cost': 120133.2294037173, 'fixed_cost': 121551.98252688172, 'total_cost': 241685.211930599, 'LCOW': 0.8564875603636639, 'degree_of_flex': 0.0, 'total_replacement_cost': 992.3107078853046, 'maximum_power': 1102.723734338619, 'energy_capacity': 0.0, 'power_capacity': nan, 'round_trip_efficiency': 0, 'LVOF': nan}
Saved operation variable results to: /home/rchurchi/watertap_test/watertap/tutorials/flex_ro/wrd_result_summer_flow_0_flexible_trains.csv
2026-05-28 14:05:17 [INFO] idaes.core.surrogate.pysmo_surrogate: Decode surrogate. type=poly

===========================Polynomial Regression===============================================

The number of cross-validation cases (3) is used.
The default training/cross-validation split of 0.75 is used.
No iterations will be run.
Default parameter estimation method is used.
Parameter estimation method:  pyomo 

2026-05-28 14:05:17 [INFO] idaes.core.surrogate.pysmo_surrogate: Decode surrogate. type=poly

===========================Polynomial Regression===============================================

The number of cross-validation cases (3) is used.
The default training/cross-validation split of 0.75 is used.
No iterations will be run.
Default parameter estimation method is used.
Parameter estimation method:  pyomo 

2026-05-28 14:05:17 [INFO] idaes.core.surrogate.pysmo_surrogate: Decode surrogate. type=poly

===========================Polynomial Regression===============================================

The number of cross-validation cases (3) is used.
The default training/cross-validation split of 0.75 is used.
No iterations will be run.
Default parameter estimation method is used.
Parameter estimation method:  pyomo 

2026-05-28 14:05:17 [INFO] idaes.core.surrogate.pysmo_surrogate: Decode surrogate. type=poly

===========================Polynomial Regression===============================================

The number of cross-validation cases (3) is used.
The default training/cross-validation split of 0.75 is used.
No iterations will be run.
Default parameter estimation method is used.
Parameter estimation method:  pyomo 

2026-05-28 14:05:19 [INFO] idaes.apps.grid_integration.pricetaker.price_taker_model: Found minimum uptime/downtime data for pretreatment.uf_pumps[1] - Adding minimum uptime/downtime constraints.
2026-05-28 14:05:19 [INFO] idaes.apps.grid_integration.pricetaker.price_taker_model: Created startup/shutdown constraints for operation model  pretreatment.uf_pumps[1] at uf_pumps_1_startup_shutdown.
2026-05-28 14:05:19 [INFO] idaes.apps.grid_integration.pricetaker.price_taker_model: Found minimum uptime/downtime data for pretreatment.uf_pumps[2] - Adding minimum uptime/downtime constraints.
2026-05-28 14:05:19 [INFO] idaes.apps.grid_integration.pricetaker.price_taker_model: Created startup/shutdown constraints for operation model  pretreatment.uf_pumps[2] at uf_pumps_2_startup_shutdown.
2026-05-28 14:05:19 [INFO] idaes.apps.grid_integration.pricetaker.price_taker_model: Found minimum uptime/downtime data for pretreatment.uf_pumps[3] - Adding minimum uptime/downtime constraints.
2026-05-28 14:05:19 [INFO] idaes.apps.grid_integration.pricetaker.price_taker_model: Created startup/shutdown constraints for operation model  pretreatment.uf_pumps[3] at uf_pumps_3_startup_shutdown.
2026-05-28 14:05:19 [INFO] idaes.apps.grid_integration.pricetaker.price_taker_model: Found minimum uptime/downtime data for reverse_osmosis.ro_skid[1] - Adding minimum uptime/downtime constraints.
2026-05-28 14:05:19 [INFO] idaes.apps.grid_integration.pricetaker.price_taker_model: Created startup/shutdown constraints for operation model  reverse_osmosis.ro_skid[1] at ro_skid_1_startup_shutdown.
2026-05-28 14:05:19 [INFO] idaes.apps.grid_integration.pricetaker.price_taker_model: Found minimum uptime/downtime data for reverse_osmosis.ro_skid[2] - Adding minimum uptime/downtime constraints.
2026-05-28 14:05:19 [INFO] idaes.apps.grid_integration.pricetaker.price_taker_model: Created startup/shutdown constraints for operation model  reverse_osmosis.ro_skid[2] at ro_skid_2_startup_shutdown.
2026-05-28 14:05:19 [INFO] idaes.apps.grid_integration.pricetaker.price_taker_model: Found minimum uptime/downtime data for reverse_osmosis.ro_skid[3] - Adding minimum uptime/downtime constraints.
2026-05-28 14:05:19 [INFO] idaes.apps.grid_integration.pricetaker.price_taker_model: Created startup/shutdown constraints for operation model  reverse_osmosis.ro_skid[3] at ro_skid_3_startup_shutdown.
2026-05-28 14:05:19 [INFO] idaes.apps.grid_integration.pricetaker.price_taker_model: Found minimum uptime/downtime data for reverse_osmosis.ro_skid[4] - Adding minimum uptime/downtime constraints.
2026-05-28 14:05:19 [INFO] idaes.apps.grid_integration.pricetaker.price_taker_model: Created startup/shutdown constraints for operation model  reverse_osmosis.ro_skid[4] at ro_skid_4_startup_shutdown.
3433
Set parameter LogToConsole to value 1
Set parameter MIPGap to value 0.01
Gurobi Optimizer version 12.0.3 build v12.0.3rc0 (linux64 - "Red Hat Enterprise Linux 8.8 (Ootpa)")

CPU model: Intel(R) Xeon(R) Platinum 8470QL, instruction set [SSE2|AVX|AVX2|AVX512]
Thread count: 104 physical cores, 104 logical processors, using up to 32 threads

Non-default parameters:
MIPGap  0.01

Optimize a model with 17952 rows, 14357 columns and 44413 nonzeros
Model fingerprint: 0x3bda0090
Model has 168 quadratic objective terms
Model has 2352 quadratic constraints
Variable types: 10587 continuous, 3770 integer (3770 binary)
Coefficient statistics:
  Matrix range     [3e-02, 2e+03]
  QMatrix range    [2e-07, 1e+00]
  QLMatrix range   [1e-04, 1e+00]
  Objective range  [1e-05, 5e-03]
  QObjective range [2e-04, 2e-04]
  Bounds range     [1e+00, 1e+03]
  RHS range        [1e+00, 3e+05]
  QRHS range       [2e-01, 3e-01]
Presolve removed 17944 rows and 14343 columns
Presolve time: 0.06s
Presolved: 39 rows, 22 columns, 96 nonzeros
Presolved model has 12 bilinear constraint(s)

Solving non-convex MIQCP

Variable types: 21 continuous, 1 integer (1 binary)
Found heuristic solution: objective 12.0897165

Root relaxation: objective 1.138632e+01, 28 iterations, 0.00 seconds (0.00 work units)

    Nodes    |    Current Node    |     Objective Bounds      |     Work
 Expl Unexpl |  Obj  Depth IntInf | Incumbent    BestBd   Gap | It/Node Time

     0     0   11.38632    0    8   12.08972   11.38632  5.82%     -    0s
     0     0   11.87345    0    8   12.08972   11.87345  1.79%     -    0s
     0     0   11.89666    0    9   12.08972   11.89666  1.60%     -    0s
     0     0   11.90082    0    9   12.08972   11.90082  1.56%     -    0s
     0     0          -    0        12.08972   11.99519  0.78%     -    0s

Cutting planes:
  RLT: 6
  Relax-and-lift: 1

Explored 1 nodes (62 simplex iterations) in 0.08 seconds (0.13 work units)
Thread count was 32 (of 104 available processors)

Solution count 1: 12.0897 

Optimal solution found (tolerance 1.00e-02)
Best objective 1.208971646606e+01, best bound 1.199518680638e+01, gap 0.7819%
m.flow_changes_penalty(): 0.0
Total operational cost: 120897.16
Maximum power (kW): 1127.08
Discharge energy capacity (kWh): 0.00
Charge energy capacity (kWh): 7910.07
Levelized Cost of Flexibility ($/kWh): nan
{'fixed_demand_cost': 5044.578554371115, 'variable_demand_cost': 9304.894645424756, 'fixed_monthly_cost': 171938.17204301074, 'total_water_production': 282179.6712525514, 'total_energy_cost': 21103.17856443225, 'total_demand_cost': 14349.473199795872, 'total_customer_cost': 0.0, 'total_feed_cost': 50843.18401184124, 'total_brine_cost': 15303.798393226945, 'total_chemical_cost': 19297.530491286136, 'total_water_revenue': 0.0, 'total_demand_response_revenue': -0.0, 'total_emissions_cost': 0.0, 'total_op_cost': 120897.16466058244, 'fixed_cost': 121551.98252688172, 'total_cost': 242449.14718746417, 'LCOW': 0.85920132414667, 'degree_of_flex': 0.0, 'total_replacement_cost': 992.3107078853046, 'maximum_power': 1127.083779617929, 'energy_capacity': 0.0, 'power_capacity': nan, 'round_trip_efficiency': 0, 'LVOF': nan}
Saved operation variable results to: /home/rchurchi/watertap_test/watertap/tutorials/flex_ro/wrd_result_summer_no_flex_0_flexible_trains.csv
2026-05-28 14:05:23 [INFO] idaes.core.surrogate.pysmo_surrogate: Decode surrogate. type=poly

===========================Polynomial Regression===============================================

The number of cross-validation cases (3) is used.
The default training/cross-validation split of 0.75 is used.
No iterations will be run.
Default parameter estimation method is used.
Parameter estimation method:  pyomo 

2026-05-28 14:05:23 [INFO] idaes.core.surrogate.pysmo_surrogate: Decode surrogate. type=poly

===========================Polynomial Regression===============================================

The number of cross-validation cases (3) is used.
The default training/cross-validation split of 0.75 is used.
No iterations will be run.
Default parameter estimation method is used.
Parameter estimation method:  pyomo 

2026-05-28 14:05:23 [INFO] idaes.core.surrogate.pysmo_surrogate: Decode surrogate. type=poly

===========================Polynomial Regression===============================================

The number of cross-validation cases (3) is used.
The default training/cross-validation split of 0.75 is used.
No iterations will be run.
Default parameter estimation method is used.
Parameter estimation method:  pyomo 

2026-05-28 14:05:23 [INFO] idaes.core.surrogate.pysmo_surrogate: Decode surrogate. type=poly

===========================Polynomial Regression===============================================

The number of cross-validation cases (3) is used.
The default training/cross-validation split of 0.75 is used.
No iterations will be run.
Default parameter estimation method is used.
Parameter estimation method:  pyomo 

2026-05-28 14:05:25 [INFO] idaes.apps.grid_integration.pricetaker.price_taker_model: Found minimum uptime/downtime data for pretreatment.uf_pumps[1] - Adding minimum uptime/downtime constraints.
2026-05-28 14:05:25 [INFO] idaes.apps.grid_integration.pricetaker.price_taker_model: Created startup/shutdown constraints for operation model  pretreatment.uf_pumps[1] at uf_pumps_1_startup_shutdown.
2026-05-28 14:05:25 [INFO] idaes.apps.grid_integration.pricetaker.price_taker_model: Found minimum uptime/downtime data for pretreatment.uf_pumps[2] - Adding minimum uptime/downtime constraints.
2026-05-28 14:05:25 [INFO] idaes.apps.grid_integration.pricetaker.price_taker_model: Created startup/shutdown constraints for operation model  pretreatment.uf_pumps[2] at uf_pumps_2_startup_shutdown.
2026-05-28 14:05:25 [INFO] idaes.apps.grid_integration.pricetaker.price_taker_model: Found minimum uptime/downtime data for pretreatment.uf_pumps[3] - Adding minimum uptime/downtime constraints.
2026-05-28 14:05:25 [INFO] idaes.apps.grid_integration.pricetaker.price_taker_model: Created startup/shutdown constraints for operation model  pretreatment.uf_pumps[3] at uf_pumps_3_startup_shutdown.
2026-05-28 14:05:25 [INFO] idaes.apps.grid_integration.pricetaker.price_taker_model: Found minimum uptime/downtime data for reverse_osmosis.ro_skid[1] - Adding minimum uptime/downtime constraints.
2026-05-28 14:05:25 [INFO] idaes.apps.grid_integration.pricetaker.price_taker_model: Created startup/shutdown constraints for operation model  reverse_osmosis.ro_skid[1] at ro_skid_1_startup_shutdown.
2026-05-28 14:05:25 [INFO] idaes.apps.grid_integration.pricetaker.price_taker_model: Found minimum uptime/downtime data for reverse_osmosis.ro_skid[2] - Adding minimum uptime/downtime constraints.
2026-05-28 14:05:25 [INFO] idaes.apps.grid_integration.pricetaker.price_taker_model: Created startup/shutdown constraints for operation model  reverse_osmosis.ro_skid[2] at ro_skid_2_startup_shutdown.
2026-05-28 14:05:25 [INFO] idaes.apps.grid_integration.pricetaker.price_taker_model: Found minimum uptime/downtime data for reverse_osmosis.ro_skid[3] - Adding minimum uptime/downtime constraints.
2026-05-28 14:05:25 [INFO] idaes.apps.grid_integration.pricetaker.price_taker_model: Created startup/shutdown constraints for operation model  reverse_osmosis.ro_skid[3] at ro_skid_3_startup_shutdown.
2026-05-28 14:05:25 [INFO] idaes.apps.grid_integration.pricetaker.price_taker_model: Found minimum uptime/downtime data for reverse_osmosis.ro_skid[4] - Adding minimum uptime/downtime constraints.
2026-05-28 14:05:25 [INFO] idaes.apps.grid_integration.pricetaker.price_taker_model: Created startup/shutdown constraints for operation model  reverse_osmosis.ro_skid[4] at ro_skid_4_startup_shutdown.
2930
Set parameter LogToConsole to value 1
Set parameter MIPGap to value 0.01
Gurobi Optimizer version 12.0.3 build v12.0.3rc0 (linux64 - "Red Hat Enterprise Linux 8.8 (Ootpa)")

CPU model: Intel(R) Xeon(R) Platinum 8470QL, instruction set [SSE2|AVX|AVX2|AVX512]
Thread count: 104 physical cores, 104 logical processors, using up to 32 threads

Non-default parameters:
MIPGap  0.01

Optimize a model with 16607 rows, 15029 columns and 40643 nonzeros
Model fingerprint: 0xe82343d5
Model has 168 quadratic objective terms
Model has 3696 quadratic constraints
Variable types: 11259 continuous, 3770 integer (3770 binary)
Coefficient statistics:
  Matrix range     [3e-02, 2e+03]
  QMatrix range    [2e-07, 1e+00]
  QLMatrix range   [1e-04, 4e+01]
  Objective range  [1e-05, 5e-03]
  QObjective range [2e-04, 2e-04]
  Bounds range     [9e-01, 1e+03]
  RHS range        [1e+00, 3e+05]
  QRHS range       [3e-01, 4e+01]
Presolve removed 12215 rows and 9640 columns
Presolve time: 0.05s
Presolved: 15480 rows, 6398 columns, 42517 nonzeros
Presolved model has 3024 bilinear constraint(s)

Solving non-convex MIQCP

Variable types: 5068 continuous, 1330 integer (1330 binary)
Found heuristic solution: objective 12.0897172

Root relaxation: objective 1.134760e+01, 25057 iterations, 3.01 seconds (4.88 work units)

    Nodes    |    Current Node    |     Objective Bounds      |     Work
 Expl Unexpl |  Obj  Depth IntInf | Incumbent    BestBd   Gap | It/Node Time

     0     0   11.34760    0 2172   12.08972   11.34760  6.14%     -    3s
     0     0   11.83780    0 2085   12.08972   11.83780  2.08%     -    5s
     0     0   11.84371    0 2096   12.08972   11.84371  2.03%     -    5s
     0     0   11.85993    0 2385   12.08972   11.85993  1.90%     -    7s
H    0     0                      12.0897170   11.85993  1.90%     -    7s
     0     0   11.85999    0 2383   12.08972   11.85999  1.90%     -    7s
     0     0   11.86918    0 2399   12.08972   11.86918  1.82%     -    8s
     0     0   11.87010    0 2352   12.08972   11.87010  1.82%     -    8s
     0     0   11.87435    0 2418   12.08972   11.87435  1.78%     -    9s
     0     0   11.87509    0 2430   12.08972   11.87509  1.78%     -    9s
     0     0   11.87580    0 2432   12.08972   11.87580  1.77%     -    9s
     0     0   11.87598    0 2430   12.08972   11.87598  1.77%     -    9s
     0     0   11.87631    0 2436   12.08972   11.87631  1.77%     -    9s
     0     0   11.91977    0 2421   12.08972   11.91977  1.41%     -   11s
     0     2   11.91977    0 2419   12.08972   11.91977  1.41%     -   12s
    15    32   11.92591    4 2443   12.08972   11.92547  1.36%  2513   15s
   256   331   11.93070    9 2376   12.08972   11.92640  1.35%   616   21s
   485   568   11.93143   15 2423   12.08972   11.92640  1.35%   745   26s
   710   781   11.93249   22 2447   12.08972   11.92640  1.35%   735   30s
   872   966   11.93288   28 2349   12.08972   11.92640  1.35%   716   35s
  1060  1128   11.93454   31 2309   12.08972   11.92640  1.35%   740   40s
  1193  1253   11.93670   40 2264   12.08972   11.92640  1.35%  1137   47s
  1352  1509   11.93820   46 2217   12.08972   11.92640  1.35%  1381   54s
  1508  1699   11.93852   52 2172   12.08972   11.92640  1.35%  1339   57s
  1698  1858   11.93875   62 2155   12.08972   11.92640  1.35%  1260   60s
  1857  2078   11.93887   73 2140   12.08972   11.92640  1.35%  1233   65s
  2281  2499   11.93922   90 2103   12.08972   11.92640  1.35%  1148   71s
H 2609  2701                      12.0897170   11.92640  1.35%  1110   74s
  2700  3024   11.94041  103 2126   12.08972   11.92640  1.35%  1111   77s
  3403  3816   11.94073  123 2102   12.08972   11.92640  1.35%   967   81s
  4271  4749   11.94132  160 2066   12.08972   11.92640  1.35%   839   88s
  4754  5259   11.94162  174 2062   12.08972   11.92640  1.35%   791   92s
  5266  5745   11.94186  191 2045   12.08972   11.92732  1.34%   749   97s
  5752  6230   11.94199  219 2043   12.08972   11.92732  1.34%   721  100s
  6812  7460   11.94257  273 2057   12.08972   11.92732  1.34%   672  106s
  8155  8845   11.94318  331 2056   12.08972   11.92732  1.34%   610  112s
  8878  9422   11.94416  382 2059   12.08972   11.92732  1.34%   587  162s
  9465 10117   11.94494  389 2017   12.08972   11.92748  1.34%   578  167s
 11038 11586   11.95491  481 1685   12.08972   11.92748  1.34%   541  172s
 11639 12032   11.94505  482 2019   12.08972   11.92748  1.34%   539  176s
 12728 13156   11.94488  485 2026   12.08972   11.92754  1.34%   539  182s
 13223 13646   11.94483  487 2024   12.08972   11.92754  1.34%   545  185s
H13724 13510                      12.0619631   11.92754  1.11%   550  188s
H14160 13997                      12.0619628   11.92754  1.11%   557  192s
H14428 13997                      12.0619628   11.92754  1.11%   561  192s
H14672 12634                      12.0105626   11.92754  0.69%   567  192s

Cutting planes:
  Learned: 33
  Cover: 50
  Implied bound: 163
  MIR: 107
  Flow cover: 150
  Network: 1
  RLT: 1613
  Relax-and-lift: 4

Explored 14672 nodes (8390865 simplex iterations) in 198.06 seconds (442.42 work units)
Thread count was 32 (of 104 available processors)

Solution count 5: 12.0106 12.062 12.062 ... 12.0897

Optimal solution found (tolerance 1.00e-02)
Best objective 1.201056264012e+01, best bound 1.192754111522e+01, gap 0.6912%
m.flow_changes_penalty(): 0.0
Total operational cost: 120105.63
Maximum power (kW): 1101.92
Discharge energy capacity (kWh): 0.00
Charge energy capacity (kWh): 3682.46
Levelized Cost of Flexibility ($/kWh): nan
{'fixed_demand_cost': 4931.948713952633, 'variable_demand_cost': 9097.145120319849, 'fixed_monthly_cost': 171938.17204301074, 'total_water_production': 282179.67123287666, 'total_energy_cost': 20632.00818997307, 'total_demand_cost': 14029.09383427248, 'total_customer_cost': 0.0, 'total_feed_cost': 50843.18695734817, 'total_brine_cost': 15303.806317735745, 'total_chemical_cost': 19297.531101868928, 'total_water_revenue': 0.0, 'total_demand_response_revenue': -0.0, 'total_emissions_cost': 0.0, 'total_op_cost': 120105.62640119837, 'fixed_cost': 121551.98252688172, 'total_cost': 241657.6089280801, 'LCOW': 0.8563962381565233, 'degree_of_flex': 0.0, 'total_replacement_cost': 992.3107078853046, 'maximum_power': 1101.9194839550864, 'energy_capacity': 0.0, 'power_capacity': nan, 'round_trip_efficiency': 0, 'LVOF': nan}
Saved operation variable results to: /home/rchurchi/watertap_test/watertap/tutorials/flex_ro/wrd_result_summer_both_0_flexible_trains.csv
Saved summary results to: /home/rchurchi/watertap_test/watertap/tutorials/flex_ro/wrd_pricetaker_summary_results_20260528_140847.csv
