2026-05-27 11:07:09 [INFO] idaes.apps.grid_integration.pricetaker.price_taker_model: Found minimum uptime/downtime data for reverse_osmosis.ro_skid[1] - Adding minimum uptime/downtime constraints.
2026-05-27 11:07:09 [INFO] idaes.apps.grid_integration.pricetaker.price_taker_model: Created startup/shutdown constraints for operation model  reverse_osmosis.ro_skid[1] at ro_skid_1_startup_shutdown.
2026-05-27 11:07:09 [INFO] idaes.apps.grid_integration.pricetaker.price_taker_model: Found minimum uptime/downtime data for reverse_osmosis.ro_skid[2] - Adding minimum uptime/downtime constraints.
2026-05-27 11:07:09 [INFO] idaes.apps.grid_integration.pricetaker.price_taker_model: Created startup/shutdown constraints for operation model  reverse_osmosis.ro_skid[2] at ro_skid_2_startup_shutdown.
2026-05-27 11:07:09 [INFO] idaes.apps.grid_integration.pricetaker.price_taker_model: Found minimum uptime/downtime data for reverse_osmosis.ro_skid[3] - Adding minimum uptime/downtime constraints.
2026-05-27 11:07:09 [INFO] idaes.apps.grid_integration.pricetaker.price_taker_model: Created startup/shutdown constraints for operation model  reverse_osmosis.ro_skid[3] at ro_skid_3_startup_shutdown.
Discovering blocks in period[1,1]:
  - period[1,1].intake
  - period[1,1].pretreatment
  - period[1,1].reverse_osmosis
  - period[1,1].posttreatment
  - period[1,1].brine_discharge
Set parameter TokenServer to value "10.60.1.73"
Set parameter LogToConsole to value 1
Set parameter MIPGap to value 0.03
Gurobi Optimizer version 12.0.3 build v12.0.3rc0 (linux64 - "Red Hat Enterprise Linux 8.8 (Ootpa)")

CPU model: Intel(R) Xeon(R) Platinum 8470QL, instruction set [SSE2|AVX|AVX2|AVX512]
Thread count: 104 physical cores, 104 logical processors, using up to 32 threads

Non-default parameters:
MIPGap  0.03

Optimize a model with 47990 rows, 51843 columns and 142128 nonzeros
Model fingerprint: 0x4c1c9d08
Model has 8640 quadratic constraints
Variable types: 41283 continuous, 10560 integer (10560 binary)
Coefficient statistics:
  Matrix range     [1e-02, 1e+03]
  QMatrix range    [1e+00, 1e+01]
  QLMatrix range   [1e+00, 1e+01]
  Objective range  [3e-02, 1e+00]
  Bounds range     [4e-01, 3e+00]
  RHS range        [1e+00, 2e+05]
  QRHS range       [6e+00, 6e+00]
Presolve removed 29441 rows and 25765 columns
Presolve time: 0.19s
Presolved: 50229 rows, 26079 columns, 145549 nonzeros
Presolved model has 8640 bilinear constraint(s)

Solving non-convex MIQCP

Variable types: 20323 continuous, 5756 integer (5756 binary)

Deterministic concurrent LP optimizer: primal and dual simplex (primal and dual model)
Showing primal log only...

Root relaxation presolved: 47190 rows, 23199 columns, 138831 nonzeros

Concurrent spin time: 0.07s

Solved with dual simplex

Root relaxation: objective 7.287135e+04, 17447 iterations, 0.98 seconds (1.42 work units)

    Nodes    |    Current Node    |     Objective Bounds      |     Work
 Expl Unexpl |  Obj  Depth IntInf | Incumbent    BestBd   Gap | It/Node Time

     0     0 72871.3458    0 2483          - 72871.3458      -     -    1s
H    0     0                    78400.100449 72871.3458  7.05%     -    2s
     0     0 73436.9245    0 2745 78400.1004 73436.9245  6.33%     -    3s
     0     0 73489.1085    0 2753 78400.1004 73489.1085  6.26%     -    3s
     0     0 73807.3581    0 2974 78400.1004 73807.3581  5.86%     -    4s
H    0     0                    78399.551559 73808.4926  5.86%     -    4s
     0     0 73812.8354    0 2969 78399.5516 73812.8354  5.85%     -    4s
     0     0 73933.1245    0 3134 78399.5516 73933.1245  5.70%     -    5s
     0     0 73951.4089    0 3244 78399.5516 73951.4089  5.67%     -    5s
     0     0 74084.1457    0 3529 78399.5516 74084.1457  5.50%     -    7s
     0     0 74118.1807    0 3586 78399.5516 74118.1807  5.46%     -    7s
     0     0 74310.5107    0 3948 78399.5516 74310.5107  5.22%     -    9s
     0     0 74396.3966    0 4047 78399.5516 74396.3966  5.11%     -   10s
     0     0 74458.7082    0 4322 78399.5516 74458.7082  5.03%     -   11s
H    0     0                    78398.180799 74461.9767  5.02%     -   11s
H    0     0                    77743.069601 74466.8534  4.21%     -   12s
     0     0 74466.8534    0 4378 77743.0696 74466.8534  4.21%     -   12s
     0     0 74506.4820    0 4577 77743.0696 74506.4820  4.16%     -   13s
     0     0 74512.1729    0 4657 77743.0696 74512.1729  4.16%     -   13s
     0     0 74529.9403    0 4982 77743.0696 74529.9403  4.13%     -   14s
H    0     0                    77721.736636 74531.2352  4.11%     -   14s
H    0     0                    77721.734820 74531.2352  4.11%     -   14s
     0     0 74534.7878    0 4972 77721.7348 74534.7878  4.10%     -   15s
H    0     0                    77374.069592 74548.4269  3.65%     -   16s
     0     0 74548.4269    0 5124 77374.0696 74548.4269  3.65%     -   16s
     0     0 74550.3700    0 5110 77374.0696 74550.3700  3.65%     -   16s
     0     0 74560.7283    0 5301 77374.0696 74560.7283  3.64%     -   17s
     0     0 74563.5160    0 5310 77374.0696 74563.5160  3.63%     -   18s
     0     0 74569.6068    0 5978 77374.0696 74569.6068  3.62%     -   18s
     0     0 74572.5243    0 6052 77374.0696 74572.5243  3.62%     -   19s
     0     0 74577.3413    0 6863 77374.0696 74577.3413  3.61%     -   20s
H    0     0                    77373.940467 74580.0141  3.61%     -   20s
     0     0 74580.0141    0 6928 77373.9405 74580.0141  3.61%     -   20s
     0     0 74580.0141    0 7009 77373.9405 74580.0141  3.61%     -   21s
     0     0 74581.3257    0 7039 77373.9405 74581.3257  3.61%     -   21s
     0     0 74581.3257    0 7323 77373.9405 74581.3257  3.61%     -   22s
     0     0 74581.8058    0 7314 77373.9405 74581.8058  3.61%     -   22s
     0     2 74581.8073    0 7314 77373.9405 74581.8073  3.61%     -   27s
     1     4 74916.1829    1 7087 77373.9405 74581.8073  3.61%   401   31s
     3     8 75791.0262    2 7026 77373.9405 74861.8408  3.25%  4306   35s
     7    16 75858.0584    3 7054 77373.9405 74896.7278  3.20%  4639   42s
    15    32 76225.2227    4 6818 77373.9405 74980.8144  3.09%  6003   50s
    31    62 77040.2448    5 6569 77373.9405 75006.6438  3.06%  7589   61s

Cutting planes:
  Gomory: 39
  Implied bound: 470
  MIR: 1194
  Flow cover: 1430
  RLT: 1969
  Relax-and-lift: 160
  BQP: 1

Explored 63 nodes (544118 simplex iterations) in 62.04 seconds (97.81 work units)
Thread count was 32 (of 104 available processors)

Solution count 8: 77373.9 77374.1 77721.7 ... 78400.1

Optimal solution found (tolerance 3.00e-02)
Best objective 7.737394046691e+04, best bound 7.507647306040e+04, gap 2.9693%
{'fixed_demand_cost': 5652.0534283091765, 'variable_demand_cost': 1070.4789729777367, 'fixed_monthly_cost': 246839.38172043013, 'total_water_production': 105496.15796232947, 'total_energy_cost': 70651.40806562266, 'total_demand_cost': 6722.532401286913, 'total_customer_cost': 1176.11553763443, 'total_electricity_cost': 78550.05600454399}
