2026-05-30 23:01:38 [INFO] idaes.core.surrogate.pysmo_surrogate: Decode surrogate. type=poly

===========================Polynomial Regression===============================================

The number of cross-validation cases (3) is used.
The default training/cross-validation split of 0.75 is used.
No iterations will be run.
Default parameter estimation method is used.
Parameter estimation method:  pyomo 

2026-05-30 23:01:38 [INFO] idaes.core.surrogate.pysmo_surrogate: Decode surrogate. type=poly

===========================Polynomial Regression===============================================

The number of cross-validation cases (3) is used.
The default training/cross-validation split of 0.75 is used.
No iterations will be run.
Default parameter estimation method is used.
Parameter estimation method:  pyomo 

2026-05-30 23:01:38 [INFO] idaes.core.surrogate.pysmo_surrogate: Decode surrogate. type=poly

===========================Polynomial Regression===============================================

The number of cross-validation cases (3) is used.
The default training/cross-validation split of 0.75 is used.
No iterations will be run.
Default parameter estimation method is used.
Parameter estimation method:  pyomo 

2026-05-30 23:01:38 [INFO] idaes.core.surrogate.pysmo_surrogate: Decode surrogate. type=poly

===========================Polynomial Regression===============================================

The number of cross-validation cases (3) is used.
The default training/cross-validation split of 0.75 is used.
No iterations will be run.
Default parameter estimation method is used.
Parameter estimation method:  pyomo 

2026-05-30 23:01:39 [INFO] idaes.apps.grid_integration.pricetaker.price_taker_model: Found minimum uptime/downtime data for pretreatment.uf_pumps[1] - Adding minimum uptime/downtime constraints.
2026-05-30 23:01:39 [INFO] idaes.apps.grid_integration.pricetaker.price_taker_model: Created startup/shutdown constraints for operation model  pretreatment.uf_pumps[1] at uf_pumps_1_startup_shutdown.
2026-05-30 23:01:39 [INFO] idaes.apps.grid_integration.pricetaker.price_taker_model: Found minimum uptime/downtime data for pretreatment.uf_pumps[2] - Adding minimum uptime/downtime constraints.
2026-05-30 23:01:39 [INFO] idaes.apps.grid_integration.pricetaker.price_taker_model: Created startup/shutdown constraints for operation model  pretreatment.uf_pumps[2] at uf_pumps_2_startup_shutdown.
2026-05-30 23:01:39 [INFO] idaes.apps.grid_integration.pricetaker.price_taker_model: Found minimum uptime/downtime data for pretreatment.uf_pumps[3] - Adding minimum uptime/downtime constraints.
2026-05-30 23:01:39 [INFO] idaes.apps.grid_integration.pricetaker.price_taker_model: Created startup/shutdown constraints for operation model  pretreatment.uf_pumps[3] at uf_pumps_3_startup_shutdown.
2026-05-30 23:01:39 [INFO] idaes.apps.grid_integration.pricetaker.price_taker_model: Found minimum uptime/downtime data for reverse_osmosis.ro_skid[1] - Adding minimum uptime/downtime constraints.
2026-05-30 23:01:39 [INFO] idaes.apps.grid_integration.pricetaker.price_taker_model: Created startup/shutdown constraints for operation model  reverse_osmosis.ro_skid[1] at ro_skid_1_startup_shutdown.
2026-05-30 23:01:39 [INFO] idaes.apps.grid_integration.pricetaker.price_taker_model: Found minimum uptime/downtime data for reverse_osmosis.ro_skid[2] - Adding minimum uptime/downtime constraints.
2026-05-30 23:01:39 [INFO] idaes.apps.grid_integration.pricetaker.price_taker_model: Created startup/shutdown constraints for operation model  reverse_osmosis.ro_skid[2] at ro_skid_2_startup_shutdown.
2026-05-30 23:01:39 [INFO] idaes.apps.grid_integration.pricetaker.price_taker_model: Found minimum uptime/downtime data for reverse_osmosis.ro_skid[3] - Adding minimum uptime/downtime constraints.
2026-05-30 23:01:39 [INFO] idaes.apps.grid_integration.pricetaker.price_taker_model: Created startup/shutdown constraints for operation model  reverse_osmosis.ro_skid[3] at ro_skid_3_startup_shutdown.
2026-05-30 23:01:39 [INFO] idaes.apps.grid_integration.pricetaker.price_taker_model: Found minimum uptime/downtime data for reverse_osmosis.ro_skid[4] - Adding minimum uptime/downtime constraints.
2026-05-30 23:01:39 [INFO] idaes.apps.grid_integration.pricetaker.price_taker_model: Created startup/shutdown constraints for operation model  reverse_osmosis.ro_skid[4] at ro_skid_4_startup_shutdown.
4270
Set parameter TokenServer to value "10.60.1.73"
Set parameter LogToConsole to value 1
Set parameter MIPGap to value 0.005
Gurobi Optimizer version 12.0.3 build v12.0.3rc0 (linux64 - "Red Hat Enterprise Linux 8.8 (Ootpa)")

CPU model: Intel(R) Xeon(R) Platinum 8470QL, instruction set [SSE2|AVX|AVX2|AVX512]
Thread count: 104 physical cores, 104 logical processors, using up to 32 threads

Non-default parameters:
MIPGap  0.005

Optimize a model with 17951 rows, 16373 columns and 48595 nonzeros
Model fingerprint: 0x86bd8f8b
Model has 168 quadratic objective terms
Model has 2352 quadratic constraints
Variable types: 11259 continuous, 5114 integer (5114 binary)
Coefficient statistics:
  Matrix range     [5e-04, 2e+03]
  QMatrix range    [2e-07, 1e+00]
  QLMatrix range   [3e-04, 1e+00]
  Objective range  [1e-05, 5e-03]
  QObjective range [2e-04, 2e-04]
  Bounds range     [9e-01, 1e+03]
  RHS range        [5e-02, 3e+05]
  QRHS range       [3e-01, 3e-01]
Presolve removed 8835 rows and 8481 columns
Presolve time: 0.11s
Presolved: 18048 rows, 8175 columns, 49077 nonzeros
Presolved model has 188 SOS constraint(s)
Presolved model has 2312 bilinear constraint(s)

Solving non-convex MIQCP

Variable types: 5336 continuous, 2839 integer (2839 binary)
Found heuristic solution: objective 12.0903187

Root relaxation: unbounded, 0 iterations, 0.01 seconds (0.00 work units)

    Nodes    |    Current Node    |     Objective Bounds      |     Work
 Expl Unexpl |  Obj  Depth IntInf | Incumbent    BestBd   Gap | It/Node Time

     0     2  postponed    0        12.09032          -      -     -    6s
     7    14  postponed    3        12.09032          -      -  7855   10s
    87   143  postponed    7        12.09032          -      -  6922   17s
   152   261  postponed    8        12.09032          -      -  8280   22s
   288   530  postponed   10        12.09032          -      -  8712   31s
   633   960  postponed   15        12.09032          -      -  4553   46s
  1341  1652 infeasible   21        12.09032          -      -  2629   70s
  2763  3286  postponed   34        12.09032          -      -  1645  102s
H 3566  3286                      12.0903185          -      -  1520  102s
  5162  5397 infeasible   49        12.09032          -      -  1327  129s
  7870  6622  postponed   62        12.09032          -      -  1184  151s
  9584  8904  postponed   73        12.09032          -      -  1150  172s
 12197 11145   11.39150  104 2218   12.09032          -      -  1089  191s
 14672 11147    9.71056   70 1082   12.09032    9.71056  19.7%  1031  201s
 14674 11149   11.97524   81  755   12.09032   11.28372  6.67%  1031  207s
 14675 11149   11.60233  352  880   12.09032   11.51191  4.78%  1031  214s
 14676 11150   11.52387   76  912   12.09032   11.52387  4.69%  1031  215s
 14679 11152   11.79917  192 1042   12.09032   11.53780  4.57%  1031  220s
 14683 11155   11.97284  357  929   12.09032   11.53963  4.55%  1030  225s
 14689 11159   11.69391  382  941   12.09032   11.54022  4.55%  1030  230s
 14694 11162   12.02825  123  972   12.09032   11.54033  4.55%  1030  240s
 14695 11163   11.54033   72  972   12.09032   11.54033  4.55%  1030  251s
 14696 11166   11.55776   16 3005   12.09032   11.54033  4.55%  1039  412s
 14698 11170   11.59375   17 2840   12.09032   11.55776  4.40%  1040  421s
 14702 11176   11.59978   18 2870   12.09032   11.56097  4.38%  1040  426s
 14710 11190   11.84760   19 2917   12.09032   11.56292  4.36%  1042  435s
 14726 11212   11.85074   20 2852   12.09032   11.56315  4.36%  1049  451s
 14758 11226   11.87634   21 2904   12.09032   11.56348  4.36%  1068  467s
 14789 11283   11.87702   22 2902   12.09032   11.56370  4.36%  1081  484s
 14869 11311   12.05380   23 2895   12.09032   11.56779  4.32%  1119  499s
 14937 11386   11.91913   24 2753   12.09032   11.56779  4.32%  1142  512s
 15050 11437   11.92038   25 2764   12.09032   11.56779  4.32%  1165  523s
 15152 11508   11.92388   25 2759   12.09032   11.56779  4.32%  1187  535s
 15266 11570   11.92857   27 2812   12.09032   11.56851  4.32%  1203  548s
 15368 11614   12.02475   28 2668   12.09032   11.56851  4.32%  1220  566s
 15454 11660   11.93575   29 2760   12.09032   11.56851  4.32%  1243  579s
 15545 11711   11.96897   31 2626   12.09032   11.56851  4.32%  1268  589s
 15645 11724   11.97219   32 2519   12.09032   11.56851  4.32%  1294  599s
 15711 11748   12.00493   32 2555   12.09032   11.57655  4.25%  1319  613s
 15789 11787   11.97739   34 2566   12.09032   11.57655  4.25%  1349  625s
 15884 11811     cutoff   59        12.09032   11.57655  4.25%  1377  641s
 15969 11879     cutoff   37        12.09032   11.57706  4.25%  1414  653s
 16096 11901   12.02538   36 2460   12.09032   11.57706  4.25%  1439  662s
 16185 11984     cutoff   36        12.09032   11.57908  4.23%  1457  678s
 16322 12028   12.04269   37 2508   12.09032   11.57908  4.23%  1476  694s
 16425 12122     cutoff   38        12.09032   11.57908  4.23%  1502  710s
 16573 12196     cutoff   38        12.09032   11.57908  4.23%  1532  726s
 16717 12310     cutoff   40        12.09032   11.58355  4.19%  1560  743s
 16909 12434   11.59273   26 2562   12.09032   11.58355  4.19%  1578  757s
 17109 12585   11.59707   27 2292   12.09032   11.58355  4.19%  1594  776s
 17347 12703   11.60781   30 2363   12.09032   11.58355  4.19%  1612  790s
 17560 12831   11.60819   30 2302   12.09032   11.58369  4.19%  1633  807s
 17785 12938   11.65392   33 2230   12.09032   11.58369  4.19%  1659  822s
 18007 13113   11.80457   34 2197   12.09032   11.58466  4.18%  1687  836s
 18299 13258   11.84107   38 2250   12.09032   11.58466  4.18%  1704  852s
 18587 13460   11.84547   39 2252   12.09032   11.58584  4.17%  1721  868s
 18910 13689   11.90347   45 2180   12.09032   11.58584  4.17%  1732  882s
 19287 13948   11.92207   51 2109   12.09032   11.58584  4.17%  1736  895s
 19737 14140   11.97334   55 2154   12.09032   11.58584  4.17%  1737  913s
 20151 14415   11.93685   55 2248   12.09032   11.58584  4.17%  1745  932s
 20606 14723   11.98125   57 2152   12.09032   11.58584  4.17%  1752  948s
 21122 14971   11.99528   60 2299   12.09032   11.58584  4.17%  1754  968s
 21585 15179   12.04863   64 2129   12.09032   11.58584  4.17%  1767  984s
 22016 15363   12.05274   66 2180   12.09032   11.58584  4.17%  1788 1001s
 22427 15455   12.06132   69 2188   12.09032   11.58584  4.17%  1821 1019s
 22785 15539     cutoff   73        12.09032   11.58787  4.16%  1863 1035s
H22895 14943                      12.0903185   11.58787  4.16%  1867 1035s
H23023 14370                      12.0903185   11.58787  4.16%  1889 1035s
H23080 13847                      12.0903180   11.58787  4.16%  1896 1035s
 23093 14149   11.59958   32 2498   12.09032   11.58787  4.16%  1900 1055s
 23522 14366   11.64132   36 2244   12.09032   11.58929  4.14%  1945 1073s
 23978 14607   11.66628   42 2302   12.09032   11.59096  4.13%  1986 1094s
 24416 14918   11.68218   50 2077   12.09032   11.59096  4.13%  2029 1114s
 24955 15293   11.72033   76 1836   12.09032   11.59206  4.12%  2045 1135s
H25610 12478                      11.9725957   11.59232  3.18%  2071 1157s
H25664 11862                      11.9677577   11.59245  3.14%  2071 1157s
H25719  9916                      11.9206974   11.59245  2.75%  2073 1157s
 25774 10258   11.76228  101 1840   11.92070   11.59245  2.75%  2084 1182s
H25903  9735                      11.9189100   11.59245  2.74%  2096 1182s
 26378 10048   11.81304  115 1678   11.91891   11.59245  2.74%  2111 1210s
 26983 10124   11.81129  123 1648   11.91891   11.59245  2.74%  2151 1236s
H27059  9658                      11.9173609   11.59245  2.73%  2159 1236s
H27078  9279                      11.9173012   11.59245  2.73%  2160 1236s
 27363  9612   11.87560  146 1612   11.91730   11.59245  2.73%  2201 1266s
 27925  9830   11.89445  159 1615   11.91730   11.59549  2.70%  2250 1291s
 28444 10023   11.89610  167 1656   11.91730   11.59567  2.70%  2304 1320s
H28457  9666                      11.9173012   11.59567  2.70%  2306 1320s
H28461  9331                      11.9172895   11.59567  2.70%  2309 1320s
H28693  8936                      11.9172583   11.59567  2.70%  2327 1320s
 28935  9199   11.90817  173 1713   11.91726   11.59567  2.70%  2361 1350s
 29435  9354   11.90139  179 1691   11.91726   11.59567  2.70%  2434 1388s
 30015  9529     cutoff  186        11.91726   11.59810  2.68%  2524 1430s
 30636  9971   11.65514   41 2319   11.91726   11.59810  2.68%  2611 1477s
H31590  8919                      11.8951376   11.60184  2.47%  2673 1516s
H31852  7707                      11.8653485   11.60184  2.22%  2674 1516s
 32392  8322   11.76207   72 2143   11.86535   11.60184  2.22%  2696 1558s
 33378  8976     cutoff   78        11.86535   11.60338  2.21%  2750 1599s
H33401  8757                      11.8580179   11.60338  2.15%  2751 1599s
H33455  8751                      11.8578667   11.60338  2.15%  2750 1599s
H33478  8750                      11.8578083   11.60338  2.15%  2753 1599s
H33494  8750                      11.8577902   11.60338  2.15%  2757 1599s
H33564  8746                      11.8577303   11.60338  2.15%  2766 1599s
H34114  8746                      11.8577280   11.60338  2.14%  2805 1599s
 34263  9506   11.69491   54 2146   11.85773   11.60338  2.14%  2808 1647s
H34607  9506                      11.8577280   11.60338  2.14%  2812 1647s
H35246  9506                      11.8577280   11.60338  2.14%  2859 1647s
 35329 10085   11.85772  100 1682   11.85773   11.60338  2.14%  2867 1691s
 36256 10788   11.77691   80 1851   11.85773   11.60386  2.14%  2939 1737s
H36279 10788                      11.8576973   11.60386  2.14%  2942 1737s
 37275 11330     cutoff  100        11.85770   11.60386  2.14%  2995 1786s
 38116 11674   11.70613   70 1929   11.85770   11.60386  2.14%  3077 1835s
H38192 11674                      11.8576620   11.60386  2.14%  3078 1835s
H38216 11485                      11.8502447   11.60386  2.08%  3081 1835s
 38672 12262     cutoff  127        11.85024   11.60794  2.04%  3123 1888s
 39799 13014     cutoff   45        11.85024   11.60835  2.04%  3178 1941s
H39952 13013                      11.8502258   11.60883  2.04%  3179 1941s
H40318 13013                      11.8502174   11.60883  2.04%  3196 1941s
H40420 13013                      11.8502129   11.60883  2.04%  3206 1941s
 40900 13877   11.85003   85 1779   11.85021   11.60883  2.04%  3232 2001s
H42153 14689                      11.8502115   11.60995  2.03%  3287 2058s
H42386 14688                      11.8502065   11.61069  2.02%  3300 2058s
 43317 15900   11.68583   50 2432   11.85021   11.61147  2.01%  3347 2115s
 44967 16861   11.77078  124 1841   11.85021   11.61147  2.01%  3375 2174s
H45641 16861                      11.8502065   11.61147  2.01%  3395 2175s
 46406 17664     cutoff   66        11.85021   11.61203  2.01%  3413 2236s
H46407 17664                      11.8502064   11.61203  2.01%  3413 2236s
 47737 18148     cutoff   89        11.85021   11.61203  2.01%  3479 2299s
H47991 18148                      11.8502064   11.61337  2.00%  3502 2299s
H48629 18148                      11.8502064   11.61358  2.00%  3558 2299s
 48775 19059     cutoff   86        11.85021   11.61358  2.00%  3573 2364s
 50183 20160     cutoff   91        11.85021   11.61358  2.00%  3635 2431s
H50404 20160                      11.8502060   11.61358  2.00%  3646 2431s
 51756 21125   11.74481   65 2041   11.85021   11.61436  1.99%  3682 2503s
 53197 22670   11.64042   36 2234   11.85021   11.61543  1.98%  3739 2576s
 55146 23629   11.73548   75 1992   11.85021   11.61553  1.98%  3734 2649s
 56696 25532   11.79454   95 1925   11.85021   11.61651  1.97%  3796 2732s
 59127 26925     cutoff   83        11.85021   11.61676  1.97%  3806 2815s
 61206 28253   11.84835   51 2535   11.85021   11.61729  1.97%  3853 2888s
 63152 29409   11.70919   42 2514   11.85021   11.61791  1.96%  3886 2965s
H63577 29409                      11.8502059   11.61802  1.96%  3897 2965s
 64802 30183     cutoff   54        11.85021   11.61802  1.96%  3933 3062s
H64804 30183                      11.8502059   11.61802  1.96%  3933 3062s
H64913 30183                      11.8502059   11.61841  1.96%  3937 3062s
 65790 31689   11.75132   59 2031   11.85021   11.61854  1.95%  3934 3162s
 67993 33091     cutoff   97        11.85021   11.61911  1.95%  3972 3261s
 70113 34567   11.74406   58 1988   11.85021   11.61914  1.95%  4032 3362s
H70607 34567                      11.8502058   11.61914  1.95%  4036 3362s
H70607 34567                      11.8502056   11.61914  1.95%  4036 3362s
H71501 34567                      11.8502049   11.61914  1.95%  4049 3362s
 72268 36317   11.64293   44 2099   11.85020   11.61997  1.94%  4060 3470s
 74899 38118   11.82146   78 1847   11.85020   11.62019  1.94%  4102 3579s
H75125 38118                      11.8502048   11.62019  1.94%  4112 3579s
 77371 40886   11.72748   68 1982   11.85020   11.62102  1.93%  4149 3692s
 81069 42989   11.71334   66 1893   11.85020   11.62148  1.93%  4144 3811s
 84093 44904   11.72342   70 2003   11.85020   11.62239  1.92%  4172 3920s
 86865 46891   11.63779   45 2228   11.85020   11.62286  1.92%  4189 4035s
 89788 49284     cutoff  116        11.85020   11.62286  1.92%  4221 4166s
 93301 51352   11.69560   57 2121   11.85020   11.62379  1.91%  4242 4283s
 96294 52889     cutoff   87        11.85020   11.62415  1.91%  4277 4411s
 99111 55238   11.82417   94 1743   11.85020   11.62453  1.90%  4333 4541s
 102657 57238   11.68831   56 2264   11.85020   11.62520  1.90%  4351 4667s
 105810 60052   11.65362   50 2031   11.85020   11.62530  1.90%  4360 4796s
 109713 62088     cutoff  113        11.85020   11.62566  1.89%  4359 4920s
 112825 64492   11.64858   49 2036   11.85020   11.62599  1.89%  4381 5046s
 116166 67918   11.76995  106 1688   11.85020   11.62604  1.89%  4384 5169s
 120697 70118     cutoff   44        11.85020   11.62667  1.89%  4352 5309s
 124046 72758   11.82292   85 1969   11.85020   11.62671  1.89%  4379 5442s
 127940 75434   11.77563  108 1898   11.85020   11.62710  1.88%  4385 5560s
 131717 78247     cutoff   85        11.85020   11.62738  1.88%  4384 5674s
 133457 78247     cutoff   78        11.85020   11.62750  1.88%  4381 5675s
 135554 80280     cutoff   93        11.85020   11.62785  1.88%  4373 5781s
 138533 82233     cutoff  107        11.85020   11.62809  1.87%  4367 5889s
 141457 84585   11.63985   40 2295   11.85020   11.62830  1.87%  4374 6006s
 144576 86547   11.67584   54 1958   11.85020   11.62854  1.87%  4382 6118s
 147626 88254     cutoff   97        11.85020   11.62869  1.87%  4396 6232s
 150367 90878   11.70692   52 2107   11.85020   11.62898  1.87%  4412 6359s
 153989 93512     cutoff  109        11.85020   11.62898  1.87%  4411 6473s
 157678 95930     cutoff   96        11.85020   11.62920  1.86%  4407 6580s
 160993 97588     cutoff   83        11.85020   11.62950  1.86%  4406 6692s
 163643 99650     cutoff  104        11.85020   11.62966  1.86%  4429 6812s
 166669 102697   11.72391   47 2387   11.85020   11.63009  1.86%  4439 6927s
 170672 104268     cutoff   43        11.85020   11.63017  1.86%  4425 7036s
 173104 107048     cutoff  106        11.85020   11.63042  1.85%  4440 7150s
 176795 109670     cutoff  111        11.85020   11.63063  1.85%  4435 7264s
 180525 113345     cutoff  115        11.85020   11.63084  1.85%  4430 7392s
 185356 115618   11.84916  104 1739   11.85020   11.63099  1.85%  4406 7485s
 188447 117748   11.64760   44 2407   11.85020   11.63122  1.85%  4394 7576s
 191334 119641   11.64191   40 2266   11.85020   11.63126  1.85%  4383 7666s
 193990 122338     cutoff  123        11.85020   11.63140  1.85%  4383 7763s
 197541 123976   11.76943  122 1676   11.85020   11.63156  1.85%  4371 7857s
 199985 126151     cutoff   95        11.85020   11.63176  1.84%  4380 7958s
 202952 128004     cutoff  101        11.85020   11.63191  1.84%  4381 8059s
 205608 129554     cutoff   86        11.85020   11.63197  1.84%  4391 8173s
 208205 131716   11.69104   48 2005   11.85020   11.63198  1.84%  4401 8283s
 211520 134547   11.63721   45 2067   11.85020   11.63215  1.84%  4401 8411s
 215573 136670   11.66718   47 2303   11.85020   11.63233  1.84%  4393 8514s
 218554 138762     cutoff  118        11.85020   11.63240  1.84%  4395 8616s
 221520 141293   11.83164   57 2183   11.85020   11.63264  1.84%  4395 8726s
 225016 143653   11.82634   87 1613   11.85020   11.63279  1.83%  4392 8829s
 228078 146381     cutoff  102        11.85020   11.63294  1.83%  4392 8936s
H229435 146381                      11.8502046   11.63294  1.83%  4389 8936s
 231777 148751   11.73140   80 1667   11.85020   11.63300  1.83%  4382 9043s
 235081 151342   11.68970   47 2242   11.85020   11.63306  1.83%  4376 9146s
 238710 153759     cutoff  106        11.85020   11.63320  1.83%  4367 9251s
 242127 156959   11.69528   63 1858   11.85020   11.63331  1.83%  4365 9368s
 246499 159426     cutoff   83        11.85020   11.63354  1.83%  4351 9459s
 249858 161580   11.65203   48 2080   11.85020   11.63365  1.83%  4341 9551s
 252880 162173   11.83679  109 1621   11.85020   11.63366  1.83%  4338 9692s
 253780 164458   11.84473  117 1658   11.85020   11.63381  1.83%  4341 9793s
 256857 166481     cutoff  103        11.85020   11.63386  1.83%  4336 9899s
H256867 166481                      11.8502045   11.63386  1.83%  4336 9899s
H257183 166481                      11.8502045   11.63390  1.83%  4336 9899s
 259715 169509   11.64273   42 2011   11.85020   11.63394  1.82%  4336 10011s
 263879 171521     cutoff   84        11.85020   11.63416  1.82%  4321 10114s
 266888 173820   11.73573   87 1791   11.85020   11.63421  1.82%  4318 10223s
 269967 175930     cutoff  103        11.85020   11.63428  1.82%  4319 10326s
 273124 178191     cutoff   49        11.85020   11.63448  1.82%  4321 10444s
 276285 181199     cutoff  119        11.85020   11.63454  1.82%  4324 10567s
 280461 183283   11.64188   45 2075   11.85020   11.63472  1.82%  4319 10676s
 283350 185655   11.76033   84 1938   11.85020   11.63480  1.82%  4327 10786s
 286747 187633   11.84279  101 1899   11.85020   11.63488  1.82%  4328 10897s
 289601 189904   11.72986   68 2062   11.85020   11.63498  1.82%  4332 11011s
 292740 191652   11.77028   87 1828   11.85020   11.63514  1.81%  4336 11134s
 295442 194379   11.83822  115 1843   11.85020   11.63530  1.81%  4349 11252s
 299268 197192     cutoff   41        11.85020   11.63533  1.81%  4347 11363s
 303029 199861   11.76380  117 1795   11.85020   11.63554  1.81%  4338 11480s
 306787 202196   11.75740   91 1759   11.85020   11.63554  1.81%  4333 11583s
 310179 204621   11.64498   41 2223   11.85020   11.63571  1.81%  4331 11684s
 313558 206536   11.83352   89 1875   11.85020   11.63579  1.81%  4326 11785s
 316487 208662   11.74656  108 1745   11.85020   11.63594  1.81%  4329 11889s
 319478 210288   11.71071   56 2027   11.85020   11.63602  1.81%  4330 11992s
 321836 212430   11.65977   46 2167   11.85020   11.63609  1.81%  4335 12101s
 324766 214684   11.82153   87 1874   11.85020   11.63609  1.81%  4339 12217s
 328020 217237   11.64172   47 2108   11.85020   11.63622  1.81%  4339 12329s
 331604 219934   11.66203   41 2257   11.85020   11.63636  1.80%  4337 12440s
 335374 222408   11.63876   37 2507   11.85020   11.63636  1.80%  4333 12555s
 338794 224924     cutoff   97        11.85020   11.63647  1.80%  4330 12672s
 342381 226710     cutoff  121        11.85020   11.63665  1.80%  4330 12783s
 345125 228388   11.66218   44 2187   11.85020   11.63666  1.80%  4336 12893s
 347585 230619     cutoff   89        11.85020   11.63666  1.80%  4345 13009s
 350850 232110   11.76803  115 1720   11.85020   11.63666  1.80%  4349 13128s
 353475 234265   11.69436   51 2249   11.85020   11.63666  1.80%  4357 13252s
 356832 236659     cutoff   41        11.85020   11.63699  1.80%  4363 13376s
 360227 238862     cutoff   44        11.85020   11.63712  1.80%  4365 13499s
 363384 241271     cutoff  108        11.85020   11.63717  1.80%  4371 13620s
 366897 243693   11.66433   33 2373   11.85020   11.63727  1.80%  4373 13736s
 370335 245508   11.69289   44 2159   11.85020   11.63727  1.80%  4371 13849s
 373180 248030   11.82877   96 1919   11.85020   11.63734  1.80%  4378 13969s
 376758 249837   11.66074   38 2235   11.85020   11.63734  1.80%  4378 14085s
 379491 252051 infeasible  105        11.85020   11.63734  1.80%  4381 14204s
 382816 254090   11.73898   87 1578   11.85020   11.63767  1.79%  4383 14322s
 385826 256341   11.77563   95 1879   11.85020   11.63774  1.79%  4386 14444s
 389149 258338     cutoff  118        11.85020   11.63778  1.79%  4387 14567s
 392264 260820   11.81619   93 1761   11.85020   11.63784  1.79%  4395 14693s
 395932 262471     cutoff  116        11.85020   11.63795  1.79%  4395 14813s
 398654 265053     cutoff   91        11.85020   11.63795  1.79%  4402 14951s
 402513 268056   11.67169   43 2353   11.85020   11.63806  1.79%  4406 15078s
 406801 270257   11.64492   44 2308   11.85020   11.63812  1.79%  4402 15190s
 410046 272149   11.76628   79 1826   11.85020   11.63826  1.79%  4404 15305s
 412867 274598   11.79606   96 1926   11.85020   11.63833  1.79%  4408 15420s
 416183 276862     cutoff   43        11.85020   11.63842  1.79%  4410 15541s
 419484 279086   11.75842   82 1952   11.85020   11.63842  1.79%  4412 15658s
 422745 281053     cutoff   75        11.85020   11.63854  1.79%  4415 15773s
 425933 283826     cutoff  115        11.85020   11.63855  1.79%  4419 15892s
 429895 285545     cutoff   82        11.85020   11.63869  1.78%  4415 15989s
 432447 287916   11.64490   45 1990   11.85020   11.63877  1.78%  4419 16098s
 435800 289711   11.69324   59 1983   11.85020   11.63877  1.78%  4418 16203s
 438506 290708   11.69497   67 1946   11.85020   11.63877  1.78%  4419 16357s
 439897 292852     cutoff  100        11.85020   11.63886  1.78%  4421 16478s
 443114 295629   11.65739   53 2026   11.85020   11.63896  1.78%  4425 16602s
 447066 298525   11.66023   45 2214   11.85020   11.63906  1.78%  4423 16718s
 451021 300515     cutoff   44        11.85020   11.63909  1.78%  4416 16828s
 453920 302801   11.69759   51 2174   11.85020   11.63923  1.78%  4417 16941s
 457118 305594   11.83418   76 1872   11.85020   11.63923  1.78%  4418 17058s
 461067 307591   11.68361   41 2271   11.85020   11.63932  1.78%  4415 17157s
 463983 309610   11.67061   40 2399   11.85020   11.63935  1.78%  4416 17263s
 466892 312187   11.67858   54 1964   11.85020   11.63941  1.78%  4415 17371s
 470592 314455     cutoff   93        11.85020   11.63952  1.78%  4411 17475s
 473800 316865   11.68407   58 2059   11.85020   11.63954  1.78%  4412 17577s
 477258 318604   11.75225  104 1804   11.85020   11.63961  1.78%  4408 17677s
 479879 320399   11.78973   86 1690   11.85020   11.63961  1.78%  4412 17787s
 482505 322228   11.77216   96 1678   11.85020   11.63977  1.78%  4414 17899s
 485223 324841     cutoff   95        11.85020   11.63979  1.78%  4417 18013s
 488889 327411   11.82515  109 1808   11.85020   11.63991  1.77%  4415 18129s
 492642 329305     cutoff  103        11.85020   11.63993  1.77%  4414 18236s
 495404 331276   11.71139   71 2064   11.85020   11.64001  1.77%  4415 18347s
 498308 332963     cutoff   50        11.85020   11.64007  1.77%  4417 18463s
 500796 335495   11.66326   46 2202   11.85020   11.64012  1.77%  4421 18582s
 504322 337855   11.72303   47 2195   11.85020   11.64012  1.77%  4421 18705s
 507602 340033     cutoff   76        11.85020   11.64022  1.77%  4422 18824s
 510846 342636     cutoff  118        11.85020   11.64022  1.77%  4425 18942s
 514567 345368     cutoff  124        11.85020   11.64042  1.77%  4423 19055s
 518388 347043     cutoff  103        11.85020   11.64042  1.77%  4420 19170s
 521024 349915     cutoff   38        11.85020   11.64049  1.77%  4423 19312s
 525035 352815   11.73977   69 1886   11.85020   11.64063  1.77%  4426 19437s
 529244 354975     cutoff   50        11.85020   11.64065  1.77%  4423 19552s
 532373 356660     cutoff   93        11.85020   11.64074  1.77%  4426 19669s
 534784 358868   11.82282  104 2014   11.85020   11.64074  1.77%  4429 19795s
 538084 361542   11.80471  103 1805   11.85020   11.64081  1.77%  4432 19921s
 542001 364659   11.84766   96 1706   11.85020   11.64092  1.77%  4431 20039s
 546269 366954     cutoff  136        11.85020   11.64096  1.77%  4425 20146s
 549499 369606   11.76259   92 1832   11.85020   11.64106  1.76%  4423 20261s
 553377 371378   11.66253   44 2159   11.85020   11.64109  1.76%  4420 20360s
 555990 373158     cutoff   41        11.85020   11.64119  1.76%  4421 20467s
 558668 375246   11.66613   37 2546   11.85020   11.64127  1.76%  4426 20584s
 561589 377669   11.64781   44 2115   11.85020   11.64129  1.76%  4429 20699s
 565115 380191     cutoff   61        11.85020   11.64139  1.76%  4429 20811s
 568691 382490   11.81297  103 1569   11.85020   11.64144  1.76%  4425 20925s
 572022 385540     cutoff  104        11.85020   11.64153  1.76%  4426 21038s
 576252 387894     cutoff  110        11.85020   11.64162  1.76%  4419 21141s
 579510 390833   11.76503   83 1801   11.85020   11.64173  1.76%  4415 21258s
 583715 392293     cutoff  122        11.85020   11.64178  1.76%  4411 21349s
 585944 394412   11.69723   67 1928   11.85020   11.64180  1.76%  4413 21455s
 588904 397027   11.77113   95 1626   11.85020   11.64184  1.76%  4414 21562s
 592574 399661   11.68113   51 2074   11.85020   11.64187  1.76%  4411 21665s
 596097 401645   11.83918   92 1940   11.85020   11.64194  1.76%  4408 21766s
 599028 403683     cutoff  101        11.85020   11.64202  1.76%  4409 21871s
 602084 405865     cutoff  109        11.85020   11.64202  1.76%  4411 21978s
 605224 408246   11.70443   50 2135   11.85020   11.64209  1.76%  4408 22085s
 608755 410831   11.81497  101 1942   11.85020   11.64221  1.76%  4406 22201s
 612394 413368     cutoff   81        11.85020   11.64229  1.75%  4404 22305s
 615993 414605   11.65262   45 2312   11.85020   11.64234  1.75%  4401 22402s
 618153 417054   11.65094   42 2119   11.85020   11.64236  1.75%  4406 22513s
 621571 418798     cutoff   91        11.85020   11.64246  1.75%  4404 22622s
 624021 421433   11.68796   55 2171   11.85020   11.64250  1.75%  4407 22737s
 627442 422976   11.69841   68 2150   11.85020   11.64255  1.75%  4405 22854s
 629969 425159   11.77413   83 2002   11.85020   11.64257  1.75%  4412 22972s
 633328 425778   11.75384  107 1812   11.85020   11.64259  1.75%  4413 23127s
 634531 428283   11.71017   61 2056   11.85020   11.64263  1.75%  4418 23256s
 638102 430659   11.69257   57 1893   11.85020   11.64263  1.75%  4419 23372s
 641481 433468     cutoff  125        11.85020   11.64276  1.75%  4417 23484s
 645368 435533     cutoff  106        11.85020   11.64283  1.75%  4413 23593s
 648431 437361     cutoff  117        11.85020   11.64283  1.75%  4414 23699s
 651203 439505     cutoff   85        11.85020   11.64293  1.75%  4417 23807s
 654265 441704   11.71619   85 1755   11.85020   11.64293  1.75%  4418 23915s
 657308 444173     cutoff   68        11.85020   11.64298  1.75%  4417 24029s
 660787 445992   11.78969   77 1662   11.85020   11.64298  1.75%  4416 24136s
 663821 448563   11.72968   50 2100   11.85020   11.64311  1.75%  4418 24246s
 667555 450956   11.79120   97 1621   11.85020   11.64319  1.75%  4415 24362s
 671075 453455     cutoff   53        11.85020   11.64325  1.75%  4416 24474s
 674525 455190   11.68177   56 2048   11.85020   11.64331  1.75%  4414 24577s
 677137 457751     cutoff   87        11.85020   11.64333  1.75%  4415 24690s
 680778 459967   11.82360   99 1794   11.85020   11.64342  1.75%  4414 24797s
 684040 462442   11.67285   48 2057   11.85020   11.64342  1.75%  4414 24907s
 687609 464782   11.65328   40 2374   11.85020   11.64358  1.74%  4414 25015s
 690979 467062   11.68697   60 2068   11.85020   11.64363  1.74%  4413 25125s
 694227 468693     cutoff  108        11.85020   11.64363  1.74%  4410 25233s
 696770 470491     cutoff   83        11.85020   11.64371  1.74%  4415 25351s
 699698 472797   11.80476   85 1926   11.85020   11.64377  1.74%  4419 25478s
 703051 475418   11.83833   76 2103   11.85020   11.64384  1.74%  4421 25604s
 706866 477272   11.83576  105 1676   11.85020   11.64385  1.74%  4421 25722s
 709666 480273     cutoff  101        11.85020   11.64389  1.74%  4423 25844s
 713766 482788   11.67111   41 2234   11.85020   11.64393  1.74%  4421 25959s
 717380 485473   11.77160  114 1731   11.85020   11.64406  1.74%  4419 26073s
 721161 487354     cutoff  122        11.85020   11.64409  1.74%  4417 26184s
 723966 489395   11.65708   46 2137   11.85020   11.64417  1.74%  4419 26302s
 727035 492185     cutoff  123        11.85020   11.64420  1.74%  4420 26419s
 730936 494455     cutoff   70        11.85020   11.64425  1.74%  4417 26516s
 734052 496350   11.65683   43 2301   11.85020   11.64436  1.74%  4414 26618s
 737015 498790   11.77141   89 1536   11.85020   11.64436  1.74%  4415 26719s
 740433 501283   11.69451   74 1794   11.85020   11.64447  1.74%  4413 26820s
 743967 503534   11.82640  120 1774   11.85020   11.64447  1.74%  4410 26922s
 747054 505671   11.72834   81 1696   11.85020   11.64454  1.74%  4409 27027s
 750085 507870     cutoff  127        11.85020   11.64459  1.74%  4409 27131s
 753173 510121   11.66595   45 2187   11.85020   11.64462  1.73%  4407 27234s
 756340 512573   11.80386  109 1665   11.85020   11.64462  1.73%  4407 27351s
 759941 514952     cutoff   97        11.85020   11.64481  1.73%  4407 27456s
 763251 517432   11.67663   54 2047   11.85020   11.64481  1.73%  4406 27562s
 766707 519851   11.70603   67 1813   11.85020   11.64490  1.73%  4404 27667s
 770164 521233   11.65052   45 2120   11.85020   11.64490  1.73%  4402 27768s
 772367 523075   11.81468   96 1945   11.85020   11.64490  1.73%  4405 27883s
 775163 525768     cutoff   49        11.85020   11.64503  1.73%  4408 27995s
 779017 527978   11.65573   46 2078   11.85020   11.64508  1.73%  4406 28106s
 782355 530428     cutoff  110        11.85020   11.64508  1.73%  4406 28214s
 785804 532993     cutoff   44        11.85020   11.64518  1.73%  4405 28333s
 789563 534509   11.69102   59 1882   11.85020   11.64529  1.73%  4404 28434s
 791937 537223   11.68424   50 1941   11.85020   11.64536  1.73%  4404 28548s
 795692 539336   11.75527  108 1469   11.85020   11.64536  1.73%  4402 28658s
 798819 541340   11.77133   85 1945   11.85020   11.64543  1.73%  4403 28768s
 801829 543492     cutoff   84        11.85020   11.64553  1.73%  4405 28882s
 804964 545512     cutoff  104        11.85020   11.64558  1.73%  4406 28996s
 807951 547708     cutoff   38        11.85020   11.64559  1.73%  4408 29111s
 811187 549326   11.71713   66 1906   11.85020   11.64570  1.73%  4409 29226s
 813843 551331     cutoff  107        11.85020   11.64574  1.73%  4412 29346s
 817027 552166   11.83302  131 1695   11.85020   11.64580  1.72%  4415 29496s
 818506 556381   11.70229   48 2195   11.85020   11.64581  1.72%  4417 29745s
 824860 559010   11.69276   43 2358   11.85020   11.64586  1.72%  4420 29889s
 828540 561150     cutoff   76        11.85020   11.64595  1.72%  4422 30029s
 832187 563551   11.66688   48 2115   11.85020   11.64603  1.72%  4424 30164s
 835856 566246   11.68711   43 2265   11.85020   11.64609  1.72%  4426 30296s
 839704 568361   11.77254   94 1865   11.85020   11.64612  1.72%  4426 30421s
 842787 570253     cutoff   77        11.85020   11.64621  1.72%  4428 30549s
 845870 573228   11.79455   96 2003   11.85020   11.64627  1.72%  4432 30685s
 849931 575177     cutoff  105        11.85020   11.64632  1.72%  4431 30801s
 852994 577176   11.84767   91 2198   11.85020   11.64636  1.72%  4433 30927s
 855971 579584   11.70207   43 2354   11.85020   11.64644  1.72%  4435 31059s
 859634 581350   11.82183  100 1791   11.85020   11.64644  1.72%  4436 31181s
 862544 583338   11.84953   73 1806   11.85020   11.64651  1.72%  4441 31310s
 865674 585538   11.84623   98 1817   11.85020   11.64659  1.72%  4444 31438s
 869134 588127   11.65029   47 2115   11.85020   11.64669  1.72%  4446 31565s
 872753 589884     cutoff  102        11.85020   11.64669  1.72%  4445 31694s
 875627 592007     cutoff   79        11.85020   11.64677  1.72%  4449 31820s
 878866 593975   11.84394  104 1904   11.85020   11.64684  1.72%  4452 31934s
 881773 596640     cutoff  118        11.85020   11.64685  1.72%  4454 32065s
 885569 598700   11.66670   43 2250   11.85020   11.64696  1.72%  4455 32185s
 888737 601051   11.66953   48 2031   11.85020   11.64701  1.71%  4456 32311s
 892189 603047     cutoff   86        11.85020   11.64708  1.71%  4457 32432s
 895179 604710   11.76300   70 1999   11.85020   11.64708  1.71%  4459 32553s
 897788 606653   11.71789   53 2039   11.85020   11.64714  1.71%  4463 32677s
 900818 609152   11.80759  105 1824   11.85020   11.64717  1.71%  4465 32807s
 904574 611902   11.73667   73 1934   11.85020   11.64726  1.71%  4465 32932s
 908545 614576     cutoff   99        11.85020   11.64731  1.71%  4464 33048s
 912235 616880   11.83668   77 1920   11.85020   11.64735  1.71%  4462 33149s
 915265 618374     cutoff  122        11.85020   11.64740  1.71%  4460 33256s
 917542 620262   11.73120   81 1671   11.85020   11.64742  1.71%  4463 33381s
 920502 622240   11.73184   56 2010   11.85020   11.64743  1.71%  4465 33501s
 923690 623960     cutoff  111        11.85020   11.64755  1.71%  4467 33622s
 926769 625840   11.84624  123 1620   11.85020   11.64756  1.71%  4471 33743s
 929999 628440   11.70589   55 1876   11.85020   11.64763  1.71%  4473 33871s
 933590 629779   11.74118   73 1866   11.85020   11.64764  1.71%  4472 33992s
 936211 631840   11.82787   82 1891   11.85020   11.64770  1.71%  4477 34117s
 939389 633632     cutoff  104        11.85020   11.64772  1.71%  4479 34235s
 942214 636232     cutoff   93        11.85020   11.64781  1.71%  4482 34369s
 945998 638357   11.83168   98 1636   11.85020   11.64781  1.71%  4482 34490s
 949301 640310   11.84602   80 1661   11.85020   11.64781  1.71%  4484 34613s
 952452 642773     cutoff   80        11.85020   11.64795  1.71%  4487 34739s
 956012 645190     cutoff  124        11.85020   11.64795  1.71%  4488 34860s
 959502 647122   11.84661   97 1783   11.85020   11.64802  1.71%  4486 34981s
 962581 649420     cutoff   79        11.85020   11.64802  1.71%  4488 35100s
 965928 651872   11.84580   94 1903   11.85020   11.64810  1.71%  4489 35225s
 969655 653810     cutoff   80        11.85020   11.64825  1.70%  4488 35338s
 972411 656390   11.72146   63 1871   11.85020   11.64826  1.70%  4489 35476s
 976130 657884   11.83393   85 1917   11.85020   11.64830  1.70%  4490 35640s
 978245 659818   11.84675   91 1870   11.85020   11.64832  1.70%  4490 35784s
 981377 662139     cutoff  100        11.85020   11.64843  1.70%  4495 35923s
 985043 664669     cutoff   78        11.85020   11.64848  1.70%  4496 36060s
 989036 667015   11.65271   54 1984   11.85020   11.64855  1.70%  4497 36191s
 992798 669197   11.70761   54 2165   11.85020   11.64860  1.70%  4498 36317s
 996155 671295   11.76873  105 1667   11.85020   11.64867  1.70%  4499 36440s
 999273 673634   11.81811   85 2061   11.85020   11.64869  1.70%  4500 36557s
 1002677 675545     cutoff   89        11.85020   11.64874  1.70%  4499 36670s
 1005680 677709     cutoff  100        11.85020   11.64883  1.70%  4501 36785s
 1008844 679349     cutoff  113        11.85020   11.64887  1.70%  4502 36901s
 1011531 681768   11.81434   74 1863   11.85020   11.64891  1.70%  4504 37025s
 1015090 684270   11.68555   48 2027   11.85020   11.64898  1.70%  4504 37146s
 1018771 686753     cutoff  101        11.85020   11.64903  1.70%  4503 37264s
 1022258 688680     cutoff   92        11.85020   11.64910  1.70%  4503 37378s
 1025292 690363     cutoff   51        11.85020   11.64916  1.70%  4505 37497s
 1027911 692640     cutoff  127        11.85020   11.64921  1.70%  4507 37620s
 1031353 694381   11.74687   94 1755   11.85020   11.64926  1.70%  4507 37735s
 1034086 697383   11.82909   70 1768   11.85020   11.64929  1.70%  4510 37876s
 1038361 699743   11.84420   84 1847   11.85020   11.64933  1.70%  4510 37995s
 1041949 701823     cutoff   89        11.85020   11.64940  1.69%  4509 38109s
 1045084 703813   11.73395   49 2101   11.85020   11.64949  1.69%  4509 38225s
 1048188 705978     cutoff  110        11.85020   11.64949  1.69%  4511 38342s
 1051468 708315   11.73636   70 1756   11.85020   11.64951  1.69%  4512 38459s
 1054842 710387     cutoff  116        11.85020   11.64951  1.69%  4512 38573s
 1057980 712567   11.70690   57 1967   11.85020   11.64969  1.69%  4513 38691s
 1061052 715174     cutoff   96        11.85020   11.64969  1.69%  4513 38808s
 1064783 716756     cutoff   48        11.85020   11.64979  1.69%  4512 38908s
 1067145 719048     cutoff   94        11.85020   11.64981  1.69%  4513 39026s
 1070565 720684   11.77465   98 1940   11.85020   11.64981  1.69%  4513 39142s
 1073201 722423     cutoff  103        11.85020   11.64986  1.69%  4516 39262s
 1075944 724949   11.84408   71 1952   11.85020   11.64999  1.69%  4518 39385s
 1079579 727127   11.69849   55 1973   11.85020   11.65001  1.69%  4518 39509s
 1082971 729145   11.66995   49 2070   11.85020   11.65012  1.69%  4519 39627s
 1085973 731118     cutoff   66        11.85020   11.65017  1.69%  4521 39750s
 1089014 733543   11.82194   87 1566   11.85020   11.65021  1.69%  4522 39874s
 1092524 735734     cutoff   98        11.85020   11.65023  1.69%  4523 39991s
 1095954 737754   11.68405   46 2220   11.85020   11.65028  1.69%  4522 40104s
 1098971 740276     cutoff   93        11.85020   11.65028  1.69%  4523 40219s
 1102656 741592     cutoff  108        11.85020   11.65041  1.69%  4522 40331s
 1104848 743724     cutoff  112        11.85020   11.65042  1.69%  4524 40449s
 1108030 745433     cutoff   85        11.85020   11.65049  1.69%  4525 40573s
 1110839 747448   11.84143   85 1958   11.85020   11.65055  1.68%  4528 40696s
 1113955 749174   11.68219   47 2135   11.85020   11.65062  1.68%  4530 40820s
 1116811 750374   11.84633   86 1882   11.85020   11.65068  1.68%  4533 40951s
 1119352 752257   11.69915   54 2104   11.85020   11.65068  1.68%  4539 41087s
 1122459 754111     cutoff   99        11.85020   11.65072  1.68%  4543 41206s
 1125511 756174     cutoff   98        11.85020   11.65080  1.68%  4545 41332s
 1128600 758694   11.76595   94 1836   11.85020   11.65081  1.68%  4545 41461s
 1132293 760683     cutoff  116        11.85020   11.65081  1.68%  4545 41584s
 1135465 762556   11.77213   96 1753   11.85020   11.65098  1.68%  4547 41713s
 1138462 764967     cutoff   37        11.85020   11.65105  1.68%  4549 41838s
 1141976 767195   11.69907   50 2054   11.85020   11.65109  1.68%  4549 41962s
 1145161 768507   11.84351  110 1623   11.85020   11.65112  1.68%  4549 42127s
 1146983 771180   11.83746   96 1817   11.85020   11.65114  1.68%  4549 42263s
 1150980 773973   11.75602   95 1854   11.85020   11.65122  1.68%  4549 42392s
 1154972 775560   11.77439   89 1756   11.85020   11.65126  1.68%  4549 42508s
 1157604 778032   11.75223   72 1749   11.85020   11.65127  1.68%  4551 42653s
 1161459 780060     cutoff  123        11.85020   11.65136  1.68%  4552 42785s
 1164385 782556   11.69214   43 2375   11.85020   11.65137  1.68%  4554 42922s
 1168103 784938   11.73286   42 2544   11.85020   11.65143  1.68%  4555 43055s
 1171642 787108   11.67331   53 2064   11.85020   11.65153  1.68%  4555 43185s
 1174938 789631   11.75892   92 1822   11.85020   11.65153  1.68%  4557 43315s
 1178630 792483   11.70880   62 2022   11.85020   11.65163  1.68%  4557 43441s
 1182527 794606     cutoff  100        11.85020   11.65168  1.68%  4556 43560s
 1185760 796589   11.70612   60 1988   11.85020   11.65170  1.68%  4556 43679s
 1188864 799289     cutoff   80        11.85020   11.65179  1.67%  4557 43802s
 1192710 801196     cutoff   87        11.85020   11.65180  1.67%  4556 43917s
 1195647 803155   11.70928   52 1905   11.85020   11.65185  1.67%  4558 44035s
 1198695 805783   11.79626   99 1881   11.85020   11.65190  1.67%  4558 44156s
 1202432 807961     cutoff   50        11.85020   11.65195  1.67%  4558 44270s
 1205798 810477     cutoff   50        11.85020   11.65204  1.67%  4558 44383s
 1209296 812020     cutoff  106        11.85020   11.65205  1.67%  4557 44499s
 1211721 813995   11.69001   45 2350   11.85020   11.65211  1.67%  4559 44620s
 1214739 816213   11.68597   52 2063   11.85020   11.65217  1.67%  4560 44742s
 1217817 818751   11.69957   59 1947   11.85020   11.65219  1.67%  4561 44867s
 1221545 821279     cutoff  114        11.85020   11.65225  1.67%  4561 44983s
 1225076 822688   11.75648   56 2104   11.85020   11.65229  1.67%  4560 45105s
 1227484 824912   11.84535   76 2064   11.85020   11.65235  1.67%  4564 45226s
 1230704 826980     cutoff   48        11.85020   11.65243  1.67%  4564 45348s
 1234028 828674   11.69430   55 2005   11.85020   11.65249  1.67%  4565 45468s
 1236909 830582   11.71977   52 2008   11.85020   11.65250  1.67%  4568 45591s
 1239981 832532   11.70349   59 2205   11.85020   11.65255  1.67%  4570 45716s
 1242882 834750   11.75496   92 1819   11.85020   11.65260  1.67%  4571 45844s
 1246182 837196   11.68110   47 2319   11.85020   11.65261  1.67%  4572 45961s
 1249605 839353     cutoff   95        11.85020   11.65267  1.67%  4572 46072s
 1252880 841785     cutoff  113        11.85020   11.65273  1.67%  4572 46183s
 1256246 844164     cutoff  108        11.85020   11.65278  1.67%  4571 46296s
 1259641 845962   11.72228   50 2058   11.85020   11.65280  1.67%  4571 46404s
 1262373 848083   11.84956   74 1949   11.85020   11.65283  1.67%  4571 46517s
 1265604 849806   11.80781   93 1733   11.85020   11.65292  1.66%  4572 46630s
 1268446 852108   11.68261   42 2187   11.85020   11.65296  1.66%  4574 46752s
 1271757 853381   11.67400   54 2076   11.85020   11.65302  1.66%  4574 46868s
 1274050 855200   11.76411   68 2027   11.85020   11.65302  1.66%  4578 46992s
 1277163 857700     cutoff  102        11.85020   11.65306  1.66%  4579 47111s
 1280581 859250     cutoff   44        11.85020   11.65314  1.66%  4579 47225s
 1283255 861307   11.70183   63 2008   11.85020   11.65314  1.66%  4582 47352s
 1286599 863226   11.71592   61 1954   11.85020   11.65322  1.66%  4583 47472s
 1289386 865553   11.75231   56 2276   11.85020   11.65326  1.66%  4585 47600s
 1292790 867959     cutoff   85        11.85020   11.65327  1.66%  4585 47728s
 1296380 870017   11.69653   46 2176   11.85020   11.65335  1.66%  4586 47853s
 1299500 872458     cutoff   80        11.85020   11.65342  1.66%  4587 47974s
 1303045 874317   11.73082   73 1877   11.85020   11.65345  1.66%  4587 48090s
 1305790 876499   11.75722   68 2006   11.85020   11.65350  1.66%  4588 48215s
 1308904 878951   11.72697   72 2032   11.85020   11.65355  1.66%  4589 48335s
 1312474 880769   11.76026  109 1534   11.85020   11.65356  1.66%  4589 48445s
 1315319 882930   11.71649   64 1805   11.85020   11.65364  1.66%  4590 48560s
 1318538 883983   11.67595   55 2030   11.85020   11.65367  1.66%  4590 48712s
 1319984 885977     cutoff  105        11.85020   11.65367  1.66%  4590 48843s
 1323010 888736   11.67867   42 2100   11.85020   11.65380  1.66%  4591 48976s
 1326921 891049   11.71464   66 1724   11.85020   11.65385  1.66%  4589 49097s
 1330178 893460   11.67836   51 2119   11.85020   11.65387  1.66%  4590 49217s
 1333623 895419     cutoff   83        11.85020   11.65391  1.66%  4589 49338s
 1336645 897378     cutoff   96        11.85020   11.65396  1.66%  4590 49466s
 1339676 899906     cutoff   53        11.85020   11.65396  1.66%  4592 49587s
 1343359 902244   11.84879  104 1851   11.85020   11.65401  1.66%  4592 49692s
 1346838 904050   11.72600   69 1863   11.85020   11.65409  1.65%  4590 49793s
 1349664 905952   11.73185   79 1860   11.85020   11.65409  1.65%  4590 49903s
 1352603 908384   11.67122   44 2350   11.85020   11.65416  1.65%  4591 50018s
 1356153 910010     cutoff  101        11.85020   11.65421  1.65%  4590 50129s
 1358635 912094     cutoff   87        11.85020   11.65426  1.65%  4592 50247s
 1361620 913897     cutoff   99        11.85020   11.65426  1.65%  4591 50364s
 1364512 916309   11.84891   65 2171   11.85020   11.65436  1.65%  4593 50481s
 1367872 918375     cutoff  112        11.85020   11.65440  1.65%  4593 50600s
 1371106 921083     cutoff   95        11.85020   11.65443  1.65%  4593 50718s
 1374722 922532     cutoff   95        11.85020   11.65446  1.65%  4591 50829s
 1377274 925006   11.83016   82 1809   11.85020   11.65452  1.65%  4593 50946s
 1380902 926660   11.68154   51 2129   11.85020   11.65454  1.65%  4593 51060s
 1383652 928607     cutoff   72        11.85020   11.65460  1.65%  4595 51182s
 1386713 930873     cutoff  127        11.85020   11.65462  1.65%  4597 51303s
 1390110 932957   11.76541   70 1957   11.85020   11.65464  1.65%  4596 51423s
 1393105 935269   11.70862   59 2104   11.85020   11.65469  1.65%  4597 51544s
 1394303 935269   11.68283   42 2136   11.85020   11.65471  1.65%  4596 51545s
 1396627 938113   11.71917   59 2010   11.85020   11.65472  1.65%  4597 51666s
 1400660 940217   11.69663   45 2142   11.85020   11.65479  1.65%  4595 51787s
 1403950 942078   11.84934  111 1885   11.85020   11.65480  1.65%  4595 51904s
 1406761 943861     cutoff   89        11.85020   11.65487  1.65%  4597 52027s
 1409403 946122     cutoff   81        11.85020   11.65488  1.65%  4598 52162s
 1412902 948911   11.84976  124 1862   11.85020   11.65494  1.65%  4600 52291s
 1416975 951589   11.75278   95 1966   11.85020   11.65499  1.65%  4599 52414s
 1420793 954745   11.66154   41 2318   11.85020   11.65506  1.65%  4598 52532s
 1425041 956211   11.71273   95 1739   11.85020   11.65510  1.65%  4595 52641s
 1427553 957903     cutoff  103        11.85020   11.65510  1.65%  4597 52761s
 1430420 959981     cutoff   98        11.85020   11.65515  1.65%  4599 52887s
 1433634 961662   11.74400   85 1940   11.85020   11.65520  1.65%  4600 53008s
 1436285 964164 infeasible  113        11.85020   11.65520  1.65%  4600 53140s
 1440110 966795   11.77206  108 1792   11.85020   11.65530  1.64%  4600 53267s
 1444041 968992     cutoff  101        11.85020   11.65530  1.64%  4599 53384s
 1447403 971342   11.68269   55 2010   11.85020   11.65541  1.64%  4599 53501s
 1450820 973608   11.73455   77 1851   11.85020   11.65546  1.64%  4599 53621s
 1454291 975522   11.65840   44 2190   11.85020   11.65553  1.64%  4599 53734s
 1457189 977868   11.84637   97 1872   11.85020   11.65553  1.64%  4600 53853s
 1460600 979614   11.76664   72 1902   11.85020   11.65557  1.64%  4600 53975s
 1463390 982455     cutoff   49        11.85020   11.65563  1.64%  4602 54113s
 1467572 984919   11.69282   41 2620   11.85020   11.65569  1.64%  4601 54234s
 1471071 987043     cutoff   73        11.85020   11.65570  1.64%  4600 54350s
 1474059 989326     cutoff   89        11.85020   11.65570  1.64%  4601 54470s
 1477535 991123   11.82634   91 1705   11.85020   11.65582  1.64%  4601 54585s
 1480435 993626     cutoff   47        11.85020   11.65586  1.64%  4602 54705s
 1484079 995480   11.83696  103 1884   11.85020   11.65590  1.64%  4601 54822s
 1486987 997455   11.75733   68 1956   11.85020   11.65595  1.64%  4602 54940s
 1490140 999258     cutoff  109        11.85020   11.65599  1.64%  4603 55062s
 1493189 1001379   11.75101   99 1757   11.85020   11.65599  1.64%  4604 55193s
 1496318 1004027   11.80333   72 2024   11.85020   11.65606  1.64%  4606 55322s
 1500043 1005850   11.73074   65 1769   11.85020   11.65610  1.64%  4606 55443s
 1502985 1007199   11.80667   91 1838   11.85020   11.65611  1.64%  4607 55610s
 1504895 1009693     cutoff  113        11.85020   11.65616  1.64%  4607 55748s
 1508736 1012167   11.83723  110 1917   11.85020   11.65622  1.64%  4607 55879s
 1512450 1013971     cutoff  120        11.85020   11.65626  1.64%  4607 56008s
 1515335 1016628   11.77597  110 1862   11.85020   11.65631  1.64%  4608 56137s
 1519147 1018672   11.71743   66 1933   11.85020   11.65632  1.64%  4607 56257s
 1522269 1021272     cutoff   98        11.85020   11.65640  1.64%  4608 56385s
 1526023 1023337     cutoff  117        11.85020   11.65644  1.64%  4608 56501s
 1528951 1025504   11.75086   70 2088   11.85020   11.65647  1.63%  4608 56621s
 1532036 1026958   11.81501   77 2084   11.85020   11.65648  1.63%  4609 56744s
 1534581 1028851     cutoff   77        11.85020   11.65648  1.63%  4612 56870s
 1537625 1031198   11.66892   45 2071   11.85020   11.65652  1.63%  4614 56999s
 1541265 1033154   11.73449   70 1839   11.85020   11.65655  1.63%  4615 57125s
 1544279 1035749   11.82676   93 1824   11.85020   11.65657  1.63%  4615 57253s
 1548091 1037586   11.67036   44 2207   11.85020   11.65663  1.63%  4614 57378s
 1551032 1040236   11.68773   49 2150   11.85020   11.65667  1.63%  4616 57513s
 1554931 1043287     cutoff   84        11.85020   11.65671  1.63%  4616 57634s
 1559214 1045163   11.76535   92 1853   11.85020   11.65675  1.63%  4613 57742s
 1562022 1047152   11.84243  115 1790   11.85020   11.65675  1.63%  4613 57853s
 1565080 1049675   11.84589   72 1953   11.85020   11.65675  1.63%  4614 57970s
 1568700 1051930   11.70125   46 2208   11.85020   11.65687  1.63%  4613 58079s
 1571979 1053819   11.71863   88 2010   11.85020   11.65689  1.63%  4612 58193s
 1574940 1054883     cutoff   49        11.85020   11.65695  1.63%  4613 58303s
 1577047 1056655     cutoff   59        11.85020   11.65696  1.63%  4616 58428s
 1580081 1059098     cutoff   70        11.85020   11.65697  1.63%  4618 58559s
 1583772 1061460   11.73399   81 1640   11.85020   11.65700  1.63%  4618 58682s
 1587300 1063930     cutoff  108        11.85020   11.65705  1.63%  4618 58797s
 1590806 1065980   11.69473   49 1988   11.85020   11.65711  1.63%  4617 58912s
 1593926 1067943     cutoff   94        11.85020   11.65713  1.63%  4617 59028s
 1597039 1070217   11.76503  106 1611   11.85020   11.65721  1.63%  4618 59153s
 1600389 1072315   11.66137   55 1895   11.85020   11.65725  1.63%  4618 59272s
 1603596 1074119   11.65951   44 2177   11.85020   11.65725  1.63%  4619 59388s
 1606712 1075965   11.83333   90 1683   11.85020   11.65725  1.63%  4620 59510s
 1609567 1078784   11.74678   78 1735   11.85020   11.65725  1.63%  4621 59645s
 1613524 1080694   11.78366   94 1691   11.85020   11.65742  1.63%  4621 59766s
 1616763 1082751   11.84540  116 1562   11.85020   11.65743  1.63%  4622 59888s
 1620082 1084699     cutoff  121        11.85020   11.65748  1.63%  4622 60010s
 1622994 1086779   11.81395   96 1699   11.85020   11.65752  1.63%  4623 60135s
 1626342 1088611     cutoff  108        11.85020   11.65757  1.63%  4624 60257s
 1629406 1091130     cutoff  106        11.85020   11.65757  1.63%  4625 60385s
 1633153 1093588   11.68214   51 2045   11.85020   11.65765  1.62%  4625 60505s
 1636846 1095551     cutoff  122        11.85020   11.65769  1.62%  4625 60623s
 1639900 1097596   11.71618   58 1993   11.85020   11.65774  1.62%  4625 60752s
 1642992 1100052   11.72337   67 2051   11.85020   11.65777  1.62%  4626 60884s
 1646674 1102420   11.76454  104 1677   11.85020   11.65778  1.62%  4625 61007s
 1650095 1104442     cutoff   85        11.85020   11.65786  1.62%  4626 61129s
 1653232 1106216   11.74100   59 2083   11.85020   11.65788  1.62%  4627 61252s
 1656136 1109263   11.71495   63 1861   11.85020   11.65792  1.62%  4629 61381s
 1660450 1111006   11.84549   99 1803   11.85020   11.65796  1.62%  4627 61496s
 1663237 1113390   11.81451   94 1713   11.85020   11.65799  1.62%  4628 61617s
 1666645 1115433   11.69351   55 1864   11.85020   11.65801  1.62%  4628 61736s
 1669786 1118181     cutoff   84        11.85020   11.65808  1.62%  4629 61857s
 1673645 1119518   11.70301   60 1953   11.85020   11.65813  1.62%  4628 61968s
 1676236 1120970     cutoff   88        11.85020   11.65814  1.62%  4629 62087s
 1678886 1123467     cutoff   60        11.85020   11.65816  1.62%  4632 62212s
 1682413 1125980   11.83878   97 1840   11.85020   11.65818  1.62%  4631 62332s
 1685960 1128264   11.77483   80 1806   11.85020   11.65823  1.62%  4631 62453s
 1689412 1129968   11.73153   61 2063   11.85020   11.65826  1.62%  4631 62610s
 1691724 1132679   11.73132   73 1858   11.85020   11.65828  1.62%  4629 62740s
 1695624 1134743   11.76362   92 1722   11.85020   11.65829  1.62%  4628 62856s
 1698749 1137151     cutoff   74        11.85020   11.65831  1.62%  4630 62984s
 1702285 1139303     cutoff   92        11.85020   11.65839  1.62%  4629 63099s
 1705505 1141406     cutoff  118        11.85020   11.65843  1.62%  4629 63218s
 1708811 1143354   11.71785   62 1967   11.85020   11.65844  1.62%  4630 63335s
 1711779 1145180     cutoff   47        11.85020   11.65850  1.62%  4630 63455s
 1714604 1147725     cutoff   94        11.85020   11.65853  1.62%  4631 63578s
 1718504 1149856   11.80627  101 1715   11.85020   11.65855  1.62%  4630 63696s
 1721879 1152005   11.83391  131 1730   11.85020   11.65858  1.62%  4630 63811s
 1725228 1154208   11.81312   76 1890   11.85020   11.65866  1.62%  4630 63930s
 1728649 1156029   11.84624  110 1854   11.85020   11.65866  1.62%  4629 64045s
 1731782 1157964     cutoff   92        11.85020   11.65871  1.62%  4630 64160s
 1734834 1160274   11.68667   51 2114   11.85020   11.65875  1.62%  4630 64277s
 1738234 1162442   11.81673   89 1846   11.85020   11.65879  1.62%  4629 64392s
 1741522 1164263   11.81470  109 1995   11.85020   11.65879  1.62%  4629 64515s
 1744423 1166650   11.82618   73 2110   11.85020   11.65887  1.61%  4630 64635s
 1747876 1168627     cutoff   44        11.85020   11.65889  1.61%  4630 64754s
 1750913 1170882   11.66942   44 2202   11.85020   11.65894  1.61%  4630 64874s
 1754281 1173250     cutoff   79        11.85020   11.65895  1.61%  4630 64992s
 1757836 1175575   11.84757   77 1974   11.85020   11.65899  1.61%  4630 65104s
 1761297 1177460   11.76764   88 1752   11.85020   11.65903  1.61%  4629 65212s
 1764269 1179899     cutoff   45        11.85020   11.65908  1.61%  4630 65322s
 1767742 1181915   11.69192   48 2131   11.85020   11.65908  1.61%  4628 65432s
 1770918 1183753   11.74832  102 1779   11.85020   11.65911  1.61%  4628 65547s
 1773748 1185715   11.74088  100 1640   11.85020   11.65914  1.61%  4628 65660s
 1776849 1187867   11.84289   86 1633   11.85020   11.65917  1.61%  4629 65774s
 1780188 1189437   11.74126   89 1868   11.85020   11.65917  1.61%  4629 65897s
 1782917 1191507     cutoff  110        11.85020   11.65923  1.61%  4630 66014s
 1786070 1193142   11.82458   82 1772   11.85020   11.65926  1.61%  4631 66130s
 1788792 1195777   11.70495   48 2182   11.85020   11.65929  1.61%  4632 66272s
 1792836 1197994     cutoff  109        11.85020   11.65935  1.61%  4631 66395s
 1796129 1200252   11.84492   74 2015   11.85020   11.65938  1.61%  4632 66518s
 1799605 1202450     cutoff   91        11.85020   11.65941  1.61%  4632 66638s
 1802998 1204845   11.70898   60 1879   11.85020   11.65944  1.61%  4632 66760s
 1806572 1207714   11.70228   49 2103   11.85020   11.65947  1.61%  4631 66877s
 1810703 1210009   11.75561  130 1676   11.85020   11.65951  1.61%  4629 66986s
 1814070 1212783   11.84027   72 1999   11.85020   11.65951  1.61%  4629 67093s
 1818043 1214682   11.69785   43 2025   11.85020   11.65956  1.61%  4627 67214s
 1821137 1217214   11.66196   44 2100   11.85020   11.65959  1.61%  4626 67338s
 1825020 1219219     cutoff   99        11.85020   11.65963  1.61%  4626 67454s
 1828155 1221799   11.73205   78 1895   11.85020   11.65966  1.61%  4626 67567s
 1831891 1224337   11.68533   52 2192   11.85020   11.65969  1.61%  4625 67677s
 1835574 1226463   11.78702  130 1769   11.85020   11.65972  1.61%  4624 67787s
 1838686 1228795   11.69550   64 1909   11.85020   11.65974  1.61%  4623 67895s
 1842160 1230805   11.84944  107 1670   11.85020   11.65980  1.61%  4622 68000s
 1845052 1232706   11.69277   55 2011   11.85020   11.65981  1.61%  4622 68110s
 1847998 1235152     cutoff  113        11.85020   11.65982  1.61%  4622 68233s
 1851611 1237523     cutoff   91        11.85020   11.65988  1.61%  4622 68339s
 1854902 1239472   11.74639   69 2041   11.85020   11.65988  1.61%  4621 68447s
 1857899 1241443   11.74873   72 1768   11.85020   11.65991  1.61%  4621 68558s
 1861028 1242734     cutoff   87        11.85020   11.65997  1.61%  4621 68710s
 1862812 1244600   11.71398   57 2190   11.85020   11.65997  1.61%  4620 68830s
 1865939 1247027   11.78460   90 1884   11.85020   11.66002  1.60%  4621 68950s
 1869369 1249151   11.69281   44 2247   11.85020   11.66003  1.60%  4621 69072s
 1872500 1251936     cutoff  105        11.85020   11.66003  1.60%  4621 69197s
 1876558 1254604     cutoff  104        11.85020   11.66010  1.60%  4619 69316s
 1880402 1256970     cutoff   38        11.85020   11.66013  1.60%  4618 69433s
 1884090 1258996   11.77063   64 1983   11.85020   11.66014  1.60%  4617 69537s
 1887177 1261127   11.80717  111 1512   11.85020   11.66020  1.60%  4617 69644s
 1890504 1263436   11.84480  108 1706   11.85020   11.66023  1.60%  4616 69750s
 1893990 1265915   11.68287   46 1939   11.85020   11.66025  1.60%  4615 69856s
 1897508 1267401   11.66513   48 2105   11.85020   11.66025  1.60%  4614 69965s
 1899893 1269784   11.67900   48 2034   11.85020   11.66029  1.60%  4615 70077s
 1903389 1271900     cutoff  104        11.85020   11.66035  1.60%  4614 70187s
 1906560 1273941   11.75326   64 1961   11.85020   11.66035  1.60%  4614 70297s
 1909628 1276320     cutoff   89        11.85020   11.66037  1.60%  4614 70416s
 1913153 1278429   11.83380   96 1869   11.85020   11.66042  1.60%  4613 70525s
 1916152 1280513   11.81719   73 1949   11.85020   11.66044  1.60%  4613 70639s
 1919354 1282730   11.67553   49 2143   11.85020   11.66045  1.60%  4613 70753s
 1922693 1285763     cutoff  107        11.85020   11.66049  1.60%  4612 70865s
 1926932 1287670   11.75777   92 1855   11.85020   11.66053  1.60%  4609 70970s
 1930044 1289559   11.81445  100 1790   11.85020   11.66053  1.60%  4610 71081s
 1933074 1291580     cutoff  104        11.85020   11.66054  1.60%  4610 71189s
 1936191 1293399   11.77445  105 1707   11.85020   11.66060  1.60%  4610 71297s
 1939040 1294884     cutoff   95        11.85020   11.66060  1.60%  4610 71416s
 1941636 1298230   11.73259   72 1855   11.85020   11.66060  1.60%  4612 71561s
 1946432 1300583   11.84305   95 1756   11.85020   11.66067  1.60%  4610 71675s
 1949950 1302586   11.83644   97 1723   11.85020   11.66070  1.60%  4610 71792s
 1952964 1305056   11.67874   47 2038   11.85020   11.66071  1.60%  4609 71907s
 1956611 1307287   11.80803   97 1885   11.85020   11.66075  1.60%  4609 72017s
 1960007 1309543   11.84112   78 1935   11.85020   11.66077  1.60%  4609 72129s
 1963309 1311663   11.78211   82 2013   11.85020   11.66080  1.60%  4608 72239s
 1966617 1313196     cutoff  120        11.85020   11.66083  1.60%  4608 72350s
 1969284 1315386   11.79557   97 1675   11.85020   11.66084  1.60%  4609 72469s
 1972673 1317637   11.75144   68 1987   11.85020   11.66086  1.60%  4609 72582s
 1976034 1319734   11.83483   94 1733   11.85020   11.66091  1.60%  4609 72695s
 1979201 1321653   11.72959   57 2183   11.85020   11.66094  1.60%  4608 72807s
 1982067 1324336   11.82368   64 1986   11.85020   11.66096  1.60%  4609 72924s
 1985932 1326510     cutoff  108        11.85020   11.66098  1.60%  4608 73041s
 1989174 1328453     cutoff  116        11.85020   11.66099  1.60%  4607 73152s
 1992279 1330929   11.76828  108 1686   11.85020   11.66102  1.60%  4607 73266s
 1995952 1332532     cutoff  126        11.85020   11.66106  1.60%  4607 73373s
 1998406 1335051     cutoff   92        11.85020   11.66109  1.60%  4607 73493s
 2002141 1337316     cutoff   62        11.85020   11.66110  1.60%  4606 73597s
 2005251 1339364   11.77022   83 1648   11.85020   11.66114  1.60%  4606 73705s
 2008431 1341072   11.76721   98 1834   11.85020   11.66117  1.60%  4605 73811s
 2011246 1343193   11.76024  106 1663   11.85020   11.66120  1.59%  4606 73920s
 2014329 1344787     cutoff   83        11.85020   11.66122  1.59%  4606 74032s
 2016920 1346953   11.83567   75 2012   11.85020   11.66124  1.59%  4607 74148s
 2020153 1349487   11.83835  110 1829   11.85020   11.66127  1.59%  4606 74264s
 2023923 1351606   11.84202  110 1680   11.85020   11.66128  1.59%  4605 74378s
 2027262 1353638     cutoff  115        11.85020   11.66133  1.59%  4605 74495s
 2030471 1355948   11.84325   73 1803   11.85020   11.66136  1.59%  4606 74616s
 2033811 1357996   11.72409   56 2097   11.85020   11.66138  1.59%  4606 74734s
 2036906 1360897   11.69744   55 1997   11.85020   11.66141  1.59%  4606 74860s
 2040986 1362471   11.68176   43 2107   11.85020   11.66145  1.59%  4604 75017s
 2043143 1364279   11.84060  108 1587   11.85020   11.66145  1.59%  4603 75137s
 2046103 1366687   11.69503   55 2032   11.85020   11.66149  1.59%  4604 75262s
 2049694 1369436   11.66475   54 2060   11.85020   11.66151  1.59%  4604 75382s
 2053600 1372188   11.73893   79 1772   11.85020   11.66155  1.59%  4602 75495s
 2057419 1374249     cutoff  110        11.85020   11.66156  1.59%  4601 75612s
 2060695 1376284   11.68625   51 2320   11.85020   11.66157  1.59%  4602 75731s
 2063715 1378327 infeasible  114        11.85020   11.66157  1.59%  4602 75862s
 2066776 1380868   11.69376   48 2184   11.85020   11.66163  1.59%  4602 75984s
 2070458 1383216     cutoff   53        11.85020   11.66164  1.59%  4601 76105s
 2074069 1385922   11.79721   85 1887   11.85020   11.66168  1.59%  4601 76220s
 2077810 1387973     cutoff   96        11.85020   11.66171  1.59%  4600 76336s
 2081014 1390086     cutoff   86        11.85020   11.66174  1.59%  4600 76449s
 2084214 1392566   11.67477   44 2280   11.85020   11.66177  1.59%  4600 76565s
 2087848 1395117   11.71720   47 2004   11.85020   11.66178  1.59%  4600 76684s
 2091484 1396817     cutoff   64        11.85020   11.66182  1.59%  4599 76791s
 2094058 1399509     cutoff   87        11.85020   11.66182  1.59%  4600 76907s
 2097868 1401263   11.84337   83 1749   11.85020   11.66189  1.59%  4598 77015s
 2100719 1403297   11.74462   82 2043   11.85020   11.66191  1.59%  4599 77127s
 2103827 1405818   11.84132   69 1999   11.85020   11.66191  1.59%  4599 77245s
 2107504 1407810   11.81295  111 1622   11.85020   11.66196  1.59%  4599 77355s
 2110498 1409400   11.75647   92 1650   11.85020   11.66198  1.59%  4599 77467s
 2113148 1411320   11.84736   89 1816   11.85020   11.66202  1.59%  4600 77584s
 2116137 1413556   11.75717   96 1721   11.85020   11.66202  1.59%  4601 77703s
 2119627 1415563     cutoff   84        11.85020   11.66206  1.59%  4601 77825s
 2122828 1418001   11.84038   98 1864   11.85020   11.66208  1.59%  4601 77947s
 2126268 1420011   11.83648   97 1713   11.85020   11.66211  1.59%  4601 78065s
 2129255 1422719     cutoff   75        11.85020   11.66211  1.59%  4601 78188s
 2133172 1424780   11.83895   83 1851   11.85020   11.66213  1.59%  4600 78302s
 2136428 1426831     cutoff  115        11.85020   11.66218  1.59%  4600 78416s
 2139557 1429157   11.82644   99 1611   11.85020   11.66219  1.59%  4601 78530s
 2142971 1431400   11.76836  103 1769   11.85020   11.66219  1.59%  4600 78645s
 2146372 1433152     cutoff   92        11.85020   11.66226  1.59%  4600 78757s
 2149141 1435090   11.83952  118 1745   11.85020   11.66227  1.59%  4600 78875s
 2152076 1438021   11.82447   83 1780   11.85020   11.66229  1.59%  4601 79004s
 2156231 1440492   11.69529   54 2046   11.85020   11.66234  1.59%  4600 79116s
 2160149 1442627   11.73557  101 1641   11.85020   11.66237  1.59%  4599 79223s
 2163287 1444466     cutoff  101        11.85020   11.66238  1.59%  4599 79329s
 2166230 1446855   11.68953   58 2144   11.85020   11.66240  1.58%  4599 79439s
 2169790 1449232     cutoff  101        11.85020   11.66243  1.58%  4598 79546s
 2173029 1451192   11.71125   62 1916   11.85020   11.66246  1.58%  4598 79652s
 2175903 1453268     cutoff   79        11.85020   11.66246  1.58%  4598 79762s
 2179064 1455408   11.70059   62 1984   11.85020   11.66250  1.58%  4598 79879s
 2182456 1457596     cutoff   96        11.85020   11.66253  1.58%  4598 79994s
 2185839 1459488     cutoff   89        11.85020   11.66256  1.58%  4598 80107s
 2188755 1461632     cutoff   75        11.85020   11.66256  1.58%  4598 80221s
 2192027 1464163   11.77201   91 1915   11.85020   11.66261  1.58%  4598 80339s
 2195663 1465369   11.77331   87 1729   11.85020   11.66264  1.58%  4597 80451s
 2198302 1467057     cutoff   94        11.85020   11.66265  1.58%  4598 80566s
 2201218 1469124   11.72511   55 2073   11.85020   11.66266  1.58%  4599 80686s
 2204563 1471354   11.68672   45 2317   11.85020   11.66268  1.58%  4599 80803s
 2207935 1473720     cutoff   97        11.85020   11.66271  1.58%  4599 80920s
 2211436 1475835   11.69218   67 1983   11.85020   11.66274  1.58%  4599 81034s
 2214552 1476740   11.79482  102 1810   11.85020   11.66276  1.58%  4599 81180s
 2216006 1478984   11.75044  104 1820   11.85020   11.66277  1.58%  4599 81305s
 2219239 1481609     cutoff   97        11.85020   11.66280  1.58%  4599 81434s
 2223067 1484133     cutoff   83        11.85020   11.66282  1.58%  4598 81556s
 2226918 1486852     cutoff   97        11.85020   11.66285  1.58%  4598 81674s
 2230880 1489078   11.83294   89 1950   11.85020   11.66288  1.58%  4597 81784s
 2234108 1491464     cutoff   85        11.85020   11.66290  1.58%  4597 81895s
 2237567 1493614   11.84674   97 1839   11.85020   11.66291  1.58%  4596 82013s
 2240847 1496582     cutoff  107        11.85020   11.66294  1.58%  4596 82130s
 2244846 1498155     cutoff   80        11.85020   11.66294  1.58%  4595 82233s
 2247437 1500320   11.72462   62 2055   11.85020   11.66296  1.58%  4596 82345s
 2250741 1502872   11.84650  107 1804   11.85020   11.66301  1.58%  4596 82460s
 2254249 1504805     cutoff   75        11.85020   11.66303  1.58%  4595 82570s
 2257368 1506507   11.74689   56 2177   11.85020   11.66303  1.58%  4595 82683s
 2260061 1508384   11.72577   53 1868   11.85020   11.66306  1.58%  4596 82797s
 2263088 1510175   11.70002   57 2319   11.85020   11.66308  1.58%  4596 82912s
 2265983 1511937   11.84449   85 1972   11.85020   11.66311  1.58%  4597 83032s
 2269039 1513739     cutoff   69        11.85020   11.66311  1.58%  4598 83148s
 2272180 1516043   11.83604   72 1956   11.85020   11.66314  1.58%  4599 83268s
 2275613 1518275     cutoff   69        11.85020   11.66317  1.58%  4599 83390s
 2278877 1520101   11.82515   91 1774   11.85020   11.66318  1.58%  4598 83511s
 2282028 1522146   11.69370   51 2054   11.85020   11.66321  1.58%  4599 83631s
 2285223 1524504   11.68000   43 2215   11.85020   11.66324  1.58%  4600 83753s
 2288660 1526511   11.68730   46 2025   11.85020   11.66326  1.58%  4599 83876s
 2291767 1529150     cutoff   71        11.85020   11.66327  1.58%  4600 83996s
 2295585 1531849     cutoff   85        11.85020   11.66330  1.58%  4599 84115s
 2299512 1534457   11.84824  101 1712   11.85020   11.66332  1.58%  4598 84232s
 2303278 1536559   11.74122   95 1808   11.85020   11.66335  1.58%  4597 84334s
 2306370 1538744     cutoff   50        11.85020   11.66338  1.58%  4597 84439s
 2309401 1540446     cutoff  102        11.85020   11.66338  1.58%  4596 84547s
 2312101 1542636   11.67921   43 2529   11.85020   11.66340  1.58%  4597 84663s
 2315463 1545015   11.76014  110 1674   11.85020   11.66343  1.58%  4597 84773s
 2318933 1547241     cutoff   94        11.85020   11.66345  1.58%  4596 84884s
 2322232 1549136   11.74957  101 1542   11.85020   11.66348  1.58%  4595 84992s
 2325137 1550959   11.82911   62 1905   11.85020   11.66349  1.58%  4595 85107s
 2328118 1553191   11.84883   81 1672   11.85020   11.66351  1.58%  4596 85221s
 2331588 1555635   11.81667   89 1711   11.85020   11.66353  1.58%  4596 85340s
 2335164 1557580   11.83936   82 1964   11.85020   11.66356  1.58%  4595 85449s
 2338199 1559617   11.77109   80 1780   11.85020   11.66357  1.57%  4596 85560s
 2341336 1562168   11.71251   56 2059   11.85020   11.66358  1.57%  4596 85673s
 2345012 1564486     cutoff   71        11.85020   11.66360  1.57%  4595 85781s
 2348254 1566515     cutoff   97        11.85020   11.66364  1.57%  4594 85890s
 2351378 1568097   11.76499  111 1624   11.85020   11.66364  1.57%  4595 86002s
 2354082 1570403     cutoff   47        11.85020   11.66366  1.57%  4595 86114s
 2357567 1572386   11.66974   40 2188   11.85020   11.66369  1.57%  4595 86231s
 2360680 1574765     cutoff  114        11.85020   11.66370  1.57%  4595 86348s
[2026-05-31T23:01:58.406] error: *** JOB 14051676 ON x1000c5s1b0n1 CANCELLED AT 2026-05-31T23:01:58 DUE TO TIME LIMIT ***
