2026-06-02 12:34:37 [INFO] idaes.core.surrogate.pysmo_surrogate: Decode surrogate. type=poly

===========================Polynomial Regression===============================================

The number of cross-validation cases (3) is used.
The default training/cross-validation split of 0.75 is used.
No iterations will be run.
Default parameter estimation method is used.
Parameter estimation method:  pyomo 

2026-06-02 12:34:37 [INFO] idaes.core.surrogate.pysmo_surrogate: Decode surrogate. type=poly

===========================Polynomial Regression===============================================

The number of cross-validation cases (3) is used.
The default training/cross-validation split of 0.75 is used.
No iterations will be run.
Default parameter estimation method is used.
Parameter estimation method:  pyomo 

2026-06-02 12:34:37 [INFO] idaes.core.surrogate.pysmo_surrogate: Decode surrogate. type=poly

===========================Polynomial Regression===============================================

The number of cross-validation cases (3) is used.
The default training/cross-validation split of 0.75 is used.
No iterations will be run.
Default parameter estimation method is used.
Parameter estimation method:  pyomo 

2026-06-02 12:34:37 [INFO] idaes.core.surrogate.pysmo_surrogate: Decode surrogate. type=poly

===========================Polynomial Regression===============================================

The number of cross-validation cases (3) is used.
The default training/cross-validation split of 0.75 is used.
No iterations will be run.
Default parameter estimation method is used.
Parameter estimation method:  pyomo 

2026-06-02 12:34:38 [INFO] idaes.apps.grid_integration.pricetaker.price_taker_model: Found minimum uptime/downtime data for pretreatment.uf_pumps[1] - Adding minimum uptime/downtime constraints.
2026-06-02 12:34:38 [INFO] idaes.apps.grid_integration.pricetaker.price_taker_model: Created startup/shutdown constraints for operation model  pretreatment.uf_pumps[1] at uf_pumps_1_startup_shutdown.
2026-06-02 12:34:38 [INFO] idaes.apps.grid_integration.pricetaker.price_taker_model: Found minimum uptime/downtime data for pretreatment.uf_pumps[2] - Adding minimum uptime/downtime constraints.
2026-06-02 12:34:38 [INFO] idaes.apps.grid_integration.pricetaker.price_taker_model: Created startup/shutdown constraints for operation model  pretreatment.uf_pumps[2] at uf_pumps_2_startup_shutdown.
2026-06-02 12:34:38 [INFO] idaes.apps.grid_integration.pricetaker.price_taker_model: Found minimum uptime/downtime data for pretreatment.uf_pumps[3] - Adding minimum uptime/downtime constraints.
2026-06-02 12:34:38 [INFO] idaes.apps.grid_integration.pricetaker.price_taker_model: Created startup/shutdown constraints for operation model  pretreatment.uf_pumps[3] at uf_pumps_3_startup_shutdown.
2026-06-02 12:34:38 [INFO] idaes.apps.grid_integration.pricetaker.price_taker_model: Found minimum uptime/downtime data for reverse_osmosis.ro_skid[1] - Adding minimum uptime/downtime constraints.
2026-06-02 12:34:38 [INFO] idaes.apps.grid_integration.pricetaker.price_taker_model: Created startup/shutdown constraints for operation model  reverse_osmosis.ro_skid[1] at ro_skid_1_startup_shutdown.
2026-06-02 12:34:38 [INFO] idaes.apps.grid_integration.pricetaker.price_taker_model: Found minimum uptime/downtime data for reverse_osmosis.ro_skid[2] - Adding minimum uptime/downtime constraints.
2026-06-02 12:34:38 [INFO] idaes.apps.grid_integration.pricetaker.price_taker_model: Created startup/shutdown constraints for operation model  reverse_osmosis.ro_skid[2] at ro_skid_2_startup_shutdown.
2026-06-02 12:34:38 [INFO] idaes.apps.grid_integration.pricetaker.price_taker_model: Found minimum uptime/downtime data for reverse_osmosis.ro_skid[3] - Adding minimum uptime/downtime constraints.
2026-06-02 12:34:38 [INFO] idaes.apps.grid_integration.pricetaker.price_taker_model: Created startup/shutdown constraints for operation model  reverse_osmosis.ro_skid[3] at ro_skid_3_startup_shutdown.
2026-06-02 12:34:38 [INFO] idaes.apps.grid_integration.pricetaker.price_taker_model: Found minimum uptime/downtime data for reverse_osmosis.ro_skid[4] - Adding minimum uptime/downtime constraints.
2026-06-02 12:34:38 [INFO] idaes.apps.grid_integration.pricetaker.price_taker_model: Created startup/shutdown constraints for operation model  reverse_osmosis.ro_skid[4] at ro_skid_4_startup_shutdown.
3692
Set parameter TokenServer to value "10.60.1.73"
Set parameter LogToConsole to value 1
Set parameter MIPGap to value 0.02
Gurobi Optimizer version 12.0.3 build v12.0.3rc0 (linux64 - "Red Hat Enterprise Linux 8.8 (Ootpa)")

CPU model: Intel(R) Xeon(R) Platinum 8470QL, instruction set [SSE2|AVX|AVX2|AVX512]
Thread count: 104 physical cores, 104 logical processors, using up to 32 threads

Non-default parameters:
MIPGap  0.02

Optimize a model with 17951 rows, 15795 columns and 46323 nonzeros
Model fingerprint: 0x83138a77
Model has 168 quadratic objective terms
Model has 2352 quadratic constraints
Variable types: 11259 continuous, 4536 integer (4536 binary)
Coefficient statistics:
  Matrix range     [5e-04, 2e+03]
  QMatrix range    [2e-07, 1e+00]
  QLMatrix range   [3e-04, 1e+00]
  Objective range  [9e-06, 5e-03]
  QObjective range [2e-04, 2e-04]
  Bounds range     [9e-01, 1e+03]
  RHS range        [5e-02, 3e+05]
  QRHS range       [3e-01, 3e-01]
Presolve removed 10400 rows and 8574 columns
Presolve time: 0.16s
Presolved: 16455 rows, 7222 columns, 45743 nonzeros
Presolved model has 2352 bilinear constraint(s)

Solving non-convex MIQCP

Variable types: 5078 continuous, 2144 integer (2144 binary)
Found heuristic solution: objective 11.5714107

Root relaxation: objective 1.049108e+01, 24506 iterations, 3.98 seconds (6.03 work units)

    Nodes    |    Current Node    |     Objective Bounds      |     Work
 Expl Unexpl |  Obj  Depth IntInf | Incumbent    BestBd   Gap | It/Node Time

     0     0   10.49108    0 2520   11.57141   10.49108  9.34%     -    4s
H    0     0                      11.5714105   10.49108  9.34%     -    4s
     0     0          -    0        11.57141   11.34487  1.96%     -   10s

Cutting planes:
  Gomory: 82
  Cover: 2
  Implied bound: 87
  RLT: 997
  Relax-and-lift: 655

Explored 1 nodes (39808 simplex iterations) in 10.02 seconds (14.78 work units)
Thread count was 32 (of 104 available processors)

Solution count 1: 11.5714 

Optimal solution found (tolerance 2.00e-02)
Best objective 1.157141050826e+01, best bound 1.134487160116e+01, gap 1.9577%
m.flow_changes_penalty(): 0.0
Total operational cost: 115714.11
Maximum power (kW): 1127.28
Discharge energy capacity (kWh): 0.00
Charge energy capacity (kWh): 7942.21
Levelized Cost of Flexibility ($/kWh): nan
{'fixed_demand_cost': 7102.575150662078, 'variable_demand_cost': 2588.5052959285117, 'fixed_monthly_cost': 171938.17204301074, 'total_water_production': 282179.67125387234, 'total_energy_cost': 20578.50721644675, 'total_demand_cost': 9691.08044659059, 'total_customer_cost': 0.0, 'total_feed_cost': 50843.18517326864, 'total_brine_cost': 15303.801513994165, 'total_chemical_cost': 19297.53073232341, 'total_water_revenue': 0.0, 'total_demand_response_revenue': -0.0, 'total_emissions_cost': 0.0, 'total_op_cost': 115714.10508262357, 'fixed_cost': 121551.98252688172, 'total_cost': 237266.08760950528, 'LCOW': 0.8408333830541639, 'degree_of_flex': 0.0, 'total_replacement_cost': 992.3107078853046, 'maximum_power': 1127.2750356983174, 'energy_capacity': 0.0, 'power_capacity': nan, 'round_trip_efficiency': 0, 'LVOF': nan}
Saved operation variable results to: /home/rchurchi/watertap_test/watertap/tutorials/flex_ro/wrd_result_winter_both_2_flexible_trains_TOU_8.csv
2026-06-02 12:34:52 [INFO] idaes.core.surrogate.pysmo_surrogate: Decode surrogate. type=poly

===========================Polynomial Regression===============================================

The number of cross-validation cases (3) is used.
The default training/cross-validation split of 0.75 is used.
No iterations will be run.
Default parameter estimation method is used.
Parameter estimation method:  pyomo 

2026-06-02 12:34:52 [INFO] idaes.core.surrogate.pysmo_surrogate: Decode surrogate. type=poly

===========================Polynomial Regression===============================================

The number of cross-validation cases (3) is used.
The default training/cross-validation split of 0.75 is used.
No iterations will be run.
Default parameter estimation method is used.
Parameter estimation method:  pyomo 

2026-06-02 12:34:52 [INFO] idaes.core.surrogate.pysmo_surrogate: Decode surrogate. type=poly

===========================Polynomial Regression===============================================

The number of cross-validation cases (3) is used.
The default training/cross-validation split of 0.75 is used.
No iterations will be run.
Default parameter estimation method is used.
Parameter estimation method:  pyomo 

2026-06-02 12:34:52 [INFO] idaes.core.surrogate.pysmo_surrogate: Decode surrogate. type=poly

===========================Polynomial Regression===============================================

The number of cross-validation cases (3) is used.
The default training/cross-validation split of 0.75 is used.
No iterations will be run.
Default parameter estimation method is used.
Parameter estimation method:  pyomo 

2026-06-02 12:34:54 [INFO] idaes.apps.grid_integration.pricetaker.price_taker_model: Found minimum uptime/downtime data for pretreatment.uf_pumps[1] - Adding minimum uptime/downtime constraints.
2026-06-02 12:34:54 [INFO] idaes.apps.grid_integration.pricetaker.price_taker_model: Created startup/shutdown constraints for operation model  pretreatment.uf_pumps[1] at uf_pumps_1_startup_shutdown.
2026-06-02 12:34:54 [INFO] idaes.apps.grid_integration.pricetaker.price_taker_model: Found minimum uptime/downtime data for pretreatment.uf_pumps[2] - Adding minimum uptime/downtime constraints.
2026-06-02 12:34:54 [INFO] idaes.apps.grid_integration.pricetaker.price_taker_model: Created startup/shutdown constraints for operation model  pretreatment.uf_pumps[2] at uf_pumps_2_startup_shutdown.
2026-06-02 12:34:54 [INFO] idaes.apps.grid_integration.pricetaker.price_taker_model: Found minimum uptime/downtime data for pretreatment.uf_pumps[3] - Adding minimum uptime/downtime constraints.
2026-06-02 12:34:54 [INFO] idaes.apps.grid_integration.pricetaker.price_taker_model: Created startup/shutdown constraints for operation model  pretreatment.uf_pumps[3] at uf_pumps_3_startup_shutdown.
2026-06-02 12:34:54 [INFO] idaes.apps.grid_integration.pricetaker.price_taker_model: Found minimum uptime/downtime data for reverse_osmosis.ro_skid[1] - Adding minimum uptime/downtime constraints.
2026-06-02 12:34:54 [INFO] idaes.apps.grid_integration.pricetaker.price_taker_model: Created startup/shutdown constraints for operation model  reverse_osmosis.ro_skid[1] at ro_skid_1_startup_shutdown.
2026-06-02 12:34:54 [INFO] idaes.apps.grid_integration.pricetaker.price_taker_model: Found minimum uptime/downtime data for reverse_osmosis.ro_skid[2] - Adding minimum uptime/downtime constraints.
2026-06-02 12:34:54 [INFO] idaes.apps.grid_integration.pricetaker.price_taker_model: Created startup/shutdown constraints for operation model  reverse_osmosis.ro_skid[2] at ro_skid_2_startup_shutdown.
2026-06-02 12:34:54 [INFO] idaes.apps.grid_integration.pricetaker.price_taker_model: Found minimum uptime/downtime data for reverse_osmosis.ro_skid[3] - Adding minimum uptime/downtime constraints.
2026-06-02 12:34:54 [INFO] idaes.apps.grid_integration.pricetaker.price_taker_model: Created startup/shutdown constraints for operation model  reverse_osmosis.ro_skid[3] at ro_skid_3_startup_shutdown.
2026-06-02 12:34:54 [INFO] idaes.apps.grid_integration.pricetaker.price_taker_model: Found minimum uptime/downtime data for reverse_osmosis.ro_skid[4] - Adding minimum uptime/downtime constraints.
2026-06-02 12:34:54 [INFO] idaes.apps.grid_integration.pricetaker.price_taker_model: Created startup/shutdown constraints for operation model  reverse_osmosis.ro_skid[4] at ro_skid_4_startup_shutdown.
4364
Set parameter LogToConsole to value 1
Set parameter MIPGap to value 0.02
Gurobi Optimizer version 12.0.3 build v12.0.3rc0 (linux64 - "Red Hat Enterprise Linux 8.8 (Ootpa)")

CPU model: Intel(R) Xeon(R) Platinum 8470QL, instruction set [SSE2|AVX|AVX2|AVX512]
Thread count: 104 physical cores, 104 logical processors, using up to 32 threads

Non-default parameters:
MIPGap  0.02

Optimize a model with 17951 rows, 16467 columns and 49337 nonzeros
Model fingerprint: 0x2894962b
Model has 168 quadratic objective terms
Model has 2352 quadratic constraints
Variable types: 11259 continuous, 5208 integer (5208 binary)
Coefficient statistics:
  Matrix range     [5e-04, 2e+03]
  QMatrix range    [2e-07, 1e+00]
  QLMatrix range   [3e-04, 1e+00]
  Objective range  [9e-06, 5e-03]
  QObjective range [2e-04, 2e-04]
  Bounds range     [9e-01, 1e+03]
  RHS range        [5e-02, 3e+05]
  QRHS range       [3e-01, 3e-01]
Presolve removed 6884 rows and 7576 columns
Presolve time: 0.08s
Presolved: 20307 rows, 9396 columns, 53768 nonzeros
Presolved model has 336 SOS constraint(s)
Presolved model has 2352 bilinear constraint(s)

Solving non-convex MIQCP

Variable types: 5750 continuous, 3646 integer (3646 binary)
Found heuristic solution: objective 11.5714107

Root relaxation: unbounded, 0 iterations, 0.01 seconds (0.00 work units)

    Nodes    |    Current Node    |     Objective Bounds      |     Work
 Expl Unexpl |  Obj  Depth IntInf | Incumbent    BestBd   Gap | It/Node Time

     0     2  postponed    0        11.57141          -      -     -    3s
     3     8  postponed    2        11.57141          -      -  4138    5s
    27    34  postponed    5        11.57141          -      -  7944   11s
    79    85  postponed    7        11.57141          -      -  8024   15s
   190   461  postponed    9        11.57141          -      -  9169   23s
   642   923 infeasible   16        11.57141          -      -  3219   30s
  1308  1554  postponed   23        11.57141          -      -  1791   41s
  2293  2496  postponed   36        11.57141          -      -  1207   58s
  3731  3443 infeasible   54        11.57141          -      -   936   79s
H 4212  3443                      11.5714105          -      -   912   79s
H 4403  3443                      11.5714105          -      -   908   79s
H 4726  3443                      11.5714105          -      -   902   79s
  5256  4570 infeasible   78        11.57141          -      -   894   99s
  6961  5697 infeasible   95        11.57141          -      -   912  119s
  8695  7124 infeasible  109        11.57141          -      -   912  139s
 10680  9190  postponed  124        11.57141          -      -   890  159s
 13351 10497 infeasible  139        11.57141          -      -   853  176s
 15279 10499   10.97209  328 1925   11.57141    9.43805  18.4%   835  197s
 15280 10500   11.03262  128  743   11.57141   11.03262  4.66%   835  207s
 15281 10501   11.27006  257  711   11.57141   11.27006  2.60%   835  215s

Cutting planes:
  Learned: 316
  Gomory: 36
  Cover: 548
  Implied bound: 384
  Projected implied bound: 150
  Clique: 1
  MIR: 195
  Flow cover: 263
  GUB cover: 10
  Network: 42
  RLT: 905
  Relax-and-lift: 804
  BQP: 1

Explored 15281 nodes (12873792 simplex iterations) in 226.82 seconds (524.99 work units)
Thread count was 32 (of 104 available processors)

Solution count 1: 11.5714 

Optimal solution found (tolerance 2.00e-02)
Best objective 1.157141050826e+01, best bound 1.144623632239e+01, gap 1.0818%
m.flow_changes_penalty(): 0.0
Total operational cost: 115714.11
Maximum power (kW): 1127.28
Discharge energy capacity (kWh): 0.00
Charge energy capacity (kWh): 7942.21
Levelized Cost of Flexibility ($/kWh): nan
{'fixed_demand_cost': 7102.57515066168, 'variable_demand_cost': 2588.5052959286563, 'fixed_monthly_cost': 171938.17204301074, 'total_water_production': 282179.6712538763, 'total_energy_cost': 20578.507216446822, 'total_demand_cost': 9691.080446590337, 'total_customer_cost': 0.0, 'total_feed_cost': 50843.18517326826, 'total_brine_cost': 15303.801513991277, 'total_chemical_cost': 19297.53073232338, 'total_water_revenue': 0.0, 'total_demand_response_revenue': -0.0, 'total_emissions_cost': 0.0, 'total_op_cost': 115714.10508262008, 'fixed_cost': 121551.98252688172, 'total_cost': 237266.0876095018, 'LCOW': 0.8408333830541397, 'degree_of_flex': 0.0, 'total_replacement_cost': 992.3107078853046, 'maximum_power': 1127.2750356983533, 'energy_capacity': 0.0, 'power_capacity': nan, 'round_trip_efficiency': 0, 'LVOF': nan}
Saved operation variable results to: /home/rchurchi/watertap_test/watertap/tutorials/flex_ro/wrd_result_winter_both_4_flexible_trains_TOU_8.csv
2026-06-02 12:38:44 [INFO] idaes.core.surrogate.pysmo_surrogate: Decode surrogate. type=poly

===========================Polynomial Regression===============================================

The number of cross-validation cases (3) is used.
The default training/cross-validation split of 0.75 is used.
No iterations will be run.
Default parameter estimation method is used.
Parameter estimation method:  pyomo 

2026-06-02 12:38:44 [INFO] idaes.core.surrogate.pysmo_surrogate: Decode surrogate. type=poly

===========================Polynomial Regression===============================================

The number of cross-validation cases (3) is used.
The default training/cross-validation split of 0.75 is used.
No iterations will be run.
Default parameter estimation method is used.
Parameter estimation method:  pyomo 

2026-06-02 12:38:44 [INFO] idaes.core.surrogate.pysmo_surrogate: Decode surrogate. type=poly

===========================Polynomial Regression===============================================

The number of cross-validation cases (3) is used.
The default training/cross-validation split of 0.75 is used.
No iterations will be run.
Default parameter estimation method is used.
Parameter estimation method:  pyomo 

2026-06-02 12:38:44 [INFO] idaes.core.surrogate.pysmo_surrogate: Decode surrogate. type=poly

===========================Polynomial Regression===============================================

The number of cross-validation cases (3) is used.
The default training/cross-validation split of 0.75 is used.
No iterations will be run.
Default parameter estimation method is used.
Parameter estimation method:  pyomo 

2026-06-02 12:38:46 [INFO] idaes.apps.grid_integration.pricetaker.price_taker_model: Found minimum uptime/downtime data for pretreatment.uf_pumps[1] - Adding minimum uptime/downtime constraints.
2026-06-02 12:38:46 [INFO] idaes.apps.grid_integration.pricetaker.price_taker_model: Created startup/shutdown constraints for operation model  pretreatment.uf_pumps[1] at uf_pumps_1_startup_shutdown.
2026-06-02 12:38:46 [INFO] idaes.apps.grid_integration.pricetaker.price_taker_model: Found minimum uptime/downtime data for pretreatment.uf_pumps[2] - Adding minimum uptime/downtime constraints.
2026-06-02 12:38:46 [INFO] idaes.apps.grid_integration.pricetaker.price_taker_model: Created startup/shutdown constraints for operation model  pretreatment.uf_pumps[2] at uf_pumps_2_startup_shutdown.
2026-06-02 12:38:46 [INFO] idaes.apps.grid_integration.pricetaker.price_taker_model: Found minimum uptime/downtime data for pretreatment.uf_pumps[3] - Adding minimum uptime/downtime constraints.
2026-06-02 12:38:46 [INFO] idaes.apps.grid_integration.pricetaker.price_taker_model: Created startup/shutdown constraints for operation model  pretreatment.uf_pumps[3] at uf_pumps_3_startup_shutdown.
2026-06-02 12:38:46 [INFO] idaes.apps.grid_integration.pricetaker.price_taker_model: Found minimum uptime/downtime data for reverse_osmosis.ro_skid[1] - Adding minimum uptime/downtime constraints.
2026-06-02 12:38:46 [INFO] idaes.apps.grid_integration.pricetaker.price_taker_model: Created startup/shutdown constraints for operation model  reverse_osmosis.ro_skid[1] at ro_skid_1_startup_shutdown.
2026-06-02 12:38:46 [INFO] idaes.apps.grid_integration.pricetaker.price_taker_model: Found minimum uptime/downtime data for reverse_osmosis.ro_skid[2] - Adding minimum uptime/downtime constraints.
2026-06-02 12:38:46 [INFO] idaes.apps.grid_integration.pricetaker.price_taker_model: Created startup/shutdown constraints for operation model  reverse_osmosis.ro_skid[2] at ro_skid_2_startup_shutdown.
2026-06-02 12:38:46 [INFO] idaes.apps.grid_integration.pricetaker.price_taker_model: Found minimum uptime/downtime data for reverse_osmosis.ro_skid[3] - Adding minimum uptime/downtime constraints.
2026-06-02 12:38:46 [INFO] idaes.apps.grid_integration.pricetaker.price_taker_model: Created startup/shutdown constraints for operation model  reverse_osmosis.ro_skid[3] at ro_skid_3_startup_shutdown.
2026-06-02 12:38:46 [INFO] idaes.apps.grid_integration.pricetaker.price_taker_model: Found minimum uptime/downtime data for reverse_osmosis.ro_skid[4] - Adding minimum uptime/downtime constraints.
2026-06-02 12:38:46 [INFO] idaes.apps.grid_integration.pricetaker.price_taker_model: Created startup/shutdown constraints for operation model  reverse_osmosis.ro_skid[4] at ro_skid_4_startup_shutdown.
3598
Set parameter LogToConsole to value 1
Set parameter MIPGap to value 0.02
Gurobi Optimizer version 12.0.3 build v12.0.3rc0 (linux64 - "Red Hat Enterprise Linux 8.8 (Ootpa)")

CPU model: Intel(R) Xeon(R) Platinum 8470QL, instruction set [SSE2|AVX|AVX2|AVX512]
Thread count: 104 physical cores, 104 logical processors, using up to 32 threads

Non-default parameters:
MIPGap  0.02

Optimize a model with 17951 rows, 15701 columns and 45581 nonzeros
Model fingerprint: 0x5a2d9444
Model has 168 quadratic objective terms
Model has 2352 quadratic constraints
Variable types: 11259 continuous, 4442 integer (4442 binary)
Coefficient statistics:
  Matrix range     [5e-04, 2e+03]
  QMatrix range    [2e-07, 1e+00]
  QLMatrix range   [3e-04, 1e+00]
  Objective range  [1e-05, 5e-03]
  QObjective range [2e-04, 2e-04]
  Bounds range     [9e-01, 1e+03]
  RHS range        [5e-02, 3e+05]
  QRHS range       [3e-01, 3e-01]
Presolve removed 10679 rows and 8689 columns
Presolve time: 0.07s
Presolved: 16016 rows, 7013 columns, 44614 nonzeros
Presolved model has 2312 bilinear constraint(s)

Solving non-convex MIQCP

Variable types: 4948 continuous, 2065 integer (2065 binary)
Found heuristic solution: objective 12.4771252

Root simplex log...

Iteration    Objective       Primal Inf.    Dual Inf.      Time
   23258    1.1179281e+01   9.503860e+04   0.000000e+00      5s
   25953    1.1135050e+01   0.000000e+00   0.000000e+00      6s

Root relaxation: objective 1.113505e+01, 25953 iterations, 5.62 seconds (8.29 work units)

    Nodes    |    Current Node    |     Objective Bounds      |     Work
 Expl Unexpl |  Obj  Depth IntInf | Incumbent    BestBd   Gap | It/Node Time

     0     0   11.13505    0 2364   12.47713   11.13505  10.8%     -    6s
H    0     0                      12.4771250   11.13505  10.8%     -    6s
     0     0   11.88031    0 2632   12.47712   11.88031  4.78%     -    9s
     0     0   11.98537    0 2500   12.47712   11.98537  3.94%     -   10s
     0     0   12.01216    0 2707   12.47712   12.01216  3.73%     -   10s
     0     0   12.01329    0 2733   12.47712   12.01329  3.72%     -   11s
     0     0   12.02460    0 2723   12.47712   12.02460  3.63%     -   12s
     0     0   12.03368    0 2784   12.47712   12.03368  3.55%     -   13s
     0     0   12.03761    0 2751   12.47712   12.03761  3.52%     -   13s
     0     0   12.03803    0 2771   12.47712   12.03803  3.52%     -   14s
     0     0   12.04090    0 2756   12.47712   12.04090  3.50%     -   14s
     0     0   12.04099    0 2774   12.47712   12.04099  3.50%     -   14s
     0     0   12.04646    0 2774   12.47712   12.04646  3.45%     -   15s
     0     0   12.04745    0 2769   12.47712   12.04745  3.44%     -   15s
     0     0   12.04925    0 2697   12.47712   12.04925  3.43%     -   15s
     0     0   12.05384    0 2735   12.47712   12.05384  3.39%     -   16s
     0     0   12.05410    0 2736   12.47712   12.05410  3.39%     -   16s
     0     0   12.05422    0 2730   12.47712   12.05422  3.39%     -   16s
     0     0   12.05428    0 2731   12.47712   12.05428  3.39%     -   16s
     0     0   12.05429    0 2731   12.47712   12.05429  3.39%     -   16s
     0     0   12.05429    0 2732   12.47712   12.05429  3.39%     -   16s
     0     0   12.05859    0 2723   12.47712   12.05859  3.35%     -   17s
     0     2   12.05859    0 2722   12.47712   12.05859  3.35%     -   19s
     1     4   12.08139    1 2740   12.47712   12.05859  3.35%  1425   20s
    15    32   12.09901    4 2671   12.47712   12.06428  3.31%  1095   25s
    95   159   12.11277    7 2587   12.47712   12.06952  3.27%  1527   31s
   158   291   12.11316    9 2580   12.47712   12.06952  3.27%  1033   39s
   290   394   12.12251   13 2575   12.47712   12.06952  3.27%  1066   43s
   393   484   12.11627   14 2537   12.47712   12.06952  3.27%  1007   47s
   483   564   12.11685   15 2506   12.47712   12.06952  3.27%  1035   53s
   563   663   12.12043   16 2539   12.47712   12.06952  3.27%  1075   56s
   662   759   12.12477   16 2445   12.47712   12.06952  3.27%  1030   60s
   857   956   12.12607   18 2508   12.47712   12.06952  3.27%   979   68s
   955  1063   12.13104   20 2490   12.47712   12.06952  3.27%   948   72s
  1062  1180   12.13198   22 2487   12.47712   12.06952  3.27%   942   76s
  1179  1319   12.13328   24 2460   12.47712   12.06952  3.27%   935   80s
  1467  1666   12.14154   29 2408   12.47712   12.06952  3.27%   913   90s
  1863  2104   12.14605   40 2376   12.47712   12.06952  3.27%   838   97s
  2103  2377   12.14740   42 2378   12.47712   12.06952  3.27%   779  101s
  2376  2644   12.15235   51 2369   12.47712   12.06952  3.27%   738  106s
  2643  2900   12.15494   57 2381   12.47712   12.06952  3.27%   713  110s
  3107  3322   12.15840   63 2261   12.47712   12.06952  3.27%   674  117s
  3329  3587   12.16584   70 2224   12.47712   12.06952  3.27%   679  121s
  3888  4239   12.17470   83 2163   12.47712   12.06952  3.27%   675  128s
  4246  4529   12.18000  101 2089   12.47712   12.06952  3.27%   656  132s
  4536  4928   12.18466  121 2021   12.47712   12.06952  3.27%   685  135s
  5263  5734   12.19242  171 2099   12.47712   12.06952  3.27%   682  143s
  5757  6224   12.20106  201 2033   12.47712   12.07294  3.24%   659  146s
  6251  6747   12.21083  222 2136   12.47712   12.07294  3.24%   641  151s
  6794  7317   12.22435  241 2130   12.47712   12.07382  3.23%   623  155s
  7965  8213   12.24250  281 2082   12.47712   12.07382  3.23%   591  163s
  8278  8978   12.24553  291 2074   12.47712   12.07382  3.23%   592  166s
  9045  9654   12.25623  321 2036   12.47712   12.07382  3.23%   573  171s
 10621 11312   12.27972  403 2033   12.47712   12.07382  3.23%   546  178s
 11403 12209   12.29623  421 2011   12.47712   12.07382  3.23%   534  183s
 12308 13181   12.30699  473 2053   12.47712   12.07445  3.23%   520  187s
 13280 14160   12.31764  521 2022   12.47712   12.07445  3.23%   505  193s
 14269 14187   12.31913  604 2023   12.47712   12.07445  3.23%   496  195s
H14273 14187                      12.4771245   12.07445  3.23%   496  195s
H14285 14187                      12.4771245   12.07445  3.23%   496  195s
H14754 14384                      12.4557784   12.07466  3.06%   496  204s
H14754 14066                      12.4357784   12.07466  2.90%   496  204s
H14754 13694                      12.4061566   12.07466  2.67%   496  204s
H14754 12499                      12.3450241   12.07466  2.19%   496  204s
H14754 11253                      12.3169089   12.07466  1.97%   496  205s

Cutting planes:
  Learned: 69
  Gomory: 44
  Cover: 334
  Implied bound: 206
  MIR: 224
  Flow cover: 226
  Zero half: 1
  Network: 3
  RLT: 1929
  Relax-and-lift: 309
  BQP: 3
  PSD: 1

Explored 14754 nodes (7370641 simplex iterations) in 216.83 seconds (390.17 work units)
Thread count was 32 (of 104 available processors)

Solution count 8: 12.3169 12.345 12.4062 ... 12.4771

Optimal solution found (tolerance 2.00e-02)
Best objective 1.231690891451e+01, best bound 1.207465612285e+01, gap 1.9668%
m.flow_changes_penalty(): 2300.0
Total operational cost: 120869.09
Maximum power (kW): 1190.37
Discharge energy capacity (kWh): 15685.12
Charge energy capacity (kWh): 12342.72
Levelized Cost of Flexibility ($/kWh): 1.10
{'fixed_demand_cost': 7500.109443993152, 'variable_demand_cost': 5182.982365579943, 'fixed_monthly_cost': 171938.17204301074, 'total_water_production': 282179.67123287474, 'total_energy_cost': 20843.49997394456, 'total_demand_cost': 12683.091809573096, 'total_customer_cost': 0.0, 'total_feed_cost': 51330.471420657785, 'total_brine_cost': 16613.383312880957, 'total_chemical_cost': 19398.64262800567, 'total_water_revenue': 0.0, 'total_demand_response_revenue': 0.0, 'total_emissions_cost': 0.0, 'total_op_cost': 120869.08914506208, 'fixed_cost': 121551.98252688172, 'total_cost': 242421.07167194382, 'LCOW': 0.8591018290324702, 'degree_of_flex': 0.12574850299401197, 'total_replacement_cost': 1004.9477757237471, 'maximum_power': 1190.3691213222182, 'energy_capacity': 15685.121948815146, 'power_capacity': 340.980911930764, 'round_trip_efficiency': 0, 'LVOF': 1.1048276225557274}
Saved operation variable results to: /home/rchurchi/watertap_test/watertap/tutorials/flex_ro/wrd_result_summer_both_2_flexible_trains_TOU_8.csv
2026-06-02 12:42:26 [INFO] idaes.core.surrogate.pysmo_surrogate: Decode surrogate. type=poly

===========================Polynomial Regression===============================================

The number of cross-validation cases (3) is used.
The default training/cross-validation split of 0.75 is used.
No iterations will be run.
Default parameter estimation method is used.
Parameter estimation method:  pyomo 

2026-06-02 12:42:26 [INFO] idaes.core.surrogate.pysmo_surrogate: Decode surrogate. type=poly

===========================Polynomial Regression===============================================

The number of cross-validation cases (3) is used.
The default training/cross-validation split of 0.75 is used.
No iterations will be run.
Default parameter estimation method is used.
Parameter estimation method:  pyomo 

2026-06-02 12:42:26 [INFO] idaes.core.surrogate.pysmo_surrogate: Decode surrogate. type=poly

===========================Polynomial Regression===============================================

The number of cross-validation cases (3) is used.
The default training/cross-validation split of 0.75 is used.
No iterations will be run.
Default parameter estimation method is used.
Parameter estimation method:  pyomo 

2026-06-02 12:42:26 [INFO] idaes.core.surrogate.pysmo_surrogate: Decode surrogate. type=poly

===========================Polynomial Regression===============================================

The number of cross-validation cases (3) is used.
The default training/cross-validation split of 0.75 is used.
No iterations will be run.
Default parameter estimation method is used.
Parameter estimation method:  pyomo 

2026-06-02 12:42:28 [INFO] idaes.apps.grid_integration.pricetaker.price_taker_model: Found minimum uptime/downtime data for pretreatment.uf_pumps[1] - Adding minimum uptime/downtime constraints.
2026-06-02 12:42:28 [INFO] idaes.apps.grid_integration.pricetaker.price_taker_model: Created startup/shutdown constraints for operation model  pretreatment.uf_pumps[1] at uf_pumps_1_startup_shutdown.
2026-06-02 12:42:28 [INFO] idaes.apps.grid_integration.pricetaker.price_taker_model: Found minimum uptime/downtime data for pretreatment.uf_pumps[2] - Adding minimum uptime/downtime constraints.
2026-06-02 12:42:28 [INFO] idaes.apps.grid_integration.pricetaker.price_taker_model: Created startup/shutdown constraints for operation model  pretreatment.uf_pumps[2] at uf_pumps_2_startup_shutdown.
2026-06-02 12:42:28 [INFO] idaes.apps.grid_integration.pricetaker.price_taker_model: Found minimum uptime/downtime data for pretreatment.uf_pumps[3] - Adding minimum uptime/downtime constraints.
2026-06-02 12:42:28 [INFO] idaes.apps.grid_integration.pricetaker.price_taker_model: Created startup/shutdown constraints for operation model  pretreatment.uf_pumps[3] at uf_pumps_3_startup_shutdown.
2026-06-02 12:42:28 [INFO] idaes.apps.grid_integration.pricetaker.price_taker_model: Found minimum uptime/downtime data for reverse_osmosis.ro_skid[1] - Adding minimum uptime/downtime constraints.
2026-06-02 12:42:28 [INFO] idaes.apps.grid_integration.pricetaker.price_taker_model: Created startup/shutdown constraints for operation model  reverse_osmosis.ro_skid[1] at ro_skid_1_startup_shutdown.
2026-06-02 12:42:28 [INFO] idaes.apps.grid_integration.pricetaker.price_taker_model: Found minimum uptime/downtime data for reverse_osmosis.ro_skid[2] - Adding minimum uptime/downtime constraints.
2026-06-02 12:42:28 [INFO] idaes.apps.grid_integration.pricetaker.price_taker_model: Created startup/shutdown constraints for operation model  reverse_osmosis.ro_skid[2] at ro_skid_2_startup_shutdown.
2026-06-02 12:42:28 [INFO] idaes.apps.grid_integration.pricetaker.price_taker_model: Found minimum uptime/downtime data for reverse_osmosis.ro_skid[3] - Adding minimum uptime/downtime constraints.
2026-06-02 12:42:28 [INFO] idaes.apps.grid_integration.pricetaker.price_taker_model: Created startup/shutdown constraints for operation model  reverse_osmosis.ro_skid[3] at ro_skid_3_startup_shutdown.
2026-06-02 12:42:28 [INFO] idaes.apps.grid_integration.pricetaker.price_taker_model: Found minimum uptime/downtime data for reverse_osmosis.ro_skid[4] - Adding minimum uptime/downtime constraints.
2026-06-02 12:42:28 [INFO] idaes.apps.grid_integration.pricetaker.price_taker_model: Created startup/shutdown constraints for operation model  reverse_osmosis.ro_skid[4] at ro_skid_4_startup_shutdown.
4270
Set parameter LogToConsole to value 1
Set parameter MIPGap to value 0.02
Gurobi Optimizer version 12.0.3 build v12.0.3rc0 (linux64 - "Red Hat Enterprise Linux 8.8 (Ootpa)")

CPU model: Intel(R) Xeon(R) Platinum 8470QL, instruction set [SSE2|AVX|AVX2|AVX512]
Thread count: 104 physical cores, 104 logical processors, using up to 32 threads

Non-default parameters:
MIPGap  0.02

Optimize a model with 17951 rows, 16373 columns and 48595 nonzeros
Model fingerprint: 0xc01e3e53
Model has 168 quadratic objective terms
Model has 2352 quadratic constraints
Variable types: 11259 continuous, 5114 integer (5114 binary)
Coefficient statistics:
  Matrix range     [5e-04, 2e+03]
  QMatrix range    [2e-07, 1e+00]
  QLMatrix range   [3e-04, 1e+00]
  Objective range  [1e-05, 5e-03]
  QObjective range [2e-04, 2e-04]
  Bounds range     [9e-01, 1e+03]
  RHS range        [5e-02, 3e+05]
  QRHS range       [3e-01, 3e-01]
Presolve removed 8835 rows and 8481 columns
Presolve time: 0.09s
Presolved: 18048 rows, 8175 columns, 49077 nonzeros
Presolved model has 188 SOS constraint(s)
Presolved model has 2312 bilinear constraint(s)

Solving non-convex MIQCP

Variable types: 5336 continuous, 2839 integer (2839 binary)
Found heuristic solution: objective 12.4771252

Root relaxation: unbounded, 0 iterations, 0.01 seconds (0.00 work units)

    Nodes    |    Current Node    |     Objective Bounds      |     Work
 Expl Unexpl |  Obj  Depth IntInf | Incumbent    BestBd   Gap | It/Node Time

     0     2  postponed    0        12.47713          -      -     -    5s
    15    26  postponed    4        12.47713          -      -  7563   11s
    87   144  postponed    7        12.47713          -      -  6942   17s
   153   301  postponed    8        12.47713          -      -  8484   22s
   332   625 infeasible   11        12.47713          -      -  5602   30s
   760  1163  postponed   16        12.47713          -      -  2836   47s
H 1624  1163                      12.4771250          -      -  1718   47s
  1680  1983  postponed   25        12.47712          -      -  1704   69s
  3132  3963  postponed   39        12.47712          -      -  1353   98s
  5825  5495 infeasible   55        12.47712          -      -  1146  121s
  8007  6829 infeasible   71        12.47712          -      -  1069  144s
  9755  9296   11.77507   83 2656   12.47712          -      -  1051  164s
 12712 11258   11.90586  179 2148   12.47712          -      -  1003  181s
 14922 11260   11.90557  318  950   12.47712   10.34433  17.1%   973  194s
 14923 11261   11.10657   82 1013   12.47712   11.10657  11.0%   973  197s
 14925 11262   12.23134  143  893   12.47712   11.78883  5.52%   973  203s
 14926 11263   11.88765  347  710   12.47712   11.88765  4.72%   973  206s
 14927 11264   11.99004   48  790   12.47712   11.99004  3.90%   972  211s
 14929 11265   12.08001  181  801   12.47712   12.00734  3.77%   972  216s
 14932 11267   12.01237   64  831   12.47712   12.01237  3.72%   972  221s
 14935 11269   12.35187  301  765   12.47712   12.01325  3.72%   972  225s
 14941 11273   12.01391   66 1167   12.47712   12.01391  3.71%   972  231s
 14944 11275   12.01404   57 1137   12.47712   12.01404  3.71%   971  242s
 14945 11276   12.01404   59 1137   12.47712   12.01404  3.71%   971  253s
 14946 11279   12.11367   15 2959   12.47712   12.01404  3.71%   979  397s
 14948 11283   12.11816   16 2932   12.47712   12.01524  3.70%   979  402s
 14960 11303   12.28692   18 2864   12.47712   12.01620  3.69%   980  412s
 14976 11328   12.32383   19 2802   12.47712   12.01680  3.69%   982  422s
 15008 11343   12.34587   20 2723   12.47712   12.01913  3.67%   994  429s
 15040 11386   12.35645   21 2689   12.47712   12.01913  3.67%   998  441s
 15115 11439   12.36438   22 2639   12.47712   12.01913  3.67%  1008  455s
 15199 11487   12.39482   23 2570   12.47712   12.01913  3.67%  1017  465s
 15286 11553     cutoff   24        12.47712   12.01913  3.67%  1021  474s
 15390 11588   12.39520   24 2569   12.47712   12.01913  3.67%  1022  484s
 15470 11590   12.39863   26 2528   12.47712   12.01913  3.67%  1029  493s
 15511 11616   12.39958   26 2634   12.47712   12.01913  3.67%  1035  504s
H15513 11050                      12.4771247   12.01913  3.67%  1034  504s
 15555 11091   12.44611   27 2644   12.47712   12.01913  3.67%  1040  515s
H15621 10533                      12.4771246   12.01913  3.67%  1046  515s
 15623 10593     cutoff   28        12.47712   12.01913  3.67%  1046  527s
 15698 10647   12.44495   27 2543   12.47712   12.01913  3.67%  1057  536s
 15790 10700     cutoff   28        12.47712   12.01913  3.67%  1064  544s
 15889 10762   12.38367   34 2617   12.47712   12.01913  3.67%  1072  553s
 15993 10802   12.39819   39 2571   12.47712   12.01913  3.67%  1079  562s
 16085 10878     cutoff   37        12.47712   12.01913  3.67%  1091  572s
 16209 10938     cutoff   39        12.47712   12.01923  3.67%  1094  581s
 16330 11013     cutoff   40        12.47712   12.01923  3.67%  1106  590s
 16462 11028   12.39850   40 2523   12.47712   12.01923  3.67%  1117  601s
 16576 11073   12.34921   44 2034   12.47712   12.01923  3.67%  1132  611s
 16688 11099   12.36923   52 2131   12.47712   12.01923  3.67%  1149  617s
H16764 10564                      12.4771246   12.01923  3.67%  1155  617s
 16777 10645   12.38207   61 1835   12.47712   12.01923  3.67%  1156  630s
 16887 10762   12.39052   67 1876   12.47712   12.01923  3.67%  1170  641s
 17059 10780   12.39753   77 1856   12.47712   12.01923  3.67%  1179  653s
 17199 10855   12.46601   79 1922   12.47712   12.01923  3.67%  1203  664s
 17363 10959   12.47434   82 2021   12.47712   12.01923  3.67%  1222  678s
 17548 11030     cutoff   83        12.47712   12.01923  3.67%  1241  688s
 17708 11160 infeasible   84        12.47712   12.01923  3.67%  1261  698s
 17915 11175   12.47299   85 1814   12.47712   12.01923  3.67%  1272  708s
H17916 10690                      12.4771245   12.01923  3.67%  1272  708s
 18017 10800     cutoff   86        12.47712   12.01923  3.67%  1287  719s
 18183 10903   12.47340   87 1791   12.47712   12.01923  3.67%  1311  731s
 18382 11033   12.34887   92 1841   12.47712   12.01923  3.67%  1329  741s
 18600 11194   12.37804   99 1752   12.47712   12.01923  3.67%  1345  751s
 18869 11276   12.42893  116 1778   12.47712   12.01923  3.67%  1361  763s
 19093 11319   12.44383  119 1730   12.47712   12.01923  3.67%  1382  777s
H19140 10844                      12.4771245   12.01923  3.67%  1386  777s
H19201 10387                      12.4771245   12.01923  3.67%  1392  777s
 19270 10628   12.44555  121 1704   12.47712   12.01923  3.67%  1395  790s
 19562 10884   12.45434  130 1636   12.47712   12.01923  3.67%  1408  803s
 19933 10992   12.46821  132 1675   12.47712   12.02509  3.62%  1414  815s
H20192 10326                      12.4507667   12.04099  3.29%  1419  827s
H20222  8098                      12.3269486   12.04099  2.32%  1422  827s
 20246  8102     cutoff  136        12.32695   12.04099  2.32%  1424  844s
 20569  8329   12.07234   35 2144   12.32695   12.04099  2.32%  1450  865s
H20634  7932                      12.3269484   12.04099  2.32%  1446  865s
 20974  8064   12.09310   54 2109   12.32695   12.04099  2.32%  1459  880s
 21264  8354   12.13722   62 2170   12.32695   12.04099  2.32%  1487  894s
H21352  7970                      12.3269483   12.04099  2.32%  1485  894s
 21682  8242   12.16580   85 2013   12.32695   12.04099  2.32%  1497  909s
H21730  7888                      12.3269481   12.04099  2.32%  1501  909s
H22105  7923                      12.3269478   12.04099  2.32%  1511  926s
H22350  7522                      12.3264565   12.04732  2.26%  1519  926s
 22630  7940   12.19298  100 2080   12.32646   12.04732  2.26%  1518  944s
 23193  8283   12.20375  107 2029   12.32646   12.04732  2.26%  1538  963s
H23346  7942                      12.3264565   12.04800  2.26%  1542  963s
 23799  8221   12.31395  128 1939   12.32646   12.04800  2.26%  1558  981s
H23914  7908                      12.3264564   12.05233  2.22%  1561  981s
 24326  8158     cutoff  132        12.32646   12.05233  2.22%  1587  997s
H24339  7889                      12.3263882   12.05233  2.22%  1592  997s
H24674  7466                      12.3237110   12.05233  2.20%  1611  997s
 24827  7731     cutoff  131        12.32371   12.05415  2.19%  1625 1015s
H24962  7362                      12.3208627   12.05573  2.15%  1649 1016s
 25312  7458   12.06504   27 1913   12.32086   12.05573  2.15%  1665 1036s
H25316  7233                      12.3208626   12.05573  2.15%  1665 1036s
H25327  6260                      12.2979332   12.05573  1.97%  1665 1036s
H25332  6035                      12.2966131   12.05573  1.96%  1665 1036s
H25383  5724                      12.2915807   12.05573  1.92%  1670 1036s
H25488  5488                      12.2875157   12.05573  1.89%  1675 1036s

Cutting planes:
  Learned: 277
  Gomory: 97
  Cover: 423
  Implied bound: 220
  Projected implied bound: 146
  MIR: 378
  StrongCG: 1
  Flow cover: 707
  GUB cover: 9
  Zero half: 6
  Network: 21
  RLT: 1441
  Relax-and-lift: 350

Explored 25646 nodes (43242440 simplex iterations) in 1036.78 seconds (2195.85 work units)
Thread count was 32 (of 104 available processors)

Solution count 10: 12.2875 12.2916 12.2966 ... 12.3265

Optimal solution found (tolerance 2.00e-02)
Best objective 1.228751566609e+01, best bound 1.205829140578e+01, gap 1.8655%
m.flow_changes_penalty(): 2500.0
Total operational cost: 120375.16
Maximum power (kW): 1178.66
Discharge energy capacity (kWh): 12586.33
Charge energy capacity (kWh): 13360.57
Levelized Cost of Flexibility ($/kWh): 1.36
{'fixed_demand_cost': 7426.325327983849, 'variable_demand_cost': 5046.794462018799, 'fixed_monthly_cost': 171938.17204301074, 'total_water_production': 282179.6712328781, 'total_energy_cost': 21285.1004075495, 'total_demand_cost': 12473.11979000265, 'total_customer_cost': 0.0, 'total_feed_cost': 51144.1913440995, 'total_brine_cost': 16112.755607129602, 'total_chemical_cost': 19359.989512119853, 'total_water_revenue': 0.0, 'total_demand_response_revenue': 0.0, 'total_emissions_cost': 0.0, 'total_op_cost': 120375.15666090109, 'fixed_cost': 121551.98252688172, 'total_cost': 241927.13918778283, 'LCOW': 0.8573514106483044, 'degree_of_flex': 0.1437125748502994, 'total_replacement_cost': 1006.7793937839967, 'maximum_power': 1178.6585810964427, 'energy_capacity': 12586.325853030998, 'power_capacity': 466.1602167789258, 'round_trip_efficiency': 0, 'LVOF': 1.3585822738026436}
Saved operation variable results to: /home/rchurchi/watertap_test/watertap/tutorials/flex_ro/wrd_result_summer_both_4_flexible_trains_TOU_8.csv
Saved summary results to: /home/rchurchi/watertap_test/watertap/tutorials/flex_ro/wrd_pricetaker_summary_results_20260602_125949.csv
