2026-06-03 12:02:15 [INFO] idaes.core.surrogate.pysmo_surrogate: Decode surrogate. type=poly

===========================Polynomial Regression===============================================

The number of cross-validation cases (3) is used.
The default training/cross-validation split of 0.75 is used.
No iterations will be run.
Default parameter estimation method is used.
Parameter estimation method:  pyomo 

2026-06-03 12:02:15 [INFO] idaes.core.surrogate.pysmo_surrogate: Decode surrogate. type=poly

===========================Polynomial Regression===============================================

The number of cross-validation cases (3) is used.
The default training/cross-validation split of 0.75 is used.
No iterations will be run.
Default parameter estimation method is used.
Parameter estimation method:  pyomo 

2026-06-03 12:02:15 [INFO] idaes.core.surrogate.pysmo_surrogate: Decode surrogate. type=poly

===========================Polynomial Regression===============================================

The number of cross-validation cases (3) is used.
The default training/cross-validation split of 0.75 is used.
No iterations will be run.
Default parameter estimation method is used.
Parameter estimation method:  pyomo 

2026-06-03 12:02:15 [INFO] idaes.core.surrogate.pysmo_surrogate: Decode surrogate. type=poly

===========================Polynomial Regression===============================================

The number of cross-validation cases (3) is used.
The default training/cross-validation split of 0.75 is used.
No iterations will be run.
Default parameter estimation method is used.
Parameter estimation method:  pyomo 

2026-06-03 12:02:16 [INFO] idaes.apps.grid_integration.pricetaker.price_taker_model: Found minimum uptime/downtime data for pretreatment.uf_pumps[1] - Adding minimum uptime/downtime constraints.
2026-06-03 12:02:16 [INFO] idaes.apps.grid_integration.pricetaker.price_taker_model: Created startup/shutdown constraints for operation model  pretreatment.uf_pumps[1] at uf_pumps_1_startup_shutdown.
2026-06-03 12:02:16 [INFO] idaes.apps.grid_integration.pricetaker.price_taker_model: Found minimum uptime/downtime data for pretreatment.uf_pumps[2] - Adding minimum uptime/downtime constraints.
2026-06-03 12:02:16 [INFO] idaes.apps.grid_integration.pricetaker.price_taker_model: Created startup/shutdown constraints for operation model  pretreatment.uf_pumps[2] at uf_pumps_2_startup_shutdown.
2026-06-03 12:02:16 [INFO] idaes.apps.grid_integration.pricetaker.price_taker_model: Found minimum uptime/downtime data for pretreatment.uf_pumps[3] - Adding minimum uptime/downtime constraints.
2026-06-03 12:02:16 [INFO] idaes.apps.grid_integration.pricetaker.price_taker_model: Created startup/shutdown constraints for operation model  pretreatment.uf_pumps[3] at uf_pumps_3_startup_shutdown.
2026-06-03 12:02:16 [INFO] idaes.apps.grid_integration.pricetaker.price_taker_model: Found minimum uptime/downtime data for reverse_osmosis.ro_skid[1] - Adding minimum uptime/downtime constraints.
2026-06-03 12:02:16 [INFO] idaes.apps.grid_integration.pricetaker.price_taker_model: Created startup/shutdown constraints for operation model  reverse_osmosis.ro_skid[1] at ro_skid_1_startup_shutdown.
2026-06-03 12:02:16 [INFO] idaes.apps.grid_integration.pricetaker.price_taker_model: Found minimum uptime/downtime data for reverse_osmosis.ro_skid[2] - Adding minimum uptime/downtime constraints.
2026-06-03 12:02:16 [INFO] idaes.apps.grid_integration.pricetaker.price_taker_model: Created startup/shutdown constraints for operation model  reverse_osmosis.ro_skid[2] at ro_skid_2_startup_shutdown.
2026-06-03 12:02:16 [INFO] idaes.apps.grid_integration.pricetaker.price_taker_model: Found minimum uptime/downtime data for reverse_osmosis.ro_skid[3] - Adding minimum uptime/downtime constraints.
2026-06-03 12:02:16 [INFO] idaes.apps.grid_integration.pricetaker.price_taker_model: Created startup/shutdown constraints for operation model  reverse_osmosis.ro_skid[3] at ro_skid_3_startup_shutdown.
2026-06-03 12:02:16 [INFO] idaes.apps.grid_integration.pricetaker.price_taker_model: Found minimum uptime/downtime data for reverse_osmosis.ro_skid[4] - Adding minimum uptime/downtime constraints.
2026-06-03 12:02:16 [INFO] idaes.apps.grid_integration.pricetaker.price_taker_model: Created startup/shutdown constraints for operation model  reverse_osmosis.ro_skid[4] at ro_skid_4_startup_shutdown.
3692
Set parameter TokenServer to value "10.60.1.73"
Set parameter LogToConsole to value 1
Set parameter MIPGap to value 0.01
Gurobi Optimizer version 12.0.3 build v12.0.3rc0 (linux64 - "Red Hat Enterprise Linux 8.8 (Ootpa)")

CPU model: Intel(R) Xeon(R) Platinum 8470QL, instruction set [SSE2|AVX|AVX2|AVX512]
Thread count: 104 physical cores, 104 logical processors, using up to 32 threads

Non-default parameters:
MIPGap  0.01

Optimize a model with 17951 rows, 15795 columns and 46323 nonzeros
Model fingerprint: 0x83138a77
Model has 168 quadratic objective terms
Model has 2352 quadratic constraints
Variable types: 11259 continuous, 4536 integer (4536 binary)
Coefficient statistics:
  Matrix range     [5e-04, 2e+03]
  QMatrix range    [2e-07, 1e+00]
  QLMatrix range   [3e-04, 1e+00]
  Objective range  [9e-06, 5e-03]
  QObjective range [2e-04, 2e-04]
  Bounds range     [9e-01, 1e+03]
  RHS range        [5e-02, 3e+05]
  QRHS range       [3e-01, 3e-01]
Presolve removed 10400 rows and 8574 columns
Presolve time: 0.16s
Presolved: 16455 rows, 7222 columns, 45743 nonzeros
Presolved model has 2352 bilinear constraint(s)

Solving non-convex MIQCP

Variable types: 5078 continuous, 2144 integer (2144 binary)
Found heuristic solution: objective 11.5714107

Root relaxation: objective 1.049108e+01, 24506 iterations, 3.99 seconds (6.03 work units)

    Nodes    |    Current Node    |     Objective Bounds      |     Work
 Expl Unexpl |  Obj  Depth IntInf | Incumbent    BestBd   Gap | It/Node Time

     0     0   10.49108    0 2520   11.57141   10.49108  9.34%     -    4s
H    0     0                      11.5714105   10.49108  9.34%     -    4s
     0     0   11.34487    0 2424   11.57141   11.34487  1.96%     -   10s
     0     0   11.35238    0 2435   11.57141   11.35238  1.89%     -   10s
     0     0   11.35925    0 2605   11.57141   11.35925  1.83%     -   12s
     0     0   11.36270    0 2596   11.57141   11.36270  1.80%     -   13s
     0     0   11.36543    0 2600   11.57141   11.36543  1.78%     -   14s
     0     0   11.36940    0 2605   11.57141   11.36940  1.75%     -   15s
     0     0   11.37170    0 2608   11.57141   11.37170  1.73%     -   15s
     0     0   11.37222    0 2616   11.57141   11.37222  1.72%     -   16s
     0     0   11.37303    0 2616   11.57141   11.37303  1.71%     -   16s
     0     0   11.37306    0 2621   11.57141   11.37306  1.71%     -   16s
     0     0   11.37312    0 2623   11.57141   11.37312  1.71%     -   16s
     0     0   11.41485    0 2604   11.57141   11.41485  1.35%     -   20s
     0     2   11.41485    0 2378   11.57141   11.41485  1.35%     -   24s
     1     4   11.43539    1 2386   11.57141   11.41485  1.35%  1573   25s
    15    32   11.43820    4 2572   11.57141   11.41895  1.32%  1399   32s
    95   179   11.44194    7 2567   11.57141   11.41936  1.31%  1160   40s
   178   293   11.44808   10 2543   11.57141   11.41936  1.31%   989   46s
   292   378   11.44810   11 2554   11.57141   11.41936  1.31%   851   51s
   377   453   11.45061   12 2554   11.57141   11.41936  1.31%   788   59s
   452   544   11.45471   13 2544   11.57141   11.41936  1.31%   851   65s
   545   626   11.45498   14 2532   11.57141   11.41936  1.31%   912   72s
   627   701   11.45888   15 2517   11.57141   11.41936  1.31%   964   78s
   702   798   11.45976   16 2505   11.57141   11.41936  1.31%   993   84s
   799   887   11.46087   18 2503   11.57141   11.41936  1.31%   944   88s
   990  1103   11.46347   25 2469   11.57141   11.41936  1.31%   880   96s
  1255  1394   11.46493   34 2466   11.57141   11.41936  1.31%   755  104s
  1403  1556   11.46602   40 2481   11.57141   11.41936  1.31%   732  108s
  1566  1670   11.46945   44 2461   11.57141   11.41936  1.31%   697  114s
  1688  1827   11.47256   47 2407   11.57141   11.41936  1.31%   703  117s
  1847  2023   11.47408   58 2422   11.57141   11.41936  1.31%   693  124s
  2047  2236   11.47510   70 2441   11.57141   11.41990  1.31%   687  131s
  2262  2431   11.47595   79 2403   11.57141   11.41990  1.31%   676  139s
  2457  2575   11.47707   93 2318   11.57141   11.41990  1.31%   678  145s
  2607  2813   11.47915   99 2300   11.57141   11.41990  1.31%   689  150s
  2853  3133   11.48004  107 2292   11.57141   11.41990  1.31%   680  156s
  3175  3513   11.48120  117 2295   11.57141   11.42002  1.31%   665  162s
  3569  3880   11.48261  137 2287   11.57141   11.42002  1.31%   624  170s
H 3903  3761                      11.5524193   11.42002  1.15%   596  170s
  3938  4095   11.48500  156 2255   11.55242   11.42002  1.15%   594  177s
H 4209  4095                      11.5524193   11.42002  1.15%   580  177s
  4340  4543   11.48620  181 2194   11.55242   11.42002  1.15%   581  181s
H 4560  4543                      11.5524193   11.42002  1.15%   562  181s
  4793  5136   11.48745  209 2239   11.55242   11.42002  1.15%   561  187s
  5390  5813   11.48840  239 2108   11.55242   11.42002  1.15%   540  193s
H 6087  6129                      11.5524190   11.42002  1.15%   515  198s
H 6089  6129                      11.5524052   11.42002  1.15%   515  198s
H 6401  6129                      11.5524052   11.42002  1.15%   512  198s
  6417  6822   11.48937  274 2166   11.55241   11.42002  1.15%   511  204s
  7132  7597   11.49043  314 2163   11.55241   11.42002  1.15%   491  216s
  7917  7837   11.49092  359 2181   11.55241   11.42002  1.15%   474  223s
H 7919  7837                      11.5524038   11.42002  1.15%   474  223s
H 8123  7837                      11.5524038   11.42002  1.15%   474  223s
  8165  8825   11.49144  360 2179   11.55240   11.42002  1.15%   477  229s
H 9161  9274                      11.5524031   11.42002  1.15%   445  235s
  9612  9879   11.49333  466 2088   11.55240   11.42016  1.14%   432  243s
 10227 10437   11.49334  468 2049   11.55240   11.42016  1.14%   430  249s
 10789 11057   11.49534  470 2011   11.55240   11.42016  1.14%   423  256s
H10875 11057                      11.5524029   11.42016  1.14%   421  256s
 11419 11689   11.50395  534 2029   11.55240   11.42016  1.14%   420  262s
 12064 12571   11.50659  568 1944   11.55240   11.42021  1.14%   417  268s
 12958 12692   11.51405  625 1850   11.55240   11.42025  1.14%   409  278s
H13056 10309                      11.5176040   11.42025  0.85%   416  278s

Cutting planes:
  Learned: 29
  Gomory: 45
  Cover: 137
  Implied bound: 199
  MIR: 20
  Flow cover: 107
  RLT: 1563
  Relax-and-lift: 331

Explored 13083 nodes (5546429 simplex iterations) in 278.27 seconds (516.49 work units)
Thread count was 32 (of 104 available processors)

Solution count 10: 11.5176 11.5524 11.5524 ... 11.5714

Optimal solution found (tolerance 1.00e-02)
Best objective 1.151760400899e+01, best bound 1.142024600043e+01, gap 0.8453%
m.flow_changes_penalty(): 50.0
Total operational cost: 115126.04
Maximum power (kW): 1105.37
Discharge energy capacity (kWh): 0.00
Charge energy capacity (kWh): 4261.88
Levelized Cost of Flexibility ($/kWh): nan
{'fixed_demand_cost': 6964.5543408241465, 'variable_demand_cost': 2538.204164825116, 'fixed_monthly_cost': 171938.17204301074, 'total_water_production': 282179.67123286607, 'total_energy_cost': 20178.596460829845, 'total_demand_cost': 9502.758505649263, 'total_customer_cost': 0.0, 'total_feed_cost': 50843.22822729094, 'total_brine_cost': 15303.917230712186, 'total_chemical_cost': 19297.539665381715, 'total_water_revenue': 0.0, 'total_demand_response_revenue': -0.0, 'total_emissions_cost': 0.0, 'total_op_cost': 115126.04008986396, 'fixed_cost': 121551.98252688172, 'total_cost': 236678.02261674567, 'LCOW': 0.8387493740519295, 'degree_of_flex': 0.0, 'total_replacement_cost': 992.3107078853046, 'maximum_power': 1105.3692606751, 'energy_capacity': 0.0, 'power_capacity': nan, 'round_trip_efficiency': 0, 'LVOF': nan}
Saved operation variable results to: /home/rchurchi/watertap_test/watertap/tutorials/flex_ro/wrd_result_winter_both_2_flexible_trains_TOU_8.csv
2026-06-03 12:06:58 [INFO] idaes.core.surrogate.pysmo_surrogate: Decode surrogate. type=poly

===========================Polynomial Regression===============================================

The number of cross-validation cases (3) is used.
The default training/cross-validation split of 0.75 is used.
No iterations will be run.
Default parameter estimation method is used.
Parameter estimation method:  pyomo 

2026-06-03 12:06:58 [INFO] idaes.core.surrogate.pysmo_surrogate: Decode surrogate. type=poly

===========================Polynomial Regression===============================================

The number of cross-validation cases (3) is used.
The default training/cross-validation split of 0.75 is used.
No iterations will be run.
Default parameter estimation method is used.
Parameter estimation method:  pyomo 

2026-06-03 12:06:58 [INFO] idaes.core.surrogate.pysmo_surrogate: Decode surrogate. type=poly

===========================Polynomial Regression===============================================

The number of cross-validation cases (3) is used.
The default training/cross-validation split of 0.75 is used.
No iterations will be run.
Default parameter estimation method is used.
Parameter estimation method:  pyomo 

2026-06-03 12:06:58 [INFO] idaes.core.surrogate.pysmo_surrogate: Decode surrogate. type=poly

===========================Polynomial Regression===============================================

The number of cross-validation cases (3) is used.
The default training/cross-validation split of 0.75 is used.
No iterations will be run.
Default parameter estimation method is used.
Parameter estimation method:  pyomo 

2026-06-03 12:07:00 [INFO] idaes.apps.grid_integration.pricetaker.price_taker_model: Found minimum uptime/downtime data for pretreatment.uf_pumps[1] - Adding minimum uptime/downtime constraints.
2026-06-03 12:07:00 [INFO] idaes.apps.grid_integration.pricetaker.price_taker_model: Created startup/shutdown constraints for operation model  pretreatment.uf_pumps[1] at uf_pumps_1_startup_shutdown.
2026-06-03 12:07:00 [INFO] idaes.apps.grid_integration.pricetaker.price_taker_model: Found minimum uptime/downtime data for pretreatment.uf_pumps[2] - Adding minimum uptime/downtime constraints.
2026-06-03 12:07:00 [INFO] idaes.apps.grid_integration.pricetaker.price_taker_model: Created startup/shutdown constraints for operation model  pretreatment.uf_pumps[2] at uf_pumps_2_startup_shutdown.
2026-06-03 12:07:00 [INFO] idaes.apps.grid_integration.pricetaker.price_taker_model: Found minimum uptime/downtime data for pretreatment.uf_pumps[3] - Adding minimum uptime/downtime constraints.
2026-06-03 12:07:00 [INFO] idaes.apps.grid_integration.pricetaker.price_taker_model: Created startup/shutdown constraints for operation model  pretreatment.uf_pumps[3] at uf_pumps_3_startup_shutdown.
2026-06-03 12:07:00 [INFO] idaes.apps.grid_integration.pricetaker.price_taker_model: Found minimum uptime/downtime data for reverse_osmosis.ro_skid[1] - Adding minimum uptime/downtime constraints.
2026-06-03 12:07:00 [INFO] idaes.apps.grid_integration.pricetaker.price_taker_model: Created startup/shutdown constraints for operation model  reverse_osmosis.ro_skid[1] at ro_skid_1_startup_shutdown.
2026-06-03 12:07:00 [INFO] idaes.apps.grid_integration.pricetaker.price_taker_model: Found minimum uptime/downtime data for reverse_osmosis.ro_skid[2] - Adding minimum uptime/downtime constraints.
2026-06-03 12:07:00 [INFO] idaes.apps.grid_integration.pricetaker.price_taker_model: Created startup/shutdown constraints for operation model  reverse_osmosis.ro_skid[2] at ro_skid_2_startup_shutdown.
2026-06-03 12:07:00 [INFO] idaes.apps.grid_integration.pricetaker.price_taker_model: Found minimum uptime/downtime data for reverse_osmosis.ro_skid[3] - Adding minimum uptime/downtime constraints.
2026-06-03 12:07:00 [INFO] idaes.apps.grid_integration.pricetaker.price_taker_model: Created startup/shutdown constraints for operation model  reverse_osmosis.ro_skid[3] at ro_skid_3_startup_shutdown.
2026-06-03 12:07:00 [INFO] idaes.apps.grid_integration.pricetaker.price_taker_model: Found minimum uptime/downtime data for reverse_osmosis.ro_skid[4] - Adding minimum uptime/downtime constraints.
2026-06-03 12:07:00 [INFO] idaes.apps.grid_integration.pricetaker.price_taker_model: Created startup/shutdown constraints for operation model  reverse_osmosis.ro_skid[4] at ro_skid_4_startup_shutdown.
3598
Set parameter LogToConsole to value 1
Set parameter MIPGap to value 0.01
Gurobi Optimizer version 12.0.3 build v12.0.3rc0 (linux64 - "Red Hat Enterprise Linux 8.8 (Ootpa)")

CPU model: Intel(R) Xeon(R) Platinum 8470QL, instruction set [SSE2|AVX|AVX2|AVX512]
Thread count: 104 physical cores, 104 logical processors, using up to 32 threads

Non-default parameters:
MIPGap  0.01

Optimize a model with 17951 rows, 15701 columns and 45581 nonzeros
Model fingerprint: 0x5a2d9444
Model has 168 quadratic objective terms
Model has 2352 quadratic constraints
Variable types: 11259 continuous, 4442 integer (4442 binary)
Coefficient statistics:
  Matrix range     [5e-04, 2e+03]
  QMatrix range    [2e-07, 1e+00]
  QLMatrix range   [3e-04, 1e+00]
  Objective range  [1e-05, 5e-03]
  QObjective range [2e-04, 2e-04]
  Bounds range     [9e-01, 1e+03]
  RHS range        [5e-02, 3e+05]
  QRHS range       [3e-01, 3e-01]
Presolve removed 10679 rows and 8689 columns
Presolve time: 0.07s
Presolved: 16016 rows, 7013 columns, 44614 nonzeros
Presolved model has 2312 bilinear constraint(s)

Solving non-convex MIQCP

Variable types: 4948 continuous, 2065 integer (2065 binary)
Found heuristic solution: objective 12.4771252

Root simplex log...

Iteration    Objective       Primal Inf.    Dual Inf.      Time
   23888    1.1182216e+01   2.089492e+02   0.000000e+00      5s
   25953    1.1135050e+01   0.000000e+00   0.000000e+00      6s

Root relaxation: objective 1.113505e+01, 25953 iterations, 5.44 seconds (8.29 work units)

    Nodes    |    Current Node    |     Objective Bounds      |     Work
 Expl Unexpl |  Obj  Depth IntInf | Incumbent    BestBd   Gap | It/Node Time

     0     0   11.13505    0 2364   12.47713   11.13505  10.8%     -    5s
H    0     0                      12.4771250   11.13505  10.8%     -    5s
     0     0   11.88031    0 2632   12.47712   11.88031  4.78%     -    9s
     0     0   11.98537    0 2500   12.47712   11.98537  3.94%     -    9s
     0     0   12.01216    0 2707   12.47712   12.01216  3.73%     -   10s
     0     0   12.01329    0 2733   12.47712   12.01329  3.72%     -   10s
     0     0   12.02460    0 2723   12.47712   12.02460  3.63%     -   12s
     0     0   12.03368    0 2784   12.47712   12.03368  3.55%     -   12s
     0     0   12.03761    0 2751   12.47712   12.03761  3.52%     -   13s
     0     0   12.03803    0 2771   12.47712   12.03803  3.52%     -   13s
     0     0   12.04090    0 2756   12.47712   12.04090  3.50%     -   14s
     0     0   12.04099    0 2774   12.47712   12.04099  3.50%     -   14s
     0     0   12.04646    0 2774   12.47712   12.04646  3.45%     -   14s
     0     0   12.04745    0 2769   12.47712   12.04745  3.44%     -   14s
     0     0   12.04925    0 2697   12.47712   12.04925  3.43%     -   15s
     0     0   12.05384    0 2735   12.47712   12.05384  3.39%     -   15s
     0     0   12.05410    0 2736   12.47712   12.05410  3.39%     -   15s
     0     0   12.05422    0 2730   12.47712   12.05422  3.39%     -   15s
     0     0   12.05428    0 2731   12.47712   12.05428  3.39%     -   15s
     0     0   12.05429    0 2731   12.47712   12.05429  3.39%     -   15s
     0     0   12.05429    0 2732   12.47712   12.05429  3.39%     -   16s
     0     0   12.05859    0 2723   12.47712   12.05859  3.35%     -   17s
     0     2   12.05859    0 2722   12.47712   12.05859  3.35%     -   19s
     7    16   12.09531    3 2664   12.47712   12.06349  3.32%   914   20s
    31    64   12.10792    5 2643   12.47712   12.06710  3.29%  2294   27s
    95   159   12.11277    7 2587   12.47712   12.06952  3.27%  1527   31s
   158   291   12.11316    9 2580   12.47712   12.06952  3.27%  1033   38s
   290   394   12.12251   13 2575   12.47712   12.06952  3.27%  1066   43s
   393   484   12.11627   14 2537   12.47712   12.06952  3.27%  1007   47s
   483   564   12.11685   15 2506   12.47712   12.06952  3.27%  1035   52s
   563   663   12.12043   16 2539   12.47712   12.06952  3.27%  1075   56s
   662   759   12.12477   16 2445   12.47712   12.06952  3.27%  1030   60s
   857   956   12.12607   18 2508   12.47712   12.06952  3.27%   979   68s
   955  1063   12.13104   20 2490   12.47712   12.06952  3.27%   948   72s
  1062  1180   12.13198   22 2487   12.47712   12.06952  3.27%   942   76s
  1179  1319   12.13328   24 2460   12.47712   12.06952  3.27%   935   80s
  1467  1666   12.14154   29 2408   12.47712   12.06952  3.27%   913   90s
  1863  2104   12.14605   40 2376   12.47712   12.06952  3.27%   838   97s
  2103  2377   12.14740   42 2378   12.47712   12.06952  3.27%   779  102s
  2376  2644   12.15235   51 2369   12.47712   12.06952  3.27%   738  107s
  2643  2900   12.15494   57 2381   12.47712   12.06952  3.27%   713  111s
  3107  3322   12.15840   63 2261   12.47712   12.06952  3.27%   674  118s
  3329  3587   12.16584   70 2224   12.47712   12.06952  3.27%   679  122s
  3594  3881   12.16969   77 2140   12.47712   12.06952  3.27%   688  126s
  3888  4239   12.17470   83 2163   12.47712   12.06952  3.27%   675  130s
  4536  4928   12.18466  121 2021   12.47712   12.06952  3.27%   685  137s
  4935  5248   12.18737  140 2050   12.47712   12.06952  3.27%   671  141s
  5263  5734   12.19242  171 2099   12.47712   12.06952  3.27%   682  145s
  6251  6747   12.21083  222 2136   12.47712   12.07294  3.24%   641  153s
  6794  7317   12.22435  241 2130   12.47712   12.07382  3.23%   623  157s
  7372  7906   12.23807  261 2053   12.47712   12.07382  3.23%   606  160s
  7965  8213   12.24250  281 2082   12.47712   12.07382  3.23%   591  165s
  9045  9654   12.25623  321 2036   12.47712   12.07382  3.23%   573  173s
  9729 10532   12.26689  345 1997   12.47712   12.07382  3.23%   568  177s
 10621 11312   12.27972  403 2033   12.47712   12.07382  3.23%   546  180s
 11403 12209   12.29623  421 2011   12.47712   12.07382  3.23%   534  186s
 12308 13181   12.30699  473 2053   12.47712   12.07445  3.23%   520  190s
 13280 14160   12.31764  521 2022   12.47712   12.07445  3.23%   505  195s
H14273 14187                      12.4771245   12.07445  3.23%   496  198s
H14285 14187                      12.4771245   12.07445  3.23%   496  198s
 14302 14633   12.31914  605 2020   12.47712   12.07445  3.23%   498  202s
H14754 14384                      12.4557784   12.07466  3.06%   496  206s
H14754 14066                      12.4357784   12.07466  2.90%   496  206s
H14754 13694                      12.4061566   12.07466  2.67%   496  206s
H14754 12499                      12.3450241   12.07466  2.19%   496  207s
H14754 11253                      12.3169089   12.07466  1.97%   496  208s
H14754 11005                      12.3119306   12.07466  1.93%   496  208s
H14754 10499                      12.3014664   12.07466  1.84%   496  209s
H14754 10499                      12.3014664   12.07466  1.84%   496  212s
 14755 10414   12.26269  295  529   12.30147   12.07466  1.84%   496  224s
 14757 10415   12.13204   49  491   12.30147   12.07466  1.84%   496  231s
 14758 10416   12.22561  120  512   12.30147   12.07466  1.84%   495  235s
H14759  9896                      12.3014663   12.07466  1.84%   495  239s
 14762  9898   12.14522   45  551   12.30147   12.07466  1.84%   495  241s
 14768  9902   12.14332   89  572   12.30147   12.07492  1.84%   495  245s
 14775  9906   12.23042   76  584   12.30147   12.08266  1.78%   495  250s
H14779  9413                      12.3014663   12.08293  1.78%   495  253s
 14784  9416   12.10758   13  573   12.30147   12.08309  1.78%   495  255s
 14792  9422   12.27200  150  583   12.30147   12.08325  1.77%   494  263s
 14793  9422   12.11257   45  583   12.30147   12.08325  1.77%   494  265s
 14794  9426   12.10713   11 2686   12.30147   12.08325  1.77%   498  374s
 14796  9429   12.10750   12 2676   12.30147   12.08325  1.77%   498  381s
 14808  9449   12.11706   14 2622   12.30147   12.08938  1.72%   500  386s
 14856  9497   12.13599   16 2447   12.30147   12.10323  1.61%   505  390s
 14888  9581   12.14088   17 2469   12.30147   12.10323  1.61%   507  398s
 14982  9624   12.15434   19 2400   12.30147   12.10323  1.61%   513  402s
 15057  9678   12.15981   20 2467   12.30147   12.10323  1.61%   517  407s
H15063  9204                      12.3014663   12.10323  1.61%   518  407s
H15074  8753                      12.3014662   12.10323  1.61%   519  407s
H15102  8317                      12.3014662   12.10323  1.61%   522  407s
H15130  7904                      12.3014661   12.10323  1.61%   522  407s
 15136  7974   12.16522   21 2493   12.30147   12.10323  1.61%   522  411s
 15208  8034   12.16797   22 2471   12.30147   12.10323  1.61%   527  416s
 15292  8078   12.17168   23 2473   12.30147   12.10323  1.61%   532  422s
 15364  8141   12.17221   24 2468   12.30147   12.10323  1.61%   535  427s
 15451  8195   12.17513   25 2447   12.30147   12.10323  1.61%   542  432s
 15534  8241   12.17719   26 2453   12.30147   12.10323  1.61%   547  439s
 15608  8293   12.17918   27 2446   12.30147   12.10323  1.61%   551  445s
 15684  8343   12.17835   28 2443   12.30147   12.10323  1.61%   552  450s
 15760  8398   12.18662   29 2451   12.30147   12.10323  1.61%   556  455s
 15840  8454   12.19333   30 2508   12.30147   12.10323  1.61%   559  462s
 15923  8520   12.18935   31 2454   12.30147   12.10323  1.61%   564  467s
 16017  8576   12.18440   33 2389   12.30147   12.10323  1.61%   567  472s
 16107  8657   12.18662   34 2376   12.30147   12.10323  1.61%   574  477s
 16220  8692   12.19001   36 2356   12.30147   12.10323  1.61%   575  484s
H16223  8306                      12.3014661   12.10323  1.61%   576  484s
H16228  7939                      12.2931278   12.10323  1.54%   576  484s
H16256  7583                      12.2930561   12.10323  1.54%   577  484s
H16257  7253                      12.2928733   12.10323  1.54%   577  484s
 16297  7350   12.19103   38 2359   12.29287   12.10323  1.54%   577  490s
 16409  7424   12.19376   39 2346   12.29287   12.10463  1.53%   581  495s
 16529  7522   12.19781   42 2308   12.29287   12.10463  1.53%   585  501s
 16668  7626   12.20165   42 2340   12.29287   12.10463  1.53%   588  507s
 16819  7737   12.20221   44 2294   12.29287   12.10463  1.53%   589  513s
 16980  7823   12.20623   46 2281   12.29287   12.10463  1.53%   593  517s
 17123  7940   12.20722   49 2310   12.29287   12.10463  1.53%   596  522s
 17301  7936   12.20820   50 2290   12.29287   12.10464  1.53%   598  526s
H17307  7621                      12.2928411   12.10464  1.53%   599  526s
 17363  7762   12.20980   50 2275   12.29284   12.10464  1.53%   600  532s
 17533  7873   12.21365   53 2243   12.29284   12.10565  1.52%   607  536s
 17705  7995   12.21656   55 2153   12.29284   12.10565  1.52%   613  541s
 17900  8129   12.21827   55 2181   12.29284   12.10575  1.52%   616  546s
 18107  8251   12.22108   58 2104   12.29284   12.10687  1.51%   619  550s
 18306  8378   12.22233   59 2095   12.29284   12.10730  1.51%   623  556s
 18510  8425   12.22282   60 2143   12.29284   12.10730  1.51%   630  562s
 18645  8753   12.22341   61 2098   12.29284   12.10730  1.51%   633  567s
 19037  9060   12.23951   69 2068   12.29284   12.10730  1.51%   637  572s
 19485  9402   12.24578   74 1999   12.29284   12.10931  1.49%   638  578s
 19991  9266   12.25689   88 1977   12.29284   12.11034  1.48%   636  581s
 20023  9368   12.25388   89 1984   12.29284   12.11034  1.48%   637  587s
 20136  9768   12.25695   89 1987   12.29284   12.11034  1.48%   637  593s
 20590 10159   12.28281  101 1956   12.29284   12.11034  1.48%   637  600s
 21150 10561   12.27805  107 2008   12.29284   12.11034  1.48%   635  607s
 21773 10911   12.28379  113 1946   12.29284   12.11034  1.48%   636  613s
 22352 11156   12.28941  114 1976   12.29284   12.11034  1.48%   639  619s
 22826 11446   12.28650  116 1913   12.29284   12.11034  1.48%   646  625s
 23316 11697   12.29003  118 1887   12.29284   12.11194  1.47%   659  631s
 23819 12116     cutoff  118        12.29284   12.11295  1.46%   669  638s
 24449 12533   12.16440   34 2304   12.29284   12.11295  1.46%   676  648s
 25154 12799   12.21095   44 2246   12.29284   12.11295  1.46%   683  656s
 25714 13244   12.22842   50 2334   12.29284   12.11295  1.46%   691  665s
 26440 13753   12.29237   76 2177   12.29284   12.11295  1.46%   697  672s
 27265 14312     cutoff   79        12.29284   12.11295  1.46%   701  679s
 28185 14639   12.14374   22 2559   12.29284   12.11582  1.44%   703  688s
 28926 15078   12.16357   41 2300   12.29284   12.11582  1.44%   717  696s
 29700 15498   12.20851   82 2255   12.29284   12.11708  1.43%   720  708s
 30450 15305   12.24876  101 2233   12.29284   12.12007  1.41%   729  714s
 30546 15975   12.25266  104 2207   12.29284   12.12007  1.41%   733  723s
 31332 16550     cutoff  134        12.29284   12.12123  1.40%   738  732s
 32280 16715   12.16090   25 2371   12.29284   12.12123  1.40%   745  742s
 32913 16904   12.18368   34 2385   12.29284   12.12128  1.40%   762  752s
 33376 17562   12.25791   57 2200   12.29284   12.12140  1.39%   781  762s
 34140 18178     cutoff   78        12.29284   12.12140  1.39%   797  773s
 34878 18674     cutoff   81        12.29284   12.12300  1.38%   813  784s
 35470 19990   12.14325   27 2121   12.29284   12.12300  1.38%   821  796s
 36873 20413   12.18538   61 2313   12.29284   12.12492  1.37%   821  806s
 37420 21500   12.20014   68 2201   12.29284   12.12505  1.36%   836  820s
 38593 22756   12.21862   87 2237   12.29284   12.12547  1.36%   843  834s
H39243 22756                      12.2928396   12.12547  1.36%   844  834s
 39997 23280   12.24360  111 2127   12.29284   12.12577  1.36%   845  845s
H40101 23280                      12.2928396   12.12577  1.36%   845  845s
H40228 23280                      12.2928396   12.12577  1.36%   845  845s
H40366 23280                      12.2928395   12.12577  1.36%   846  845s
 40565 24841   12.25182  129 2181   12.29284   12.12577  1.36%   846  857s
 42194 25815   12.26718  170 2130   12.29284   12.12591  1.36%   843  871s
 43292 26871   12.28442  192 2118   12.29284   12.12724  1.35%   851  884s
 44446 28401   12.29214  200 2183   12.29284   12.12724  1.35%   862  898s
H44782 28401                      12.2928395   12.12724  1.35%   863  898s
H45169 28401                      12.2928395   12.12724  1.35%   864  898s
 46060 29442   12.17253   51 2195   12.29284   12.12724  1.35%   864  911s
 47297 30368   12.20541   79 2016   12.29284   12.12724  1.35%   878  925s
 48365 31706   12.22259  111 2020   12.29284   12.12724  1.35%   892  941s
H49072 31706                      12.2928394   12.12724  1.35%   894  941s
H49379 31706                      12.2928394   12.12724  1.35%   901  941s
 49887 32916   12.25124  190 2084   12.29284   12.12724  1.35%   902  955s
 51303 34200   12.28634  349 1920   12.29284   12.12931  1.33%   916  970s
 52788 35698   12.28723  377 1892   12.29284   12.12973  1.33%   928  987s
 54455 37506   12.22274   53 2287   12.29284   12.12986  1.33%   929 1007s
 56441 38920   12.29090   95 2127   12.29284   12.12986  1.33%   936 1024s
H58157 38920                      12.2928391   12.12986  1.33%   947 1154s
 58158 38921   12.18068   49  529   12.29284   12.12986  1.33%   947 1172s
 58160 38922   12.14419   33  476   12.29284   12.12986  1.33%   947 1177s
 58161 38923   12.25538   62  590   12.29284   12.12986  1.33%   947 1182s
 58162 38924   12.27193  120  617   12.29284   12.12986  1.33%   947 1186s
 58163 38924   12.26618  159  605   12.29284   12.12986  1.33%   947 1198s
 58164 38925   12.19984   62  640   12.29284   12.12986  1.33%   947 1205s
 58165 38926   12.17091   31  630   12.29284   12.12986  1.33%   947 1212s
 58166 38926   12.22485   94  634   12.29284   12.12986  1.33%   947 1219s
 58167 38927   12.28434  140  620   12.29284   12.12986  1.33%   947 1231s
 58168 38928   12.26478   71  622   12.29284   12.12986  1.33%   947 1237s
 58169 38928   12.25044   63  643   12.29284   12.12986  1.33%   947 1243s
 58170 38929   12.28028  134  628   12.29284   12.12986  1.33%   947 1250s
 58171 38930   12.26353  201  636   12.29284   12.12986  1.33%   947 1256s
 58172 38930   12.26886  112  635   12.29284   12.12986  1.33%   947 1262s
 58173 38931   12.17752   42  640   12.29284   12.12986  1.33%   947 1270s
 58174 38932   12.27928  140  647   12.29284   12.12986  1.33%   947 1275s
 58175 38932   12.28128  146  641   12.29284   12.12986  1.33%   946 1281s
 58176 38933   12.18484   51  640   12.29284   12.12986  1.33%   946 1288s
 58177 38934   12.19498   44  644   12.29284   12.12986  1.33%   946 1295s
 58178 38934   12.26214  215  646   12.29284   12.12986  1.33%   946 1300s
 58179 38935   12.27027  155  644   12.29284   12.12986  1.33%   946 1307s
 58180 38936   12.25792  142  643   12.29284   12.12986  1.33%   946 1313s
 58181 38936   12.16357   24  635   12.29284   12.12986  1.33%   946 1323s
 58182 38937   12.27096  155  638   12.29284   12.12986  1.33%   946 1329s
 58183 38938   12.16939   51  643   12.29284   12.12986  1.33%   946 1340s
 58184 38938   12.13976   22  638   12.29284   12.12986  1.33%   946 1346s
 58185 38939   12.13892   19  644   12.29284   12.12986  1.33%   946 1353s
 58186 38940   12.28564  552  645   12.29284   12.12986  1.33%   946 1356s
 58187 38940   12.16933   24  632   12.29284   12.12986  1.33%   946 1368s
 58188 38941   12.16903   27  635   12.29284   12.12986  1.33%   946 1373s
 58189 38942   12.17583   40  646   12.29284   12.12986  1.33%   946 1378s
 58190 38942   12.25483  195  639   12.29284   12.12986  1.33%   946 1384s
 58191 38943   12.27174  685  645   12.29284   12.12986  1.33%   946 1395s
 58192 38944   12.17978   49  645   12.29284   12.12986  1.33%   946 1400s
 58193 38944   12.23583   96  647   12.29284   12.12986  1.33%   946 1406s
 58194 38945   12.13327   22  650   12.29284   12.12986  1.33%   946 1417s
 58195 38946   12.25431  257  642   12.29284   12.12986  1.33%   946 1423s
 58196 38946   12.14674   36  639   12.29284   12.12986  1.33%   946 1428s
 58197 38947   12.28179   90  651   12.29284   12.12986  1.33%   946 1437s
 58198 38948   12.23243   54  648   12.29284   12.12986  1.33%   946 1443s
 58199 38948   12.18241   55  654   12.29284   12.12986  1.33%   946 1448s
 58200 38949   12.26055  136  646   12.29284   12.12986  1.33%   946 1452s
 58201 38950   12.27856  182  646   12.29284   12.12986  1.33%   946 1457s
 58202 38950   12.22341  122  644   12.29284   12.12986  1.33%   946 1462s
 58203 38951   12.20615   87  644   12.29284   12.12986  1.33%   946 1468s
 58204 38952   12.19672   68  643   12.29284   12.12986  1.33%   946 1472s
 58205 38952   12.25755  118  645   12.29284   12.12986  1.33%   946 1478s
 58206 38953   12.13838   19  647   12.29284   12.12986  1.33%   946 1482s
 58207 38954   12.19626  101  652   12.29284   12.12986  1.33%   946 1488s
 58208 38954   12.19886   48  652   12.29284   12.12986  1.33%   946 1492s
 58209 38955   12.21607   60  649   12.29284   12.12986  1.33%   946 1498s
 58210 38956   12.27682  159  650   12.29284   12.12986  1.33%   946 1502s
[2026-06-03T12:32:12.009] error: *** JOB 14084142 ON x1004c6s2b1n1 CANCELLED AT 2026-06-03T12:32:12 DUE TO TIME LIMIT ***
