2026-06-01 17:39:19 [INFO] idaes.core.surrogate.pysmo_surrogate: Decode surrogate. type=poly

===========================Polynomial Regression===============================================

The number of cross-validation cases (3) is used.
The default training/cross-validation split of 0.75 is used.
No iterations will be run.
Default parameter estimation method is used.
Parameter estimation method:  pyomo 

2026-06-01 17:39:19 [INFO] idaes.core.surrogate.pysmo_surrogate: Decode surrogate. type=poly

===========================Polynomial Regression===============================================

The number of cross-validation cases (3) is used.
The default training/cross-validation split of 0.75 is used.
No iterations will be run.
Default parameter estimation method is used.
Parameter estimation method:  pyomo 

2026-06-01 17:39:19 [INFO] idaes.core.surrogate.pysmo_surrogate: Decode surrogate. type=poly

===========================Polynomial Regression===============================================

The number of cross-validation cases (3) is used.
The default training/cross-validation split of 0.75 is used.
No iterations will be run.
Default parameter estimation method is used.
Parameter estimation method:  pyomo 

2026-06-01 17:39:19 [INFO] idaes.core.surrogate.pysmo_surrogate: Decode surrogate. type=poly

===========================Polynomial Regression===============================================

The number of cross-validation cases (3) is used.
The default training/cross-validation split of 0.75 is used.
No iterations will be run.
Default parameter estimation method is used.
Parameter estimation method:  pyomo 

2026-06-01 17:39:20 [INFO] idaes.apps.grid_integration.pricetaker.price_taker_model: Found minimum uptime/downtime data for pretreatment.uf_pumps[1] - Adding minimum uptime/downtime constraints.
2026-06-01 17:39:20 [INFO] idaes.apps.grid_integration.pricetaker.price_taker_model: Created startup/shutdown constraints for operation model  pretreatment.uf_pumps[1] at uf_pumps_1_startup_shutdown.
2026-06-01 17:39:20 [INFO] idaes.apps.grid_integration.pricetaker.price_taker_model: Found minimum uptime/downtime data for pretreatment.uf_pumps[2] - Adding minimum uptime/downtime constraints.
2026-06-01 17:39:20 [INFO] idaes.apps.grid_integration.pricetaker.price_taker_model: Created startup/shutdown constraints for operation model  pretreatment.uf_pumps[2] at uf_pumps_2_startup_shutdown.
2026-06-01 17:39:20 [INFO] idaes.apps.grid_integration.pricetaker.price_taker_model: Found minimum uptime/downtime data for pretreatment.uf_pumps[3] - Adding minimum uptime/downtime constraints.
2026-06-01 17:39:20 [INFO] idaes.apps.grid_integration.pricetaker.price_taker_model: Created startup/shutdown constraints for operation model  pretreatment.uf_pumps[3] at uf_pumps_3_startup_shutdown.
2026-06-01 17:39:20 [INFO] idaes.apps.grid_integration.pricetaker.price_taker_model: Found minimum uptime/downtime data for reverse_osmosis.ro_skid[1] - Adding minimum uptime/downtime constraints.
2026-06-01 17:39:20 [INFO] idaes.apps.grid_integration.pricetaker.price_taker_model: Created startup/shutdown constraints for operation model  reverse_osmosis.ro_skid[1] at ro_skid_1_startup_shutdown.
2026-06-01 17:39:20 [INFO] idaes.apps.grid_integration.pricetaker.price_taker_model: Found minimum uptime/downtime data for reverse_osmosis.ro_skid[2] - Adding minimum uptime/downtime constraints.
2026-06-01 17:39:20 [INFO] idaes.apps.grid_integration.pricetaker.price_taker_model: Created startup/shutdown constraints for operation model  reverse_osmosis.ro_skid[2] at ro_skid_2_startup_shutdown.
2026-06-01 17:39:20 [INFO] idaes.apps.grid_integration.pricetaker.price_taker_model: Found minimum uptime/downtime data for reverse_osmosis.ro_skid[3] - Adding minimum uptime/downtime constraints.
2026-06-01 17:39:20 [INFO] idaes.apps.grid_integration.pricetaker.price_taker_model: Created startup/shutdown constraints for operation model  reverse_osmosis.ro_skid[3] at ro_skid_3_startup_shutdown.
2026-06-01 17:39:20 [INFO] idaes.apps.grid_integration.pricetaker.price_taker_model: Found minimum uptime/downtime data for reverse_osmosis.ro_skid[4] - Adding minimum uptime/downtime constraints.
2026-06-01 17:39:20 [INFO] idaes.apps.grid_integration.pricetaker.price_taker_model: Created startup/shutdown constraints for operation model  reverse_osmosis.ro_skid[4] at ro_skid_4_startup_shutdown.
4364
Set parameter TokenServer to value "10.60.1.73"
Set parameter LogToConsole to value 1
Set parameter MIPGap to value 0.01
Gurobi Optimizer version 12.0.3 build v12.0.3rc0 (linux64 - "Red Hat Enterprise Linux 8.8 (Ootpa)")

CPU model: Intel(R) Xeon(R) Platinum 8470QL, instruction set [SSE2|AVX|AVX2|AVX512]
Thread count: 104 physical cores, 104 logical processors, using up to 32 threads

Non-default parameters:
MIPGap  0.01

Optimize a model with 17951 rows, 16467 columns and 49337 nonzeros
Model fingerprint: 0x70fbe821
Model has 168 quadratic objective terms
Model has 2352 quadratic constraints
Variable types: 11259 continuous, 5208 integer (5208 binary)
Coefficient statistics:
  Matrix range     [5e-04, 2e+03]
  QMatrix range    [2e-07, 1e+00]
  QLMatrix range   [3e-04, 1e+00]
  Objective range  [7e-06, 5e-03]
  QObjective range [2e-04, 2e-04]
  Bounds range     [9e-01, 1e+03]
  RHS range        [5e-02, 3e+05]
  QRHS range       [3e-01, 3e-01]
Presolve removed 6884 rows and 7576 columns
Presolve time: 0.10s
Presolved: 20307 rows, 9396 columns, 53768 nonzeros
Presolved model has 336 SOS constraint(s)
Presolved model has 2352 bilinear constraint(s)

Solving non-convex MIQCP

Variable types: 5750 continuous, 3646 integer (3646 binary)
Found heuristic solution: objective 11.1742386

Root relaxation: unbounded, 0 iterations, 0.01 seconds (0.00 work units)

    Nodes    |    Current Node    |     Objective Bounds      |     Work
 Expl Unexpl |  Obj  Depth IntInf | Incumbent    BestBd   Gap | It/Node Time

     0     2  postponed    0        11.17424          -      -     -    3s
     3     8  postponed    2        11.17424          -      -  4467    6s
    15    20  postponed    4        11.17424          -      -  7131   10s
    79    86  postponed    7        11.17424          -      -  7563   16s
   194   251  postponed    9        11.17424          -      -  8669   24s
   354   408 infeasible   12        11.17424          -      -  7510   31s
   605   668  postponed   15        11.17424          -      -  7813   42s
  1055  1823  postponed   21        11.17424          -      -  7741   60s
  2772  3092  postponed   44        11.17424          -      -  3304   86s
H 3716  3092                      11.1742384          -      -  2663   86s
  4914  4206 infeasible   75        11.17424          -      -  2151  108s
H 5361  4206                      11.1742384          -      -  2071  108s
  6834  5728 infeasible   90        11.17424          -      -  1820  130s
  9079  6887  postponed  109        11.17424          -      -  1602  150s
 10837  7865  postponed  121        11.17424          -      -  1490  170s
 12378  9316  postponed  137        11.17424          -      -  1443  191s
 14276 10917  postponed  152        11.17424          -      -  1387  210s
 16287 10919   10.83606  380 1921   11.17424    9.11998  18.4%  1337  234s
 16288 10920   10.63099  207  729   11.17424   10.63099  4.86%  1337  242s
 16289 10921   10.85346  236  745   11.17424   10.85346  2.87%  1337  250s

Cutting planes:
  Learned: 450
  Gomory: 21
  Cover: 592
  Implied bound: 581
  Projected implied bound: 74
  Clique: 1
  MIR: 148
  Flow cover: 245
  Zero half: 1
  Network: 50
  RLT: 670
  Relax-and-lift: 721

Explored 16289 nodes (21922746 simplex iterations) in 267.28 seconds (634.64 work units)
Thread count was 32 (of 104 available processors)

Solution count 1: 11.1742 

Optimal solution found (tolerance 1.00e-02)
Best objective 1.117423841604e+01, best bound 1.107250213697e+01, gap 0.9105%
solver_lower_bound: 11.072502136966758
solver_upper_bound: 11.174238416038335
objective_value: 11.174238416038337
m.flow_changes_penalty(): 0.0
Total operational cost: 111742.38
Maximum power (kW): 1127.28
Discharge energy capacity (kWh): 0.00
Charge energy capacity (kWh): 7942.21
Levelized Cost of Flexibility ($/kWh): nan
{'fixed_demand_cost': 4964.46471361417, 'variable_demand_cost': 2666.944850812848, 'fixed_monthly_cost': 171938.17204301074, 'total_water_production': 282179.67125454446, 'total_energy_cost': 18666.45712502318, 'total_demand_cost': 7631.409564427018, 'total_customer_cost': 0.0, 'total_feed_cost': 50843.18518656037, 'total_brine_cost': 15303.801549270655, 'total_chemical_cost': 19297.530735102162, 'total_water_revenue': 0.0, 'total_demand_response_revenue': -0.0, 'total_emissions_cost': 0.0, 'total_op_cost': 111742.38416038337, 'fixed_cost': 121551.98252688172, 'total_cost': 233294.3666872651, 'LCOW': 0.8267582340359961, 'degree_of_flex': 0.0, 'total_replacement_cost': 992.3107078853046, 'maximum_power': 1127.2750361445917, 'energy_capacity': 0.0, 'power_capacity': nan, 'round_trip_efficiency': 0, 'LVOF': nan}
Saved operation variable results to: /home/rchurchi/watertap_test/watertap/tutorials/flex_ro/wrd_result_winter_both_4_flexible_trains.csv
2026-06-01 17:43:51 [INFO] idaes.core.surrogate.pysmo_surrogate: Decode surrogate. type=poly

===========================Polynomial Regression===============================================

The number of cross-validation cases (3) is used.
The default training/cross-validation split of 0.75 is used.
No iterations will be run.
Default parameter estimation method is used.
Parameter estimation method:  pyomo 

2026-06-01 17:43:51 [INFO] idaes.core.surrogate.pysmo_surrogate: Decode surrogate. type=poly

===========================Polynomial Regression===============================================

The number of cross-validation cases (3) is used.
The default training/cross-validation split of 0.75 is used.
No iterations will be run.
Default parameter estimation method is used.
Parameter estimation method:  pyomo 

2026-06-01 17:43:51 [INFO] idaes.core.surrogate.pysmo_surrogate: Decode surrogate. type=poly

===========================Polynomial Regression===============================================

The number of cross-validation cases (3) is used.
The default training/cross-validation split of 0.75 is used.
No iterations will be run.
Default parameter estimation method is used.
Parameter estimation method:  pyomo 

2026-06-01 17:43:51 [INFO] idaes.core.surrogate.pysmo_surrogate: Decode surrogate. type=poly

===========================Polynomial Regression===============================================

The number of cross-validation cases (3) is used.
The default training/cross-validation split of 0.75 is used.
No iterations will be run.
Default parameter estimation method is used.
Parameter estimation method:  pyomo 

2026-06-01 17:43:53 [INFO] idaes.apps.grid_integration.pricetaker.price_taker_model: Found minimum uptime/downtime data for pretreatment.uf_pumps[1] - Adding minimum uptime/downtime constraints.
2026-06-01 17:43:53 [INFO] idaes.apps.grid_integration.pricetaker.price_taker_model: Created startup/shutdown constraints for operation model  pretreatment.uf_pumps[1] at uf_pumps_1_startup_shutdown.
2026-06-01 17:43:53 [INFO] idaes.apps.grid_integration.pricetaker.price_taker_model: Found minimum uptime/downtime data for pretreatment.uf_pumps[2] - Adding minimum uptime/downtime constraints.
2026-06-01 17:43:53 [INFO] idaes.apps.grid_integration.pricetaker.price_taker_model: Created startup/shutdown constraints for operation model  pretreatment.uf_pumps[2] at uf_pumps_2_startup_shutdown.
2026-06-01 17:43:53 [INFO] idaes.apps.grid_integration.pricetaker.price_taker_model: Found minimum uptime/downtime data for pretreatment.uf_pumps[3] - Adding minimum uptime/downtime constraints.
2026-06-01 17:43:53 [INFO] idaes.apps.grid_integration.pricetaker.price_taker_model: Created startup/shutdown constraints for operation model  pretreatment.uf_pumps[3] at uf_pumps_3_startup_shutdown.
2026-06-01 17:43:53 [INFO] idaes.apps.grid_integration.pricetaker.price_taker_model: Found minimum uptime/downtime data for reverse_osmosis.ro_skid[1] - Adding minimum uptime/downtime constraints.
2026-06-01 17:43:53 [INFO] idaes.apps.grid_integration.pricetaker.price_taker_model: Created startup/shutdown constraints for operation model  reverse_osmosis.ro_skid[1] at ro_skid_1_startup_shutdown.
2026-06-01 17:43:53 [INFO] idaes.apps.grid_integration.pricetaker.price_taker_model: Found minimum uptime/downtime data for reverse_osmosis.ro_skid[2] - Adding minimum uptime/downtime constraints.
2026-06-01 17:43:53 [INFO] idaes.apps.grid_integration.pricetaker.price_taker_model: Created startup/shutdown constraints for operation model  reverse_osmosis.ro_skid[2] at ro_skid_2_startup_shutdown.
2026-06-01 17:43:53 [INFO] idaes.apps.grid_integration.pricetaker.price_taker_model: Found minimum uptime/downtime data for reverse_osmosis.ro_skid[3] - Adding minimum uptime/downtime constraints.
2026-06-01 17:43:53 [INFO] idaes.apps.grid_integration.pricetaker.price_taker_model: Created startup/shutdown constraints for operation model  reverse_osmosis.ro_skid[3] at ro_skid_3_startup_shutdown.
2026-06-01 17:43:53 [INFO] idaes.apps.grid_integration.pricetaker.price_taker_model: Found minimum uptime/downtime data for reverse_osmosis.ro_skid[4] - Adding minimum uptime/downtime constraints.
2026-06-01 17:43:53 [INFO] idaes.apps.grid_integration.pricetaker.price_taker_model: Created startup/shutdown constraints for operation model  reverse_osmosis.ro_skid[4] at ro_skid_4_startup_shutdown.
4250
Set parameter LogToConsole to value 1
Set parameter MIPGap to value 0.01
Gurobi Optimizer version 12.0.3 build v12.0.3rc0 (linux64 - "Red Hat Enterprise Linux 8.8 (Ootpa)")

CPU model: Intel(R) Xeon(R) Platinum 8470QL, instruction set [SSE2|AVX|AVX2|AVX512]
Thread count: 104 physical cores, 104 logical processors, using up to 32 threads

Non-default parameters:
MIPGap  0.01

Optimize a model with 17951 rows, 16353 columns and 48455 nonzeros
Model fingerprint: 0x18fc8657
Model has 168 quadratic objective terms
Model has 2352 quadratic constraints
Variable types: 11259 continuous, 5094 integer (5094 binary)
Coefficient statistics:
  Matrix range     [5e-04, 2e+03]
  QMatrix range    [2e-07, 1e+00]
  QLMatrix range   [3e-04, 1e+00]
  Objective range  [1e-05, 5e-03]
  QObjective range [2e-04, 2e-04]
  Bounds range     [9e-01, 1e+03]
  RHS range        [5e-02, 3e+05]
  QRHS range       [3e-01, 3e-01]
Presolve removed 9095 rows and 8649 columns
Presolve time: 0.09s
Presolved: 17628 rows, 7987 columns, 47853 nonzeros
Presolved model has 188 SOS constraint(s)
Presolved model has 2272 bilinear constraint(s)

Solving non-convex MIQCP

Variable types: 5236 continuous, 2751 integer (2751 binary)
Found heuristic solution: objective 20.7649248

Root relaxation: unbounded, 0 iterations, 0.01 seconds (0.00 work units)

    Nodes    |    Current Node    |     Objective Bounds      |     Work
 Expl Unexpl |  Obj  Depth IntInf | Incumbent    BestBd   Gap | It/Node Time

     0     2  postponed    0        20.76492          -      -     -    5s
     7    14  postponed    3        20.76492          -      -  8029   11s
    29    48  postponed    5        20.76492          -      -  8950   15s
    87   150  postponed    7        20.76492          -      -  7687   20s
   159   351  postponed    8        20.76492          -      -  8593   26s
   408   625  postponed   12        20.76492          -      -  3853   35s
   766  1169  postponed   16        20.76492          -      -  3127   52s
H 1647  1169                      14.5839652          -      -  1901   52s
  1736  2198  postponed   25        14.58397          -      -  1856   76s
H 2707  2198                      14.5513156          -      -  1495   76s
H 2947  2198                      14.0657029          -      -  1435   76s
  3585  4525 infeasible   40        14.06570          -      -  1312  103s
H 4304  4524                      14.0207370          -      -  1307  103s
H 4466  4524                      14.0174809          -      -  1287  103s
H 4730  4524                      14.0170712          -      -  1249  103s
H 6048  4518                      13.8969393          -      -  1138  103s
  6611  7220  postponed   55        13.89694          -      -  1109  124s
H 6908  7191                      13.6115238          -      -  1107  124s
H 7279  7175                      13.4037793          -      -  1094  124s
H 8251  6860                      13.0824084          -      -  1038  124s
  9735  9712 infeasible   69        13.08241          -      -   999  141s
H 9778  9535                      12.6508607          -      -  1001  141s
H10084  9535                      12.6498606          -      -   994  141s
H10163  9530                      12.6369072          -      -   990  141s
H11135  9529                      12.6364910          -      -   941  141s
H11605  9529                      12.6363525          -      -   930  141s
 13140 11934 infeasible   78        12.63635          -      -   899  156s
H13150 11643                      12.5413525          -      -   898  156s
H13930 11525                      12.4967133          -      -   877  156s
H16172 10347                      12.4817133    9.78793  21.6%   829  166s
 16174 10348   11.39722   87  738   12.48171   11.18890  10.4%   829  170s
 16176 10349   12.41800  276  848   12.48171   11.50320  7.84%   829  179s
 16177 10350   12.06615  390  834   12.48171   11.50924  7.79%   829  180s
 16181 10353   11.65342  326  787   12.48171   11.54086  7.54%   829  185s
 16187 10357   11.54307   25  862   12.48171   11.54307  7.52%   829  190s
 16193 10361   12.36134  205  911   12.48171   11.54352  7.52%   828  201s
 16194 10361   12.03017  251  911   12.48171   11.54352  7.52%   828  205s
 16195 10365   11.54420   10 2789   12.48171   11.54352  7.52%   834  340s
 16197 10368   11.57758   11 2772   12.48171   11.54420  7.51%   834  352s
 16201 10375   11.67866   12 2756   12.48171   11.54959  7.47%   837  359s
 16209 10388   11.78163   13 2642   12.48171   11.55564  7.42%   839  371s
 16225 10415   11.88078   14 2789   12.48171   11.55724  7.41%   849  383s
H16231  9894                      12.4767133   11.55724  7.37%   851  383s
H16257  9425                      12.4717133   11.55963  7.31%   859  388s
 16289  9534   11.91027   16 2698   12.47171   11.55963  7.31%   863  400s
H16291  9065                      12.4667133   11.55963  7.28%   865  400s
H16310  8614                      12.2744578   11.55963  5.82%   869  400s
 16408  8702   11.92430   17 2608   12.27446   11.55963  5.82%   890  412s
 16529  8746   11.92876   19 2597   12.27446   11.55963  5.82%   897  422s
H16545  8318                      12.2740791   11.55963  5.82%   897  422s
H16566  7910                      12.2734187   11.55963  5.82%   902  422s
H16610  7515                      12.2732220   11.55963  5.81%   905  422s
 16613  7625   11.92918   20 2626   12.27322   11.55963  5.81%   905  435s
 16726  7682   11.92966   21 2623   12.27322   11.55963  5.81%   912  443s
H16750  7312                      12.2716667   11.55963  5.80%   912  443s
H16758  6965                      12.2508349   11.55963  5.64%   913  443s
H16784  6630                      12.2374874   11.55963  5.54%   913  443s
 16821  6697   11.98019   22 2637   12.23749   11.55963  5.54%   918  453s
 16909  6739   11.96054   23 2593   12.23749   11.55963  5.54%   923  460s
H16930  6422                      12.2374874   11.55963  5.54%   927  460s
 16992  6470   11.96126   24 2623   12.23749   11.55963  5.54%   932  468s
 17075  6537   11.98723   24 2530   12.23749   11.55963  5.54%   947  476s
 17175  6612   11.98136   26 2551   12.23749   11.56012  5.54%   961  483s
 17296  6633   12.05155   27 2468   12.23749   11.56012  5.54%   971  493s
H17300  6337                      12.2325560   11.56012  5.50%   972  493s
H17318  6051                      12.2324937   11.56012  5.50%   974  493s
 17390  6084     cutoff   28        12.23249   11.56012  5.50%   994  505s
 17473  6117   12.00320   29 2378   12.23249   11.56012  5.50%  1015  515s
H17475  5849                      12.2303509   11.56012  5.48%  1016  515s
H17480  5596                      12.2289615   11.56012  5.47%  1017  515s
H17483  5354                      12.2273627   11.56012  5.46%  1017  515s
H17514  5115                      12.2245038   11.56012  5.43%  1019  515s
 17569  5178   12.04733   29 2187   12.22450   11.56012  5.43%  1031  524s
 17682  5227   12.12436   30 2337   12.22450   11.56281  5.41%  1045  533s
H17687  5009                      12.2225140   11.56281  5.40%  1045  533s
H17725  4790                      12.2220672   11.56281  5.39%  1051  533s
H17749  4587                      12.1876043   11.56281  5.13%  1054  533s
 17793  4658   12.02204   31 2416   12.18760   11.56281  5.13%  1061  543s
 17900  4706   12.03907   32 2393   12.18760   11.56281  5.13%  1081  553s
H17904  4518                      12.1851178   11.56281  5.11%  1082  553s
H17963  4322                      12.1848532   11.56559  5.08%  1096  553s
 18009  4428   12.10130   32 2322   12.18485   11.56559  5.08%  1100  560s
 18166  4483 infeasible   35        12.18485   11.56559  5.08%  1108  570s
H18273  4280                      12.1846775   11.56559  5.08%  1119  570s
H18283  4117                      12.1841129   11.56559  5.08%  1121  570s
 18306  4202     cutoff   35        12.18411   11.56559  5.08%  1126  583s
 18434  4272     cutoff   60        12.18411   11.56704  5.06%  1141  593s
H18440  4119                      12.1840219   11.56704  5.06%  1143  593s
H18442  3972                      12.1831828   11.56704  5.06%  1144  593s
 18578  4046   11.57215   22 2396   12.18318   11.56704  5.06%  1157  601s
H18742  3988                      12.1830918   11.56704  5.06%  1171  613s
H18753  3855                      12.1827626   11.56704  5.05%  1173  613s
 18923  3996   11.59692   24 2485   12.18276   11.56704  5.05%  1186  623s
 19166  4073   11.57714   25 2413   12.18276   11.56704  5.05%  1196  643s
H19168  3948                      12.1827626   11.56704  5.05%  1197  643s
H19185  3823                      12.1789891   11.56704  5.02%  1196  643s
H19202  3706                      12.1777627   11.56704  5.02%  1197  643s
 19378  3853   11.57981   26 2410   12.17776   11.57095  4.98%  1206  656s
H19618  3875                      12.1777627   11.57095  4.98%  1218  665s
H19622  3774                      12.1777626   11.57095  4.98%  1219  665s
H19640  3672                      12.1777626   11.57095  4.98%  1219  665s
H19791  3531                      12.1777626   11.57095  4.98%  1227  665s
 19871  3684   11.58483   31 2289   12.17776   11.57095  4.98%  1228  678s
H20104  3711                      12.1777626   11.57150  4.98%  1245  691s
H20128  3621                      12.1777625   11.57150  4.98%  1245  691s
H20134  3541                      12.1777625   11.57150  4.98%  1246  691s
H20177  3453                      12.1777625   11.57150  4.98%  1244  691s
H20186  3386                      12.1777625   11.57150  4.98%  1246  691s
H20203  3386                      12.1777625   11.57150  4.98%  1250  691s
H20221  3386                      12.1777625   11.57150  4.98%  1253  691s
H20308  3386                      12.1777625   11.57150  4.98%  1259  691s
 20353  3573   11.59248   34 2228   12.17776   11.57150  4.98%  1259  707s
H20463  3573                      12.1777624   11.57150  4.98%  1275  707s
 20590  3794   11.59545   40 2131   12.17776   11.57150  4.98%  1278  717s
H20638  3794                      12.1777624   11.57150  4.98%  1280  717s
 20867  4002   11.59815   44 2069   12.17776   11.57150  4.98%  1293  729s
 21142  4222   11.61255   50 2032   12.17776   11.57150  4.98%  1315  743s
H21261  4222                      12.1777623   11.57150  4.98%  1317  743s
H21426  4222                      12.1777528   11.57150  4.98%  1329  743s
H21463  2585                      11.9760339   11.57150  3.38%  1333  754s
H21555  2401                      11.9491167   11.57515  3.13%  1335  754s
H21561  2285                      11.9311212   11.57515  2.98%  1335  754s
H21578  2361                      11.9261212   11.57515  2.94%  1339  772s
 21926  2579   11.81594   68 1979   11.92612   11.57542  2.94%  1347  793s
 22166  2902   11.67922   73 1976   11.92612   11.57573  2.94%  1356  807s
 22505  3229   11.71428   77 1883   11.92612   11.57573  2.94%  1369  826s
H22860  3476                      11.9196698   11.57573  2.89%  1384  842s
H22866  3353                      11.9085721   11.57573  2.80%  1386  842s
H22911  3353                      11.9083818   11.57573  2.79%  1388  842s
H23203  3602                      11.8983818   11.57573  2.71%  1402  857s
 23604  4082   11.78375   88 1850   11.89838   11.57573  2.71%  1418  880s
 24153  4744   11.78948  105 1785   11.89838   11.58040  2.67%  1430  897s
H24892  5482                      11.8983764   11.58057  2.67%  1442  916s
H24943  5482                      11.8983747   11.58057  2.67%  1444  916s
H25048  5482                      11.8983718   11.58057  2.67%  1441  916s
H25391  5482                      11.8983581   11.58057  2.67%  1438  916s
 25695  6645   11.81795  140 1705   11.89836   11.58057  2.67%  1436  930s
 26925  6725   11.82066  149 1719   11.89836   11.58213  2.66%  1415  943s
H26976  6255                      11.8576545   11.58213  2.32%  1416  943s
 27027  6553   11.85520  150 1721   11.85765   11.58213  2.32%  1418  959s
H27042  6553                      11.8576543   11.58213  2.32%  1418  959s
H27143  6553                      11.8576536   11.58213  2.32%  1427  959s
H27338  6553                      11.8576531   11.58263  2.32%  1435  959s
 27520  6924     cutoff  150        11.85765   11.58263  2.32%  1448  982s
H27812  6924                      11.8576529   11.58403  2.31%  1468  982s
 28089  7502     cutoff  149        11.85765   11.58545  2.30%  1479  999s
 28797  7948   11.63287   34 2208   11.85765   11.58545  2.30%  1497 1021s
 29420  8445   11.69747   61 2091   11.85765   11.58545  2.30%  1528 1040s
H29711  8442                      11.8576120   11.58545  2.30%  1548 1040s
 30074  9123   11.77206  101 2081   11.85761   11.58751  2.28%  1560 1060s
 30961  9691   11.82097  108 2134   11.85761   11.58828  2.27%  1576 1083s
H31079  9691                      11.8575772   11.58828  2.27%  1575 1083s
H31242  9691                      11.8575768   11.58828  2.27%  1575 1083s
H31330  9691                      11.8575753   11.58887  2.27%  1581 1083s
 31736 10219     cutoff  111        11.85758   11.58910  2.26%  1590 1102s
H31787 10219                      11.8575753   11.58917  2.26%  1602 1102s
H31883 10219                      11.8575746   11.58917  2.26%  1599 1102s
H32383 10219                      11.8575745   11.59039  2.25%  1606 1102s
 32411 10402   11.85496  111 2045   11.85757   11.59039  2.25%  1612 1120s
H32518 10365                      11.8555015   11.59039  2.24%  1613 1120s
H32525 10351                      11.8549326   11.59039  2.23%  1613 1120s
 32658 10816     cutoff  112        11.85493   11.59039  2.23%  1623 1141s
 33303 11235     cutoff  110        11.85493   11.59054  2.23%  1653 1166s
 33932 11557   11.82309   96 1951   11.85493   11.59059  2.23%  1687 1190s
H34151 11557                      11.8549320   11.59059  2.23%  1699 1190s
H34434 11557                      11.8549317   11.59059  2.23%  1717 1190s
 34510 12234   11.76615   95 1890   11.85493   11.59059  2.23%  1723 1214s
 35429 12701   11.84566  103 1904   11.85493   11.59159  2.22%  1747 1240s
 36174 13122   11.66505   37 2134   11.85493   11.59184  2.22%  1786 1266s
 36842 13763   11.77027   65 2109   11.85493   11.59185  2.22%  1822 1292s
 37709 14314     cutoff   70        11.85493   11.59222  2.22%  1843 1320s
 38526 15317   11.62814   57 2171   11.85493   11.59222  2.22%  1877 1352s
 39767 15955   11.84806  111 1866   11.85493   11.59222  2.22%  1889 1380s
 40717 16574   11.85116  120 1835   11.85493   11.59328  2.21%  1925 1410s
 41629 17762   11.64821   27 2498   11.85493   11.59328  2.21%  1965 1441s
 43103 18620   11.77480   86 1980   11.85493   11.59425  2.20%  1973 1474s
 44249 19639   11.71839   84 1974   11.85493   11.59496  2.19%  2000 1508s
 45585 20623     cutoff  110        11.85493   11.59496  2.19%  2023 1541s
 46961 21599   11.85331   91 1896   11.85493   11.59496  2.19%  2045 1578s
 48279 23084   11.63983   32 2373   11.85493   11.59602  2.18%  2070 1614s
 50095 24304     cutoff  104        11.85493   11.59619  2.18%  2070 1651s
 51754 25771   11.66183   69 1893   11.85493   11.59635  2.18%  2081 1689s
 53653 27156   11.62982   45 2109   11.85493   11.59635  2.18%  2079 1724s
 55444 28621   11.85445  168 1889   11.85493   11.59635  2.18%  2086 1764s
 57377 29771   11.70604   83 1862   11.85493   11.59635  2.18%  2088 1802s
 58987 31457   11.70748   80 1970   11.85493   11.59635  2.18%  2105 1848s
 61089 32764   11.84012  100 1894   11.85493   11.59635  2.18%  2117 1893s
H62806 33525                      11.8549292   11.59890  2.16%  2136 1937s
H63197 33525                      11.8549027   11.59902  2.16%  2136 1937s
 63859 36055   11.73630   76 1865   11.85490   11.59904  2.16%  2142 1988s
H63934 36055                      11.8549027   11.59904  2.16%  2143 1988s
 67019 37683     cutoff   38        11.85490   11.59907  2.16%  2128 2035s
 69215 40073   11.71980   90 1936   11.85490   11.59927  2.16%  2138 2083s
H69270 40073                      11.8549027   11.59927  2.16%  2139 2083s
 72270 42071     cutoff  111        11.85490   11.59977  2.15%  2122 2130s
 74854 43983   11.82236   47 2199   11.85490   11.60063  2.14%  2123 2179s
H76952 43983                      11.8549027   11.60081  2.14%  2122 2179s
 77401 45970   11.71532   96 1813   11.85490   11.60081  2.14%  2123 2228s
 80014 47590     cutoff  133        11.85490   11.60081  2.14%  2126 2284s
H81591 47590                      11.8548891   11.60081  2.14%  2123 2284s
 82138 49648     cutoff  132        11.85489   11.60124  2.14%  2121 2340s
 84811 51930   11.65709   45 2052   11.85489   11.60145  2.14%  2127 2395s
 87853 54046 infeasible   51        11.85489   11.60186  2.13%  2126 2465s
 90748 56685   11.63036   45 2112   11.85489   11.60228  2.13%  2146 2535s
 94342 59687   11.70809   33 2364   11.85489   11.60239  2.13%  2152 2603s
 98247 62639     cutoff   36        11.85489   11.60277  2.13%  2151 2672s
 102076 65504     cutoff   57        11.85489   11.60328  2.12%  2145 2735s
 105656 67469     cutoff  135        11.85489   11.60344  2.12%  2144 2800s
 108324 69680   11.69073   65 2089   11.85489   11.60362  2.12%  2151 2867s
 111398 72670   11.79200  144 1717   11.85489   11.60395  2.12%  2161 2933s
 115136 74670     cutoff  142        11.85489   11.60395  2.12%  2156 2996s
 117788 77901     cutoff   37        11.85489   11.60395  2.12%  2174 3073s
 121908 81047   11.62106   40 2328   11.85489   11.60478  2.11%  2173 3132s
 125926 83252   11.62510   45 2140   11.85489   11.60486  2.11%  2158 3186s
 128943 85292     cutoff  126        11.85489   11.60488  2.11%  2155 3241s
 131641 87391   11.84138  117 1811   11.85489   11.60488  2.11%  2160 3299s
 134398 90068   11.76522   85 1957   11.85489   11.60556  2.10%  2165 3359s
 137892 91884   11.82820  146 1926   11.85489   11.60585  2.10%  2161 3421s
 140201 94641   11.62456   50 2078   11.85489   11.60585  2.10%  2155 3485s
 143735 97542   11.71972  100 1915   11.85489   11.60599  2.10%  2151 3547s
 147423 100129   11.74915   74 1869   11.85489   11.60624  2.10%  2146 3617s
 150843 103113   11.62267   43 2096   11.85489   11.60643  2.10%  2148 3684s
 154460 104633   11.81133   91 1844   11.85489   11.60660  2.09%  2147 3747s
 156516 107327   11.70983   34 2350   11.85489   11.60660  2.09%  2166 3820s
 159929 109275     cutoff   50        11.85489   11.60679  2.09%  2166 3890s
 162547 112524   11.80846  120 1717   11.85489   11.60690  2.09%  2184 3964s
 166660 115102   11.73646  113 1641   11.85489   11.60690  2.09%  2181 4033s
 170411 118088   11.64640   41 2229   11.85489   11.60723  2.09%  2182 4104s
 174160 121478   11.65634   44 2164   11.85489   11.60742  2.09%  2178 4171s
 178394 125209   11.72254  125 1834   11.85489   11.60761  2.09%  2171 4239s
 182981 127024     cutoff   99        11.85489   11.60775  2.08%  2154 4296s
 185549 130111   11.73606  147 1800   11.85489   11.60789  2.08%  2158 4351s
 189452 132407   11.63047   48 2024   11.85489   11.60801  2.08%  2148 4403s
 192681 134358     cutoff  139        11.85489   11.60803  2.08%  2144 4456s
 195350 136698     cutoff  125        11.85489   11.60812  2.08%  2150 4513s
 198214 139108   11.84633  136 2005   11.85489   11.60818  2.08%  2150 4572s
 201315 141112     cutoff  140        11.85489   11.60837  2.08%  2151 4628s
 204063 143422     cutoff  154        11.85489   11.60850  2.08%  2155 4687s
 207153 145200   11.84596  156 1871   11.85489   11.60853  2.08%  2158 4749s
H208605 145200                      11.8548889   11.60867  2.08%  2160 4749s
 209433 148181   11.71028  108 2003   11.85489   11.60869  2.08%  2159 4818s
 213238 150035   11.73777   91 1892   11.85489   11.60877  2.08%  2159 4879s
 215820 152143   11.66769   60 2031   11.85489   11.60883  2.08%  2167 4942s
 218960 154734     cutoff  113        11.85489   11.60896  2.07%  2173 5007s
 222343 157463   11.84585  146 1780   11.85489   11.60914  2.07%  2178 5073s
 225790 160292   11.85204  125 1915   11.85489   11.60927  2.07%  2181 5138s
 229387 162344     cutoff   96        11.85489   11.60948  2.07%  2181 5201s
 232206 164975   11.69213   40 2242   11.85489   11.60955  2.07%  2190 5269s
 233748 164975     cutoff  131        11.85489   11.60966  2.07%  2188 5270s
 235525 168132   11.75946  147 1691   11.85489   11.60975  2.07%  2191 5335s
 239492 171429   11.83941  133 1761   11.85489   11.60975  2.07%  2189 5402s
 243618 174500   11.80377  142 1864   11.85489   11.61008  2.07%  2186 5463s
 247415 175833   11.76678  116 1800   11.85489   11.61013  2.06%  2178 5515s
 249395 177883   11.63356   44 2067   11.85489   11.61027  2.06%  2186 5571s
 251917 180256   11.71872   44 2252   11.85489   11.61030  2.06%  2191 5629s
 254962 182445   11.75744   78 1914   11.85489   11.61040  2.06%  2193 5694s
 257865 184749   11.67574   41 2188   11.85489   11.61053  2.06%  2196 5759s
 260849 187368   11.62327   47 2222   11.85489   11.61054  2.06%  2201 5822s
 264286 189798     cutoff  154        11.85489   11.61069  2.06%  2202 5885s
H267114 189798                      11.8548886   11.61069  2.06%  2197 5885s
 267280 192352   11.71098   95 2040   11.85489   11.61069  2.06%  2197 5946s
 270442 195421   11.68318   80 1754   11.85489   11.61072  2.06%  2201 6016s
 274313 198261   11.61960   48 2054   11.85489   11.61092  2.06%  2199 6072s
 277962 200804   11.70790   77 1951   11.85489   11.61102  2.06%  2196 6127s
 281274 203702     cutoff   41        11.85489   11.61108  2.06%  2194 6186s
 284826 206396   11.76557  152 1621   11.85489   11.61108  2.06%  2191 6241s
 288266 208231   11.61969   39 2201   11.85489   11.61108  2.06%  2190 6294s
H288467 208231                      11.8548886   11.61108  2.06%  2190 6294s
 290699 210567     cutoff  157        11.85489   11.61126  2.06%  2196 6355s
 293647 212755   11.68231   45 2173   11.85489   11.61142  2.05%  2198 6419s
 296507 215452     cutoff  133        11.85489   11.61147  2.05%  2202 6485s
 299852 218477   11.79382  167 1688   11.85489   11.61155  2.05%  2203 6550s
 303644 221457     cutoff  109        11.85489   11.61162  2.05%  2203 6608s
 307442 224633     cutoff  152        11.85489   11.61171  2.05%  2199 6663s
 311377 227798     cutoff  169        11.85489   11.61174  2.05%  2192 6714s
 315293 229372   11.68115   74 1878   11.85489   11.61180  2.05%  2184 6765s
 317614 231536   11.79830  152 1853   11.85489   11.61190  2.05%  2188 6816s
 320515 233356   11.63927   62 1981   11.85489   11.61193  2.05%  2188 6869s
 322849 235565   11.83386   26 2043   11.85489   11.61199  2.05%  2190 6929s
 325612 238309     cutoff   27        11.85489   11.61203  2.05%  2191 6987s
 328874 240653     cutoff  119        11.85489   11.61203  2.05%  2190 7052s
 331964 243440   11.84937  106 2020   11.85489   11.61217  2.05%  2194 7122s
 335439 246924   11.76474  145 1643   11.85489   11.61223  2.05%  2193 7188s
 339742 250115   11.73883  134 1850   11.85489   11.61229  2.05%  2190 7252s
 343739 252535   11.83257  141 1750   11.85489   11.61241  2.05%  2187 7311s
H346243 252535                      11.8548886   11.61245  2.05%  2187 7311s
 346893 254614   11.77838  134 1799   11.85489   11.61251  2.04%  2188 7371s
 349382 257318     cutoff  145        11.85489   11.61251  2.04%  2185 7433s
 352876 260317   11.73967  119 1895   11.85489   11.61263  2.04%  2185 7492s
 356493 262652   11.67138   74 1918   11.85489   11.61267  2.04%  2181 7556s
H357892 262652                      11.8548886   11.61267  2.04%  2182 7556s
 359731 264810     cutoff  165        11.85489   11.61267  2.04%  2183 7620s
 362766 267904   11.83190  164 1737   11.85489   11.61285  2.04%  2187 7689s
 366674 271513     cutoff  139        11.85489   11.61290  2.04%  2188 7753s
 371056 273880   11.84942  158 1931   11.85489   11.61296  2.04%  2183 7810s
 374177 276852     cutoff  130        11.85489   11.61311  2.04%  2184 7868s
 377897 279833     cutoff  166        11.85489   11.61313  2.04%  2182 7927s
 381578 281995   11.65385   55 1883   11.85489   11.61313  2.04%  2180 7983s
 384378 285462   11.63859   43 2222   11.85489   11.61319  2.04%  2182 8049s
 388531 288033   11.85275  158 1733   11.85489   11.61335  2.04%  2176 8104s
 391874 290963     cutoff  150        11.85489   11.61345  2.04%  2175 8168s
 395538 294054   11.73690   78 1882   11.85489   11.61346  2.04%  2170 8227s
 399569 296760     cutoff  107        11.85489   11.61348  2.04%  2165 8278s
 403121 299382   11.79440  139 1727   11.85489   11.61354  2.04%  2160 8328s
 406733 302354     cutoff  153        11.85489   11.61361  2.04%  2156 8378s
 410284 303808   11.80588  136 1910   11.85489   11.61364  2.03%  2148 8430s
 412499 306007     cutoff  121        11.85489   11.61372  2.03%  2151 8482s
 415473 308424     cutoff  121        11.85489   11.61377  2.03%  2152 8541s
 418398 311489   11.71752  123 1935   11.85489   11.61386  2.03%  2153 8597s
 422186 314962   11.62856   47 2022   11.85489   11.61390  2.03%  2150 8661s
 426450 316877   11.72370  103 1908   11.85489   11.61399  2.03%  2148 8712s
 429031 319544     cutoff  171        11.85489   11.61406  2.03%  2149 8769s
 432462 321542   11.63490   39 2184   11.85489   11.61408  2.03%  2147 8823s
 435305 323248   11.62229   34 2276   11.85489   11.61408  2.03%  2149 8877s
 437510 325530   11.75646   96 1865   11.85489   11.61417  2.03%  2149 8935s
H437740 325530                      11.8548883   11.61417  2.03%  2149 8935s
 440589 328226   11.75437  111 1923   11.85489   11.61423  2.03%  2151 8995s
 443939 331279   11.78274  137 1917   11.85489   11.61427  2.03%  2150 9054s
 447791 333924     cutoff  177        11.85489   11.61431  2.03%  2149 9112s
 451101 335605   11.74513   90 2037   11.85489   11.61434  2.03%  2150 9176s
 453372 338808   11.75852   97 2011   11.85489   11.61437  2.03%  2157 9266s
 457533 341629     cutoff  119        11.85489   11.61449  2.03%  2162 9344s
 461121 344635     cutoff  121        11.85489   11.61451  2.03%  2165 9418s
H461779 344635                      11.8548881   11.61451  2.03%  2166 9418s
 465087 344795     cutoff  109        11.85489   11.61461  2.03%  2167 9582s
H465257 344795                      11.8548878   11.61461  2.03%  2167 9582s
 465389 347683   11.63039   23 2413   11.85489   11.61461  2.03%  2167 9659s
 469273 351083   11.82332   99 1968   11.85489   11.61470  2.03%  2170 9730s
 473587 353098     cutoff  103        11.85489   11.61475  2.03%  2169 9798s
 476442 355773   11.72549  121 1899   11.85489   11.61482  2.03%  2173 9868s
 480004 358250     cutoff  181        11.85489   11.61487  2.02%  2174 9933s
 483386 360451   11.73607   65 2033   11.85489   11.61487  2.02%  2174 9995s
 486318 363542     cutoff   35        11.85489   11.61494  2.02%  2177 10066s
 490149 366162   11.78775  137 1597   11.85489   11.61498  2.02%  2175 10128s
 493571 367954     cutoff  118        11.85489   11.61503  2.02%  2175 10192s
 496051 369847   11.76345   62 2029   11.85489   11.61511  2.02%  2179 10258s
 498685 371949     cutoff   89        11.85489   11.61515  2.02%  2183 10327s
 501572 374144   11.76070  100 1789   11.85489   11.61515  2.02%  2187 10398s
 504432 376710     cutoff  152        11.85489   11.61515  2.02%  2188 10474s
 507656 379904   11.70512   71 1950   11.85489   11.61515  2.02%  2190 10547s
 511739 382415   11.68093   59 2042   11.85489   11.61526  2.02%  2190 10610s
 515058 385107   11.68567   39 2246   11.85489   11.61532  2.02%  2191 10673s
 518552 387856   11.71966   78 1983   11.85489   11.61539  2.02%  2191 10738s
 522135 389754   11.85440  142 1926   11.85489   11.61539  2.02%  2190 10797s
 524693 392515     cutoff  186        11.85489   11.61539  2.02%  2193 10861s
 528104 395030     cutoff  113        11.85489   11.61539  2.02%  2193 10928s
 531476 397948   11.74793   98 1772   11.85489   11.61553  2.02%  2193 10990s
 535236 400188   11.68728   76 1826   11.85489   11.61557  2.02%  2191 11057s
 538205 402088   11.71653   59 2013   11.85489   11.61557  2.02%  2193 11119s
 540901 403597   11.83858  103 1784   11.85489   11.61562  2.02%  2196 11183s
 542952 408004   11.70364   61 1863   11.85489   11.61570  2.02%  2199 11283s
 548565 410426   11.82565  126 1807   11.85489   11.61575  2.02%  2199 11351s
 551869 413448   11.66878   41 2198   11.85489   11.61576  2.02%  2201 11420s
 555797 416350   11.69543   69 1873   11.85489   11.61587  2.02%  2200 11485s
 559617 419018   11.77397  163 1606   11.85489   11.61588  2.02%  2199 11550s
 563087 420561     cutoff  156        11.85489   11.61590  2.02%  2199 11623s
 565381 422961     cutoff  161        11.85489   11.61590  2.02%  2204 11690s
 568574 425475     cutoff  111        11.85489   11.61596  2.02%  2207 11757s
 571904 427279   11.72207  107 1722   11.85489   11.61600  2.02%  2208 11821s
 574355 429912   11.64380   46 2174   11.85489   11.61610  2.01%  2213 11908s
 577866 432615   11.67037   31 2488   11.85489   11.61618  2.01%  2216 11990s
 581594 435369   11.75484   95 1653   11.85489   11.61618  2.01%  2219 12074s
 585174 437413   11.74873   58 2192   11.85489   11.61630  2.01%  2221 12153s
 587874 440661   11.66288   43 2273   11.85489   11.61633  2.01%  2226 12234s
 592107 443269   11.76902  152 1762   11.85489   11.61633  2.01%  2226 12314s
 595671 445930     cutoff  166        11.85489   11.61640  2.01%  2228 12384s
 599080 448227   11.77823  174 1804   11.85489   11.61640  2.01%  2227 12457s
 602246 450485   11.81837   82 2005   11.85489   11.61640  2.01%  2229 12522s
 605115 452562     cutoff   84        11.85489   11.61652  2.01%  2232 12596s
 608018 455293   11.84713   71 2008   11.85489   11.61652  2.01%  2235 12671s
 611572 458417   11.74718  104 1920   11.85489   11.61665  2.01%  2237 12748s
 615570 461180   11.65811   33 2480   11.85489   11.61665  2.01%  2238 12823s
 619212 464306   11.65003   49 2181   11.85489   11.61674  2.01%  2239 12892s
 623239 467361   11.65150   30 2408   11.85489   11.61674  2.01%  2239 12956s
 627276 469637     cutoff  119        11.85489   11.61674  2.01%  2237 13022s
 630309 471532   11.68174   54 2034   11.85489   11.61681  2.01%  2239 13085s
 632801 473278     cutoff  125        11.85489   11.61681  2.01%  2240 13151s
 635361 476432   11.76757  107 2006   11.85489   11.61681  2.01%  2245 13235s
 639477 480040   11.76490  130 1910   11.85489   11.61681  2.01%  2246 13309s
 643887 483023   11.65993   49 2001   11.85489   11.61696  2.01%  2243 13373s
 647907 484853   11.75884  134 1724   11.85489   11.61696  2.01%  2241 13433s
 650633 487230   11.73703   86 1734   11.85489   11.61696  2.01%  2243 13496s
 653882 489221   11.63878   42 2185   11.85489   11.61702  2.01%  2244 13558s
 656699 491631     cutoff  162        11.85489   11.61702  2.01%  2246 13623s
 659893 493414   11.84913  158 1680   11.85489   11.61703  2.01%  2247 13689s
 662450 496599   11.68007   61 1987   11.85489   11.61711  2.01%  2251 13754s
 666361 497946     cutoff  166        11.85489   11.61713  2.01%  2249 13808s
 668258 500505   11.75303  102 1799   11.85489   11.61713  2.01%  2251 13873s
 671625 502634   11.67769   50 2127   11.85489   11.61716  2.01%  2251 13938s
 674627 504692   11.71596   64 1958   11.85489   11.61724  2.00%  2253 14011s
 677425 507147   11.65426   46 2162   11.85489   11.61729  2.00%  2256 14078s
 680670 509367     cutoff  111        11.85489   11.61729  2.00%  2257 14147s
 683751 511513   11.81669  106 1860   11.85489   11.61734  2.00%  2260 14215s
 686780 513701     cutoff   87        11.85489   11.61739  2.00%  2262 14286s
 689702 517034   11.80429   89 2026   11.85489   11.61743  2.00%  2265 14360s
 693915 518739   11.65242   49 2088   11.85489   11.61744  2.00%  2265 14429s
 696287 520504   11.66921   37 2258   11.85489   11.61748  2.00%  2268 14518s
 699361 523947     cutoff  116        11.85489   11.61751  2.00%  2273 14609s
 703937 527236     cutoff  186        11.85489   11.61752  2.00%  2275 14687s
 708220 530659   11.67871   52 2065   11.85489   11.61759  2.00%  2275 14762s
 712607 533467   11.84623  174 1876   11.85489   11.61764  2.00%  2274 14831s
 716289 537110   11.85449  182 1770   11.85489   11.61764  2.00%  2275 14900s
 720766 538732     cutoff  119        11.85489   11.61765  2.00%  2271 14959s
 722952 541325   11.73472   76 1899   11.85489   11.61765  2.00%  2271 15021s
 726514 543378     cutoff  132        11.85489   11.61765  2.00%  2271 15082s
 729317 545909   11.85155  110 1914   11.85489   11.61776  2.00%  2272 15149s
 732673 548369     cutoff  139        11.85489   11.61784  2.00%  2272 15212s
 736001 550445   11.76415  107 1970   11.85489   11.61788  2.00%  2273 15278s
 738786 552707     cutoff   56        11.85489   11.61788  2.00%  2275 15345s
 741840 555217   11.78097  106 1874   11.85489   11.61788  2.00%  2277 15412s
 745155 557667     cutoff  127        11.85489   11.61795  2.00%  2279 15480s
 748402 559976   11.62961   45 2111   11.85489   11.61795  2.00%  2280 15545s
 751579 562479     cutoff  115        11.85489   11.61795  2.00%  2281 15615s
 754909 564948   11.75977   97 1773   11.85489   11.61807  2.00%  2282 15679s
 758134 567440   11.63915   49 2122   11.85489   11.61807  2.00%  2282 15749s
 761454 570002 infeasible  187        11.85489   11.61807  2.00%  2283 15816s
 764752 572210     cutoff  140        11.85489   11.61810  2.00%  2284 15884s
 767896 574490   11.64037   46 2143   11.85489   11.61819  2.00%  2285 15952s
 770873 577172   11.66033   50 2126   11.85489   11.61821  2.00%  2287 16020s
 774354 579726     cutoff  120        11.85489   11.61821  2.00%  2288 16088s
 777702 582260     cutoff  141        11.85489   11.61821  2.00%  2289 16156s
 781196 583436   11.75350   85 2037   11.85489   11.61830  2.00%  2289 16221s
H781266 582473                      11.8508896   11.61830  1.96%  2289 16221s
H783006 583992                      11.8502756   11.61830  1.96%  2292 16301s
H783008 583990                      11.8502691   11.61830  1.96%  2292 16301s
H783117 583955                      11.8502144   11.61830  1.96%  2292 16301s
H783258 583955                      11.8502120   11.61830  1.96%  2292 16301s
 785450 585814   11.69431   59 2019   11.85021   11.61830  1.96%  2294 16370s
H785907 585814                      11.8502118   11.61830  1.96%  2294 16370s
H786629 585812                      11.8502063   11.61830  1.96%  2295 16370s
 787897 588661     cutoff   97        11.85021   11.61830  1.96%  2296 16455s
H787939 588661                      11.8502063   11.61830  1.96%  2297 16456s
 791766 591324   11.70019   49 2164   11.85021   11.61839  1.96%  2299 16536s
H795278 593693                      11.8502058   11.61844  1.96%  2301 16613s
H795693 593693                      11.8502058   11.61846  1.96%  2301 16613s
H796874 593693                      11.8502058   11.61851  1.96%  2301 16613s
 798683 595872   11.76264  157 1702   11.85021   11.61851  1.96%  2304 16693s
H799780 595872                      11.8502055   11.61852  1.96%  2305 16693s
 801845 599082   11.65453   38 2232   11.85021   11.61852  1.96%  2307 16770s
H804148 599082                      11.8502046   11.61858  1.95%  2306 16770s
 805723 602345   11.80699   84 1891   11.85020   11.61858  1.95%  2305 16844s
 809994 605006     cutoff  104        11.85020   11.61858  1.95%  2304 16917s
 813457 607846     cutoff  112        11.85020   11.61858  1.95%  2305 16985s
 817033 610676   11.66843   44 2252   11.85020   11.61867  1.95%  2305 17051s
 820840 612349   11.71481   93 1855   11.85020   11.61870  1.95%  2304 17109s
 823218 614535   11.71117   65 2048   11.85020   11.61870  1.95%  2306 17175s
 826212 616396   11.65084   37 2305   11.85020   11.61870  1.95%  2307 17243s
 828888 618287     cutoff   86        11.85020   11.61870  1.95%  2310 17315s
 831588 620667     cutoff  103        11.85020   11.61874  1.95%  2313 17387s
 834853 623256     cutoff  135        11.85020   11.61885  1.95%  2315 17459s
 838477 625748   11.65703   49 2099   11.85020   11.61889  1.95%  2316 17532s
 841758 628679     cutoff  107        11.85020   11.61889  1.95%  2317 17605s
 845541 631105   11.71653   80 1713   11.85020   11.61889  1.95%  2317 17674s
 848786 632890     cutoff  117        11.85020   11.61898  1.95%  2318 17741s
 851350 635201     cutoff   46        11.85020   11.61902  1.95%  2321 17829s
 854524 637258   11.81854  114 1768   11.85020   11.61902  1.95%  2324 17912s
 857325 640215   11.69117   66 2099   11.85020   11.61909  1.95%  2327 18004s
 861388 642507   11.80642  139 1510   11.85020   11.61910  1.95%  2328 18089s
 864491 644750   11.75950   71 2055   11.85020   11.61910  1.95%  2330 18174s
 867619 647086   11.84087  107 1952   11.85020   11.61915  1.95%  2335 18259s
 870950 649431   11.66759   44 2190   11.85020   11.61924  1.95%  2338 18346s
 874349 649583     cutoff  104        11.85020   11.61929  1.95%  2342 18482s
 874731 652121   11.70755   48 2184   11.85020   11.61930  1.95%  2343 18572s
 878247 654030   11.72119   54 2103   11.85020   11.61931  1.95%  2347 18640s
 880918 656257   11.84372   77 1925   11.85020   11.61931  1.95%  2349 18723s
 884130 658756     cutoff  112        11.85020   11.61937  1.95%  2352 18802s
 887522 660968     cutoff  122        11.85020   11.61937  1.95%  2353 18888s
 890505 663333     cutoff   71        11.85020   11.61946  1.95%  2355 18971s
 893749 665926   11.66315   38 2279   11.85020   11.61951  1.95%  2358 19054s
 897150 668369   11.66290   57 1978   11.85020   11.61956  1.95%  2361 19137s
 900419 671308     cutoff  114        11.85020   11.61956  1.95%  2363 19219s
 904346 674064   11.62626   32 2230   11.85020   11.61956  1.95%  2365 19300s
 908048 675858   11.80534  105 1931   11.85020   11.61956  1.95%  2366 19366s
 910684 677883   11.81010  132 1736   11.85020   11.61967  1.95%  2369 19448s
 913807 680872   11.83004  100 1877   11.85020   11.61967  1.95%  2373 19533s
 917719 683905     cutoff  127        11.85020   11.61973  1.94%  2375 19611s
 921822 685809     cutoff   93        11.85020   11.61973  1.94%  2375 19686s
 924511 688201     cutoff  113        11.85020   11.61979  1.94%  2376 19762s
 927751 690581   11.83006  106 1853   11.85020   11.61979  1.94%  2378 19840s
 931120 692974   11.67740   55 2084   11.85020   11.61996  1.94%  2381 19919s
 934403 696021   11.73315   92 1868   11.85020   11.61996  1.94%  2382 19998s
 938337 698724   11.76511   93 1808   11.85020   11.61997  1.94%  2382 20067s
 941784 701064   11.69821   65 2008   11.85020   11.62001  1.94%  2382 20133s
 944882 703689   11.68736   62 1869   11.85020   11.62004  1.94%  2383 20199s
 948489 706572   11.79924  143 1638   11.85020   11.62005  1.94%  2383 20265s
 952089 708586   11.76660  103 1852   11.85020   11.62013  1.94%  2382 20327s
 954943 710514   11.65753   46 2291   11.85020   11.62013  1.94%  2382 20394s
 957673 712884   11.70717   61 2049   11.85020   11.62013  1.94%  2384 20462s
 960823 715103     cutoff   93        11.85020   11.62013  1.94%  2385 20531s
 963932 716388     cutoff  108        11.85020   11.62014  1.94%  2387 20600s
H965168 716388                      11.8502045   11.62014  1.94%  2389 20600s
 965839 718092     cutoff  113        11.85020   11.62014  1.94%  2389 20678s
 968409 719611   11.84627   91 1843   11.85020   11.62031  1.94%  2393 20750s
 970704 722234     cutoff  119        11.85020   11.62031  1.94%  2396 20845s
 974430 723800   11.73364   87 1677   11.85020   11.62038  1.94%  2400 20935s
 977138 725799   11.64222   33 2347   11.85020   11.62044  1.94%  2405 21028s
 980073 727652   11.74021   55 2217   11.85020   11.62046  1.94%  2409 21128s
 983079 729801   11.65253   49 2211   11.85020   11.62052  1.94%  2415 21230s
 986295 732216   11.83961   91 1795   11.85020   11.62061  1.94%  2418 21328s
 989863 734061   11.79281   92 1817   11.85020   11.62062  1.94%  2422 21423s
 992827 736643     cutoff  121        11.85020   11.62069  1.94%  2428 21522s
 996309 739613     cutoff   87        11.85020   11.62069  1.94%  2429 21619s
 1000458 741491   11.82068   87 1964   11.85020   11.62069  1.94%  2431 21687s
 1003143 743565   11.81805  117 1727   11.85020   11.62079  1.94%  2433 21769s
 1006227 745724   11.77516  123 1790   11.85020   11.62080  1.94%  2436 21855s
 1009408 747493   11.84422   69 1972   11.85020   11.62088  1.94%  2439 21942s
 1012166 749761     cutoff  119        11.85020   11.62095  1.93%  2444 22030s
 1015493 751870     cutoff   43        11.85020   11.62096  1.93%  2447 22119s
 1018658 754635   11.81735   74 1888   11.85020   11.62100  1.93%  2451 22209s
 1022311 757929     cutoff   90        11.85020   11.62105  1.93%  2453 22294s
 1026640 760297   11.69336   53 2017   11.85020   11.62107  1.93%  2452 22378s
 1029926 761755     cutoff   89        11.85020   11.62108  1.93%  2454 22449s
 1032202 764380   11.74831   63 2144   11.85020   11.62110  1.93%  2457 22544s
 1035541 766774   11.79467  116 1828   11.85020   11.62110  1.93%  2458 22640s
 1039246 768701   11.82719   68 1952   11.85020   11.62115  1.93%  2461 22731s
 1042385 770642     cutoff   92        11.85020   11.62123  1.93%  2465 22826s
 1045584 773072   11.71981   55 2207   11.85020   11.62128  1.93%  2469 22923s
 1049101 774730     cutoff  106        11.85020   11.62130  1.93%  2472 23014s
 1051821 776353     cutoff   90        11.85020   11.62137  1.93%  2477 23108s
 1054664 779624     cutoff   92        11.85020   11.62139  1.93%  2482 23210s
 1059041 781192   11.64381   45 2206   11.85020   11.62140  1.93%  2483 23281s
 1061567 783737   11.80108  106 1991   11.85020   11.62140  1.93%  2486 23372s
 1065220 785871     cutoff  104        11.85020   11.62150  1.93%  2488 23455s
 1068378 787636   11.78643   85 2008   11.85020   11.62154  1.93%  2491 23542s
 1070976 789785     cutoff  100        11.85020   11.62158  1.93%  2495 23633s
 1074206 792136     cutoff   45        11.85020   11.62162  1.93%  2497 23725s
 1077691 794196   11.77236  111 1747   11.85020   11.62170  1.93%  2500 23813s
 1080757 797874     cutoff  102        11.85020   11.62171  1.93%  2503 23901s
 1085494 799771   11.80696   37 2333   11.85020   11.62179  1.93%  2502 23982s
 1088131 801643     cutoff  115        11.85020   11.62179  1.93%  2503 24052s
 1090876 803983   11.84667  117 1701   11.85020   11.62179  1.93%  2505 24137s
 1094152 806360     cutoff  118        11.85020   11.62185  1.93%  2507 24223s
 1097573 808449     cutoff  146        11.85020   11.62188  1.93%  2509 24304s
 1100731 810238     cutoff  103        11.85020   11.62192  1.93%  2511 24386s
 1103491 812999     cutoff   98        11.85020   11.62195  1.93%  2515 24475s
 1107262 816436   11.65733   44 2096   11.85020   11.62200  1.93%  2516 24566s
 1111622 818025   11.84958  108 1876   11.85020   11.62201  1.93%  2516 24642s
 1114009 819426   11.64471   42 2142   11.85020   11.62203  1.93%  2519 24722s
 1116386 820740     cutoff   38        11.85020   11.62206  1.93%  2523 24810s
 1118822 822577   11.67175   37 2297   11.85020   11.62212  1.92%  2528 24882s
 1121502 824769     cutoff   47        11.85020   11.62215  1.92%  2530 24968s
 1124694 827511   11.84739  136 1770   11.85020   11.62217  1.92%  2531 25054s
 1128517 829247   11.81947   83 1961   11.85020   11.62217  1.92%  2532 25137s
 1131190 830870   11.76158   81 2080   11.85020   11.62228  1.92%  2536 25221s
 1133628 833232   11.67428   44 2214   11.85020   11.62228  1.92%  2538 25313s
 1137082 835411   11.84096  114 1976   11.85020   11.62230  1.92%  2540 25406s
 1140509 837777   11.67186   49 2280   11.85020   11.62239  1.92%  2543 25496s
 1143946 839584     cutoff   36        11.85020   11.62243  1.92%  2544 25583s
 1146707 842275     cutoff   30        11.85020   11.62243  1.92%  2548 25675s
 1150545 844007     cutoff   51        11.85020   11.62247  1.92%  2549 25748s
 1153183 846460     cutoff   51        11.85020   11.62251  1.92%  2552 25834s
 1156756 848764     cutoff  115        11.85020   11.62254  1.92%  2553 25920s
 1159963 850555     cutoff  124        11.85020   11.62256  1.92%  2554 26003s
 1162686 852809   11.76170   74 1977   11.85020   11.62267  1.92%  2558 26091s
 1165979 854499     cutoff   97        11.85020   11.62269  1.92%  2561 26179s
 1168610 856883   11.66633   52 2169   11.85020   11.62276  1.92%  2564 26268s
 1172126 858637   11.67655   46 2010   11.85020   11.62279  1.92%  2567 26356s
 1174688 860775   11.84615  148 1918   11.85020   11.62279  1.92%  2569 26449s
 1177928 863345   11.77381   94 1817   11.85020   11.62280  1.92%  2572 26541s
 1181662 865201     cutoff  129        11.85020   11.62286  1.92%  2574 26614s
 1184398 866657     cutoff  125        11.85020   11.62286  1.92%  2576 26701s
 1186899 867306   11.74439   71 1987   11.85020   11.62294  1.92%  2579 26829s
 1187900 870540   11.66084   47 2186   11.85020   11.62298  1.92%  2580 26943s
 1192580 873363     cutoff  118        11.85020   11.62303  1.92%  2583 27041s
 1196695 875842   11.80955  125 1913   11.85020   11.62306  1.92%  2584 27135s
 1200376 878193     cutoff  118        11.85020   11.62308  1.92%  2586 27225s
 1203721 881195     cutoff   83        11.85020   11.62308  1.92%  2588 27313s
 1207803 883888   11.75277  105 1933   11.85020   11.62317  1.92%  2589 27394s
 1211524 885850   11.74450   87 1910   11.85020   11.62323  1.92%  2589 27466s
 1214388 888801   11.66559   52 2061   11.85020   11.62325  1.92%  2591 27547s
 1218222 890230   11.84028   85 1942   11.85020   11.62328  1.91%  2591 27622s
 1220203 892322     cutoff   93        11.85020   11.62328  1.91%  2593 27705s
 1223325 894698     cutoff   99        11.85020   11.62332  1.91%  2595 27791s
 1226775 897443   11.71615   65 1822   11.85020   11.62335  1.91%  2596 27874s
 1230622 899384     cutoff  126        11.85020   11.62335  1.91%  2597 27956s
 1233459 901233   11.77298  133 1793   11.85020   11.62339  1.91%  2598 28040s
 1236278 902887   11.66221   41 2195   11.85020   11.62348  1.91%  2601 28127s
 1238814 905409     cutoff   91        11.85020   11.62349  1.91%  2604 28217s
 1242445 908223   11.83932   98 1685   11.85020   11.62349  1.91%  2606 28288s
 1246171 909892     cutoff  105        11.85020   11.62349  1.91%  2606 28353s
 1248578 911650     cutoff  112        11.85020   11.62359  1.91%  2607 28428s
 1251169 914449     cutoff  102        11.85020   11.62361  1.91%  2609 28505s
 1254743 916386   11.72337   64 2097   11.85020   11.62363  1.91%  2609 28582s
 1257658 918283   11.62603   35 2389   11.85020   11.62366  1.91%  2610 28659s
 1260432 920630     cutoff  101        11.85020   11.62366  1.91%  2613 28735s
 1263495 923530   11.78305  129 1795   11.85020   11.62367  1.91%  2613 28814s
 1267267 925709     cutoff  123        11.85020   11.62367  1.91%  2612 28891s
 1270450 928105     cutoff  124        11.85020   11.62382  1.91%  2613 28969s
 1273706 929749   11.77422  104 1933   11.85020   11.62382  1.91%  2615 29042s
 1276270 931783     cutoff   96        11.85020   11.62387  1.91%  2617 29136s
 1279521 934104   11.64618   48 2164   11.85020   11.62391  1.91%  2619 29227s
 1282910 935891   11.64794   42 2243   11.85020   11.62398  1.91%  2622 29319s
 1285745 938253     cutoff   44        11.85020   11.62401  1.91%  2626 29413s
 1289325 941479     cutoff  105        11.85020   11.62404  1.91%  2628 29508s
 1293618 944825   11.71447   60 1995   11.85020   11.62404  1.91%  2628 29593s
 1297839 946616 infeasible  119        11.85020   11.62411  1.91%  2628 29674s
 1300504 948458     cutoff  107        11.85020   11.62411  1.91%  2631 29756s
 1303331 950465     cutoff   85        11.85020   11.62417  1.91%  2633 29829s
 1306285 951942   11.84241  106 1702   11.85020   11.62419  1.91%  2635 29906s
 1308444 954038   11.71873   50 2068   11.85020   11.62419  1.91%  2636 30001s
 1311663 956926   11.82352  105 1821   11.85020   11.62419  1.91%  2639 30100s
 1315472 959329   11.77163  108 1723   11.85020   11.62428  1.91%  2640 30193s
 1318827 961499     cutoff   71        11.85020   11.62428  1.91%  2641 30284s
 1322111 962909     cutoff  126        11.85020   11.62437  1.91%  2644 30377s
 1324733 965535     cutoff  105        11.85020   11.62437  1.91%  2648 30470s
 1328480 967677     cutoff   96        11.85020   11.62439  1.91%  2650 30562s
 1331555 970714   11.81481   82 2055   11.85020   11.62447  1.90%  2653 30654s
 1335774 972494   11.77391  104 1899   11.85020   11.62449  1.90%  2653 30728s
 1338457 974577   11.71935   68 2019   11.85020   11.62451  1.90%  2655 30817s
 1341770 976434   11.68410   58 2040   11.85020   11.62454  1.90%  2657 30907s
 1344720 979074     cutoff  110        11.85020   11.62457  1.90%  2660 31000s
 1348589 982221   11.84803  111 1832   11.85020   11.62461  1.90%  2661 31087s
 1352863 984109     cutoff  120        11.85020   11.62465  1.90%  2661 31166s
 1355703 985723     cutoff  132        11.85020   11.62465  1.90%  2663 31249s
 1358115 987541     cutoff   50        11.85020   11.62470  1.90%  2664 31336s
 1361036 991345   11.64303   21 2631   11.85020   11.62475  1.90%  2666 31427s
 1365923 993239   11.67371   40 2199   11.85020   11.62475  1.90%  2665 31502s
 1368765 995269   11.69985   47 2229   11.85020   11.62480  1.90%  2666 31586s
 1371613 997275   11.68496   41 2176   11.85020   11.62485  1.90%  2669 31677s
 1374665 999454     cutoff   49        11.85020   11.62486  1.90%  2671 31771s
 1378004 1001815     cutoff   99        11.85020   11.62492  1.90%  2674 31866s
 1381561 1004779     cutoff   93        11.85020   11.62498  1.90%  2675 31955s
 1385523 1006910     cutoff  122        11.85020   11.62498  1.90%  2676 32044s
 1388680 1009253   11.66316   45 2118   11.85020   11.62506  1.90%  2677 32129s
 1392117 1011866   11.66989   47 2181   11.85020   11.62511  1.90%  2678 32215s
 1395760 1014070   11.77371  102 1792   11.85020   11.62514  1.90%  2679 32290s
 1398812 1016038   11.69886   54 2039   11.85020   11.62514  1.90%  2680 32383s
 1401390 1018947 infeasible   56        11.85020   11.62514  1.90%  2680 32471s
 1405264 1020918   11.70455   64 1768   11.85020   11.62520  1.90%  2680 32554s
 1408175 1023057   11.72650   55 2003   11.85020   11.62525  1.90%  2682 32642s
 1411356 1025272   11.76187   59 2102   11.85020   11.62526  1.90%  2684 32727s
 1414633 1028044     cutoff  139        11.85020   11.62529  1.90%  2686 32810s
 1418331 1030592     cutoff   47        11.85020   11.62535  1.90%  2686 32893s
 1421836 1032869   11.68157   55 2161   11.85020   11.62539  1.90%  2687 32975s
 1425144 1035247     cutoff   79        11.85020   11.62539  1.90%  2688 33050s
 1428406 1037143   11.66081   48 2094   11.85020   11.62540  1.90%  2689 33124s
 1431155 1039577   11.64588   35 2353   11.85020   11.62546  1.90%  2690 33203s
 1434378 1042170     cutoff   51        11.85020   11.62547  1.90%  2691 33284s
 1437985 1043805   11.76856  138 1829   11.85020   11.62548  1.90%  2691 33361s
 1440652 1045805   11.84200  109 1960   11.85020   11.62548  1.90%  2693 33446s
 1443585 1047775   11.66790   41 2124   11.85020   11.62553  1.90%  2695 33529s
 1446557 1049769   11.68733   50 2059   11.85020   11.62553  1.90%  2696 33618s
 1449443 1051712   11.66754   40 2160   11.85020   11.62561  1.90%  2697 33705s
 1452410 1053757   11.64749   49 2136   11.85020   11.62563  1.90%  2698 33794s
 1455488 1055488   11.63289   42 2177   11.85020   11.62567  1.89%  2700 33867s
 1458151 1057634   11.66672   51 2122   11.85020   11.62574  1.89%  2702 33958s
 1461377 1059509   11.65708   47 2112   11.85020   11.62578  1.89%  2704 34049s
 1464283 1061487     cutoff  121        11.85020   11.62581  1.89%  2707 34144s
 1467449 1063979   11.77176   97 1795   11.85020   11.62586  1.89%  2710 34238s
 1471159 1066619   11.76967  105 1765   11.85020   11.62589  1.89%  2711 34331s
 1474999 1069589     cutoff  111        11.85020   11.62593  1.89%  2712 34421s
 1478909 1072212     cutoff  105        11.85020   11.62594  1.89%  2713 34505s
 1482628 1072516   11.84238   95 1886   11.85020   11.62597  1.89%  2713 34630s
 1483167 1074981     cutoff  104        11.85020   11.62597  1.89%  2714 34719s
 1486664 1078425     cutoff   85        11.85020   11.62600  1.89%  2715 34795s
 1490988 1079690     cutoff   98        11.85020   11.62601  1.89%  2714 34852s
 1492779 1082264     cutoff  104        11.85020   11.62604  1.89%  2713 34950s
 1493204 1082264     cutoff  121        11.85020   11.62604  1.89%  2713 34971s
 1496179 1084075   11.82879  132 1796   11.85020   11.62607  1.89%  2713 35039s
 1498838 1085797     cutoff   77        11.85020   11.62608  1.89%  2714 35110s
 1501474 1087687   11.64240   47 2251   11.85020   11.62613  1.89%  2716 35185s
 1504059 1091182   11.81291  110 1939   11.85020   11.62613  1.89%  2716 35262s
 1508325 1092115     cutoff  119        11.85020   11.62613  1.89%  2715 35335s
 1510174 1093488     cutoff   68        11.85020   11.62619  1.89%  2717 35434s
 1512632 1095233     cutoff   44        11.85020   11.62619  1.89%  2719 35516s
 1515420 1097425   11.63027   37 2150   11.85020   11.62622  1.89%  2721 35603s
 1518523 1099706   11.68656   56 2058   11.85020   11.62625  1.89%  2722 35682s
 1521790 1101298   11.79421  113 1529   11.85020   11.62627  1.89%  2723 35758s
 1524421 1102867   11.70536   44 2145   11.85020   11.62633  1.89%  2724 35842s
 1526930 1105166   11.76819   95 1890   11.85020   11.62637  1.89%  2727 35931s
 1530452 1106930   11.72059   67 1936   11.85020   11.62639  1.89%  2729 36017s
 1533472 1108654   11.80673   99 1617   11.85020   11.62639  1.89%  2731 36103s
 1535992 1110636   11.82754  111 1789   11.85020   11.62641  1.89%  2732 36195s
 1539152 1114251   11.65217   54 1998   11.85020   11.62642  1.89%  2734 36298s
 1543937 1116567   11.80578  122 1865   11.85020   11.62652  1.89%  2734 36382s
 1547244 1118154   11.81457   97 1951   11.85020   11.62658  1.89%  2735 36466s
 1549847 1120114   11.67416   35 2361   11.85020   11.62659  1.89%  2737 36543s
 1552677 1122742   11.64773   50 2086   11.85020   11.62662  1.89%  2738 36630s
 1556406 1126277   11.68483   46 1949   11.85020   11.62662  1.89%  2739 36711s
 1560880 1127720     cutoff   97        11.85020   11.62667  1.89%  2738 36783s
 1563351 1129822     cutoff   89        11.85020   11.62670  1.89%  2740 36860s
 1566391 1131347   11.66956   51 2053   11.85020   11.62673  1.89%  2741 36937s
 1568855 1133320   11.67793   35 2356   11.85020   11.62676  1.89%  2743 37017s
 1571756 1135870   11.72390   62 1969   11.85020   11.62678  1.89%  2744 37100s
 1575394 1137479     cutoff  156        11.85020   11.62680  1.89%  2745 37184s
 1577940 1139052   11.64318   38 2128   11.85020   11.62683  1.88%  2747 37269s
 1580263 1141437     cutoff   79        11.85020   11.62683  1.88%  2748 37346s
 1583589 1143040   11.84745  122 1882   11.85020   11.62687  1.88%  2749 37421s
 1586142 1145377     cutoff  141        11.85020   11.62694  1.88%  2751 37502s
 1589560 1146921     cutoff  110        11.85020   11.62696  1.88%  2751 37585s
 1592082 1149513   11.63118   45 2125   11.85020   11.62699  1.88%  2753 37672s
 1595691 1151901   11.70498   46 2115   11.85020   11.62702  1.88%  2754 37758s
 1599174 1153249   11.76696   89 1831   11.85020   11.62702  1.88%  2755 37843s
 1601476 1155566   11.77554   82 1976   11.85020   11.62711  1.88%  2757 37930s
 1604916 1157145   11.83854  110 1874   11.85020   11.62713  1.88%  2758 38018s
 1607617 1159560   11.71897   77 1829   11.85020   11.62718  1.88%  2760 38112s
 1611237 1161279   11.65285   53 2028   11.85020   11.62724  1.88%  2762 38190s
 1613951 1163460   11.79998  110 1652   11.85020   11.62724  1.88%  2763 38286s
 1617352 1165790     cutoff   90        11.85020   11.62727  1.88%  2765 38376s
 1620758 1168064   11.76719   86 1899   11.85020   11.62733  1.88%  2766 38465s
 1624224 1169805     cutoff  132        11.85020   11.62733  1.88%  2767 38550s
 1626747 1171880     cutoff   32        11.85020   11.62733  1.88%  2767 38641s
 1629913 1173954   11.69900   58 1969   11.85020   11.62743  1.88%  2769 38732s
 1632989 1176503   11.73181   68 2019   11.85020   11.62746  1.88%  2772 38823s
 1636547 1179159   11.79669  134 1576   11.85020   11.62748  1.88%  2772 38914s
 1640434 1181023     cutoff   93        11.85020   11.62751  1.88%  2773 38989s
 1643314 1183176   11.76170  105 1671   11.85020   11.62754  1.88%  2774 39075s
 1646552 1185368   11.83359  116 1612   11.85020   11.62754  1.88%  2776 39163s
 1649765 1187673   11.69866   60 1923   11.85020   11.62761  1.88%  2777 39251s
 1653142 1190375   11.83903  121 1868   11.85020   11.62765  1.88%  2778 39337s
 1656910 1192984   11.75533   44 2159   11.85020   11.62770  1.88%  2778 39455s
 1656985 1192984     cutoff  138        11.85020   11.62770  1.88%  2778 39483s
 1660510 1195207   11.83891  104 1793   11.85020   11.62770  1.88%  2778 39564s
 1663705 1197891     cutoff   50        11.85020   11.62773  1.88%  2779 39647s
 1667486 1200141   11.82641  136 1618   11.85020   11.62779  1.88%  2780 39726s
 1670697 1202095   11.76641   99 1959   11.85020   11.62779  1.88%  2780 39803s
 1673561 1204226   11.70723   69 1957   11.85020   11.62783  1.88%  2782 39891s
 1676759 1205921   11.73947   79 1808   11.85020   11.62787  1.88%  2783 39983s
 1679298 1208409   11.72720   79 1751   11.85020   11.62787  1.88%  2784 40078s
 1682968 1211327     cutoff  108        11.85020   11.62792  1.88%  2785 40170s
 1686977 1213840   11.84767  104 2002   11.85020   11.62792  1.88%  2786 40265s
 1690617 1216157   11.63100   50 2049   11.85020   11.62798  1.88%  2786 40348s
 1694030 1218538   11.65581   49 2146   11.85020   11.62801  1.88%  2787 40433s
 1697465 1220396     cutoff   54        11.85020   11.62804  1.87%  2788 40516s
 1700243 1222131     cutoff   86        11.85020   11.62810  1.87%  2790 40592s
 1702947 1224208     cutoff   97        11.85020   11.62811  1.87%  2791 40683s
 1706221 1226031     cutoff  104        11.85020   11.62813  1.87%  2793 40778s
 1709046 1229277   11.65177   47 2163   11.85020   11.62819  1.87%  2794 40871s
 1713668 1231289     cutoff   62        11.85020   11.62826  1.87%  2794 40957s
 1716791 1233680   11.83510   85 2036   11.85020   11.62826  1.87%  2795 41042s
 1720128 1235894     cutoff   91        11.85020   11.62826  1.87%  2795 41130s
 1723462 1237952   11.84223   52 1978   11.85020   11.62831  1.87%  2796 41216s
 1726618 1239405   11.65935   40 2167   11.85020   11.62839  1.87%  2798 41303s
 1728841 1241996   11.71196   54 2043   11.85020   11.62840  1.87%  2799 41397s
 1732729 1243712   11.76354   86 1691   11.85020   11.62843  1.87%  2800 41478s
 1735521 1245771   11.81856  145 1609   11.85020   11.62845  1.87%  2801 41570s
 1738755 1247915     cutoff   78        11.85020   11.62845  1.87%  2802 41660s
 1741864 1249929   11.64469   47 2078   11.85020   11.62846  1.87%  2804 41753s
 1744953 1252869   11.83651   90 1921   11.85020   11.62853  1.87%  2806 41846s
 1749091 1255501   11.81619  120 1637   11.85020   11.62858  1.87%  2806 41933s
 1752885 1257586   11.71239   46 2048   11.85020   11.62858  1.87%  2806 42015s
 1756118 1260486     cutoff  112        11.85020   11.62862  1.87%  2807 42102s
 1760092 1263248   11.68795   59 1833   11.85020   11.62866  1.87%  2807 42184s
 1763883 1265775   11.66587   29 2460   11.85020   11.62868  1.87%  2807 42259s
 1767347 1267702     cutoff  113        11.85020   11.62868  1.87%  2807 42334s
 1770260 1269681   11.82681  115 1625   11.85020   11.62870  1.87%  2808 42410s
 1772921 1271997   11.70349   43 2200   11.85020   11.62870  1.87%  2807 42490s
 1776161 1272327     cutoff   87        11.85020   11.62878  1.87%  2808 42632s
 1776662 1274248   11.63960   35 2234   11.85020   11.62878  1.87%  2809 42721s
 1779685 1276721   11.84429   75 1906   11.85020   11.62879  1.87%  2810 42814s
 1783446 1279988   11.63456   52 1989   11.85020   11.62880  1.87%  2811 42902s
[2026-06-02T05:39:58.102] error: *** JOB 14067914 ON x1003c2s5b1n0 CANCELLED AT 2026-06-02T05:39:58 DUE TO TIME LIMIT ***
