2026-06-02 09:28:22 [INFO] idaes.core.surrogate.pysmo_surrogate: Decode surrogate. type=poly

===========================Polynomial Regression===============================================

The number of cross-validation cases (3) is used.
The default training/cross-validation split of 0.75 is used.
No iterations will be run.
Default parameter estimation method is used.
Parameter estimation method:  pyomo 

2026-06-02 09:28:22 [INFO] idaes.core.surrogate.pysmo_surrogate: Decode surrogate. type=poly

===========================Polynomial Regression===============================================

The number of cross-validation cases (3) is used.
The default training/cross-validation split of 0.75 is used.
No iterations will be run.
Default parameter estimation method is used.
Parameter estimation method:  pyomo 

2026-06-02 09:28:22 [INFO] idaes.core.surrogate.pysmo_surrogate: Decode surrogate. type=poly

===========================Polynomial Regression===============================================

The number of cross-validation cases (3) is used.
The default training/cross-validation split of 0.75 is used.
No iterations will be run.
Default parameter estimation method is used.
Parameter estimation method:  pyomo 

2026-06-02 09:28:22 [INFO] idaes.core.surrogate.pysmo_surrogate: Decode surrogate. type=poly

===========================Polynomial Regression===============================================

The number of cross-validation cases (3) is used.
The default training/cross-validation split of 0.75 is used.
No iterations will be run.
Default parameter estimation method is used.
Parameter estimation method:  pyomo 

2026-06-02 09:28:23 [INFO] idaes.apps.grid_integration.pricetaker.price_taker_model: Found minimum uptime/downtime data for pretreatment.uf_pumps[1] - Adding minimum uptime/downtime constraints.
2026-06-02 09:28:23 [INFO] idaes.apps.grid_integration.pricetaker.price_taker_model: Created startup/shutdown constraints for operation model  pretreatment.uf_pumps[1] at uf_pumps_1_startup_shutdown.
2026-06-02 09:28:23 [INFO] idaes.apps.grid_integration.pricetaker.price_taker_model: Found minimum uptime/downtime data for pretreatment.uf_pumps[2] - Adding minimum uptime/downtime constraints.
2026-06-02 09:28:23 [INFO] idaes.apps.grid_integration.pricetaker.price_taker_model: Created startup/shutdown constraints for operation model  pretreatment.uf_pumps[2] at uf_pumps_2_startup_shutdown.
2026-06-02 09:28:23 [INFO] idaes.apps.grid_integration.pricetaker.price_taker_model: Found minimum uptime/downtime data for pretreatment.uf_pumps[3] - Adding minimum uptime/downtime constraints.
2026-06-02 09:28:23 [INFO] idaes.apps.grid_integration.pricetaker.price_taker_model: Created startup/shutdown constraints for operation model  pretreatment.uf_pumps[3] at uf_pumps_3_startup_shutdown.
2026-06-02 09:28:23 [INFO] idaes.apps.grid_integration.pricetaker.price_taker_model: Found minimum uptime/downtime data for reverse_osmosis.ro_skid[1] - Adding minimum uptime/downtime constraints.
2026-06-02 09:28:23 [INFO] idaes.apps.grid_integration.pricetaker.price_taker_model: Created startup/shutdown constraints for operation model  reverse_osmosis.ro_skid[1] at ro_skid_1_startup_shutdown.
2026-06-02 09:28:23 [INFO] idaes.apps.grid_integration.pricetaker.price_taker_model: Found minimum uptime/downtime data for reverse_osmosis.ro_skid[2] - Adding minimum uptime/downtime constraints.
2026-06-02 09:28:23 [INFO] idaes.apps.grid_integration.pricetaker.price_taker_model: Created startup/shutdown constraints for operation model  reverse_osmosis.ro_skid[2] at ro_skid_2_startup_shutdown.
2026-06-02 09:28:23 [INFO] idaes.apps.grid_integration.pricetaker.price_taker_model: Found minimum uptime/downtime data for reverse_osmosis.ro_skid[3] - Adding minimum uptime/downtime constraints.
2026-06-02 09:28:23 [INFO] idaes.apps.grid_integration.pricetaker.price_taker_model: Created startup/shutdown constraints for operation model  reverse_osmosis.ro_skid[3] at ro_skid_3_startup_shutdown.
2026-06-02 09:28:23 [INFO] idaes.apps.grid_integration.pricetaker.price_taker_model: Found minimum uptime/downtime data for reverse_osmosis.ro_skid[4] - Adding minimum uptime/downtime constraints.
2026-06-02 09:28:23 [INFO] idaes.apps.grid_integration.pricetaker.price_taker_model: Created startup/shutdown constraints for operation model  reverse_osmosis.ro_skid[4] at ro_skid_4_startup_shutdown.
4774
Set parameter TokenServer to value "10.60.1.73"
Set parameter LogToConsole to value 1
Set parameter MIPGap to value 0.01
Gurobi Optimizer version 12.0.3 build v12.0.3rc0 (linux64 - "Red Hat Enterprise Linux 8.8 (Ootpa)")

CPU model: Intel(R) Xeon(R) Platinum 8470Q, instruction set [SSE2|AVX|AVX2|AVX512]
Thread count: 104 physical cores, 104 logical processors, using up to 32 threads

Non-default parameters:
MIPGap  0.01

Optimize a model with 17447 rows, 16877 columns and 47587 nonzeros
Model fingerprint: 0x817a14aa
Model has 168 quadratic objective terms
Model has 2856 quadratic constraints
Variable types: 11763 continuous, 5114 integer (5114 binary)
Coefficient statistics:
  Matrix range     [5e-04, 2e+03]
  QMatrix range    [2e-07, 1e+00]
  QLMatrix range   [3e-04, 1e+00]
  Objective range  [1e-05, 5e-03]
  QObjective range [2e-04, 2e-04]
  Bounds range     [9e-01, 1e+03]
  RHS range        [5e-02, 3e+05]
  QRHS range       [3e-01, 3e-01]
Presolve removed 7827 rows and 7977 columns
Presolve time: 0.11s
Presolved: 20568 rows, 9183 columns, 54113 nonzeros
Presolved model has 188 SOS constraint(s)
Presolved model has 2816 bilinear constraint(s)

Solving non-convex MIQCP

Variable types: 6344 continuous, 2839 integer (2839 binary)
Found heuristic solution: objective 11.2741934

Root relaxation: unbounded, 0 iterations, 0.01 seconds (0.00 work units)

    Nodes    |    Current Node    |     Objective Bounds      |     Work
 Expl Unexpl |  Obj  Depth IntInf | Incumbent    BestBd   Gap | It/Node Time

     0     2  postponed    0        11.27419          -      -     -    5s
    15    26  postponed    4        11.27419          -      -  7413   11s
    87   144  postponed    7        11.27419          -      -  7330   18s
   153   266  postponed    9        11.27419          -      -  8373   24s
   287   625  postponed   11        11.27419          -      -  8689   35s
   742  1142 infeasible   17        11.27419          -      -  4009   54s
H 1123  1142                      11.2741934          -      -  3119   54s
  1533  2430  postponed   24        11.27419          -      -  2474   81s
H 2170  2430                      11.2741932          -      -  2024   81s
  3442  4330  postponed   41        11.27419          -      -  1519  113s
H 5512  4330                      11.2741932          -      -  1298  113s
  6021  5879 infeasible   57        11.27419          -      -  1268  139s
  8126  7432  postponed   70        11.27419          -      -  1191  163s
 10210  9489   10.52017   83 2904   11.27419          -      -  1121  187s
 12705 11519   10.59619  146 2448   11.27419          -      -  1074  208s
 15121 11520   11.01360  298    0   11.27419          -      -  1044  210s
 15123 11521    9.37264   54 1085   11.27419    9.37264  16.9%  1044  220s
 15125 11523   10.77183  129 1017   11.27419   10.70732  5.03%  1044  226s
 15126 11523   11.15343  368 1387   11.27419   10.87607  3.53%  1043  235s
 15129 11525   10.90414  153 1500   11.27419   10.90414  3.28%  1043  240s
 15132 11527   10.90799  180 1405   11.27419   10.90799  3.25%  1043  246s
 15135 11529   10.90853    7 1425   11.27419   10.90853  3.24%  1043  250s
 15140 11533   10.90866   96 1387   11.27419   10.90866  3.24%  1042  256s
 15141 11533   10.90867   76 1387   11.27419   10.90867  3.24%  1042  265s
 15142 11534   11.06601  247 1387   11.27419   10.90867  3.24%  1042  273s
 15143 11538   10.91001   13 3613   11.27419   10.90867  3.24%  1049  458s
 15145 11541   10.91001   14 3556   11.27419   10.91001  3.23%  1049  463s
 15149 11545   10.91004   15 3562   11.27419   10.91001  3.23%  1049  470s
 15157 11552   11.01364   16 3578   11.27419   10.91004  3.23%  1051  480s
 15170 11569   11.06497   17 3487   11.27419   10.91029  3.23%  1052  494s
 15193 11586   11.09241   18 3326   11.27419   10.91322  3.20%  1058  507s
 15222 11647   11.18208   19 3231   11.27419   10.91377  3.20%  1060  521s
 15314 11665   11.23221   20 3344   11.27419   10.92082  3.13%  1073  533s
 15399 11668   11.23099   22 3034   11.27419   10.92082  3.13%  1088  549s
 15469 11689   11.26022   23 2791   11.27419   10.92082  3.13%  1108  560s
 15565 11713     cutoff   25        11.27419   10.92149  3.13%  1125  579s
 15646 11742     cutoff   25        11.27419   10.92184  3.13%  1135  590s
 15725 11792   11.00200   25 3162   11.27419   10.92184  3.13%  1145  600s
 15816 11833   11.02189   27 3143   11.27419   10.92184  3.13%  1157  610s
 15916 11862   11.10855   31 2632   11.27419   10.92184  3.13%  1165  621s
 15997 11910   11.13774   34 2705   11.27419   10.92184  3.13%  1171  632s
 16091 11980   11.16574   38 2609   11.27419   10.92184  3.13%  1176  643s
 16213 12053   11.17753   43 2613   11.27419   10.92184  3.13%  1181  655s
 16350 12128   11.19006   49 2524   11.27419   10.92184  3.13%  1186  664s
 16490 12187   11.20343   57 2476   11.27419   10.92184  3.13%  1192  675s
 16618 12261     cutoff   59        11.27419   10.92184  3.13%  1202  685s
 16766 12354   11.23754   61 2393   11.27419   10.92184  3.13%  1211  696s
 16943 12412   11.26014   67 2348   11.27419   10.92184  3.13%  1215  707s
 17088 12494   11.26483   69 2402   11.27419   10.92184  3.13%  1229  715s
 17249 12587     cutoff   73        11.27419   10.92184  3.13%  1237  726s
 17417 12666     cutoff   72        11.27419   10.92184  3.13%  1245  743s
 17573 12769     cutoff   71        11.27419   10.92184  3.13%  1258  754s
 17751 12904   11.25050  105 2191   11.27419   10.92184  3.13%  1267  770s
 17956 13037   11.25180  106 2228   11.27419   10.92184  3.13%  1273  780s
 18175 12989   11.25218  107 2223   11.27419   10.92184  3.13%  1281  789s
H18194 12405                      11.2741925   10.92184  3.13%  1287  789s
 18223 12435   11.25374  108 2126   11.27419   10.92184  3.13%  1288  799s
 18284 12485   11.26580  119 2019   11.27419   10.93106  3.04%  1296  809s
H18302 11931                      11.2741919   10.93106  3.04%  1299  809s
 18387 12125   11.27332  124 2077   11.27419   10.93304  3.03%  1303  826s
 18630 12274     cutoff  123        11.27419   10.93304  3.03%  1312  837s
 18884 12475     cutoff  123        11.27419   10.93304  3.03%  1319  850s
 19193 12643   11.05508   35 3023   11.27419   10.93304  3.03%  1326  862s
 19486 12635   11.14672   45 2771   11.27419   10.93304  3.03%  1342  873s
H19582 12082                      11.2741919   10.93304  3.03%  1355  873s
 19621 12203   11.14862   46 2750   11.27419   10.93304  3.03%  1359  888s
 19810 12423   11.14874   47 2743   11.27419   10.93556  3.00%  1370  901s
 20116 12670   11.26418   54 2653   11.27419   10.93556  3.00%  1376  915s
 20499 12582   11.26832   55 2642   11.27419   10.93556  3.00%  1381  928s
H20505 12057                      11.2665118   10.93556  2.94%  1382  928s
H20516  9837                      11.1781601   10.93556  2.17%  1384  928s
 20544  9924     cutoff   56        11.17816   10.93775  2.15%  1384  942s
H20560  9472                      11.1781596   10.93775  2.15%  1385  942s
H20681  9008                      11.1781596   10.93789  2.15%  1389  942s
H20753  8581                      11.1781596   10.93789  2.15%  1389  942s
 20886  8743     cutoff   37        11.17816   10.93789  2.15%  1394  959s
H20914  8351                      11.1781596   10.93789  2.15%  1394  959s
H20988  7933                      11.1769911   10.93789  2.14%  1403  959s
H21240  7677                      11.1737730   10.93789  2.11%  1402  973s
H21552  7228                      11.1728055   10.93789  2.10%  1412  973s
 21568  7487   11.10631   40 2941   11.17281   10.93789  2.10%  1415  987s
H21933  7053                      11.1728055   10.93802  2.10%  1420  987s
 21981  7378     cutoff   44        11.17281   10.94006  2.08%  1420 1004s
H22301  6968                      11.1722443   10.94051  2.07%  1431 1004s
 22386  7403     cutoff   40        11.17224   10.94051  2.07%  1429 1023s
H22535  7066                      11.1717606   10.94051  2.07%  1433 1023s
H22558  6791                      11.1717597   10.94051  2.07%  1432 1023s
 22900  7159   11.14038   45 2881   11.17176   10.94051  2.07%  1430 1043s
H23169  6815                      11.1717597   10.94051  2.07%  1434 1043s
 23435  7238   11.14950   49 2706   11.17176   10.94051  2.07%  1434 1058s
 24052  7698     cutoff   60        11.17176   10.94051  2.07%  1443 1073s
H24289  7378                      11.1717597   10.94232  2.05%  1451 1073s
 24811  7811   11.03355   45 2855   11.17176   10.94232  2.05%  1445 1095s
 25492  8136   11.16140   47 2642   11.17176   10.94232  2.05%  1460 1113s
H25640  7595                      11.1628983   10.94232  1.98%  1462 1113s
H26108  5069                      11.1084644   10.94312  1.49%  1472 1131s
H26256  4483                      11.1007468   10.94312  1.42%  1474 1131s
H26418  5083                      11.1007467   10.94487  1.40%  1470 1151s
H26423  5083                      11.1007465   10.94487  1.40%  1472 1151s
H26508  5083                      11.1007465   10.94487  1.40%  1473 1151s
H26840  5078                      11.1006820   10.94487  1.40%  1464 1151s
H27549  6273                      11.1006819   10.94487  1.40%  1451 1172s
H27635  6273                      11.1006819   10.94487  1.40%  1450 1172s
H28228  6272                      11.1006367   10.94487  1.40%  1442 1172s
 28855  7386     cutoff  177        11.10064   10.94547  1.40%  1438 1193s
H28914  7386                      11.1006084   10.94547  1.40%  1436 1193s
H29122  7386                      11.1006069   10.94547  1.40%  1436 1193s
H29380  7386                      11.1006059   10.94547  1.40%  1431 1193s
H29731  7386                      11.1006037   10.94547  1.40%  1432 1193s
H30109  8010                      11.1005948   10.94547  1.40%  1440 1206s
H30251  8010                      11.1005894   10.94547  1.40%  1436 1206s
H30603  8010                      11.1005877   10.94547  1.40%  1438 1206s
 30835  8654   11.08887  171 1651   11.10059   10.94547  1.40%  1446 1223s
H30836  8654                      11.1005877   10.94547  1.40%  1446 1223s
H31061  8654                      11.1005876   10.94547  1.40%  1447 1223s
H31073  8654                      11.1005805   10.94547  1.40%  1448 1223s
 31591  9132   11.09023  174 1544   11.10058   10.94547  1.40%  1453 1237s
H31674  9132                      11.1005805   10.94547  1.40%  1457 1237s
 32192  9815   11.09238  182 1573   11.10058   10.94671  1.39%  1464 1255s
H32208  9814                      11.1005761   10.94671  1.39%  1465 1255s
H32471  9814                      11.1005757   10.94671  1.39%  1464 1255s
 32950 10584   11.09614  190 1459   11.10058   10.94671  1.39%  1467 1271s
H33151 10584                      11.1005757   10.94671  1.39%  1468 1271s
H33473 10584                      11.1005754   10.94671  1.39%  1468 1271s
H33571 10584                      11.1005750   10.94671  1.39%  1470 1271s
 33777 11341     cutoff  194        11.10058   10.94671  1.39%  1470 1291s
H33995 11341                      11.1005750   10.94811  1.37%  1480 1291s
H34110 11341                      11.1005747   10.94811  1.37%  1480 1291s
H34335 11341                      11.1005744   10.94811  1.37%  1477 1291s
 34629 11801     cutoff   46        11.10057   10.94811  1.37%  1477 1306s
H34801 11801                      11.1005744   10.94811  1.37%  1482 1306s
 35211 12118   10.99115   53 2375   11.10057   10.94811  1.37%  1501 1328s
 35726 12858   11.05644  106 2090   11.10057   10.94871  1.37%  1529 1347s
 36673 13506     cutoff  142        11.10057   10.94885  1.37%  1541 1366s
 37462 14230   10.96987   61 2564   11.10057   10.94898  1.37%  1550 1385s
 38337 14873   11.04109  122 2025   11.10057   10.94898  1.37%  1569 1406s
 39163 16261   10.98964   56 2596   11.10057   10.94960  1.36%  1586 1430s
 40699 17009   11.06885  118 1803   11.10057   10.94960  1.36%  1573 1451s
H41600 16989                      11.0977479   10.94960  1.33%  1595 1473s
H41609 16846                      11.0957737   10.94960  1.32%  1596 1473s
H41612 15787                      11.0889939   10.94960  1.26%  1597 1473s
 41863 15985     cutoff   47        11.08899   10.95118  1.24%  1607 1500s
H41883 15984                      11.0889843   10.95118  1.24%  1607 1500s
H42289 15981                      11.0889768   10.95126  1.24%  1613 1500s
H42444 17123                      11.0889329   10.95126  1.24%  1614 1524s
H42606 17122                      11.0889323   10.95126  1.24%  1616 1524s
H42617 17122                      11.0889294   10.95126  1.24%  1617 1524s
H43759 18066                      11.0889294   10.95126  1.24%  1618 1553s
H43793 18064                      11.0889131   10.95126  1.24%  1617 1553s
H44183 18064                      11.0889131   10.95144  1.24%  1615 1553s
H44466 18064                      11.0889127   10.95160  1.24%  1618 1553s
 44886 19110   10.99452   82 2195   11.08891   10.95166  1.24%  1629 1580s
H44975 19110                      11.0889127   10.95166  1.24%  1628 1580s
H45020 19108                      11.0889121   10.95166  1.24%  1628 1580s
H46262 20204                      11.0889081   10.95166  1.24%  1638 1606s
H46262 20198                      11.0888825   10.95166  1.24%  1638 1606s
 47535 21525   11.03320   72 1998   11.08888   10.95166  1.24%  1643 1634s
H47651 21525                      11.0888824   10.95166  1.24%  1645 1634s
H47970 21525                      11.0888824   10.95166  1.24%  1647 1634s
H48255 21525                      11.0888824   10.95166  1.24%  1646 1634s
H48332 21522                      11.0888634   10.95166  1.24%  1645 1634s
 49046 22329   11.07926  104 1923   11.08886   10.95166  1.24%  1645 1663s
H49067 22329                      11.0888633   10.95166  1.24%  1647 1663s
H49161 22329                      11.0888633   10.95166  1.24%  1647 1663s
H49369 22329                      11.0888633   10.95166  1.24%  1652 1663s
H49900 22327                      11.0888514   10.95166  1.24%  1670 1663s
H50135 23091                      11.0888513   10.95166  1.24%  1676 1696s
H50688 23087                      11.0888419   10.95166  1.24%  1684 1696s
H50730 23087                      11.0888402   10.95166  1.24%  1690 1696s
 51294 24091 infeasible  102        11.08884   10.95166  1.24%  1702 1732s
H51436 24091                      11.0888401   10.95166  1.24%  1702 1732s
H51572 24088                      11.0888339   10.95166  1.24%  1702 1732s
 52565 24868     cutoff   47        11.08883   10.95166  1.24%  1727 1764s
H52740 24868                      11.0888306   10.95166  1.24%  1734 1764s
H53366 24868                      11.0888303   10.95166  1.24%  1744 1764s
H53372 24867                      11.0888299   10.95166  1.24%  1744 1764s
H53484 24867                      11.0888287   10.95166  1.24%  1755 1764s
H53674 26207                      11.0888271   10.95166  1.24%  1759 1798s
H54788 26207                      11.0888271   10.95166  1.24%  1771 1798s
H55120 26207                      11.0888247   10.95166  1.24%  1771 1798s
H55377 27612                      11.0888246   10.95166  1.24%  1773 1834s
H55479 27612                      11.0888238   10.95166  1.24%  1774 1834s
H56005 27612                      11.0888233   10.95401  1.22%  1779 1834s
 57096 28771   11.08784  146 1752   11.08882   10.95401  1.22%  1790 1877s
H57211 28770                      11.0888228   10.95401  1.22%  1791 1877s
H58300 28770                      11.0888225   10.95401  1.22%  1813 1877s
 58689 29935     cutoff  127        11.08882   10.95401  1.22%  1811 1922s
H58719 29935                      11.0888223   10.95401  1.22%  1814 1922s
 60333 31800     cutoff  133        11.08882   10.95661  1.19%  1840 1972s
H60453 31800                      11.0888223   10.95661  1.19%  1843 1972s
 62551 33541   11.08780  132 2165   11.08882   10.95697  1.19%  1856 2021s
H64366 33143                      11.0872128   10.95697  1.17%  1877 2021s
 64672 34901   11.05514  110 2138   11.08721   10.95697  1.17%  1882 2071s
 66867 36365   11.00328   53 2265   11.08721   10.95697  1.17%  1907 2123s
 68763 37124     cutoff  117        11.08721   10.95854  1.16%  1938 2175s
H69141 37124                      11.0872127   10.95854  1.16%  1944 2175s
 69831 38950   11.06421   82 1782   11.08721   10.95854  1.16%  1962 2234s
H69838 38950                      11.0872127   10.95854  1.16%  1962 2234s
H70231 38950                      11.0872126   10.95893  1.16%  1971 2234s
H70559 38950                      11.0872126   10.95893  1.16%  1976 2234s
H71162 38950                      11.0872123   10.95971  1.15%  1983 2234s
 72153 40737   11.08684   93 1726   11.08721   10.95971  1.15%  1991 2297s
 74546 43085     cutoff  152        11.08721   10.95971  1.15%  2020 2360s
H74548 43085                      11.0872123   10.95971  1.15%  2020 2360s
H74867 43085                      11.0872122   10.95971  1.15%  2024 2360s
 77434 45099   11.08551  108 1671   11.08721   10.96202  1.13%  2038 2429s
 80082 47408   11.08606  108 2048   11.08721   10.96215  1.13%  2063 2496s
 83140 49929   11.08693   91 2038   11.08721   10.96268  1.12%  2076 2563s
 86273 51968   10.97145   45 2558   11.08721   10.96320  1.12%  2090 2630s
H87972 51968                      11.0872120   10.96333  1.12%  2103 2630s
 88937 54424     cutoff   92        11.08721   10.96343  1.12%  2112 2701s
 92021 57060   11.08622  144 1724   11.08721   10.96406  1.11%  2133 2774s
 95254 61238     cutoff  106        11.08721   10.96452  1.11%  2149 2848s
 99965 63521   11.08152  225 1737   11.08721   10.96524  1.10%  2134 2914s
 102689 65564   11.08515  133 1963   11.08721   10.96524  1.10%  2151 2981s
 105226 68157     cutoff  122        11.08721   10.96528  1.10%  2164 3053s
 108441 71199   11.07686  108 1833   11.08721   10.96558  1.10%  2177 3126s
H108767 71199                      11.0872119   10.96560  1.10%  2179 3126s
 111917 72872   11.02753   77 2170   11.08721   10.96572  1.10%  2175 3196s
H112137 72813                      11.0870461   10.96594  1.09%  2176 3196s
H114126 76299                      11.0869370   10.96626  1.09%  2188 3271s
H114961 76292                      11.0869131   10.96626  1.09%  2185 3271s
H115391 76287                      11.0868992   10.96628  1.09%  2186 3271s
H115630 76287                      11.0868981   10.96628  1.09%  2188 3271s
H116233 76285                      11.0868946   10.96628  1.09%  2185 3271s
H116544 75764                      11.0854948   10.96628  1.08%  2186 3271s
H118117 75762                      11.0854922   10.96628  1.08%  2183 3271s
 118198 78218   11.07988  217 1856   11.08549   10.96628  1.08%  2184 3347s
 121392 80551     cutoff  108        11.08549   10.96694  1.07%  2204 3423s
 124482 83162   11.04939   96 1910   11.08549   10.96740  1.07%  2220 3503s
 127859 85584   10.99397   61 2399   11.08549   10.96765  1.06%  2235 3582s
H129275 85584                      11.0854922   10.96765  1.06%  2242 3582s
 131075 88879   10.98447   47 2787   11.08549   10.96779  1.06%  2251 3660s
H131528 88879                      11.0854917   10.96779  1.06%  2252 3660s
H132002 88840                      11.0853127   10.96779  1.06%  2254 3660s
 135080 92177   11.02512   78 1707   11.08531   10.96792  1.06%  2253 3735s
H135158 91825                      11.0846925   10.96792  1.05%  2254 3735s
H135838 91824                      11.0846867   10.96815  1.05%  2250 3735s
H137987 91817                      11.0846796   10.96817  1.05%  2251 3735s
 139008 94500   11.05472   87 1906   11.08468   10.96832  1.05%  2253 3806s
H142402 96490                      11.0846793   10.96851  1.05%  2258 3875s
 145152 98474   11.04812   88 1981   11.08468   10.96878  1.05%  2274 3951s
H146493 98474                      11.0846793   10.96896  1.04%  2278 3951s
H147274 98474                      11.0846793   10.96896  1.04%  2283 3951s
 147965 101133   11.01607   88 1944   11.08468   10.96921  1.04%  2289 4030s
H149776 101133                      11.0846792   10.96921  1.04%  2291 4030s
 151193 102808   11.04156  112 1909   11.08468   10.96922  1.04%  2299 4106s
H151373 102808                      11.0846790   10.96922  1.04%  2299 4106s
H151655 99866                      11.0802754   10.96922  1.00%  2300 4106s
 153373 102458   11.05201   92 2006   11.08028   10.96922  1.00%  2310 4196s
H153382 102304                      11.0801599   10.96922  1.00%  2311 4196s
H153558 101478                      11.0793758   10.96922  0.99%  2312 4196s
H153699 101471                      11.0793650   10.96922  0.99%  2312 4196s
H154094 101471                      11.0793643   10.96925  0.99%  2313 4196s
H154419 101457                      11.0793492   10.96925  0.99%  2317 4196s

Cutting planes:
  Learned: 291
  Gomory: 96
  Cover: 578
  Implied bound: 287
  Projected implied bound: 86
  MIR: 354
  StrongCG: 6
  Flow cover: 1065
  GUB cover: 4
  Zero half: 4
  Network: 21
  RLT: 1743
  Relax-and-lift: 461
  BQP: 10

Explored 156770 nodes (364510149 simplex iterations) in 4196.22 seconds (9636.79 work units)
Thread count was 32 (of 104 available processors)

Solution count 10: 11.0793 11.0793 11.0794 ... 11.0847

Optimal solution found (tolerance 1.00e-02)
Best objective 1.107934922024e+01, best bound 1.096925267728e+01, gap 0.9937%
m.flow_changes_penalty(): 2300.0
Total operational cost: 108493.49
Maximum power (kW): 1166.87
Discharge energy capacity (kWh): 13047.39
Charge energy capacity (kWh): 11128.53
Levelized Cost of Flexibility ($/kWh): 1.63
{'fixed_demand_cost': 5222.656186391335, 'variable_demand_cost': 4899.468072592452, 'fixed_monthly_cost': 171938.17204301074, 'total_water_production': 282179.67123287654, 'total_energy_cost': 19433.390629510464, 'total_demand_cost': 10122.124258983786, 'total_customer_cost': 0.0, 'total_feed_cost': 49172.69990649705, 'total_brine_cost': 10814.37236857442, 'total_chemical_cost': 18950.905038817265, 'total_water_revenue': 0.0, 'total_demand_response_revenue': 0.0, 'total_emissions_cost': 0.0, 'total_op_cost': 108493.49220238299, 'fixed_cost': 121551.98252688172, 'total_cost': 230045.4747292647, 'LCOW': 0.8152446762878724, 'degree_of_flex': 0.16167664670658682, 'total_replacement_cost': 1008.6177006503098, 'maximum_power': 1166.870724311988, 'energy_capacity': 13047.385563185378, 'power_capacity': 465.9780558280492, 'round_trip_efficiency': 0, 'LVOF': 1.6328254200035224}
Saved operation variable results to: /home/rchurchi/watertap_test/watertap/tutorials/flex_ro/wrd_result_summer_both_4_flexible_trains.csv
Saved summary results to: /home/rchurchi/watertap_test/watertap/tutorials/flex_ro/wrd_pricetaker_summary_results_20260602_103824.csv
