2026-06-03 14:18:14 [INFO] idaes.core.surrogate.pysmo_surrogate: Decode surrogate. type=poly

===========================Polynomial Regression===============================================

The number of cross-validation cases (3) is used.
The default training/cross-validation split of 0.75 is used.
No iterations will be run.
Default parameter estimation method is used.
Parameter estimation method:  pyomo 

2026-06-03 14:18:14 [INFO] idaes.core.surrogate.pysmo_surrogate: Decode surrogate. type=poly

===========================Polynomial Regression===============================================

The number of cross-validation cases (3) is used.
The default training/cross-validation split of 0.75 is used.
No iterations will be run.
Default parameter estimation method is used.
Parameter estimation method:  pyomo 

2026-06-03 14:18:14 [INFO] idaes.core.surrogate.pysmo_surrogate: Decode surrogate. type=poly

===========================Polynomial Regression===============================================

The number of cross-validation cases (3) is used.
The default training/cross-validation split of 0.75 is used.
No iterations will be run.
Default parameter estimation method is used.
Parameter estimation method:  pyomo 

2026-06-03 14:18:14 [INFO] idaes.core.surrogate.pysmo_surrogate: Decode surrogate. type=poly

===========================Polynomial Regression===============================================

The number of cross-validation cases (3) is used.
The default training/cross-validation split of 0.75 is used.
No iterations will be run.
Default parameter estimation method is used.
Parameter estimation method:  pyomo 

2026-06-03 14:18:15 [INFO] idaes.apps.grid_integration.pricetaker.price_taker_model: Found minimum uptime/downtime data for pretreatment.uf_pumps[1] - Adding minimum uptime/downtime constraints.
2026-06-03 14:18:15 [INFO] idaes.apps.grid_integration.pricetaker.price_taker_model: Created startup/shutdown constraints for operation model  pretreatment.uf_pumps[1] at uf_pumps_1_startup_shutdown.
2026-06-03 14:18:15 [INFO] idaes.apps.grid_integration.pricetaker.price_taker_model: Found minimum uptime/downtime data for pretreatment.uf_pumps[2] - Adding minimum uptime/downtime constraints.
2026-06-03 14:18:15 [INFO] idaes.apps.grid_integration.pricetaker.price_taker_model: Created startup/shutdown constraints for operation model  pretreatment.uf_pumps[2] at uf_pumps_2_startup_shutdown.
2026-06-03 14:18:15 [INFO] idaes.apps.grid_integration.pricetaker.price_taker_model: Found minimum uptime/downtime data for pretreatment.uf_pumps[3] - Adding minimum uptime/downtime constraints.
2026-06-03 14:18:15 [INFO] idaes.apps.grid_integration.pricetaker.price_taker_model: Created startup/shutdown constraints for operation model  pretreatment.uf_pumps[3] at uf_pumps_3_startup_shutdown.
2026-06-03 14:18:15 [INFO] idaes.apps.grid_integration.pricetaker.price_taker_model: Found minimum uptime/downtime data for reverse_osmosis.ro_skid[1] - Adding minimum uptime/downtime constraints.
2026-06-03 14:18:15 [INFO] idaes.apps.grid_integration.pricetaker.price_taker_model: Created startup/shutdown constraints for operation model  reverse_osmosis.ro_skid[1] at ro_skid_1_startup_shutdown.
2026-06-03 14:18:15 [INFO] idaes.apps.grid_integration.pricetaker.price_taker_model: Found minimum uptime/downtime data for reverse_osmosis.ro_skid[2] - Adding minimum uptime/downtime constraints.
2026-06-03 14:18:15 [INFO] idaes.apps.grid_integration.pricetaker.price_taker_model: Created startup/shutdown constraints for operation model  reverse_osmosis.ro_skid[2] at ro_skid_2_startup_shutdown.
2026-06-03 14:18:15 [INFO] idaes.apps.grid_integration.pricetaker.price_taker_model: Found minimum uptime/downtime data for reverse_osmosis.ro_skid[3] - Adding minimum uptime/downtime constraints.
2026-06-03 14:18:15 [INFO] idaes.apps.grid_integration.pricetaker.price_taker_model: Created startup/shutdown constraints for operation model  reverse_osmosis.ro_skid[3] at ro_skid_3_startup_shutdown.
2026-06-03 14:18:15 [INFO] idaes.apps.grid_integration.pricetaker.price_taker_model: Found minimum uptime/downtime data for reverse_osmosis.ro_skid[4] - Adding minimum uptime/downtime constraints.
2026-06-03 14:18:15 [INFO] idaes.apps.grid_integration.pricetaker.price_taker_model: Created startup/shutdown constraints for operation model  reverse_osmosis.ro_skid[4] at ro_skid_4_startup_shutdown.
3598
Set parameter TokenServer to value "10.60.1.73"
Set parameter LogToConsole to value 1
Set parameter MIPGap to value 0.014
Gurobi Optimizer version 12.0.3 build v12.0.3rc0 (linux64 - "Red Hat Enterprise Linux 8.8 (Ootpa)")

CPU model: Intel(R) Xeon(R) Platinum 8470QL, instruction set [SSE2|AVX|AVX2|AVX512]
Thread count: 104 physical cores, 104 logical processors, using up to 32 threads

Non-default parameters:
MIPGap  0.014

Optimize a model with 17951 rows, 15701 columns and 45581 nonzeros
Model fingerprint: 0x5a2d9444
Model has 168 quadratic objective terms
Model has 2352 quadratic constraints
Variable types: 11259 continuous, 4442 integer (4442 binary)
Coefficient statistics:
  Matrix range     [5e-04, 2e+03]
  QMatrix range    [2e-07, 1e+00]
  QLMatrix range   [3e-04, 1e+00]
  Objective range  [1e-05, 5e-03]
  QObjective range [2e-04, 2e-04]
  Bounds range     [9e-01, 1e+03]
  RHS range        [5e-02, 3e+05]
  QRHS range       [3e-01, 3e-01]
Presolve removed 10679 rows and 8689 columns
Presolve time: 0.09s
Presolved: 16016 rows, 7013 columns, 44614 nonzeros
Presolved model has 2312 bilinear constraint(s)

Solving non-convex MIQCP

Variable types: 4948 continuous, 2065 integer (2065 binary)
Found heuristic solution: objective 12.4771252

Root simplex log...

Iteration    Objective       Primal Inf.    Dual Inf.      Time
   23558    1.1180812e+01   6.882126e+03   0.000000e+00      5s
   25953    1.1135050e+01   0.000000e+00   0.000000e+00      6s

Root relaxation: objective 1.113505e+01, 25953 iterations, 5.45 seconds (8.29 work units)

    Nodes    |    Current Node    |     Objective Bounds      |     Work
 Expl Unexpl |  Obj  Depth IntInf | Incumbent    BestBd   Gap | It/Node Time

     0     0   11.13505    0 2364   12.47713   11.13505  10.8%     -    5s
H    0     0                      12.4771250   11.13505  10.8%     -    5s
     0     0   11.88031    0 2632   12.47712   11.88031  4.78%     -    9s
     0     0   11.98537    0 2500   12.47712   11.98537  3.94%     -    9s
     0     0   12.01216    0 2707   12.47712   12.01216  3.73%     -   10s
     0     0   12.01329    0 2733   12.47712   12.01329  3.72%     -   11s
     0     0   12.02460    0 2723   12.47712   12.02460  3.63%     -   12s
     0     0   12.03368    0 2784   12.47712   12.03368  3.55%     -   12s
     0     0   12.03761    0 2751   12.47712   12.03761  3.52%     -   13s
     0     0   12.03803    0 2771   12.47712   12.03803  3.52%     -   13s
     0     0   12.04090    0 2756   12.47712   12.04090  3.50%     -   14s
     0     0   12.04099    0 2774   12.47712   12.04099  3.50%     -   14s
     0     0   12.04646    0 2774   12.47712   12.04646  3.45%     -   14s
     0     0   12.04745    0 2769   12.47712   12.04745  3.44%     -   14s
     0     0   12.04925    0 2697   12.47712   12.04925  3.43%     -   15s
     0     0   12.05384    0 2735   12.47712   12.05384  3.39%     -   15s
     0     0   12.05410    0 2736   12.47712   12.05410  3.39%     -   15s
     0     0   12.05422    0 2730   12.47712   12.05422  3.39%     -   15s
     0     0   12.05428    0 2731   12.47712   12.05428  3.39%     -   15s
     0     0   12.05429    0 2731   12.47712   12.05429  3.39%     -   16s
     0     0   12.05429    0 2732   12.47712   12.05429  3.39%     -   16s
     0     0   12.05859    0 2723   12.47712   12.05859  3.35%     -   17s
     0     2   12.05859    0 2722   12.47712   12.05859  3.35%     -   19s
     7    16   12.09531    3 2664   12.47712   12.06349  3.32%   914   20s
    31    64   12.10792    5 2643   12.47712   12.06710  3.29%  2294   27s
    95   159   12.11277    7 2587   12.47712   12.06952  3.27%  1527   31s
   158   291   12.11316    9 2580   12.47712   12.06952  3.27%  1033   38s
   290   394   12.12251   13 2575   12.47712   12.06952  3.27%  1066   43s
   393   484   12.11627   14 2537   12.47712   12.06952  3.27%  1007   47s
   483   564   12.11685   15 2506   12.47712   12.06952  3.27%  1035   52s
   563   663   12.12043   16 2539   12.47712   12.06952  3.27%  1075   56s
   662   759   12.12477   16 2445   12.47712   12.06952  3.27%  1030   60s
   857   956   12.12607   18 2508   12.47712   12.06952  3.27%   979   68s
   955  1063   12.13104   20 2490   12.47712   12.06952  3.27%   948   71s
  1062  1180   12.13198   22 2487   12.47712   12.06952  3.27%   942   75s
  1318  1468   12.13618   26 2435   12.47712   12.06952  3.27%   921   84s
  1467  1666   12.14154   29 2408   12.47712   12.06952  3.27%   913   89s
  1665  1864   12.14304   32 2384   12.47712   12.06952  3.27%   882   93s
  1863  2104   12.14605   40 2376   12.47712   12.06952  3.27%   838   96s
  2103  2377   12.14740   42 2378   12.47712   12.06952  3.27%   779  101s
  2376  2644   12.15235   51 2369   12.47712   12.06952  3.27%   738  106s
  2899  3100   12.15605   61 2352   12.47712   12.06952  3.27%   689  112s
  3107  3322   12.15840   63 2261   12.47712   12.06952  3.27%   674  117s
  3329  3587   12.16584   70 2224   12.47712   12.06952  3.27%   679  121s
  3888  4239   12.17470   83 2163   12.47712   12.06952  3.27%   675  128s
  4246  4529   12.18000  101 2089   12.47712   12.06952  3.27%   656  132s
  4536  4928   12.18466  121 2021   12.47712   12.06952  3.27%   685  135s
  5263  5734   12.19242  171 2099   12.47712   12.06952  3.27%   682  142s
  5757  6224   12.20106  201 2033   12.47712   12.07294  3.24%   659  146s
  6251  6747   12.21083  222 2136   12.47712   12.07294  3.24%   641  151s
  7372  7906   12.23807  261 2053   12.47712   12.07382  3.23%   606  158s
  7965  8213   12.24250  281 2082   12.47712   12.07382  3.23%   591  162s
  8278  8978   12.24553  291 2074   12.47712   12.07382  3.23%   592  166s
  9045  9654   12.25623  321 2036   12.47712   12.07382  3.23%   573  170s
 10621 11312   12.27972  403 2033   12.47712   12.07382  3.23%   546  177s
 11403 12209   12.29623  421 2011   12.47712   12.07382  3.23%   534  183s
 12308 13181   12.30699  473 2053   12.47712   12.07445  3.23%   520  187s
 13280 14160   12.31764  521 2022   12.47712   12.07445  3.23%   505  192s
 14269 14187   12.31913  604 2023   12.47712   12.07445  3.23%   496  195s
H14273 14187                      12.4771245   12.07445  3.23%   496  195s
H14285 14187                      12.4771245   12.07445  3.23%   496  195s
H14754 14384                      12.4557784   12.07466  3.06%   496  203s
H14754 14066                      12.4357784   12.07466  2.90%   496  203s
H14754 13694                      12.4061566   12.07466  2.67%   496  203s
H14754 12499                      12.3450241   12.07466  2.19%   496  204s
H14754 11253                      12.3169089   12.07466  1.97%   496  205s
H14754 11005                      12.3119306   12.07466  1.93%   496  205s
H14754 10499                      12.3014664   12.07466  1.84%   496  206s
H14754 10499                      12.3014664   12.07466  1.84%   496  209s
 14755 10414   12.26269  295  529   12.30147   12.07466  1.84%   496  221s
 14757 10415   12.13204   49  491   12.30147   12.07466  1.84%   496  227s
 14758 10416   12.22561  120  512   12.30147   12.07466  1.84%   495  232s
H14759  9896                      12.3014663   12.07466  1.84%   495  235s
 14764  9899   12.28605  217  562   12.30147   12.07466  1.84%   495  240s
 14772  9904   12.24530  136  579   12.30147   12.08239  1.78%   495  245s
H14779  9413                      12.3014663   12.08293  1.78%   495  250s
 14792  9422   12.27200  150  583   12.30147   12.08325  1.77%   494  260s
 14794  9426   12.10713   11 2686   12.30147   12.08325  1.77%   498  371s
 14796  9429   12.10750   12 2676   12.30147   12.08325  1.77%   498  378s
 14800  9436   12.11029   13 2685   12.30147   12.08679  1.75%   499  381s
 14824  9476   12.12573   15 2535   12.30147   12.09681  1.66%   501  386s
 14888  9581   12.14088   17 2469   12.30147   12.10323  1.61%   507  395s
 15057  9678   12.15981   20 2467   12.30147   12.10323  1.61%   517  404s
H15063  9204                      12.3014663   12.10323  1.61%   518  404s
H15074  8753                      12.3014662   12.10323  1.61%   519  404s
H15102  8317                      12.3014662   12.10323  1.61%   522  404s
H15130  7904                      12.3014661   12.10323  1.61%   522  404s
 15136  7974   12.16522   21 2493   12.30147   12.10323  1.61%   522  408s
 15208  8034   12.16797   22 2471   12.30147   12.10323  1.61%   527  414s
 15292  8078   12.17168   23 2473   12.30147   12.10323  1.61%   532  419s
 15364  8141   12.17221   24 2468   12.30147   12.10323  1.61%   535  424s
 15451  8195   12.17513   25 2447   12.30147   12.10323  1.61%   542  429s
 15534  8241   12.17719   26 2453   12.30147   12.10323  1.61%   547  436s
 15608  8293   12.17918   27 2446   12.30147   12.10323  1.61%   551  441s
 15684  8343   12.17835   28 2443   12.30147   12.10323  1.61%   552  447s
 15760  8398   12.18662   29 2451   12.30147   12.10323  1.61%   556  451s
 15840  8454   12.19333   30 2508   12.30147   12.10323  1.61%   559  458s
 15923  8520   12.18935   31 2454   12.30147   12.10323  1.61%   564  464s
 16017  8576   12.18440   33 2389   12.30147   12.10323  1.61%   567  468s
 16107  8657   12.18662   34 2376   12.30147   12.10323  1.61%   574  474s
 16220  8692   12.19001   36 2356   12.30147   12.10323  1.61%   575  481s
H16223  8306                      12.3014661   12.10323  1.61%   576  481s
H16228  7939                      12.2931278   12.10323  1.54%   576  481s
H16256  7583                      12.2930561   12.10323  1.54%   577  481s
H16257  7253                      12.2928733   12.10323  1.54%   577  481s
 16297  7350   12.19103   38 2359   12.29287   12.10323  1.54%   577  487s
 16409  7424   12.19376   39 2346   12.29287   12.10463  1.53%   581  492s
 16529  7522   12.19781   42 2308   12.29287   12.10463  1.53%   585  498s
 16668  7626   12.20165   42 2340   12.29287   12.10463  1.53%   588  503s
 16819  7737   12.20221   44 2294   12.29287   12.10463  1.53%   589  510s
 17123  7940   12.20722   49 2310   12.29287   12.10463  1.53%   596  519s
 17301  7936   12.20820   50 2290   12.29287   12.10464  1.53%   598  523s
H17307  7621                      12.2928411   12.10464  1.53%   599  523s
 17363  7762   12.20980   50 2275   12.29284   12.10464  1.53%   600  529s
 17533  7873   12.21365   53 2243   12.29284   12.10565  1.52%   607  534s
 17705  7995   12.21656   55 2153   12.29284   12.10565  1.52%   613  538s
 17900  8129   12.21827   55 2181   12.29284   12.10575  1.52%   616  543s
 18107  8251   12.22108   58 2104   12.29284   12.10687  1.51%   619  548s
 18306  8378   12.22233   59 2095   12.29284   12.10730  1.51%   623  553s
 18510  8425   12.22282   60 2143   12.29284   12.10730  1.51%   630  559s
 18645  8753   12.22341   61 2098   12.29284   12.10730  1.51%   633  564s
 19037  9060   12.23951   69 2068   12.29284   12.10730  1.51%   637  569s
 19485  9402   12.24578   74 1999   12.29284   12.10931  1.49%   638  575s
 20023  9368   12.25388   89 1984   12.29284   12.11034  1.48%   637  584s
 20136  9768   12.25695   89 1987   12.29284   12.11034  1.48%   637  591s
 20590 10159   12.28281  101 1956   12.29284   12.11034  1.48%   637  597s
 21150 10561   12.27805  107 2008   12.29284   12.11034  1.48%   635  604s
 21773 10911   12.28379  113 1946   12.29284   12.11034  1.48%   636  610s
 22352 11156   12.28941  114 1976   12.29284   12.11034  1.48%   639  616s
 22826 11446   12.28650  116 1913   12.29284   12.11034  1.48%   646  622s
 23316 11697   12.29003  118 1887   12.29284   12.11194  1.47%   659  628s
 23819 12116     cutoff  118        12.29284   12.11295  1.46%   669  635s
 24449 12533   12.16440   34 2304   12.29284   12.11295  1.46%   676  645s
 25154 12799   12.21095   44 2246   12.29284   12.11295  1.46%   683  653s
 25714 13244   12.22842   50 2334   12.29284   12.11295  1.46%   691  662s
 26440 13753   12.29237   76 2177   12.29284   12.11295  1.46%   697  668s
 27265 14312     cutoff   79        12.29284   12.11295  1.46%   701  676s
 28185 14639   12.14374   22 2559   12.29284   12.11582  1.44%   703  685s
 28926 15078   12.16357   41 2300   12.29284   12.11582  1.44%   717  693s
 29700 15498   12.20851   82 2255   12.29284   12.11708  1.43%   720  705s
 30450 15305   12.24876  101 2233   12.29284   12.12007  1.41%   729  711s
 30546 15975   12.25266  104 2207   12.29284   12.12007  1.41%   733  720s

Cutting planes:
  Learned: 40
  Gomory: 134
  Cover: 219
  Implied bound: 58
  MIR: 303
  StrongCG: 13
  Flow cover: 479
  GUB cover: 3
  Network: 2
  RLT: 1608
  Relax-and-lift: 268
  BQP: 2

Explored 31332 nodes (23181322 simplex iterations) in 720.57 seconds (1485.10 work units)
Thread count was 32 (of 104 available processors)

Solution count 10: 12.2928 12.2928 12.2929 ... 12.345

Optimal solution found (tolerance 1.40e-02)
Best objective 1.229284108279e+01, best bound 1.212122676080e+01, gap 1.3961%
m.flow_changes_penalty(): 2300.0
Total operational cost: 120628.41
Maximum power (kW): 1183.43
Discharge energy capacity (kWh): 15931.20
Charge energy capacity (kWh): 12486.87
Levelized Cost of Flexibility ($/kWh): 1.10
{'fixed_demand_cost': 7456.390744830727, 'variable_demand_cost': 5114.458736530314, 'fixed_monthly_cost': 171938.17204301074, 'total_water_production': 282179.6712328765, 'total_energy_cost': 20824.71296796393, 'total_demand_cost': 12570.849481361041, 'total_customer_cost': 0.0, 'total_feed_cost': 51302.320205525844, 'total_brine_cost': 16537.72692221354, 'total_chemical_cost': 19392.80125086584, 'total_water_revenue': 0.0, 'total_demand_response_revenue': 0.0, 'total_emissions_cost': 0.0, 'total_op_cost': 120628.41082793019, 'fixed_cost': 121551.98252688172, 'total_cost': 242180.3933548119, 'LCOW': 0.8582489032491144, 'degree_of_flex': 0.12574850299401197, 'total_replacement_cost': 1004.9477757237471, 'maximum_power': 1183.4303612998156, 'energy_capacity': 15931.195749045148, 'power_capacity': 346.3303423705467, 'round_trip_efficiency': 0, 'LVOF': 1.095987118697307}
Saved operation variable results to: /home/rchurchi/watertap_test/watertap/tutorials/flex_ro/wrd_result_summer_both_2_flexible_trains_TOU_8.csv
Saved summary results to: /home/rchurchi/watertap_test/watertap/tutorials/flex_ro/wrd_pricetaker_summary_results_20260603_143019.csv
