2026-06-01 01:09:27 [INFO] idaes.core.surrogate.pysmo_surrogate: Decode surrogate. type=poly

===========================Polynomial Regression===============================================

The number of cross-validation cases (3) is used.
The default training/cross-validation split of 0.75 is used.
No iterations will be run.
Default parameter estimation method is used.
Parameter estimation method:  pyomo 

2026-06-01 01:09:27 [INFO] idaes.core.surrogate.pysmo_surrogate: Decode surrogate. type=poly

===========================Polynomial Regression===============================================

The number of cross-validation cases (3) is used.
The default training/cross-validation split of 0.75 is used.
No iterations will be run.
Default parameter estimation method is used.
Parameter estimation method:  pyomo 

2026-06-01 01:09:27 [INFO] idaes.core.surrogate.pysmo_surrogate: Decode surrogate. type=poly

===========================Polynomial Regression===============================================

The number of cross-validation cases (3) is used.
The default training/cross-validation split of 0.75 is used.
No iterations will be run.
Default parameter estimation method is used.
Parameter estimation method:  pyomo 

2026-06-01 01:09:27 [INFO] idaes.core.surrogate.pysmo_surrogate: Decode surrogate. type=poly

===========================Polynomial Regression===============================================

The number of cross-validation cases (3) is used.
The default training/cross-validation split of 0.75 is used.
No iterations will be run.
Default parameter estimation method is used.
Parameter estimation method:  pyomo 

2026-06-01 01:09:28 [INFO] idaes.apps.grid_integration.pricetaker.price_taker_model: Found minimum uptime/downtime data for pretreatment.uf_pumps[1] - Adding minimum uptime/downtime constraints.
2026-06-01 01:09:28 [INFO] idaes.apps.grid_integration.pricetaker.price_taker_model: Created startup/shutdown constraints for operation model  pretreatment.uf_pumps[1] at uf_pumps_1_startup_shutdown.
2026-06-01 01:09:28 [INFO] idaes.apps.grid_integration.pricetaker.price_taker_model: Found minimum uptime/downtime data for pretreatment.uf_pumps[2] - Adding minimum uptime/downtime constraints.
2026-06-01 01:09:28 [INFO] idaes.apps.grid_integration.pricetaker.price_taker_model: Created startup/shutdown constraints for operation model  pretreatment.uf_pumps[2] at uf_pumps_2_startup_shutdown.
2026-06-01 01:09:28 [INFO] idaes.apps.grid_integration.pricetaker.price_taker_model: Found minimum uptime/downtime data for pretreatment.uf_pumps[3] - Adding minimum uptime/downtime constraints.
2026-06-01 01:09:28 [INFO] idaes.apps.grid_integration.pricetaker.price_taker_model: Created startup/shutdown constraints for operation model  pretreatment.uf_pumps[3] at uf_pumps_3_startup_shutdown.
2026-06-01 01:09:28 [INFO] idaes.apps.grid_integration.pricetaker.price_taker_model: Found minimum uptime/downtime data for reverse_osmosis.ro_skid[1] - Adding minimum uptime/downtime constraints.
2026-06-01 01:09:28 [INFO] idaes.apps.grid_integration.pricetaker.price_taker_model: Created startup/shutdown constraints for operation model  reverse_osmosis.ro_skid[1] at ro_skid_1_startup_shutdown.
2026-06-01 01:09:28 [INFO] idaes.apps.grid_integration.pricetaker.price_taker_model: Found minimum uptime/downtime data for reverse_osmosis.ro_skid[2] - Adding minimum uptime/downtime constraints.
2026-06-01 01:09:28 [INFO] idaes.apps.grid_integration.pricetaker.price_taker_model: Created startup/shutdown constraints for operation model  reverse_osmosis.ro_skid[2] at ro_skid_2_startup_shutdown.
2026-06-01 01:09:28 [INFO] idaes.apps.grid_integration.pricetaker.price_taker_model: Found minimum uptime/downtime data for reverse_osmosis.ro_skid[3] - Adding minimum uptime/downtime constraints.
2026-06-01 01:09:28 [INFO] idaes.apps.grid_integration.pricetaker.price_taker_model: Created startup/shutdown constraints for operation model  reverse_osmosis.ro_skid[3] at ro_skid_3_startup_shutdown.
2026-06-01 01:09:28 [INFO] idaes.apps.grid_integration.pricetaker.price_taker_model: Found minimum uptime/downtime data for reverse_osmosis.ro_skid[4] - Adding minimum uptime/downtime constraints.
2026-06-01 01:09:28 [INFO] idaes.apps.grid_integration.pricetaker.price_taker_model: Created startup/shutdown constraints for operation model  reverse_osmosis.ro_skid[4] at ro_skid_4_startup_shutdown.
4364
Set parameter TokenServer to value "10.60.1.73"
Set parameter LogToConsole to value 1
Set parameter MIPGap to value 0.005
Gurobi Optimizer version 12.0.3 build v12.0.3rc0 (linux64 - "Red Hat Enterprise Linux 8.8 (Ootpa)")

CPU model: Intel(R) Xeon(R) Platinum 8470QL, instruction set [SSE2|AVX|AVX2|AVX512]
Thread count: 104 physical cores, 104 logical processors, using up to 32 threads

Non-default parameters:
MIPGap  0.005

Optimize a model with 17951 rows, 16467 columns and 49327 nonzeros
Model fingerprint: 0x901a9f0f
Model has 168 quadratic objective terms
Model has 2352 quadratic constraints
Variable types: 11259 continuous, 5208 integer (5208 binary)
Coefficient statistics:
  Matrix range     [5e-04, 2e+03]
  QMatrix range    [2e-07, 1e+00]
  QLMatrix range   [3e-04, 1e+00]
  Objective range  [1e-05, 5e-03]
  QObjective range [2e-04, 2e-04]
  Bounds range     [9e-01, 1e+03]
  RHS range        [5e-02, 3e+05]
  QRHS range       [3e-01, 3e-01]
Presolve removed 6904 rows and 7586 columns
Presolve time: 0.10s
Presolved: 20287 rows, 9386 columns, 53728 nonzeros
Presolved model has 336 SOS constraint(s)
Presolved model has 2352 bilinear constraint(s)

Solving non-convex MIQCP

Variable types: 5740 continuous, 3646 integer (3646 binary)
Found heuristic solution: objective 12.0903187

Root relaxation: unbounded, 0 iterations, 0.01 seconds (0.00 work units)

    Nodes    |    Current Node    |     Objective Bounds      |     Work
 Expl Unexpl |  Obj  Depth IntInf | Incumbent    BestBd   Gap | It/Node Time

     0     2  postponed    0        12.09032          -      -     -    2s
     7    12  postponed    3        12.09032          -      -  6916    5s
    47    54  postponed    6        12.09032          -      -  8921   10s
   182   419  postponed    9        12.09032          -      -  9004   19s
   582   799 infeasible   14        12.09032          -      -  3538   26s
  1166  1297 infeasible   21        12.09032          -      -  2132   37s
  1940  2095  postponed   30        12.09032          -      -  1659   54s
  3216  3160  postponed   45        12.09032          -      -  1343   76s
H 3896  3160                      12.0903185          -      -  1300   76s
  4931  4746  postponed   64        12.09032          -      -  1198   96s
H 5260  4746                      12.0903185          -      -  1229   96s
  7050  6500 infeasible   75        12.09032          -      -  1112  115s
  9336  8317  postponed   89        12.09032          -      -  1047  134s
 11660  9039  postponed   97        12.09032          -      -  1034  152s
 13003  9843 infeasible  107        12.09032          -      -  1055  170s
 14312 10428  postponed  119        12.09032          -      -  1072  188s
 15585 10430   11.94990  584 1925   12.09032    9.55053  21.0%  1082  209s
 15586 10431   10.85179   58 1090   12.09032   10.85179  10.2%  1082  215s
 15588 10432   11.34753   95 1142   12.09032   11.34753  6.14%  1082  223s
 15589 10433   11.38257  250 1260   12.09032   11.38257  5.85%  1081  228s
 15590 10434   11.54772  344 1174   12.09032   11.40142  5.70%  1081  231s
 15591 10434   12.00070  484 1225   12.09032   11.41885  5.55%  1081  235s
 15592 10435   11.43260  195 1391   12.09032   11.43260  5.44%  1081  240s
 15594 10436   11.44244   27 1373   12.09032   11.44244  5.36%  1081  245s
 15596 10438   11.45312  613 1415   12.09032   11.45312  5.27%  1081  251s
 15598 10439   11.45828   10 1346   12.09032   11.45828  5.23%  1081  255s
 15600 10440   11.45994   55 1528   12.09032   11.45994  5.21%  1081  260s
 15602 10442   12.07275  688 1555   12.09032   11.47206  5.11%  1081  265s
 15604 10443   11.48516   42 1498   12.09032   11.48516  5.01%  1080  270s
 15606 10444   11.49266   47 1607   12.09032   11.49266  4.94%  1080  276s
 15608 10446   11.49454  210 1485   12.09032   11.49454  4.93%  1080  281s
 15611 10448   11.60066  245 1540   12.09032   11.49517  4.92%  1080  285s
 15615 10450   11.82356  316 1519   12.09032   11.49541  4.92%  1080  304s
 15616 10451   11.90930  482 1519   12.09032   11.49541  4.92%  1080  328s
 15617 10455   11.53059   11 3250   12.09032   11.49541  4.92%  1092  534s
 15619 10458   11.53668   12 3278   12.09032   11.53059  4.63%  1092  550s
 15623 10465   11.54275   13 3133   12.09032   11.53668  4.58%  1094  576s
 15631 10478   11.63744   14 2849   12.09032   11.54275  4.53%  1104  599s
 15647 10504   11.65048   15 2921   12.09032   11.54664  4.50%  1127  625s
 15678 10525   11.77078   16 3189   12.09032   11.55528  4.43%  1160  642s
 15710 10605   11.86774   17 3282   12.09032   11.56915  4.31%  1174  661s
 15804 10624   11.97037   20 2978   12.09032   11.56915  4.31%  1215  683s
 15876 10657     cutoff   22        12.09032   11.56915  4.31%  1249  710s
 15975 10663   12.02109   25 2622   12.09032   11.56915  4.31%  1277  735s
 16048 10678   12.02385   26 2642   12.09032   11.56915  4.31%  1317  759s
 16128 10673     cutoff   27        12.09032   11.61619  3.92%  1349  780s
 16190 10673   12.07813   28 2514   12.09032   11.61619  3.92%  1387  801s
 16247 10705     cutoff   28        12.09032   11.61953  3.89%  1415  817s
 16325 10695     cutoff   29        12.09032   11.61953  3.89%  1451  835s
 16396 10725   11.76163   17 3054   12.09032   11.61953  3.89%  1488  853s
 16480 10762   11.78996   18 2781   12.09032   11.61953  3.89%  1511  872s
 16569 10816   11.91269   20 2332   12.09032   11.61953  3.89%  1531  894s
 16671 10862   12.06566   22 2622   12.09032   11.61953  3.89%  1558  913s
 16792 10864     cutoff   23        12.09032   11.61953  3.89%  1591  937s
 16874 10889     cutoff   23        12.09032   11.61953  3.89%  1631  953s
 16971 10916   11.98001   22 2168   12.09032   11.61953  3.89%  1676  972s
 17083 10938 infeasible   29        12.09032   11.61953  3.89%  1720  992s
 17193 10949     cutoff   26        12.09032   11.64285  3.70%  1762 1010s
 17291 10989   11.72334   18 2712   12.09032   11.64285  3.70%  1809 1031s
 17416 11060   11.77007   23 2580   12.09032   11.64285  3.70%  1855 1051s
 17550 11125   11.77012   24 2578   12.09032   11.67336  3.45%  1890 1072s
 17688 11169   11.79702   30 2342   12.09032   11.67336  3.45%  1940 1091s
 17839 11205   11.81226   31 2257   12.09032   11.67336  3.45%  1977 1108s
H17840 10681                      12.0903184   11.67336  3.45%  1976 1108s
H17862 10176                      12.0903138   11.67336  3.45%  1977 1108s
 17941 10256   11.80170   33 2387   12.09031   11.67336  3.45%  1991 1130s
 18082 10349   11.81237   32 2262   12.09031   11.67336  3.45%  2026 1157s
 18261 10446   11.91664   38 2152   12.09031   11.67336  3.45%  2066 1183s
 18472 10553   11.96300   39 1902   12.09031   11.69179  3.30%  2110 1206s
 18717 10705   11.94425   44 2091   12.09031   11.69179  3.30%  2155 1230s
 18978 10833   11.96244   49 2085   12.09031   11.69813  3.24%  2199 1251s
 19237 11003   11.96515   55 2077   12.09031   11.69813  3.24%  2237 1275s
 19548 11207   11.96627   55 1980   12.09031   11.69813  3.24%  2278 1298s
 19903 11452   11.97039   56 1995   12.09031   11.69813  3.24%  2310 1326s
 20305 11703   11.97620   63 2016   12.09031   11.69813  3.24%  2346 1350s
 20753 11766   11.98503   70 1859   12.09031   11.69961  3.23%  2377 1375s
H20760 11056                      12.0615358   11.69961  3.00%  2377 1375s
H20778  8813                      11.9379977   11.69961  2.00%  2377 1375s
 20997  8701     cutoff   72        11.93800   11.69961  2.00%  2392 1401s
H21015  8269                      11.9379109   11.69961  2.00%  2389 1401s
H21249  7786                      11.9379058   11.70097  1.98%  2416 1401s
H21269  7396                      11.9378827   11.70097  1.98%  2417 1401s
H21462  7198                      11.9328827   11.70097  1.94%  2416 1427s
 21861  7453   11.76666   66 2197   11.93288   11.70097  1.94%  2457 1455s
H22114  7022                      11.9328827   11.70097  1.94%  2483 1455s
 22276  7401   11.78216   87 2087   11.93288   11.70097  1.94%  2508 1481s
H22316  7058                      11.9328827   11.70097  1.94%  2514 1481s
 22790  7431   11.79709  106 2008   11.93288   11.70668  1.90%  2544 1510s
 23371  7787   11.81830  149 1858   11.93288   11.71270  1.85%  2567 1537s
H23637  7385                      11.9328827   11.71511  1.82%  2571 1537s
H23726  7059                      11.9328827   11.71511  1.82%  2578 1537s
 23941  7613   11.85503  179 1744   11.93288   11.71511  1.82%  2589 1573s
H23971  7320                      11.9328742   11.71511  1.82%  2590 1573s
 24592  7602   11.86477  195 1789   11.93287   11.71511  1.82%  2616 1602s
 25133  7924     cutoff  212        11.93287   11.71511  1.82%  2667 1636s
H25305  7598                      11.9328741   11.71511  1.82%  2671 1636s
H25482  7283                      11.9328741   11.71564  1.82%  2698 1636s
 25700  7780   11.92565  212 1809   11.93287   11.71564  1.82%  2714 1669s
H25845  7489                      11.9328740   11.71564  1.82%  2717 1669s
H26093  7177                      11.9328740   11.71564  1.82%  2737 1669s
H26105  6954                      11.9328738   11.71564  1.82%  2740 1669s
H26373  6077                      11.9002001   11.71592  1.55%  2767 1704s
H26413  5570                      11.8897692   11.71592  1.46%  2776 1704s
H26825  5297                      11.8854703   11.71592  1.43%  2786 1704s
 26894  5665     cutoff  219        11.88547   11.71592  1.43%  2792 1743s
H27096  5665                      11.8854583   11.71592  1.43%  2815 1743s
 27512  6447     cutoff   40        11.88546   11.71636  1.42%  2829 1782s
H28416  7562                      11.8854426   11.71725  1.42%  2862 1817s
 29626  8603   11.85882   31 2705   11.88544   11.71891  1.40%  2849 1861s
H29719  8603                      11.8854426   11.71891  1.40%  2851 1861s
H29858  8581                      11.8844637   11.71891  1.39%  2858 1861s
H29873  8581                      11.8844637   11.71891  1.39%  2863 1861s
H30337  8581                      11.8843727   11.71891  1.39%  2879 1861s
 30786  9216   11.73390   36 2262   11.88437   11.71891  1.39%  2893 1887s
H30810  9216                      11.8843727   11.71891  1.39%  2892 1887s
 31471  9897   11.79011   58 2046   11.88437   11.72069  1.38%  2917 1912s
H32224 10011                      11.8769364   11.72142  1.31%  2943 1939s
H32387  9754                      11.8710399   11.72142  1.26%  2947 1939s
 32642 10219     cutoff  100        11.87104   11.72142  1.26%  2950 1970s
H32961 10219                      11.8710399   11.72317  1.25%  2964 1970s
 33322 10827     cutoff   47        11.87104   11.72317  1.25%  2989 2004s
H33332 10826                      11.8709880   11.72317  1.25%  2988 2004s
 34050 11460   11.85067  105 1843   11.87099   11.72400  1.24%  3031 2041s
H34297 11460                      11.8709879   11.72400  1.24%  3049 2041s
 34773 11879     cutoff  111        11.87099   11.72400  1.24%  3077 2077s
H34774 11879                      11.8709879   11.72400  1.24%  3076 2077s
H34852 11879                      11.8709879   11.72400  1.24%  3084 2077s
H34898 11879                      11.8709879   11.72400  1.24%  3089 2077s
H35305 11870                      11.8709285   11.72400  1.24%  3143 2077s
 35325 12303     cutoff  116        11.87093   11.72400  1.24%  3149 2116s
H35368 12303                      11.8709285   11.72400  1.24%  3154 2116s
H35577 12303                      11.8709278   11.72400  1.24%  3170 2116s
 35951 12851   11.74271   37 2397   11.87093   11.72400  1.24%  3211 2156s
H35959 12851                      11.8709278   11.72400  1.24%  3213 2156s
H36006 12851                      11.8709270   11.72400  1.24%  3217 2156s
H36201 12851                      11.8709247   11.72400  1.24%  3226 2156s
H36637 13637                      11.8709247   11.72400  1.24%  3268 2206s
H36715 13637                      11.8709223   11.72400  1.24%  3268 2206s
H37623 14364                      11.8709216   11.72674  1.21%  3300 2249s
H37744 14364                      11.8709208   11.72674  1.21%  3306 2249s
 38546 14899   11.84126  102 1923   11.87092   11.72674  1.21%  3345 2291s
H38569 14845                      11.8700514   11.72674  1.21%  3347 2291s
H38581 14805                      11.8694321   11.72674  1.20%  3349 2291s
H38722 14805                      11.8694140   11.72674  1.20%  3357 2291s
 39195 15762   11.76060   57 2098   11.86941   11.72674  1.20%  3377 2338s
H39321 15762                      11.8694140   11.72674  1.20%  3373 2338s
H39961 15762                      11.8694140   11.72674  1.20%  3387 2339s
 40362 16819     cutoff  100        11.86941   11.72674  1.20%  3405 2385s
H40658 16819                      11.8694139   11.72674  1.20%  3416 2385s
H40691 16819                      11.8694139   11.72674  1.20%  3417 2385s
H40812 16819                      11.8694075   11.72674  1.20%  3416 2385s
H41167 16819                      11.8694075   11.72674  1.20%  3424 2385s
 41572 17653   11.86868  110 1800   11.86941   11.72674  1.20%  3441 2431s
H41638 17653                      11.8694075   11.72674  1.20%  3445 2431s
H42036 17653                      11.8694075   11.72674  1.20%  3453 2431s
H42454 17653                      11.8694075   11.72989  1.18%  3466 2431s
 42686 19105   11.77419   54 1974   11.86941   11.72989  1.18%  3483 2484s
H42693 19105                      11.8694075   11.72989  1.18%  3483 2484s
H44265 20795                      11.8693892   11.72989  1.18%  3484 2533s
 46049 21816   11.80506   75 2028   11.86939   11.72989  1.18%  3471 2585s
H46200 21816                      11.8693891   11.72989  1.18%  3481 2585s
H46559 21816                      11.8693891   11.72989  1.18%  3490 2585s
H46670 21816                      11.8693891   11.72989  1.18%  3498 2585s
 47193 22735   11.82351   86 1938   11.86939   11.72989  1.18%  3515 2641s
H47228 22735                      11.8693891   11.72989  1.18%  3518 2641s
 48292 23773   11.83188   95 1871   11.86939   11.72989  1.18%  3570 2697s
H49486 23773                      11.8693884   11.73254  1.15%  3613 2697s
 49569 24762   11.85757  115 1777   11.86939   11.73254  1.15%  3612 2757s
H50380 24762                      11.8693884   11.73313  1.15%  3640 2757s
H50523 24762                      11.8693884   11.73313  1.15%  3648 2757s
H50594 24762                      11.8693884   11.73313  1.15%  3655 2757s
 50731 25906   11.85987  118 1770   11.86939   11.73313  1.15%  3670 2818s
H50939 25906                      11.8693884   11.73313  1.15%  3681 2818s
 52097 26841   11.86355  121 1715   11.86939   11.73414  1.14%  3714 2878s
H52256 26841                      11.8693884   11.73414  1.14%  3719 2878s
H52361 26841                      11.8693883   11.73414  1.14%  3724 2878s
H52672 26841                      11.8693883   11.73414  1.14%  3738 2878s
H53066 26841                      11.8693877   11.73414  1.14%  3744 2878s
 53208 27977     cutoff  128        11.86939   11.73442  1.14%  3744 2940s
 54573 29589   11.81874   97 1973   11.86939   11.73442  1.14%  3802 3009s
 56436 30732   11.85535  177 1706   11.86939   11.73496  1.13%  3833 3078s
 57884 32090   11.86734  209 1703   11.86939   11.73496  1.13%  3896 3154s
 59580 33466   11.79507   55 2164   11.86939   11.73496  1.13%  3943 3245s
 61418 34937   11.85816   89 1896   11.86939   11.73725  1.11%  4002 3336s
 63276 36791     cutoff   37        11.86939   11.73726  1.11%  4069 3432s
 65665 39765   11.81024   65 2128   11.86939   11.73726  1.11%  4104 3529s
 68829 41416   11.85698  107 1931   11.86939   11.73904  1.10%  4072 3624s
 70642 43453   11.86314  126 1822   11.86939   11.73904  1.10%  4131 3719s
 73111 44829   11.86150  117 1754   11.86939   11.73994  1.09%  4158 3813s
 75008 46420   11.83224   88 2100   11.86939   11.73994  1.09%  4221 3913s
 77239 48884   11.84237  107 1579   11.86939   11.74057  1.09%  4261 4019s
 80172 52180   11.76129   41 2088   11.86939   11.74142  1.08%  4274 4129s
 83726 54817   11.82931  106 1790   11.86939   11.74142  1.08%  4251 4235s
 86586 57149   11.85642  146 1658   11.86939   11.74163  1.08%  4249 4343s
H88797 57149                      11.8693877   11.74163  1.08%  4275 4343s
 89261 60235   11.78065   80 1954   11.86939   11.74163  1.08%  4284 4480s
 92648 62414   11.81854  116 1733   11.86939   11.74163  1.08%  4300 4605s
 95279 65691     cutoff  188        11.86939   11.74282  1.07%  4349 4745s
 99099 68169   11.86729  109 1548   11.86939   11.74338  1.06%  4366 4877s
 102126 70520   11.83525  170 1591   11.86939   11.74361  1.06%  4409 5010s
 105160 73282   11.78430   75 1972   11.86939   11.74422  1.05%  4442 5146s
 108472 75589   11.86797  120 1821   11.86939   11.74423  1.05%  4435 5287s
 111248 76952   11.85728  215 1609   11.86939   11.74431  1.05%  4489 5428s
 113452 79201   11.84917   75 1977   11.86939   11.74468  1.05%  4570 5578s
 116651 81900   11.84482  150 1700   11.86939   11.74469  1.05%  4620 5731s
 119914 85002 infeasible  106        11.86939   11.74481  1.05%  4646 5881s
 123578 86810   11.75952   46 2148   11.86939   11.74518  1.05%  4660 6013s
 125871 89679   11.83428  108 1636   11.86939   11.74554  1.04%  4686 6163s
 129356 92258     cutoff  143        11.86939   11.74554  1.04%  4708 6306s
 132678 95276   11.76240   46 2167   11.86939   11.74624  1.04%  4732 6451s
 136404 97751   11.78569   88 2046   11.86939   11.74657  1.03%  4740 6584s
 139477 100653   11.86022  202 1838   11.86939   11.74657  1.03%  4757 6723s
 142883 103899   11.76369   56 2075   11.86939   11.74662  1.03%  4758 6860s
 146603 107073   11.80026   95 2008   11.86939   11.74717  1.03%  4757 6993s
 150239 109844   11.82382  122 1798   11.86939   11.74764  1.03%  4757 7137s
 153667 112732   11.86233  192 1767   11.86939   11.74766  1.03%  4772 7271s
 157019 114954   11.84208  122 1903   11.86939   11.74798  1.02%  4781 7412s
 159761 117762   11.85519  146 1574   11.86939   11.74801  1.02%  4801 7551s
 163148 120679   11.86286  134 1487   11.86939   11.74824  1.02%  4812 7692s
 166696 122848   11.82975   91 1630   11.86939   11.74835  1.02%  4815 7832s
 169359 125475   11.86616  124 1450   11.86939   11.74865  1.02%  4848 7975s
 172436 128247   11.86601  147 1896   11.86939   11.74866  1.02%  4862 8120s
 175718 131085   11.82431  112 1754   11.86939   11.74900  1.01%  4867 8265s
 179130 134053   11.85497  159 1653   11.86939   11.74906  1.01%  4880 8407s
 182789 137082     cutoff   43        11.86939   11.74918  1.01%  4885 8534s
 186222 139940   11.86913  129 1583   11.86939   11.74924  1.01%  4871 8658s
 189608 142061   11.81890   94 1855   11.86939   11.74953  1.01%  4870 8783s
 192203 144165   11.84073  132 1697   11.86939   11.74953  1.01%  4887 8915s
 195003 146540   11.86178  156 1688   11.86939   11.74967  1.01%  4904 9052s
 198140 149103   11.85363  136 1746   11.86939   11.74985  1.01%  4916 9187s
 201244 151400   11.86409  112 1871   11.86939   11.74990  1.01%  4918 9326s
 204194 154729     cutoff  135        11.86939   11.75012  1.00%  4933 9467s
 208106 157804   11.85105  131 1784   11.86939   11.75012  1.00%  4924 9611s
 211488 160063   11.80612   73 1924   11.86939   11.75012  1.00%  4933 9746s
 214330 162829   11.79509   70 2205   11.86939   11.75035  1.00%  4956 9887s
H217471 162829                      11.8693877   11.75047  1.00%  4951 9887s
 217571 165738   11.84729  104 1958   11.86939   11.75047  1.00%  4951 10033s
 221000 169482   11.86729  134 1576   11.86939   11.75061  1.00%  4962 10177s
 225381 172798   11.83768  104 1773   11.86939   11.75078  1.00%  4945 10306s
 228994 175609   11.85477  120 1567   11.86939   11.75097  1.00%  4934 10435s
 232212 177624   11.75945   61 2074   11.86939   11.75097  1.00%  4941 10569s
 234690 180334     cutoff  157        11.86939   11.75105  1.00%  4959 10707s
 237943 183716   11.86262  131 1937   11.86939   11.75117  1.00%  4965 10847s
 241761 186180   11.83513  106 1701   11.86939   11.75128  1.00%  4963 10973s
 244490 188064   11.85786  123 1628   11.86939   11.75128  1.00%  4973 11101s
 246820 190824   11.76617   56 2080   11.86939   11.75139  0.99%  4990 11246s
 250198 193746   11.76826   49 2211   11.86939   11.75149  0.99%  4997 11385s
 253539 196142   11.84907  106 2076   11.86939   11.75155  0.99%  4995 11524s
 256518 198659   11.79955   61 2103   11.86939   11.75160  0.99%  5007 11668s
 259701 200685     cutoff   96        11.86939   11.75160  0.99%  5016 11811s
 262356 203365   11.84517  115 1817   11.86939   11.75175  0.99%  5028 11958s
 265647 206224   11.83225  112 1671   11.86939   11.75185  0.99%  5040 12104s
 269188 208791   11.75770   61 2103   11.86939   11.75204  0.99%  5047 12250s
 272330 211681   11.76052   48 2239   11.86939   11.75209  0.99%  5048 12399s
 275669 213838   11.83927  113 1860   11.86939   11.75209  0.99%  5054 12545s
H276775 213838                      11.8693875   11.75209  0.99%  5059 12545s
 278550 217164   11.77325   68 2145   11.86939   11.75223  0.99%  5068 12697s
 282392 220119   11.80849  104 1870   11.86939   11.75231  0.99%  5068 12840s
 286070 222396   11.79211   63 2228   11.86939   11.75246  0.99%  5070 12987s
H286213 222396                      11.8693874   11.75246  0.99%  5071 12987s
 288789 225361   11.79857   77 2020   11.86939   11.75250  0.98%  5074 13130s
 292257 228266   11.83382   88 1956   11.86939   11.75261  0.98%  5079 13272s
 295871 230398   11.82711   84 1893   11.86939   11.75274  0.98%  5081 13409s
H298048 230398                      11.8693874   11.75274  0.98%  5085 13409s
H298306 230398                      11.8693874   11.75274  0.98%  5088 13409s
 298653 232986   11.85652   90 1656   11.86939   11.75274  0.98%  5089 13554s
 301820 236589   11.79390   81 2219   11.86939   11.75286  0.98%  5096 13696s
 306045 238456   11.84029   98 1693   11.86939   11.75302  0.98%  5088 13821s
H306613 238456                      11.8693874   11.75302  0.98%  5092 13821s
H307303 238456                      11.8693871   11.75302  0.98%  5093 13821s
 308465 239855   11.78201   57 2100   11.86939   11.75305  0.98%  5093 13998s
 310200 242914   11.84852  106 1671   11.86939   11.75306  0.98%  5097 14149s
 313774 245412   11.82283   79 2135   11.86939   11.75306  0.98%  5099 14298s
H316379 245412                      11.8693870   11.75306  0.98%  5106 14298s
 316789 248073   11.85209   86 2140   11.86939   11.75306  0.98%  5107 14449s
 320165 250480   11.80686   87 2042   11.86939   11.75323  0.98%  5115 14596s
 323456 252788   11.86854  139 1934   11.86939   11.75336  0.98%  5122 14744s
 326529 255409     cutoff  132        11.86939   11.75341  0.98%  5134 14898s
 329876 258259   11.75780   62 2076   11.86939   11.75346  0.98%  5142 15037s
 333353 261338   11.77671   58 2178   11.86939   11.75354  0.98%  5142 15170s
 337012 264365   11.80360  100 2146   11.86939   11.75362  0.98%  5138 15300s
 340405 267817   11.80285   92 1842   11.86939   11.75370  0.97%  5134 15425s
 344178 269872   11.86302  199 1825   11.86939   11.75370  0.97%  5124 15546s
 346641 271902   11.86449  118 1927   11.86939   11.75370  0.97%  5134 15677s
H346984 271902                      11.8693870   11.75370  0.97%  5136 15677s
H347404 271902                      11.8693870   11.75371  0.97%  5135 15677s
 349127 274234     cutoff  129        11.86939   11.75371  0.97%  5141 15814s
 352113 276826   11.82787  144 1824   11.86939   11.75393  0.97%  5148 15951s
H355397 279185                      11.8693870   11.75396  0.97%  5151 16084s
 358383 281798     cutoff  167        11.86939   11.75406  0.97%  5154 16223s
 361706 284073   11.83534  139 1817   11.86939   11.75406  0.97%  5158 16369s
 364678 287315   11.75713   56 2120   11.86939   11.75422  0.97%  5167 16522s
 368438 289878   11.83080  118 1723   11.86939   11.75422  0.97%  5164 16667s
 371731 292653   11.86323  151 1695   11.86939   11.75423  0.97%  5169 16811s
 375149 295408   11.86336  135 1825   11.86939   11.75432  0.97%  5171 16950s
 378632 297967   11.86622  151 1809   11.86939   11.75442  0.97%  5173 17094s
 381851 300514   11.86369  145 1918   11.86939   11.75454  0.97%  5178 17236s
 384889 304352   11.85622  150 1892   11.86939   11.75454  0.97%  5179 17382s
 389293 307224     cutoff   52        11.86939   11.75459  0.97%  5168 17515s
 392663 310458   11.77514   65 2000   11.86939   11.75459  0.97%  5167 17657s
 396350 312726   11.76496   49 2330   11.86939   11.75459  0.97%  5165 17780s
H397822 312726                      11.8693870   11.75459  0.97%  5161 17780s
 399036 315092     cutoff   65        11.86939   11.75470  0.97%  5166 17915s
 402032 317486     cutoff  129        11.86939   11.75479  0.97%  5172 18053s
 405288 319955   11.82651   67 2157   11.86939   11.75479  0.97%  5173 18200s
H405911 319955                      11.8693869   11.75479  0.97%  5174 18200s
 408308 321617   11.76750   42 2088   11.86939   11.75479  0.97%  5173 18344s
 410713 323548   11.76092   55 2099   11.86939   11.75479  0.97%  5190 18497s
 413520 325845   11.85906  156 1865   11.86939   11.75479  0.97%  5200 18657s
H415181 325845                      11.8693869   11.75479  0.97%  5204 18657s
H415456 325845                      11.8693869   11.75488  0.96%  5205 18657s
 416553 328460   11.85436  113 1798   11.86939   11.75490  0.96%  5208 18813s
 420175 330704     cutoff   62        11.86939   11.75504  0.96%  5212 18965s
 423241 333105   11.82961   81 1875   11.86939   11.75506  0.96%  5223 19108s
 426249 335818   11.86164  129 1910   11.86939   11.75506  0.96%  5230 19264s
 429739 338642   11.77882   60 2071   11.86939   11.75522  0.96%  5235 19411s
 433337 341399     cutoff   82        11.86939   11.75522  0.96%  5237 19554s
 436812 344318   11.85805  120 1673   11.86939   11.75536  0.96%  5237 19700s
 440303 347042   11.80255   74 1888   11.86939   11.75536  0.96%  5237 19842s
 443512 350129   11.85937  122 1704   11.86939   11.75536  0.96%  5241 19988s
 447168 353639   11.80647   92 1815   11.86939   11.75545  0.96%  5238 20123s
H448121 353639                      11.8693868   11.75545  0.96%  5236 20123s
H448437 353639                      11.8693868   11.75545  0.96%  5236 20123s
H450834 353639                      11.8693868   11.75545  0.96%  5229 20123s
 450940 355699   11.84888  146 1667   11.86939   11.75545  0.96%  5229 20257s
 453474 358386   11.85950  173 1682   11.86939   11.75546  0.96%  5238 20400s
 456761 361159   11.78626   83 1745   11.86939   11.75552  0.96%  5241 20543s
H457035 361159                      11.8693867   11.75552  0.96%  5240 20543s
H458747 361159                      11.8693867   11.75552  0.96%  5241 20543s
 460041 364011   11.79161   70 1947   11.86939   11.75552  0.96%  5240 20682s
 463499 366601   11.85228  102 1673   11.86939   11.75556  0.96%  5241 20822s
 466687 367778   11.80233   77 1965   11.86939   11.75561  0.96%  5242 21002s
H466992 367778                      11.8693867   11.75561  0.96%  5243 21002s
H467067 367778                      11.8693866   11.75561  0.96%  5243 21002s
 468163 370723   11.86208  100 1866   11.86939   11.75567  0.96%  5243 21152s
 471802 373293   11.84756  108 1548   11.86939   11.75570  0.96%  5245 21302s
 475169 375112   11.83263   88 1954   11.86939   11.75581  0.96%  5248 21446s
H477099 375112                      11.8693866   11.75581  0.96%  5253 21446s
 477810 378745     cutoff   94        11.86939   11.75581  0.96%  5257 21600s
[2026-06-01T07:09:42.022] error: *** JOB 14062755 ON x1007c3s0b0n0 CANCELLED AT 2026-06-01T07:09:42 DUE TO TIME LIMIT ***
