2026-05-27 13:17:47 [INFO] idaes.core.surrogate.pysmo_surrogate: Decode surrogate. type=poly

===========================Polynomial Regression===============================================

The number of cross-validation cases (3) is used.
The default training/cross-validation split of 0.75 is used.
No iterations will be run.
Default parameter estimation method is used.
Parameter estimation method:  pyomo 

2026-05-27 13:17:47 [INFO] idaes.core.surrogate.pysmo_surrogate: Decode surrogate. type=poly

===========================Polynomial Regression===============================================

The number of cross-validation cases (3) is used.
The default training/cross-validation split of 0.75 is used.
No iterations will be run.
Default parameter estimation method is used.
Parameter estimation method:  pyomo 

2026-05-27 13:17:47 [INFO] idaes.core.surrogate.pysmo_surrogate: Decode surrogate. type=poly

===========================Polynomial Regression===============================================

The number of cross-validation cases (3) is used.
The default training/cross-validation split of 0.75 is used.
No iterations will be run.
Default parameter estimation method is used.
Parameter estimation method:  pyomo 

2026-05-27 13:17:47 [INFO] idaes.core.surrogate.pysmo_surrogate: Decode surrogate. type=poly

===========================Polynomial Regression===============================================

The number of cross-validation cases (3) is used.
The default training/cross-validation split of 0.75 is used.
No iterations will be run.
Default parameter estimation method is used.
Parameter estimation method:  pyomo 

2026-05-27 13:17:49 [INFO] idaes.apps.grid_integration.pricetaker.price_taker_model: Found minimum uptime/downtime data for pretreatment.uf_pumps[1] - Adding minimum uptime/downtime constraints.
2026-05-27 13:17:49 [INFO] idaes.apps.grid_integration.pricetaker.price_taker_model: Created startup/shutdown constraints for operation model  pretreatment.uf_pumps[1] at uf_pumps_1_startup_shutdown.
2026-05-27 13:17:49 [INFO] idaes.apps.grid_integration.pricetaker.price_taker_model: Found minimum uptime/downtime data for pretreatment.uf_pumps[2] - Adding minimum uptime/downtime constraints.
2026-05-27 13:17:49 [INFO] idaes.apps.grid_integration.pricetaker.price_taker_model: Created startup/shutdown constraints for operation model  pretreatment.uf_pumps[2] at uf_pumps_2_startup_shutdown.
2026-05-27 13:17:49 [INFO] idaes.apps.grid_integration.pricetaker.price_taker_model: Found minimum uptime/downtime data for pretreatment.uf_pumps[3] - Adding minimum uptime/downtime constraints.
2026-05-27 13:17:49 [INFO] idaes.apps.grid_integration.pricetaker.price_taker_model: Created startup/shutdown constraints for operation model  pretreatment.uf_pumps[3] at uf_pumps_3_startup_shutdown.
2026-05-27 13:17:49 [INFO] idaes.apps.grid_integration.pricetaker.price_taker_model: Found minimum uptime/downtime data for reverse_osmosis.ro_skid[1] - Adding minimum uptime/downtime constraints.
2026-05-27 13:17:49 [INFO] idaes.apps.grid_integration.pricetaker.price_taker_model: Created startup/shutdown constraints for operation model  reverse_osmosis.ro_skid[1] at ro_skid_1_startup_shutdown.
2026-05-27 13:17:49 [INFO] idaes.apps.grid_integration.pricetaker.price_taker_model: Found minimum uptime/downtime data for reverse_osmosis.ro_skid[2] - Adding minimum uptime/downtime constraints.
2026-05-27 13:17:49 [INFO] idaes.apps.grid_integration.pricetaker.price_taker_model: Created startup/shutdown constraints for operation model  reverse_osmosis.ro_skid[2] at ro_skid_2_startup_shutdown.
2026-05-27 13:17:49 [INFO] idaes.apps.grid_integration.pricetaker.price_taker_model: Found minimum uptime/downtime data for reverse_osmosis.ro_skid[3] - Adding minimum uptime/downtime constraints.
2026-05-27 13:17:49 [INFO] idaes.apps.grid_integration.pricetaker.price_taker_model: Created startup/shutdown constraints for operation model  reverse_osmosis.ro_skid[3] at ro_skid_3_startup_shutdown.
2026-05-27 13:17:49 [INFO] idaes.apps.grid_integration.pricetaker.price_taker_model: Found minimum uptime/downtime data for reverse_osmosis.ro_skid[4] - Adding minimum uptime/downtime constraints.
2026-05-27 13:17:49 [INFO] idaes.apps.grid_integration.pricetaker.price_taker_model: Created startup/shutdown constraints for operation model  reverse_osmosis.ro_skid[4] at ro_skid_4_startup_shutdown.
4868
Set parameter TokenServer to value "10.60.1.73"
Set parameter LogToConsole to value 1
Set parameter MIPGap to value 0.005
Gurobi Optimizer version 12.0.3 build v12.0.3rc0 (linux64 - "Red Hat Enterprise Linux 8.8 (Ootpa)")

CPU model: Intel(R) Xeon(R) Platinum 8470QL, instruction set [SSE2|AVX|AVX2|AVX512]
Thread count: 104 physical cores, 104 logical processors, using up to 32 threads

Non-default parameters:
MIPGap  0.005

Optimize a model with 16775 rows, 16971 columns and 46985 nonzeros
Model fingerprint: 0x5ced5528
Model has 168 quadratic objective terms
Model has 3528 quadratic constraints
Variable types: 11763 continuous, 5208 integer (5208 binary)
Coefficient statistics:
  Matrix range     [5e-04, 2e+03]
  QMatrix range    [2e-07, 1e+00]
  QLMatrix range   [3e-04, 4e+01]
  Objective range  [6e-06, 5e-03]
  QObjective range [2e-04, 2e-04]
  Bounds range     [9e-01, 1e+03]
  RHS range        [5e-02, 3e+05]
  QRHS range       [3e-01, 3e-01]
Presolve removed 5204 rows and 7072 columns
Presolve time: 0.11s
Presolved: 22827 rows, 10404 columns, 58825 nonzeros
Presolved model has 336 SOS constraint(s)
Presolved model has 2856 bilinear constraint(s)

Solving non-convex MIQCP

Variable types: 6758 continuous, 3646 integer (3646 binary)
Found heuristic solution: objective 10.9424504

Root relaxation: unbounded, 0 iterations, 0.01 seconds (0.00 work units)

    Nodes    |    Current Node    |     Objective Bounds      |     Work
 Expl Unexpl |  Obj  Depth IntInf | Incumbent    BestBd   Gap | It/Node Time

     0     2  postponed    0        10.94245          -      -     -    3s
     3     8  postponed    2        10.94245          -      -  4169    5s
    47    54  postponed    6        10.94245          -      -  9038   11s
   114   149  postponed    8        10.94245          -      -  8140   15s
   184   247  postponed    9        10.94245          -      -  9019   20s
   340   407  postponed   11        10.94245          -      -  8180   27s
   610  1221 infeasible   15        10.94245          -      -  8171   38s
  1836  2237  postponed   30        10.94245          -      -  3111   55s
  3404  3342  postponed   48        10.94245          -      -  1936   75s
H 4178  3342                      10.9424504          -      -  1740   75s
H 4638  3342                      10.9424503          -      -  1615   75s
H 4690  3342                      10.9424502          -      -  1602   75s
  5107  4506  postponed   63        10.94245          -      -  1528   95s
  6996  6081  postponed   83        10.94245          -      -  1342  114s
H 7414  6081                      10.9424502          -      -  1313  114s
  9225  7637  postponed  105        10.94245          -      -  1193  133s
 11331  9035 infeasible  121        10.94245          -      -  1113  150s
 13211 10373 infeasible  135        10.94245          -      -  1077  167s
 15106 10375    8.72321   76 2093   10.94245    8.72321  20.3%  1050  190s
 15107 10376   10.21747  316  963   10.94245   10.08263  7.86%  1050  196s
 15108 10377   10.52722  303 1500   10.94245   10.52722  3.79%  1050  203s
 15109 10377   10.63368   65 1586   10.94245   10.63368  2.82%  1050  210s
 15110 10378   10.74069   34 1707   10.94245   10.74069  1.84%  1050  220s
 15112 10379   10.75490   86 1640   10.94245   10.75490  1.71%  1050  227s
 15113 10380   10.75934  503 1791   10.94245   10.75934  1.67%  1050  234s
 15114 10381   10.76025  426 1818   10.94245   10.76025  1.67%  1050  236s
 15115 10381   10.76233  546 1915   10.94245   10.76233  1.65%  1050  242s
 15117 10383   10.76611   71 1809   10.94245   10.76611  1.61%  1050  248s
 15118 10383   10.76634   70 1837   10.94245   10.76634  1.61%  1049  252s
 15119 10384   10.76706  124 1997   10.94245   10.76706  1.60%  1049  257s
 15120 10385   10.76731   10 2098   10.94245   10.76731  1.60%  1049  260s
 15122 10386   10.76799  272 2159   10.94245   10.76799  1.59%  1049  267s
 15123 10387   10.76821  463 2117   10.94245   10.76821  1.59%  1049  270s
 15126 10389   10.76835  565 2215   10.94245   10.76835  1.59%  1049  276s
 15128 10390   10.85765  698 2105   10.94245   10.76836  1.59%  1049  293s
 15129 10391   10.76836  106 2105   10.94245   10.76836  1.59%  1049  321s
 15130 10394   10.76837   14 4522   10.94245   10.76836  1.59%  1061  570s
 15132 10396   10.79864   15 4349   10.94245   10.76837  1.59%  1062  597s
 15136 10398   10.89665   16 4192   10.94245   10.76847  1.59%  1063  635s
 15142 10401   10.90445   17 4060   10.94245   10.76851  1.59%  1070  659s
 15152 10400   10.90687   18 4133   10.94245   10.76853  1.59%  1076  694s
 15166 10401   10.90933   19 4197   10.94245   10.76882  1.59%  1098  713s
 15183 10406   10.93035   20 3667   10.94245   10.76914  1.58%  1105  743s
 15205 10421   10.93760   21 3725   10.94245   10.76919  1.58%  1116  774s
 15269 10404     cutoff   23        10.94245   10.76923  1.58%  1139  798s
 15315 10380     cutoff   23        10.94245   10.76923  1.58%  1160  821s
 15368 10367   10.77480   28 4491   10.94245   10.77172  1.56%  1193  843s
 15399 10371   10.80033   29 4071   10.94245   10.77480  1.53%  1207  869s
 15450 10371   10.92204   30 3944   10.94245   10.77824  1.50%  1238  894s
H15504  9833                      10.9424502   10.78077  1.48%  1263  894s
 15514  9864     cutoff   32        10.94245   10.78077  1.48%  1273  917s
 15585  9865     cutoff   31        10.94245   10.78425  1.45%  1304  939s
 15644  9861   10.90871   32 3419   10.94245   10.78566  1.43%  1341  961s
 15702  9849     cutoff   34        10.94245   10.78566  1.43%  1375  985s
 15756  9828   10.88458   38 3869   10.94245   10.78566  1.43%  1399 1009s
 15816  9821 infeasible   37        10.94245   10.78566  1.43%  1428 1036s
 15869  9823   10.91749   40 3706   10.94245   10.78566  1.43%  1463 1057s
 15935  9800     cutoff   36        10.94245   10.78566  1.43%  1494 1077s
H15954  9300                      10.9424502   10.78566  1.43%  1503 1077s
H15985  8819                      10.9424502   10.78566  1.43%  1520 1077s
 15999  8847   10.92478   38 3994   10.94245   10.78566  1.43%  1528 1099s
 16100  8844     cutoff   42        10.94245   10.78566  1.43%  1558 1122s
 16189  8838     cutoff   44        10.94245   10.78566  1.43%  1589 1145s
 16283  8812   10.84063   35 3914   10.94245   10.78566  1.43%  1628 1167s
 16385  8844   10.84064   36 3844   10.94245   10.78566  1.43%  1662 1192s
 16492  8841   10.85070   41 3591   10.94245   10.78566  1.43%  1690 1217s
 16615  8841   10.86698   45 3372   10.94245   10.78566  1.43%  1728 1243s
 16752  8913   10.87406   51 3417   10.94245   10.78566  1.43%  1761 1267s
 16917  8984   10.89070   59 3334   10.94245   10.78566  1.43%  1799 1293s
 17111  8973   10.89568   61 3192   10.94245   10.78566  1.43%  1841 1320s
H17139  8519                      10.9424491   10.78566  1.43%  1850 1320s
 17212  8564   10.91190   66 3118   10.94245   10.78566  1.43%  1884 1351s
 17353  8516   10.93081   73 2986   10.94245   10.78566  1.43%  1946 1380s
 17476  8489     cutoff   77        10.94245   10.79482  1.35%  2027 1411s
 17595  8460     cutoff   77        10.94245   10.79483  1.35%  2101 1446s
 17721  8463     cutoff   55        10.94245   10.79483  1.35%  2163 1479s
 17843  8460   10.91950   57 3363   10.94245   10.79483  1.35%  2231 1512s
H17852  8033                      10.9424491   10.79483  1.35%  2236 1512s
H17862  7628                      10.9424490   10.79483  1.35%  2237 1512s
H17954  7215                      10.9424489   10.79483  1.35%  2283 1512s
 17990  7193     cutoff   62        10.94245   10.79483  1.35%  2297 1547s
 18132  7199     cutoff   40        10.94245   10.80152  1.29%  2372 1587s
 18303  7155     cutoff   39        10.94245   10.80390  1.27%  2438 1623s
 18446  7143   10.86270   37 3978   10.94245   10.80390  1.27%  2517 1660s
 18603  7228   10.85167   68 2994   10.94245   10.80390  1.27%  2593 1699s
 18892  7394   10.89230   89 2675   10.94245   10.80390  1.27%  2645 1738s
 19261  7555   10.90489  113 2665   10.94245   10.81974  1.12%  2694 1779s
H19318  7172                      10.9424484   10.81974  1.12%  2697 1779s
H19398  6801                      10.9424476   10.81974  1.12%  2708 1779s
H19591  6409                      10.9424476   10.81974  1.12%  2750 1779s
 19605  6679   10.93674  132 2496   10.94245   10.81974  1.12%  2756 1828s
 19975  6789     cutoff  136        10.94245   10.82569  1.07%  2851 1875s
 20375  6682     cutoff  137        10.94245   10.83293  1.00%  2934 1916s
 20460  6835   10.84468   63 3266   10.94245   10.83293  1.00%  2966 1965s
 20781  6985   10.84930   66 3091   10.94245   10.83410  0.99%  3035 2013s
 21182  7221   10.88175   92 2758   10.94245   10.84079  0.93%  3087 2062s
 21704  7518   10.89939  102 2769   10.94245   10.84079  0.93%  3150 2116s
 22286  7833   10.93470  115 2591   10.94245   10.84359  0.90%  3201 2164s
 22916  7909   10.91023  120 2622   10.94245   10.84359  0.90%  3252 2217s
 23332  8165   10.92770  141 2393   10.94245   10.84359  0.90%  3350 2272s
 23909  8408   10.93930  150 2276   10.94245   10.84738  0.87%  3436 2326s
 24521  8842   10.89709   69 2896   10.94245   10.84738  0.87%  3490 2387s
 25341  9195   10.92784   75 2867   10.94245   10.84807  0.86%  3534 2445s
H26167  4976                      10.8974809   10.84807  0.45%  3571 2507s
H26174  4605                      10.8962392   10.84807  0.44%  3572 2507s
H26380  4239                      10.8960614   10.84807  0.44%  3579 2507s

Cutting planes:
  Learned: 564
  Gomory: 74
  Cover: 1192
  Implied bound: 440
  Projected implied bound: 84
  Clique: 1
  MIR: 537
  StrongCG: 6
  Flow cover: 1199
  GUB cover: 22
  Inf proof: 1
  Zero half: 33
  Network: 59
  RLT: 1873
  Relax-and-lift: 636
  BQP: 11
  PSD: 1

Explored 26468 nodes (95310991 simplex iterations) in 2507.60 seconds (5693.26 work units)
Thread count was 32 (of 104 available processors)

Solution count 10: 10.8961 10.8962 10.8975 ... 10.9425

Optimal solution found (tolerance 5.00e-03)
Best objective 1.089606135395e+01, best bound 1.084806697784e+01, gap 0.4405%
Total operational cost: 108960.61
Maximum power (kW): 1103.37
Discharge energy capacity (kWh): 0.00
Charge energy capacity (kWh): 3925.70
Levelized Cost of Flexibility ($/kWh): nan
{'fixed_demand_cost': 6951.940902897129, 'variable_demand_cost': 913.8817930776858, 'fixed_monthly_cost': 171938.17204301074, 'total_water_production': 282179.67123287724, 'total_energy_cost': 23571.632136721113, 'total_demand_cost': 7865.822695974814, 'total_customer_cost': 0.0, 'total_feed_cost': 48809.46021275075, 'total_brine_cost': 9838.16569164225, 'total_chemical_cost': 18875.532802364985, 'total_water_revenue': 0.0, 'total_demand_response_revenue': -0.0, 'total_emissions_cost': 0.0, 'total_op_cost': 108960.61353945392, 'fixed_cost': 121551.98252688172, 'total_cost': 230512.59606633562, 'LCOW': 0.8169000802190962, 'degree_of_flex': 0.0, 'total_replacement_cost': 992.3107078853046, 'maximum_power': 1103.3673370121064, 'energy_capacity': 0.0, 'power_capacity': nan, 'round_trip_efficiency': 0, 'LVOF': nan}
Saved operation variable results to: /home/rchurchi/watertap_test/watertap/tutorials/flex_ro/wrd_result_winter_both_4_flexible_trains.csv
2026-05-27 13:59:40 [INFO] idaes.core.surrogate.pysmo_surrogate: Decode surrogate. type=poly

===========================Polynomial Regression===============================================

The number of cross-validation cases (3) is used.
The default training/cross-validation split of 0.75 is used.
No iterations will be run.
Default parameter estimation method is used.
Parameter estimation method:  pyomo 

2026-05-27 13:59:40 [INFO] idaes.core.surrogate.pysmo_surrogate: Decode surrogate. type=poly

===========================Polynomial Regression===============================================

The number of cross-validation cases (3) is used.
The default training/cross-validation split of 0.75 is used.
No iterations will be run.
Default parameter estimation method is used.
Parameter estimation method:  pyomo 

2026-05-27 13:59:40 [INFO] idaes.core.surrogate.pysmo_surrogate: Decode surrogate. type=poly

===========================Polynomial Regression===============================================

The number of cross-validation cases (3) is used.
The default training/cross-validation split of 0.75 is used.
No iterations will be run.
Default parameter estimation method is used.
Parameter estimation method:  pyomo 

2026-05-27 13:59:40 [INFO] idaes.core.surrogate.pysmo_surrogate: Decode surrogate. type=poly

===========================Polynomial Regression===============================================

The number of cross-validation cases (3) is used.
The default training/cross-validation split of 0.75 is used.
No iterations will be run.
Default parameter estimation method is used.
Parameter estimation method:  pyomo 

2026-05-27 13:59:42 [INFO] idaes.apps.grid_integration.pricetaker.price_taker_model: Found minimum uptime/downtime data for pretreatment.uf_pumps[1] - Adding minimum uptime/downtime constraints.
2026-05-27 13:59:42 [INFO] idaes.apps.grid_integration.pricetaker.price_taker_model: Created startup/shutdown constraints for operation model  pretreatment.uf_pumps[1] at uf_pumps_1_startup_shutdown.
2026-05-27 13:59:42 [INFO] idaes.apps.grid_integration.pricetaker.price_taker_model: Found minimum uptime/downtime data for pretreatment.uf_pumps[2] - Adding minimum uptime/downtime constraints.
2026-05-27 13:59:42 [INFO] idaes.apps.grid_integration.pricetaker.price_taker_model: Created startup/shutdown constraints for operation model  pretreatment.uf_pumps[2] at uf_pumps_2_startup_shutdown.
2026-05-27 13:59:42 [INFO] idaes.apps.grid_integration.pricetaker.price_taker_model: Found minimum uptime/downtime data for pretreatment.uf_pumps[3] - Adding minimum uptime/downtime constraints.
2026-05-27 13:59:42 [INFO] idaes.apps.grid_integration.pricetaker.price_taker_model: Created startup/shutdown constraints for operation model  pretreatment.uf_pumps[3] at uf_pumps_3_startup_shutdown.
2026-05-27 13:59:42 [INFO] idaes.apps.grid_integration.pricetaker.price_taker_model: Found minimum uptime/downtime data for reverse_osmosis.ro_skid[1] - Adding minimum uptime/downtime constraints.
2026-05-27 13:59:42 [INFO] idaes.apps.grid_integration.pricetaker.price_taker_model: Created startup/shutdown constraints for operation model  reverse_osmosis.ro_skid[1] at ro_skid_1_startup_shutdown.
2026-05-27 13:59:42 [INFO] idaes.apps.grid_integration.pricetaker.price_taker_model: Found minimum uptime/downtime data for reverse_osmosis.ro_skid[2] - Adding minimum uptime/downtime constraints.
2026-05-27 13:59:42 [INFO] idaes.apps.grid_integration.pricetaker.price_taker_model: Created startup/shutdown constraints for operation model  reverse_osmosis.ro_skid[2] at ro_skid_2_startup_shutdown.
2026-05-27 13:59:42 [INFO] idaes.apps.grid_integration.pricetaker.price_taker_model: Found minimum uptime/downtime data for reverse_osmosis.ro_skid[3] - Adding minimum uptime/downtime constraints.
2026-05-27 13:59:42 [INFO] idaes.apps.grid_integration.pricetaker.price_taker_model: Created startup/shutdown constraints for operation model  reverse_osmosis.ro_skid[3] at ro_skid_3_startup_shutdown.
2026-05-27 13:59:42 [INFO] idaes.apps.grid_integration.pricetaker.price_taker_model: Found minimum uptime/downtime data for reverse_osmosis.ro_skid[4] - Adding minimum uptime/downtime constraints.
2026-05-27 13:59:42 [INFO] idaes.apps.grid_integration.pricetaker.price_taker_model: Created startup/shutdown constraints for operation model  reverse_osmosis.ro_skid[4] at ro_skid_4_startup_shutdown.
4868
Set parameter LogToConsole to value 1
Set parameter MIPGap to value 0.005
Gurobi Optimizer version 12.0.3 build v12.0.3rc0 (linux64 - "Red Hat Enterprise Linux 8.8 (Ootpa)")

CPU model: Intel(R) Xeon(R) Platinum 8470QL, instruction set [SSE2|AVX|AVX2|AVX512]
Thread count: 104 physical cores, 104 logical processors, using up to 32 threads

Non-default parameters:
MIPGap  0.005

Optimize a model with 16775 rows, 16971 columns and 46975 nonzeros
Model fingerprint: 0x9623e2a1
Model has 168 quadratic objective terms
Model has 3528 quadratic constraints
Variable types: 11763 continuous, 5208 integer (5208 binary)
Coefficient statistics:
  Matrix range     [5e-04, 2e+03]
  QMatrix range    [2e-07, 1e+00]
  QLMatrix range   [3e-04, 4e+01]
  Objective range  [6e-06, 5e-03]
  QObjective range [2e-04, 2e-04]
  Bounds range     [9e-01, 1e+03]
  RHS range        [5e-02, 3e+05]
  QRHS range       [3e-01, 3e-01]
Presolve removed 5224 rows and 7082 columns
Presolve time: 0.09s
Presolved: 22807 rows, 10394 columns, 58786 nonzeros
Presolved model has 336 SOS constraint(s)
Presolved model has 2856 bilinear constraint(s)

Solving non-convex MIQCP

Variable types: 6748 continuous, 3646 integer (3646 binary)
Found heuristic solution: objective 17.8954094

Root relaxation: unbounded, 0 iterations, 0.01 seconds (0.00 work units)

    Nodes    |    Current Node    |     Objective Bounds      |     Work
 Expl Unexpl |  Obj  Depth IntInf | Incumbent    BestBd   Gap | It/Node Time

     0     2  postponed    0        17.89541          -      -     -    3s
     3     8  postponed    2        17.89541          -      -  4647    5s
    15    20  postponed    4        17.89541          -      -  7592   10s
    47    54  postponed    6        17.89541          -      -  9951   15s
   181   242  postponed    9        17.89541          -      -  9958   25s
   333   657  postponed   11        17.89541          -      -  9614   35s
   992  1201  postponed   23        17.89541          -      -  4011   49s
  1810  1933 infeasible   35        17.89541          -      -  2728   71s
  2936  2866 infeasible   53        17.89541          -      -  2227  103s
H 4192  2866                      17.8954093          -      -  1971  103s
  4415  4560  postponed   79        17.89541          -      -  1942  134s
H 4970  4560                      17.8954092          -      -  1871  134s
  7011  7307 infeasible  102        17.89541          -      -  1598  162s
H 9862  7287                      17.4937697          -      -  1352  162s
 10358  9743 infeasible  116        17.49377          -      -  1312  184s
H10604  9741                      17.4700557          -      -  1321  184s
H10829  9740                      17.4435786          -      -  1318  184s
 13384 11867 infeasible  128        17.44358          -      -  1183  202s
H13588 11523                      16.4145886          -      -  1192  202s
H14256 11399                      16.1838852          -      -  1174  202s
H14970 11399                      16.1838424          -      -  1146  202s
H15323 11398                      16.1817775          -      -  1127  202s
H15876 10344                      16.1717775    9.83931  39.2%  1108  220s
 15879 10346   13.66663  323 1795   16.17178   10.52562  34.9%  1108  227s
 15880 10346   13.21827  263 1335   16.17178   11.01722  31.9%  1108  233s
 15882 10348   12.93639  186 1210   16.17178   11.11120  31.3%  1108  238s
 15884 10349   11.13756  149 1234   16.17178   11.13756  31.1%  1108  241s
 15886 10350   14.97990  628 1280   16.17178   11.15872  31.0%  1108  245s
 15890 10353   11.25134  117 1317   16.17178   11.25134  30.4%  1107  251s
 15894 10356   14.03724  433 1347   16.17178   11.25564  30.4%  1107  256s
 15898 10358   14.02394  340 1372   16.17178   11.25998  30.4%  1107  261s
H15901  9842                      16.1717554   11.27242  30.3%  1107  265s
 15908  9847   11.27591   77 1431   16.17176   11.27591  30.3%  1106  270s
 15916  9852   15.21074  671 1493   16.17176   11.27795  30.3%  1105  275s
 15917  9853   14.08096  447 1493   16.17176   11.27795  30.3%  1105  295s
H15917  9359                      12.7506896   11.27795  11.6%  1105  313s
H15917  8891                      12.7256896   11.27795  11.4%  1105  313s
 15919  8895   11.29290   12 3392   12.72569   11.27795  11.4%  1114  484s
 15921  8899   11.31313   13 3355   12.72569   11.29290  11.3%  1114  502s
 15925  8905   11.33622   14 3352   12.72569   11.31313  11.1%  1116  522s
 15933  8919   11.39893   15 3389   12.72569   11.33622  10.9%  1118  544s
H15949  8499                      12.5538897   11.35455  9.55%  1125  555s
H15952  8075                      12.3930770   11.35455  8.38%  1126  555s
H15962  7670                      12.3703811   11.35455  8.21%  1129  555s
H15964  7288                      12.3698414   11.35455  8.21%  1130  555s
 15981  7315   11.53373   17 3186   12.36984   11.38739  7.94%  1135  565s
H16013  7051                      12.2919583   11.38739  7.36%  1144  576s
H16042  6696                      12.2815020   11.38739  7.28%  1146  576s
 16123  6768   11.62003   20 2659   12.28150   11.38739  7.28%  1157  589s
 16222  6828   11.68716   22 2168   12.28150   11.38739  7.28%  1163  602s
H16232  6498                      12.2809206   11.38739  7.28%  1164  602s
H16243  6183                      12.2382607   11.38739  6.95%  1165  602s
H16272  5879                      12.1812507   11.38739  6.52%  1168  602s
 16315  5949   11.73368   23 2123   12.18125   11.38739  6.52%  1171  610s
 16417  5989   11.80185   25 2019   12.18125   11.38739  6.52%  1178  620s
H16429  5704                      12.1811675   11.38739  6.52%  1181  620s
H16431  5437                      12.1786757   11.38739  6.50%  1181  620s
H16439  5181                      12.1771880   11.38739  6.49%  1182  620s
 16491  5211   11.76868   25 1895   12.17719   11.38739  6.49%  1191  631s
H16570  5005                      12.1771047   11.38739  6.49%  1205  641s
H16576  4775                      12.1340282   11.38739  6.15%  1206  641s
H16620  4544                      12.1317562   11.38899  6.12%  1211  641s
 16654  4575   11.94860   27 1383   12.13176   11.38899  6.12%  1216  648s
 16742  4591   11.97112   29 1658   12.13176   11.38899  6.12%  1229  656s
H16748  4382                      12.1317559   11.38899  6.12%  1230  656s
H16751  4185                      12.1315864   11.38899  6.12%  1230  656s
H16801  3982                      12.1273444   11.38899  6.09%  1236  656s
H16823  3798                      12.1052470   11.39465  5.87%  1238  656s
 16825  3851     cutoff   29        12.10525   11.39465  5.87%  1239  666s
 16908  3880     cutoff   31        12.10525   11.40189  5.81%  1251  675s
H16915  3709                      12.1052467   11.40189  5.81%  1250  675s
H16925  3547                      12.0937739   11.40189  5.72%  1252  675s
 16987  3584   11.98202   33 1500   12.09377   11.40189  5.72%  1263  687s
H17076  3450                      12.0900390   11.40329  5.68%  1282  696s
H17099  3298                      12.0629092   11.40329  5.47%  1285  696s
 17154  3315   11.98291   37 1419   12.06291   11.40329  5.47%  1299  706s
H17246  3221                      12.0569709   11.41834  5.30%  1316  713s
 17352  3278   11.98860   41 1302   12.05697   11.43462  5.16%  1326  726s
H17489  3191                      12.0569348   11.43462  5.16%  1340  738s
H17495  3065                      12.0569330   11.43462  5.16%  1341  738s
H17508  2944                      12.0569294   11.43462  5.16%  1342  738s
H17517  2830                      12.0519217   11.43462  5.12%  1345  738s
H17536  2717                      12.0519177   11.43462  5.12%  1348  738s
H17562  2608                      12.0419647   11.43462  5.04%  1353  738s
 17593  2678   11.99795   45 1275   12.04196   11.43462  5.04%  1359  756s
 17723  2723   12.00256   47 1193   12.04196   11.44481  4.96%  1380  764s
H17745  2621                      12.0419089   11.44481  4.96%  1385  764s
H17798  2512                      12.0053895   11.44481  4.67%  1391  764s
 17837  2534     cutoff   48        12.00539   11.44481  4.67%  1396  777s
 17977  2583     cutoff   48        12.00539   11.47147  4.45%  1414  790s
H17979  2496                      12.0053793   11.47147  4.45%  1414  790s
H17984  2412                      12.0053783   11.47147  4.45%  1414  790s
H17997  2331                      12.0052582   11.47147  4.45%  1417  790s
H18083  2228                      11.9981949   11.47159  4.39%  1430  790s
 18092  2288   11.67925   20 3029   11.99819   11.47159  4.39%  1432  801s
H18197  2269                      11.9981479   11.48250  4.30%  1458  813s
H18203  2201                      11.9980298   11.48250  4.30%  1459  813s
H18205  2136                      11.9980127   11.48250  4.30%  1460  813s
H18212  2074                      11.9980100   11.48250  4.30%  1460  813s
H18220  2014                      11.9980077   11.48250  4.30%  1461  813s
H18231  1956                      11.9829603   11.48250  4.18%  1463  813s
 18331  1956     cutoff   28        11.98296   11.48250  4.18%  1480  832s
 18460  1972   11.96137   26 2382   11.98296   11.48250  4.18%  1512  856s
H18461  1921                      11.9829226   11.48250  4.18%  1512  856s
H18463  1871                      11.9829126   11.48250  4.18%  1513  856s
H18463  1824                      11.9828906   11.48250  4.18%  1513  856s
H18532  1802                      11.9828890   11.48250  4.18%  1528  856s
H18542  1802                      11.9828865   11.48250  4.18%  1534  856s
 18596  1793     cutoff   27        11.98289   11.48250  4.18%  1544  871s
 18739  1813     cutoff   27        11.98289   11.49756  4.05%  1570  882s
H18741  1813                      11.9828855   11.49756  4.05%  1570  882s
H18749  1813                      11.9828854   11.49756  4.05%  1571  882s
H18749  1813                      11.9828847   11.49756  4.05%  1571  882s
H18787  1813                      11.9828430   11.49756  4.05%  1580  882s
 18897  1822   11.72729   22 2911   11.98284   11.49756  4.05%  1595  895s
H19055  1792                      11.9828420   11.49828  4.04%  1624  908s
H19064  1792                      11.9828419   11.49828  4.04%  1626  908s
H19081  1792                      11.9828361   11.51145  3.93%  1630  908s
H19182  1792                      11.9828345   11.51145  3.93%  1652  908s
 19203  1879   11.92989   31 2058   11.98283   11.51145  3.93%  1654  922s
 19345  1985   11.59662   20 3084   11.98283   11.52982  3.78%  1679  936s
H19350  1985                      11.9828324   11.52982  3.78%  1679  936s
H19356  1985                      11.9828323   11.52982  3.78%  1680  936s
H19375  1985                      11.9828319   11.52982  3.78%  1682  936s
H19379  1985                      11.9828311   11.52982  3.78%  1682  936s
H19402  1985                      11.9828289   11.52982  3.78%  1693  936s
 19502  2081   11.83271   24 2760   11.98283   11.52982  3.78%  1710  950s
H19662  2147                      11.9828287   11.52982  3.78%  1744  967s
H19666  2147                      11.9828279   11.52982  3.78%  1747  967s
H19673  2147                      11.9827044   11.52982  3.78%  1752  967s
 19822  2229     cutoff   31        11.98270   11.53379  3.75%  1784  982s
H20031  2337                      11.9827031   11.54770  3.63%  1819  996s
H20058  2337                      11.9827026   11.55191  3.60%  1823  996s
H20089  2337                      11.9827024   11.55191  3.60%  1835  996s
H20162  2337                      11.9827016   11.55191  3.60%  1840  996s
 20232  2418   11.95074   28 2195   11.98270   11.55191  3.60%  1852 1011s
H20368  2418                      11.9827009   11.55191  3.60%  1871 1011s
 20441  2527     cutoff   30        11.98270   11.55673  3.55%  1887 1028s
H20444  2527                      11.9827002   11.55673  3.55%  1889 1028s
H20499  2527                      11.9826995   11.55722  3.55%  1899 1028s
 20642  2606   11.71887   24 2456   11.98270   11.55957  3.53%  1925 1046s
 20827  2711   11.90259   29 1985   11.98270   11.55969  3.53%  1978 1062s
 21061  2755   11.73798   23 2009   11.98270   11.57735  3.38%  2019 1078s
H21062  2249                      11.9503876   11.57735  3.12%  2019 1078s
H21071  2082                      11.9362820   11.57735  3.01%  2019 1078s
H21099  2079                      11.9357305   11.57910  2.99%  2025 1078s
 21161  2163   11.81497   24 1687   11.93573   11.58189  2.96%  2042 1101s
H21277  2163                      11.9357303   11.58189  2.96%  2054 1101s
 21470  2206     cutoff   32        11.93573   11.58286  2.96%  2074 1121s
 21702  2277     cutoff   30        11.93573   11.58537  2.94%  2117 1146s
 21920  2356   11.92331   36 1550   11.93573   11.58744  2.92%  2170 1165s
 22160  2454   11.72016   23 2272   11.93573   11.59662  2.84%  2216 1184s
H22389  2521                      11.9349406   11.59662  2.83%  2270 1206s
H22392  2521                      11.9349024   11.59662  2.83%  2271 1206s
H22427  2521                      11.9348770   11.59662  2.83%  2273 1206s
H22486  2520                      11.9348715   11.60524  2.76%  2284 1206s
 22584  2624   11.91911   36 1331   11.93487   11.60524  2.76%  2308 1231s
H22634  2624                      11.9348651   11.60988  2.72%  2317 1231s
 22838  2751   11.71273   24 2444   11.93487   11.61135  2.71%  2359 1256s
 23114  2845   11.92709   39 1383   11.93487   11.62249  2.62%  2410 1280s
H23134  2845                      11.9348646   11.62249  2.62%  2418 1280s
H23293  2845                      11.9348618   11.62250  2.62%  2454 1280s
 23360  2904   11.93311   44 1386   11.93486   11.62383  2.61%  2467 1306s
 23613  2996     cutoff   31        11.93486   11.62498  2.60%  2530 1340s
H23614  2996                      11.9348618   11.62498  2.60%  2530 1340s
H23637  2996                      11.9348618   11.62569  2.59%  2536 1340s
H23913  2996                      11.9348617   11.62971  2.56%  2583 1340s
 23928  3064   11.81012   24 2671   11.93486   11.62971  2.56%  2586 1367s
 24164  3183     cutoff   28        11.93486   11.63105  2.55%  2622 1395s
H24218  3183                      11.9348597   11.63105  2.55%  2633 1395s
H24411  3183                      11.9348596   11.63579  2.51%  2675 1395s
 24487  3285   11.87929   30 1579   11.93486   11.63810  2.49%  2684 1424s
 24820  3377     cutoff   27        11.93486   11.64393  2.44%  2748 1459s
 25182  3450   11.89762   26 1783   11.93486   11.65255  2.37%  2821 1491s
H25191  3450                      11.9348596   11.65255  2.37%  2822 1491s
 25524  3506   11.93160   25 2040   11.93486   11.65399  2.35%  2896 1530s
 25910  3592   11.76419   25 1858   11.93486   11.65399  2.35%  2963 1564s
 26243  3654   11.92691   31 1871   11.93486   11.65399  2.35%  3041 1594s
H26274  3654                      11.9348572   11.65399  2.35%  3049 1594s
H26438  3654                      11.9348518   11.65399  2.35%  3059 1594s
 26481  3775   11.88642   26 2178   11.93485   11.65399  2.35%  3073 1630s
 26862  3919     cutoff   28        11.93485   11.66835  2.23%  3144 1669s
H27047  3919                      11.9348518   11.66861  2.23%  3169 1669s
 27254  4018     cutoff   30        11.93485   11.66939  2.22%  3211 1710s
H27263  4018                      11.9348517   11.66939  2.22%  3211 1710s
H27427  4018                      11.9348517   11.67063  2.21%  3241 1710s
 27663  4184     cutoff   26        11.93485   11.67358  2.19%  3285 1751s
 28101  4301   11.83644   27 1630   11.93485   11.67358  2.19%  3358 1798s
 28595  4427   11.90218   31 1441   11.93485   11.67963  2.14%  3433 1843s
 29079  4458     cutoff   45        11.93485   11.68576  2.09%  3503 1886s
 29580  4548   11.86592   25 2240   11.93485   11.68632  2.08%  3586 1939s
 30300  4662   11.80340   25 2445   11.93485   11.69018  2.05%  3655 1988s
 30802  4799     cutoff   31        11.93485   11.69262  2.03%  3745 2043s
 31418  4980     cutoff   23        11.93485   11.69984  1.97%  3839 2099s
 32107  5078   11.86237   28 2694   11.93485   11.70354  1.94%  3922 2154s
H32155  5078                      11.9348503   11.70354  1.94%  3930 2154s
 32506  5225     cutoff   30        11.93485   11.70354  1.94%  3972 2213s
 33160  5299     cutoff   31        11.93485   11.71029  1.88%  4066 2273s
H33751  5299                      11.9348501   11.71048  1.88%  4142 2273s
 33934  5392     cutoff   24        11.93485   11.71312  1.86%  4156 2343s
H34375  5392                      11.9348498   11.71434  1.85%  4219 2343s
 34694  5555   11.93064   42 1289   11.93485   11.71641  1.83%  4260 2406s
 35443  5724     cutoff   28        11.93485   11.72166  1.79%  4351 2473s
 36283  5868     cutoff   30        11.93485   11.72719  1.74%  4447 2546s
 37187  5963   11.86913   27 2444   11.93485   11.72895  1.73%  4552 2620s
 38105  5996   11.88766   23 2501   11.93485   11.73627  1.66%  4648 2697s
 38865  6099     cutoff   27        11.93485   11.73821  1.65%  4726 2779s
 39698  6212   11.89792   22 2714   11.93485   11.74376  1.60%  4828 2864s
 40719  6360     cutoff   27        11.93485   11.74988  1.55%  4919 2952s
 41879  6437     cutoff   30        11.93485   11.75453  1.51%  5006 3042s
 42895  6458     cutoff   37        11.93485   11.75826  1.48%  5094 3138s
 43837  6518     cutoff   29        11.93485   11.76371  1.43%  5194 3234s
 44941  6635     cutoff   25        11.93485   11.76921  1.39%  5288 3333s
 46106  6662   11.93369   28 2332   11.93485   11.77310  1.36%  5380 3435s
 47303  6747 infeasible   29        11.93485   11.77960  1.30%  5468 3541s
 48568  6811   11.86744   31 1557   11.93485   11.78383  1.27%  5561 3658s
H48610  6811                      11.9348477   11.78383  1.27%  5567 3658s
H48627  6811                      11.9348453   11.78383  1.27%  5567 3658s
H48799  6811                      11.9348441   11.78383  1.27%  5587 3658s
 49328  6854   11.92281   31 1439   11.93484   11.78383  1.27%  5616 3781s
H49462  6854                      11.9348410   11.78383  1.27%  5623 3781s
H49680  6854                      11.9348386   11.78383  1.27%  5642 3781s
H50028  6854                      11.9348349   11.78738  1.24%  5669 3781s
 50539  6939     cutoff   26        11.93483   11.79120  1.20%  5702 3909s
H51130  6939                      11.9348349   11.79351  1.18%  5737 3909s
 52056  6983     cutoff   29        11.93483   11.79624  1.16%  5797 4040s
 53562  7023     cutoff   41        11.93483   11.79809  1.15%  5893 4182s
H53863  7023                      11.9348348   11.79809  1.15%  5908 4182s
H54750  7023                      11.9348348   11.80329  1.10%  5960 4182s
 55103  6965   11.92599   30 2726   11.93483   11.80582  1.08%  5987 4323s
 56735  6909   11.92488   31 1474   11.93483   11.81581  1.00%  6083 4468s
H57510  6909                      11.9348338   11.81710  0.99%  6123 4468s
H58099  6909                      11.9348333   11.81712  0.99%  6154 4468s
 58318  6904   11.89503   45 1711   11.93483   11.82124  0.95%  6162 4632s
 60130  6828   11.93377   64 1711   11.93483   11.82941  0.88%  6252 4788s
 61954  6775     cutoff   26        11.93483   11.83343  0.85%  6340 4950s
 63879  7373     cutoff   33        11.93483   11.84521  0.75%  6423 5119s
H64005  7373                      11.9348322   11.84584  0.75%  6427 5119s
 66080  8268   11.91018   65 1286   11.93483   11.84839  0.72%  6469 5286s
H66147  8268                      11.9348322   11.84839  0.72%  6471 5286s
H66391  8268                      11.9348322   11.84839  0.72%  6472 5286s
H66641  8268                      11.9348322   11.84961  0.71%  6473 5286s
H67472  8268                      11.9348321   11.85062  0.71%  6475 5286s
H68723  9558                      11.9348321   11.85692  0.65%  6484 5416s
H69058  9558                      11.9348321   11.85692  0.65%  6478 5416s
 71085 11392   11.93244   62 1330   11.93483   11.85938  0.63%  6465 5554s
H71369 11392                      11.9348307   11.85938  0.63%  6465 5554s
 73845 13212   11.92264   77 1687   11.93483   11.86269  0.60%  6415 5687s
H75457 13212                      11.9348306   11.86312  0.60%  6381 5687s
 76657 14900     cutoff   90        11.93483   11.86523  0.58%  6366 5823s
H77342 14900                      11.9348300   11.86545  0.58%  6362 5823s
 79307 16371   11.92957   88 1618   11.93483   11.86699  0.57%  6333 5962s
 81651 18077   11.90416   63 1627   11.93483   11.86887  0.55%  6329 6104s
 84311 20199     cutoff   86        11.93483   11.86942  0.55%  6317 6258s
 87278 22317   11.93200   73 1358   11.93483   11.87024  0.54%  6282 6406s
 90440 24545   11.93009   89 1596   11.93483   11.87040  0.54%  6241 6558s
 93645 26617     cutoff   66        11.93483   11.87148  0.53%  6211 6711s
 96776 29892   11.91975   61 1315   11.93483   11.87197  0.53%  6188 6923s
 101566 31965   11.87867   45 1339   11.93483   11.87266  0.52%  6132 7072s
 104439 34296   11.93243   64 1309   11.93483   11.87297  0.52%  6125 7225s
 107950 36025   11.93348   78 1955   11.93483   11.87297  0.52%  6084 7376s
 110712 38753   11.92468   74 1993   11.93483   11.87359  0.51%  6092 7533s
 114167 40640   11.93177   85 1954   11.93483   11.87385  0.51%  6057 7687s
H114644 40640                      11.9348300   11.87385  0.51%  6058 7687s
 117005 42617   11.92971   82 1574   11.93483   11.87421  0.51%  6054 7845s
 120049 44902     cutoff   88        11.93483   11.87458  0.50%  6056 8009s
 123381 46976   11.88475   43 1330   11.93483   11.87488  0.50%  6045 8170s
 126482 49482     cutoff   71        11.93483   11.87515  0.50%  6041 8375s

Cutting planes:
  Learned: 276
  Gomory: 58
  Cover: 1507
  Implied bound: 422
  Projected implied bound: 316
  Clique: 2
  MIR: 978
  StrongCG: 8
  Flow cover: 1447
  GUB cover: 73
  Inf proof: 4
  Zero half: 4
  Network: 24
  RLT: 1749
  Relax-and-lift: 531
  BQP: 29
  PSD: 2

Explored 130523 nodes (787086361 simplex iterations) in 8375.34 seconds (18054.20 work units)
Thread count was 32 (of 104 available processors)

Solution count 10: 11.9348 11.9348 11.9348 ... 11.9348

Optimal solution found (tolerance 5.00e-03)
Best objective 1.193483077582e+01, best bound 1.187548535734e+01, gap 0.4972%
Total operational cost: 113598.31
Maximum power (kW): 1494.95
Discharge energy capacity (kWh): 40078.80
Charge energy capacity (kWh): 51453.90
Levelized Cost of Flexibility ($/kWh): 0.51
{'fixed_demand_cost': 9419.192984733612, 'variable_demand_cost': 0.0, 'fixed_monthly_cost': 171938.17204301074, 'total_water_production': 282179.67123287474, 'total_energy_cost': 21005.26345233954, 'total_demand_cost': 9419.192984733612, 'total_customer_cost': 0.0, 'total_feed_cost': 48819.62745649796, 'total_brine_cost': 14784.690159207985, 'total_chemical_cost': 19569.53370544245, 'total_water_revenue': 0.0, 'total_demand_response_revenue': 0.0, 'total_emissions_cost': 0.0, 'total_op_cost': 113598.30775822153, 'fixed_cost': 121551.98252688172, 'total_cost': 235150.29028510326, 'LCOW': 0.8333353329731557, 'degree_of_flex': 0.46706586826347307, 'total_replacement_cost': 1040.9289460857153, 'maximum_power': 1494.9537101611445, 'energy_capacity': 40078.803663142186, 'power_capacity': 910.8819014350497, 'round_trip_efficiency': 0, 'LVOF': 0.5106807249297997}
Saved operation variable results to: /home/rchurchi/watertap_test/watertap/tutorials/flex_ro/wrd_result_summer_both_4_flexible_trains.csv
Saved summary results to: /home/rchurchi/watertap_test/watertap/tutorials/flex_ro/wrd_pricetaker_summary_results_20260527_161921.csv
