2026-05-22 19:19:10 [INFO] idaes.core.surrogate.pysmo_surrogate: Decode surrogate. type=poly

===========================Polynomial Regression===============================================

The number of cross-validation cases (3) is used.
The default training/cross-validation split of 0.75 is used.
No iterations will be run.
Default parameter estimation method is used.
Parameter estimation method:  pyomo 

2026-05-22 19:19:10 [INFO] idaes.core.surrogate.pysmo_surrogate: Decode surrogate. type=poly

===========================Polynomial Regression===============================================

The number of cross-validation cases (3) is used.
The default training/cross-validation split of 0.75 is used.
No iterations will be run.
Default parameter estimation method is used.
Parameter estimation method:  pyomo 

2026-05-22 19:19:10 [INFO] idaes.core.surrogate.pysmo_surrogate: Decode surrogate. type=poly

===========================Polynomial Regression===============================================

The number of cross-validation cases (3) is used.
The default training/cross-validation split of 0.75 is used.
No iterations will be run.
Default parameter estimation method is used.
Parameter estimation method:  pyomo 

2026-05-22 19:19:10 [INFO] idaes.core.surrogate.pysmo_surrogate: Decode surrogate. type=poly

===========================Polynomial Regression===============================================

The number of cross-validation cases (3) is used.
The default training/cross-validation split of 0.75 is used.
No iterations will be run.
Default parameter estimation method is used.
Parameter estimation method:  pyomo 

2026-05-22 19:19:11 [INFO] idaes.apps.grid_integration.pricetaker.price_taker_model: Found minimum uptime/downtime data for pretreatment.uf_pumps[1] - Adding minimum uptime/downtime constraints.
2026-05-22 19:19:11 [INFO] idaes.apps.grid_integration.pricetaker.price_taker_model: Created startup/shutdown constraints for operation model  pretreatment.uf_pumps[1] at uf_pumps_1_startup_shutdown.
2026-05-22 19:19:11 [INFO] idaes.apps.grid_integration.pricetaker.price_taker_model: Found minimum uptime/downtime data for pretreatment.uf_pumps[2] - Adding minimum uptime/downtime constraints.
2026-05-22 19:19:11 [INFO] idaes.apps.grid_integration.pricetaker.price_taker_model: Created startup/shutdown constraints for operation model  pretreatment.uf_pumps[2] at uf_pumps_2_startup_shutdown.
2026-05-22 19:19:11 [INFO] idaes.apps.grid_integration.pricetaker.price_taker_model: Found minimum uptime/downtime data for pretreatment.uf_pumps[3] - Adding minimum uptime/downtime constraints.
2026-05-22 19:19:11 [INFO] idaes.apps.grid_integration.pricetaker.price_taker_model: Created startup/shutdown constraints for operation model  pretreatment.uf_pumps[3] at uf_pumps_3_startup_shutdown.
2026-05-22 19:19:11 [INFO] idaes.apps.grid_integration.pricetaker.price_taker_model: Found minimum uptime/downtime data for reverse_osmosis.ro_skid[1] - Adding minimum uptime/downtime constraints.
2026-05-22 19:19:11 [INFO] idaes.apps.grid_integration.pricetaker.price_taker_model: Created startup/shutdown constraints for operation model  reverse_osmosis.ro_skid[1] at ro_skid_1_startup_shutdown.
2026-05-22 19:19:11 [INFO] idaes.apps.grid_integration.pricetaker.price_taker_model: Found minimum uptime/downtime data for reverse_osmosis.ro_skid[2] - Adding minimum uptime/downtime constraints.
2026-05-22 19:19:11 [INFO] idaes.apps.grid_integration.pricetaker.price_taker_model: Created startup/shutdown constraints for operation model  reverse_osmosis.ro_skid[2] at ro_skid_2_startup_shutdown.
2026-05-22 19:19:11 [INFO] idaes.apps.grid_integration.pricetaker.price_taker_model: Found minimum uptime/downtime data for reverse_osmosis.ro_skid[3] - Adding minimum uptime/downtime constraints.
2026-05-22 19:19:11 [INFO] idaes.apps.grid_integration.pricetaker.price_taker_model: Created startup/shutdown constraints for operation model  reverse_osmosis.ro_skid[3] at ro_skid_3_startup_shutdown.
2026-05-22 19:19:11 [INFO] idaes.apps.grid_integration.pricetaker.price_taker_model: Found minimum uptime/downtime data for reverse_osmosis.ro_skid[4] - Adding minimum uptime/downtime constraints.
2026-05-22 19:19:11 [INFO] idaes.apps.grid_integration.pricetaker.price_taker_model: Created startup/shutdown constraints for operation model  reverse_osmosis.ro_skid[4] at ro_skid_4_startup_shutdown.
4872
Set parameter TokenServer to value "10.60.1.73"
Set parameter LogToConsole to value 1
Gurobi Optimizer version 12.0.3 build v12.0.3rc0 (linux64 - "Red Hat Enterprise Linux 8.8 (Ootpa)")

CPU model: Intel(R) Xeon(R) Platinum 8470QL, instruction set [SSE2|AVX|AVX2|AVX512]
Thread count: 104 physical cores, 104 logical processors, using up to 32 threads

Optimize a model with 16782 rows, 17643 columns and 46327 nonzeros
Model fingerprint: 0x9a069056
Model has 168 quadratic objective terms
Model has 3528 quadratic constraints
Model has 672 general nonlinear constraints (672 nonlinear terms)
Variable types: 12440 continuous, 5203 integer (5203 binary)
Coefficient statistics:
  Matrix range     [2e-02, 2e+03]
  QMatrix range    [2e-07, 1e+00]
  QLMatrix range   [1e-04, 2e+00]
  Objective range  [7e-06, 1e-04]
  QObjective range [2e-04, 2e-04]
  Bounds range     [9e-01, 1e+03]
  RHS range        [1e+00, 3e+05]
  QRHS range       [3e-01, 1e+00]
Presolve model has 672 nlconstr
Added 2688 variables to disaggregate expressions.
Presolve removed 7526 rows and 8058 columns
Presolve time: 0.15s
Presolved: 35968 rows, 14794 columns, 85010 nonzeros
Presolved model has 336 SOS constraint(s)
Presolved model has 4872 bilinear constraint(s)
Presolved model has 672 nonlinear constraint(s)

Solving non-convex MINLP

Variable types: 12134 continuous, 2660 integer (2660 binary)
Found heuristic solution: objective 10.6947980

Root relaxation: objective 7.139140e+00, 35940 iterations, 2.43 seconds (4.27 work units)

    Nodes    |    Current Node    |     Objective Bounds      |     Work
 Expl Unexpl |  Obj  Depth IntInf | Incumbent    BestBd   Gap | It/Node Time

     0     0    7.13914    0 7084   10.69480    7.13914  33.2%     -    3s
     0     0    8.37093    0 6395   10.69480    8.37093  21.7%     -    7s
     0     0    8.37093    0 6395   10.69480    8.37093  21.7%     -    7s
     0     0    9.44757    0 5605   10.69480    9.44757  11.7%     -    9s
     0     0    9.44757    0 5605   10.69480    9.44757  11.7%     -    9s
     0     0    9.68563    0 5602   10.69480    9.68563  9.44%     -   14s
     0     0    9.77125    0 5202   10.69480    9.77125  8.64%     -   17s
     0     0    9.77133    0 5201   10.69480    9.77133  8.63%     -   17s
     0     0    9.81491    0 5710   10.69480    9.81491  8.23%     -   27s
     0     0    9.87321    0 5939   10.69480    9.87321  7.68%     -   32s
     0     0    9.87321    0 5844   10.69480    9.87321  7.68%     -   38s
     0     0    9.90313    0 5706   10.69480    9.90313  7.40%     -   42s
     0     0    9.93709    0 5283   10.69480    9.93709  7.08%     -   46s
     0     0    9.93709    0 5426   10.69480    9.93709  7.08%     -   51s
     0     0    9.93709    0 5425   10.69480    9.93709  7.08%     -   51s
     0     0    9.93709    0 5702   10.69480    9.93709  7.08%     -   56s
     0     0    9.93709    0 5543   10.69480    9.93709  7.08%     -   60s
     0     0    9.97054    0 5153   10.69480    9.97054  6.77%     -   66s
     0     0    9.97498    0 4999   10.69480    9.97498  6.73%     -   70s
     0     0   10.00352    0 5230   10.69480   10.00352  6.46%     -   74s
     0     0   10.01884    0 4864   10.69480   10.01884  6.32%     -   78s
     0     0   10.03839    0 4844   10.69480   10.03839  6.14%     -   82s
     0     0   10.09402    0 4285   10.69480   10.09402  5.62%     -   85s
     0     0   10.09402    0 4834   10.69480   10.09402  5.62%     -   88s
     0     0   10.09402    0 5240   10.69480   10.09402  5.62%     -   93s
     0     0   10.09402    0 5419   10.69480   10.09402  5.62%     -   98s
     0     0   10.09402    0 5098   10.69480   10.09402  5.62%     -  102s
     0     2   10.09402    0 5088   10.69480   10.09402  5.62%     -  105s
     3     8   10.09402    2 5130   10.69480   10.09402  5.62% 12558  112s
     7    16   10.09402    3 5492   10.69480   10.09402  5.62% 18059  118s
    15    32   10.09402    4 5326   10.69480   10.09402  5.62% 18047  124s
    31    51   10.09402    5 5704   10.69480   10.09402  5.62% 17208  134s
    50    82   10.18509    6 5294   10.69480   10.09402  5.62% 18537  147s
    81   145   10.16364    7 5263   10.69480   10.09402  5.62% 20247  159s
   144   213   10.19935    8 4969   10.69480   10.09402  5.62% 18841  174s
   212   275   10.19936    9 4974   10.69480   10.09402  5.62% 17339  189s
   280   327   10.19417   10 5139   10.69480   10.09402  5.62% 16302  202s
   338   388   10.09402   11 6173   10.69480   10.09402  5.62% 16129  212s
   399   432   10.22992   11 4439   10.69480   10.09402  5.62% 15937  222s
   461   480   10.26014   12 4510   10.69480   10.09402  5.62% 15869  233s
   522   515   10.15111   12 5238   10.69480   10.09402  5.62% 15969  246s
   579   547   10.17408   13 5289   10.69480   10.09402  5.62% 15943  257s
   636   579   10.09402   14 5603   10.69480   10.09402  5.62% 15950  269s
   694   612   10.23016   14 4442   10.69480   10.09402  5.62% 15933  280s
   753   652   10.23365   15 4462   10.69480   10.09402  5.62% 15973  292s
   811   688   10.31471   16 3840   10.69480   10.09402  5.62% 15904  303s
   863   731   10.21916   16 5015   10.69480   10.09402  5.62% 15932  313s
   920   760   10.24658   17 5073   10.69480   10.09402  5.62% 15897  324s
   989   805   10.31605   17 4753   10.69480   10.09402  5.62% 15799  334s
  1062   841   10.25132   18 4971   10.69480   10.09402  5.62% 15777  345s
  1134   866   10.30654   18 4423   10.69480   10.09402  5.62% 15828  358s
  1203   899   10.28587   19 4663   10.69480   10.09402  5.62% 16005  369s
  1272   953   10.28767   20 4501   10.69480   10.09402  5.62% 16059  382s
  1352  1008   10.37086   22 3551   10.69480   10.09402  5.62% 16084  394s
  1447  1073   10.52081   24 2770   10.69480   10.09402  5.62% 15939  408s
  1543  1138   10.53413   25 3020   10.69480   10.09402  5.62% 15890  421s
  1654  1198   10.51599   26 3982   10.69480   10.09402  5.62% 15733  435s
  1773  1247   10.40633   28 4912   10.69480   10.09402  5.62% 15638  449s
  1887  1294   10.56923   28 3186   10.69480   10.09402  5.62% 15593  464s
  2002  1380   10.56817   30 3657   10.69480   10.09402  5.62% 15527  477s
  2126  1470   10.57168   32 4288   10.69480   10.09402  5.62% 15458  495s
H 2167  1470                      10.6947979   10.09402  5.62% 15387  495s
H 2167  1470                      10.6947979   10.09402  5.62% 15387  495s
  2281  1568   10.66796   34 2542   10.69480   10.09402  5.62% 15191  513s
  2419  1629   10.62125   36 3209   10.69480   10.09402  5.62% 15027  530s
  2551  1684   10.62694   38 3033   10.69480   10.09402  5.62% 15007  546s
  2684  1769     cutoff   37        10.69480   10.09770  5.58% 15039  565s
  2845  1857   10.09770    9 4572   10.69480   10.09770  5.58% 14965  583s
  2997  1900   10.09770   13 5563   10.69480   10.09770  5.58% 14938  604s
  3078  2025   10.09902   14 5545   10.69480   10.09902  5.57% 14909  626s
  3276  2139   10.32425   19 3927   10.69480   10.09902  5.57% 14769  647s
  3482  2269   10.55274   28 2917   10.69480   10.09902  5.57% 14625  669s
  3683  2379   10.65958   44 2240   10.69480   10.09902  5.57% 14562  693s
  3893  2531   10.22434   15 4939   10.69480   10.09902  5.57% 14527  712s
H 4145  1878                      10.6339135   10.09902  5.03% 14388  811s
H 4145  1872                      10.6308716   10.09902  5.00% 14388  969s
  4146  1827   10.32307    9 1183   10.63087   10.09902  5.00% 14384  998s
  4148  1828   10.40029   12 1255   10.63087   10.09902  5.00% 14377 1015s
  4149  1829   10.22567   15 1018   10.63087   10.09902  5.00% 14374 1022s
  4150  1830   10.22611   16  988   10.63087   10.09902  5.00% 14370 1031s
  4151  1830   10.36049   16 1126   10.63087   10.09902  5.00% 14367 1038s
  4152  1831   10.48848   20  688   10.63087   10.26903  3.40% 14363 1044s
H 4152  1739                      10.6308517   10.26903  3.40% 14363 1047s
  4154  1740   10.61500   19  503   10.63085   10.33446  2.79% 14357 1052s
  4155  1741   10.41274   26  424   10.63085   10.39428  2.23% 14353 1055s
  4156  1742   10.56816   18  528   10.63085   10.39428  2.23% 14350 1060s
  4159  1744   10.50486   11  380   10.63085   10.43437  1.85% 14339 1065s
  4163  1746   10.51305   24  443   10.63085   10.45788  1.63% 14326 1071s
  4165  1748   10.58036   21  557   10.63085   10.45788  1.63% 14319 1080s
H 4165  1660                      10.6308422   10.45788  1.63% 14319 1082s
  4167  1661   10.45788   18  454   10.63084   10.45788  1.63% 14312 1085s
  4169  1662   10.63049   28  584   10.63084   10.45788  1.63% 14305 1094s
  4170  1663   10.45788   16  581   10.63084   10.45788  1.63% 14301 1110s
H 4170  1580                      10.6016817   10.45788  1.36% 14301 1116s
H 4170  1500                      10.5959412   10.45788  1.30% 14301 1116s
H 4170  1425                      10.5780667   10.45788  1.14% 14301 1116s
H 4170  1353                      10.5778857   10.45788  1.13% 14301 1116s
  4172  1357   10.45788   10 2581   10.57789   10.45788  1.13% 14390 1402s
  4174  1361   10.46850   11 2080   10.57789   10.45788  1.13% 14392 1452s
  4178  1367   10.45788   12 2266   10.57789   10.45788  1.13% 14385 1501s
  4186  1381   10.45788   13 2682   10.57789   10.45788  1.13% 14387 1537s
  4202  1407   10.48244   14 2618   10.57789   10.45788  1.13% 14399 1571s
H 4211  1336                      10.5465153   10.45788  0.84% 14392 1571s
H 4229  1265                      10.5415938   10.45788  0.79% 14411 1571s
  4234  1287   10.45788   15 4654   10.54159   10.45788  0.79% 14430 1586s
  4266  1353   10.45788   16 3998   10.54159   10.45788  0.79% 14409 1614s
H 4274  1289                      10.5347332   10.45788  0.73% 14407 1614s
H 4310  1218                      10.5308667   10.45788  0.69% 14423 1614s
H 4343  1152                      10.5290462   10.45788  0.68% 14450 1614s
  4356  1207   10.45788   17 3691   10.52905   10.45788  0.68% 14475 1633s
  4441  1228   10.45788   18 4082   10.52905   10.45788  0.68% 14521 1650s
H 4450  1172                      10.5253551   10.45788  0.64% 14525 1650s
  4528  1191   10.45788   19 3813   10.52536   10.45788  0.64% 14555 1668s
  4622  1204   10.45788   19 3172   10.52536   10.45788  0.64% 14505 1684s
H 4672  1138                      10.5253551   10.45788  0.64% 14498 1684s
  4702  1152   10.50282   21 2666   10.52536   10.45788  0.64% 14527 1694s
  4780  1152     cutoff   22        10.52536   10.45788  0.64% 14519 1707s
H 4783  1103                      10.5253275   10.45788  0.64% 14521 1707s
H 4804  1051                      10.5242105   10.45788  0.63% 14504 1707s
  4844  1077   10.45788   24 3806   10.52421   10.45788  0.63% 14515 1722s
  4918  1068   10.45788   26 4992   10.52421   10.45788  0.63% 14523 1735s
H 4977  1005                      10.5242101   10.45788  0.63% 14569 1735s
  4981  1011     cutoff   29        10.52421   10.45788  0.63% 14580 1747s
  5034  1013     cutoff   29        10.52421   10.45788  0.63% 14648 1758s
H 5037   972                      10.5236844   10.45788  0.63% 14648 1758s
H 5051   928                      10.5227232   10.45788  0.62% 14647 1758s
  5097   931     cutoff   28        10.52272   10.45788  0.62% 14665 1769s
H 5171   893                      10.5215585   10.45788  0.61% 14691 1784s
  5247   877     cutoff   33        10.52156   10.45788  0.61% 14683 1802s
  5326   864     cutoff   33        10.52156   10.45788  0.61% 14713 1812s
H 5332   827                      10.5211490   10.45788  0.60% 14709 1812s
  5389   853     cutoff   33        10.52115   10.45788  0.60% 14733 1828s
H 5467   843                      10.5209170   10.45788  0.60% 14729 1839s
H 5479   807                      10.5207845   10.45788  0.60% 14743 1839s
H 5504   768                      10.5204192   10.45788  0.59% 14760 1839s
  5537   816   10.45788   35 4868   10.52042   10.45788  0.59% 14755 1849s
  5628   825     cutoff   40        10.52042   10.45788  0.59% 14747 1862s
H 5646   791                      10.5199406   10.45788  0.59% 14767 1862s
  5714   804     cutoff   39        10.51994   10.45788  0.59% 14794 1879s
  5841   814   10.45788   40 3899   10.51994   10.45788  0.59% 14859 1897s
H 5847   814                      10.5196583   10.45788  0.59% 14859 1897s
H 5908   814                      10.5192552   10.45788  0.58% 14855 1897s
  5976   881   10.48954   39 3530   10.51926   10.45788  0.58% 14880 1925s
  6098   937     cutoff   41        10.51926   10.45788  0.58% 14946 1948s
  6225   974   10.45788   32 5443   10.51926   10.45788  0.58% 14988 1972s
  6376  1016   10.45788   35 4341   10.51926   10.45788  0.58% 15055 1997s
H 6439  1016                      10.5192338   10.45788  0.58% 15085 1997s
H 6505  1016                      10.5191696   10.45788  0.58% 15116 1997s
  6520  1056   10.46091   42 4227   10.51917   10.45788  0.58% 15135 2018s
  6666  1092   10.45788   44 4530   10.51917   10.45788  0.58% 15199 2044s
  6802  1120   10.46153   47 4329   10.51917   10.45788  0.58% 15321 2068s
  6969  1162     cutoff   47        10.51917   10.45788  0.58% 15362 2091s
H 6980  1162                      10.5190611   10.45788  0.58% 15376 2091s
H 7001  1162                      10.5189055   10.45788  0.58% 15376 2091s
  7116  1222     cutoff   22        10.51891   10.45788  0.58% 15439 2113s
  7294  1269   10.45788   26 3912   10.51891   10.45788  0.58% 15433 2132s
  7468  1314   10.48897   32 3484   10.51891   10.45788  0.58% 15405 2159s
  7660  1354   10.45788   26 3572   10.51891   10.45788  0.58% 15436 2190s
H 7706  1354                      10.5183643   10.45788  0.58% 15435 2190s
  7833  1393     cutoff   30        10.51836   10.45788  0.58% 15489 2218s
  7990  1410   10.49073   31 3211   10.51836   10.45788  0.58% 15627 2248s
H 8030  1410                      10.5172160   10.45788  0.56% 15643 2248s
H 8191  1410                      10.5166919   10.45788  0.56% 15659 2248s
  8204  1434   10.45788   29 4400   10.51669   10.45788  0.56% 15671 2278s
  8412  1467   10.45788   31 3987   10.51669   10.45788  0.56% 15750 2313s
H 8503  1467                      10.5165780   10.45788  0.56% 15777 2313s
H 8539  1467                      10.5164697   10.45788  0.56% 15798 2313s
H 8560  1467                      10.5161723   10.45788  0.55% 15817 2313s
  8616  1527   10.45788   32 3614   10.51617   10.45788  0.55% 15836 2346s
  8818  1584   10.45788   36 4068   10.51617   10.45788  0.55% 15905 2378s
H 8842  1584                      10.5161723   10.45788  0.55% 15904 2378s
H 8878  1584                      10.5156331   10.45788  0.55% 15914 2378s
  9014  1641   10.45788   38 3786   10.51563   10.45788  0.55% 15953 2418s
  9262  1677     cutoff   25        10.51563   10.45788  0.55% 16041 2456s
H 9302  1677                      10.5154932   10.45788  0.55% 16067 2456s
  9490  1728   10.45788   53 3788   10.51549   10.45788  0.55% 16131 2492s
  9785  1755   10.45788   57 4106   10.51549   10.45788  0.55% 16235 2532s
H10047  1755                      10.5148665   10.45788  0.54% 16279 2532s
 10074  1803   10.50828   61 3153   10.51487   10.45788  0.54% 16297 2567s
 10348  1851   10.45788   41 3120   10.51487   10.45788  0.54% 16395 2612s
H10544  1849                      10.5143625   10.45788  0.54% 16458 2612s
 10609  1986   10.45788   45 4102   10.51436   10.45788  0.54% 16478 2653s
 10948  2080   10.45788   19 4268   10.51436   10.45788  0.54% 16522 2697s
H11028  2072                      10.5142272   10.45788  0.54% 16530 2697s
H11035  2072                      10.5141401   10.45788  0.54% 16537 2697s
H11196  2072                      10.5140903   10.45788  0.53% 16538 2697s
H11253  2065                      10.5138608   10.45788  0.53% 16558 2697s
 11327  2155   10.45788   29 4642   10.51386   10.45788  0.53% 16573 2739s
 11714  2215     cutoff   32        10.51386   10.45788  0.53% 16583 2784s
H12002  2215                      10.5138608   10.45788  0.53% 16601 2784s
 12072  2282   10.45788   28 4362   10.51386   10.45788  0.53% 16629 2836s
 12414  2330     cutoff   32        10.51386   10.45788  0.53% 16722 2884s
 12785  2397   10.45788   42 4829   10.51386   10.45788  0.53% 16773 2937s
 13125  2437     cutoff   59        10.51386   10.45788  0.53% 16868 2990s
H13323  2432                      10.5136818   10.45788  0.53% 16884 2990s
H13408  2426                      10.5133620   10.45788  0.53% 16889 2990s
 13466  2510   10.45788   61 3737   10.51336   10.45788  0.53% 16902 3044s
 13895  2576     cutoff   28        10.51336   10.45788  0.53% 16942 3095s
H14180  2576                      10.5133620   10.45788  0.53% 16970 3095s
 14326  2586     cutoff   32        10.51336   10.45788  0.53% 16979 3148s
H14389  2586                      10.5133362   10.45788  0.53% 16988 3148s
 14418  2709   10.45788   65 2698   10.51334   10.45788  0.53% 16995 3208s
H14725  2709                      10.5129465   10.45788  0.52% 16969 3208s
 14948  2811   10.45788   40 2580   10.51295   10.45788  0.52% 16966 3265s
 15478  3022     cutoff   44        10.51295   10.45788  0.52% 16907 3328s
 16145  3275     cutoff   52        10.51295   10.45788  0.52% 16774 3387s
H16463  3275                      10.5129465   10.45788  0.52% 16663 3387s
H16511  3268                      10.5126588   10.45788  0.52% 16652 3387s
 16947  3621     cutoff   37        10.51266   10.45788  0.52% 16526 3443s
 17887  4407   10.45788  102 3322   10.51266   10.45788  0.52% 16185 3503s
 19278  6169   10.45788  107 2340   10.51266   10.45788  0.52% 15547 3563s
 21692  8671   10.45788  105 2607   10.51266   10.45788  0.52% 14361 3623s
H21872  8671                      10.5126588   10.45788  0.52% 14265 3623s
H22003  8671                      10.5126569   10.45788  0.52% 14193 3623s
 24592 11520   10.45788  111 2649   10.51266   10.45788  0.52% 12918 3669s
 27788 14739   10.45788  177 2094   10.51266   10.45788  0.52% 11635 3701s
 31166 19709   10.45788  190 1934   10.51266   10.45788  0.52% 10499 3760s
 36249 25865     cutoff  237        10.51266   10.45788  0.52%  9180 3818s
 42618 26227   10.50128  299 1422   10.51266   10.45788  0.52%  7867 3934s
 43018 33373   10.50129  301 1415   10.51266   10.45788  0.52%  7796 3991s
 50794 41929   10.50158  329 1415   10.51266   10.45788  0.52%  6641 4056s
 60068 51701   10.50158  377 1344   10.51266   10.45788  0.52%  5651 4097s
 71268 63226   10.50248  427 1269   10.51266   10.45788  0.52%  4790 4168s
 84634 78375   10.50295  501 1224   10.51266   10.45788  0.52%  4075 4243s
 102428 95003   10.50412  610 1179   10.51266   10.45788  0.52%  3432 4307s
H104288 94003                      10.5124207   10.45788  0.52%  3375 4307s
 121173 107888   10.50561  707 1149   10.51242   10.45788  0.52%  2948 4367s
H133767 107627                      10.5123774   10.45788  0.52%  2711 4367s
 136925 124853   10.50048  782 1221   10.51238   10.45788  0.52%  2655 4420s
H148783 124842                      10.5123182   10.45788  0.52%  2458 4420s
 156223 141752   10.50131  851 1197   10.51232   10.45788  0.52%  2349 4469s
H157463 141708                      10.5122808   10.45788  0.52%  2333 4469s
H172196 141699                      10.5122671   10.45788  0.52%  2145 4469s
 175916 158476   10.50259  879 1172   10.51227   10.45788  0.52%  2101 4512s
 195565 175154   10.50327  937 1153   10.51227   10.45788  0.52%  1903 4556s
 215288 190598   10.50419  998 1116   10.51227   10.45788  0.52%  1739 4598s
 234106 206185   10.50586 1071 1117   10.51227   10.45788  0.52%  1611 4640s
H234726 206185                      10.5122671   10.45788  0.52%  1608 4640s
H237990 200760                      10.5120228   10.45788  0.52%  1589 4640s
 252857 215872   10.50690 1117 1082   10.51202   10.45788  0.52%  1505 4686s
H253138 215394                      10.5119430   10.45788  0.51%  1505 4686s
H266153 95611                      10.4893646   10.45788  0.30%  1438 4686s
 271569 90791     cutoff 1153        10.48936   10.45788  0.30%  1412 4727s
H272805 69279                      10.4822735   10.45788  0.23%  1411 4727s
 277179 72450     cutoff  244        10.48227   10.45788  0.23%  1406 4766s
H277415 72450                      10.4822728   10.45788  0.23%  1406 4766s
H282987 72449                      10.4822704   10.45788  0.23%  1395 4766s
 283053 82529   10.46148  292 1555   10.48227   10.45788  0.23%  1396 4804s
H294370 43380                      10.4697245   10.45788  0.11%  1357 4846s
 309323 42945     cutoff  520        10.46972   10.45788  0.11%  1301 4883s
H310760 42945                      10.4697188   10.45788  0.11%  1296 4883s
H311746 42945                      10.4697186   10.45788  0.11%  1293 4883s
H313424 42945                      10.4697166   10.45788  0.11%  1288 4883s
H314035 42945                      10.4697161   10.45788  0.11%  1285 4883s
H322130 42945                      10.4697159   10.45788  0.11%  1264 4883s
 322529 55103   10.45788  275 1491   10.46972   10.45788  0.11%  1263 4921s
H324038 54093                      10.4693985   10.45788  0.11%  1258 4921s
 337233 64729 infeasible  863        10.46940   10.45788  0.11%  1220 4961s
H347670 33996                      10.4660103   10.45788  0.08%  1191 4961s
 350184 37462   10.45788  337 1227   10.46601   10.45788  0.08%  1184 5001s
H350798 36935                      10.4659430   10.45788  0.08%  1182 5001s
 361697 48735   10.45788  286 1375   10.46594   10.45788  0.08%  1155 5037s
 375903 61728   10.45788  405 1351   10.46594   10.45788  0.08%  1120 5074s
H381665 61226                      10.4658815   10.45788  0.08%  1107 5074s
 391221 70481   10.45788  411 1389   10.46588   10.45788  0.08%  1085 5111s
H398159 70476                      10.4658775   10.45788  0.08%  1070 5111s
 402993 79898   10.46455  724  780   10.46588   10.45788  0.08%  1060 5146s
H406973 79898                      10.4658775   10.45788  0.08%  1051 5146s
 413994 93161   10.45788  440 1361   10.46588   10.45788  0.08%  1039 5182s
H425901 35534                      10.4592877   10.45788  0.01%  1015 5182s
 445226 13159 infeasible  423        10.45929   10.45788  0.01%   973 5186s
 447890 13179   10.45788  197 1492   10.45929   10.45788  0.01%   968 5193s
 447928 13197   10.45788  198 1926   10.45929   10.45788  0.01%   969 5196s
 447964 13213   10.45788  199 1860   10.45929   10.45788  0.01%   969 5200s
 448036 13271   10.45788  198 1931   10.45929   10.45788  0.01%   970 5206s
 448100 13317   10.45788  201 1566   10.45929   10.45788  0.01%   971 5211s
 448206 13397   10.45788  201 1636   10.45929   10.45788  0.01%   972 5216s
 448273 13455   10.45788  203 1774   10.45929   10.45788  0.01%   972 5220s
 448346 14774   10.45788  204 1725   10.45929   10.45788  0.01%   972 5244s
 449903 22276   10.45788  207 1684   10.45929   10.45788  0.01%   977 5276s
 458663 34520   10.45788  218 1678   10.45929   10.45788  0.01%   964 5311s
 473704 46525   10.45788  228 1439   10.45929   10.45788  0.01%   938 5348s
 490130 59220   10.45788  259 1240   10.45929   10.45788  0.01%   909 5382s
 506666 73064   10.45788  360  991   10.45929   10.45788  0.01%   882 5416s
 523718 86602     cutoff  370        10.45929   10.45788  0.01%   855 5450s
 541400 100081   10.45788  419 1263   10.45929   10.45788  0.01%   828 5481s
 559503 115376   10.45788  493 1227   10.45929   10.45788  0.01%   802 5514s
 577866 130501   10.45788  571 1033   10.45929   10.45788  0.01%   778 5546s
 596153 145287   10.45915  859  662   10.45929   10.45788  0.01%   755 5579s
 614239 160295   10.45893  908  615   10.45929   10.45788  0.01%   734 5611s
 632255 175209   10.45788  832  741   10.45929   10.45788  0.01%   714 5641s
 650580 189180   10.45867  917  658   10.45929   10.45788  0.01%   695 5673s
 668049 203169   10.45905 1226  581   10.45929   10.45788  0.01%   678 5703s
 685751 216894   10.45864 1102  630   10.45929   10.45788  0.01%   661 5734s
 703058 230452   10.45912 1311  612   10.45929   10.45788  0.01%   646 5765s
 720795 242122     cutoff 1296        10.45929   10.45788  0.01%   631 5794s
 736748 254345   10.45788 1414  606   10.45929   10.45788  0.01%   618 5824s
 752759 266846   10.45851 1374  625   10.45929   10.45788  0.01%   606 5854s
 769183 278437   10.45924 1463  612   10.45929   10.45788  0.01%   594 5884s
 785154 289800   10.45890 1655  551   10.45929   10.45788  0.01%   582 5912s
 801303 301509   10.45916 1523  518   10.45929   10.45788  0.01%   571 5941s
 817375 313085 infeasible 1539        10.45929   10.45788  0.01%   560 5970s
 833500 325651     cutoff 1845        10.45929   10.45788  0.01%   550 5998s
 850164 337246   10.45788 1769  607   10.45929   10.45788  0.01%   540 6026s
 865867 349454   10.45912 1799  678   10.45929   10.45788  0.01%   530 6056s
 882184 361241   10.45864 2044  598   10.45929   10.45788  0.01%   521 6083s
 897662 373826   10.45816 1968  622   10.45929   10.45788  0.01%   512 6111s
 914072 384980   10.45815 1991  620   10.45929   10.45788  0.01%   503 6138s
 929673 396718 infeasible 1864        10.45929   10.45788  0.01%   495 6164s
 944904 408488   10.45788 1894  662   10.45929   10.45788  0.01%   487 6191s
 960700 419785   10.45788 1960  663   10.45929   10.45788  0.01%   480 6217s
 975673 430686   10.45788 2004  655   10.45929   10.45788  0.01%   473 6245s
 990629 442179     cutoff 2032        10.45929   10.45788  0.01%   466 6270s
 1005750 453254   10.45790 2074  607   10.45929   10.45788  0.01%   459 6296s
 1019916 463931   10.45872 2118  598   10.45929   10.45788  0.01%   453 6322s
 1034305 475193     cutoff 2173        10.45929   10.45788  0.01%   447 6347s
 1049253 486606   10.45828 2253  612   10.45929   10.45788  0.01%   441 6372s
 1063819 497715   10.45843 2297  629   10.45929   10.45788  0.01%   435 6397s
 1078322 509125   10.45850 2355  627   10.45929   10.45788  0.01%   429 6421s
 1092984 520193   10.45859 2406  629   10.45929   10.45788  0.01%   424 6445s
 1107586 530327   10.45868 2472  624   10.45929   10.45788  0.01%   418 6469s
 1121258 540552   10.45903 2522  615   10.45929   10.45788  0.01%   413 6492s
 1134882 551123   10.45883 2571  616   10.45929   10.45788  0.01%   409 6517s
 1149398 560193   10.45890 2608  621   10.45929   10.45788  0.01%   404 6540s
 1162609 570617   10.45896 2651  627   10.45929   10.45788  0.01%   399 6564s
 1176905 580681   10.45901 2697  622   10.45929   10.45788  0.01%   395 6588s
 1191755 591006     cutoff 2711        10.45929   10.45788  0.01%   390 6612s
 1206559 600523   10.45908 2767  594   10.45929   10.45788  0.01%   385 6636s
 1221282 610260   10.45910 2811  590   10.45929   10.45788  0.01%   381 6659s
 1236155 620092   10.45914 2880  584   10.45929   10.45788  0.01%   376 6682s
 1250756 629634   10.45917 2928  577   10.45929   10.45788  0.01%   372 6704s
 1265491 639629     cutoff 2966        10.45929   10.45788  0.01%   368 6727s
 1280847 640438   10.45924 3065  552   10.45929   10.45788  0.01%   364 6741s
 1282179 649608   10.45925 3077  547   10.45929   10.45788  0.01%   363 6763s
 1296537 658699   10.45926 3171  532   10.45929   10.45788  0.01%   359 6786s
 1311627 668273   10.45927 3200  513   10.45929   10.45788  0.01%   355 6808s
 1326396 678204   10.45788 3087  616   10.45929   10.45788  0.01%   351 6830s
 1341600 686908   10.45788 3564  474   10.45929   10.45788  0.01%   348 6852s
 1356156 696019   10.45796 3306  500   10.45929   10.45788  0.01%   344 6873s
 1371602 705322 infeasible 3220        10.45929   10.45788  0.01%   340 6895s
 1386386 714494   10.45788 3454  460   10.45929   10.45788  0.01%   337 6915s
 1401520 723701   10.45788 3700  407   10.45929   10.45788  0.01%   333 6936s
 1416134 733504   10.45788 3931  347   10.45929   10.45788  0.01%   330 6958s
 1431786 742891   10.45788 4183  288   10.45929   10.45788  0.01%   326 6978s
 1447870 752326   10.45788 4417  248   10.45929   10.45788  0.01%   323 7000s
 1463741 761993   10.45788 4596  225   10.45929   10.45788  0.01%   319 7021s
 1479156 771186   10.45788 3874  403   10.45929   10.45788  0.01%   316 7042s
 1493716 780532   10.45906 3922  379   10.45929   10.45788  0.01%   313 7062s
 1508816 791251     cutoff 3970        10.45929   10.45788  0.01%   310 7083s
 1523400 801655   10.45788 4070  367   10.45929   10.45788  0.01%   307 7103s
 1536790 813641   10.45788 4147  354   10.45929   10.45788  0.01%   305 7122s
 1552147 824678   10.45788 4184  340   10.45929   10.45788  0.01%   302 7142s
 1566512 836108   10.45788 4255  323   10.45929   10.45788  0.01%   299 7162s
 1581792 847031 infeasible 4290        10.45929   10.45788  0.01%   296 7181s
 1596034 857244   10.45788 4341  310   10.45929   10.45788  0.01%   294 7201s
 1609653 867432   10.45788 4439  293   10.45929   10.45788  0.01%   291 7220s
 1624287 877438   10.45788 4580  277   10.45929   10.45788  0.01%   289 7240s
 1637834 887101   10.45788 4689  261   10.45929   10.45788  0.01%   286 7260s
 1651519 897538   10.45788 4812  239   10.45929   10.45788  0.01%   284 7280s
 1666374 908577   10.45788 4963  221   10.45929   10.45788  0.01%   282 7301s
 1682325 918955   10.45788 5077  206   10.45929   10.45788  0.01%   279 7322s
 1698366 929702   10.45788 5188  186   10.45929   10.45788  0.01%   276 7342s
 1713759 940083   10.45788 5291  151   10.45929   10.45788  0.01%   274 7362s
 1729156 949891   10.45788 5375  124   10.45929   10.45788  0.01%   272 7382s
 1745794 959911   10.45788 5474   78   10.45929   10.45788  0.01%   269 7401s
 1762106 969660   10.45788 5559   30   10.45929   10.45788  0.01%   267 7421s
 1779299 976124   10.45788 5657    3   10.45929   10.45788  0.01%   264 7441s
 1796863 982146   10.45788 5662    3   10.45929   10.45788  0.01%   261 7461s
 1815235 985919          - 5734        10.45929   10.45788  0.01%   259 7481s
 1833632 992067   10.45788 5654   31   10.45929   10.45788  0.01%   256 7502s
 1852378 995470   10.45788 5805    3   10.45929   10.45788  0.01%   254 7522s
 1871193 999247          - 5675        10.45929   10.45788  0.01%   251 7543s
 1890244 1002664          - 5821        10.45929   10.45788  0.01%   249 7564s
 1909345 1004943   10.45788 5737    3   10.45929   10.45788  0.01%   246 7584s
 1911205 1004943 infeasible 5764        10.45929   10.45788  0.01%   246 7585s
 1928666 1006626   10.45788 5740    3   10.45929   10.45788  0.01%   244 7605s
 1948009 1008113          - 5743        10.45929   10.45788  0.01%   241 7627s
 1965407 1008113   10.45788 5811    2   10.45929   10.45788  0.01%   239 7630s
 1970556 1010458 infeasible 5786        10.45929   10.45788  0.01%   239 7653s
 1989953 1011662          - 5786        10.45929   10.45788  0.01%   236 7674s
 1993053 1011662   10.45788 5800    2   10.45929   10.45788  0.01%   236 7675s
 2009315 1013070          - 5786        10.45929   10.45788  0.01%   234 7695s
 2028805 1013749   10.45788 5807    2   10.45929   10.45788  0.01%   232 7717s
 2048170 1015755   10.45788 5809    2   10.45929   10.45788  0.01%   230 7738s
 2067494 1016974 infeasible 5810        10.45929   10.45788  0.01%   227 7759s
 2071214 1016974   10.45788 5538   69   10.45929   10.45788  0.01%   227 7760s
 2086625 1018241          - 5810        10.45929   10.45788  0.01%   225 7780s
 2105512 1019739   10.45788 5804    2   10.45929   10.45788  0.01%   223 7802s
 2124307 1021116          - 5812        10.45929   10.45788  0.01%   221 7824s
 2143176 1022052          - 5802        10.45929   10.45788  0.01%   219 7847s
 2161712 1025485   10.45788 5800    2   10.45929   10.45788  0.01%   217 7869s
 2162952 1025485   10.45788 5805    3   10.45929   10.45788  0.01%   217 7870s
 2180603 1027221   10.45788 5799    3   10.45929   10.45788  0.01%   216 7892s
 2199612 1027571          - 5800        10.45929   10.45788  0.01%   214 7916s
 2218878 1027991          - 5745        10.45929   10.45788  0.01%   212 7940s
 2237444 1028486          - 5768        10.45929   10.45788  0.01%   210 7964s
 2246198 1028486          - 5769        10.45929   10.45788  0.01%   209 7965s
 2255823 1029743   10.45788 5820    3   10.45929   10.45788  0.01%   208 7987s
 2273480 1030497          - 5847        10.45929   10.45788  0.01%   207 8009s
 2291520 1031714   10.45788 5796    2   10.45929   10.45788  0.01%   205 8033s
 2309637 1033676          - 5798        10.45929   10.45788  0.01%   204 8057s
 2327519 1033886 infeasible 5842        10.45929   10.45788  0.01%   202 8083s
 2344983 1034891          - 5805        10.45929   10.45788  0.01%   201 8110s
 2363390 1035192          - 5805        10.45929   10.45788  0.01%   199 8118s
 2366505 1035988   10.45788 5805    3   10.45929   10.45788  0.01%   199 8143s
 2384009 1036827   10.45788 5764    3   10.45929   10.45788  0.01%   197 8171s
 2402290 1037594   10.45788 5770    3   10.45929   10.45788  0.01%   196 8199s
 2419765 1037597          - 5772        10.45929   10.45788  0.01%   194 8204s
 2419800 1037599          - 5772        10.45929   10.45788  0.01%   194 8206s
 2419907 1037600          - 5772        10.45929   10.45788  0.01%   194 8211s
 2420025 1037576          - 5772        10.45929   10.45788  0.01%   194 8217s
 2420537 1037504 infeasible 5769        10.45929   10.45788  0.01%   194 8221s
 2422009 1037281   10.45788 5770    3   10.45929   10.45788  0.01%   194 8227s
 2424820 1037375 infeasible 5769        10.45929   10.45788  0.01%   194 8234s
 2428834 1037833   10.45788 5757    3   10.45929   10.45788  0.01%   194 8258s
 2445346 1038668   10.45788 5770    3   10.45929   10.45788  0.01%   192 8283s
 2454220 1038668   10.45788 5779    3   10.45929   10.45788  0.01%   192 8285s
 2461835 1039528   10.45788 5766    3   10.45929   10.45788  0.01%   191 8310s
 2479125 1041423          - 5844        10.45929   10.45788  0.01%   190 8336s
 2495744 1042496 infeasible 5761        10.45929   10.45788  0.01%   188 8363s
 2504960 1042496   10.45788 5765    3   10.45929   10.45788  0.01%   188 8365s
 2512895 1044610          - 5768        10.45929   10.45788  0.01%   187 8392s
 2529937 1045192   10.45788 5843    3   10.45929   10.45788  0.01%   186 8401s
 2533131 1046645          - 5845        10.45929   10.45788  0.01%   186 8428s
 2549766 1047050          - 5845        10.45929   10.45788  0.01%   184 8437s
 2553063 1047527   10.45788 5757    3   10.45929   10.45788  0.01%   184 8464s
 2569630 1046985 infeasible 5775        10.45929   10.45788  0.01%   183 8495s
 2586696 1047356   10.45788 5802    3   10.45929   10.45788  0.01%   182 8526s
 2602683 1048064   10.45788 5801    3   10.45929   10.45788  0.01%   181 8555s
 2618565 1048830          - 5804        10.45929   10.45788  0.01%   180 8587s
 2635035 1048807   10.45788 5801    3   10.45929   10.45788  0.01%   179 8619s
 2638544 1048807   10.45788 5772    3   10.45929   10.45788  0.01%   178 8620s
 2650966 1049065   10.45788 5802    3   10.45929   10.45788  0.01%   177 8651s
 2666936 1049152   10.45788 5789    3   10.45929   10.45788  0.01%   176 8661s
 2669577 1049781          - 5790        10.45929   10.45788  0.01%   176 8689s
 2685414 1050100   10.45788 5789    3   10.45929   10.45788  0.01%   175 8722s
 2701515 1050158   10.45788 5789    3   10.45929   10.45788  0.01%   174 8731s
 2704635 1050588   10.45788 5775    3   10.45929   10.45788  0.01%   174 8759s
 2708551 1050588          - 5769        10.45929   10.45788  0.01%   174 8760s
 2720281 1052000   10.45788 5771    3   10.45929   10.45788  0.01%   173 8789s
 2721772 1052000          - 5776        10.45929   10.45788  0.01%   173 8790s
 2736283 1052450 infeasible 5775        10.45929   10.45788  0.01%   172 8821s
 2751985 1052823          - 5776        10.45929   10.45788  0.01%   171 8853s
 2766336 1052823   10.45788 5788    3   10.45929   10.45788  0.01%   170 8857s
 2768334 1053377   10.45788 5788    2   10.45929   10.45788  0.01%   170 8887s
 2783956 1053613   10.45788 5781    3   10.45929   10.45788  0.01%   169 8921s
 2800342 1053673          - 5789        10.45929   10.45788  0.01%   168 8933s
 2803598 1054000          - 5790        10.45929   10.45788  0.01%   168 8964s
 2819863 1054614   10.45788 5753    2   10.45929   10.45788  0.01%   167 8999s
 2822406 1054614   10.45788 5787    3   10.45929   10.45788  0.01%   167 9000s
 2836143 1055026          - 5754        10.45929   10.45788  0.01%   166 9035s
 2851367 1055024   10.45788 5752    2   10.45929   10.45788  0.01%   165 9046s
 2853967 1055280 infeasible 5753        10.45929   10.45788  0.01%   165 9054s
 2857583 1055417          - 5754        10.45929   10.45788  0.01%   165 9062s
 2860954 1055448   10.45788 5773    3   10.45929   10.45788  0.01%   164 9071s
 2864323 1056025   10.45788 5775    2   10.45929   10.45788  0.01%   164 9101s
 2879260 1056287   10.45788 5773    3   10.45929   10.45788  0.01%   163 9135s
 2894326 1057434   10.45788 5773    3   10.45929   10.45788  0.01%   163 9171s
 2909825 1057649   10.45788 5774    3   10.45929   10.45788  0.01%   162 9182s
 2912958 1057934          - 5776        10.45929   10.45788  0.01%   162 9214s
 2913883 1057934          - 5776        10.45929   10.45788  0.01%   161 9215s
 2927751 1058847          - 5774        10.45929   10.45788  0.01%   161 9250s
 2942506 1058881   10.45788 5771    3   10.45929   10.45788  0.01%   160 9262s
 2945774 1059083   10.45788 5773    3   10.45929   10.45788  0.01%   160 9294s
 2946734 1059083   10.45788 5782    3   10.45929   10.45788  0.01%   160 9295s
 2960650 1059228   10.45788 5773    3   10.45929   10.45788  0.01%   159 9331s
 2975379 1059580          - 5774        10.45929   10.45788  0.01%   158 9368s
 2990941 1059861   10.45788 5803    3   10.45929   10.45788  0.01%   157 9406s
 3005760 1062293          - 5804        10.45929   10.45788  0.01%   157 9442s
 3020182 1062969   10.45788 5800    3   10.45929   10.45788  0.01%   156 9477s
 3035746 1062994          - 5804        10.45929   10.45788  0.01%   155 9489s
 3038841 1062951          - 5804        10.45929   10.45788  0.01%   155 9497s
 3041172 1062959   10.45788 5802    3   10.45929   10.45788  0.01%   155 9506s
 3044480 1063189          - 5804        10.45929   10.45788  0.01%   155 9515s
 3047792 1064672          - 5804        10.45929   10.45788  0.01%   154 9547s
 3062003 1064976          - 5804        10.45929   10.45788  0.01%   154 9559s
 3065433 1064973   10.45788 5803    3   10.45929   10.45788  0.01%   153 9591s
 3079822 1064900   10.45788 5787    3   10.45929   10.45788  0.01%   153 9604s
 3083199 1066600          - 5788        10.45929   10.45788  0.01%   153 9638s
 3098369 1066641   10.45788 5771    3   10.45929   10.45788  0.01%   152 9673s
 3112714 1066558          - 5772        10.45929   10.45788  0.01%   151 9685s
 3116077 1066282   10.45788 5770    3   10.45929   10.45788  0.01%   151 9717s
 3131245 1066156   10.45788 5773    3   10.45929   10.45788  0.01%   150 9728s
 3134437 1066125          - 5774        10.45929   10.45788  0.01%   150 9736s
 3137548 1066189 infeasible 5770        10.45929   10.45788  0.01%   150 9743s
 3139860 1066307   10.45788 5770    3   10.45929   10.45788  0.01%   150 9773s
 3148026 1066307   10.45788 5803    3   10.45929   10.45788  0.01%   149 9775s
 3154878 1066331   10.45788 5775    3   10.45929   10.45788  0.01%   149 9784s
 3158008 1066778   10.45788 5771    3   10.45929   10.45788  0.01%   149 9815s
 3173207 1066701          - 5776        10.45929   10.45788  0.01%   148 9849s
 3187652 1066673          - 5776        10.45929   10.45788  0.01%   148 9881s
 3202604 1066746   10.45788 5787    3   10.45929   10.45788  0.01%   147 9913s
 3217675 1066905   10.45788 5788    3   10.45929   10.45788  0.01%   146 9943s
 3225164 1066905          - 5788        10.45929   10.45788  0.01%   146 9945s
 3232720 1066940          - 5770        10.45929   10.45788  0.01%   146 9953s
 3235859 1067060   10.45788 5769    3   10.45929   10.45788  0.01%   145 9980s
 3249953 1067129   10.45788 5769    3   10.45929   10.45788  0.01%   145 10009s
 3257395 1067129          - 5776        10.45929   10.45788  0.01%   144 10011s
 3263992 1067751   10.45788 5768    3   10.45929   10.45788  0.01%   144 10037s
 3277856 1068071          - 5770        10.45929   10.45788  0.01%   144 10066s
 3291796 1068709          - 5770        10.45929   10.45788  0.01%   143 10094s
 3292638 1068709 infeasible 5769        10.45929   10.45788  0.01%   143 10095s
 3305360 1070100   10.45788 5768    3   10.45929   10.45788  0.01%   142 10124s
 3319873 1069768 infeasible 5770        10.45929   10.45788  0.01%   142 10153s
 3333463 1069428   10.45788 5771    3   10.45929   10.45788  0.01%   141 10183s
 3341840 1069428          - 5796        10.45929   10.45788  0.01%   141 10185s
 3347711 1069483   10.45788 5771    3   10.45929   10.45788  0.01%   141 10192s
 3350904 1069567          - 5773        10.45929   10.45788  0.01%   140 10198s
 3353276 1069423 infeasible 5772        10.45929   10.45788  0.01%   140 10225s
 3367940 1069412   10.45788 5794    3   10.45929   10.45788  0.01%   140 10234s
 3369562 1069412          - 5773        10.45929   10.45788  0.01%   140 10235s
 3371155 1069358          - 5796        10.45929   10.45788  0.01%   140 10241s
 3374285 1069570   10.45788 5774    2   10.45929   10.45788  0.01%   139 10267s
 3388677 1069635          - 5778        10.45929   10.45788  0.01%   139 10276s
 3391946 1069702   10.45788 5776    3   10.45929   10.45788  0.01%   139 10302s
 3404501 1069702   10.45788 5789    3   10.45929   10.45788  0.01%   138 10305s
 3406221 1069727          - 5792        10.45929   10.45788  0.01%   138 10331s
 3420506 1069803   10.45788 5786    3   10.45929   10.45788  0.01%   138 10359s
 3420933 1069803          - 5795        10.45929   10.45788  0.01%   138 10360s
 3434074 1069993          - 5787        10.45929   10.45788  0.01%   137 10388s
 3448468 1070051   10.45788 5786    3   10.45929   10.45788  0.01%   136 10417s
 3462012 1070193   10.45788 5786    3   10.45929   10.45788  0.01%   136 10446s
 3476280 1070332          - 5787        10.45929   10.45788  0.01%   135 10476s
 3489581 1070542   10.45788 5771    3   10.45929   10.45788  0.01%   135 10506s
 3503615 1071036   10.45788 5771    3   10.45929   10.45788  0.01%   134 10536s
 3517305 1072750   10.45788 5772    3   10.45929   10.45788  0.01%   134 10564s
 3529951 1073758   10.45788 5772    3   10.45929   10.45788  0.01%   133 10591s
 3543325 1073868   10.45788 5777    3   10.45929   10.45788  0.01%   133 10627s
 3556415 1073898          - 5779        10.45929   10.45788  0.01%   132 10643s
 3559843 1073921   10.45788 5777    3   10.45929   10.45788  0.01%   132 10654s
 3562359 1073921   10.45788 5805    5   10.45929   10.45788  0.01%   132 10655s
 3563098 1074124          - 5779        10.45929   10.45788  0.01%   132 10665s
 3566441 1074113          - 5790        10.45929   10.45788  0.01%   132 10701s
 3580346 1073981          - 5790        10.45929   10.45788  0.01%   131 10739s
 3593856 1073979 infeasible 5788        10.45929   10.45788  0.01%   131 10776s
 3606610 1074066          - 5797        10.45929   10.45788  0.01%   130 10813s
 3614380 1074066          - 5775        10.45929   10.45788  0.01%   130 10815s
 3620457 1074262   10.45788 5791    2   10.45929   10.45788  0.01%   130 10825s
 3623601 1074894   10.45788 5793    2   10.45929   10.45788  0.01%   130 10860s
 3637455 1075456          - 5795        10.45929   10.45788  0.01%   129 10896s
 3651171 1075542   10.45788 5784    3   10.45929   10.45788  0.01%   129 10907s
 3654273 1075654          - 5785        10.45929   10.45788  0.01%   129 10916s
 3657489 1075713   10.45788 5783    3   10.45929   10.45788  0.01%   129 10925s
 3660740 1076038          - 5785        10.45929   10.45788  0.01%   129 10958s
 3669649 1076038          - 5770        10.45929   10.45788  0.01%   128 10960s
 3673889 1076203   10.45788 5784    3   10.45929   10.45788  0.01%   128 10992s
 3684478 1076203   10.45788 5777    3   10.45929   10.45788  0.01%   128 10995s
 3686836 1076358          - 5788        10.45929   10.45788  0.01%   128 11027s
 3699847 1076644   10.45788 5799    3   10.45929   10.45788  0.01%   127 11061s
 3713175 1076565   10.45788 5800    3   10.45929   10.45788  0.01%   127 11096s
 3726994 1076594   10.45788 5799    3   10.45929   10.45788  0.01%   126 11108s
 3730177 1076761   10.45788 5801    3   10.45929   10.45788  0.01%   126 11141s
 3743540 1077713   10.45788 5800    3   10.45929   10.45788  0.01%   126 11176s
 3756026 1077835   10.45788 5799    3   10.45929   10.45788  0.01%   125 11188s
 3759340 1078348 infeasible 5797        10.45929   10.45788  0.01%   125 11219s
 3772053 1078790   10.45788 5800    4   10.45929   10.45788  0.01%   125 11252s
 3785541 1078883          - 5805        10.45929   10.45788  0.01%   124 11265s
 3788306 1079669          - 5805        10.45929   10.45788  0.01%   124 11299s
 3792731 1079669   10.45788 5781    2   10.45929   10.45788  0.01%   124 11300s
 3800587 1079847          - 5782        10.45929   10.45788  0.01%   124 11335s
 3812570 1080030   10.45788 5779    2   10.45929   10.45788  0.01%   123 11370s
 3824484 1080386 infeasible 5799        10.45929   10.45788  0.01%   123 11404s
 3836124 1081323   10.45788 5783    3   10.45929   10.45788  0.01%   123 11437s
 3846949 1082363          - 5802        10.45929   10.45788  0.01%   122 11471s
 3857569 1083259   10.45788 5777    2   10.45929   10.45788  0.01%   122 11505s
 3869171 1084628 infeasible 5800        10.45929   10.45788  0.01%   122 11538s
 3879155 1086080   10.45788 5766    2   10.45929   10.45788  0.01%   121 11570s
 3888453 1087433   10.45788 5770    3   10.45929   10.45788  0.01%   121 11600s
 3898881 1088883   10.45788 5769    3   10.45929   10.45788  0.01%   121 11629s
 3908568 1090755   10.45788 5771    3   10.45929   10.45788  0.01%   120 11657s
 3917235 1092721   10.45885  741  664   10.45929   10.45788  0.01%   120 11687s
 3924919 1094652   10.45788 5778    3   10.45929   10.45788  0.01%   120 11715s
 3933128 1096624 infeasible 5801        10.45929   10.45788  0.01%   120 11742s
 3940420 1098940     cutoff  943        10.45929   10.45788  0.01%   120 11771s
 3947576 1101258 infeasible 5791        10.45929   10.45788  0.01%   119 11798s
 3954862 1103973   10.45788  739  725   10.45929   10.45788  0.01%   119 11826s
 3961143 1106555   10.45915  788  693   10.45929   10.45788  0.01%   119 11854s
 3965740 1106555   10.45847  744  707   10.45929   10.45788  0.01%   119 11855s
 3966291 1108934   10.45926  831  684   10.45929   10.45788  0.01%   119 11882s
 3971692 1111544 infeasible  768        10.45929   10.45788  0.01%   119 11909s
 3975034 1111544   10.45839  663  693   10.45929   10.45788  0.01%   119 11910s
 3977669 1114007   10.45788  765  719   10.45929   10.45788  0.01%   119 11936s
 3983354 1116622   10.45788  967  681   10.45929   10.45788  0.01%   118 11961s
 3989144 1119677   10.45904 1031  634   10.45929   10.45788  0.01%   118 11987s
 3994789 1122392 infeasible  969        10.45929   10.45788  0.01%   118 12013s
 4000003 1125332   10.45788  721  681   10.45929   10.45788  0.01%   118 12039s
 4005220 1128277   10.45920  855  626   10.45929   10.45788  0.01%   118 12062s
 4009954 1131370   10.45877  981  637   10.45929   10.45788  0.01%   118 12085s
 4015085 1135311   10.45788  945  660   10.45929   10.45788  0.01%   118 12107s
 4020474 1139050   10.45788  960  658   10.45929   10.45788  0.01%   117 12128s
 4025655 1143356   10.45788  983  664   10.45929   10.45788  0.01%   117 12149s
 4031005 1147527   10.45788  992  670   10.45929   10.45788  0.01%   117 12171s
 4036297 1151143   10.45788 1011  668   10.45929   10.45788  0.01%   117 12192s
 4041513 1154503 infeasible 1049        10.45929   10.45788  0.01%   117 12213s
 4046455 1157903   10.45788 1076  661   10.45929   10.45788  0.01%   117 12235s
 4051950 1160922 infeasible 1090        10.45929   10.45788  0.01%   117 12258s
 4057241 1163921   10.45788 1093  642   10.45929   10.45788  0.01%   117 12280s
 4062180 1166881   10.45795 1097  645   10.45929   10.45788  0.01%   116 12302s
 4066966 1166906     cutoff 1147        10.45929   10.45788  0.01%   116 12307s
 4067005 1167076   10.45920 1147  640   10.45929   10.45788  0.01%   116 12316s
 4067402 1169266     cutoff 1148        10.45929   10.45788  0.01%   116 12333s
 4070899 1171996   10.45788 1095  678   10.45929   10.45788  0.01%   116 12353s
 4075739 1174918   10.45889 1147  686   10.45929   10.45788  0.01%   116 12372s
 4080517 1177801     cutoff 1203        10.45929   10.45788  0.01%   116 12392s
 4085237 1180905   10.45887  959  685   10.45929   10.45788  0.01%   116 12412s
 4090392 1183963   10.45896 1026  682   10.45929   10.45788  0.01%   116 12432s
 4095060 1186839   10.45788 1136  638   10.45929   10.45788  0.01%   116 12451s
 4099441 1189674   10.45909 1195  573   10.45929   10.45788  0.01%   116 12470s
 4103646 1192127   10.45788  998  688   10.45929   10.45788  0.01%   115 12489s
 4107295 1195140   10.45788 1021  673   10.45929   10.45788  0.01%   115 12509s
 4111782 1198102 infeasible 1034        10.45929   10.45788  0.01%   115 12529s
 4116293 1200872   10.45838 1053  665   10.45929   10.45788  0.01%   115 12548s
 4120378 1203065   10.45863 1070  656   10.45929   10.45788  0.01%   115 12567s
 4124572 1205396 infeasible 1089        10.45929   10.45788  0.01%   115 12584s
 4128420 1208321   10.45895 1111  638   10.45929   10.45788  0.01%   115 12603s
 4132698 1211235   10.45800 1010  578   10.45929   10.45788  0.01%   115 12622s
 4136796 1213968 infeasible 1065        10.45929   10.45788  0.01%   115 12641s
 4141047 1217011     cutoff 1050        10.45929   10.45788  0.01%   115 12660s
 4145368 1220030   10.45788 1324  621   10.45929   10.45788  0.01%   114 12679s
 4149606 1223310     cutoff 1453        10.45929   10.45788  0.01%   114 12699s
 4154259 1226616   10.45788 1329  607   10.45929   10.45788  0.01%   114 12718s
 4159012 1229781   10.45788 1343  610   10.45929   10.45788  0.01%   114 12738s
 4163615 1232810     cutoff 1413        10.45929   10.45788  0.01%   114 12757s
 4168352 1236087   10.45788 1337  658   10.45929   10.45788  0.01%   114 12775s
 4172922 1239970   10.45788 1411  654   10.45929   10.45788  0.01%   114 12794s
 4178011 1243644   10.45788 1489  637   10.45929   10.45788  0.01%   114 12813s
 4182995 1247118 infeasible 1570        10.45929   10.45788  0.01%   114 12833s
 4187914 1250954   10.45788 1666  633   10.45929   10.45788  0.01%   114 12853s
 4193036 1255086   10.45788 1763  632   10.45929   10.45788  0.01%   113 12873s
 4198470 1258537   10.45788 1842  626   10.45929   10.45788  0.01%   113 12893s
 4203184 1261894   10.45788 1919  689   10.45929   10.45788  0.01%   113 12911s
 4208068 1265408   10.45788 2007  676   10.45929   10.45788  0.01%   113 12929s
 4213081 1268907   10.45810 1422  670   10.45929   10.45788  0.01%   113 12947s
 4218111 1272437   10.45811 1426  672   10.45929   10.45788  0.01%   113 12966s
 4223062 1276022   10.45813 1427  668   10.45929   10.45788  0.01%   113 12985s
 4228085 1279341   10.45816 1438  669   10.45929   10.45788  0.01%   113 13003s
 4232873 1282648   10.45820 1459  671   10.45929   10.45788  0.01%   112 13021s
 4237687 1286137   10.45825 1469  676   10.45929   10.45788  0.01%   112 13039s
 4242579 1289679   10.45833 1491  675   10.45929   10.45788  0.01%   112 13056s
 4247549 1293121   10.45836 1495  673   10.45929   10.45788  0.01%   112 13073s
 4252432 1296648   10.45845 1510  679   10.45929   10.45788  0.01%   112 13090s
 4257632 1300141   10.45848 1510  678   10.45929   10.45788  0.01%   112 13106s
 4262407 1303969   10.45859 1516  682   10.45929   10.45788  0.01%   112 13123s
 4267606 1307491   10.45856 1531  668   10.45929   10.45788  0.01%   112 13139s
 4272446 1310673   10.45861 1540  670   10.45929   10.45788  0.01%   112 13155s
 4277197 1314332   10.45865 1553  670   10.45929   10.45788  0.01%   112 13171s
 4282218 1317765   10.45870 1565  671   10.45929   10.45788  0.01%   111 13187s
 4287067 1320546   10.45882 1590  654   10.45929   10.45788  0.01%   111 13202s
 4291102 1323662   10.45886 1605  671   10.45929   10.45788  0.01%   111 13217s
 4295772 1326938   10.45891 1621  674   10.45929   10.45788  0.01%   111 13232s
 4300576 1330334   10.45892 1639  672   10.45929   10.45788  0.01%   111 13248s
 4305426 1333605   10.45894 1648  673   10.45929   10.45788  0.01%   111 13263s
 4310177 1337085   10.45903 1654  680   10.45929   10.45788  0.01%   111 13278s
 4315174 1340491   10.45897 1653  657   10.45929   10.45788  0.01%   111 13293s
 4319935 1343662   10.45899 1662  671   10.45929   10.45788  0.01%   111 13307s
 4324231 1347226   10.45903 1672  675   10.45929   10.45788  0.01%   110 13321s
 4328943 1350018   10.45908 1703  677   10.45929   10.45788  0.01%   110 13334s
 4332851 1353051   10.45910 1710  673   10.45929   10.45788  0.01%   110 13346s
 4337349 1356868   10.45926 1725  680   10.45929   10.45788  0.01%   110 13360s
 4342463 1360663   10.45788 1899  664   10.45929   10.45788  0.01%   110 13373s
 4347534 1364110   10.45788 2015  670   10.45929   10.45788  0.01%   110 13387s
 4352521 1367358   10.45788 1610  610   10.45929   10.45788  0.01%   110 13400s
 4357247 1370844   10.45788 1624  607   10.45929   10.45788  0.01%   110 13413s
 4361991 1374288 infeasible 1643        10.45929   10.45788  0.01%   110 13425s
 4366669 1377785   10.45788 1660  657   10.45929   10.45788  0.01%   110 13437s
 4371252 1381159   10.45788 1681  650   10.45929   10.45788  0.01%   110 13449s
 4375850 1384827   10.45788 1698  644   10.45929   10.45788  0.01%   109 13460s
 4380773 1387993   10.45788 1713  644   10.45929   10.45788  0.01%   109 13472s
 4385099 1391425   10.45847 1724  631   10.45929   10.45788  0.01%   109 13485s
 4390005 1394921 infeasible 1740        10.45929   10.45788  0.01%   109 13497s
 4394940 1398597   10.45890 1784  618   10.45929   10.45788  0.01%   109 13510s
 4399911 1402019     cutoff 1818        10.45929   10.45788  0.01%   109 13523s
 4404762 1405509     cutoff 1822        10.45929   10.45788  0.01%   109 13536s
 4409771 1408925   10.45788  919  605   10.45929   10.45788  0.01%   109 13549s
 4414715 1411912   10.45788  948  544   10.45929   10.45788  0.01%   109 13562s
 4418963 1415207   10.45788  932  558   10.45929   10.45788  0.01%   109 13573s
 4423554 1418433 infeasible 1031        10.45929   10.45788  0.01%   108 13585s
 4428042 1421819   10.45788  949  583   10.45929   10.45788  0.01%   108 13597s
 4432736 1425061   10.45788  974  574   10.45929   10.45788  0.01%   108 13609s
 4437417 1428764   10.45788  992  589   10.45929   10.45788  0.01%   108 13619s
 4442195 1432258   10.45788 1007  586   10.45929   10.45788  0.01%   108 13630s
 4446885 1435956     cutoff 1038        10.45929   10.45788  0.01%   108 13641s
 4451663 1439723   10.45788 1058  590   10.45929   10.45788  0.01%   108 13652s
 4456531 1442807 infeasible 1060        10.45929   10.45788  0.01%   108 13662s
 4460786 1446434   10.45788 1066  589   10.45929   10.45788  0.01%   108 13673s
 4465503 1449676   10.45788 1075  580   10.45929   10.45788  0.01%   108 13683s
 4469793 1453000 infeasible 1076        10.45929   10.45788  0.01%   107 13694s
 4474481 1455942   10.45788 1085  579   10.45929   10.45788  0.01%   107 13705s
 4478513 1458957   10.45788 1088  594   10.45929   10.45788  0.01%   107 13715s
 4482684 1462544   10.45788 1115  602   10.45929   10.45788  0.01%   107 13727s
 4487500 1465839   10.45788 1127  607   10.45929   10.45788  0.01%   107 13738s
 4492052 1469344 infeasible 1154        10.45929   10.45788  0.01%   107 13748s
 4496830 1472837   10.45788 1170  606   10.45929   10.45788  0.01%   107 13758s
 4501392 1475897   10.45788 1201  609   10.45929   10.45788  0.01%   107 13770s
 4505469 1479382     cutoff 1224        10.45929   10.45788  0.01%   107 13781s
 4510070 1482980   10.45788 1236  615   10.45929   10.45788  0.01%   107 13792s
 4514990 1486453   10.45788 1272  618   10.45929   10.45788  0.01%   107 13803s
 4519694 1489802     cutoff 1285        10.45929   10.45788  0.01%   106 13814s
 4524171 1493258     cutoff 1299        10.45929   10.45788  0.01%   106 13824s
 4528768 1496636   10.45788 1329  614   10.45929   10.45788  0.01%   106 13835s
 4533225 1499652   10.45788 1343  615   10.45929   10.45788  0.01%   106 13846s
 4537516 1502962   10.45788 1355  619   10.45929   10.45788  0.01%   106 13856s
 4542180 1505977   10.45788 1372  614   10.45929   10.45788  0.01%   106 13867s
 4546715 1509240     cutoff 1395        10.45929   10.45788  0.01%   106 13878s
 4551387 1512139   10.45788 1409  613   10.45929   10.45788  0.01%   106 13889s
 4555806 1515210     cutoff 1430        10.45929   10.45788  0.01%   106 13900s
 4560293 1518809   10.45806 1450  595   10.45929   10.45788  0.01%   106 13911s
 4565264 1521762   10.45857 1453  590   10.45929   10.45788  0.01%   106 13921s
 4569869 1525032   10.45788 1275  667   10.45929   10.45788  0.01%   105 13932s
 4574661 1528235 infeasible 1385        10.45929   10.45788  0.01%   105 13942s
 4579422 1531210   10.45826 1410  578   10.45929   10.45788  0.01%   105 13952s
 4583705 1534347   10.45924 1485  562   10.45929   10.45788  0.01%   105 13963s
 4588311 1537536   10.45817 1441  570   10.45929   10.45788  0.01%   105 13974s
 4592930 1540707   10.45908 1500  588   10.45929   10.45788  0.01%   105 13984s
 4597250 1543991   10.45788 1322  595   10.45929   10.45788  0.01%   105 13995s
 4601841 1547228   10.45788 1530  692   10.45929   10.45788  0.01%   105 14005s
 4606476 1550255   10.45922 1626  688   10.45929   10.45788  0.01%   105 14016s
 4611325 1553407   10.45788 1507  614   10.45929   10.45788  0.01%   105 14026s
 4616252 1556723   10.45901 1607  623   10.45929   10.45788  0.01%   105 14037s
 4621160 1559967 infeasible 1663        10.45929   10.45788  0.01%   104 14048s
 4625881 1562709   10.45918 1501  593   10.45929   10.45788  0.01%   104 14058s
 4630143 1565964   10.45788 1430  633   10.45929   10.45788  0.01%   104 14068s
 4634851 1569279   10.45788 1499  633   10.45929   10.45788  0.01%   104 14080s
 4639674 1572581   10.45788 1579  631   10.45929   10.45788  0.01%   104 14091s
 4644616 1572606   10.45788 1664  622   10.45929   10.45788  0.01%   104 14095s
 4644655 1572854   10.45802 1665  624   10.45929   10.45788  0.01%   104 14103s
 4645079 1575254   10.45788 1668  624   10.45929   10.45788  0.01%   104 14114s
 4648791 1578521   10.45800 1743  592   10.45929   10.45788  0.01%   104 14125s
 4653446 1581724   10.45828 1814  592   10.45929   10.45788  0.01%   104 14136s
 4658092 1584619 infeasible 1877        10.45929   10.45788  0.01%   104 14146s
 4662475 1587536   10.45881 1952  590   10.45929   10.45788  0.01%   104 14157s
 4666926 1589925   10.45904 2013  596   10.45929   10.45788  0.01%   104 14168s
 4670861 1592525     cutoff 2058        10.45929   10.45788  0.01%   104 14178s
 4675269 1595388   10.45863 1757  600   10.45929   10.45788  0.01%   103 14189s
 4680220 1597913   10.45788 1645  714   10.45929   10.45788  0.01%   103 14199s
 4685057 1600725     cutoff 1778        10.45929   10.45788  0.01%   103 14209s
 4689871 1603290     cutoff 1595        10.45929   10.45788  0.01%   103 14219s
 4694048 1606189   10.45788 1732  619   10.45929   10.45788  0.01%   103 14229s
 4698835 1608356   10.45893 1900  681   10.45929   10.45788  0.01%   103 14239s
 4702680 1611188   10.45906 1959  677   10.45929   10.45788  0.01%   103 14249s
 4707146 1614083   10.45923 2027  669   10.45929   10.45788  0.01%   103 14259s
 4711556 1617085     cutoff 2050        10.45929   10.45788  0.01%   103 14269s
 4715921 1620016   10.45788 1773  597   10.45929   10.45788  0.01%   103 14279s
 4720710 1622157     cutoff 1795        10.45929   10.45788  0.01%   103 14288s
 4724579 1624795   10.45788 1721  663   10.45929   10.45788  0.01%   103 14299s
 4729183 1627747   10.45924 1829  635   10.45929   10.45788  0.01%   103 14309s
 4733573 1630743   10.45815 1820  596   10.45929   10.45788  0.01%   103 14319s
 4737953 1633889   10.45887 1944  598   10.45929   10.45788  0.01%   102 14330s
 4742571 1636894   10.45925 2023  614   10.45929   10.45788  0.01%   102 14340s
 4747020 1639758   10.45924 2025  612   10.45929   10.45788  0.01%   102 14349s
 4751186 1642979     cutoff 2028        10.45929   10.45788  0.01%   102 14360s
 4755519 1646118   10.45788 1824  673   10.45929   10.45788  0.01%   102 14369s
 4759896 1649173   10.45788 1833  666   10.45929   10.45788  0.01%   102 14379s
 4764087 1652256   10.45788 1843  663   10.45929   10.45788  0.01%   102 14388s
 4768525 1654939   10.45788 1844  666   10.45929   10.45788  0.01%   102 14398s
 4772602 1657283   10.45788 1852  668   10.45929   10.45788  0.01%   102 14408s
 4776602 1659818   10.45788 1858  659   10.45929   10.45788  0.01%   102 14417s
 4780417 1662660   10.45788 1866  671   10.45929   10.45788  0.01%   102 14426s
 4784587 1664956   10.45788 1878  689   10.45929   10.45788  0.01%   102 14435s
 4788281 1667951   10.45788 1879  711   10.45929   10.45788  0.01%   102 14444s
 4792584 1670798   10.45788 1880  697   10.45929   10.45788  0.01%   102 14453s
 4796715 1673919   10.45788 1895  702   10.45929   10.45788  0.01%   102 14463s
 4801168 1677164 infeasible 1907        10.45929   10.45788  0.01%   101 14474s
 4806221 1680475   10.45788 1919  675   10.45929   10.45788  0.01%   101 14485s
 4810997 1683846   10.45788 1928  669   10.45929   10.45788  0.01%   101 14495s
 4816014 1687115   10.45788 1969  664   10.45929   10.45788  0.01%   101 14504s
 4820833 1690520   10.45788 1997  672   10.45929   10.45788  0.01%   101 14513s
 4825338 1693725   10.45788 2015  665   10.45929   10.45788  0.01%   101 14522s
 4829855 1697039 infeasible 2018        10.45929   10.45788  0.01%   101 14532s
 4834345 1699915   10.45788 2026  649   10.45929   10.45788  0.01%   101 14542s
 4838271 1702794   10.45788 2026  663   10.45929   10.45788  0.01%   101 14551s
 4842246 1706069   10.45788 2032  660   10.45929   10.45788  0.01%   101 14561s
 4846634 1709966   10.45788 2040  651   10.45929   10.45788  0.01%   101 14571s
 4851411 1713706   10.45788 2048  661   10.45929   10.45788  0.01%   101 14582s
 4856323 1716792   10.45788 2058  662   10.45929   10.45788  0.01%   101 14591s
 4860511 1720187   10.45788 2075  648   10.45929   10.45788  0.01%   100 14600s
 4865150 1723617   10.45788 2099  645   10.45929   10.45788  0.01%   100 14610s
 4869752 1727039   10.45788 2120  651   10.45929   10.45788  0.01%   100 14620s
 4874363 1730358   10.45788 2157  650   10.45929   10.45788  0.01%   100 14630s
 4878873 1733679   10.45788 2168  639   10.45929   10.45788  0.01%   100 14640s
 4883419 1737207   10.45788 2181  645   10.45929   10.45788  0.01%   100 14651s
 4888113 1740785   10.45788 2189  644   10.45929   10.45788  0.01%   100 14661s
 4892846 1744369   10.45788 2204  643   10.45929   10.45788  0.01%   100 14671s
 4897591 1747937   10.45788 2226  647   10.45929   10.45788  0.01%   100 14682s
 4902299 1751364   10.45788 2242  646   10.45929   10.45788  0.01%   100 14691s
 4906808 1754881   10.45788 2257  639   10.45929   10.45788  0.01%   100 14701s
 4911381 1758268   10.45788 2272  647   10.45929   10.45788  0.01%   100 14709s
 4915889 1761689   10.45788 2282  644   10.45929   10.45788  0.01%   100 14719s
 4920568 1765258   10.45788 2285  644   10.45929   10.45788  0.01%  99.5 14728s
 4925157 1768136   10.45788 2285  649   10.45929   10.45788  0.01%  99.4 14737s
 4928987 1771644   10.45788 2288  643   10.45929   10.45788  0.01%  99.3 14747s
 4933719 1775169   10.45788 2305  643   10.45929   10.45788  0.01%  99.2 14757s
 4938381 1778706   10.45793 2310  624   10.45929   10.45788  0.01%  99.2 14767s
 4942928 1782172   10.45794 2313  624   10.45929   10.45788  0.01%  99.1 14776s
 4947304 1785672   10.45788 2315  626   10.45929   10.45788  0.01%  99.0 14784s
 4952052 1788652   10.45788 2336  634   10.45929   10.45788  0.01%  98.9 14794s
 4956199 1792015   10.45788 2355  638   10.45929   10.45788  0.01%  98.9 14804s
 4960913 1795369   10.45789 2391  640   10.45929   10.45788  0.01%  98.8 14813s
 4965540 1798969   10.45792 2419  627   10.45929   10.45788  0.01%  98.7 14823s
 4970418 1802436   10.45799 2431  636   10.45929   10.45788  0.01%  98.6 14833s
 4975129 1806039   10.45797 2431  624   10.45929   10.45788  0.01%  98.5 14843s
 4980001 1808914   10.45864 2447  629   10.45929   10.45788  0.01%  98.4 14852s
 4983914 1811964   10.45798 2454  627   10.45929   10.45788  0.01%  98.4 14862s
 4988187 1815661   10.45801 2471  623   10.45929   10.45788  0.01%  98.3 14872s
 4993094 1819069   10.45806 2476  626   10.45929   10.45788  0.01%  98.2 14882s
 4997805 1822684   10.45806 2480  630   10.45929   10.45788  0.01%  98.1 14892s
 5002468 1826345   10.45814 2495  628   10.45929   10.45788  0.01%  98.0 14902s
 5007363 1829915   10.45813 2507  629   10.45929   10.45788  0.01%  98.0 14912s
 5012361 1833421   10.45816 2521  633   10.45929   10.45788  0.01%  97.9 14922s
 5017048 1836870   10.45817 2529  634   10.45929   10.45788  0.01%  97.8 14933s
 5021745 1840169   10.45836 2535  630   10.45929   10.45788  0.01%  97.7 14942s
 5026268 1843833   10.45830 2541  638   10.45929   10.45788  0.01%  97.6 14953s
 5031176 1847480 infeasible 2573        10.45929   10.45788  0.01%  97.6 14964s
 5036237 1850906   10.45846 2588  639   10.45929   10.45788  0.01%  97.5 14974s
 5041131 1854656   10.45847 2603  639   10.45929   10.45788  0.01%  97.4 14985s
 5046259 1858376   10.45847 2614  647   10.45929   10.45788  0.01%  97.3 14995s
 5051468 1861786   10.45901 2625  642   10.45929   10.45788  0.01%  97.2 15005s
 5056518 1865172   10.45861 2632  640   10.45929   10.45788  0.01%  97.1 15015s
 5061523 1868588   10.45851 2641  646   10.45929   10.45788  0.01%  97.0 15025s
 5066407 1872198   10.45853 2655  649   10.45929   10.45788  0.01%  96.9 15036s
 5071729 1874984   10.45857 2671  649   10.45929   10.45788  0.01%  96.9 15046s
 5075847 1878310   10.45861 2695  653   10.45929   10.45788  0.01%  96.8 15056s
 5080735 1881737   10.45863 2714  648   10.45929   10.45788  0.01%  96.7 15067s
 5085828 1884999   10.45866 2727  651   10.45929   10.45788  0.01%  96.6 15077s
 5090754 1888417   10.45867 2743  648   10.45929   10.45788  0.01%  96.5 15087s
 5095855 1891934   10.45869 2770  643   10.45929   10.45788  0.01%  96.4 15097s
 5100864 1895516   10.45869 2771  642   10.45929   10.45788  0.01%  96.4 15107s
 5105960 1899236   10.45872 2798  645   10.45929   10.45788  0.01%  96.3 15117s
 5111244 1902892   10.45874 2810  642   10.45929   10.45788  0.01%  96.2 15127s
 5116424 1906619   10.45874 2813  637   10.45929   10.45788  0.01%  96.1 15137s
 5121519 1909818   10.45875 2819  640   10.45929   10.45788  0.01%  96.0 15147s
 5126012 1913511     cutoff 2836        10.45929   10.45788  0.01%  95.9 15156s
 5131010 1917348   10.45884 2861  628   10.45929   10.45788  0.01%  95.8 15167s
 5136465 1920465   10.45883 2873  633   10.45929   10.45788  0.01%  95.7 15176s
 5141070 1924243   10.45884 2884  635   10.45929   10.45788  0.01%  95.7 15185s
 5146560 1927713   10.45886 2902  631   10.45929   10.45788  0.01%  95.6 15195s
 5151849 1931136   10.45890 2907  629   10.45929   10.45788  0.01%  95.5 15204s
 5157275 1934294   10.45905 2907  632   10.45929   10.45788  0.01%  95.4 15213s
 5162309 1937428   10.45901 2908  633   10.45929   10.45788  0.01%  95.3 15222s
 5167129 1940771   10.45907 2930  623   10.45929   10.45788  0.01%  95.2 15231s
 5172310 1943955   10.45908 2937  624   10.45929   10.45788  0.01%  95.1 15240s
 5177017 1947418     cutoff 2956        10.45929   10.45788  0.01%  95.1 15250s
 5182196 1951038 infeasible 2972        10.45929   10.45788  0.01%  95.0 15259s
 5187493 1954332   10.45914 2990  614   10.45929   10.45788  0.01%  94.9 15267s
 5192596 1957901   10.45916 3009  608   10.45929   10.45788  0.01%  94.8 15277s
 5197696 1961225   10.45917 3019  598   10.45929   10.45788  0.01%  94.7 15287s
 5202882 1964569   10.45921 3033  603   10.45929   10.45788  0.01%  94.6 15296s
 5208188 1964664   10.45921 3049  598   10.45929   10.45788  0.01%  94.5 15306s
 5208291 1966333   10.45921 3049  599   10.45929   10.45788  0.01%  94.5 15315s
 5210720 1969798     cutoff 3052        10.45929   10.45788  0.01%  94.5 15325s
 5215773 1973279   10.45923 3067  599   10.45929   10.45788  0.01%  94.4 15334s
 5221052 1977005   10.45788 2366  644   10.45929   10.45788  0.01%  94.3 15343s
 5226480 1980753   10.45861 2378  577   10.45929   10.45788  0.01%  94.2 15352s
 5231910 1984197     cutoff 2399        10.45929   10.45788  0.01%  94.2 15362s
 5237146 1987052   10.45886 2420  564   10.45929   10.45788  0.01%  94.1 15371s
 5241665 1990491   10.45894 2435  561   10.45929   10.45788  0.01%  94.0 15381s
 5247040 1993866     cutoff 2465        10.45929   10.45788  0.01%  93.9 15391s
 5252029 1997025     cutoff 2477        10.45929   10.45788  0.01%  93.8 15400s
 5256916 2000275     cutoff 2457        10.45929   10.45788  0.01%  93.7 15408s
 5262136 2003032     cutoff 2386        10.45929   10.45788  0.01%  93.7 15418s
 5266617 2006486 infeasible 2393        10.45929   10.45788  0.01%  93.6 15426s
 5271971 2009817   10.45907 2494  558   10.45929   10.45788  0.01%  93.5 15435s
 5276934 2013282   10.45906 2380  634   10.45929   10.45788  0.01%  93.4 15444s
 5282110 2016651   10.45879 2447  627   10.45929   10.45788  0.01%  93.3 15453s
 5287170 2019998   10.45829 2396  593   10.45929   10.45788  0.01%  93.2 15462s
 5292197 2023355 infeasible 2482        10.45929   10.45788  0.01%  93.2 15471s
 5297630 2026910   10.45788 2336  588   10.45929   10.45788  0.01%  93.1 15480s
 5303138 2030536   10.45899 2349  585   10.45929   10.45788  0.01%  93.0 15490s
 5308872 2033796     cutoff 2372        10.45929   10.45788  0.01%  92.9 15499s
 5314064 2037377   10.45788 2377  595   10.45929   10.45788  0.01%  92.8 15509s
 5319673 2041100   10.45788 2385  624   10.45929   10.45788  0.01%  92.7 15518s
 5325472 2044699   10.45788 2412  609   10.45929   10.45788  0.01%  92.6 15527s
 5330989 2048478   10.45788 2438  609   10.45929   10.45788  0.01%  92.5 15536s
 5336646 2051895   10.45788 2450  609   10.45929   10.45788  0.01%  92.5 15545s
 5341939 2055554   10.45788 2455  605   10.45929   10.45788  0.01%  92.4 15554s
 5347372 2058817   10.45788 2474  608   10.45929   10.45788  0.01%  92.3 15563s
 5352765 2061874   10.45788 2483  605   10.45929   10.45788  0.01%  92.2 15572s
 5357854 2064970   10.45788 2506  611   10.45929   10.45788  0.01%  92.1 15580s
 5362543 2068574   10.45788 2517  610   10.45929   10.45788  0.01%  92.0 15589s
 5368084 2071885   10.45788 2532  582   10.45929   10.45788  0.01%  91.9 15599s
 5373695 2074970 infeasible 2544        10.45929   10.45788  0.01%  91.9 15608s
 5378727 2077954     cutoff 2553        10.45929   10.45788  0.01%  91.8 15617s
 5383637 2081179   10.45788 2557  575   10.45929   10.45788  0.01%  91.7 15627s
 5389044 2084501   10.45788 2580  584   10.45929   10.45788  0.01%  91.6 15636s
 5394314 2087806   10.45788 2590  582   10.45929   10.45788  0.01%  91.5 15645s
 5399385 2091273   10.45788 2600  587   10.45929   10.45788  0.01%  91.4 15655s
/var/spool/slurmd/job13959852/slurm_script: line 15: 3652973 Killed                  python wrd_pricetaker_short.py
[2026-05-22T23:40:18.736] error: Detected 1 oom_kill event in StepId=13959852.batch. Some of the step tasks have been OOM Killed.
