2026-05-27 16:32:24 [INFO] idaes.core.surrogate.pysmo_surrogate: Decode surrogate. type=poly

===========================Polynomial Regression===============================================

The number of cross-validation cases (3) is used.
The default training/cross-validation split of 0.75 is used.
No iterations will be run.
Default parameter estimation method is used.
Parameter estimation method:  pyomo 

2026-05-27 16:32:24 [INFO] idaes.core.surrogate.pysmo_surrogate: Decode surrogate. type=poly

===========================Polynomial Regression===============================================

The number of cross-validation cases (3) is used.
The default training/cross-validation split of 0.75 is used.
No iterations will be run.
Default parameter estimation method is used.
Parameter estimation method:  pyomo 

2026-05-27 16:32:24 [INFO] idaes.core.surrogate.pysmo_surrogate: Decode surrogate. type=poly

===========================Polynomial Regression===============================================

The number of cross-validation cases (3) is used.
The default training/cross-validation split of 0.75 is used.
No iterations will be run.
Default parameter estimation method is used.
Parameter estimation method:  pyomo 

2026-05-27 16:32:24 [INFO] idaes.core.surrogate.pysmo_surrogate: Decode surrogate. type=poly

===========================Polynomial Regression===============================================

The number of cross-validation cases (3) is used.
The default training/cross-validation split of 0.75 is used.
No iterations will be run.
Default parameter estimation method is used.
Parameter estimation method:  pyomo 

2026-05-27 16:32:26 [INFO] idaes.apps.grid_integration.pricetaker.price_taker_model: Found minimum uptime/downtime data for pretreatment.uf_pumps[1] - Adding minimum uptime/downtime constraints.
2026-05-27 16:32:26 [INFO] idaes.apps.grid_integration.pricetaker.price_taker_model: Created startup/shutdown constraints for operation model  pretreatment.uf_pumps[1] at uf_pumps_1_startup_shutdown.
2026-05-27 16:32:26 [INFO] idaes.apps.grid_integration.pricetaker.price_taker_model: Found minimum uptime/downtime data for pretreatment.uf_pumps[2] - Adding minimum uptime/downtime constraints.
2026-05-27 16:32:26 [INFO] idaes.apps.grid_integration.pricetaker.price_taker_model: Created startup/shutdown constraints for operation model  pretreatment.uf_pumps[2] at uf_pumps_2_startup_shutdown.
2026-05-27 16:32:26 [INFO] idaes.apps.grid_integration.pricetaker.price_taker_model: Found minimum uptime/downtime data for pretreatment.uf_pumps[3] - Adding minimum uptime/downtime constraints.
2026-05-27 16:32:26 [INFO] idaes.apps.grid_integration.pricetaker.price_taker_model: Created startup/shutdown constraints for operation model  pretreatment.uf_pumps[3] at uf_pumps_3_startup_shutdown.
2026-05-27 16:32:26 [INFO] idaes.apps.grid_integration.pricetaker.price_taker_model: Found minimum uptime/downtime data for reverse_osmosis.ro_skid[1] - Adding minimum uptime/downtime constraints.
2026-05-27 16:32:26 [INFO] idaes.apps.grid_integration.pricetaker.price_taker_model: Created startup/shutdown constraints for operation model  reverse_osmosis.ro_skid[1] at ro_skid_1_startup_shutdown.
2026-05-27 16:32:26 [INFO] idaes.apps.grid_integration.pricetaker.price_taker_model: Found minimum uptime/downtime data for reverse_osmosis.ro_skid[2] - Adding minimum uptime/downtime constraints.
2026-05-27 16:32:26 [INFO] idaes.apps.grid_integration.pricetaker.price_taker_model: Created startup/shutdown constraints for operation model  reverse_osmosis.ro_skid[2] at ro_skid_2_startup_shutdown.
2026-05-27 16:32:26 [INFO] idaes.apps.grid_integration.pricetaker.price_taker_model: Found minimum uptime/downtime data for reverse_osmosis.ro_skid[3] - Adding minimum uptime/downtime constraints.
2026-05-27 16:32:26 [INFO] idaes.apps.grid_integration.pricetaker.price_taker_model: Created startup/shutdown constraints for operation model  reverse_osmosis.ro_skid[3] at ro_skid_3_startup_shutdown.
2026-05-27 16:32:26 [INFO] idaes.apps.grid_integration.pricetaker.price_taker_model: Found minimum uptime/downtime data for reverse_osmosis.ro_skid[4] - Adding minimum uptime/downtime constraints.
2026-05-27 16:32:26 [INFO] idaes.apps.grid_integration.pricetaker.price_taker_model: Created startup/shutdown constraints for operation model  reverse_osmosis.ro_skid[4] at ro_skid_4_startup_shutdown.
4774
Set parameter TokenServer to value "10.60.1.73"
Set parameter LogToConsole to value 1
Set parameter MIPGap to value 0.005
Gurobi Optimizer version 12.0.3 build v12.0.3rc0 (linux64 - "Red Hat Enterprise Linux 8.8 (Ootpa)")

CPU model: Intel(R) Xeon(R) Platinum 8470QL, instruction set [SSE2|AVX|AVX2|AVX512]
Thread count: 104 physical cores, 104 logical processors, using up to 32 threads

Non-default parameters:
MIPGap  0.005

Optimize a model with 16775 rows, 16877 columns and 46337 nonzeros
Model fingerprint: 0x9d771c56
Model has 168 quadratic objective terms
Model has 3528 quadratic constraints
Variable types: 11763 continuous, 5114 integer (5114 binary)
Coefficient statistics:
  Matrix range     [5e-04, 2e+03]
  QMatrix range    [2e-07, 1e+00]
  QLMatrix range   [3e-04, 4e+01]
  Objective range  [6e-06, 5e-03]
  QObjective range [2e-04, 2e-04]
  Bounds range     [9e-01, 1e+03]
  RHS range        [5e-02, 3e+05]
  QRHS range       [3e-01, 4e+01]
Presolve removed 7155 rows and 7977 columns
Presolve time: 0.11s
Presolved: 20568 rows, 9183 columns, 54117 nonzeros
Presolved model has 188 SOS constraint(s)
Presolved model has 2816 bilinear constraint(s)

Solving non-convex MIQCP

Variable types: 6344 continuous, 2839 integer (2839 binary)
Found heuristic solution: objective 17.8954094

Root relaxation: unbounded, 0 iterations, 0.01 seconds (0.00 work units)

    Nodes    |    Current Node    |     Objective Bounds      |     Work
 Expl Unexpl |  Obj  Depth IntInf | Incumbent    BestBd   Gap | It/Node Time

     0     2  postponed    0        17.89541          -      -     -    6s
     7    14  postponed    3        17.89541          -      -  7510   10s
    29    48  postponed    5        17.89541          -      -  9875   15s
    87   146  postponed    7        17.89541          -      -  8815   21s
   155   281  postponed    8        17.89541          -      -  9441   27s
   306   740  postponed   10        17.89541          -      -  8382   41s
   875  1309  postponed   17        17.89541          -      -  3492   63s
H 1402  1309                      17.8954093          -      -  2722   63s
  1736  3213 infeasible   28        17.89541          -      -  2456   96s
H 2421  3213                      17.8954092          -      -  2098   96s
H 2780  3213                      17.8578175          -      -  1905   96s
H 3214  3213                      16.7827112          -      -  1712   96s
  4376  5896  postponed   43        16.78271          -      -  1449  123s
H 5372  5896                      16.7740642          -      -  1385  123s
H 6326  5896                      16.6043657          -      -  1256  123s
  7545  8012  postponed   56        16.60437          -      -  1143  145s
H 7847  7786                      16.1535077          -      -  1186  145s
H 7998  7777                      16.1477035          -      -  1173  145s
H 8552  7684                      15.9239831          -      -  1142  145s
 10052  9451  postponed   66        15.92398          -      -  1051  164s
H10147  9145                      15.3790875          -      -  1053  164s
H10199  9116                      15.3460635          -      -  1051  164s
 12216 10652  postponed   75        15.34606          -      -   998  183s
H12233 10640                      15.3360635          -      -   998  183s
H12233  9013                      14.5836619          -      -   998  183s
H12277  9013                      14.5834726          -      -  1000  183s
H12333  8998                      14.5695869          -      -   998  183s
H12491  8997                      14.5687332          -      -   990  183s
H12664  8958                      14.5383426          -      -   989  183s
H13074  8958                      14.5376573          -      -   995  183s
H14164 10456                      14.4726573          -      -   974  202s
H14164 10145                      14.3524190          -      -   974  202s
H14335 10043                      14.3227611          -      -   967  202s
 16302  9932   13.52499  247 1027   14.32276   10.54481  26.4%   943  212s
H16304  9437                      14.3210244   11.71927  18.2%   943  217s
 16307  9439   13.33124  412  805   14.32102   11.76527  17.8%   943  222s
 16310  9441   13.00296  192  972   14.32102   11.77997  17.7%   943  225s
 16315  9444   13.49426  422  784   14.32102   11.78905  17.7%   943  231s
 16321  9448   13.38551  657  800   14.32102   11.79386  17.6%   942  235s
H16323  8976                      14.3165564   11.79386  17.6%   942  237s
H16323  8527                      14.3097237   11.79386  17.6%   942  237s
H16323  8100                      14.3047237   11.79386  17.6%   942  237s
H16324  7695                      14.2997237   11.79386  17.5%   942  237s
H16324  7310                      14.2994593   11.79386  17.5%   942  237s
H16324  6944                      14.2993877   11.79386  17.5%   942  237s
H16324  6597                      14.2993877   11.79386  17.5%   942  237s
 16330  6601   12.66680   89  785   14.29939   11.79402  17.5%   942  240s
 16334  6604   12.48598  113  772   14.29939   11.79430  17.5%   941  251s
H16334  6273                      14.1428820   11.79430  16.6%   941  256s
H16334  5959                      14.1378820   11.79430  16.6%   941  257s
H16334  5660                      14.1378819   11.79430  16.6%   941  257s
H16334  5377                      14.1278819   11.79430  16.5%   941  257s
H16335  5109                      14.1228819   11.79430  16.5%   947  375s
 16336  5111   11.83592   10 2155   14.12288   11.79430  16.5%   947  391s
 16338  5114   11.89664   11 2204   14.12288   11.81426  16.3%   947  400s
 16342  5121   11.95277   12 1872   14.12288   11.81986  16.3%   948  413s
 16350  5134   11.95853   13 1893   14.12288   11.86092  16.0%   950  421s
 16366  5161   12.02323   14 1899   14.12288   11.89666  15.8%   951  427s
H16395  4895                      14.1194593   11.94775  15.4%   953  427s
 16398  4926   12.28488   15 1929   14.11946   11.94775  15.4%   954  433s
 16430  5026   12.29204   16 1759   14.11946   11.94775  15.4%   957  441s
 16540  5085   12.41587   19 1376   14.11946   11.94775  15.4%   961  448s
 16636  5140   12.43069   21 1311   14.11946   11.94775  15.4%   964  452s
H16639  4896                      14.1194593   11.94775  15.4%   964  453s
H16665  4656                      13.6415062   11.94775  12.4%   965  453s
 16723  4733   12.38754   22 1202   13.64151   11.94775  12.4%   964  455s
H16819  4563                      12.9876306   11.94775  8.01%   961  457s
H16867  4339                      12.8358437   11.94775  6.92%   960  457s
H16901  4201                      12.8308437   11.94775  6.88%   959  464s
H16998  4042                      12.8134958   11.94775  6.76%   958  468s
H17003  3862                      12.8134792   11.94775  6.76%   959  468s
H17005  3691                      12.8128846   11.94775  6.75%   959  468s
H17017  3526                      12.8098131   11.94775  6.73%   958  468s
H17017  3373                      12.7986389   11.94775  6.65%   958  468s
 17066  3426   12.41220   29 1087   12.79864   11.94775  6.65%   958  470s
H17139  3317                      12.7599010   11.94775  6.36%   957  474s
H17203  3215                      12.7549010   11.94775  6.33%   960  481s
H17268  3122                      12.7548863   11.95020  6.31%   965  486s
H17270  2997                      12.7432545   11.95020  6.22%   965  486s
H17294  2871                      12.7340120   11.95020  6.16%   968  486s
H17308  2753                      12.7263808   11.95020  6.10%   969  486s
H17319  2642                      12.6901575   11.95020  5.83%   969  486s
 17332  2699   12.53535   33 1603   12.69016   11.95020  5.83%   970  492s
H17407  2638                      12.6894773   11.95020  5.83%   977  497s
H17410  2541                      12.6875882   11.95020  5.81%   977  497s
H17414  2448                      12.6772330   11.95020  5.73%   977  497s
H17430  2355                      12.6726966   11.95020  5.70%   978  497s
H17449  2266                      12.6675622   11.95020  5.66%   979  497s
H17454  2185                      12.6553435   11.95020  5.57%   979  497s
 17482  2246   12.42289   35 1030   12.65534   11.95020  5.57%   981  501s
H17559  2228                      12.6550767   11.96404  5.46%   985  506s
H17562  2156                      12.6386927   11.96404  5.34%   985  506s
H17565  2087                      12.6355379   11.96404  5.31%   985  506s
H17577  2019                      12.6300911   11.96404  5.27%   986  506s
H17615  1946                      12.5672128   11.96404  4.80%   986  506s
 17644  2042   12.42012   38 1015   12.56721   11.96404  4.80%   987  511s
 17753  2109   12.41719   40 1316   12.56721   11.96423  4.80%   989  517s
H17754  2050                      12.5619189   11.96423  4.76%   989  517s
H17802  1979                      12.4998354   11.96423  4.28%   989  517s
H17815  1923                      12.4967316   11.96423  4.26%   991  517s
 17858  2003   12.42110   40 1278   12.49673   11.96423  4.26%   992  523s
 17967  2056   12.41732   42 1315   12.49673   11.96423  4.26%   996  531s
H17995  1998                      12.4745746   11.96423  4.09%   996  531s
H18065  2059                      12.4695746   11.96423  4.05%  1006  537s
H18205  2087                      12.4676605   11.96423  4.04%  1009  543s
H18208  2043                      12.4487846   11.96423  3.89%  1010  543s
H18224  1998                      12.4304112   11.96754  3.72%  1010  543s
 18330  2029     cutoff   48        12.43041   11.96754  3.72%  1011  548s
H18331  1991                      12.4254112   11.96754  3.68%  1011  548s
 18475  1943     cutoff   49        12.42541   11.97937  3.59%  1010  555s
H18478  1939                      12.4253924   11.97937  3.59%  1010  555s
H18481  1939                      12.4251159   11.97937  3.59%  1010  555s
H18487  1939                      12.4248703   11.97937  3.59%  1011  555s
H18494  1939                      12.4239521   11.97937  3.58%  1010  555s
H18501  1939                      12.3792445   11.97937  3.23%  1011  555s
 18626  1905   12.20659   19 1738   12.37924   11.97937  3.23%  1015  560s
H18794  1921                      12.3567800   11.97937  3.05%  1017  569s
 18935  2052   12.28776   26 1499   12.35678   11.97937  3.05%  1022  580s
H19127  2286                      12.3566229   11.98632  3.00%  1019  587s
H19141  2286                      12.3565807   11.98632  3.00%  1018  587s
H19151  2286                      12.3565280   11.98632  3.00%  1019  587s
H19160  2286                      12.3562070   11.98632  2.99%  1019  587s
H19250  2266                      12.3515058   11.98632  2.96%  1016  587s
H19271  2263                      12.3505319   11.98632  2.95%  1015  587s
 19364  2481   12.31367   40 1382   12.35053   11.98632  2.95%  1018  592s
H19594  2716                      12.3505272   11.98632  2.95%  1019  599s
H19599  2715                      12.3504081   11.98632  2.95%  1020  599s
H19611  2715                      12.3503655   11.98632  2.95%  1022  599s
H19690  2692                      12.3454433   11.98632  2.91%  1021  599s
H19794  2692                      12.3454095   11.98632  2.91%  1023  599s
 19843  2874   12.33835   48 1419   12.34541   11.98632  2.91%  1025  605s
 20046  3068   12.34205   48 1377   12.34541   11.99297  2.85%  1033  614s
H20048  3066                      12.3453618   11.99297  2.85%  1033  614s
H20050  3066                      12.3453058   11.99297  2.85%  1034  614s
H20080  3066                      12.3451680   11.99297  2.85%  1035  614s
H20105  3064                      12.3448430   11.99297  2.85%  1038  614s
H20215  2945                      12.3321059   11.99297  2.75%  1042  614s
 20255  3105     cutoff   50        12.33211   11.99297  2.75%  1046  621s
H20433  3105                      12.3321046   11.99568  2.73%  1056  621s
 20473  3375   12.18583   23 1630   12.33210   11.99568  2.73%  1055  627s
H20478  3374                      12.3320947   11.99568  2.73%  1055  627s
H20587  3370                      12.3319369   11.99568  2.73%  1058  627s
H20618  3347                      12.3298703   11.99568  2.71%  1058  627s
 20758  3625   12.30177   28 1399   12.32987   11.99568  2.71%  1058  634s
H20775  3625                      12.3297686   11.99568  2.71%  1057  634s
H20863  3625                      12.3297023   11.99568  2.71%  1059  634s
 21057  3947   12.31540   34 1403   12.32970   11.99711  2.70%  1064  642s
H21071  3947                      12.3297022   11.99711  2.70%  1065  642s
H21109  3947                      12.3297020   11.99745  2.69%  1066  642s
H21187  3947                      12.3297019   11.99745  2.69%  1069  642s
H21236  3947                      12.3296233   11.99745  2.69%  1069  642s
 21397  4167   12.31894   36 1397   12.32962   11.99745  2.69%  1069  648s
H21398  4167                      12.3296233   11.99745  2.69%  1069  648s
H21405  4167                      12.3296230   11.99745  2.69%  1070  648s
H21424  2212                      12.2263118   11.99745  1.87%  1069  648s
H21449  2007                      12.1943761   11.99745  1.61%  1070  648s
 21637  1766     cutoff   37        12.19438   11.99745  1.61%  1072  658s
H21820  1766                      12.1943612   11.99745  1.61%  1077  658s
H21906  1823                      12.1943602   11.99745  1.61%  1080  666s
H21931  1823                      12.1943542   11.99745  1.61%  1084  666s
H21974  1823                      12.1943538   11.99745  1.61%  1087  666s
H22007  1823                      12.1943434   11.99745  1.61%  1090  666s
H22010  1823                      12.1940817   11.99745  1.61%  1090  666s
H22044  1823                      12.1932213   11.99745  1.61%  1094  666s
 22075  1900     cutoff   20        12.19322   11.99745  1.61%  1097  676s
 22298  1916   12.18315   25 1494   12.19322   11.99972  1.59%  1111  686s
H22355  1916                      12.1932212   12.02304  1.40%  1121  686s
H22398  1916                      12.1932165   12.02304  1.40%  1123  686s
 22488  1879   12.18628   27 1458   12.19322   12.02304  1.40%  1132  698s
 22651  2005   12.19088   29 1468   12.19322   12.02304  1.40%  1155  707s
H22677  2005                      12.1932164   12.02304  1.40%  1159  707s
 22837  2132   12.11032   20 1527   12.19322   12.03366  1.31%  1176  717s
 23023  2259   12.14308   37 1426   12.19322   12.03366  1.31%  1199  725s
H23074  2259                      12.1932164   12.03503  1.30%  1205  725s
H23174  2110                      12.1872860   12.03503  1.25%  1215  725s
 23216  2204   12.16455   52 1367   12.18729   12.03503  1.25%  1221  738s
H23375  2204                      12.1872859   12.03503  1.25%  1233  738s
 23464  2290   12.17943   66 1401   12.18729   12.03503  1.25%  1244  751s
H23511  2290                      12.1872859   12.03503  1.25%  1250  751s
H23544  2290                      12.1872858   12.03503  1.25%  1253  751s
 23676  2399   12.18208   70 1398   12.18729   12.04228  1.19%  1274  763s
 23892  2495   12.18382   73 1420   12.18729   12.04259  1.19%  1304  777s
H23967  2495                      12.1872822   12.04259  1.19%  1313  777s
 24109  2637   12.18467   78 1360   12.18728   12.04259  1.19%  1334  787s
H24271  2637                      12.1872822   12.04259  1.19%  1347  787s
 24370  2758     cutoff   84        12.18728   12.05361  1.10%  1357  798s
H24381  2758                      12.1872822   12.05361  1.10%  1359  798s
H24425  2758                      12.1872821   12.05361  1.10%  1361  798s
H24540  2758                      12.1872821   12.05523  1.08%  1372  798s
 24605  2958   12.17284   24 1499   12.18728   12.05523  1.08%  1382  809s
 24920  3075   12.18141   28 1406   12.18728   12.05998  1.04%  1403  821s
 25125  3509     cutoff   31        12.18728   12.05998  1.04%  1422  832s
 25611  3767   12.10025   47 1875   12.18728   12.06472  1.01%  1432  845s
H25620  3664                      12.1850853   12.06472  0.99%  1433  845s
H25776  3614                      12.1840294   12.06472  0.98%  1439  845s
 25898  3951   12.11457   52 1839   12.18403   12.06472  0.98%  1447  858s
 26315  4245   12.12398   63 1847   12.18403   12.06677  0.96%  1468  874s
H26378  4245                      12.1840294   12.06677  0.96%  1472  874s
H26576  3973                      12.1789911   12.06682  0.92%  1489  874s
 26670  4302   12.15281   85 1450   12.17899   12.06682  0.92%  1496  892s
H26702  4302                      12.1789911   12.06695  0.92%  1499  892s
H26970  4302                      12.1789826   12.06791  0.91%  1510  892s
 27131  4695   12.17528   95 1435   12.17898   12.06797  0.91%  1520  906s
H27146  4695                      12.1789826   12.06797  0.91%  1522  906s
H27225  4695                      12.1789826   12.06797  0.91%  1522  906s
H27319  4695                      12.1789825   12.06797  0.91%  1526  906s
H27462  4695                      12.1789792   12.06797  0.91%  1534  906s
H27462  4695                      12.1789757   12.06797  0.91%  1534  906s
H27511  4678                      12.1786452   12.06797  0.91%  1536  906s
 27608  5085     cutoff   97        12.17865   12.06797  0.91%  1541  921s
H27623  5085                      12.1786451   12.06797  0.91%  1541  921s
H27693  5085                      12.1786448   12.06815  0.91%  1544  921s
H27694  5078                      12.1785897   12.06815  0.91%  1544  921s
 28120  5461   12.10269   43 1912   12.17859   12.06908  0.90%  1561  936s
H28299  5461                      12.1785897   12.06908  0.90%  1572  936s
H28489  5459                      12.1785829   12.06908  0.90%  1585  936s
H28557  5895                      12.1785827   12.06908  0.90%  1590  951s
H28566  5895                      12.1785826   12.06908  0.90%  1591  951s
H28592  5895                      12.1785826   12.06908  0.90%  1595  951s
H28639  5895                      12.1785757   12.06908  0.90%  1594  951s
H29079  5895                      12.1785747   12.06908  0.90%  1607  951s
 29104  6528   12.17311   58 1401   12.17857   12.06908  0.90%  1612  970s
 29811  7022     cutoff   59        12.17857   12.06946  0.90%  1630  985s
H29841  7022                      12.1785746   12.06946  0.90%  1631  985s
H29864  7022                      12.1785744   12.06946  0.90%  1635  985s
H30161  7022                      12.1785744   12.06946  0.90%  1637  985s
H30182  7022                      12.1785720   12.06946  0.90%  1640  985s
H30209  7020                      12.1785593   12.06946  0.90%  1642  985s
H30242  7019                      12.1785477   12.06946  0.90%  1641  985s
 30391  7679   12.11441   51 1944   12.17855   12.06946  0.90%  1647 1005s
H30394  7679                      12.1785477   12.06946  0.90%  1647 1005s
H30452  7679                      12.1785474   12.06946  0.90%  1647 1005s
H30549  7679                      12.1785473   12.06946  0.90%  1652 1005s
H30602  7679                      12.1785472   12.06946  0.90%  1655 1005s
H30610  7677                      12.1785255   12.06946  0.90%  1655 1005s
 31120  8169   12.13180   65 1555   12.17853   12.06946  0.90%  1659 1022s
 31669  8710   12.17277   80 2016   12.17853   12.06946  0.90%  1681 1038s
H31728  8700                      12.1781126   12.06946  0.89%  1686 1038s
 32254  9084   12.17589   89 2139   12.17811   12.06946  0.89%  1695 1058s
H32285  8955                      12.1759843   12.06946  0.87%  1697 1058s
H32485  8952                      12.1759279   12.07059  0.87%  1707 1058s
 32699  9593     cutoff   90        12.17593   12.07059  0.87%  1709 1076s
H32878  9593                      12.1759226   12.07059  0.87%  1719 1076s
H32878  9592                      12.1758875   12.07059  0.86%  1719 1076s
H33002  9592                      12.1758872   12.07059  0.86%  1717 1076s
 33500 10286     cutoff   19        12.17589   12.07059  0.86%  1724 1094s
H33878 10282                      12.1758606   12.07059  0.86%  1734 1094s
 34290 10783   12.12666   53 1466   12.17586   12.07059  0.86%  1743 1114s
H34939 11103                      12.1758605   12.07127  0.86%  1775 1139s
H34968 11052                      12.1753588   12.07127  0.85%  1778 1139s
H35394 11048                      12.1753430   12.07127  0.85%  1812 1139s
 35405 11546   12.17153   91 1475   12.17534   12.07127  0.85%  1813 1169s
H36087 11523                      12.1751474   12.07127  0.85%  1839 1169s
H36158 12117                      12.1751474   12.07127  0.85%  1843 1191s
H36349 12117                      12.1751471   12.07208  0.85%  1853 1191s
H36442 12117                      12.1751302   12.07208  0.85%  1854 1191s
 36943 12909   12.16881   88 1407   12.17513   12.07208  0.85%  1870 1217s
H36968 12908                      12.1751287   12.07208  0.85%  1873 1217s
H37056 12908                      12.1751286   12.07208  0.85%  1876 1217s
H37519 12906                      12.1751174   12.07208  0.85%  1880 1217s
 37910 13374     cutoff   91        12.17512   12.07339  0.84%  1888 1241s
H37911 13374                      12.1751174   12.07339  0.84%  1888 1241s
H37932 13374                      12.1751163   12.07339  0.84%  1887 1241s
H37986 13374                      12.1751128   12.07339  0.84%  1889 1241s
H38481 14023                      12.1751128   12.07339  0.84%  1908 1270s
H38570 14022                      12.1751124   12.07339  0.84%  1910 1270s
 39342 14751   12.15513   54 1519   12.17511   12.07353  0.83%  1936 1296s
 40270 15550     cutoff   63        12.17511   12.07442  0.83%  1965 1323s
H40307 15550                      12.1751117   12.07442  0.83%  1965 1323s
H40359 15550                      12.1751110   12.07442  0.83%  1970 1323s
 41271 16567   12.12532   55 1470   12.17511   12.07442  0.83%  1984 1351s
H41817 16567                      12.1751108   12.07454  0.83%  1996 1351s
H41873 16567                      12.1751106   12.07454  0.83%  1997 1351s
 42437 17720   12.17165   83 1410   12.17511   12.07454  0.83%  2002 1380s
H42581 17720                      12.1751106   12.07468  0.82%  2003 1380s
H42647 17720                      12.1751104   12.07468  0.82%  2004 1380s
 43717 18574   12.16740   72 1477   12.17511   12.07476  0.82%  2011 1412s
H43728 18574                      12.1751101   12.07476  0.82%  2013 1412s
H43841 18569                      12.1750442   12.07476  0.82%  2018 1412s
H44264 18569                      12.1750437   12.07476  0.82%  2024 1412s
 44663 19462   12.17215   76 1408   12.17504   12.07490  0.82%  2023 1441s
H44671 19462                      12.1750435   12.07490  0.82%  2023 1441s
H44743 19462                      12.1750434   12.07490  0.82%  2024 1441s
H44788 19462                      12.1750432   12.07490  0.82%  2024 1441s
 45746 20717   12.14551   81 1471   12.17504   12.07544  0.82%  2051 1472s
 47216 21717   12.17310   97 1446   12.17504   12.07550  0.82%  2064 1503s
H47265 21717                      12.1750432   12.07550  0.82%  2063 1503s
H47293 21717                      12.1750432   12.07550  0.82%  2064 1503s
H47333 21717                      12.1750432   12.07550  0.82%  2068 1503s
H47518 21717                      12.1750432   12.07550  0.82%  2077 1503s
 48519 22730   12.11921   44 1654   12.17504   12.07575  0.82%  2084 1542s
H48521 22730                      12.1750430   12.07575  0.82%  2084 1542s
H48589 22729                      12.1750424   12.07575  0.82%  2087 1542s
H49490 22729                      12.1750424   12.07575  0.82%  2098 1542s
 49814 23827   12.15595   56 1482   12.17504   12.07575  0.82%  2093 1578s
H49822 23827                      12.1750421   12.07575  0.82%  2093 1578s
H50282 23827                      12.1750420   12.07575  0.82%  2107 1578s
H50689 23827                      12.1750419   12.07575  0.82%  2111 1578s
 51098 25235     cutoff   64        12.17504   12.07575  0.82%  2105 1616s
H51099 25235                      12.1750419   12.07575  0.82%  2105 1616s
H51246 25235                      12.1750417   12.07575  0.82%  2106 1616s
H51920 25235                      12.1750416   12.07583  0.81%  2121 1616s
 52727 26387   12.14435   55 1902   12.17504   12.07583  0.81%  2118 1655s
H53389 26387                      12.1750416   12.07640  0.81%  2126 1655s
H53537 26233                      12.1739949   12.07640  0.80%  2129 1655s
 53987 27995     cutoff   67        12.17399   12.07640  0.80%  2136 1698s
 56140 29678   12.11472   50 1954   12.17399   12.07658  0.80%  2136 1737s
H56189 29580                      12.1738799   12.07658  0.80%  2136 1737s
 58202 31134   12.14134   70 1368   12.17388   12.07658  0.80%  2129 1778s
H58271 31134                      12.1738799   12.07658  0.80%  2130 1778s
H58974 31134                      12.1738797   12.07658  0.80%  2136 1778s
H59476 31134                      12.1738796   12.07669  0.80%  2144 1778s
 60215 33027   12.16904   96 1456   12.17388   12.07692  0.80%  2140 1817s
 62428 34892   12.11500   53 1989   12.17388   12.07692  0.80%  2133 1854s
 64509 36524   12.13243   74 1766   12.17388   12.07692  0.80%  2124 1893s
 66374 38012   12.14646  187 1733   12.17388   12.07692  0.80%  2131 1932s
 68214 39968   12.14774  259 1677   12.17388   12.07756  0.79%  2146 1975s
 70588 41832   12.15410  507 1496   12.17388   12.07756  0.79%  2144 2016s
 72905 43398   12.16656  697 1448   12.17388   12.07756  0.79%  2146 2058s
 74903 44012   12.16857  827 1500   12.17388   12.07806  0.79%  2160 2103s
 75789 45839   12.17098  840 1465   12.17388   12.07841  0.78%  2169 2155s
 78068 47373     cutoff   77        12.17388   12.07841  0.78%  2182 2208s
 79949 49068   12.17290   83 1599   12.17388   12.07841  0.78%  2212 2262s
 82065 50898   12.16914   93 1496   12.17388   12.07904  0.78%  2239 2321s
 84409 52513   12.16938   87 1430   12.17388   12.07919  0.78%  2266 2383s
H84475 52513                      12.1738796   12.07919  0.78%  2268 2383s
H85944 52513                      12.1738796   12.07943  0.78%  2291 2383s
 86630 54325   12.15124   73 1463   12.17388   12.07943  0.78%  2301 2449s
H86927 54288                      12.1738168   12.07943  0.78%  2305 2449s
H87897 54122                      12.1733854   12.07952  0.77%  2316 2449s
H88800 53909                      12.1729257   12.07973  0.77%  2327 2449s
 88990 56274   12.08585   33 2191   12.17293   12.07973  0.77%  2331 2524s
H89712 56274                      12.1729257   12.07973  0.77%  2332 2524s
H89957 56274                      12.1729257   12.07973  0.77%  2334 2524s
 91831 59013   12.14309   78 1498   12.17293   12.07973  0.77%  2349 2599s
 95226 61374   12.16187  119 1575   12.17293   12.08018  0.76%  2365 2676s
H95957 61373                      12.1729256   12.08018  0.76%  2376 2676s
H96685 61373                      12.1729256   12.08020  0.76%  2369 2676s
 98172 64141   12.16444  136 1557   12.17293   12.08051  0.76%  2383 2753s
 101658 65967     cutoff  164        12.17293   12.08065  0.76%  2402 2830s
 104206 68220   12.14729   75 1514   12.17293   12.08069  0.76%  2431 2909s
H105250 68205                      12.1729001   12.08069  0.76%  2441 2909s
H107215 70599                      12.1728999   12.08086  0.76%  2454 2991s
H107301 70596                      12.1728935   12.08086  0.76%  2455 2991s
H107567 70596                      12.1728935   12.08086  0.76%  2458 2991s
H108858 70596                      12.1728935   12.08096  0.76%  2472 2991s
H109271 70596                      12.1728933   12.08096  0.76%  2474 2991s
 110270 73160   12.08629   37 2017   12.17289   12.08110  0.75%  2480 3076s
H110543 73160                      12.1728933   12.08110  0.75%  2483 3076s
 113463 76003   12.11600   39 1478   12.17289   12.08134  0.75%  2497 3159s
 116846 79436   12.13182   56 1815   12.17289   12.08135  0.75%  2501 3243s
 120694 82288   12.16848   99 1678   12.17289   12.08144  0.75%  2508 3321s
 124297 84851     cutoff   85        12.17289   12.08166  0.75%  2513 3391s
 127303 87036     cutoff   54        12.17289   12.08170  0.75%  2519 3464s
 130120 88958   12.16757   66 1461   12.17289   12.08188  0.75%  2528 3539s
 132629 91575   12.17267   88 1466   12.17289   12.08195  0.75%  2552 3619s
H135324 91575                      12.1728933   12.08199  0.75%  2562 3619s
 135880 94436   12.15754   76 1470   12.17289   12.08206  0.75%  2566 3700s
 139285 96453     cutoff   88        12.17289   12.08211  0.75%  2571 3781s
 141967 98749   12.11485   49 1615   12.17289   12.08238  0.74%  2592 3862s
 144904 101192     cutoff   86        12.17289   12.08252  0.74%  2612 3944s
 147144 101192   12.16806   85 1534   12.17289   12.08253  0.74%  2620 3945s
H147666 101189                      12.1728889   12.08253  0.74%  2623 3945s
 148042 103909   12.10040   38 1860   12.17289   12.08266  0.74%  2625 4031s
H148623 103909                      12.1728889   12.08266  0.74%  2631 4031s
H149172 103909                      12.1728888   12.08266  0.74%  2624 4031s
H149245 103909                      12.1728888   12.08266  0.74%  2625 4031s
 151536 106363   12.16857   85 1650   12.17289   12.08283  0.74%  2637 4111s
 154435 109538   12.16111  120 1375   12.17289   12.08296  0.74%  2638 4200s
H154758 109532                      12.1728762   12.08296  0.74%  2642 4200s
H156188 109408                      12.1726347   12.08296  0.74%  2638 4200s
 157904 112979     cutoff   67        12.17263   12.08297  0.74%  2644 4284s
H159068 112810                      12.1723515   12.08297  0.73%  2639 4284s
 162575 115493   12.12400   58 1510   12.17235   12.08302  0.73%  2630 4361s
H164364 115493                      12.1723515   12.08307  0.73%  2634 4361s
 166021 117603   12.13913   58 2103   12.17235   12.08321  0.73%  2629 4434s
H168384 117601                      12.1723436   12.08324  0.73%  2641 4434s
 168786 119900   12.09766   37 2104   12.17234   12.08334  0.73%  2640 4508s
H170182 119900                      12.1723434   12.08334  0.73%  2644 4508s
 171700 122204   12.16051   63 1533   12.17234   12.08346  0.73%  2651 4585s
 174606 125554   12.17185  104 1391   12.17234   12.08356  0.73%  2658 4662s
 178659 127385     cutoff   71        12.17234   12.08363  0.73%  2653 4736s
 181285 130147   12.15823   73 1484   12.17234   12.08366  0.73%  2668 4814s
 184476 132859   12.12139   55 1722   12.17234   12.08384  0.73%  2668 4896s
 187597 135907   12.17025   95 1613   12.17234   12.08384  0.73%  2678 4981s
H190011 135907                      12.1723432   12.08384  0.73%  2675 4981s
 191350 138465   12.12134   43 1754   12.17234   12.08384  0.73%  2679 5060s
 194383 141509   12.16892   71 1365   12.17234   12.08393  0.73%  2679 5139s
 198186 143728   12.12250   56 1900   12.17234   12.08403  0.73%  2672 5215s
 201141 145783   12.14148   54 1471   12.17234   12.08412  0.72%  2679 5295s
 203788 148294   12.16575   72 1492   12.17234   12.08421  0.72%  2689 5377s
 206989 150090   12.16146   57 1507   12.17234   12.08427  0.72%  2694 5460s
 209289 151392   12.17180   61 1429   12.17234   12.08427  0.72%  2714 5551s
 211576 153172   12.14985   73 2240   12.17234   12.08431  0.72%  2735 5629s
 214178 156131     cutoff  175        12.17234   12.08441  0.72%  2751 5729s
 218369 158521   12.16592   65 1598   12.17234   12.08447  0.72%  2757 5814s
 221406 160988   12.13970   71 1449   12.17234   12.08456  0.72%  2764 5900s
 224560 162488   12.16328   76 1487   12.17234   12.08464  0.72%  2775 5989s
 226943 165077   12.12864   51 1494   12.17234   12.08469  0.72%  2787 6080s
 230232 167325   12.16619   85 1419   12.17234   12.08478  0.72%  2797 6173s
 233286 169934 infeasible   68        12.17234   12.08490  0.72%  2806 6266s
 236552 172320   12.16077   82 1479   12.17234   12.08497  0.72%  2812 6359s
 239674 174946     cutoff   56        12.17234   12.08504  0.72%  2822 6456s
 243102 177372     cutoff   71        12.17234   12.08510  0.72%  2831 6536s
 246190 179430     cutoff   87        12.17234   12.08520  0.72%  2837 6622s
 248904 182100   12.14961   83 1559   12.17234   12.08529  0.72%  2845 6724s
 252414 184840   12.11586   51 1442   12.17234   12.08537  0.71%  2853 6824s
 255874 187577     cutoff   70        12.17234   12.08546  0.71%  2860 6914s
 259293 190926   12.13688   65 1418   12.17234   12.08555  0.71%  2864 7002s
 263065 194948     cutoff   93        12.17234   12.08555  0.71%  2863 7088s
 267775 195522   12.16981   84 1554   12.17234   12.08559  0.71%  2851 7204s
 268476 198460     cutoff   82        12.17234   12.08559  0.71%  2852 7289s
 272042 200763   12.14153   86 1624   12.17234   12.08564  0.71%  2855 7371s
 275348 202745   12.12118   52 1576   12.17234   12.08573  0.71%  2859 7452s
 278089 204911   12.15198   75 1482   12.17234   12.08575  0.71%  2866 7538s
 280970 207586   12.09065   40 1577   12.17234   12.08583  0.71%  2873 7631s
 284419 209958   12.10183   34 1797   12.17234   12.08592  0.71%  2879 7719s
 287469 212556   12.16963   81 1491   12.17234   12.08600  0.71%  2887 7810s
 290842 214760   12.14978   58 1393   12.17234   12.08606  0.71%  2892 7900s
 293808 217352   12.12876   61 1446   12.17234   12.08612  0.71%  2902 7997s
 297106 219741   12.10407   41 1840   12.17234   12.08619  0.71%  2908 8091s
 300190 222222   12.14906   81 1496   12.17234   12.08626  0.71%  2913 8183s
 303449 225201   12.16663   88 1570   12.17234   12.08627  0.71%  2921 8265s
 306968 227959   12.12962   52 2214   12.17234   12.08636  0.71%  2919 8344s
 310257 230334   12.09839   34 1492   12.17234   12.08638  0.71%  2918 8423s
 313240 232450   12.16833   66 1467   12.17234   12.08644  0.71%  2922 8504s
 316018 234044   12.16995   70 1515   12.17234   12.08645  0.71%  2926 8586s
 318349 236407   12.12924   62 2112   12.17234   12.08654  0.70%  2934 8674s
 321383 239873   12.17116   81 1517   12.17234   12.08659  0.70%  2940 8763s
 325258 242693     cutoff   84        12.17234   12.08663  0.70%  2936 8848s
 328641 245531   12.14068   58 1509   12.17234   12.08663  0.70%  2940 8935s
 332169 247941   12.17050  110 1341   12.17234   12.08665  0.70%  2940 9020s
 335206 251067   12.12397   59 1673   12.17234   12.08675  0.70%  2944 9105s
 338832 254220   12.12551   55 1665   12.17234   12.08680  0.70%  2940 9182s
 342495 256914   12.16206  142 1541   12.17234   12.08681  0.70%  2937 9257s
H344853 256914                      12.1723432   12.08681  0.70%  2935 9257s
 345646 258921   12.16694  184 1529   12.17234   12.08681  0.70%  2934 9331s
 347997 261226   12.12913   58 1486   12.17234   12.08681  0.70%  2941 9407s
 351000 263359   12.16538   76 1504   12.17234   12.08690  0.70%  2944 9489s
 353678 265486   12.15205   67 1497   12.17234   12.08690  0.70%  2948 9569s
 356670 267279   12.15285   66 1602   12.17234   12.08700  0.70%  2952 9655s
 359344 269542   12.10670   42 1511   12.17234   12.08704  0.70%  2961 9743s
 362500 272410   12.12970   62 1581   12.17234   12.08708  0.70%  2964 9833s
 365842 274510   12.17184   59 1533   12.17234   12.08710  0.70%  2967 9921s
 368792 276758   12.10473   44 1834   12.17234   12.08714  0.70%  2970 10013s
 371901 279845   12.11736   44 1428   12.17234   12.08718  0.70%  2974 10109s
 375552 282091   12.15198   72 1679   12.17234   12.08718  0.70%  2975 10202s
 378411 284270   12.14231   47 1415   12.17234   12.08722  0.70%  2983 10298s
H379190 283436                      12.1717719   12.08723  0.69%  2985 10299s
 381322 285715   12.15941   76 1424   12.17177   12.08725  0.69%  2992 10395s
H381585 285694                      12.1717564   12.08725  0.69%  2992 10395s
H381939 285694                      12.1717564   12.08725  0.69%  2992 10395s
H383805 285694                      12.1717564   12.08725  0.69%  2996 10395s
 384466 289062   12.14051   54 1571   12.17176   12.08730  0.69%  2998 10492s
H388405 291583                      12.1717563   12.08735  0.69%  2997 10582s
 391480 294535   12.16684   72 1471   12.17176   12.08736  0.69%  3003 10676s
 395083 297489   12.10295   49 1970   12.17176   12.08738  0.69%  3004 10760s
H397031 297478                      12.1717534   12.08739  0.69%  3005 10760s
 398508 300384     cutoff  118        12.17175   12.08739  0.69%  3006 10842s
H398604 300382                      12.1717519   12.08739  0.69%  3006 10842s
 402039 302578   12.16694   80 1488   12.17175   12.08743  0.69%  3003 10920s
H403283 302578                      12.1717519   12.08743  0.69%  3006 10920s
 404715 304394     cutoff   80        12.17175   12.08743  0.69%  3008 11005s
 407242 306918   12.14324   59 1406   12.17175   12.08748  0.69%  3014 11094s
 410394 309567   12.16686  140 1564   12.17175   12.08748  0.69%  3017 11181s
 413945 312005   12.16891   93 1596   12.17175   12.08755  0.69%  3018 11267s
 417140 314972   12.16846   82 1512   12.17175   12.08760  0.69%  3020 11355s
 420687 317076     cutoff   62        12.17175   12.08762  0.69%  3019 11443s
 423403 320119   12.09494   39 2028   12.17175   12.08769  0.69%  3020 11532s
H425183 320119                      12.1717518   12.08769  0.69%  3019 11532s
 427052 323263   12.16367   95 1399   12.17175   12.08770  0.69%  3019 11623s
H427249 322595                      12.1713595   12.08770  0.69%  3019 11623s
H430625 324440                      12.1712652   12.08773  0.69%  3016 11701s
H431038 324440                      12.1712652   12.08774  0.69%  3015 11701s
H431095 324440                      12.1712652   12.08774  0.69%  3016 11701s
H433090 327190                      12.1712321   12.08776  0.69%  3021 11789s
H436532 329403                      12.1712321   12.08779  0.69%  3022 11873s
 439370 331793   12.16694   90 1705   12.17123   12.08780  0.69%  3026 11963s
 442431 334599     cutoff   88        12.17123   12.08783  0.69%  3030 12053s
 445761 336892   12.16744   74 1448   12.17123   12.08788  0.68%  3031 12143s
H446367 336889                      12.1712295   12.08788  0.68%  3031 12143s
 448708 339015   12.15309   69 1475   12.17123   12.08788  0.68%  3035 12234s
 451714 342228     cutoff   82        12.17123   12.08791  0.68%  3041 12325s
 455779 344393     cutoff   75        12.17123   12.08796  0.68%  3039 12413s
H455781 344393                      12.1712295   12.08796  0.68%  3039 12413s
H458020 344393                      12.1712295   12.08799  0.68%  3042 12414s
 458697 347480   12.15311   69 1592   12.17123   12.08801  0.68%  3042 12501s
H459562 347480                      12.1712294   12.08802  0.68%  3042 12501s
 462456 350104   12.11430   44 1479   12.17123   12.08802  0.68%  3040 12575s
 465446 352659   12.15552   82 1938   12.17123   12.08807  0.68%  3040 12652s
 468715 355016   12.16836   72 1435   12.17123   12.08810  0.68%  3038 12729s
 471867 357169     cutoff   69        12.17123   12.08813  0.68%  3039 12806s
 474725 359340   12.12966   59 1475   12.17123   12.08817  0.68%  3041 12887s
 477318 361851     cutoff   97        12.17123   12.08818  0.68%  3043 12972s
 480487 363935   12.14198   74 1556   12.17123   12.08823  0.68%  3045 13058s
 483303 366439   12.11304   49 2184   12.17123   12.08827  0.68%  3047 13144s
 486411 368909   12.09673   39 1874   12.17123   12.08831  0.68%  3048 13236s
 489355 371450   12.10689   31 2138   12.17123   12.08833  0.68%  3052 13323s
 492726 373772   12.10968   38 2004   12.17123   12.08836  0.68%  3052 13405s
 495623 375795   12.15668   58 2149   12.17123   12.08838  0.68%  3054 13491s
 498389 378241   12.14118   86 1502   12.17123   12.08841  0.68%  3058 13581s
 501508 381067   12.14377   56 1506   12.17123   12.08845  0.68%  3060 13674s
 504866 383460   12.13476   55 1411   12.17123   12.08845  0.68%  3061 13765s
 507841 385909   12.16968   91 1476   12.17123   12.08845  0.68%  3065 13860s
 511199 386552   12.12567   51 2187   12.17123   12.08850  0.68%  3068 13998s
H511609 386551                      12.1712289   12.08851  0.68%  3068 13998s
 512038 390927   12.12607   52 2134   12.17123   12.08852  0.68%  3067 14103s
 517210 393573     cutoff   78        12.17123   12.08852  0.68%  3061 14191s
 520680 395943   12.10970   43 1938   12.17123   12.08858  0.68%  3061 14279s
 523786 399020   12.16499  155 1463   12.17123   12.08861  0.68%  3063 14369s
 527465 401145   12.16568   77 1492   12.17123   12.08866  0.68%  3061 14454s
 530096 403560   12.13905   52 2016   12.17123   12.08866  0.68%  3065 14545s
 533669 405944   12.16479   74 1509   12.17123   12.08869  0.68%  3067 14638s
 536921 408271   12.13716   60 1473   12.17123   12.08871  0.68%  3069 14725s
 540121 410036   12.16007   77 1462   12.17123   12.08873  0.68%  3071 14813s
 542867 412345   12.10975   46 1534   12.17123   12.08874  0.68%  3077 14905s
 546248 415009   12.12276   49 1494   12.17123   12.08878  0.68%  3078 15004s
 549250 417946   12.09249   38 1660   12.17123   12.08878  0.68%  3080 15108s
 552789 420729   12.16654   88 1451   12.17123   12.08878  0.68%  3081 15199s
 556339 423142   12.13558   48 1904   12.17123   12.08884  0.68%  3080 15280s
 559325 425503     cutoff   73        12.17123   12.08885  0.68%  3080 15362s
 562356 427990     cutoff   78        12.17123   12.08888  0.68%  3082 15445s
 565708 430364   12.16873   71 1439   12.17123   12.08891  0.68%  3083 15532s
 568833 432676   12.15873   68 1421   12.17123   12.08894  0.68%  3084 15622s
 572034 434759   12.16672   76 1542   12.17123   12.08897  0.68%  3085 15707s
 575025 436787   12.13133   55 1427   12.17123   12.08899  0.68%  3089 15794s
 577795 438904     cutoff   69        12.17123   12.08903  0.68%  3092 15890s
 580720 441190   12.16694   79 1520   12.17123   12.08905  0.68%  3096 15988s
 583738 443229     cutoff   79        12.17123   12.08908  0.67%  3100 16075s
 586490 446025   12.16698   59 1536   12.17123   12.08911  0.67%  3103 16178s
 590146 448611   12.16941   56 1826   12.17123   12.08913  0.67%  3104 16275s
 593262 451063   12.13209   48 1502   12.17123   12.08915  0.67%  3106 16375s
H595002 451018                      12.1712082   12.08915  0.67%  3107 16375s
 596556 453517   12.15913   54 1509   12.17121   12.08918  0.67%  3108 16471s
H597591 453517                      12.1712080   12.08918  0.67%  3108 16471s
H599527 453517                      12.1712079   12.08919  0.67%  3110 16471s
 599867 455879   12.16603   68 1506   12.17121   12.08920  0.67%  3111 16571s
 603140 457864   12.13952   58 1499   12.17121   12.08924  0.67%  3115 16669s
 605804 460462   12.12498   52 1640   12.17121   12.08927  0.67%  3118 16771s
 609228 463796   12.16801   72 1574   12.17121   12.08929  0.67%  3121 16871s
 613261 466653   12.16965   79 1426   12.17121   12.08932  0.67%  3119 16958s
 616624 469514   12.16775   67 1783   12.17121   12.08932  0.67%  3120 17041s
 620334 471842   12.13055   59 1914   12.17121   12.08934  0.67%  3118 17122s
 623111 474051     cutoff   90        12.17121   12.08936  0.67%  3119 17204s
H623696 474051                      12.1712075   12.08936  0.67%  3120 17204s
 625899 476533   12.09365   34 1538   12.17121   12.08938  0.67%  3119 17292s
 628977 478252   12.13531   61 1866   12.17121   12.08938  0.67%  3120 17380s
 631543 480724   12.16220   60 1655   12.17121   12.08940  0.67%  3125 17479s
 634772 483075   12.16028   83 1610   12.17121   12.08940  0.67%  3125 17573s
 637780 485375   12.13527   54 1442   12.17121   12.08942  0.67%  3129 17666s
 640896 486860   12.16987   82 1487   12.17121   12.08944  0.67%  3133 17758s
 643480 488856     cutoff   55        12.17121   12.08946  0.67%  3138 17846s
 646388 491175   12.09266   35 1745   12.17121   12.08947  0.67%  3142 17945s
 649824 493168     cutoff   83        12.17121   12.08950  0.67%  3145 18041s
 652761 495033   12.16866   81 1463   12.17121   12.08950  0.67%  3149 18139s
 655844 497459   12.17049   66 1906   12.17121   12.08952  0.67%  3154 18238s
 659393 499745   12.12445   62 1769   12.17121   12.08955  0.67%  3155 18335s
 662395 502349   12.16965  112 1747   12.17121   12.08958  0.67%  3159 18437s
 665866 505438   12.16752   88 1692   12.17121   12.08961  0.67%  3161 18534s
 669701 507861   12.16577   96 1338   12.17121   12.08965  0.67%  3159 18628s
 672547 510240   12.17013   68 1417   12.17121   12.08966  0.67%  3162 18715s
 675723 512897   12.16161   61 1505   12.17121   12.08969  0.67%  3164 18806s
 679115 515353   12.13985   55 1558   12.17121   12.08971  0.67%  3163 18897s
 681894 517870   12.17038  104 1945   12.17121   12.08973  0.67%  3165 18992s
H682394 517856                      12.1712022   12.08973  0.67%  3165 18992s
 685141 520984   12.11527   49 1582   12.17120   12.08974  0.67%  3165 19085s
 688786 523939   12.16991   91 1397   12.17120   12.08975  0.67%  3165 19175s
H689065 523929                      12.1711992   12.08975  0.67%  3165 19175s
 692419 526564   12.16935   80 1465   12.17120   12.08976  0.67%  3163 19261s
H694308 526564                      12.1711992   12.08976  0.67%  3162 19261s
H694969 526564                      12.1711991   12.08977  0.67%  3163 19261s
 695945 528709   12.16841   61 1484   12.17120   12.08979  0.67%  3163 19348s
H697919 528709                      12.1711991   12.08980  0.67%  3164 19348s
H697919 528709                      12.1711991   12.08980  0.67%  3164 19348s
 698837 530742   12.13765   58 1492   12.17120   12.08982  0.67%  3165 19436s
H700542 530742                      12.1711991   12.08982  0.67%  3167 19436s
H700715 530742                      12.1711991   12.08982  0.67%  3167 19436s
 701467 532958     cutoff   82        12.17120   12.08985  0.67%  3167 19523s
 704364 534899   12.16883   76 1436   12.17120   12.08985  0.67%  3170 19621s
 707423 538017   12.11355   41 1797   12.17120   12.08989  0.67%  3174 19723s
H708444 538017                      12.1711991   12.08989  0.67%  3174 19723s
H708695 538017                      12.1711989   12.08989  0.67%  3174 19723s
 711372 541148   12.10246   43 1953   12.17120   12.08992  0.67%  3173 19815s
 714873 544026   12.16010   88 1820   12.17120   12.08993  0.67%  3173 19906s
 718405 547301     cutoff   84        12.17120   12.08993  0.67%  3174 19996s
 722199 549791   12.16757   81 1488   12.17120   12.08998  0.67%  3171 20082s
H722839 549791                      12.1711987   12.08998  0.67%  3171 20082s
 725158 552565   12.16393   76 1540   12.17120   12.08998  0.67%  3173 20171s
H727455 552565                      12.1711986   12.08999  0.67%  3174 20171s
 728537 554843   12.15256   71 2036   12.17120   12.08999  0.67%  3173 20261s
 731666 557075     cutoff   53        12.17120   12.09001  0.67%  3174 20349s
 734696 559413   12.16522   71 1523   12.17120   12.09004  0.67%  3176 20443s
 737766 561417   12.10746   42 1550   12.17120   12.09005  0.67%  3178 20539s
 740493 564278   12.15913   84 1494   12.17120   12.09008  0.67%  3180 20642s
 744086 567123   12.14380   64 1431   12.17120   12.09009  0.67%  3182 20744s
 747806 569369   12.16278   76 1568   12.17120   12.09013  0.67%  3183 20848s
 750810 572556   12.16106   58 1803   12.17120   12.09013  0.67%  3185 20947s
H752890 572545                      12.1711950   12.09013  0.67%  3184 20947s
 754594 574805   12.16415   80 1516   12.17119   12.09017  0.67%  3184 21042s
H756555 574805                      12.1711950   12.09017  0.67%  3188 21042s
 757429 575127     cutoff  101        12.17119   12.09017  0.67%  3188 21144s
H757432 575127                      12.1711949   12.09017  0.67%  3188 21144s
 757923 578817   12.11749   46 1895   12.17119   12.09017  0.67%  3189 21249s
 762595 581336   12.16534   72 1462   12.17119   12.09019  0.67%  3187 21338s
 765981 583457   12.15417   66 1460   12.17119   12.09019  0.67%  3186 21425s
 768839 585651   12.11369   43 1496   12.17119   12.09021  0.67%  3189 21517s
H769174 585647                      12.1711935   12.09021  0.67%  3189 21517s
 771925 589061     cutoff   63        12.17119   12.09023  0.67%  3191 21609s
H773001 589057                      12.1711935   12.09023  0.67%  3190 21609s
H773295 589057                      12.1711935   12.09025  0.67%  3191 21609s
 776092 591525   12.15920   73 1613   12.17119   12.09025  0.67%  3188 21694s
H776212 591525                      12.1711934   12.09025  0.67%  3188 21694s
 779394 594335   12.16303   85 1769   12.17119   12.09027  0.66%  3189 21781s
H780055 594334                      12.1711934   12.09027  0.66%  3188 21781s
H780212 594334                      12.1711933   12.09027  0.66%  3188 21781s
H780328 594334                      12.1711932   12.09027  0.66%  3188 21781s
H783060 597563                      12.1711932   12.09027  0.66%  3187 21864s
 787221 600008     cutoff   77        12.17119   12.09027  0.66%  3182 21940s
 790510 602448   12.12518   53 1584   12.17119   12.09031  0.66%  3181 22017s
 793761 603015   12.09548   40 2148   12.17119   12.09031  0.66%  3179 22153s
 794529 613930   12.10350   41 1734   12.17119   12.09034  0.66%  3180 22508s
 808094 616757   12.16389   81 1405   12.17119   12.09037  0.66%  3181 22603s
 811986 619320   12.13619   54 1460   12.17119   12.09039  0.66%  3181 22693s
 815517 621385     cutoff  114        12.17119   12.09043  0.66%  3181 22781s
 818204 624134   12.16632   74 1741   12.17119   12.09045  0.66%  3183 22879s
 821739 626593   12.13890   66 1424   12.17119   12.09046  0.66%  3183 22971s
 824926 628894   12.15566   68 1665   12.17119   12.09048  0.66%  3185 23058s
 828294 631116   12.09829   41 1747   12.17119   12.09050  0.66%  3185 23143s
 831163 633428   12.15273   91 1726   12.17119   12.09050  0.66%  3187 23238s
 834303 635768   12.15891  137 1514   12.17119   12.09053  0.66%  3188 23330s
 837540 638077   12.16445  171 1595   12.17119   12.09055  0.66%  3189 23422s
 840621 640425   12.14402   64 1715   12.17119   12.09058  0.66%  3191 23522s
 843744 642820   12.16085   77 1473   12.17119   12.09059  0.66%  3193 23615s
 847011 645023   12.11249   47 1952   12.17119   12.09062  0.66%  3194 23708s
H847212 645023                      12.1711932   12.09062  0.66%  3194 23708s
 849979 647475   12.09946   38 1711   12.17119   12.09063  0.66%  3196 23806s
 853178 651029     cutoff   78        12.17119   12.09065  0.66%  3198 23907s
 857236 653417   12.16741   81 1557   12.17119   12.09068  0.66%  3196 23998s
H857392 653417                      12.1711932   12.09068  0.66%  3196 23998s
H858201 653417                      12.1711931   12.09068  0.66%  3197 23998s
 860293 656183   12.13782   65 1944   12.17119   12.09068  0.66%  3198 24092s
 863814 659410   12.12658   55 1576   12.17119   12.09071  0.66%  3197 24183s
 867457 662007     cutoff   92        12.17119   12.09071  0.66%  3196 24273s
H869739 662007                      12.1711931   12.09071  0.66%  3196 24273s
 870829 664929   12.16811   61 1507   12.17119   12.09071  0.66%  3196 24362s
 874608 667745   12.13924   56 1632   12.17119   12.09074  0.66%  3194 24450s
 877873 669788   12.16697   67 1529   12.17119   12.09075  0.66%  3193 24536s
 880453 672631   12.15297   62 1543   12.17119   12.09076  0.66%  3196 24623s
 883835 675242   12.16285   84 1365   12.17119   12.09078  0.66%  3196 24712s
 886875 677621   12.13731   61 1710   12.17119   12.09078  0.66%  3197 24800s
 890292 679510   12.16776   90 1602   12.17119   12.09078  0.66%  3198 24882s
 893042 681304   12.15045   69 1585   12.17119   12.09080  0.66%  3199 24974s
 895910 683215     cutoff   89        12.17119   12.09082  0.66%  3202 25066s
H898060 683215                      12.1711931   12.09082  0.66%  3204 25066s
 898748 685537   12.15949   66 1505   12.17119   12.09083  0.66%  3205 25166s
 902021 688473     cutoff   61        12.17119   12.09085  0.66%  3207 25263s
 905680 691245   12.16197   90 1502   12.17119   12.09087  0.66%  3206 25357s
 909000 693826     cutoff   83        12.17119   12.09088  0.66%  3207 25451s
 912489 696519   12.10963   38 1593   12.17119   12.09090  0.66%  3208 25552s
 915596 698744   12.11210   56 2001   12.17119   12.09091  0.66%  3210 25646s
 918676 701076   12.12298   41 1649   12.17119   12.09093  0.66%  3212 25736s
 921785 703232   12.14002   48 1504   12.17119   12.09094  0.66%  3213 25835s
 924723 705754   12.11896   47 2141   12.17119   12.09096  0.66%  3215 25939s
 928108 708706   12.16922   63 2174   12.17119   12.09098  0.66%  3216 26038s
 931793 711914   12.13922   63 1488   12.17119   12.09098  0.66%  3215 26131s
 935549 714569   12.16814   80 1411   12.17119   12.09100  0.66%  3214 26221s
 938965 716718   12.16723   67 1440   12.17119   12.09100  0.66%  3214 26315s
 941987 720132   12.15225   74 1558   12.17119   12.09103  0.66%  3216 26406s
 946015 722696   12.13565   61 1508   12.17119   12.09103  0.66%  3213 26490s
 949082 725511     cutoff   89        12.17119   12.09104  0.66%  3214 26578s
 952659 727679   12.15706   67 1687   12.17119   12.09107  0.66%  3212 26659s
 955371 729790     cutoff   76        12.17119   12.09107  0.66%  3213 26748s
H956486 729790                      12.1711931   12.09107  0.66%  3215 26748s
 958038 732295     cutoff   85        12.17119   12.09108  0.66%  3215 26841s
 961433 735257   12.15680   64 1394   12.17119   12.09109  0.66%  3215 26933s
 965502 737748   12.16521   87 1530   12.17119   12.09110  0.66%  3214 27021s
 968799 740383   12.16908   53 1510   12.17119   12.09111  0.66%  3213 27112s
 972173 742770   12.15784   58 1881   12.17119   12.09113  0.66%  3213 27196s
 975089 744962   12.11408   48 1873   12.17119   12.09113  0.66%  3214 27285s
 978045 746815   12.14440   60 1472   12.17119   12.09114  0.66%  3215 27373s
 980642 749612   12.15710   69 1505   12.17119   12.09117  0.66%  3216 27484s
 984706 752271   12.10793   44 1874   12.17119   12.09118  0.66%  3217 27581s
 987929 754922   12.16713  178 1555   12.17119   12.09118  0.66%  3218 27677s
 991440 757309   12.12902   55 1704   12.17119   12.09122  0.66%  3218 27772s
 994565 759965   12.16348   63 1651   12.17119   12.09123  0.66%  3220 27870s
 997742 762551   12.16491   76 1458   12.17119   12.09125  0.66%  3221 27969s
 1000864 764879   12.15533   84 1332   12.17119   12.09125  0.66%  3223 28068s
 1003909 767158   12.16159  129 1441   12.17119   12.09125  0.66%  3226 28166s
 1007080 770003     cutoff  160        12.17119   12.09126  0.66%  3228 28259s
 1010954 771617   12.16867  283 1427   12.17119   12.09127  0.66%  3226 28335s
 1013020 773881     cutoff   53        12.17119   12.09128  0.66%  3228 28424s
 1015935 776189   12.12351   57 1539   12.17119   12.09128  0.66%  3229 28515s
 1018821 778239   12.17041   57 1854   12.17119   12.09128  0.66%  3231 28608s
 1021860 780832   12.16593   82 1619   12.17119   12.09130  0.66%  3233 28701s
 1025152 783291   12.16758   86 1563   12.17119   12.09132  0.66%  3233 28793s
 1028309 786973   12.11027   55 1721   12.17119   12.09133  0.66%  3234 28889s
 1032800 788820     cutoff  593        12.17119   12.09133  0.66%  3233 28977s
 1035645 791383   12.10669   41 1498   12.17119   12.09134  0.66%  3234 29069s
 1038887 793719   12.15203   85 1785   12.17119   12.09136  0.66%  3234 29169s
 1041983 795891   12.15955  141 1668   12.17119   12.09138  0.66%  3236 29263s
 1045034 798421     cutoff  174        12.17119   12.09138  0.66%  3237 29363s
 1048494 801105   12.16259  216 1512   12.17119   12.09140  0.66%  3239 29458s
 1051749 803090   12.16264  267 1506   12.17119   12.09142  0.66%  3240 29552s
 1054454 805602   12.16779  318 1473   12.17119   12.09142  0.66%  3242 29651s
 1057822 806485   12.16277  379 1459   12.17119   12.09144  0.66%  3244 29794s
 1059004 809829   12.16360  406 1451   12.17119   12.09144  0.66%  3244 29903s
 1063304 813124   12.16521  523 1497   12.17119   12.09145  0.66%  3245 30005s
 1067280 815611   12.12296   53 1605   12.17119   12.09147  0.65%  3244 30100s
 1070521 817830   12.15751  220 1553   12.17119   12.09148  0.65%  3246 30190s
 1073801 820027   12.16409  480 1536   12.17119   12.09149  0.65%  3246 30279s
 1076783 822491   12.16932   58 1469   12.17119   12.09151  0.65%  3247 30371s
 1079931 825824   12.09610   40 2033   12.17119   12.09152  0.65%  3249 30465s
 1083710 828111   12.15070   79 1578   12.17119   12.09154  0.65%  3248 30554s
 1086542 830802   12.16751  226 1481   12.17119   12.09154  0.65%  3248 30647s
 1089996 833145     cutoff   83        12.17119   12.09155  0.65%  3249 30739s
 1093108 835412   12.16372   68 1470   12.17119   12.09157  0.65%  3250 30831s
 1096255 837966   12.11180   47 1967   12.17119   12.09157  0.65%  3251 30927s
 1099731 840274   12.15634  111 1633   12.17119   12.09159  0.65%  3251 31016s
 1102781 842821   12.16341  153 1573   12.17119   12.09161  0.65%  3253 31115s
 1106173 845122     cutoff   79        12.17119   12.09161  0.65%  3253 31208s
 1109371 847579   12.16995   67 1426   12.17119   12.09164  0.65%  3255 31302s
 1112738 849506     cutoff   74        12.17119   12.09165  0.65%  3256 31401s
 1115482 851644   12.15419   57 1480   12.17119   12.09166  0.65%  3258 31497s
 1118477 854124   12.16923   68 1490   12.17119   12.09167  0.65%  3260 31594s
 1121867 856722   12.16379   66 1715   12.17119   12.09169  0.65%  3261 31691s
 1125259 859358   12.15811   81 1317   12.17119   12.09170  0.65%  3262 31790s
 1128542 861531   12.16195  108 1418   12.17119   12.09171  0.65%  3263 31885s
 1131457 863400     cutoff  137        12.17119   12.09172  0.65%  3265 31976s
 1134201 865949   12.11605   56 2415   12.17119   12.09173  0.65%  3267 32081s
 1137842 869243   12.16589   58 1521   12.17119   12.09174  0.65%  3269 32193s
 1141632 871988   12.15904   88 1383   12.17119   12.09176  0.65%  3269 32292s
 1144934 875107   12.16518  111 1366   12.17119   12.09176  0.65%  3270 32388s
 1148824 877205   12.15722   74 1993   12.17119   12.09176  0.65%  3270 32477s
 1151968 880928   12.16239   69 1431   12.17119   12.09177  0.65%  3271 32570s
H1153818 880926                      12.1711928   12.09177  0.65%  3270 32570s
 1156440 883118   12.16803   96 1480   12.17119   12.09177  0.65%  3268 32653s
H1158160 883118                      12.1711928   12.09177  0.65%  3267 32653s
 1159565 885801   12.15301   65 1421   12.17119   12.09177  0.65%  3268 32738s
 1163107 888805   12.13073   63 1570   12.17119   12.09178  0.65%  3266 32833s
H1165868 888805                      12.1711928   12.09178  0.65%  3265 32833s
 1166947 890989   12.16502   75 1429   12.17119   12.09178  0.65%  3265 32911s
 1169906 893845   12.15583   61 1789   12.17119   12.09181  0.65%  3265 32998s
 1173517 896065   12.13456   66 1494   12.17119   12.09182  0.65%  3263 33076s
H1173644 896065                      12.1711928   12.09183  0.65%  3263 33076s
H1174208 896065                      12.1711927   12.09183  0.65%  3264 33076s
 1176278 897974     cutoff   72        12.17119   12.09183  0.65%  3264 33157s
 1178941 900758   12.16998   59 1472   12.17119   12.09184  0.65%  3264 33241s
 1182270 903654   12.15255   72 1413   12.17119   12.09185  0.65%  3264 33323s
H1183177 903654                      12.1711927   12.09185  0.65%  3263 33323s
 1185727 906098   12.10081   41 1553   12.17119   12.09185  0.65%  3262 33409s
 1188990 908504   12.11358   52 1867   12.17119   12.09186  0.65%  3262 33492s
 1192046 910935   12.10266   47 2071   12.17119   12.09188  0.65%  3262 33589s
H1192976 910935                      12.1711927   12.09188  0.65%  3262 33589s
 1195243 913072   12.13714   68 1434   12.17119   12.09189  0.65%  3262 33680s
 1197950 915896   12.17068   76 1414   12.17119   12.09189  0.65%  3264 33782s
 1201652 918965   12.15602   49 1453   12.17119   12.09191  0.65%  3264 33878s
 1205323 921039   12.13278   55 1499   12.17119   12.09191  0.65%  3263 33968s
 1207876 923601   12.16545   82 1432   12.17119   12.09192  0.65%  3265 34066s
 1211343 926456     cutoff   85        12.17119   12.09193  0.65%  3265 34161s
 1214777 929943   12.16910   79 1457   12.17119   12.09195  0.65%  3263 34254s
 1219071 933582   12.11867   49 1975   12.17119   12.09195  0.65%  3262 34340s
 1223357 935899   12.15155   83 1490   12.17119   12.09196  0.65%  3259 34428s
 1226323 939055   12.14104   58 1549   12.17119   12.09196  0.65%  3260 34528s
 1230182 941983   12.16504   79 1453   12.17119   12.09197  0.65%  3259 34618s
 1233706 944502   12.11777   53 1948   12.17119   12.09198  0.65%  3259 34709s
 1236815 946189   12.14438   74 1521   12.17119   12.09199  0.65%  3259 34797s
 1239157 948559   12.15848   80 1539   12.17119   12.09199  0.65%  3263 34889s
 1242242 950734     cutoff   84        12.17119   12.09200  0.65%  3264 34983s
H1243653 950734                      12.1711927   12.09200  0.65%  3264 34983s
 1245156 953430   12.12978   61 2120   12.17119   12.09201  0.65%  3264 35082s
 1248547 956274   12.16094   75 1579   12.17119   12.09201  0.65%  3265 35183s
 1252157 959029   12.11940   52 2009   12.17119   12.09203  0.65%  3265 35279s
H1252967 959029                      12.1711927   12.09203  0.65%  3265 35279s
 1255470 962215   12.14799   89 1970   12.17119   12.09204  0.65%  3265 35370s
 1259258 964252   12.16584   65 2068   12.17119   12.09204  0.65%  3264 35450s
 1262022 966281     cutoff   46        12.17119   12.09205  0.65%  3265 35534s
 1264796 968504   12.13827   57 1497   12.17119   12.09206  0.65%  3266 35620s
 1267988 972090   12.14702   63 1493   12.17119   12.09207  0.65%  3266 35711s
 1272071 974686   12.15677   74 1830   12.17119   12.09208  0.65%  3264 35792s
 1275357 979085   12.12828   57 1505   12.17119   12.09208  0.65%  3263 35874s
 1280520 980972   12.14804   61 1465   12.17119   12.09208  0.65%  3257 35945s
 1282956 982346     cutoff   75        12.17119   12.09209  0.65%  3258 36021s
 1284955 985233   12.16165   77 1645   12.17119   12.09210  0.65%  3259 36109s
 1288301 987199   12.16632   72 1444   12.17119   12.09211  0.65%  3258 36197s
 1290982 989519   12.12320   49 1870   12.17119   12.09212  0.65%  3260 36293s
 1294142 991945   12.14633   61 1447   12.17119   12.09212  0.65%  3261 36386s
 1297344 994384   12.10227   44 1662   12.17119   12.09214  0.65%  3263 36484s
H1299640 994384                      12.1711927   12.09215  0.65%  3263 36484s
 1300498 996628   12.17088   72 1360   12.17119   12.09215  0.65%  3263 36582s
 1303570 999590   12.17048   89 1564   12.17119   12.09217  0.65%  3265 36679s
 1307244 1002036   12.16551   89 1564   12.17119   12.09218  0.65%  3265 36775s
 1310407 1004929   12.16430   83 1479   12.17119   12.09219  0.65%  3266 36871s
 1314251 1008095   12.16033   61 1456   12.17119   12.09219  0.65%  3265 36963s
 1318240 1010236   12.11514   44 1505   12.17119   12.09220  0.65%  3264 37037s
H1318546 1010236                      12.1711927   12.09220  0.65%  3264 37037s
 1321109 1012279   12.16455   77 1671   12.17119   12.09221  0.65%  3264 37115s
 1324196 1014310   12.13664   63 1485   12.17119   12.09221  0.65%  3263 37195s
 1326918 1016709   12.16489   70 1472   12.17119   12.09222  0.65%  3264 37278s
 1329865 1019131   12.14985   87 1496   12.17119   12.09223  0.65%  3263 37363s
 1332914 1022100   12.16304  118 1370   12.17119   12.09224  0.65%  3263 37449s
 1336671 1022516   12.16865  141 1425   12.17119   12.09225  0.65%  3262 37582s
 1337273 1025495   12.11125   49 2028   12.17119   12.09225  0.65%  3262 37675s
 1340911 1027826   12.16220   97 1625   12.17119   12.09225  0.65%  3262 37761s
 1344142 1030238   12.09889   41 2012   12.17119   12.09227  0.65%  3262 37852s
 1347479 1032376   12.12315   44 1509   12.17119   12.09228  0.65%  3262 37938s
 1350405 1034891   12.16340   68 1944   12.17119   12.09229  0.65%  3263 38027s
 1353813 1037623   12.13597   52 1900   12.17119   12.09230  0.65%  3263 38117s
H1355164 1037623                      12.1711927   12.09231  0.65%  3263 38117s
 1357153 1040141     cutoff   83        12.17119   12.09231  0.65%  3263 38207s
 1360429 1043024   12.15537   77 1407   12.17119   12.09232  0.65%  3263 38297s
 1363876 1045763   12.16898   71 1400   12.17119   12.09233  0.65%  3263 38385s
 1367403 1048532   12.13658   70 1554   12.17119   12.09233  0.65%  3261 38472s
 1370796 1050456     cutoff  115        12.17119   12.09234  0.65%  3261 38559s
 1373511 1052321   12.16268   53 1536   12.17119   12.09235  0.65%  3262 38653s
 1375972 1055415   12.15197   57 1573   12.17119   12.09236  0.65%  3263 38772s
 1379929 1058227   12.16938   66 1432   12.17119   12.09237  0.65%  3264 38879s
 1383456 1060784   12.10919   48 1681   12.17119   12.09237  0.65%  3265 38980s
 1386847 1063529   12.16975  102 1276   12.17119   12.09238  0.65%  3266 39081s
 1390420 1066274   12.16447  140 1644   12.17119   12.09239  0.65%  3267 39180s
 1394022 1068386     cutoff   78        12.17119   12.09239  0.65%  3268 39276s
 1397254 1070941   12.15840   66 1830   12.17119   12.09241  0.65%  3269 39374s
 1400797 1073258   12.16982   61 2028   12.17119   12.09241  0.65%  3269 39467s
 1404044 1075615   12.14304   59 1469   12.17119   12.09242  0.65%  3271 39557s
 1407178 1078896   12.12688   51 1529   12.17119   12.09244  0.65%  3271 39651s
 1411049 1081196   12.15468   81 1567   12.17119   12.09245  0.65%  3270 39736s
 1414046 1084033   12.16849  100 1569   12.17119   12.09245  0.65%  3271 39825s
 1417447 1086881   12.14188   61 1780   12.17119   12.09245  0.65%  3270 39913s
 1420812 1089526   12.12685   55 1467   12.17119   12.09245  0.65%  3269 39997s
 1424310 1091465   12.16901  107 1375   12.17119   12.09246  0.65%  3269 40090s
 1427005 1093813   12.15850   70 1464   12.17119   12.09247  0.65%  3270 40176s
 1429940 1096332   12.10893   48 1860   12.17119   12.09248  0.65%  3271 40266s
 1433252 1098843   12.16405  168 1575   12.17119   12.09249  0.65%  3272 40353s
 1436691 1101087     cutoff   71        12.17119   12.09250  0.65%  3272 40436s
 1439767 1104399   12.10485   47 1763   12.17119   12.09250  0.65%  3272 40522s
 1443870 1107169   12.16443  145 1620   12.17119   12.09252  0.65%  3270 40603s
 1447143 1109266   12.15831   72 1468   12.17119   12.09252  0.65%  3269 40683s
 1450078 1111271   12.13375   42 1600   12.17119   12.09252  0.65%  3270 40764s
 1452853 1113226   12.16016   69 1469   12.17119   12.09254  0.65%  3271 40850s
 1455446 1115482   12.17070   83 1461   12.17119   12.09255  0.65%  3272 40937s
 1458510 1117856   12.13727   53 1604   12.17119   12.09256  0.65%  3273 41027s
 1461643 1119932   12.14572   64 1598   12.17119   12.09257  0.65%  3273 41121s
 1464241 1122222   12.15289   66 1459   12.17119   12.09258  0.65%  3274 41212s
 1467374 1124575     cutoff   73        12.17119   12.09259  0.65%  3274 41301s
 1470483 1126478     cutoff   77        12.17119   12.09260  0.65%  3275 41396s
 1473385 1129938   12.14202   57 1506   12.17119   12.09261  0.65%  3276 41496s
 1477571 1132849   12.16935   72 1436   12.17119   12.09261  0.65%  3275 41587s
 1481074 1135372   12.16383   80 1444   12.17119   12.09263  0.65%  3275 41677s
 1484110 1138087   12.17083   92 1455   12.17119   12.09263  0.65%  3275 41771s
 1487487 1140280   12.16732   71 1499   12.17119   12.09265  0.65%  3276 41861s
 1490237 1143229   12.16402   67 1489   12.17119   12.09265  0.65%  3276 41953s
 1494152 1145705   12.11687   51 1740   12.17119   12.09266  0.65%  3276 42040s
 1497648 1148028   12.13298   52 1514   12.17119   12.09266  0.65%  3275 42121s
 1501240 1150325   12.12918   73 1795   12.17119   12.09268  0.65%  3275 42205s
 1504196 1152668   12.14555   76 1521   12.17119   12.09268  0.65%  3274 42288s
 1507039 1154624   12.13038   58 1544   12.17119   12.09269  0.64%  3275 42371s
 1509540 1156560   12.11308   40 2014   12.17119   12.09270  0.64%  3276 42461s
 1512156 1159353   12.14564   55 1551   12.17119   12.09270  0.64%  3277 42553s
 1515399 1161859   12.14231   73 1921   12.17119   12.09270  0.64%  3278 42647s
H1518513 1164855                      12.1711904   12.09270  0.64%  3278 42741s
H1522401 1167331                      12.1711904   12.09272  0.64%  3277 42829s
H1522673 1167327                      12.1711900   12.09272  0.64%  3277 42830s
H1522972 1167309                      12.1711884   12.09272  0.64%  3277 42830s
H1525470 1169711                      12.1711882   12.09272  0.64%  3277 42919s
H1525578 1169710                      12.1711881   12.09272  0.64%  3277 42919s
H1526788 1169709                      12.1711880   12.09272  0.64%  3278 42919s
 1528663 1172633   12.13517   63 1511   12.17119   12.09273  0.64%  3278 43011s
H1528765 1172633                      12.1711879   12.09273  0.64%  3278 43011s
H1528765 1172618                      12.1711870   12.09273  0.64%  3278 43011s
 1532076 1176006   12.14535   59 1555   12.17119   12.09273  0.64%  3277 43100s
 1536075 1179829   12.16611  106 1463   12.17119   12.09273  0.64%  3276 43181s
 1540655 1181864   12.10952   50 1940   12.17119   12.09273  0.64%  3273 43259s
 1543528 1184149   12.16527   70 1447   12.17119   12.09274  0.64%  3273 43338s
 1546583 1186988   12.16189   73 1545   12.17119   12.09275  0.64%  3273 43418s
H1546667 1186987                      12.1711870   12.09275  0.64%  3273 43418s
 1550206 1188663   12.16794   69 1556   12.17119   12.09276  0.64%  3271 43494s
H1552484 1188663                      12.1711869   12.09277  0.64%  3272 43494s
 1552544 1191485   12.11067   47 1572   12.17119   12.09277  0.64%  3272 43575s
 1555862 1195048   12.15357   59 1396   12.17119   12.09278  0.64%  3271 43664s
 1559948 1198235   12.11122   41 1890   12.17119   12.09278  0.64%  3269 43735s
 1563673 1200804   12.16714   76 1682   12.17119   12.09278  0.64%  3267 43805s
H1564585 1200801                      12.1711865   12.09278  0.64%  3266 43805s
 1566660 1203369   12.13106   78 1640   12.17119   12.09278  0.64%  3266 43875s
 1569954 1205123   12.16857   72 1384   12.17119   12.09280  0.64%  3264 43944s
 1572352 1206937   12.12219   48 1851   12.17119   12.09280  0.64%  3265 44017s
 1574811 1209141   12.16545   85 1475   12.17119   12.09281  0.64%  3265 44093s
 1577713 1211635   12.13798   66 1758   12.17119   12.09282  0.64%  3265 44174s
 1580582 1211933   12.16840   85 1770   12.17119   12.09282  0.64%  3265 44262s
 1581006 1216190   12.11507   38 2072   12.17119   12.09282  0.64%  3265 44351s
 1586178 1218297   12.15649   68 1475   12.17119   12.09282  0.64%  3261 44441s
 1589047 1220572   12.15945   69 1440   12.17119   12.09283  0.64%  3262 44545s
 1592170 1223331   12.16857   78 1454   12.17119   12.09283  0.64%  3263 44649s
 1595980 1225772   12.13648   63 2291   12.17119   12.09285  0.64%  3263 44744s
 1599258 1228183   12.12694   59 1494   12.17119   12.09286  0.64%  3263 44841s
 1602413 1230473   12.15315   72 1453   12.17119   12.09287  0.64%  3265 44937s
 1605581 1231215   12.15503   66 1484   12.17119   12.09288  0.64%  3266 45083s
 1606581 1235290   12.12171   61 1737   12.17119   12.09289  0.64%  3266 45193s
 1611380 1239193   12.14719   75 1796   12.17119   12.09289  0.64%  3264 45288s
 1616104 1241290   12.16518  559 1481   12.17119   12.09289  0.64%  3262 45378s
 1618918 1244031     cutoff   81        12.17119   12.09290  0.64%  3263 45482s
 1622515 1247000   12.13904   58 1548   12.17119   12.09291  0.64%  3264 45581s
 1626028 1250310   12.14079   65 1568   12.17119   12.09292  0.64%  3264 45675s
 1630273 1252560   12.14734   56 2031   12.17119   12.09292  0.64%  3262 45764s
 1633087 1253976     cutoff   77        12.17119   12.09292  0.64%  3263 45855s
 1635431 1256172   12.16521   82 1475   12.17119   12.09293  0.64%  3265 45952s
 1638454 1259175   12.16686   71 1469   12.17119   12.09294  0.64%  3267 46048s
 1642233 1262345   12.14419   63 2234   12.17119   12.09295  0.64%  3267 46143s
 1645973 1264745   12.12807   51 2194   12.17119   12.09295  0.64%  3266 46230s
 1649220 1266872   12.16945   92 1465   12.17119   12.09296  0.64%  3266 46326s
 1652200 1270011   12.16660   67 1491   12.17119   12.09297  0.64%  3267 46422s
 1655887 1273213   12.17014   83 1506   12.17119   12.09297  0.64%  3267 46513s
 1659838 1275801   12.13893   62 1426   12.17119   12.09297  0.64%  3266 46604s
 1663088 1278102   12.10726   42 1795   12.17119   12.09298  0.64%  3265 46690s
 1665774 1280424   12.16671   89 1580   12.17119   12.09299  0.64%  3266 46780s
 1668950 1282349   12.16239   74 1467   12.17119   12.09299  0.64%  3267 46872s
 1671561 1284601   12.17058   66 2084   12.17119   12.09300  0.64%  3268 46964s
 1674566 1286894   12.15848   73 1480   12.17119   12.09301  0.64%  3269 47058s
 1677734 1289319   12.11633   54 1464   12.17119   12.09302  0.64%  3270 47158s
 1680814 1291807   12.13796   67 1525   12.17119   12.09302  0.64%  3270 47251s
 1684177 1294204   12.09578   36 2019   12.17119   12.09303  0.64%  3270 47345s
 1687358 1296866     cutoff   75        12.17119   12.09304  0.64%  3271 47442s
 1690748 1298994   12.16323  101 1495   12.17119   12.09305  0.64%  3272 47535s
 1693606 1301224     cutoff  119        12.17119   12.09305  0.64%  3273 47632s
 1696845 1303800   12.12490   47 2211   12.17119   12.09305  0.64%  3274 47726s
 1700417 1306713   12.15641   66 1601   12.17119   12.09305  0.64%  3274 47822s
 1704024 1309562   12.13297   63 1637   12.17119   12.09306  0.64%  3273 47912s
 1707777 1311817   12.10381   42 1554   12.17119   12.09306  0.64%  3273 48001s
 1711180 1314145   12.14400   50 1566   12.17119   12.09308  0.64%  3273 48088s
 1714157 1317630   12.17070   84 1401   12.17119   12.09309  0.64%  3273 48180s
 1718396 1320334   12.16246  100 1440   12.17119   12.09309  0.64%  3272 48260s
 1721863 1322994     cutoff   62        12.17119   12.09310  0.64%  3271 48340s
 1725343 1325676   12.11787   47 1529   12.17119   12.09310  0.64%  3270 48421s
 1728815 1328260   12.16989   54 1490   12.17119   12.09311  0.64%  3269 48500s
 1731953 1330496   12.15821   84 1493   12.17119   12.09312  0.64%  3269 48578s
 1734713 1332483   12.11989   52 1441   12.17119   12.09312  0.64%  3269 48661s
 1737568 1335591   12.16896   74 1414   12.17119   12.09313  0.64%  3269 48754s
 1741238 1337661     cutoff   80        12.17119   12.09314  0.64%  3269 48833s
 1743937 1339996     cutoff   74        12.17119   12.09314  0.64%  3269 48923s
 1747104 1342338   12.16700   69 1631   12.17119   12.09314  0.64%  3270 49011s
 1750259 1344222     cutoff   60        12.17119   12.09316  0.64%  3270 49099s
 1752866 1346365   12.13905   50 2131   12.17119   12.09316  0.64%  3271 49193s
 1755774 1348742   12.14396   58 1886   12.17119   12.09317  0.64%  3272 49295s
 1758987 1351074   12.12673   59 1553   12.17119   12.09318  0.64%  3273 49391s
 1762144 1354145   12.13641   67 1491   12.17119   12.09318  0.64%  3274 49487s
 1765893 1358207 infeasible   38        12.17119   12.09319  0.64%  3273 49585s
 1770485 1361275   12.17074   72 1558   12.17119   12.09320  0.64%  3271 49674s
 1774474 1363149     cutoff   80        12.17119   12.09320  0.64%  3270 49748s
 1777016 1364939   12.11472   43 1976   12.17119   12.09321  0.64%  3271 49829s
 1779622 1366557     cutoff   79        12.17119   12.09321  0.64%  3272 49917s
 1781840 1369244   12.15894   72 1470   12.17119   12.09321  0.64%  3273 50011s
 1785162 1371811   12.14936   80 1761   12.17119   12.09322  0.64%  3273 50103s
 1788446 1373848   12.15879  156 1595   12.17119   12.09322  0.64%  3274 50195s
 1791313 1376356   12.15980  196 1538   12.17119   12.09323  0.64%  3275 50288s
 1794841 1379154   12.16009  239 1538   12.17119   12.09324  0.64%  3275 50382s
 1798291 1381687   12.16548  279 1534   12.17119   12.09325  0.64%  3276 50474s
 1801407 1384471   12.16025  320 1535   12.17119   12.09325  0.64%  3276 50564s
 1805140 1386245   12.16040  369 1480   12.17119   12.09326  0.64%  3276 50642s
 1807821 1388335   12.16049  417 1470   12.17119   12.09326  0.64%  3277 50727s
 1810661 1390845   12.16071  472 1461   12.17119   12.09327  0.64%  3277 50816s
 1813901 1393054   12.16382  551 1487   12.17119   12.09328  0.64%  3278 50903s
 1816979 1395821   12.16680   73 1545   12.17119   12.09328  0.64%  3278 50996s
 1820230 1398531   12.15174   73 1479   12.17119   12.09329  0.64%  3278 51084s
 1823733 1401373   12.10416   43 2080   12.17119   12.09329  0.64%  3278 51171s
 1827541 1404244   12.17045   72 1813   12.17119   12.09331  0.64%  3278 51256s
 1830777 1407753   12.16759   79 1431   12.17119   12.09331  0.64%  3277 51349s
 1835181 1409404   12.15601   63 1433   12.17119   12.09331  0.64%  3275 51419s
 1837401 1411187   12.13731   69 1811   12.17119   12.09332  0.64%  3276 51496s
 1839644 1413298   12.16128   95 1442   12.17119   12.09333  0.64%  3277 51580s
 1842464 1415091     cutoff  116        12.17119   12.09333  0.64%  3278 51667s
 1845252 1417773   12.14361   57 1471   12.17119   12.09334  0.64%  3279 51760s
 1848697 1421097     cutoff   78        12.17119   12.09335  0.64%  3278 51852s
 1852218 1424014   12.15238   71 1555   12.17119   12.09335  0.64%  3278 51942s
 1855858 1426254   12.13551   51 1442   12.17119   12.09335  0.64%  3278 52024s
 1859036 1428812   12.11515   47 2060   12.17119   12.09336  0.64%  3277 52111s
 1862140 1430935   12.17050  105 2033   12.17119   12.09336  0.64%  3277 52200s
 1864930 1433469   12.16654   89 1409   12.17119   12.09337  0.64%  3279 52301s
 1868388 1435970   12.15738   70 1595   12.17119   12.09338  0.64%  3279 52402s
 1871837 1438542   12.14267   63 1453   12.17119   12.09339  0.64%  3280 52500s
 1875343 1440593   12.10606   42 1621   12.17119   12.09340  0.64%  3281 52596s
 1878039 1443170   12.15347   67 1447   12.17119   12.09340  0.64%  3281 52696s
 1881453 1444148     cutoff   83        12.17119   12.09341  0.64%  3282 52844s
 1882740 1446797     cutoff   83        12.17119   12.09341  0.64%  3282 52953s
 1886379 1449038   12.14325   61 1910   12.17119   12.09342  0.64%  3283 53062s
 1889673 1452652   12.16138   73 1491   12.17119   12.09343  0.64%  3285 53167s
 1893956 1455532   12.16085  103 1618   12.17119   12.09343  0.64%  3284 53258s
 1897611 1457605   12.16142   71 1480   12.17119   12.09344  0.64%  3284 53340s
 1900441 1460991 infeasible   70        12.17119   12.09344  0.64%  3284 53425s
 1904357 1464575   12.11798   51 1569   12.17119   12.09345  0.64%  3282 53504s
 1908712 1466835     cutoff   57        12.17119   12.09345  0.64%  3280 53578s
 1911539 1469408   12.13302   55 1836   12.17119   12.09346  0.64%  3280 53653s
 1914687 1473212   12.16252   61 1576   12.17119   12.09346  0.64%  3279 53733s
 1919025 1475979   12.16647   79 1459   12.17119   12.09347  0.64%  3277 53804s
 1922804 1478080   12.12933   47 1669   12.17119   12.09347  0.64%  3275 53872s
 1925352 1480215   12.11007   44 1625   12.17119   12.09348  0.64%  3275 53960s
 1928408 1482451   12.12829   62 1572   12.17119   12.09348  0.64%  3275 54054s
 1931408 1484788   12.16636   91 1369   12.17119   12.09349  0.64%  3276 54153s
 1934707 1487428   12.13486   63 1619   12.17119   12.09350  0.64%  3277 54255s
 1938233 1489896   12.15205   64 1771   12.17119   12.09351  0.64%  3278 54352s
 1941350 1492439   12.16764   90 1634   12.17119   12.09351  0.64%  3278 54449s
 1944698 1495037   12.16766   73 1519   12.17119   12.09352  0.64%  3279 54547s
 1948003 1497883   12.14279   56 2025   12.17119   12.09353  0.64%  3280 54644s
 1951382 1500235   12.13412   63 1680   12.17119   12.09353  0.64%  3280 54740s
 1954563 1503111   12.15547  114 1347   12.17119   12.09353  0.64%  3281 54832s
 1958035 1505284   12.16107  143 1373   12.17119   12.09354  0.64%  3281 54916s
 1960730 1507367   12.16390  163 1376   12.17119   12.09354  0.64%  3281 55008s
 1964041 1508968   12.16514   46 1681   12.17119   12.09356  0.64%  3281 55097s
 1966585 1511151   12.17109   61 1643   12.17119   12.09356  0.64%  3283 55197s
 1969633 1513475   12.16416   66 1960   12.17119   12.09356  0.64%  3283 55292s
 1973014 1515411   12.13047   48 1518   12.17119   12.09358  0.64%  3284 55389s
 1975761 1517808     cutoff   64        12.17119   12.09358  0.64%  3285 55487s
 1978961 1520605   12.15533   59 2213   12.17119   12.09359  0.64%  3286 55588s
 1982390 1524069   12.15812   77 1519   12.17119   12.09359  0.64%  3285 55689s
 1986496 1526753   12.11368   48 1821   12.17119   12.09360  0.64%  3285 55775s
 1990154 1529206     cutoff   64        12.17119   12.09360  0.64%  3284 55855s
 1993680 1532049   12.15827   79 1451   12.17119   12.09361  0.64%  3284 55932s
 1997237 1533670   12.16758   85 1439   12.17119   12.09361  0.64%  3282 56011s
 1999513 1536124     cutoff   60        12.17119   12.09361  0.64%  3283 56092s
 2002575 1538523   12.14058   57 1426   12.17119   12.09362  0.64%  3283 56175s
 2005667 1540181   12.16877   79 1522   12.17119   12.09362  0.64%  3283 56256s
 2008134 1541927   12.12346   52 2232   12.17119   12.09362  0.64%  3284 56343s
 2010993 1544424     cutoff   63        12.17119   12.09362  0.64%  3286 56433s
 2014456 1546350   12.11235   43 2070   12.17119   12.09363  0.64%  3285 56520s
 2017220 1548466     cutoff   66        12.17119   12.09364  0.64%  3286 56608s
 2020261 1552547   12.11651   48 1807   12.17119   12.09364  0.64%  3287 56705s
 2025419 1554427   12.16863   85 1507   12.17119   12.09364  0.64%  3285 56778s
 2027975 1556409   12.13641   58 1512   12.17119   12.09365  0.64%  3285 56856s
 2030793 1557834     cutoff   61        12.17119   12.09365  0.64%  3285 56935s
 2033115 1559607   12.13183   64 1846   12.17119   12.09365  0.64%  3286 57019s
 2035837 1561498   12.13305   59 1539   12.17119   12.09365  0.64%  3287 57108s
 2038527 1563680     cutoff   91        12.17119   12.09367  0.64%  3288 57199s
 2041534 1565982   12.13876   51 1713   12.17119   12.09367  0.64%  3289 57291s
 2044597 1568964   12.15321   79 1456   12.17119   12.09368  0.64%  3289 57385s
 2048329 1572089   12.16286   73 1454   12.17119   12.09368  0.64%  3289 57475s
 2052125 1574031   12.14574   49 2092   12.17119   12.09369  0.64%  3288 57555s
 2054663 1576109   12.11878   53 1830   12.17119   12.09369  0.64%  3289 57639s
 2057517 1578808   12.10764   49 1640   12.17119   12.09370  0.64%  3289 57728s
 2060764 1580775   12.16125   78 1440   12.17119   12.09370  0.64%  3290 57817s
 2063156 1583849   12.13494   64 2117   12.17119   12.09371  0.64%  3289 57915s
 2066769 1586142   12.16251   81 1498   12.17119   12.09371  0.64%  3289 58011s
 2069680 1588834   12.16751   72 1650   12.17119   12.09371  0.64%  3290 58102s
 2073295 1591641   12.13758   63 1341   12.17119   12.09371  0.64%  3289 58193s
 2076582 1593698   12.16481  209 1344   12.17119   12.09372  0.64%  3290 58283s
 2079628 1596336   12.16635   80 1523   12.17119   12.09372  0.64%  3291 58373s
 2082850 1598518   12.15711   71 1354   12.17119   12.09373  0.64%  3290 58468s
 2085533 1600749     cutoff  132        12.17119   12.09373  0.64%  3292 58566s
 2088561 1603012     cutoff  170        12.17119   12.09373  0.64%  3293 58668s
 2091891 1605599   12.10471   42 1861   12.17119   12.09373  0.64%  3294 58769s
 2095550 1607828   12.13936   45 1517   12.17119   12.09375  0.64%  3295 58868s
 2098863 1609569   12.16963   54 1532   12.17119   12.09375  0.64%  3296 58964s
 2101783 1611736 infeasible   78        12.17119   12.09376  0.64%  3297 59063s
 2105004 1615665   12.11443   52 1875   12.17119   12.09376  0.64%  3298 59167s
 2109486 1618436   12.16215   67 1786   12.17119   12.09377  0.64%  3297 59257s
 2113116 1620486     cutoff   74        12.17119   12.09377  0.64%  3297 59338s
 2115949 1622485   12.16747   78 1938   12.17119   12.09377  0.64%  3297 59426s
 2118747 1624708   12.16792   80 1595   12.17119   12.09378  0.64%  3298 59517s
 2121708 1626968     cutoff   77        12.17119   12.09379  0.64%  3299 59607s
 2124635 1628658   12.14656   38 1589   12.17119   12.09379  0.64%  3300 59701s
 2127223 1630697   12.16347   65 1477   12.17119   12.09380  0.64%  3302 59802s
 2130316 1633195   12.12555   54 1559   12.17119   12.09380  0.64%  3303 59900s
 2133626 1635241   12.15898   56 1528   12.17119   12.09381  0.64%  3304 60001s
 2136682 1637442     cutoff   71        12.17119   12.09382  0.64%  3305 60101s
 2139819 1639636   12.10117   44 2039   12.17119   12.09382  0.64%  3306 60189s
 2142866 1643137   12.11417   55 1779   12.17119   12.09383  0.64%  3306 60289s
 2146865 1645171   12.16266   83 1434   12.17119   12.09383  0.64%  3306 60374s
 2149718 1646800   12.16744   76 1476   12.17119   12.09384  0.64%  3306 60505s
 2152339 1648662     cutoff   59        12.17119   12.09385  0.64%  3307 60602s
 2154994 1650878     cutoff  191        12.17119   12.09385  0.64%  3308 60698s
 2158034 1653778   12.15549   79 1543   12.17119   12.09386  0.64%  3309 60798s
 2161547 1656496   12.15694   66 1828   12.17119   12.09386  0.64%  3309 60895s
 2165052 1658285     cutoff   75        12.17119   12.09387  0.64%  3309 60989s
 2167892 1660468   12.16859   94 1413   12.17119   12.09387  0.64%  3310 61087s
 2171073 1663169     cutoff   63        12.17119   12.09388  0.64%  3311 61182s
 2174499 1666472   12.14359   67 1480   12.17119   12.09389  0.64%  3311 61270s
 2178284 1667057   12.15913   77 1436   12.17119   12.09389  0.64%  3310 61396s
 2179027 1669264   12.15950   79 1378   12.17119   12.09389  0.64%  3310 61491s
 2181827 1671867   12.16695   86 1436   12.17119   12.09389  0.64%  3311 61593s
 2185288 1674907   12.10961   49 1617   12.17119   12.09390  0.64%  3311 61690s
 2189166 1677306   12.15685   63 1451   12.17119   12.09390  0.64%  3311 61785s
 2192102 1679501   12.16402   68 1458   12.17119   12.09390  0.63%  3312 61877s
 2195129 1682810     cutoff   78        12.17119   12.09391  0.63%  3312 61969s
 2199284 1685141   12.13943   65 1426   12.17119   12.09391  0.63%  3311 62056s
 2202488 1687337   12.15769   60 1566   12.17119   12.09391  0.63%  3311 62146s
 2205528 1689979   12.14571   56 1461   12.17119   12.09392  0.63%  3312 62243s
 2208910 1692403   12.16945   63 1507   12.17119   12.09393  0.63%  3312 62338s
 2212034 1694919   12.09488   45 2278   12.17119   12.09393  0.63%  3313 62436s
 2215478 1697180     cutoff   71        12.17119   12.09394  0.63%  3313 62543s
 2218599 1699530   12.16907   82 1457   12.17119   12.09394  0.63%  3314 62640s
 2221818 1701925   12.13531   59 2189   12.17119   12.09394  0.63%  3314 62736s
 2225189 1703897   12.09898   40 2198   12.17119   12.09396  0.63%  3315 62832s
 2227809 1706415   12.16195   64 1408   12.17119   12.09396  0.63%  3315 62932s
 2231213 1708367   12.16456   62 1731   12.17119   12.09397  0.63%  3316 63036s
 2233853 1710458   12.10082   33 1543   12.17119   12.09397  0.63%  3317 63129s
 2236653 1712976   12.13733   64 1487   12.17119   12.09397  0.63%  3318 63233s
 2240157 1715202   12.16924   82 1639   12.17119   12.09398  0.63%  3319 63334s
 2243432 1718003   12.12500   38 2223   12.17119   12.09398  0.63%  3319 63437s
 2247187 1720481   12.16548   66 1428   12.17119   12.09399  0.63%  3319 63532s
 2251099 1722932   12.16539   92 1556   12.17119   12.09399  0.63%  3319 63625s
 2254252 1725419   12.14223   60 1677   12.17119   12.09400  0.63%  3319 63719s
 2257521 1728208   12.16698   80 1469   12.17119   12.09401  0.63%  3319 63811s
 2261035 1730846   12.12023   45 1530   12.17119   12.09401  0.63%  3319 63902s
 2264189 1733282   12.14832   68 1716   12.17119   12.09401  0.63%  3319 63996s
 2267134 1735856   12.16772   86 1514   12.17119   12.09401  0.63%  3319 64097s
 2270723 1739371   12.16650   76 1464   12.17119   12.09402  0.63%  3319 64191s
 2275062 1741519     cutoff   70        12.17119   12.09402  0.63%  3318 64276s
 2277946 1743988   12.15710   69 1416   12.17119   12.09403  0.63%  3318 64363s
 2281223 1745726   12.16828   56 1475   12.17119   12.09403  0.63%  3318 64451s
 2283907 1747772   12.15854   64 1465   12.17119   12.09403  0.63%  3319 64543s
 2286713 1750417   12.15714   59 1620   12.17119   12.09404  0.63%  3320 64641s
 2290292 1753150     cutoff   80        12.17119   12.09405  0.63%  3320 64733s
 2293939 1755153   12.16062   61 1904   12.17119   12.09405  0.63%  3320 64822s
 2296825 1758144     cutoff   67        12.17119   12.09406  0.63%  3320 64923s
 2300765 1760552     cutoff   71        12.17119   12.09407  0.63%  3320 65012s
 2303949 1762692   12.16650   62 1523   12.17119   12.09407  0.63%  3320 65102s
 2306826 1764613     cutoff   62        12.17119   12.09408  0.63%  3321 65195s
 2309539 1766850   12.16637   55 2043   12.17119   12.09408  0.63%  3322 65292s
 2312538 1770149   12.16046   83 1361   12.17119   12.09408  0.63%  3322 65393s
 2316563 1772812   12.10105   43 1490   12.17119   12.09409  0.63%  3322 65488s
 2319997 1774660   12.16318  110 1334   12.17119   12.09409  0.63%  3322 65582s
 2322492 1776804   12.16236  136 1378   12.17119   12.09410  0.63%  3323 65677s
 2325551 1778978   12.16518  168 1456   12.17119   12.09411  0.63%  3323 65768s
 2328573 1781123     cutoff  246        12.17119   12.09411  0.63%  3324 65866s
 2331645 1782797   12.15908   63 1505   12.17119   12.09412  0.63%  3325 65968s
 2334561 1785681   12.16606   95 1421   12.17119   12.09412  0.63%  3326 66074s
 2338235 1788085     cutoff   78        12.17119   12.09413  0.63%  3327 66176s
 2341299 1790505   12.11982   61 1964   12.17119   12.09413  0.63%  3328 66280s
 2344543 1793448     cutoff  109        12.17119   12.09414  0.63%  3329 66380s
 2348482 1795656   12.09733   36 1709   12.17119   12.09414  0.63%  3328 66478s
 2351587 1798015     cutoff   75        12.17119   12.09415  0.63%  3329 66576s
 2354949 1800301   12.11587   60 2056   12.17119   12.09415  0.63%  3329 66666s
 2357843 1802144   12.15831  113 1644   12.17119   12.09416  0.63%  3330 66769s
 2360473 1804671   12.16181  142 1626   12.17119   12.09416  0.63%  3332 66877s
 2364198 1807786   12.15252   61 1429   12.17119   12.09417  0.63%  3332 66985s
 2367975 1811633   12.16986   66 1940   12.17119   12.09417  0.63%  3332 67089s
 2372832 1813520   12.13199   60 1452   12.17119   12.09417  0.63%  3331 67180s
 2375679 1815597   12.16614   96 1318   12.17119   12.09418  0.63%  3331 67273s
 2378528 1818708   12.16799   74 1435   12.17119   12.09418  0.63%  3332 67373s
 2382274 1821866   12.16601  104 1399   12.17119   12.09419  0.63%  3332 67462s
 2386005 1824827   12.16527   82 1389   12.17119   12.09419  0.63%  3331 67552s
 2389687 1827352   12.10994   48 1509   12.17119   12.09419  0.63%  3331 67633s
 2392757 1829006   12.16797   80 1478   12.17119   12.09419  0.63%  3331 67715s
 2395410 1830934   12.15879   50 1553   12.17119   12.09420  0.63%  3331 67813s
 2398243 1833026   12.16698   78 1484   12.17119   12.09420  0.63%  3332 67903s
 2401319 1835694   12.09913   43 2060   12.17119   12.09420  0.63%  3332 67995s
 2404776 1838937   12.16856  103 1483   12.17119   12.09420  0.63%  3332 68091s
 2408636 1841836   12.16422   92 1573   12.17119   12.09421  0.63%  3331 68177s
 2412225 1842336   12.14756   57 1417   12.17119   12.09421  0.63%  3331 68319s
 2412969 1844899   12.15604   63 1397   12.17119   12.09421  0.63%  3331 68412s
 2416483 1847015   12.16736   85 1372   12.17119   12.09422  0.63%  3331 68503s
 2419500 1849520   12.14981   57 1438   12.17119   12.09422  0.63%  3331 68604s
 2422653 1851891   12.09855   41 1532   12.17119   12.09422  0.63%  3332 68704s
 2425791 1855870   12.09566   45 2097   12.17119   12.09422  0.63%  3333 68804s
 2430832 1858570   12.16956   67 1463   12.17119   12.09423  0.63%  3331 68893s
 2434133 1861385   12.17048   89 1475   12.17119   12.09424  0.63%  3331 68978s
 2437811 1864307   12.13676   59 1435   12.17119   12.09424  0.63%  3330 69064s
 2441104 1866396   12.15155   69 1407   12.17119   12.09424  0.63%  3330 69152s
 2443887 1868874   12.16816   56 1550   12.17119   12.09424  0.63%  3330 69237s
 2447099 1871411   12.16367   87 1901   12.17119   12.09424  0.63%  3330 69328s
 2450376 1873665   12.13565   57 1559   12.17119   12.09424  0.63%  3331 69419s
 2453547 1875578   12.14180   61 1455   12.17119   12.09425  0.63%  3331 69511s
 2456367 1877933     cutoff   68        12.17119   12.09426  0.63%  3332 69609s
 2459600 1880600     cutoff   65        12.17119   12.09426  0.63%  3332 69707s
 2462917 1882892   12.13422   45 1828   12.17119   12.09427  0.63%  3332 69802s
 2466006 1885503     cutoff   66        12.17119   12.09427  0.63%  3333 69902s
 2469501 1887849   12.16174  136 1811   12.17119   12.09427  0.63%  3334 69997s
 2472466 1890092   12.15843   64 1435   12.17119   12.09428  0.63%  3334 70094s
 2475723 1892713   12.16911   55 1536   12.17119   12.09428  0.63%  3335 70188s
 2479285 1895529   12.16640   70 1449   12.17119   12.09428  0.63%  3335 70278s
 2482884 1898665   12.17048   79 1395   12.17119   12.09429  0.63%  3335 70361s
 2486998 1900142   12.14307   83 1596   12.17119   12.09430  0.63%  3333 70434s
 2488992 1902118   12.11455   49 1926   12.17119   12.09430  0.63%  3334 70514s
 2491663 1904358   12.16865   86 1443   12.17119   12.09431  0.63%  3334 70597s
 2494378 1906848   12.15900   84 1422   12.17119   12.09431  0.63%  3334 70684s
 2497439 1909332   12.16288   81 1460   12.17119   12.09431  0.63%  3334 70770s
 2500641 1912070   12.16741   88 1407   12.17119   12.09431  0.63%  3334 70859s
 2504448 1913808   12.15586   76 1456   12.17119   12.09431  0.63%  3333 70944s
 2506797 1915687   12.14977   68 1492   12.17119   12.09431  0.63%  3334 71037s
 2509649 1917594   12.11964   50 1994   12.17119   12.09432  0.63%  3335 71128s
 2512865 1920199   12.15575   99 1913   12.17119   12.09433  0.63%  3335 71220s
 2516406 1922329   12.13073   58 1979   12.17119   12.09433  0.63%  3335 71308s
 2519297 1924659   12.09751   41 1955   12.17119   12.09434  0.63%  3335 71401s
 2522382 1927313   12.12936   56 1448   12.17119   12.09434  0.63%  3335 71497s
 2525762 1929643   12.15672   85 1927   12.17119   12.09435  0.63%  3335 71590s
 2528731 1931729     cutoff  117        12.17119   12.09435  0.63%  3335 71683s
 2531882 1934174   12.13248   61 1923   12.17119   12.09435  0.63%  3336 71776s
 2535252 1936580   12.12991   56 1874   12.17119   12.09436  0.63%  3336 71872s
 2538451 1939266   12.16923   67 1585   12.17119   12.09436  0.63%  3336 71966s
 2542029 1941470   12.16407   59 1472   12.17119   12.09437  0.63%  3336 72057s
 2545015 1944289     cutoff   82        12.17119   12.09437  0.63%  3337 72157s
[2026-05-28T12:36:30.875] error: *** JOB 14006899 ON x1000c5s1b0n0 CANCELLED AT 2026-05-28T12:36:30 DUE to SIGNAL Terminated ***
