2026-05-27 11:55:39 [INFO] idaes.core.surrogate.pysmo_surrogate: Decode surrogate. type=poly

===========================Polynomial Regression===============================================

The number of cross-validation cases (3) is used.
The default training/cross-validation split of 0.75 is used.
No iterations will be run.
Default parameter estimation method is used.
Parameter estimation method:  pyomo 

2026-05-27 11:55:39 [INFO] idaes.core.surrogate.pysmo_surrogate: Decode surrogate. type=poly

===========================Polynomial Regression===============================================

The number of cross-validation cases (3) is used.
The default training/cross-validation split of 0.75 is used.
No iterations will be run.
Default parameter estimation method is used.
Parameter estimation method:  pyomo 

2026-05-27 11:55:39 [INFO] idaes.core.surrogate.pysmo_surrogate: Decode surrogate. type=poly

===========================Polynomial Regression===============================================

The number of cross-validation cases (3) is used.
The default training/cross-validation split of 0.75 is used.
No iterations will be run.
Default parameter estimation method is used.
Parameter estimation method:  pyomo 

2026-05-27 11:55:39 [INFO] idaes.core.surrogate.pysmo_surrogate: Decode surrogate. type=poly

===========================Polynomial Regression===============================================

The number of cross-validation cases (3) is used.
The default training/cross-validation split of 0.75 is used.
No iterations will be run.
Default parameter estimation method is used.
Parameter estimation method:  pyomo 

2026-05-27 11:55:40 [INFO] idaes.apps.grid_integration.pricetaker.price_taker_model: Found minimum uptime/downtime data for pretreatment.uf_pumps[1] - Adding minimum uptime/downtime constraints.
2026-05-27 11:55:40 [INFO] idaes.apps.grid_integration.pricetaker.price_taker_model: Created startup/shutdown constraints for operation model  pretreatment.uf_pumps[1] at uf_pumps_1_startup_shutdown.
2026-05-27 11:55:40 [INFO] idaes.apps.grid_integration.pricetaker.price_taker_model: Found minimum uptime/downtime data for pretreatment.uf_pumps[2] - Adding minimum uptime/downtime constraints.
2026-05-27 11:55:40 [INFO] idaes.apps.grid_integration.pricetaker.price_taker_model: Created startup/shutdown constraints for operation model  pretreatment.uf_pumps[2] at uf_pumps_2_startup_shutdown.
2026-05-27 11:55:40 [INFO] idaes.apps.grid_integration.pricetaker.price_taker_model: Found minimum uptime/downtime data for pretreatment.uf_pumps[3] - Adding minimum uptime/downtime constraints.
2026-05-27 11:55:40 [INFO] idaes.apps.grid_integration.pricetaker.price_taker_model: Created startup/shutdown constraints for operation model  pretreatment.uf_pumps[3] at uf_pumps_3_startup_shutdown.
2026-05-27 11:55:40 [INFO] idaes.apps.grid_integration.pricetaker.price_taker_model: Found minimum uptime/downtime data for reverse_osmosis.ro_skid[1] - Adding minimum uptime/downtime constraints.
2026-05-27 11:55:40 [INFO] idaes.apps.grid_integration.pricetaker.price_taker_model: Created startup/shutdown constraints for operation model  reverse_osmosis.ro_skid[1] at ro_skid_1_startup_shutdown.
2026-05-27 11:55:40 [INFO] idaes.apps.grid_integration.pricetaker.price_taker_model: Found minimum uptime/downtime data for reverse_osmosis.ro_skid[2] - Adding minimum uptime/downtime constraints.
2026-05-27 11:55:40 [INFO] idaes.apps.grid_integration.pricetaker.price_taker_model: Created startup/shutdown constraints for operation model  reverse_osmosis.ro_skid[2] at ro_skid_2_startup_shutdown.
2026-05-27 11:55:40 [INFO] idaes.apps.grid_integration.pricetaker.price_taker_model: Found minimum uptime/downtime data for reverse_osmosis.ro_skid[3] - Adding minimum uptime/downtime constraints.
2026-05-27 11:55:40 [INFO] idaes.apps.grid_integration.pricetaker.price_taker_model: Created startup/shutdown constraints for operation model  reverse_osmosis.ro_skid[3] at ro_skid_3_startup_shutdown.
2026-05-27 11:55:40 [INFO] idaes.apps.grid_integration.pricetaker.price_taker_model: Found minimum uptime/downtime data for reverse_osmosis.ro_skid[4] - Adding minimum uptime/downtime constraints.
2026-05-27 11:55:40 [INFO] idaes.apps.grid_integration.pricetaker.price_taker_model: Created startup/shutdown constraints for operation model  reverse_osmosis.ro_skid[4] at ro_skid_4_startup_shutdown.
4868
Set parameter TokenServer to value "10.60.1.73"
Set parameter LogToConsole to value 1
Set parameter MIPGap to value 0.01
Gurobi Optimizer version 12.0.3 build v12.0.3rc0 (linux64 - "Red Hat Enterprise Linux 8.8 (Ootpa)")

CPU model: Intel(R) Xeon(R) Platinum 8470QL, instruction set [SSE2|AVX|AVX2|AVX512]
Thread count: 104 physical cores, 104 logical processors, using up to 32 threads

Non-default parameters:
MIPGap  0.01

Optimize a model with 16775 rows, 16971 columns and 46975 nonzeros
Model fingerprint: 0x9623e2a1
Model has 168 quadratic objective terms
Model has 3528 quadratic constraints
Variable types: 11763 continuous, 5208 integer (5208 binary)
Coefficient statistics:
  Matrix range     [5e-04, 2e+03]
  QMatrix range    [2e-07, 1e+00]
  QLMatrix range   [3e-04, 4e+01]
  Objective range  [6e-06, 5e-03]
  QObjective range [2e-04, 2e-04]
  Bounds range     [9e-01, 1e+03]
  RHS range        [5e-02, 3e+05]
  QRHS range       [3e-01, 3e-01]
Presolve removed 5224 rows and 7082 columns
Presolve time: 0.10s
Presolved: 22807 rows, 10394 columns, 58786 nonzeros
Presolved model has 336 SOS constraint(s)
Presolved model has 2856 bilinear constraint(s)

Solving non-convex MIQCP

Variable types: 6748 continuous, 3646 integer (3646 binary)
Found heuristic solution: objective 17.8954094

Root relaxation: unbounded, 0 iterations, 0.01 seconds (0.00 work units)

    Nodes    |    Current Node    |     Objective Bounds      |     Work
 Expl Unexpl |  Obj  Depth IntInf | Incumbent    BestBd   Gap | It/Node Time

     0     2  postponed    0        17.89541          -      -     -    3s
     3     8  postponed    2        17.89541          -      -  4647    5s
    15    20  postponed    4        17.89541          -      -  7592   10s
    79    80  postponed    7        17.89541          -      -  8779   16s
   181   242  postponed    9        17.89541          -      -  9958   25s
   333   657  postponed   11        17.89541          -      -  9614   34s
   992  1201  postponed   23        17.89541          -      -  4011   47s
  1810  1933 infeasible   35        17.89541          -      -  2728   70s
  2936  2866 infeasible   53        17.89541          -      -  2227  101s
H 4192  2866                      17.8954093          -      -  1971  101s
  4415  4560  postponed   79        17.89541          -      -  1942  132s
H 4970  4560                      17.8954092          -      -  1871  132s
  7011  7307 infeasible  102        17.89541          -      -  1598  161s
H 9862  7287                      17.4937697          -      -  1352  161s
 10358  9743 infeasible  116        17.49377          -      -  1312  181s
H10604  9741                      17.4700557          -      -  1321  181s
H10829  9740                      17.4435786          -      -  1318  181s
 13384 11867 infeasible  128        17.44358          -      -  1183  199s
H13588 11523                      16.4145886          -      -  1192  199s
H14256 11399                      16.1838852          -      -  1174  199s
H14970 11399                      16.1838424          -      -  1146  199s
H15323 11398                      16.1817775          -      -  1127  199s
 15875 10888   15.03878  568    0   16.18178          -      -  1108  200s
H15876 10344                      16.1717775    9.83931  39.2%  1108  217s
 15878 10345   14.12624  524 1698   16.17178   10.31705  36.2%  1108  221s
 15880 10346   13.21827  263 1335   16.17178   11.01722  31.9%  1108  229s
 15881 10347   11.06378   35 1377   16.17178   11.06378  31.6%  1108  230s
 15884 10349   11.13756  149 1234   16.17178   11.13756  31.1%  1108  237s
 15886 10350   14.97990  628 1280   16.17178   11.15872  31.0%  1108  241s
 15889 10352   13.88962  436 1403   16.17178   11.24790  30.4%  1107  245s
 15894 10356   14.03724  433 1347   16.17178   11.25564  30.4%  1107  251s
 15898 10358   14.02394  340 1372   16.17178   11.25998  30.4%  1107  256s
H15901  9842                      16.1717554   11.27242  30.3%  1107  260s
 15907  9846   13.60311  196 1394   16.17176   11.27547  30.3%  1106  265s
 15915  9852   13.91629  382 1479   16.17176   11.27795  30.3%  1106  270s
 15917  9853   14.08096  447 1493   16.17176   11.27795  30.3%  1105  289s
H15917  9359                      12.7506896   11.27795  11.6%  1105  307s
H15917  8891                      12.7256896   11.27795  11.4%  1105  307s
 15919  8895   11.29290   12 3392   12.72569   11.27795  11.4%  1114  476s
 15921  8899   11.31313   13 3355   12.72569   11.29290  11.3%  1114  495s
 15925  8905   11.33622   14 3352   12.72569   11.31313  11.1%  1116  515s
 15933  8919   11.39893   15 3389   12.72569   11.33622  10.9%  1118  537s
H15949  8499                      12.5538897   11.35455  9.55%  1125  547s
H15952  8075                      12.3930770   11.35455  8.38%  1126  547s
H15962  7670                      12.3703811   11.35455  8.21%  1129  547s
H15964  7288                      12.3698414   11.35455  8.21%  1130  547s
 15981  7315   11.53373   17 3186   12.36984   11.38739  7.94%  1135  557s
H16013  7051                      12.2919583   11.38739  7.36%  1144  569s
H16042  6696                      12.2815020   11.38739  7.28%  1146  569s
 16123  6768   11.62003   20 2659   12.28150   11.38739  7.28%  1157  581s
 16222  6828   11.68716   22 2168   12.28150   11.38739  7.28%  1163  594s
H16232  6498                      12.2809206   11.38739  7.28%  1164  594s
H16243  6183                      12.2382607   11.38739  6.95%  1165  594s
H16272  5879                      12.1812507   11.38739  6.52%  1168  594s
 16315  5949   11.73368   23 2123   12.18125   11.38739  6.52%  1171  602s
 16417  5989   11.80185   25 2019   12.18125   11.38739  6.52%  1178  612s
H16429  5704                      12.1811675   11.38739  6.52%  1181  612s
H16431  5437                      12.1786757   11.38739  6.50%  1181  612s
H16439  5181                      12.1771880   11.38739  6.49%  1182  612s
 16491  5211   11.76868   25 1895   12.17719   11.38739  6.49%  1191  623s
H16570  5005                      12.1771047   11.38739  6.49%  1205  632s
H16576  4775                      12.1340282   11.38739  6.15%  1206  632s
H16620  4544                      12.1317562   11.38899  6.12%  1211  632s
 16654  4575   11.94860   27 1383   12.13176   11.38899  6.12%  1216  640s
 16742  4591   11.97112   29 1658   12.13176   11.38899  6.12%  1229  648s
H16748  4382                      12.1317559   11.38899  6.12%  1230  648s
H16751  4185                      12.1315864   11.38899  6.12%  1230  648s
H16801  3982                      12.1273444   11.38899  6.09%  1236  648s
H16823  3798                      12.1052470   11.39465  5.87%  1238  648s
 16825  3851     cutoff   29        12.10525   11.39465  5.87%  1239  658s
 16908  3880     cutoff   31        12.10525   11.40189  5.81%  1251  668s
H16915  3709                      12.1052467   11.40189  5.81%  1250  668s
H16925  3547                      12.0937739   11.40189  5.72%  1252  668s
 16987  3584   11.98202   33 1500   12.09377   11.40189  5.72%  1263  679s
H17076  3450                      12.0900390   11.40329  5.68%  1282  687s
H17099  3298                      12.0629092   11.40329  5.47%  1285  687s
 17154  3315   11.98291   37 1419   12.06291   11.40329  5.47%  1299  698s
H17246  3221                      12.0569709   11.41834  5.30%  1316  706s
 17352  3278   11.98860   41 1302   12.05697   11.43462  5.16%  1326  718s
H17489  3191                      12.0569348   11.43462  5.16%  1340  731s
H17495  3065                      12.0569330   11.43462  5.16%  1341  731s
H17508  2944                      12.0569294   11.43462  5.16%  1342  731s
H17517  2830                      12.0519217   11.43462  5.12%  1345  731s
H17536  2717                      12.0519177   11.43462  5.12%  1348  731s
H17562  2608                      12.0419647   11.43462  5.04%  1353  731s
 17593  2678   11.99795   45 1275   12.04196   11.43462  5.04%  1359  749s
 17723  2723   12.00256   47 1193   12.04196   11.44481  4.96%  1380  756s
H17745  2621                      12.0419089   11.44481  4.96%  1385  756s
H17798  2512                      12.0053895   11.44481  4.67%  1391  756s
 17837  2534     cutoff   48        12.00539   11.44481  4.67%  1396  769s
 17977  2583     cutoff   48        12.00539   11.47147  4.45%  1414  782s
H17979  2496                      12.0053793   11.47147  4.45%  1414  782s
H17984  2412                      12.0053783   11.47147  4.45%  1414  782s
H17997  2331                      12.0052582   11.47147  4.45%  1417  782s
H18083  2228                      11.9981949   11.47159  4.39%  1430  782s
 18092  2288   11.67925   20 3029   11.99819   11.47159  4.39%  1432  793s
H18197  2269                      11.9981479   11.48250  4.30%  1458  805s
H18203  2201                      11.9980298   11.48250  4.30%  1459  805s
H18205  2136                      11.9980127   11.48250  4.30%  1460  805s
H18212  2074                      11.9980100   11.48250  4.30%  1460  805s
H18220  2014                      11.9980077   11.48250  4.30%  1461  805s
H18231  1956                      11.9829603   11.48250  4.18%  1463  805s
 18331  1956     cutoff   28        11.98296   11.48250  4.18%  1480  825s
 18460  1972   11.96137   26 2382   11.98296   11.48250  4.18%  1512  849s
H18461  1921                      11.9829226   11.48250  4.18%  1512  849s
H18463  1871                      11.9829126   11.48250  4.18%  1513  849s
H18463  1824                      11.9828906   11.48250  4.18%  1513  849s
H18532  1802                      11.9828890   11.48250  4.18%  1528  849s
H18542  1802                      11.9828865   11.48250  4.18%  1534  849s
 18596  1793     cutoff   27        11.98289   11.48250  4.18%  1544  863s
 18739  1813     cutoff   27        11.98289   11.49756  4.05%  1570  875s
H18741  1813                      11.9828855   11.49756  4.05%  1570  875s
H18749  1813                      11.9828854   11.49756  4.05%  1571  875s
H18749  1813                      11.9828847   11.49756  4.05%  1571  875s
H18787  1813                      11.9828430   11.49756  4.05%  1580  875s
 18897  1822   11.72729   22 2911   11.98284   11.49756  4.05%  1595  888s
H19055  1792                      11.9828420   11.49828  4.04%  1624  901s
H19064  1792                      11.9828419   11.49828  4.04%  1626  901s
H19081  1792                      11.9828361   11.51145  3.93%  1630  901s
H19182  1792                      11.9828345   11.51145  3.93%  1652  901s
 19203  1879   11.92989   31 2058   11.98283   11.51145  3.93%  1654  915s
 19345  1985   11.59662   20 3084   11.98283   11.52982  3.78%  1679  929s
H19350  1985                      11.9828324   11.52982  3.78%  1679  929s
H19356  1985                      11.9828323   11.52982  3.78%  1680  929s
H19375  1985                      11.9828319   11.52982  3.78%  1682  929s
H19379  1985                      11.9828311   11.52982  3.78%  1682  929s
H19402  1985                      11.9828289   11.52982  3.78%  1693  929s
 19502  2081   11.83271   24 2760   11.98283   11.52982  3.78%  1710  943s
H19662  2147                      11.9828287   11.52982  3.78%  1744  961s
H19666  2147                      11.9828279   11.52982  3.78%  1747  961s
H19673  2147                      11.9827044   11.52982  3.78%  1752  961s
 19822  2229     cutoff   31        11.98270   11.53379  3.75%  1784  976s
H20031  2337                      11.9827031   11.54770  3.63%  1819  990s
H20058  2337                      11.9827026   11.55191  3.60%  1823  990s
H20089  2337                      11.9827024   11.55191  3.60%  1835  990s
H20162  2337                      11.9827016   11.55191  3.60%  1840  990s
 20232  2418   11.95074   28 2195   11.98270   11.55191  3.60%  1852 1005s
H20368  2418                      11.9827009   11.55191  3.60%  1871 1005s
 20441  2527     cutoff   30        11.98270   11.55673  3.55%  1887 1022s
H20444  2527                      11.9827002   11.55673  3.55%  1889 1022s
H20499  2527                      11.9826995   11.55722  3.55%  1899 1022s
 20642  2606   11.71887   24 2456   11.98270   11.55957  3.53%  1925 1041s
 20827  2711   11.90259   29 1985   11.98270   11.55969  3.53%  1978 1057s
 21061  2755   11.73798   23 2009   11.98270   11.57735  3.38%  2019 1072s
H21062  2249                      11.9503876   11.57735  3.12%  2019 1072s
H21071  2082                      11.9362820   11.57735  3.01%  2019 1072s
H21099  2079                      11.9357305   11.57910  2.99%  2025 1072s
 21161  2163   11.81497   24 1687   11.93573   11.58189  2.96%  2042 1096s
H21277  2163                      11.9357303   11.58189  2.96%  2054 1096s
 21470  2206     cutoff   32        11.93573   11.58286  2.96%  2074 1115s
 21702  2277     cutoff   30        11.93573   11.58537  2.94%  2117 1141s
 21920  2356   11.92331   36 1550   11.93573   11.58744  2.92%  2170 1160s
 22160  2454   11.72016   23 2272   11.93573   11.59662  2.84%  2216 1179s
H22389  2521                      11.9349406   11.59662  2.83%  2270 1201s
H22392  2521                      11.9349024   11.59662  2.83%  2271 1201s
H22427  2521                      11.9348770   11.59662  2.83%  2273 1201s
H22486  2520                      11.9348715   11.60524  2.76%  2284 1201s
 22584  2624   11.91911   36 1331   11.93487   11.60524  2.76%  2308 1226s
H22634  2624                      11.9348651   11.60988  2.72%  2317 1226s
 22838  2751   11.71273   24 2444   11.93487   11.61135  2.71%  2359 1250s
 23114  2845   11.92709   39 1383   11.93487   11.62249  2.62%  2410 1274s
H23134  2845                      11.9348646   11.62249  2.62%  2418 1274s
H23293  2845                      11.9348618   11.62250  2.62%  2454 1274s
 23360  2904   11.93311   44 1386   11.93486   11.62383  2.61%  2467 1301s
 23613  2996     cutoff   31        11.93486   11.62498  2.60%  2530 1336s
H23614  2996                      11.9348618   11.62498  2.60%  2530 1336s
H23637  2996                      11.9348618   11.62569  2.59%  2536 1336s
H23913  2996                      11.9348617   11.62971  2.56%  2583 1336s
 23928  3064   11.81012   24 2671   11.93486   11.62971  2.56%  2586 1362s
 24164  3183     cutoff   28        11.93486   11.63105  2.55%  2622 1390s
H24218  3183                      11.9348597   11.63105  2.55%  2633 1390s
H24411  3183                      11.9348596   11.63579  2.51%  2675 1390s
 24487  3285   11.87929   30 1579   11.93486   11.63810  2.49%  2684 1419s
 24820  3377     cutoff   27        11.93486   11.64393  2.44%  2748 1455s
 25182  3450   11.89762   26 1783   11.93486   11.65255  2.37%  2821 1486s
H25191  3450                      11.9348596   11.65255  2.37%  2822 1486s
 25524  3506   11.93160   25 2040   11.93486   11.65399  2.35%  2896 1524s
 25910  3592   11.76419   25 1858   11.93486   11.65399  2.35%  2963 1557s
 26243  3654   11.92691   31 1871   11.93486   11.65399  2.35%  3041 1587s
H26274  3654                      11.9348572   11.65399  2.35%  3049 1587s
H26438  3654                      11.9348518   11.65399  2.35%  3059 1587s
 26481  3775   11.88642   26 2178   11.93485   11.65399  2.35%  3073 1624s
 26862  3919     cutoff   28        11.93485   11.66835  2.23%  3144 1662s
H27047  3919                      11.9348518   11.66861  2.23%  3169 1662s
 27254  4018     cutoff   30        11.93485   11.66939  2.22%  3211 1702s
H27263  4018                      11.9348517   11.66939  2.22%  3211 1702s
H27427  4018                      11.9348517   11.67063  2.21%  3241 1702s
 27663  4184     cutoff   26        11.93485   11.67358  2.19%  3285 1744s
 28101  4301   11.83644   27 1630   11.93485   11.67358  2.19%  3358 1791s
[2026-05-27T12:25:46.052] error: *** JOB 14003498 ON x1000c1s7b1n0 CANCELLED AT 2026-05-27T12:25:46 DUE TO TIME LIMIT ***
