2026-05-27 11:32:18 [INFO] idaes.core.surrogate.pysmo_surrogate: Decode surrogate. type=poly

===========================Polynomial Regression===============================================

The number of cross-validation cases (3) is used.
The default training/cross-validation split of 0.75 is used.
No iterations will be run.
Default parameter estimation method is used.
Parameter estimation method:  pyomo 

2026-05-27 11:32:18 [INFO] idaes.core.surrogate.pysmo_surrogate: Decode surrogate. type=poly

===========================Polynomial Regression===============================================

The number of cross-validation cases (3) is used.
The default training/cross-validation split of 0.75 is used.
No iterations will be run.
Default parameter estimation method is used.
Parameter estimation method:  pyomo 

2026-05-27 11:32:18 [INFO] idaes.core.surrogate.pysmo_surrogate: Decode surrogate. type=poly

===========================Polynomial Regression===============================================

The number of cross-validation cases (3) is used.
The default training/cross-validation split of 0.75 is used.
No iterations will be run.
Default parameter estimation method is used.
Parameter estimation method:  pyomo 

2026-05-27 11:32:18 [INFO] idaes.core.surrogate.pysmo_surrogate: Decode surrogate. type=poly

===========================Polynomial Regression===============================================

The number of cross-validation cases (3) is used.
The default training/cross-validation split of 0.75 is used.
No iterations will be run.
Default parameter estimation method is used.
Parameter estimation method:  pyomo 

2026-05-27 11:32:20 [INFO] idaes.apps.grid_integration.pricetaker.price_taker_model: Found minimum uptime/downtime data for pretreatment.uf_pumps[1] - Adding minimum uptime/downtime constraints.
2026-05-27 11:32:20 [INFO] idaes.apps.grid_integration.pricetaker.price_taker_model: Created startup/shutdown constraints for operation model  pretreatment.uf_pumps[1] at uf_pumps_1_startup_shutdown.
2026-05-27 11:32:20 [INFO] idaes.apps.grid_integration.pricetaker.price_taker_model: Found minimum uptime/downtime data for pretreatment.uf_pumps[2] - Adding minimum uptime/downtime constraints.
2026-05-27 11:32:20 [INFO] idaes.apps.grid_integration.pricetaker.price_taker_model: Created startup/shutdown constraints for operation model  pretreatment.uf_pumps[2] at uf_pumps_2_startup_shutdown.
2026-05-27 11:32:20 [INFO] idaes.apps.grid_integration.pricetaker.price_taker_model: Found minimum uptime/downtime data for pretreatment.uf_pumps[3] - Adding minimum uptime/downtime constraints.
2026-05-27 11:32:20 [INFO] idaes.apps.grid_integration.pricetaker.price_taker_model: Created startup/shutdown constraints for operation model  pretreatment.uf_pumps[3] at uf_pumps_3_startup_shutdown.
2026-05-27 11:32:20 [INFO] idaes.apps.grid_integration.pricetaker.price_taker_model: Found minimum uptime/downtime data for reverse_osmosis.ro_skid[1] - Adding minimum uptime/downtime constraints.
2026-05-27 11:32:20 [INFO] idaes.apps.grid_integration.pricetaker.price_taker_model: Created startup/shutdown constraints for operation model  reverse_osmosis.ro_skid[1] at ro_skid_1_startup_shutdown.
2026-05-27 11:32:20 [INFO] idaes.apps.grid_integration.pricetaker.price_taker_model: Found minimum uptime/downtime data for reverse_osmosis.ro_skid[2] - Adding minimum uptime/downtime constraints.
2026-05-27 11:32:20 [INFO] idaes.apps.grid_integration.pricetaker.price_taker_model: Created startup/shutdown constraints for operation model  reverse_osmosis.ro_skid[2] at ro_skid_2_startup_shutdown.
2026-05-27 11:32:20 [INFO] idaes.apps.grid_integration.pricetaker.price_taker_model: Found minimum uptime/downtime data for reverse_osmosis.ro_skid[3] - Adding minimum uptime/downtime constraints.
2026-05-27 11:32:20 [INFO] idaes.apps.grid_integration.pricetaker.price_taker_model: Created startup/shutdown constraints for operation model  reverse_osmosis.ro_skid[3] at ro_skid_3_startup_shutdown.
2026-05-27 11:32:20 [INFO] idaes.apps.grid_integration.pricetaker.price_taker_model: Found minimum uptime/downtime data for reverse_osmosis.ro_skid[4] - Adding minimum uptime/downtime constraints.
2026-05-27 11:32:20 [INFO] idaes.apps.grid_integration.pricetaker.price_taker_model: Created startup/shutdown constraints for operation model  reverse_osmosis.ro_skid[4] at ro_skid_4_startup_shutdown.
4772
Set parameter TokenServer to value "10.60.1.73"
Set parameter LogToConsole to value 1
Set parameter MIPGap to value 0.01
Gurobi Optimizer version 12.0.3 build v12.0.3rc0 (linux64 - "Red Hat Enterprise Linux 8.8 (Ootpa)")

CPU model: Intel(R) Xeon(R) Platinum 8470QL, instruction set [SSE2|AVX|AVX2|AVX512]
Thread count: 104 physical cores, 104 logical processors, using up to 32 threads

Non-default parameters:
MIPGap  0.01

Optimize a model with 16775 rows, 16875 columns and 46304 nonzeros
Model fingerprint: 0xb268e17f
Model has 168 quadratic objective terms
Model has 3528 quadratic constraints
Variable types: 11763 continuous, 5112 integer (5112 binary)
Coefficient statistics:
  Matrix range     [5e-04, 2e+03]
  QMatrix range    [2e-07, 1e+00]
  QLMatrix range   [3e-04, 4e+01]
  Objective range  [6e-06, 5e-03]
  QObjective range [2e-04, 2e-04]
  Bounds range     [9e-01, 1e+03]
  RHS range        [5e-02, 3e+05]
  QRHS range       [3e-01, 4e+01]
Presolve removed 7894 rows and 8559 columns
Presolve time: 0.11s
Presolved: 19305 rows, 8533 columns, 50507 nonzeros
Presolved model has 144 SOS constraint(s)
Presolved model has 2696 bilinear constraint(s)

Solving non-convex MIQCP

Variable types: 5920 continuous, 2613 integer (2613 binary)
Found heuristic solution: objective 21.4766657

Root relaxation: unbounded, 0 iterations, 0.01 seconds (0.00 work units)

    Nodes    |    Current Node    |     Objective Bounds      |     Work
 Expl Unexpl |  Obj  Depth IntInf | Incumbent    BestBd   Gap | It/Node Time

     0     2  postponed    0        21.47667          -      -     -    4s
     1     4  postponed    1        21.47667          -      -   0.0    5s
     7    12  postponed    3        21.47667          -      -  7612   11s
    27    32  postponed    5        21.47667          -      -  8042   17s
    47    52  postponed    6        21.47667          -      -  8291   20s
   127   161  postponed    8        21.47667          -      -  7075   25s
   220   330  postponed   10        21.47667          -      -  6908   30s
   473   514 infeasible   14        21.47667          -      -  3633   37s
   837   868  postponed   17        21.47667          -      -  4054   47s
  1557  1622  postponed   26        21.47667          -      -  2454   62s
H 2140  1622                      17.8706033          -      -  2085   62s
H 2140  1622                      17.0058593          -      -  2085   62s
H 2187  1622                      16.2534130          -      -  2057   62s
  2702  4289  postponed   36        16.25341          -      -  1740   80s
H 3035  4289                      16.1399517          -      -  1656   80s
H 3935  4289                      16.0119384          -      -  1413   80s
  5857  6983  postponed   49        16.01194          -      -  1083   94s
H 6070  6983                      15.9569093          -      -  1087   94s
H 6070  6983                      15.4660509          -      -  1087   94s
H 6070  6823                      14.0270641          -      -  1087   94s
H 6345  6819                      14.0045219          -      -  1067   94s
  8899  7443 infeasible   57        14.00452          -      -   889  106s
H 9016  7376                      13.9572811          -      -   895  106s
H 9016  7277                      13.8818871          -      -   895  106s
H 9392  7149                      13.7487866          -      -   897  106s
 10380  9534 infeasible   65        13.74879          -      -   864  136s
H10393  9514                      13.7387866          -      -   864  136s
H10516  9480                      13.7200308          -      -   864  136s
H11554  9479                      13.7163178          -      -   819  136s
H13153 12110                      13.7113178          -      -   777  148s
H13153 12022                      13.6677839          -      -   777  148s
H13282 12022                      13.6677819          -      -   773  148s
H13374 11853                      13.6006686          -      -   772  148s
 15993 11782   12.73063  116  692   13.60067   11.23904  17.4%   711  156s
H15995 11194                      13.6006001   11.76989  13.5%   711  162s
 15998 11196   13.11265   69  632   13.60060   11.79866  13.2%   711  165s
H15998 10636                      13.5989789   11.80300  13.2%   711  165s
H15999 10104                      13.5971458   11.80732  13.2%   711  166s
H15999  9599                      13.5755873   11.80769  13.0%   711  166s
H15999  9119                      13.5729104   11.80769  13.0%   711  166s
H16003  8665                      13.5705707   11.81271  13.0%   711  169s
 16005  8666   12.99143  194  536   13.57057   11.81295  13.0%   711  170s
H16007  8235                      13.5503541   11.81534  12.8%   711  171s
H16012  7826                      12.6668194   11.82107  6.68%   711  174s
H16013  7435                      12.6668194   11.82107  6.68%   710  174s
H16013  7063                      12.6537979   11.82107  6.58%   710  174s
H16013  6709                      12.5228369   11.82107  5.60%   710  174s
H16013  6373                      12.5210427   11.82107  5.59%   710  174s
H16013  6054                      12.5161420   11.82107  5.55%   710  174s
H16013  5751                      12.5037567   11.82107  5.46%   710  174s
 16015  5752   12.25026  129  579   12.50376   11.82107  5.46%   710  175s
 16017  5753   12.29815  108  597   12.50376   11.82107  5.46%   710  183s
 16018  5754   12.50376  558  597   12.50376   11.82107  5.46%   710  190s
 16019  5758   11.88157   12 2034   12.50376   11.82107  5.46%   714  283s
 16021  5761   11.95770   13 1652   12.50376   11.84403  5.28%   715  290s
 16033  5781   12.18433   15 1540   12.50376   11.92799  4.60%   716  306s
 16049  5808   12.28088   16 1462   12.50376   11.93232  4.57%   717  310s
H16071  5512                      12.4876402   11.96962  4.15%   719  310s
H16113  5346                      12.4826096   11.96962  4.11%   724  319s
H16126  5082                      12.4776935   11.96962  4.07%   726  319s
H16128  4834                      12.4775817   11.96962  4.07%   726  319s
H16140  4595                      12.4770132   11.96962  4.07%   726  319s
H16143  4371                      12.4606429   11.96962  3.94%   726  319s
 16208  4433     cutoff   19        12.46064   11.96962  3.94%   731  323s
 16302  4464   12.38521   21 1029   12.46064   11.96962  3.94%   742  327s
 16379  4508   12.38838   21 1023   12.46064   11.96962  3.94%   748  332s
 16469  4540   12.41950   23  943   12.46064   11.96979  3.94%   756  336s
H16477  4326                      12.4555470   11.96979  3.90%   756  336s
 16544  4375   12.39824   24  910   12.45555   11.96979  3.90%   759  341s
 16631  4414   12.40049   26 1056   12.45555   11.96979  3.90%   763  345s
H16636  4210                      12.4504890   11.96979  3.86%   764  345s
H16636  4019                      12.4491924   11.96979  3.85%   764  345s
H16652  3832                      12.4402341   11.96979  3.78%   765  345s
H16682  3650                      12.4237429   11.96979  3.65%   767  345s
 16785  3733   12.40133   27 1072   12.42374   11.96979  3.65%   773  351s
H16786  3569                      12.4187429   11.96979  3.62%   773  351s
H16792  3411                      12.4184360   11.97449  3.57%   774  351s
H16798  3261                      12.4108404   11.97449  3.52%   774  351s
H16803  3119                      12.3029344   11.97449  2.67%   775  351s
 16846  3093     cutoff   28        12.30293   11.97449  2.67%   778  355s
H16849  2958                      12.2979344   11.97449  2.63%   777  355s
H16958  2842                      12.2979344   11.97449  2.63%   780  359s
H16960  2721                      12.2979316   11.97449  2.63%   780  359s
H16969  2603                      12.2867770   11.97449  2.54%   780  359s
 17006  2644   12.28186   20 1458   12.28678   11.97449  2.54%   784  364s
 17085  2668   12.24902   20 1729   12.28678   11.97449  2.54%   793  369s
H17088  2559                      12.2867715   11.97449  2.54%   793  369s
H17088  2455                      12.2864436   11.97449  2.54%   793  369s
 17150  2515   12.18854   20 1741   12.28644   11.97449  2.54%   801  375s
 17250  2562     cutoff   21        12.28644   11.97449  2.54%   813  381s
H17272  2457                      12.2862777   11.97449  2.54%   812  381s
 17351  2515   12.28073   21 1660   12.28628   11.97449  2.54%   820  385s
 17455  2575     cutoff   22        12.28628   12.00566  2.28%   829  390s
H17466  2478                      12.2857642   12.00566  2.28%   829  390s
H17528  2369                      12.2856513   12.00566  2.28%   834  390s
H17565  2272                      12.2786113   12.00566  2.22%   837  390s
 17572  2348     cutoff   22        12.27861   12.00566  2.22%   837  395s
H17725  2299                      12.2769220   12.00566  2.21%   848  399s
 17810  2338   12.14942   20 1611   12.27692   12.00566  2.21%   856  403s
 17906  2415     cutoff   21        12.27692   12.00566  2.21%   871  408s
H17916  2335                      12.2769216   12.00566  2.21%   872  408s
H17919  2262                      12.2769185   12.00566  2.21%   873  408s
H17944  2186                      12.2768864   12.00566  2.21%   874  408s
H17976  2110                      12.2768495   12.00566  2.21%   875  408s
H18013  2036                      12.2768297   12.00566  2.21%   878  408s
 18041  2141   12.21990   23 1429   12.27683   12.00566  2.21%   882  416s
 18189  2254   12.22724   26 1403   12.27683   12.04668  1.87%   896  420s
H18218  2186                      12.2765925   12.04668  1.87%   896  420s
 18380  2239   12.23073   26 1360   12.27659   12.04668  1.87%   902  427s
 18549  2178   12.23004   27 1412   12.27659   12.04668  1.87%   913  434s
H18700  2072                      12.2765925   12.05492  1.81%   924  434s
 18720  2149   12.23576   29 1435   12.27659   12.05492  1.81%   924  442s
 18927  2229   12.25204   38 1326   12.27659   12.05492  1.81%   935  448s
H18953  1967                      12.2569343   12.05492  1.65%   935  448s
 19113  1957     cutoff   43        12.25693   12.06041  1.60%   948  454s
H19138  1957                      12.2569343   12.06041  1.60%   950  454s
 19337  2109   12.21412   23 1454   12.25693   12.06742  1.55%   962  461s
H19466  2109                      12.2569110   12.06742  1.55%   976  461s
 19516  2362   12.18853   20 1714   12.25691   12.06742  1.55%   981  471s
 19790  2632   12.25002   23 1713   12.25691   12.06742  1.55%   994  479s
H19896  2632                      12.2569094   12.06742  1.55%   997  479s
 20096  2809     cutoff   25        12.25691   12.07212  1.51%  1004  486s
 20317  2990     cutoff   26        12.25691   12.07212  1.51%  1020  493s
 20551  3157   12.13966   25 1402   12.25691   12.07946  1.45%  1039  499s
 20749  3384   12.20144   54 1277   12.25691   12.07946  1.45%  1060  508s
H21048  3440                      12.2552313   12.07946  1.43%  1077  515s
H21054  3439                      12.2551349   12.07946  1.43%  1078  515s
H21137  3439                      12.2551244   12.09242  1.33%  1082  515s
H21178  3439                      12.2551212   12.09242  1.33%  1088  515s
H21187  2910                      12.2374949   12.09242  1.19%  1090  524s
H21205  2265                      12.2212423   12.09242  1.05%  1090  524s
H21225  2265                      12.2211602   12.09242  1.05%  1091  524s
H21245  1834                      12.2096530   12.09242  0.96%  1097  524s
H21252  1834                      12.1889919   12.09242  0.79%  1099  524s
H21277  1834                      12.1880957   12.09242  0.79%  1103  524s

Cutting planes:
  Learned: 171
  Gomory: 26
  Cover: 763
  Implied bound: 192
  Projected implied bound: 172
  Clique: 19
  MIR: 248
  Flow cover: 515
  GUB cover: 29
  Zero half: 14
  Network: 18
  RLT: 1499
  Relax-and-lift: 344
  BQP: 12

Explored 21295 nodes (23520267 simplex iterations) in 524.29 seconds (1015.18 work units)
Thread count was 32 (of 104 available processors)

Solution count 10: 12.1881 12.189 12.2097 ... 12.2552

Optimal solution found (tolerance 1.00e-02)
Best objective 1.218809571976e+01, best bound 1.209241572610e+01, gap 0.7850%
Total operational cost: 116130.96
Maximum power (kW): 1477.27
Discharge energy capacity (kWh): 38998.79
Charge energy capacity (kWh): 49625.90
Traceback (most recent call last):
  File "/home/rchurchi/watertap_test/watertap/tutorials/flex_ro/wrd_pricetaker_short.py", line 693, in <module>
    m = main(
        ^^^^^
  File "/home/rchurchi/watertap_test/watertap/tutorials/flex_ro/wrd_pricetaker_short.py", line 642, in main
    fs.calculate_flexibility_metrics(
  File "/home/rchurchi/watertap_test/watertap/watertap/flowsheets/flex_desal/wrd_ro_flowsheet.py", line 1030, in calculate_flexibility_metrics
    - (baseline_replacement_cost - value(m.total_replacement_cost))
                                         ^^^^^^^^^^^^^^^^^^^^^^^^
  File "/home/rchurchi/.conda-envs/watertap-pricetaker/lib/python3.11/site-packages/pyomo/core/base/block.py", line 550, in __getattr__
    raise AttributeError(
AttributeError: 'PriceTakerModel' object has no attribute 'total_replacement_cost'
