2026-05-22 18:01:36 [INFO] idaes.core.surrogate.pysmo_surrogate: Decode surrogate. type=poly

===========================Polynomial Regression===============================================

The number of cross-validation cases (3) is used.
The default training/cross-validation split of 0.75 is used.
No iterations will be run.
Default parameter estimation method is used.
Parameter estimation method:  pyomo 

2026-05-22 18:01:36 [INFO] idaes.core.surrogate.pysmo_surrogate: Decode surrogate. type=poly

===========================Polynomial Regression===============================================

The number of cross-validation cases (3) is used.
The default training/cross-validation split of 0.75 is used.
No iterations will be run.
Default parameter estimation method is used.
Parameter estimation method:  pyomo 

2026-05-22 18:01:36 [INFO] idaes.core.surrogate.pysmo_surrogate: Decode surrogate. type=poly

===========================Polynomial Regression===============================================

The number of cross-validation cases (3) is used.
The default training/cross-validation split of 0.75 is used.
No iterations will be run.
Default parameter estimation method is used.
Parameter estimation method:  pyomo 

2026-05-22 18:01:36 [INFO] idaes.core.surrogate.pysmo_surrogate: Decode surrogate. type=poly

===========================Polynomial Regression===============================================

The number of cross-validation cases (3) is used.
The default training/cross-validation split of 0.75 is used.
No iterations will be run.
Default parameter estimation method is used.
Parameter estimation method:  pyomo 

2026-05-22 18:01:38 [INFO] idaes.apps.grid_integration.pricetaker.price_taker_model: Found minimum uptime/downtime data for pretreatment.uf_pumps[1] - Adding minimum uptime/downtime constraints.
2026-05-22 18:01:38 [INFO] idaes.apps.grid_integration.pricetaker.price_taker_model: Created startup/shutdown constraints for operation model  pretreatment.uf_pumps[1] at uf_pumps_1_startup_shutdown.
2026-05-22 18:01:38 [INFO] idaes.apps.grid_integration.pricetaker.price_taker_model: Found minimum uptime/downtime data for pretreatment.uf_pumps[2] - Adding minimum uptime/downtime constraints.
2026-05-22 18:01:38 [INFO] idaes.apps.grid_integration.pricetaker.price_taker_model: Created startup/shutdown constraints for operation model  pretreatment.uf_pumps[2] at uf_pumps_2_startup_shutdown.
2026-05-22 18:01:38 [INFO] idaes.apps.grid_integration.pricetaker.price_taker_model: Found minimum uptime/downtime data for pretreatment.uf_pumps[3] - Adding minimum uptime/downtime constraints.
2026-05-22 18:01:38 [INFO] idaes.apps.grid_integration.pricetaker.price_taker_model: Created startup/shutdown constraints for operation model  pretreatment.uf_pumps[3] at uf_pumps_3_startup_shutdown.
2026-05-22 18:01:38 [INFO] idaes.apps.grid_integration.pricetaker.price_taker_model: Found minimum uptime/downtime data for reverse_osmosis.ro_skid[1] - Adding minimum uptime/downtime constraints.
2026-05-22 18:01:38 [INFO] idaes.apps.grid_integration.pricetaker.price_taker_model: Created startup/shutdown constraints for operation model  reverse_osmosis.ro_skid[1] at ro_skid_1_startup_shutdown.
2026-05-22 18:01:38 [INFO] idaes.apps.grid_integration.pricetaker.price_taker_model: Found minimum uptime/downtime data for reverse_osmosis.ro_skid[2] - Adding minimum uptime/downtime constraints.
2026-05-22 18:01:38 [INFO] idaes.apps.grid_integration.pricetaker.price_taker_model: Created startup/shutdown constraints for operation model  reverse_osmosis.ro_skid[2] at ro_skid_2_startup_shutdown.
2026-05-22 18:01:38 [INFO] idaes.apps.grid_integration.pricetaker.price_taker_model: Found minimum uptime/downtime data for reverse_osmosis.ro_skid[3] - Adding minimum uptime/downtime constraints.
2026-05-22 18:01:38 [INFO] idaes.apps.grid_integration.pricetaker.price_taker_model: Created startup/shutdown constraints for operation model  reverse_osmosis.ro_skid[3] at ro_skid_3_startup_shutdown.
2026-05-22 18:01:38 [INFO] idaes.apps.grid_integration.pricetaker.price_taker_model: Found minimum uptime/downtime data for reverse_osmosis.ro_skid[4] - Adding minimum uptime/downtime constraints.
2026-05-22 18:01:38 [INFO] idaes.apps.grid_integration.pricetaker.price_taker_model: Created startup/shutdown constraints for operation model  reverse_osmosis.ro_skid[4] at ro_skid_4_startup_shutdown.
4297
Set parameter TokenServer to value "10.60.1.73"
Set parameter LogToConsole to value 1
Set parameter MIPGap to value 0.01
Gurobi Optimizer version 12.0.3 build v12.0.3rc0 (linux64 - "Red Hat Enterprise Linux 8.8 (Ootpa)")

CPU model: Intel(R) Xeon(R) Platinum 8470QL, instruction set [SSE2|AVX|AVX2|AVX512]
Thread count: 104 physical cores, 104 logical processors, using up to 32 threads

Non-default parameters:
MIPGap  0.01

Optimize a model with 17985 rows, 17647 columns and 53861 nonzeros
Model fingerprint: 0xbc67b615
Model has 168 quadratic objective terms
Model has 3528 quadratic constraints
Model has 672 general nonlinear constraints (672 nonlinear terms)
Variable types: 12440 continuous, 5207 integer (5207 binary)
Coefficient statistics:
  Matrix range     [2e-02, 2e+03]
  QMatrix range    [2e-07, 1e+00]
  QLMatrix range   [1e-04, 2e+00]
  Objective range  [7e-06, 1e-04]
  QObjective range [2e-04, 2e-04]
  Bounds range     [9e-01, 1e+03]
  RHS range        [1e+00, 3e+05]
  QRHS range       [3e-01, 1e+00]
Presolve model has 672 nlconstr
Added 2688 variables to disaggregate expressions.
Presolve removed 6770 rows and 7394 columns
Presolve time: 0.17s
Presolved: 37927 rows, 15462 columns, 97506 nonzeros
Presolved model has 336 SOS constraint(s)
Presolved model has 4872 bilinear constraint(s)
Presolved model has 672 nonlinear constraint(s)

Solving non-convex MINLP

Variable types: 12134 continuous, 3328 integer (3328 binary)

Root simplex log...

Iteration    Objective       Primal Inf.    Dual Inf.      Time
   40776    7.8918426e+00   0.000000e+00   2.776855e+00      5s
   50012    7.6962341e+00   0.000000e+00   1.466543e+01     10s
   52900    7.6746422e+00   0.000000e+00   0.000000e+00     12s

Root relaxation: objective 7.674642e+00, 52900 iterations, 11.48 seconds (21.19 work units)
Total elapsed time = 11.83s (DegenMoves)

    Nodes    |    Current Node    |     Objective Bounds      |     Work
 Expl Unexpl |  Obj  Depth IntInf | Incumbent    BestBd   Gap | It/Node Time

     0     0    7.67464    0 7650          -    7.67464      -     -   12s
H    0     0                      11.6975827    7.67464  34.4%     -   13s
     0     0    8.57473    0 7223   11.69758    8.57473  26.7%     -   46s
     0     0    8.57473    0 7223   11.69758    8.57473  26.7%     -   46s
     0     0    9.38762    0 6706   11.69758    9.38762  19.7%     -   62s
     0     0    9.38762    0 6706   11.69758    9.38762  19.7%     -   62s
     0     0    9.55187    0 6862   11.69758    9.55187  18.3%     -   82s
H    0     0                      11.6975825    9.55187  18.3%     -   82s
     0     0    9.81067    0 6602   11.69758    9.81067  16.1%     -  124s
     0     0    9.81069    0 6816   11.69758    9.81069  16.1%     -  154s
     0     0    9.81069    0 6746   11.69758    9.81069  16.1%     -  175s
     0     0    9.81069    0 6777   11.69758    9.81069  16.1%     -  199s
     0     0    9.81069    0 6773   11.69758    9.81069  16.1%     -  224s
     0     0    9.81069    0 6378   11.69758    9.81069  16.1%     -  254s
     0     0    9.81069    0 6805   11.69758    9.81069  16.1%     -  283s
     0     0    9.81069    0 6430   11.69758    9.81069  16.1%     -  317s
     0     0    9.81338    0 5873   11.69758    9.81338  16.1%     -  334s
     0     2    9.81338    0 5873   11.69758    9.81338  16.1%     -  338s
     1     3    9.82131    1 5841   11.69758    9.82131  16.0%  1140  344s
     2     4    9.82382    2 5809   11.69758    9.82187  16.0%   602  352s
     3     7    9.82541    3 6010   11.69758    9.82187  16.0% 11014  361s
     6     9    9.98490    2 6308   11.69758    9.82382  16.0% 22890  392s
     8    12   10.01504    3 6294   11.69758    9.82541  16.0% 29412  428s
    11    24   10.16628    4 6390   11.69758    9.82541  16.0% 36900  468s
H   19    24                      11.1010049    9.84072  11.4% 38927  468s
    23    33   10.23664    5 6124   11.10100    9.84072  11.4% 46000  532s
    32    65   10.23674    6 6110   11.10100    9.84072  11.4% 46670  643s
H   41    65                      11.0988870    9.84072  11.3% 47546  643s
H   44    65                      11.0928008    9.84072  11.3% 44318  643s
H   48    65                      11.0777935    9.84072  11.2% 46482  643s
H   50    65                      11.0758316    9.84072  11.2% 48645  643s
H   52    65                      10.9913755    9.84072  10.5% 50445  643s
    64    97   10.44901    7 4844   10.99138    9.84072  10.5% 56966  693s
    96   202   10.44916    8 4839   10.99138    9.84072  10.5% 55840  741s
H  132   202                      10.9898510    9.84072  10.5% 47976  741s
   207   259   10.59176   12 3697   10.98985    9.84072  10.5% 39549  770s
H  270   309                      10.9818798    9.84072  10.4% 36463  798s
   343   357   10.78029   18 2814   10.98188    9.84072  10.4% 33839  823s
H  421   408                      10.9578193    9.84072  10.2% 31441  851s
H  428   408                      10.9501834    9.84072  10.1% 31356  851s
H  459   408                      10.9391782    9.84072  10.0% 30647  851s
H  481   408                      10.9188341    9.84072  9.87% 30099  851s
   499   424     cutoff   25        10.91883    9.84072  9.87% 29518  872s
   564   442   10.83905   15 2486   10.91883    9.84072  9.87% 28345  903s
   614   495   10.72061   34 2388   10.91883    9.84072  9.87% 27672  927s
   694   534   10.74685   36 2387   10.91883    9.84072  9.87% 26522  952s
H  699   534                      10.9188341    9.84072  9.87% 26366  952s
H  703   534                      10.8977554    9.84072  9.70% 26393  952s
   790   546   10.74695   37 2474   10.89776    9.84072  9.70% 25242  976s
   864   586     cutoff   38        10.89776    9.84072  9.70% 24323  996s
H  923   586                      10.8963883    9.84072  9.69% 23347  996s
   958   684   10.84126   27 2340   10.89639    9.84072  9.69% 23225 1019s
  1092   808   10.84224   28 2139   10.89639    9.84072  9.69% 21789 1039s
H 1179   808                      10.8918462    9.84072  9.65% 21009 1039s
  1254   965     cutoff   32        10.89185    9.84072  9.65% 20350 1058s
  1448  1177   10.88138   32 2130   10.89185    9.84072  9.65% 18892 1078s
H 1452  1177                      10.8887668    9.84072  9.62% 18864 1078s
H 1479  1177                      10.8874397    9.84072  9.61% 18605 1078s
H 1506  1177                      10.8856810    9.84072  9.60% 18378 1078s
H 1525  1177                      10.8856658    9.84072  9.60% 18246 1078s
H 1571  1177                      10.8649033    9.84072  9.43% 17964 1078s
  1700  1387   10.83008   71 1325   10.86490    9.84072  9.43% 17042 1094s
  1968  1662   10.84324   76 1390   10.86490    9.84072  9.43% 15569 1112s
H 2007  1662                      10.8632037    9.84072  9.41% 15309 1112s
  2287  2058   10.84579   88 1447   10.86320    9.84072  9.41% 13972 1123s
H 2375  2058                      10.8462091    9.84072  9.27% 13559 1123s
H 2398  2058                      10.8169443    9.84072  9.02% 13457 1123s
H 2573  2058                      10.8104099    9.84072  8.97% 12718 1123s
  2695  1633     cutoff  101        10.81041    9.84072  8.97% 12267 1141s
[2026-05-22T18:21:02.941] error: *** JOB 13959536 ON x1005c0s1b0n0 CANCELLED AT 2026-05-22T18:21:02 DUE to SIGNAL Terminated ***
