2026-05-22 18:43:52 [INFO] idaes.core.surrogate.pysmo_surrogate: Decode surrogate. type=poly

===========================Polynomial Regression===============================================

The number of cross-validation cases (3) is used.
The default training/cross-validation split of 0.75 is used.
No iterations will be run.
Default parameter estimation method is used.
Parameter estimation method:  pyomo 

2026-05-22 18:43:52 [INFO] idaes.core.surrogate.pysmo_surrogate: Decode surrogate. type=poly

===========================Polynomial Regression===============================================

The number of cross-validation cases (3) is used.
The default training/cross-validation split of 0.75 is used.
No iterations will be run.
Default parameter estimation method is used.
Parameter estimation method:  pyomo 

2026-05-22 18:43:52 [INFO] idaes.core.surrogate.pysmo_surrogate: Decode surrogate. type=poly

===========================Polynomial Regression===============================================

The number of cross-validation cases (3) is used.
The default training/cross-validation split of 0.75 is used.
No iterations will be run.
Default parameter estimation method is used.
Parameter estimation method:  pyomo 

2026-05-22 18:43:52 [INFO] idaes.core.surrogate.pysmo_surrogate: Decode surrogate. type=poly

===========================Polynomial Regression===============================================

The number of cross-validation cases (3) is used.
The default training/cross-validation split of 0.75 is used.
No iterations will be run.
Default parameter estimation method is used.
Parameter estimation method:  pyomo 

2026-05-22 18:43:53 [INFO] idaes.apps.grid_integration.pricetaker.price_taker_model: Found minimum uptime/downtime data for pretreatment.uf_pumps[1] - Adding minimum uptime/downtime constraints.
2026-05-22 18:43:53 [INFO] idaes.apps.grid_integration.pricetaker.price_taker_model: Created startup/shutdown constraints for operation model  pretreatment.uf_pumps[1] at uf_pumps_1_startup_shutdown.
2026-05-22 18:43:53 [INFO] idaes.apps.grid_integration.pricetaker.price_taker_model: Found minimum uptime/downtime data for pretreatment.uf_pumps[2] - Adding minimum uptime/downtime constraints.
2026-05-22 18:43:53 [INFO] idaes.apps.grid_integration.pricetaker.price_taker_model: Created startup/shutdown constraints for operation model  pretreatment.uf_pumps[2] at uf_pumps_2_startup_shutdown.
2026-05-22 18:43:53 [INFO] idaes.apps.grid_integration.pricetaker.price_taker_model: Found minimum uptime/downtime data for pretreatment.uf_pumps[3] - Adding minimum uptime/downtime constraints.
2026-05-22 18:43:53 [INFO] idaes.apps.grid_integration.pricetaker.price_taker_model: Created startup/shutdown constraints for operation model  pretreatment.uf_pumps[3] at uf_pumps_3_startup_shutdown.
2026-05-22 18:43:53 [INFO] idaes.apps.grid_integration.pricetaker.price_taker_model: Found minimum uptime/downtime data for reverse_osmosis.ro_skid[1] - Adding minimum uptime/downtime constraints.
2026-05-22 18:43:54 [INFO] idaes.apps.grid_integration.pricetaker.price_taker_model: Created startup/shutdown constraints for operation model  reverse_osmosis.ro_skid[1] at ro_skid_1_startup_shutdown.
2026-05-22 18:43:54 [INFO] idaes.apps.grid_integration.pricetaker.price_taker_model: Found minimum uptime/downtime data for reverse_osmosis.ro_skid[2] - Adding minimum uptime/downtime constraints.
2026-05-22 18:43:54 [INFO] idaes.apps.grid_integration.pricetaker.price_taker_model: Created startup/shutdown constraints for operation model  reverse_osmosis.ro_skid[2] at ro_skid_2_startup_shutdown.
2026-05-22 18:43:54 [INFO] idaes.apps.grid_integration.pricetaker.price_taker_model: Found minimum uptime/downtime data for reverse_osmosis.ro_skid[3] - Adding minimum uptime/downtime constraints.
2026-05-22 18:43:54 [INFO] idaes.apps.grid_integration.pricetaker.price_taker_model: Created startup/shutdown constraints for operation model  reverse_osmosis.ro_skid[3] at ro_skid_3_startup_shutdown.
2026-05-22 18:43:54 [INFO] idaes.apps.grid_integration.pricetaker.price_taker_model: Found minimum uptime/downtime data for reverse_osmosis.ro_skid[4] - Adding minimum uptime/downtime constraints.
2026-05-22 18:43:54 [INFO] idaes.apps.grid_integration.pricetaker.price_taker_model: Created startup/shutdown constraints for operation model  reverse_osmosis.ro_skid[4] at ro_skid_4_startup_shutdown.
4296
Set parameter TokenServer to value "10.60.1.73"
Set parameter LogToConsole to value 1
Set parameter MIPGap to value 0.01
Set parameter MIPFocus to value 3
Gurobi Optimizer version 12.0.3 build v12.0.3rc0 (linux64 - "Red Hat Enterprise Linux 8.8 (Ootpa)")

CPU model: Intel(R) Xeon(R) Platinum 8470QL, instruction set [SSE2|AVX|AVX2|AVX512]
Thread count: 104 physical cores, 104 logical processors, using up to 32 threads

Non-default parameters:
MIPGap  0.01
MIPFocus  3

Optimize a model with 17358 rows, 17643 columns and 46327 nonzeros
Model fingerprint: 0xc2376d45
Model has 168 quadratic objective terms
Model has 3528 quadratic constraints
Model has 672 general nonlinear constraints (672 nonlinear terms)
Variable types: 12440 continuous, 5203 integer (5203 binary)
Coefficient statistics:
  Matrix range     [2e-02, 2e+03]
  QMatrix range    [2e-07, 1e+00]
  QLMatrix range   [1e-04, 2e+00]
  Objective range  [7e-06, 1e-04]
  QObjective range [2e-04, 2e-04]
  Bounds range     [9e-01, 1e+03]
  RHS range        [1e+00, 3e+05]
  QRHS range       [3e-01, 1e+00]
Presolve model has 672 nlconstr
Added 2688 variables to disaggregate expressions.
Presolve removed 8102 rows and 8058 columns
Presolve time: 0.15s
Presolved: 35968 rows, 14794 columns, 85010 nonzeros
Presolved model has 336 SOS constraint(s)
Presolved model has 4872 bilinear constraint(s)
Presolved model has 672 nonlinear constraint(s)

Solving non-convex MINLP

Variable types: 12134 continuous, 2660 integer (2660 binary)
Found heuristic solution: objective 10.6947980
Root relaxation presolve removed 7740 rows and 1687 columns
Root relaxation presolved: 26710 rows, 11088 columns, 66489 nonzeros


Root relaxation: objective 6.802871e+00, 23746 iterations, 3.81 seconds (6.93 work units)
Total elapsed time = 5.14s (DegenMoves)

    Nodes    |    Current Node    |     Objective Bounds      |     Work
 Expl Unexpl |  Obj  Depth IntInf | Incumbent    BestBd   Gap | It/Node Time

     0     0    6.82835    0 7065   10.69480    6.82835  36.2%     -    6s
     0     0    7.56112    0 7122   10.69480    7.56112  29.3%     -    9s
     0     0    8.85759    0 5559   10.69480    8.85759  17.2%     -   13s
     0     0    8.85762    0 5559   10.69480    8.85762  17.2%     -   13s
     0     0    9.40587    0 5870   10.69480    9.40587  12.1%     -   16s
     0     0    9.74075    0 5470   10.69480    9.74075  8.92%     -   23s
     0     0    9.74075    0 5470   10.69480    9.74075  8.92%     -   23s
     0     0    9.90075    0 5487   10.69480    9.90075  7.42%     -   31s
     0     0   10.01688    0 4901   10.69480   10.01688  6.34%     -   37s
     0     0   10.01688    0 5535   10.69480   10.01688  6.34%     -   42s
     0     0   10.01688    0 5046   10.69480   10.01688  6.34%     -   48s
     0     0   10.01688    0 5443   10.69480   10.01688  6.34%     -   53s
     0     0   10.01688    0 5339   10.69480   10.01688  6.34%     -   59s
     0     0   10.01688    0 5082   10.69480   10.01688  6.34%     -   63s
     0     0   10.01688    0 6504   10.69480   10.01688  6.34%     -   78s
     0     0   10.01688    0 5767   10.69480   10.01688  6.34%     -   87s
     0     0   10.01688    0 5443   10.69480   10.01688  6.34%     -   92s
     0     0   10.01688    0 4803   10.69480   10.01688  6.34%     -  101s
     0     0   10.01688    0 5246   10.69480   10.01688  6.34%     -  110s
     0     0   10.01688    0 5158   10.69480   10.01688  6.34%     -  121s
     0     0   10.01688    0 5257   10.69480   10.01688  6.34%     -  126s
     0     0   10.01688    0 5361   10.69480   10.01688  6.34%     -  142s
     0     0   10.01688    0 5355   10.69480   10.01688  6.34%     -  145s
     0     2   10.01688    0 5351   10.69480   10.01688  6.34%     -  149s
     1     5   10.01688    1 5207   10.69480   10.01688  6.34%  6321  153s
     3     8   10.01688    2 5359   10.69480   10.01688  6.34% 18566  159s
     7    16   10.19122    3 4931   10.69480   10.01688  6.34% 21137  168s
    15    30   10.14905    4 5522   10.69480   10.01688  6.34% 22394  179s
    29    56   10.02454    4 5955   10.69480   10.02454  6.27% 24281  192s
    55    64   10.28898    6 5545   10.69480   10.02454  6.27% 20205  207s
    63    91   10.11473    5 5677   10.69480   10.02454  6.27% 21938  223s
    90   122   10.28507    6 5063   10.69480   10.06586  5.88% 25687  246s
   121   223   10.06586    7 5797   10.69480   10.06586  5.88% 25938  263s
   222   224   10.14563    8 5455   10.69480   10.06586  5.88% 18453  281s
   223   231   10.27185   11 5118   10.69480   10.06586  5.88% 18516  295s
   230   295   10.31918    9 5108   10.69480   10.11473  5.42% 18900  309s
   294   297   10.43427   11 5450   10.69480   10.11473  5.42% 16690  324s
   296   300   10.35103   10 5245   10.69480   10.11473  5.42% 16801  340s
   299   307   10.30058   10 5136   10.69480   10.11473  5.42% 16944  356s
   306   370   10.29148    7 5350   10.69480   10.11473  5.42% 17245  371s
   369   376   10.33639   13 5349   10.69480   10.11575  5.41% 15748  389s
   375   423   10.24547   12 5281   10.69480   10.11587  5.41% 15764  414s
   422   433   10.20730   12 5652   10.69480   10.13845  5.20% 14897  429s
   432   436   10.29229   14 4834   10.69480   10.13845  5.20% 14978  445s
   435   439   10.44911   13 4856   10.69480   10.13845  5.20% 15091  461s
   438   511   10.20512   14 5629   10.69480   10.13845  5.20% 15141  477s
   510   543   10.15131   15 5608   10.69480   10.15131  5.08% 13975  493s
   542   547   10.34241   16 5036   10.69480   10.17467  4.86% 14008  515s
   546   551   10.32457   20 4378   10.69480   10.17467  4.86% 14140  530s
   550   644   10.19199   17 5360   10.69480   10.19199  4.70% 14225  547s
   643   681   10.20002   18 5430   10.69480   10.19335  4.69% 13172  561s
   680   737   10.21374   19 5321   10.69480   10.21374  4.50% 13218  577s
   736   765   10.24262   20 5213   10.69480   10.22886  4.36% 12883  593s
   764   768   10.37711   20 4291   10.69480   10.22886  4.36% 12817  608s
   767   831   10.37369   24 4645   10.69480   10.22886  4.36% 12852  623s
   830   860   10.22886   25 5360   10.69480   10.22886  4.36% 12659  638s
   859   874   10.48832   27 4484   10.69480   10.22886  4.36% 12824  655s
   873   877   10.42036   28 4517   10.69480   10.22886  4.36% 12865  676s
   876   882   10.46358   27 4634   10.69480   10.22886  4.36% 12927  692s
   881   969   10.31001   26 4838   10.69480   10.22886  4.36% 13015  709s
   942   969   10.35805   26 4626   10.69480   10.22886  4.36% 12773  710s
   968  1054   10.41864   26 4848   10.69480   10.22886  4.36% 12694  732s
  1053  1123   10.27939   27 4995   10.69480   10.22886  4.36% 12729  772s
  1122  1275   10.34653   33 3491   10.69480   10.22886  4.36% 13531  808s
  1274  1461   10.22886   36 5051   10.69480   10.22886  4.36% 13394  853s
  1460  1664   10.22886   40 5081   10.69480   10.22886  4.36% 13790  896s
  1663  1845   10.37697   29 4488   10.69480   10.22886  4.36% 13770  939s
  1844  2242   10.36290   39 5108   10.69480   10.22886  4.36% 13691  990s
  2241  2629   10.22886   33 5331   10.69480   10.22886  4.36% 13011 1041s
  2628  2873   10.27075   41 4532   10.69480   10.22886  4.36% 12746 1089s
  2872  3083   10.33964   41 4314   10.69480   10.22886  4.36% 12741 1132s
[2026-05-22T19:13:55.098] error: *** JOB 13959811 ON x1001c0s2b1n0 CANCELLED AT 2026-05-22T19:13:55 DUE TO TIME LIMIT ***
