2026-05-22 18:22:57 [INFO] idaes.core.surrogate.pysmo_surrogate: Decode surrogate. type=poly

===========================Polynomial Regression===============================================

The number of cross-validation cases (3) is used.
The default training/cross-validation split of 0.75 is used.
No iterations will be run.
Default parameter estimation method is used.
Parameter estimation method:  pyomo 

2026-05-22 18:22:57 [INFO] idaes.core.surrogate.pysmo_surrogate: Decode surrogate. type=poly

===========================Polynomial Regression===============================================

The number of cross-validation cases (3) is used.
The default training/cross-validation split of 0.75 is used.
No iterations will be run.
Default parameter estimation method is used.
Parameter estimation method:  pyomo 

2026-05-22 18:22:57 [INFO] idaes.core.surrogate.pysmo_surrogate: Decode surrogate. type=poly

===========================Polynomial Regression===============================================

The number of cross-validation cases (3) is used.
The default training/cross-validation split of 0.75 is used.
No iterations will be run.
Default parameter estimation method is used.
Parameter estimation method:  pyomo 

2026-05-22 18:22:57 [INFO] idaes.core.surrogate.pysmo_surrogate: Decode surrogate. type=poly

===========================Polynomial Regression===============================================

The number of cross-validation cases (3) is used.
The default training/cross-validation split of 0.75 is used.
No iterations will be run.
Default parameter estimation method is used.
Parameter estimation method:  pyomo 

2026-05-22 18:22:58 [INFO] idaes.apps.grid_integration.pricetaker.price_taker_model: Found minimum uptime/downtime data for pretreatment.uf_pumps[1] - Adding minimum uptime/downtime constraints.
2026-05-22 18:22:58 [INFO] idaes.apps.grid_integration.pricetaker.price_taker_model: Created startup/shutdown constraints for operation model  pretreatment.uf_pumps[1] at uf_pumps_1_startup_shutdown.
2026-05-22 18:22:58 [INFO] idaes.apps.grid_integration.pricetaker.price_taker_model: Found minimum uptime/downtime data for pretreatment.uf_pumps[2] - Adding minimum uptime/downtime constraints.
2026-05-22 18:22:58 [INFO] idaes.apps.grid_integration.pricetaker.price_taker_model: Created startup/shutdown constraints for operation model  pretreatment.uf_pumps[2] at uf_pumps_2_startup_shutdown.
2026-05-22 18:22:58 [INFO] idaes.apps.grid_integration.pricetaker.price_taker_model: Found minimum uptime/downtime data for pretreatment.uf_pumps[3] - Adding minimum uptime/downtime constraints.
2026-05-22 18:22:58 [INFO] idaes.apps.grid_integration.pricetaker.price_taker_model: Created startup/shutdown constraints for operation model  pretreatment.uf_pumps[3] at uf_pumps_3_startup_shutdown.
2026-05-22 18:22:58 [INFO] idaes.apps.grid_integration.pricetaker.price_taker_model: Found minimum uptime/downtime data for reverse_osmosis.ro_skid[1] - Adding minimum uptime/downtime constraints.
2026-05-22 18:22:58 [INFO] idaes.apps.grid_integration.pricetaker.price_taker_model: Created startup/shutdown constraints for operation model  reverse_osmosis.ro_skid[1] at ro_skid_1_startup_shutdown.
2026-05-22 18:22:58 [INFO] idaes.apps.grid_integration.pricetaker.price_taker_model: Found minimum uptime/downtime data for reverse_osmosis.ro_skid[2] - Adding minimum uptime/downtime constraints.
2026-05-22 18:22:58 [INFO] idaes.apps.grid_integration.pricetaker.price_taker_model: Created startup/shutdown constraints for operation model  reverse_osmosis.ro_skid[2] at ro_skid_2_startup_shutdown.
2026-05-22 18:22:58 [INFO] idaes.apps.grid_integration.pricetaker.price_taker_model: Found minimum uptime/downtime data for reverse_osmosis.ro_skid[3] - Adding minimum uptime/downtime constraints.
2026-05-22 18:22:58 [INFO] idaes.apps.grid_integration.pricetaker.price_taker_model: Created startup/shutdown constraints for operation model  reverse_osmosis.ro_skid[3] at ro_skid_3_startup_shutdown.
2026-05-22 18:22:58 [INFO] idaes.apps.grid_integration.pricetaker.price_taker_model: Found minimum uptime/downtime data for reverse_osmosis.ro_skid[4] - Adding minimum uptime/downtime constraints.
2026-05-22 18:22:58 [INFO] idaes.apps.grid_integration.pricetaker.price_taker_model: Created startup/shutdown constraints for operation model  reverse_osmosis.ro_skid[4] at ro_skid_4_startup_shutdown.
4296
Set parameter TokenServer to value "10.60.1.73"
Set parameter LogToConsole to value 1
Set parameter MIPGap to value 0.01
Gurobi Optimizer version 12.0.3 build v12.0.3rc0 (linux64 - "Red Hat Enterprise Linux 8.8 (Ootpa)")

CPU model: Intel(R) Xeon(R) Platinum 8470QL, instruction set [SSE2|AVX|AVX2|AVX512]
Thread count: 104 physical cores, 104 logical processors, using up to 32 threads

Non-default parameters:
MIPGap  0.01

Optimize a model with 17358 rows, 17643 columns and 46327 nonzeros
Model fingerprint: 0xc2376d45
Model has 168 quadratic objective terms
Model has 3528 quadratic constraints
Model has 672 general nonlinear constraints (672 nonlinear terms)
Variable types: 12440 continuous, 5203 integer (5203 binary)
Coefficient statistics:
  Matrix range     [2e-02, 2e+03]
  QMatrix range    [2e-07, 1e+00]
  QLMatrix range   [1e-04, 2e+00]
  Objective range  [7e-06, 1e-04]
  QObjective range [2e-04, 2e-04]
  Bounds range     [9e-01, 1e+03]
  RHS range        [1e+00, 3e+05]
  QRHS range       [3e-01, 1e+00]
Presolve model has 672 nlconstr
Added 2688 variables to disaggregate expressions.
Presolve removed 8102 rows and 8058 columns
Presolve time: 0.14s
Presolved: 35968 rows, 14794 columns, 85010 nonzeros
Presolved model has 336 SOS constraint(s)
Presolved model has 4872 bilinear constraint(s)
Presolved model has 672 nonlinear constraint(s)

Solving non-convex MINLP

Variable types: 12134 continuous, 2660 integer (2660 binary)
Found heuristic solution: objective 10.6947980

Root relaxation: objective 7.113833e+00, 36530 iterations, 2.61 seconds (4.55 work units)

    Nodes    |    Current Node    |     Objective Bounds      |     Work
 Expl Unexpl |  Obj  Depth IntInf | Incumbent    BestBd   Gap | It/Node Time

     0     0    7.11383    0 7036   10.69480    7.11383  33.5%     -    3s
     0     0    8.25627    0 6232   10.69480    8.25627  22.8%     -    7s
     0     0    9.26120    0 5404   10.69480    9.26120  13.4%     -    9s
     0     0    9.26120    0 5404   10.69480    9.26120  13.4%     -    9s
     0     0    9.74739    0 5531   10.69480    9.74739  8.86%     -   13s
     0     0    9.74739    0 5752   10.69480    9.74739  8.86%     -   16s
     0     0    9.74739    0 5757   10.69480    9.74739  8.86%     -   16s
     0     0    9.92266    0 5358   10.69480    9.92266  7.22%     -   21s
     0     0    9.98700    0 5146   10.69480    9.98700  6.62%     -   24s
     0     0    9.98700    0 4994   10.69480    9.98700  6.62%     -   30s
     0     0   10.08445    0 4506   10.69480   10.08445  5.71%     -   33s
     0     0   10.08445    0 5174   10.69480   10.08445  5.71%     -   38s
     0     0   10.16891    0 4552   10.69480   10.16891  4.92%     -   41s
     0     0   10.16891    0 5050   10.69480   10.16891  4.92%     -   45s
     0     0   10.16891    0 5525   10.69480   10.16891  4.92%     -   48s
     0     0   10.16891    0 5680   10.69480   10.16891  4.92%     -   53s
     0     0   10.16891    0 5148   10.69480   10.16891  4.92%     -   56s
     0     0   10.16891    0 5096   10.69480   10.16891  4.92%     -   61s
     0     0   10.16891    0 5656   10.69480   10.16891  4.92%     -   66s
     0     2   10.16891    0 5637   10.69480   10.16891  4.92%     -   69s
     1     4   10.16891    1 5648   10.69480   10.16891  4.92%   508   71s
     7    16   10.16891    3 5635   10.69480   10.16891  4.92%  7005   76s
    15    32   10.16891    4 5530   10.69480   10.16891  4.92%  9835   81s
    31    63   10.16891    5 5742   10.69480   10.16891  4.92% 14709   89s
    62    95   10.16891    6 6151   10.69480   10.16891  4.92% 17397  101s
    94   192   10.16891    7 6140   10.69480   10.16891  4.92% 16866  110s
   193   242   10.16891    9 6125   10.69480   10.16891  4.92% 12536  118s
   245   279   10.16891   11 5328   10.69480   10.16891  4.92% 12679  126s
   293   323   10.16891   11 5676   10.69480   10.16891  4.92% 13229  134s
   343   378   10.16992   12 5119   10.69480   10.16891  4.92% 13658  144s
   406   406   10.16891   12 5874   10.69480   10.16891  4.92% 13003  154s
   450   440   10.33058   13 4044   10.69480   10.16891  4.92% 13380  163s
   493   475   10.16891   13 5959   10.69480   10.16891  4.92% 13632  173s
   535   502   10.17363   14 5771   10.69480   10.16891  4.92% 14012  183s
   591   538   10.46619   17 3988   10.69480   10.16891  4.92% 14023  192s
   637   582   10.18469   14 5952   10.69480   10.16891  4.92% 14158  204s
   691   612   10.27616   15 5582   10.69480   10.16891  4.92% 14103  214s
   747   653   10.32206   16 5113   10.69480   10.16891  4.92% 14122  224s
   801   687   10.20752   16 5845   10.69480   10.16891  4.92% 14159  233s
   853   727   10.34258   17 5002   10.69480   10.16891  4.92% 14145  243s
   905   764   10.27096   17 5987   10.69480   10.16891  4.92% 14271  253s
   966   794   10.43281   18 4086   10.69480   10.16891  4.92% 14331  263s
  1028   817   10.57639   18 3561   10.69480   10.16891  4.92% 14449  274s
  1087   859   10.39498   19 4411   10.69480   10.16891  4.92% 14575  285s
  1149   935   10.46962   21 3665   10.69480   10.16891  4.92% 14656  299s
  1235   995   10.41456   22 3945   10.69480   10.16891  4.92% 14324  309s
  1311  1060   10.49235   23 3637   10.69480   10.16891  4.92% 14349  320s
  1406  1119   10.54286   23 3211   10.69480   10.16891  4.92% 14245  330s
  1503  1182   10.57987   26 2923   10.69480   10.16891  4.92% 14198  340s
  1606  1252   10.60926   29 2591   10.69480   10.16891  4.92% 14178  353s
  1715  1313   10.56976   30 3082   10.69480   10.16891  4.92% 14197  364s
  1827  1386   10.48219   32 3957   10.69480   10.16891  4.92% 14244  377s
  1955  1463   10.49857   34 3959   10.69480   10.16891  4.92% 14191  389s
  2082  1514   10.52412   35 3632   10.69480   10.16891  4.92% 14172  404s
H 2192  1514                      10.6947979   10.16891  4.92% 14181  404s
H 2192  1514                      10.6947979   10.16891  4.92% 14181  404s
  2209  1576   10.59806   36 2654   10.69480   10.16891  4.92% 14195  420s
  2335  1689   10.60203   39 2409   10.69480   10.16891  4.92% 14162  435s
  2496  1801   10.62650   41 2220   10.69480   10.16891  4.92% 13981  449s
  2648  1883   10.61813   48 2060   10.69480   10.16891  4.92% 13958  465s
  2802  1974   10.21502   14 4088   10.69480   10.16891  4.92% 13924  482s
  2949  2121   10.53940   19 3263   10.69480   10.16891  4.92% 13896  499s
  3139  2260   10.56018   25 3384   10.69480   10.16891  4.92% 13721  514s
  3344  2393   10.56071   26 3480   10.69480   10.16891  4.92% 13579  530s
H 3452  2393                      10.6947979   10.16891  4.92% 13513  530s
  3541  2563     cutoff   30        10.69480   10.16891  4.92% 13482  547s
  3782  2564   10.68647   54 1181   10.69480   10.16891  4.92% 13286  632s
  3784  2565   10.32592   35 1274   10.69480   10.16891  4.92% 13279  641s
  3785  2566   10.36853   46 1134   10.69480   10.16891  4.92% 13275  647s
  3786  2567   10.36563   16 1055   10.69480   10.16891  4.92% 13272  652s
  3787  2567   10.61805   30 1111   10.69480   10.16891  4.92% 13268  660s
  3788  2568   10.58015   23  907   10.69480   10.16891  4.92% 13265  667s
  3789  2569   10.68901   23 1128   10.69480   10.16891  4.92% 13261  672s
  3790  2569   10.31023    7 1151   10.69480   10.16891  4.92% 13258  683s
  3791  2570   10.46966   33  962   10.69480   10.16891  4.92% 13254  687s
  3792  2571   10.61805   30  827   10.69480   10.17257  4.88% 13251  696s
  3793  2571   10.30046   35  905   10.69480   10.17257  4.88% 13247  701s
  3794  2572   10.63834   62 1017   10.69480   10.17257  4.88% 13244  708s
  3795  2573   10.45384   24  988   10.69480   10.17257  4.88% 13240  713s
  3796  2573   10.66714  139  905   10.69480   10.17257  4.88% 13237  716s
  3797  2574   10.64524  124  689   10.69480   10.21448  4.49% 13233  724s
H 3797  2445                      10.6947978   10.21448  4.49% 13233  727s
  3799  2446   10.47052   17  796   10.69480   10.30780  3.62% 13227  733s
  3800  2447   10.41550   21  595   10.69480   10.30780  3.62% 13223  736s
  3802  2448   10.49956   26  637   10.69480   10.30780  3.62% 13216  741s
  3803  2449   10.68464   25  704   10.69480   10.30780  3.62% 13213  745s
  3805  2450   10.68305   20  637   10.69480   10.34710  3.25% 13206  754s
  3806  2451   10.62723   96  778   10.69480   10.34710  3.25% 13202  762s
  3807  2452   10.51238   23  613   10.69480   10.34710  3.25% 13199  765s
  3809  2453   10.42131   12  665   10.69480   10.34710  3.25% 13192  776s
  3810  2454   10.58015   23  753   10.69480   10.34710  3.25% 13188  780s
  3811  2454   10.50305   54  628   10.69480   10.34710  3.25% 13185  786s
  3812  2455   10.42026    6  628   10.69480   10.34710  3.25% 13181  798s
  3813  2456   10.54711   29  628   10.69480   10.34710  3.25% 13178  803s
  3814  2459   10.43413   14 2644   10.69480   10.34710  3.25% 13321 1157s
  3816  2463   10.50292   15 2250   10.69480   10.34710  3.25% 13321 1249s
  3820  2469   10.40670   16 2658   10.69480   10.34710  3.25% 13330 1317s
  3828  2483   10.34710   17 3112   10.69480   10.34710  3.25% 13344 1356s
  3844  2509   10.46196   18 2703   10.69480   10.34710  3.25% 13354 1394s
H 3847  2384                      10.6947978   10.34710  3.25% 13351 1394s
H 3873  2259                      10.6947978   10.34710  3.25% 13430 1394s
  3876  2290   10.41493   19 2825   10.69480   10.34710  3.25% 13433 1413s
  3908  2401   10.40141   20 3227   10.69480   10.34710  3.25% 13503 1443s
H 3912  2289                      10.6947978   10.34710  3.25% 13511 1443s
H 3960  2167                      10.6947978   10.34710  3.25% 13578 1443s
  4030  2249   10.45833   22 2633   10.69480   10.34710  3.25% 13659 1456s
  4142  2298   10.61798   24 2195   10.69480   10.34710  3.25% 13622 1469s
H 4157  2193                      10.6947978   10.34710  3.25% 13609 1469s
H 4222  2075                      10.6947978   10.34710  3.25% 13552 1469s
  4253  2123   10.57270   25 2593   10.69480   10.34710  3.25% 13563 1485s
H 4343  2067                      10.6947978   10.34710  3.25% 13525 1497s
H 4358  1976                      10.6947977   10.34710  3.25% 13506 1497s
H 4363  1892                      10.6947977   10.34710  3.25% 13509 1497s
  4435  1923   10.53624   29 2797   10.69480   10.34710  3.25% 13483 1509s
  4512  1932     cutoff   30        10.69480   10.34710  3.25% 13486 1520s
  4583  1964   10.53040   31 2489   10.69480   10.34710  3.25% 13476 1532s
  4660  1975   10.62843   33 2436   10.69480   10.34710  3.25% 13467 1544s
  4725  1986   10.41433   33 3940   10.69480   10.34710  3.25% 13507 1556s
  4803  1985     cutoff   34        10.69480   10.34710  3.25% 13496 1565s
  4881  1999   10.55063   35 3320   10.69480   10.34710  3.25% 13500 1586s
H 4936  1902                      10.6947977   10.34710  3.25% 13478 1586s
  4974  1916     cutoff   37        10.69480   10.34710  3.25% 13482 1598s
H 4996  1834                      10.6947977   10.34710  3.25% 13471 1598s
  5051  1848     cutoff   38        10.69480   10.34710  3.25% 13484 1608s
  5135  1845   10.64559   40 1914   10.69480   10.34710  3.25% 13466 1628s
H 5159  1767                      10.6947977   10.34710  3.25% 13454 1628s
  5230  1784     cutoff   42        10.69480   10.34710  3.25% 13456 1640s
  5305  1795     cutoff   44        10.69480   10.34710  3.25% 13498 1657s
H 5381  1703                      10.6947977   10.34710  3.25% 13498 1657s
  5398  1757   10.57880   27 3151   10.69480   10.34710  3.25% 13486 1673s
  5509  1772   10.59581   29 3725   10.69480   10.34710  3.25% 13429 1695s
  5608  1776     cutoff   31        10.69480   10.34710  3.25% 13436 1717s
  5707  1781   10.64099   30 3095   10.69480   10.34710  3.25% 13442 1736s
  5815  1814     cutoff   32        10.69480   10.34710  3.25% 13447 1751s
  5945  1837   10.51510   24 2855   10.69480   10.34710  3.25% 13396 1764s
H 6014  1751                      10.6947977   10.34710  3.25% 13379 1764s
  6071  1777   10.51341   25 3017   10.69480   10.34710  3.25% 13386 1783s
H 6083  1713                      10.6947977   10.34710  3.25% 13389 1783s
  6201  1737   10.65255   29 2681   10.69480   10.34710  3.25% 13387 1803s
H 6274  1655                      10.6947977   10.34710  3.25% 13388 1803s
[2026-05-22T18:53:12.373] error: *** JOB 13959590 ON x1000c2s2b0n1 CANCELLED AT 2026-05-22T18:53:12 DUE TO TIME LIMIT ***
