2026-06-01 12:10:57 [INFO] idaes.core.surrogate.pysmo_surrogate: Decode surrogate. type=poly

===========================Polynomial Regression===============================================

The number of cross-validation cases (3) is used.
The default training/cross-validation split of 0.75 is used.
No iterations will be run.
Default parameter estimation method is used.
Parameter estimation method:  pyomo 

2026-06-01 12:10:57 [INFO] idaes.core.surrogate.pysmo_surrogate: Decode surrogate. type=poly

===========================Polynomial Regression===============================================

The number of cross-validation cases (3) is used.
The default training/cross-validation split of 0.75 is used.
No iterations will be run.
Default parameter estimation method is used.
Parameter estimation method:  pyomo 

2026-06-01 12:10:57 [INFO] idaes.core.surrogate.pysmo_surrogate: Decode surrogate. type=poly

===========================Polynomial Regression===============================================

The number of cross-validation cases (3) is used.
The default training/cross-validation split of 0.75 is used.
No iterations will be run.
Default parameter estimation method is used.
Parameter estimation method:  pyomo 

2026-06-01 12:10:57 [INFO] idaes.core.surrogate.pysmo_surrogate: Decode surrogate. type=poly

===========================Polynomial Regression===============================================

The number of cross-validation cases (3) is used.
The default training/cross-validation split of 0.75 is used.
No iterations will be run.
Default parameter estimation method is used.
Parameter estimation method:  pyomo 

2026-06-01 12:10:59 [INFO] idaes.apps.grid_integration.pricetaker.price_taker_model: Found minimum uptime/downtime data for pretreatment.uf_pumps[1] - Adding minimum uptime/downtime constraints.
2026-06-01 12:10:59 [INFO] idaes.apps.grid_integration.pricetaker.price_taker_model: Created startup/shutdown constraints for operation model  pretreatment.uf_pumps[1] at uf_pumps_1_startup_shutdown.
2026-06-01 12:10:59 [INFO] idaes.apps.grid_integration.pricetaker.price_taker_model: Found minimum uptime/downtime data for pretreatment.uf_pumps[2] - Adding minimum uptime/downtime constraints.
2026-06-01 12:10:59 [INFO] idaes.apps.grid_integration.pricetaker.price_taker_model: Created startup/shutdown constraints for operation model  pretreatment.uf_pumps[2] at uf_pumps_2_startup_shutdown.
2026-06-01 12:10:59 [INFO] idaes.apps.grid_integration.pricetaker.price_taker_model: Found minimum uptime/downtime data for pretreatment.uf_pumps[3] - Adding minimum uptime/downtime constraints.
2026-06-01 12:10:59 [INFO] idaes.apps.grid_integration.pricetaker.price_taker_model: Created startup/shutdown constraints for operation model  pretreatment.uf_pumps[3] at uf_pumps_3_startup_shutdown.
2026-06-01 12:10:59 [INFO] idaes.apps.grid_integration.pricetaker.price_taker_model: Found minimum uptime/downtime data for reverse_osmosis.ro_skid[1] - Adding minimum uptime/downtime constraints.
2026-06-01 12:10:59 [INFO] idaes.apps.grid_integration.pricetaker.price_taker_model: Created startup/shutdown constraints for operation model  reverse_osmosis.ro_skid[1] at ro_skid_1_startup_shutdown.
2026-06-01 12:10:59 [INFO] idaes.apps.grid_integration.pricetaker.price_taker_model: Found minimum uptime/downtime data for reverse_osmosis.ro_skid[2] - Adding minimum uptime/downtime constraints.
2026-06-01 12:10:59 [INFO] idaes.apps.grid_integration.pricetaker.price_taker_model: Created startup/shutdown constraints for operation model  reverse_osmosis.ro_skid[2] at ro_skid_2_startup_shutdown.
2026-06-01 12:10:59 [INFO] idaes.apps.grid_integration.pricetaker.price_taker_model: Found minimum uptime/downtime data for reverse_osmosis.ro_skid[3] - Adding minimum uptime/downtime constraints.
2026-06-01 12:10:59 [INFO] idaes.apps.grid_integration.pricetaker.price_taker_model: Created startup/shutdown constraints for operation model  reverse_osmosis.ro_skid[3] at ro_skid_3_startup_shutdown.
2026-06-01 12:10:59 [INFO] idaes.apps.grid_integration.pricetaker.price_taker_model: Found minimum uptime/downtime data for reverse_osmosis.ro_skid[4] - Adding minimum uptime/downtime constraints.
2026-06-01 12:10:59 [INFO] idaes.apps.grid_integration.pricetaker.price_taker_model: Created startup/shutdown constraints for operation model  reverse_osmosis.ro_skid[4] at ro_skid_4_startup_shutdown.
3024
Set parameter TokenServer to value "10.60.1.73"
Set parameter LogToConsole to value 1
Set parameter MIPGap to value 0.005
Gurobi Optimizer version 12.0.3 build v12.0.3rc0 (linux64 - "Red Hat Enterprise Linux 8.8 (Ootpa)")

CPU model: Intel(R) Xeon(R) Platinum 8470QL, instruction set [SSE2|AVX|AVX2|AVX512]
Thread count: 104 physical cores, 104 logical processors, using up to 32 threads

Non-default parameters:
MIPGap  0.005

Optimize a model with 17951 rows, 15123 columns and 44651 nonzeros
Model fingerprint: 0x233555e3
Model has 168 quadratic objective terms
Model has 2352 quadratic constraints
Variable types: 11259 continuous, 3864 integer (3864 binary)
Coefficient statistics:
  Matrix range     [5e-04, 2e+03]
  QMatrix range    [2e-07, 1e+00]
  QLMatrix range   [3e-04, 1e+00]
  Objective range  [6e-06, 5e-03]
  QObjective range [2e-04, 2e-04]
  Bounds range     [9e-01, 1e+03]
  RHS range        [5e-02, 3e+05]
  QRHS range       [3e-01, 3e-01]
Presolve removed 11693 rows and 8548 columns
Presolve time: 0.13s
Presolved: 15162 rows, 6576 columns, 42204 nonzeros
Presolved model has 2352 bilinear constraint(s)

Solving non-convex MIQCP

Variable types: 5078 continuous, 1498 integer (1498 binary)
Found heuristic solution: objective 11.7563161

Root relaxation: objective 1.094203e+01, 11916 iterations, 0.71 seconds (1.13 work units)

    Nodes    |    Current Node    |     Objective Bounds      |     Work
 Expl Unexpl |  Obj  Depth IntInf | Incumbent    BestBd   Gap | It/Node Time

     0     0   10.94203    0 1848   11.75632   10.94203  6.93%     -    1s
H    0     0                      11.7563159   10.94203  6.93%     -    1s
     0     0   11.51071    0 2354   11.75632   11.51071  2.09%     -    2s
     0     0   11.51071    0 2353   11.75632   11.51071  2.09%     -    3s
     0     0   11.51071    0 2526   11.75632   11.51071  2.09%     -    3s
     0     0   11.51078    0 2535   11.75632   11.51078  2.09%     -    3s
     0     0   11.53684    0 2530   11.75632   11.53684  1.87%     -    6s
     0     0   11.53694    0 2528   11.75632   11.53694  1.87%     -    6s
     0     0   11.54410    0 2573   11.75632   11.54410  1.81%     -    7s
     0     0   11.54417    0 2573   11.75632   11.54417  1.80%     -    7s
     0     0   11.54429    0 2573   11.75632   11.54429  1.80%     -    7s
     0     0   11.54434    0 2573   11.75632   11.54434  1.80%     -    8s
     0     0   11.54449    0 2571   11.75632   11.54449  1.80%     -    8s
     0     0   11.61568    0 1685   11.75632   11.61568  1.20%     -   10s
H    0     0                      11.7482420   11.61568  1.13%     -   12s
     0     0   11.61568    0 1262   11.74824   11.61568  1.13%     -   15s
     0     0   11.62561    0 1689   11.74824   11.62561  1.04%     -   15s
     0     0   11.63472    0 1689   11.74824   11.63472  0.97%     -   16s
     0     0   11.64341    0 1685   11.74824   11.64341  0.89%     -   16s
     0     0   11.64341    0 1686   11.74824   11.64341  0.89%     -   16s
     0     0   11.64341    0 1686   11.74824   11.64341  0.89%     -   16s
H    0     0                      11.7407645   11.64341  0.83%     -   16s
     0     0   11.64341    0 1686   11.74076   11.64341  0.83%     -   16s
     0     0   11.64341    0 1585   11.74076   11.64341  0.83%     -   16s
     0     0   11.64341    0 1681   11.74076   11.64341  0.83%     -   16s
     0     0   11.64341    0 1686   11.74076   11.64341  0.83%     -   16s
     0     0   11.64343    0 1686   11.74076   11.64343  0.83%     -   16s
H    0     0                      11.6884534   11.64343  0.39%     -   17s

Cutting planes:
  Learned: 42
  Cover: 8
  MIR: 6
  RLT: 919

Explored 1 nodes (67218 simplex iterations) in 17.79 seconds (27.33 work units)
Thread count was 32 (of 104 available processors)

Solution count 4: 11.6885 11.7408 11.7482 11.7563 

Optimal solution found (tolerance 5.00e-03)
Best objective 1.168845342459e+01, best bound 1.164342586305e+01, gap 0.3852%
solver_lower_bound: 11.6434258630471
solver_upper_bound: 11.688453424585658
objective_value: 11.688453424585658
m.flow_changes_penalty(): 0.0
Total operational cost: 116884.53
Maximum power (kW): 1103.46
Discharge energy capacity (kWh): 0.00
Charge energy capacity (kWh): 3940.84
Levelized Cost of Flexibility ($/kWh): nan
{'fixed_demand_cost': 6952.508124183221, 'variable_demand_cost': 913.9563583268999, 'fixed_monthly_cost': 171938.17204301074, 'total_water_production': 282179.671232876, 'total_energy_cost': 23573.556882204233, 'total_demand_cost': 7866.464482510121, 'total_customer_cost': 0.0, 'total_feed_cost': 50843.184005920346, 'total_brine_cost': 15303.798385774158, 'total_chemical_cost': 19297.530489447698, 'total_water_revenue': 0.0, 'total_demand_response_revenue': -0.0, 'total_emissions_cost': 0.0, 'total_op_cost': 116884.53424585657, 'fixed_cost': 121551.98252688172, 'total_cost': 238436.5167727383, 'LCOW': 0.8449811984363765, 'degree_of_flex': 0.0, 'total_replacement_cost': 992.3107078853046, 'maximum_power': 1103.4573626652648, 'energy_capacity': 0.0, 'power_capacity': nan, 'round_trip_efficiency': 0, 'LVOF': nan}
Saved operation variable results to: /home/rchurchi/watertap_test/watertap/tutorials/flex_ro/wrd_result_winter_both_0_flexible_trains_RTP.csv
2026-06-01 12:11:20 [INFO] idaes.core.surrogate.pysmo_surrogate: Decode surrogate. type=poly

===========================Polynomial Regression===============================================

The number of cross-validation cases (3) is used.
The default training/cross-validation split of 0.75 is used.
No iterations will be run.
Default parameter estimation method is used.
Parameter estimation method:  pyomo 

2026-06-01 12:11:20 [INFO] idaes.core.surrogate.pysmo_surrogate: Decode surrogate. type=poly

===========================Polynomial Regression===============================================

The number of cross-validation cases (3) is used.
The default training/cross-validation split of 0.75 is used.
No iterations will be run.
Default parameter estimation method is used.
Parameter estimation method:  pyomo 

2026-06-01 12:11:20 [INFO] idaes.core.surrogate.pysmo_surrogate: Decode surrogate. type=poly

===========================Polynomial Regression===============================================

The number of cross-validation cases (3) is used.
The default training/cross-validation split of 0.75 is used.
No iterations will be run.
Default parameter estimation method is used.
Parameter estimation method:  pyomo 

2026-06-01 12:11:20 [INFO] idaes.core.surrogate.pysmo_surrogate: Decode surrogate. type=poly

===========================Polynomial Regression===============================================

The number of cross-validation cases (3) is used.
The default training/cross-validation split of 0.75 is used.
No iterations will be run.
Default parameter estimation method is used.
Parameter estimation method:  pyomo 

2026-06-01 12:11:22 [INFO] idaes.apps.grid_integration.pricetaker.price_taker_model: Found minimum uptime/downtime data for pretreatment.uf_pumps[1] - Adding minimum uptime/downtime constraints.
2026-06-01 12:11:22 [INFO] idaes.apps.grid_integration.pricetaker.price_taker_model: Created startup/shutdown constraints for operation model  pretreatment.uf_pumps[1] at uf_pumps_1_startup_shutdown.
2026-06-01 12:11:22 [INFO] idaes.apps.grid_integration.pricetaker.price_taker_model: Found minimum uptime/downtime data for pretreatment.uf_pumps[2] - Adding minimum uptime/downtime constraints.
2026-06-01 12:11:22 [INFO] idaes.apps.grid_integration.pricetaker.price_taker_model: Created startup/shutdown constraints for operation model  pretreatment.uf_pumps[2] at uf_pumps_2_startup_shutdown.
2026-06-01 12:11:22 [INFO] idaes.apps.grid_integration.pricetaker.price_taker_model: Found minimum uptime/downtime data for pretreatment.uf_pumps[3] - Adding minimum uptime/downtime constraints.
2026-06-01 12:11:22 [INFO] idaes.apps.grid_integration.pricetaker.price_taker_model: Created startup/shutdown constraints for operation model  pretreatment.uf_pumps[3] at uf_pumps_3_startup_shutdown.
2026-06-01 12:11:22 [INFO] idaes.apps.grid_integration.pricetaker.price_taker_model: Found minimum uptime/downtime data for reverse_osmosis.ro_skid[1] - Adding minimum uptime/downtime constraints.
2026-06-01 12:11:22 [INFO] idaes.apps.grid_integration.pricetaker.price_taker_model: Created startup/shutdown constraints for operation model  reverse_osmosis.ro_skid[1] at ro_skid_1_startup_shutdown.
2026-06-01 12:11:22 [INFO] idaes.apps.grid_integration.pricetaker.price_taker_model: Found minimum uptime/downtime data for reverse_osmosis.ro_skid[2] - Adding minimum uptime/downtime constraints.
2026-06-01 12:11:22 [INFO] idaes.apps.grid_integration.pricetaker.price_taker_model: Created startup/shutdown constraints for operation model  reverse_osmosis.ro_skid[2] at ro_skid_2_startup_shutdown.
2026-06-01 12:11:22 [INFO] idaes.apps.grid_integration.pricetaker.price_taker_model: Found minimum uptime/downtime data for reverse_osmosis.ro_skid[3] - Adding minimum uptime/downtime constraints.
2026-06-01 12:11:22 [INFO] idaes.apps.grid_integration.pricetaker.price_taker_model: Created startup/shutdown constraints for operation model  reverse_osmosis.ro_skid[3] at ro_skid_3_startup_shutdown.
2026-06-01 12:11:22 [INFO] idaes.apps.grid_integration.pricetaker.price_taker_model: Found minimum uptime/downtime data for reverse_osmosis.ro_skid[4] - Adding minimum uptime/downtime constraints.
2026-06-01 12:11:22 [INFO] idaes.apps.grid_integration.pricetaker.price_taker_model: Created startup/shutdown constraints for operation model  reverse_osmosis.ro_skid[4] at ro_skid_4_startup_shutdown.
3024
Set parameter LogToConsole to value 1
Set parameter MIPGap to value 0.005
Gurobi Optimizer version 12.0.3 build v12.0.3rc0 (linux64 - "Red Hat Enterprise Linux 8.8 (Ootpa)")

CPU model: Intel(R) Xeon(R) Platinum 8470QL, instruction set [SSE2|AVX|AVX2|AVX512]
Thread count: 104 physical cores, 104 logical processors, using up to 32 threads

Non-default parameters:
MIPGap  0.005

Optimize a model with 17951 rows, 15123 columns and 44641 nonzeros
Model fingerprint: 0x06efdd2b
Model has 168 quadratic objective terms
Model has 2352 quadratic constraints
Variable types: 11259 continuous, 3864 integer (3864 binary)
Coefficient statistics:
  Matrix range     [5e-04, 2e+03]
  QMatrix range    [2e-07, 1e+00]
  QLMatrix range   [3e-04, 1e+00]
  Objective range  [6e-06, 5e-03]
  QObjective range [2e-04, 2e-04]
  Bounds range     [9e-01, 1e+03]
  RHS range        [5e-02, 3e+05]
  QRHS range       [3e-01, 3e-01]
Presolve removed 11713 rows and 8558 columns
Presolve time: 0.11s
Presolved: 15142 rows, 6566 columns, 42166 nonzeros
Presolved model has 2352 bilinear constraint(s)

Solving non-convex MIQCP

Variable types: 5068 continuous, 1498 integer (1498 binary)
Found heuristic solution: objective 18.7914328

Root relaxation: objective 1.568102e+01, 11659 iterations, 0.75 seconds (1.16 work units)

    Nodes    |    Current Node    |     Objective Bounds      |     Work
 Expl Unexpl |  Obj  Depth IntInf | Incumbent    BestBd   Gap | It/Node Time

     0     0   15.68102    0 1821   18.79143   15.68102  16.6%     -    1s
H    0     0                      18.7914327   15.68102  16.6%     -    1s
     0     0   17.01383    0 1522   18.79143   17.01383  9.46%     -    2s
H    0     0                      18.5530089   17.01383  8.30%     -    2s
     0     0   17.01383    0 1535   18.55301   17.01383  8.30%     -    2s
     0     0   17.02703    0 1671   18.55301   17.02703  8.22%     -    3s
H    0     0                      18.5508530   17.02703  8.21%     -    3s
     0     0   17.02704    0 1668   18.55085   17.02704  8.21%     -    3s
     0     0   17.03468    0 1758   18.55085   17.03468  8.17%     -    3s
     0     0   17.03761    0 1764   18.55085   17.03761  8.16%     -    3s
     0     0   17.03948    0 1791   18.55085   17.03948  8.15%     -    4s
     0     0   17.04132    0 1816   18.55085   17.04132  8.14%     -    4s
     0     0   17.04238    0 1806   18.55085   17.04238  8.13%     -    4s
     0     0   17.04266    0 1776   18.55085   17.04266  8.13%     -    4s
     0     0   17.04294    0 1778   18.55085   17.04294  8.13%     -    4s
     0     0   17.13290    0 1671   18.55085   17.13290  7.64%     -    5s
H    0     0                      17.5570810   17.13290  2.42%     -    6s
H    0     0                      17.5470810   17.13290  2.36%     -    6s
     0     2   17.13290    0 1667   17.54708   17.13290  2.36%     -    6s
H   37    64                      17.5396337   17.15053  2.22%   265    6s
H   53    64                      17.5361249   17.15197  2.19%   256    6s
H  301   320                      17.5306425   17.15197  2.16%   147    7s
H  315   320                      17.5302674   17.15197  2.16%   147    7s
H  319   377                      17.5202674   17.15197  2.10%   146    7s
H  424   447                      17.5200340   17.15197  2.10%   148    8s
H  427   447                      17.5190880   17.15197  2.10%   147    8s
H  574   645                      17.5190838   17.15197  2.10%   138    9s
H  589   645                      17.5190835   17.15197  2.10%   137    9s
H  651   710                      17.5089498   17.15197  2.04%   133    9s
   857   949   17.18741   16 1632   17.50895   17.15197  2.04%   128   10s
H 1750  1796                      17.4973403   17.15197  1.97%   112   11s
H 2157  2275                      17.4893532   17.15197  1.93%   118   13s
  2593  2807   17.23372   49 1662   17.48935   17.15197  1.93%   126   16s
H 3330  3363                      17.4876668   17.15197  1.92%   120   17s
H 3331  3363                      17.4754198   17.15197  1.85%   120   17s
H 4066  4359                      17.4754194   17.15197  1.85%   113   17s
H 4170  4359                      17.4754193   17.15197  1.85%   112   17s
  5455  5711   17.29716   87 1464   17.47542   17.15197  1.85%   102   20s
H 5566  5711                      17.4754190   17.15197  1.85%   102   20s
H 5628  5711                      17.4754190   17.15251  1.85%   102   20s
H 8669  8807                      17.4754184   17.15382  1.84%  94.2   23s
H 8734  8775                      17.4722614   17.15382  1.82%  94.4   23s
H 8926  9082                      17.4672614   17.15382  1.79%  94.5   34s
H 9072  9077                      17.4670945   17.15382  1.79%  93.9   34s
H10001 10129                      17.4670933   17.15382  1.79%  91.9   34s
H10093 10129                      17.4670850   17.15382  1.79%  91.3   34s
H10220 10129                      17.4670748   17.15382  1.79%  91.0   34s
H10291 10010                      17.4602117   17.15382  1.75%  90.8   34s
 10389 10694   17.41143  225 1362   17.46021   17.15382  1.75%  90.9   36s
H10606 10694                      17.4602109   17.15382  1.75%  90.2   36s
H11296 11363                      17.4602081   17.15382  1.75%  88.4   36s
H11405 11363                      17.4602057   17.15382  1.75%  88.1   36s
 11765 11885   17.42613  258 1334   17.46021   17.15382  1.75%  87.7   40s
H12157 11789                      17.4552021   17.15382  1.73%  87.4   40s
H12649 12473                      17.4551991   17.15382  1.73%  86.2   41s
H13636 13154                      17.4551964   17.15477  1.72%  85.4   42s
H13660 13154                      17.4551917   17.15477  1.72%  85.7   42s
 13742 13841   17.44406  314 1278   17.45519   17.15477  1.72%  85.6   46s
H14019 13840                      17.4551508   17.15522  1.72%  85.2   46s
H14478 13550                      17.4471655   17.15522  1.67%  85.3   47s
H14478 13550                      17.4471655   17.15522  1.67%  85.3   47s
H14478 13547                      17.4470625   17.15522  1.67%  85.3   47s
H14478 13516                      17.4465944   17.15522  1.67%  85.3   47s
H14478 13513                      17.4465517   17.15522  1.67%  85.3   47s
H14478 13512                      17.4465372   17.15522  1.67%  85.3   47s
H14478 13512                      17.4465110   17.15522  1.67%  85.3   47s
H14478 13512                      17.4465087   17.15522  1.67%  85.3   47s
 14479 13499   17.30485   62  186   17.44651   17.15522  1.67%  85.3   53s
 14481 13500   17.24124   81  111   17.44651   17.15522  1.67%  85.3   55s
 14493 13508   17.27524   27  296   17.44651   17.27524  0.98%  85.2   60s
 14512 13521   17.42633  332  299   17.44651   17.27816  0.96%  85.1   65s
 14528 13533   17.27822   13  269   17.44651   17.27822  0.96%  86.8   70s
 14548 13547   17.27973   75  281   17.44651   17.27973  0.96%  86.6   75s
 14551 13552   17.28126   24 1767   17.44651   17.27973  0.96%  88.4  116s
 14581 13602   17.29544   28 1837   17.44651   17.28539  0.92%  88.9  120s
 15167 14023   17.32079   38 1665   17.44651   17.28929  0.90%  92.6  125s
 16610 15102   17.35092   63 1443   17.44651   17.28929  0.90%  94.3  130s
 19191 16905   17.38168   95 1276   17.44651   17.29672  0.86%  97.9  135s
H19641 16110                      17.4465083   17.29672  0.86%  97.6  135s
H19645 15465                      17.4465029   17.29672  0.86%  97.6  135s
H19659 14848                      17.4462219   17.29672  0.86%  97.9  135s
 21721 16554   17.40358  129 1277   17.44622   17.29770  0.85%  98.1  141s
 23480 17341   17.42215  163 1156   17.44622   17.29900  0.84%   102  145s
H24933 17225                      17.4462155   17.30061  0.83%   104  148s
H24936 16672                      17.4462127   17.30061  0.83%   104  148s
H24959 16139                      17.4462104   17.30061  0.83%   104  148s
 25559 17074   17.42328  231 1024   17.44621   17.30061  0.83%   104  150s
 28167 18713   17.43212  321 1003   17.44621   17.30221  0.83%   108  155s
 31157 20409   17.43899  374  940   17.44621   17.30221  0.83%   110  161s
 32551 21228   17.38072   53 1512   17.44621   17.30390  0.82%   113  165s
 35524 22870   17.33285   35 1806   17.44621   17.30420  0.81%   118  171s
 37532 24216   17.32022   34 1677   17.44621   17.30609  0.80%   122  176s
 39626 25515   17.43698   99 1342   17.44621   17.30742  0.80%   124  180s
 43801 28140   17.32630   36 1737   17.44621   17.30894  0.79%   125  185s
 48124 32467   17.38520   86 1352   17.44621   17.30941  0.78%   124  191s
 52048 35720   17.41468  160 1176   17.44621   17.30953  0.78%   122  196s
 55151 37898   17.42369  266 1184   17.44621   17.31043  0.78%   123  201s
 57770 40162   17.43698  337 1263   17.44621   17.31068  0.78%   127  206s
 58986 40163   17.40471  106  186   17.44621   17.31068  0.78%   128  237s
 58988 40164   17.34537   56  232   17.44621   17.31068  0.78%   128  240s
 58993 40168   17.37510   75  276   17.44621   17.31068  0.78%   128  245s
 58998 40171   17.33982   50  300   17.44621   17.31068  0.78%   128  250s
 59003 40174   17.40807   78  292   17.44621   17.31068  0.78%   128  256s
 59008 40178   17.42051  156  311   17.44621   17.31068  0.78%   128  261s
 59013 40181   17.40465  119  311   17.44621   17.31068  0.78%   128  266s
 59016 40183   17.38932   88  314   17.44621   17.31068  0.78%   128  272s
 59018 40187   17.31068   34 1801   17.44621   17.31068  0.78%   129  317s
 59024 40197   17.31068   36 1781   17.44621   17.31068  0.78%   129  320s
 59112 40319   17.31068   40 1847   17.44621   17.31068  0.78%   130  325s
 59399 40497   17.32702   45 1862   17.44621   17.31068  0.78%   131  331s
 59715 40686   17.33538   49 1817   17.44621   17.31068  0.78%   132  335s
 60033 40907   17.34457   53 1751   17.44621   17.31068  0.78%   132  340s
 60469 41218   17.34842   58 1560   17.44621   17.31068  0.78%   133  346s
 60688 41353   17.36063   61 1538   17.44621   17.31068  0.78%   133  350s
 61457 42022   17.36023   74 1502   17.44621   17.31068  0.78%   133  355s
 62767 42929   17.36540   91 1395   17.44621   17.31169  0.77%   133  360s
H64103 41495                      17.4462089   17.31237  0.77%   133  363s
H64107 39585                      17.4462041   17.31237  0.77%   133  363s
 64193 40039   17.37372  106 1475   17.44620   17.31237  0.77%   133  365s
 65878 41252   17.39667  136 1289   17.44620   17.31237  0.77%   133  371s
 67166 41906   17.40115  154 1249   17.44620   17.31464  0.75%   134  375s
 69082 43233   17.41203  200 1241   17.44620   17.31571  0.75%   136  381s
 70735 44347   17.42391  230 1247   17.44620   17.31696  0.74%   136  385s
H71727 42481                      17.4462038   17.31696  0.74%   136  389s
H71884 40706                      17.4462038   17.31696  0.74%   136  389s
 72031 41303   17.43428  258 1220   17.44620   17.31696  0.74%   136  390s
 73142 41961   17.43664  274 1254   17.44620   17.31755  0.74%   138  395s
 75766 43435   17.34908   54 1781   17.44620   17.31766  0.74%   139  401s
 77657 44433   17.44506  119 1266   17.44620   17.31785  0.74%   141  405s
 79789 45587   17.43752   84 1505   17.44620   17.31950  0.73%   142  410s
 83204 48134   17.36726   86 1442   17.44620   17.32188  0.71%   143  417s
 84794 48901     cutoff  135        17.44620   17.32188  0.71%   144  420s
 87628 49998   17.42066  111 1374   17.44620   17.32381  0.70%   145  426s
 90237 52398   17.35910   72 1492   17.44620   17.32485  0.70%   147  433s
 92191 52961   17.40766  143 1489   17.44620   17.32541  0.69%   147  435s
 95073 54575   17.35908   49 1602   17.44620   17.32543  0.69%   149  442s
 96405 55730   17.36690   56 1540   17.44620   17.32543  0.69%   150  445s
 100492 58048   17.41373  139 1479   17.44620   17.32746  0.68%   150  452s
 102143 58912   17.43491  207 1263   17.44620   17.32746  0.68%   152  455s
 105271 60577   17.36709   56 1646   17.44620   17.32759  0.68%   154  463s
 106882 60984   17.38591   64 1538   17.44620   17.32811  0.68%   155  466s
H107690 59077                      17.4462035   17.32811  0.68%   156  466s
 107938 60113   17.40345   68 1496   17.44620   17.32811  0.68%   156  471s
 109242 61109   17.42144   75 1471   17.44620   17.32811  0.68%   158  475s
 112438 61923   17.44116   87 1322   17.44620   17.32811  0.68%   164  485s
 113623 62280   17.44537   86 1376   17.44620   17.32811  0.68%   169  490s
 114637 62881   17.37442   56 1630   17.44620   17.32905  0.67%   172  496s
 115626 67043   17.37646   66 1512   17.44620   17.32905  0.67%   173  502s
 120269 69367   17.41033  172 1294   17.44620   17.32963  0.67%   171  508s
 124392 70803   17.43454  247 1263   17.44620   17.33123  0.66%   171  512s
 127511 71790   17.44385  259 1303   17.44620   17.33123  0.66%   171  517s
 129863 72357   17.44518  264 1350   17.44620   17.33135  0.66%   172  521s
 131581 73049   17.43825  268 1277   17.44620   17.33135  0.66%   174  526s
 133220 74327   17.44107  273 1314   17.44620   17.33135  0.66%   176  531s
 135437 78128   17.37297   60 1510   17.44620   17.33235  0.65%   178  537s
 140096 80174   17.42562  120 1300   17.44620   17.33266  0.65%   176  542s
 144070 81386   17.43818  155 1240   17.44620   17.33266  0.65%   176  547s
 146925 83942   17.40369   73 1415   17.44620   17.33266  0.65%   177  552s
 150831 84620   17.37549   67 1552   17.44620   17.33328  0.65%   177  559s
H152063 84134                      17.4462035   17.33328  0.65%   178  559s
 153274 87364   17.39611   63 1529   17.44620   17.33328  0.65%   179  567s
 157032 91112     cutoff   74        17.44620   17.33467  0.64%   183  576s
 161365 93317   17.39511   67 1361   17.44620   17.33481  0.64%   185  584s
H161770 93317                      17.4462035   17.33481  0.64%   185  584s
 164111 96955     cutoff   82        17.44620   17.33545  0.63%   187  591s
 168196 99361   17.38015   53 1697   17.44620   17.33578  0.63%   188  598s
 171308 100408   17.38789   55 1501   17.44620   17.33621  0.63%   191  606s
 173198 102795   17.44562   83 1367   17.44620   17.33650  0.63%   195  614s
 176153 106471   17.38929  121 1425   17.44620   17.33668  0.63%   198  622s
 180479 109939   17.42728   87 1300   17.44620   17.33723  0.62%   199  629s
 184346 112124   17.43232  138 1317   17.44620   17.33747  0.62%   199  635s
 186871 114770   17.43313   91 1251   17.44620   17.33764  0.62%   201  641s
 189920 116900   17.44378  102 1426   17.44620   17.33764  0.62%   202  648s
 192539 119214   17.38403   64 1596   17.44620   17.33793  0.62%   204  655s
 195361 120481   17.38290   58 1657   17.44620   17.33895  0.61%   206  663s
H195618 120481                      17.4462034   17.33895  0.61%   206  663s
 196955 122930   17.43088   78 1552   17.44620   17.33897  0.61%   208  671s
 200000 126098   17.37158   69 1570   17.44620   17.33939  0.61%   210  679s
 203681 129173   17.39582   85 1365   17.44620   17.33957  0.61%   212  686s
 207313 132970 infeasible  123        17.44620   17.34017  0.61%   212  694s
 211580 136719   17.38277  112 1493   17.44620   17.34019  0.61%   212  700s
 215738 140741     cutoff  243        17.44620   17.34021  0.61%   212  706s
 220177 142771   17.38313   60 1458   17.44620   17.34047  0.61%   211  713s
 222644 144329     cutoff   66        17.44620   17.34060  0.61%   211  719s
 224587 147132   17.43923  131 1351   17.44620   17.34072  0.60%   213  725s
 227713 150922   17.36420   51 1623   17.44620   17.34104  0.60%   214  731s
 231831 153606   17.38834   61 1463   17.44620   17.34108  0.60%   213  738s
 234923 155519   17.35523   44 1832   17.44620   17.34108  0.60%   213  744s
 237310 157795     cutoff  115        17.44620   17.34108  0.60%   214  749s
 240004 160688   17.39375   65 1420   17.44620   17.34108  0.60%   214  756s
 243224 162391   17.37382   52 1608   17.44620   17.34178  0.60%   214  764s
 245031 171332   17.39559   76 1456   17.44620   17.34178  0.60%   214  778s
H251469 171332                      17.4462034   17.34181  0.60%   213  778s
 254654 173889   17.39288   63 1541   17.44620   17.34181  0.60%   212  783s
 257691 176370     cutoff  131        17.44620   17.34204  0.60%   213  788s
 260714 177868     cutoff   92        17.44620   17.34204  0.60%   214  794s
 262774 180361   17.35929   47 1880   17.44620   17.34230  0.60%   215  801s
 265797 182256   17.35978   47 1791   17.44620   17.34239  0.60%   216  807s
 268132 184115   17.40717   51 1815   17.44620   17.34253  0.59%   217  814s
 270537 186882   17.41169   64 1526   17.44620   17.34271  0.59%   219  822s
 273817 189337   17.43506  126 1421   17.44620   17.34281  0.59%   220  829s
 276775 192609     cutoff  113        17.44620   17.34309  0.59%   221  836s
 280565 196111   17.41882   85 1390   17.44620   17.34347  0.59%   221  842s
 284584 199431   17.36286   54 1655   17.44620   17.34359  0.59%   221  849s
 288349 203945     cutoff  160        17.44620   17.34362  0.59%   222  856s
 293210 206549   17.43880   88 1269   17.44620   17.34380  0.59%   221  862s
 296248 208703   17.36045   55 1481   17.44620   17.34386  0.59%   221  868s
 298779 210800   17.37818   61 1501   17.44620   17.34389  0.59%   222  877s
 301384 212555   17.36541   49 1672   17.44620   17.34407  0.59%   223  884s
 303850 215258     cutoff   97        17.44620   17.34407  0.59%   224  891s
 307084 218957   17.36685   60 1620   17.44620   17.34407  0.59%   225  897s
 311108 223487   17.41784  144 1260   17.44620   17.34432  0.58%   225  904s
 315917 226660   17.41986  165 1293   17.44620   17.34432  0.58%   224  911s
 319445 229230   17.42094  181 1312   17.44620   17.34454  0.58%   223  916s
 322410 231299   17.42245  192 1261   17.44620   17.34455  0.58%   223  922s
 325018 231868   17.43029  224 1204   17.44620   17.34459  0.58%   224  929s
 325811 234436   17.43180  230 1202   17.44620   17.34486  0.58%   224  936s
 328823 236941   17.36443   68 1743   17.44620   17.34487  0.58%   225  942s
 331848 239753   17.40566  119 1301   17.44620   17.34490  0.58%   226  949s
 335370 242746   17.43832  193 1420   17.44620   17.34511  0.58%   226  956s
 339103 245312   17.40744  119 1437   17.44620   17.34518  0.58%   226  962s
 342006 250226   17.38554   70 1522   17.44620   17.34531  0.58%   226  969s
 347244 251904   17.36680   49 1753   17.44620   17.34532  0.58%   225  975s
 349379 253631   17.37304   66 1654   17.44620   17.34533  0.58%   226  981s
 351531 256239   17.44026   70 1395   17.44620   17.34552  0.58%   227  987s
 354606 258335   17.37250   46 1752   17.44620   17.34558  0.58%   227  994s
 357232 260761     cutoff   67        17.44620   17.34571  0.58%   228 1001s
 360141 263348     cutoff  125        17.44620   17.34573  0.58%   228 1008s
 363209 265817   17.40620   76 1372   17.44620   17.34573  0.58%   229 1015s
 366184 268454   17.43697   70 1535   17.44620   17.34573  0.58%   229 1022s
 369200 273331   17.36767   60 1648   17.44620   17.34618  0.57%   230 1030s
 374274 275895   17.40696  156 1333   17.44620   17.34628  0.57%   229 1036s
 377122 278735   17.41634  234 1249   17.44620   17.34628  0.57%   229 1041s
 380532 281299   17.42392  329 1258   17.44620   17.34641  0.57%   229 1048s
 383641 285559   17.44496  473 1213   17.44620   17.34641  0.57%   230 1054s
 388301 289022     cutoff  477        17.44620   17.34643  0.57%   229 1059s
 392267 290326   17.35704   53 1709   17.44620   17.34648  0.57%   228 1066s
 393804 293031   17.38454   85 1518   17.44620   17.34648  0.57%   228 1072s
 396931 298196   17.44293  143 1373   17.44620   17.34648  0.57%   228 1079s
 402447 300150   17.37767   55 1654   17.44620   17.34648  0.57%   227 1084s
 404668 301641   17.44104  115 1212   17.44620   17.34671  0.57%   227 1089s
 406556 304246   17.36720   53 1839   17.44620   17.34673  0.57%   228 1093s
 409302 307236   17.41616   91 1374   17.44620   17.34674  0.57%   228 1100s
 412623 309194   17.42734  176 1354   17.44620   17.34687  0.57%   227 1105s
 414960 311553     cutoff  215        17.44620   17.34690  0.57%   228 1112s
 417844 314759   17.43272  108 1267   17.44620   17.34690  0.57%   228 1118s
 421372 317520   17.36866   66 1675   17.44620   17.34690  0.57%   228 1125s
 424583 320482   17.36876   56 1710   17.44620   17.34690  0.57%   228 1131s
 427920 323286   17.42367  149 1349   17.44620   17.34705  0.57%   228 1138s
 431174 327215   17.38573   78 1581   17.44620   17.34709  0.57%   229 1145s
 435269 330271   17.38381  135 1399   17.44620   17.34719  0.57%   228 1151s
 438745 332889   17.41599  231 1079   17.44620   17.34720  0.57%   228 1157s
 441747 335013   17.41806  100 1308   17.44620   17.34724  0.57%   229 1164s
 444565 336902   17.41399   59 1718   17.44620   17.34729  0.57%   229 1170s
 446939 339753   17.36676   59 1676   17.44620   17.34729  0.57%   230 1177s
 450291 342226   17.42788   94 1382   17.44620   17.34729  0.57%   230 1184s
 453196 344595   17.43130   96 1388   17.44620   17.34757  0.57%   231 1191s
 456107 348228 infeasible  102        17.44620   17.34765  0.56%   231 1198s
 460179 350578   17.38268   54 1677   17.44620   17.34766  0.56%   231 1205s
 463121 352759     cutoff   89        17.44620   17.34777  0.56%   232 1213s
 465829 355960   17.36022   62 1522   17.44620   17.34780  0.56%   233 1221s
 469658 360714   17.37478   66 1644   17.44620   17.34799  0.56%   233 1229s
 474774 364683   17.42990  179 1320   17.44620   17.34799  0.56%   233 1237s
 479224 366809   17.38966   71 1383   17.44620   17.34803  0.56%   233 1244s
H480248 366809                      17.4462034   17.34803  0.56%   233 1244s
H480899 366809                      17.4462034   17.34803  0.56%   233 1244s
 481798 368630   17.44445  136 1298   17.44620   17.34807  0.56%   233 1251s
 484116 370770   17.37399   59 1706   17.44620   17.34807  0.56%   234 1257s
 486667 374489   17.41719   97 1311   17.44620   17.34825  0.56%   234 1266s
H486761 374487                      17.4462034   17.34825  0.56%   235 1266s
H488568 374487                      17.4462033   17.34826  0.56%   234 1266s
 490545 377233   17.37893   60 1754   17.44620   17.34826  0.56%   234 1276s
 493641 380480   17.37174   67 1493   17.44620   17.34828  0.56%   234 1284s
 497527 383591   17.39766   90 1422   17.44620   17.34834  0.56%   235 1290s
 501198 386697   17.40774   77 1514   17.44620   17.34840  0.56%   235 1297s
 504664 391158     cutoff  109        17.44620   17.34840  0.56%   235 1304s
 509390 392647   17.40863  106 1407   17.44620   17.34849  0.56%   235 1310s
 511328 394190   17.42669   69 1522   17.44620   17.34855  0.56%   235 1317s
 513346 396886     cutoff   75        17.44620   17.34858  0.56%   236 1325s
 516288 400187   17.35640   55 1702   17.44620   17.34860  0.56%   236 1333s
 519976 402482   17.38124   52 1569   17.44620   17.34860  0.56%   236 1340s
 522886 405404   17.38343   67 1632   17.44620   17.34870  0.56%   237 1347s
 526385 406649   17.40941  107 1293   17.44620   17.34873  0.56%   237 1354s
 527861 411026   17.37014   83 1452   17.44620   17.34873  0.56%   238 1363s
 532860 414816   17.35620   49 1805   17.44620   17.34884  0.56%   238 1371s
 537214 417364   17.42123  111 1350   17.44620   17.34887  0.56%   237 1378s
 540480 419374   17.43872  200 1318   17.44620   17.34889  0.56%   238 1385s
 543037 421914   17.37519   63 1755   17.44620   17.34889  0.56%   239 1393s
 546197 424524   17.35894   53 1871   17.44620   17.34900  0.56%   239 1400s
 549324 426829   17.36903   62 1637   17.44620   17.34911  0.56%   239 1407s
 552124 430300   17.36481   59 1551   17.44620   17.34918  0.56%   240 1415s
 556101 433391   17.44441  107 1266   17.44620   17.34927  0.56%   240 1422s
 559651 436224   17.41465  131 1502   17.44620   17.34933  0.56%   240 1429s
 563088 438700   17.42127   91 1424   17.44620   17.34933  0.56%   241 1436s
H563347 438700                      17.4462033   17.34933  0.56%   241 1436s
 565975 441853   17.44606   90 1345   17.44620   17.34944  0.55%   241 1444s
 569643 444048   17.36810   48 1865   17.44620   17.34953  0.55%   241 1450s
 572459 446356   17.38319   54 1600   17.44620   17.34956  0.55%   241 1458s
H573009 446356                      17.4462033   17.34956  0.55%   241 1458s
 575191 448499   17.41620   65 1545   17.44620   17.34963  0.55%   242 1465s
 577765 450910   17.42290   76 1423   17.44620   17.34971  0.55%   242 1474s
 580809 453849   17.40027   75 1383   17.44620   17.34975  0.55%   243 1481s
 584244 456224     cutoff  126        17.44620   17.34979  0.55%   243 1487s
 587090 459397   17.40487   68 1424   17.44620   17.34986  0.55%   243 1494s
 590779 461802   17.42177   96 1389   17.44620   17.34992  0.55%   244 1502s
 593706 464078   17.41170   74 1367   17.44620   17.34994  0.55%   244 1510s
 596543 466341   17.41938  169 1371   17.44620   17.34998  0.55%   244 1517s
 599296 468593     cutoff   81        17.44620   17.35009  0.55%   245 1525s
 602162 470349   17.39234  163 1297   17.44620   17.35018  0.55%   246 1533s
 604304 473585   17.38349   72 1559   17.44620   17.35018  0.55%   246 1542s
 608273 476131   17.41825   64 1451   17.44620   17.35027  0.55%   246 1550s
 611342 478952   17.41854   79 1246   17.44620   17.35030  0.55%   247 1556s
 614694 481418   17.38708   71 1464   17.44620   17.35038  0.55%   247 1565s
 617760 485112     cutoff  110        17.44620   17.35039  0.55%   247 1572s
 621993 487376     cutoff   79        17.44620   17.35049  0.55%   247 1579s
 624750 489659   17.39384   70 1681   17.44620   17.35052  0.55%   247 1587s
 627555 491685   17.38740   73 1439   17.44620   17.35060  0.55%   248 1595s
 630080 493710     cutoff  116        17.44620   17.35065  0.55%   248 1602s
 632666 496073   17.40727   56 1759   17.44620   17.35071  0.55%   249 1610s
 635552 498637     cutoff   83        17.44620   17.35074  0.55%   250 1618s
 638720 500809   17.37988   61 1602   17.44620   17.35088  0.55%   250 1625s
 641613 502983     cutoff  111        17.44620   17.35088  0.55%   251 1632s
 644297 507510   17.37530   51 1764   17.44620   17.35095  0.55%   251 1641s
 649230 512467   17.38192   46 1840   17.44620   17.35108  0.55%   251 1647s
 654561 516152   17.36957   56 1543   17.44620   17.35108  0.55%   250 1653s
 658611 518162   17.42212  169 1331   17.44620   17.35109  0.55%   249 1658s
 661054 519871     cutoff  278        17.44620   17.35112  0.54%   250 1664s
 663199 522052   17.37694   50 1845   17.44620   17.35114  0.54%   250 1671s
 665873 523693   17.37129   69 1563   17.44620   17.35114  0.54%   250 1677s
 667954 525026   17.40074   77 1561   17.44620   17.35125  0.54%   251 1684s
 669477 526414   17.42084  120 1394   17.44620   17.35125  0.54%   251 1692s
 671259 528197   17.37950   69 1745   17.44620   17.35125  0.54%   251 1699s
 673636 531117     cutoff   96        17.44620   17.35130  0.54%   252 1709s
 677259 534021   17.43481  115 1449   17.44620   17.35140  0.54%   253 1718s
 680877 537110   17.39738  107 1539   17.44620   17.35148  0.54%   253 1728s
 684577 540509   17.40763   93 1313   17.44620   17.35158  0.54%   253 1736s
 688548 542986   17.37840   43 1751   17.44620   17.35158  0.54%   254 1744s
 691569 544944   17.40276   76 1478   17.44620   17.35163  0.54%   254 1753s
 694283 547768   17.38966   63 1485   17.44620   17.35172  0.54%   255 1760s
 697691 552492   17.42210  104 1400   17.44620   17.35176  0.54%   255 1770s
 702770 556205     cutoff  124        17.44620   17.35179  0.54%   255 1777s
 706970 558078   17.40389   77 1657   17.44620   17.35179  0.54%   255 1783s
 709400 559973     cutoff   52        17.44620   17.35182  0.54%   255 1789s
 711783 562242     cutoff   66        17.44620   17.35187  0.54%   255 1797s
 714527 565112     cutoff   59        17.44620   17.35189  0.54%   256 1803s
 717988 567605   17.37658   55 1825   17.44620   17.35195  0.54%   256 1810s
 720965 569671   17.43291  106 1341   17.44620   17.35200  0.54%   256 1818s
 723626 571787   17.39280   76 1457   17.44620   17.35203  0.54%   257 1825s
 726250 575033   17.42757   80 1319   17.44620   17.35203  0.54%   257 1832s
 729966 577918     cutoff  160        17.44620   17.35214  0.54%   257 1840s
 733456 581005   17.39786   62 1532   17.44620   17.35214  0.54%   257 1848s
 737014 583168   17.37858   62 1522   17.44620   17.35223  0.54%   257 1855s
 739795 585578   17.37378   64 1598   17.44620   17.35225  0.54%   257 1862s
 742928 588261   17.42801  131 1466   17.44620   17.35231  0.54%   258 1869s
 746235 591766     cutoff  196        17.44620   17.35237  0.54%   258 1876s
 750110 595471   17.41291  124 1393   17.44620   17.35239  0.54%   258 1883s
 754144 599094     cutoff  183        17.44620   17.35243  0.54%   257 1890s
 758162 601376   17.44112  191 1225   17.44620   17.35243  0.54%   257 1897s
 761148 603568   17.44127   75 1494   17.44620   17.35245  0.54%   257 1904s
 764011 606406   17.38943   80 1436   17.44620   17.35247  0.54%   257 1911s
 767461 608022   17.40274   70 1404   17.44620   17.35250  0.54%   258 1919s
 769560 611308     cutoff  137        17.44620   17.35253  0.54%   258 1927s
 773402 615026   17.41819   81 1393   17.44620   17.35257  0.54%   258 1935s
 777577 617784   17.38710  133 1374   17.44620   17.35259  0.54%   258 1943s
 780480 621989   17.40559  178 1288   17.44620   17.35259  0.54%   257 1951s
 785191 624461   17.41593  301 1056   17.44620   17.35268  0.54%   257 1958s
 788469 627030   17.44025  335 1040   17.44620   17.35268  0.54%   257 1965s
 791482 629592   17.44517  343 1115   17.44620   17.35273  0.54%   257 1971s
 794558 631980     cutoff  100        17.44620   17.35280  0.54%   257 1979s
 797415 634225   17.36920   43 1749   17.44620   17.35280  0.54%   258 1987s
 800207 636790   17.39291   65 1408   17.44620   17.35285  0.54%   258 1995s
 803209 641645   17.41244   77 1461   17.44620   17.35287  0.53%   259 2006s
 808500 643267   17.44042  145 1329   17.44620   17.35293  0.53%   258 2013s
 810734 647375   17.37518   62 1664   17.44620   17.35293  0.53%   259 2021s
 815424 649778   17.39686   78 1409   17.44620   17.35299  0.53%   259 2029s
 818453 653122   17.41782   82 1495   17.44620   17.35299  0.53%   259 2036s
 822326 655752 infeasible  121        17.44620   17.35310  0.53%   259 2044s
 825601 658272   17.37605   55 1784   17.44620   17.35310  0.53%   259 2051s
 828718 660856     cutoff  123        17.44620   17.35315  0.53%   259 2059s
 831847 663544     cutoff  108        17.44620   17.35318  0.53%   260 2067s
 835066 666924   17.38439   75 1528   17.44620   17.35324  0.53%   260 2074s
 838853 672641   17.38337   73 1455   17.44620   17.35328  0.53%   260 2083s
 844914 675417   17.42969  105 1091   17.44620   17.35328  0.53%   259 2090s
 848096 677327     cutoff  123        17.44620   17.35328  0.53%   259 2096s
 850552 679312   17.42984  129 1341   17.44620   17.35333  0.53%   259 2103s
 853009 681317     cutoff  110        17.44620   17.35336  0.53%   260 2110s
 855465 684158   17.43807   95 1291   17.44620   17.35336  0.53%   260 2117s
 858897 686567     cutoff  217        17.44620   17.35341  0.53%   260 2124s
 861741 689933   17.40402   59 1716   17.44620   17.35346  0.53%   260 2132s
 865562 692444   17.40270  128 1508   17.44620   17.35350  0.53%   260 2139s
 868562 694682   17.37033   56 1675   17.44620   17.35352  0.53%   260 2146s
 871384 697242     cutoff   55        17.44620   17.35355  0.53%   261 2152s
 874322 698794   17.40315  259 1096   17.44620   17.35357  0.53%   260 2162s
 875973 701937   17.43160  283 1049   17.44620   17.35358  0.53%   260 2170s
 879734 706047   17.38888   81 1424   17.44620   17.35358  0.53%   260 2178s
 884217 708877   17.42826  167 1345   17.44620   17.35360  0.53%   260 2186s
 887600 712344   17.43943  249 1297   17.44620   17.35365  0.53%   260 2194s
 891297 714225   17.42644   82 1523   17.44620   17.35366  0.53%   260 2200s
 893691 717753   17.40977   75 1536   17.44620   17.35369  0.53%   260 2207s
 897736 721277   17.41645  248 1064   17.44620   17.35370  0.53%   260 2215s
 901728 723350   17.37229   65 1523   17.44620   17.35372  0.53%   260 2221s
 904228 724798   17.37751   54 1850   17.44620   17.35373  0.53%   260 2229s
 905981 728275   17.39116   65 1253   17.44620   17.35374  0.53%   261 2237s
 910074 730956   17.44108   56 1665   17.44620   17.35379  0.53%   261 2244s
 913245 735202   17.38304   57 1791   17.44620   17.35379  0.53%   261 2250s
 917856 739484   17.38001   93 1615   17.44620   17.35386  0.53%   260 2258s
 922556 740953   17.43094  263 1242   17.44620   17.35386  0.53%   260 2264s
 924455 742752   17.40524   96 1443   17.44620   17.35392  0.53%   260 2271s
 926746 745146   17.43448   56 1699   17.44620   17.35394  0.53%   260 2277s
 929502 749029   17.41747  113 1282   17.44620   17.35397  0.53%   260 2284s
 933673 750892   17.43444  177 1388   17.44620   17.35397  0.53%   260 2291s
 936009 752466     cutoff  121        17.44620   17.35402  0.53%   260 2298s
 938097 755380   17.36774   58 1657   17.44620   17.35403  0.53%   261 2306s
 941488 759035   17.36945   53 1842   17.44620   17.35407  0.53%   261 2313s
 945725 761426   17.39988   82 1414   17.44620   17.35412  0.53%   261 2320s
 948620 763278   17.41119   72 1503   17.44620   17.35413  0.53%   261 2327s
 951042 765945   17.37745   61 1733   17.44620   17.35414  0.53%   261 2336s
 954677 768785   17.38391   51 1698   17.44620   17.35420  0.53%   262 2345s
 958180 771398     cutoff  150        17.44620   17.35422  0.53%   262 2354s
 961420 774910   17.36649   55 1767   17.44620   17.35429  0.53%   263 2363s
 965651 777420   17.36400   71 1580   17.44620   17.35431  0.53%   263 2371s
 968826 780003   17.36384   59 1741   17.44620   17.35436  0.53%   263 2379s
 972058 781256     cutoff  168        17.44620   17.35436  0.53%   263 2387s
 973564 785204   17.38289   78 1570   17.44620   17.35442  0.53%   264 2397s
 978131 788348   17.36909   58 1619   17.44620   17.35442  0.53%   264 2404s
 981677 792123     cutoff  187        17.44620   17.35449  0.53%   264 2411s
 985706 793885   17.37659   60 1602   17.44620   17.35451  0.53%   263 2417s
 988007 795893   17.41591   74 1584   17.44620   17.35451  0.53%   264 2424s
 990528 798375   17.38076   59 1581   17.44620   17.35453  0.53%   264 2431s
 993466 800399 infeasible  108        17.44620   17.35454  0.53%   264 2438s
 996067 802436   17.43701  126 1392   17.44620   17.35459  0.53%   264 2446s
 998658 804351     cutoff  155        17.44620   17.35460  0.53%   265 2454s
 1001301 806072     cutoff   72        17.44620   17.35460  0.53%   265 2463s
 1003828 809560   17.38856   72 1515   17.44620   17.35464  0.52%   266 2472s
 1007874 811972     cutoff  188        17.44620   17.35467  0.52%   266 2479s
 1010857 815026   17.36719   59 1631   17.44620   17.35468  0.52%   266 2487s
 1014498 817463   17.44568  102 1234   17.44620   17.35476  0.52%   266 2495s
 1017503 820349   17.44078  135 1299   17.44620   17.35477  0.52%   266 2503s
 1020897 822805   17.44401   89 1463   17.44620   17.35479  0.52%   266 2510s
 1023839 825768   17.44099  121 1132   17.44620   17.35479  0.52%   267 2518s
 1027443 828823   17.44474  162 1299   17.44620   17.35484  0.52%   267 2525s
 1030951 833076     cutoff  229        17.44620   17.35487  0.52%   267 2533s
 1035680 835812   17.38023   54 1602   17.44620   17.35491  0.52%   267 2540s
 1038867 836644   17.44419  102 1261   17.44620   17.35491  0.52%   266 2547s
 1039976 843752   17.38336   70 1593   17.44620   17.35491  0.52%   267 2567s
 1048655 846672   17.37477   57 1901   17.44620   17.35504  0.52%   267 2576s
 1052204 849393   17.37315   66 1574   17.44620   17.35507  0.52%   268 2584s
 1055482 851599   17.36344   61 1667   17.44620   17.35508  0.52%   268 2593s
 1058323 855112   17.40108   78 1534   17.44620   17.35513  0.52%   268 2602s
 1062455 858847   17.44011  178 1266   17.44620   17.35516  0.52%   268 2611s
 1066743 862995   17.44509  136 1285   17.44620   17.35518  0.52%   268 2618s
 1071439 866267   17.44052  179 1224   17.44620   17.35521  0.52%   268 2626s
 1075115 868119   17.43748   86 1379   17.44620   17.35523  0.52%   268 2632s
 1077465 870280     cutoff   90        17.44620   17.35525  0.52%   268 2640s
 1080241 872953   17.41084   52 1798   17.44620   17.35528  0.52%   268 2647s
 1083543 875470   17.40454   54 1672   17.44620   17.35532  0.52%   269 2655s
 1086604 877540   17.40539   84 1725   17.44620   17.35537  0.52%   269 2663s
 1089291 880598     cutoff  100        17.44620   17.35538  0.52%   269 2672s
 1092834 882243   17.41207  105 1432   17.44620   17.35538  0.52%   269 2680s
 1095236 884792   17.38577   53 1669   17.44620   17.35547  0.52%   270 2689s
 1098194 889108   17.44539   89 1381   17.44620   17.35548  0.52%   270 2698s
 1102844 892505   17.43972   76 1419   17.44620   17.35549  0.52%   270 2706s
 1106858 894799   17.42307  110 1455   17.44620   17.35549  0.52%   270 2712s
 1109713 896512   17.44070  113 1294   17.44620   17.35551  0.52%   270 2720s
 1111897 898449   17.37609   65 1613   17.44620   17.35552  0.52%   270 2727s
 1114489 900132   17.37008   48 1835   17.44620   17.35558  0.52%   270 2735s
 1116680 902385   17.38220   85 1492   17.44620   17.35559  0.52%   271 2744s
 1119579 904435   17.36648   70 1629   17.44620   17.35561  0.52%   271 2752s
 1122088 909025   17.40932  129 1275   17.44620   17.35562  0.52%   271 2761s
 1127106 912389   17.43924  256 1223   17.44620   17.35562  0.52%   271 2769s
 1130971 915399   17.37396   51 1778   17.44620   17.35562  0.52%   271 2776s
 1134524 918123   17.36945   57 1609   17.44620   17.35571  0.52%   271 2784s
 1137774 920652   17.37318   89 1524   17.44620   17.35571  0.52%   271 2791s
 1140925 923946   17.40362   72 1490   17.44620   17.35576  0.52%   271 2799s
 1144790 926610   17.40498   78 1511   17.44620   17.35578  0.52%   271 2805s
 1147753 929992   17.39078   54 1773   17.44620   17.35578  0.52%   271 2813s
 1151577 931897   17.44119  104 1461   17.44620   17.35578  0.52%   271 2820s
 1154165 934498   17.37116   56 1736   17.44620   17.35583  0.52%   271 2827s
 1157332 937126   17.43064  202 1231   17.44620   17.35583  0.52%   271 2835s
 1160591 939610     cutoff  143        17.44620   17.35588  0.52%   272 2843s
 1163647 942843   17.41717   74 1507   17.44620   17.35589  0.52%   272 2851s
 1167273 945530   17.41378   77 1496   17.44620   17.35591  0.52%   272 2858s
 1170260 947730     cutoff  122        17.44620   17.35591  0.52%   272 2866s
 1172980 950171   17.38760   66 1664   17.44620   17.35594  0.52%   272 2873s
 1175846 952668   17.42207  142 1379   17.44620   17.35595  0.52%   272 2881s
 1178924 955291   17.36965   56 1640   17.44620   17.35597  0.52%   272 2888s
 1182195 959484   17.37116   71 1632   17.44620   17.35602  0.52%   273 2896s
 1186835 963494   17.40757   73 1489   17.44620   17.35602  0.52%   272 2904s
 1191273 965370     cutoff  114        17.44620   17.35605  0.52%   272 2912s
 1193747 968966   17.39174   96 1436   17.44620   17.35607  0.52%   272 2919s
 1197724 972601   17.42560   94 1290   17.44620   17.35609  0.52%   272 2925s
 1201614 974696   17.38697   78 1516   17.44620   17.35609  0.52%   272 2931s
 1204171 977315   17.37742   67 1608   17.44620   17.35610  0.52%   272 2937s
 1207108 981332   17.41076  119 1326   17.44620   17.35611  0.52%   272 2944s
 1211455 982795   17.42895   74 1713   17.44620   17.35613  0.52%   271 2950s
 1213287 984496   17.37112   64 1702   17.44620   17.35614  0.52%   272 2956s
 1215306 985807   17.44488  121 1184   17.44620   17.35616  0.52%   272 2964s
 1217025 988923   17.39882   80 1256   17.44620   17.35616  0.52%   272 2971s
 1220711 992920   17.44436  120 1215   17.44620   17.35619  0.52%   272 2979s
 1225233 996399   17.42301   95 1515   17.44620   17.35622  0.52%   272 2987s
 1229268 998290   17.42054  100 1274   17.44620   17.35626  0.52%   272 2992s
 1231635 1000607   17.42046  110 1468   17.44620   17.35627  0.52%   272 3000s
 1234356 1003104   17.42558  354 1315   17.44620   17.35630  0.52%   272 3007s
 1237426 1004627     cutoff   60        17.44620   17.35631  0.52%   272 3015s
 1239540 1007507   17.37441   62 1691   17.44620   17.35634  0.52%   272 3023s
 1243017 1010203   17.40930   62 1612   17.44620   17.35635  0.52%   272 3031s
 1246234 1012842   17.42833   76 1458   17.44620   17.35635  0.52%   273 3039s
 1249432 1015564   17.40996   63 1529   17.44620   17.35640  0.51%   273 3046s
 1252733 1018468     cutoff  109        17.44620   17.35644  0.51%   273 3055s
 1256238 1020877   17.44231  149 1409   17.44620   17.35646  0.51%   273 3062s
 1259211 1023741     cutoff  130        17.44620   17.35649  0.51%   273 3069s
 1262688 1026400   17.41239   69 1571   17.44620   17.35652  0.51%   273 3078s
 1265888 1029082   17.38074   87 1645   17.44620   17.35653  0.51%   273 3086s
 1269223 1032103   17.39629   85 1306   17.44620   17.35654  0.51%   273 3093s
 1272807 1033983     cutoff   99        17.44620   17.35657  0.51%   274 3102s
 1275036 1037742   17.42474   88 1413   17.44620   17.35659  0.51%   274 3111s
 1279030 1040237   17.44208  144 1476   17.44620   17.35659  0.51%   273 3120s
 1282177 1042151     cutoff  143        17.44620   17.35659  0.51%   274 3128s
 1284824 1044709     cutoff  114        17.44620   17.35659  0.51%   274 3136s
 1288083 1046712   17.39235   65 1645   17.44620   17.35665  0.51%   274 3144s
 1290695 1049249   17.39193   86 1547   17.44620   17.35667  0.51%   275 3154s
 1293860 1051994   17.36207   56 1785   17.44620   17.35670  0.51%   275 3163s
 1297280 1054518     cutoff  176        17.44620   17.35674  0.51%   275 3172s
 1300530 1058128   17.39285   75 1634   17.44620   17.35676  0.51%   276 3182s
 1304910 1061139   17.40734   76 1493   17.44620   17.35679  0.51%   276 3191s
 1308722 1062364   17.36655   52 1850   17.44620   17.35682  0.51%   276 3199s
 1310821 1065552   17.37045   52 1843   17.44620   17.35684  0.51%   276 3209s
 1314461 1069092   17.39369   75 1492   17.44620   17.35686  0.51%   277 3218s
 1318543 1071797   17.44502  151 1350   17.44620   17.35686  0.51%   277 3225s
 1321717 1074425     cutoff  104        17.44620   17.35689  0.51%   277 3232s
 1324910 1076975   17.41684  101 1422   17.44620   17.35690  0.51%   277 3241s
 1328051 1080410   17.38235   71 1502   17.44620   17.35695  0.51%   277 3249s
 1332143 1084268     cutoff  138        17.44620   17.35698  0.51%   277 3257s
 1336513 1086937   17.39541   70 1690   17.44620   17.35698  0.51%   277 3264s
 1339649 1089856     cutoff  146        17.44620   17.35699  0.51%   277 3271s
 1343110 1092386     cutoff  122        17.44620   17.35700  0.51%   277 3278s
 1346231 1094741   17.40506  142 1538   17.44620   17.35705  0.51%   277 3286s
 1349118 1097225   17.41585  105 1464   17.44620   17.35705  0.51%   277 3294s
 1352098 1100393   17.42639  107 1297   17.44620   17.35705  0.51%   277 3303s
 1355831 1102168   17.39247   79 1551   17.44620   17.35711  0.51%   277 3313s
 1358125 1104916   17.39642   72 1603   17.44620   17.35711  0.51%   277 3322s
 1361529 1109056   17.38502   69 1545   17.44620   17.35716  0.51%   277 3330s
 1366084 1112867     cutoff  152        17.44620   17.35716  0.51%   277 3338s
 1370365 1117074   17.44009  345 1138   17.44620   17.35721  0.51%   277 3345s
 1375081 1119664   17.43825  281 1253   17.44620   17.35721  0.51%   277 3352s
 1378182 1122064   17.42738  196 1094   17.44620   17.35722  0.51%   277 3359s
 1381153 1123993   17.41045   94 1552   17.44620   17.35724  0.51%   277 3368s
 1383694 1126500   17.44529   83 1298   17.44620   17.35726  0.51%   277 3377s
 1386844 1131235     cutoff   56        17.44620   17.35730  0.51%   277 3387s
 1391994 1136694   17.41591   91 1420   17.44620   17.35733  0.51%   277 3395s
 1397867 1138698   17.44278  115 1316   17.44620   17.35733  0.51%   276 3402s
 1400448 1141104     cutoff  119        17.44620   17.35733  0.51%   277 3408s
 1403380 1143442     cutoff  136        17.44620   17.35734  0.51%   277 3415s
 1406159 1146067   17.43629  107 1438   17.44620   17.35736  0.51%   277 3422s
 1409419 1148296   17.43981  110 1492   17.44620   17.35737  0.51%   277 3430s
 1412213 1150441   17.37215   64 1610   17.44620   17.35739  0.51%   277 3439s
 1414996 1153934     cutoff   88        17.44620   17.35741  0.51%   278 3447s
 1419135 1157032     cutoff  130        17.44620   17.35743  0.51%   278 3456s
 1422913 1160055   17.37648   60 1722   17.44620   17.35745  0.51%   278 3465s
 1426574 1162569   17.43803  168 1232   17.44620   17.35745  0.51%   278 3473s
 1429626 1164446   17.37387   70 1542   17.44620   17.35748  0.51%   278 3483s
 1431997 1167233   17.42684  158 1301   17.44620   17.35750  0.51%   278 3491s
 1435495 1170730   17.39698   56 1508   17.44620   17.35750  0.51%   278 3500s
 1439515 1173397   17.44616   86 1347   17.44620   17.35753  0.51%   278 3508s
 1442688 1176590   17.38545   75 1408   17.44620   17.35756  0.51%   279 3516s
 1446497 1178548   17.36945   52 1739   17.44620   17.35756  0.51%   279 3523s
H1448458 1178548                      17.4462033   17.35758  0.51%   279 3523s
 1448807 1183020   17.36998   60 1602   17.44620   17.35758  0.51%   279 3531s
 1453719 1185452   17.43181  212 1210   17.44620   17.35759  0.51%   278 3538s
 1456720 1187321     cutoff   92        17.44620   17.35760  0.51%   278 3545s
 1459234 1189953   17.38710   77 1452   17.44620   17.35763  0.51%   279 3552s
 1462450 1191899   17.38772   63 1636   17.44620   17.35765  0.51%   279 3559s
 1465000 1194651   17.44193  125 1213   17.44620   17.35765  0.51%   279 3567s
 1468351 1197235     cutoff   93        17.44620   17.35769  0.51%   279 3576s
 1471604 1200607     cutoff  331        17.44620   17.35772  0.51%   279 3583s
 1475370 1204548   17.43688  109 1358   17.44620   17.35774  0.51%   279 3590s
[2026-06-01T13:11:19.268] error: *** JOB 14064677 ON x1005c5s1b1n1 CANCELLED AT 2026-06-01T13:11:19 DUE TO TIME LIMIT ***
