2026-05-22 17:34:10 [INFO] idaes.core.surrogate.pysmo_surrogate: Decode surrogate. type=poly

===========================Polynomial Regression===============================================

The number of cross-validation cases (3) is used.
The default training/cross-validation split of 0.75 is used.
No iterations will be run.
Default parameter estimation method is used.
Parameter estimation method:  pyomo 

2026-05-22 17:34:10 [INFO] idaes.core.surrogate.pysmo_surrogate: Decode surrogate. type=poly

===========================Polynomial Regression===============================================

The number of cross-validation cases (3) is used.
The default training/cross-validation split of 0.75 is used.
No iterations will be run.
Default parameter estimation method is used.
Parameter estimation method:  pyomo 

2026-05-22 17:34:10 [INFO] idaes.core.surrogate.pysmo_surrogate: Decode surrogate. type=poly

===========================Polynomial Regression===============================================

The number of cross-validation cases (3) is used.
The default training/cross-validation split of 0.75 is used.
No iterations will be run.
Default parameter estimation method is used.
Parameter estimation method:  pyomo 

2026-05-22 17:34:10 [INFO] idaes.core.surrogate.pysmo_surrogate: Decode surrogate. type=poly

===========================Polynomial Regression===============================================

The number of cross-validation cases (3) is used.
The default training/cross-validation split of 0.75 is used.
No iterations will be run.
Default parameter estimation method is used.
Parameter estimation method:  pyomo 

2026-05-22 17:34:12 [INFO] idaes.apps.grid_integration.pricetaker.price_taker_model: Found minimum uptime/downtime data for pretreatment.uf_pumps[1] - Adding minimum uptime/downtime constraints.
2026-05-22 17:34:12 [INFO] idaes.apps.grid_integration.pricetaker.price_taker_model: Created startup/shutdown constraints for operation model  pretreatment.uf_pumps[1] at uf_pumps_1_startup_shutdown.
2026-05-22 17:34:12 [INFO] idaes.apps.grid_integration.pricetaker.price_taker_model: Found minimum uptime/downtime data for pretreatment.uf_pumps[2] - Adding minimum uptime/downtime constraints.
2026-05-22 17:34:12 [INFO] idaes.apps.grid_integration.pricetaker.price_taker_model: Created startup/shutdown constraints for operation model  pretreatment.uf_pumps[2] at uf_pumps_2_startup_shutdown.
2026-05-22 17:34:12 [INFO] idaes.apps.grid_integration.pricetaker.price_taker_model: Found minimum uptime/downtime data for pretreatment.uf_pumps[3] - Adding minimum uptime/downtime constraints.
2026-05-22 17:34:12 [INFO] idaes.apps.grid_integration.pricetaker.price_taker_model: Created startup/shutdown constraints for operation model  pretreatment.uf_pumps[3] at uf_pumps_3_startup_shutdown.
2026-05-22 17:34:12 [INFO] idaes.apps.grid_integration.pricetaker.price_taker_model: Found minimum uptime/downtime data for reverse_osmosis.ro_skid[1] - Adding minimum uptime/downtime constraints.
2026-05-22 17:34:12 [INFO] idaes.apps.grid_integration.pricetaker.price_taker_model: Created startup/shutdown constraints for operation model  reverse_osmosis.ro_skid[1] at ro_skid_1_startup_shutdown.
2026-05-22 17:34:12 [INFO] idaes.apps.grid_integration.pricetaker.price_taker_model: Found minimum uptime/downtime data for reverse_osmosis.ro_skid[2] - Adding minimum uptime/downtime constraints.
2026-05-22 17:34:12 [INFO] idaes.apps.grid_integration.pricetaker.price_taker_model: Created startup/shutdown constraints for operation model  reverse_osmosis.ro_skid[2] at ro_skid_2_startup_shutdown.
2026-05-22 17:34:12 [INFO] idaes.apps.grid_integration.pricetaker.price_taker_model: Found minimum uptime/downtime data for reverse_osmosis.ro_skid[3] - Adding minimum uptime/downtime constraints.
2026-05-22 17:34:12 [INFO] idaes.apps.grid_integration.pricetaker.price_taker_model: Created startup/shutdown constraints for operation model  reverse_osmosis.ro_skid[3] at ro_skid_3_startup_shutdown.
2026-05-22 17:34:12 [INFO] idaes.apps.grid_integration.pricetaker.price_taker_model: Found minimum uptime/downtime data for reverse_osmosis.ro_skid[4] - Adding minimum uptime/downtime constraints.
2026-05-22 17:34:12 [INFO] idaes.apps.grid_integration.pricetaker.price_taker_model: Created startup/shutdown constraints for operation model  reverse_osmosis.ro_skid[4] at ro_skid_4_startup_shutdown.
4873
Set parameter TokenServer to value "10.60.1.73"
Set parameter LogToConsole to value 1
Set parameter MIPGap to value 0.01
Gurobi Optimizer version 12.0.3 build v12.0.3rc0 (linux64 - "Red Hat Enterprise Linux 8.8 (Ootpa)")

CPU model: Intel(R) Xeon(R) Platinum 8470QL, instruction set [SSE2|AVX|AVX2|AVX512]
Thread count: 104 physical cores, 104 logical processors, using up to 32 threads

Non-default parameters:
MIPGap  0.01

Optimize a model with 17409 rows, 17648 columns and 53861 nonzeros
Model fingerprint: 0x0fa84c86
Model has 3528 quadratic constraints
Model has 673 general nonlinear constraints (840 nonlinear terms)
Variable types: 12441 continuous, 5207 integer (5207 binary)
Coefficient statistics:
  Matrix range     [2e-02, 2e+03]
  QMatrix range    [2e-07, 1e+00]
  QLMatrix range   [1e-04, 2e+00]
  Objective range  [1e+00, 1e+00]
  Bounds range     [9e-01, 1e+03]
  RHS range        [1e+00, 3e+05]
  QRHS range       [3e-01, 1e+00]
Presolve model has 673 nlconstr
Added 3028 variables to disaggregate expressions.
Presolve removed 5556 rows and 5241 columns
Presolve time: 0.16s
Presolved: 38922 rows, 17956 columns, 102194 nonzeros
Presolved model has 336 SOS constraint(s)
Presolved model has 4874 bilinear constraint(s)
Presolved model has 674 nonlinear constraint(s)

Solving non-convex MINLP

Variable types: 14625 continuous, 3331 integer (3331 binary)

Root simplex log...

Iteration    Objective       Primal Inf.    Dual Inf.      Time
   50199    8.1973916e+00   0.000000e+00   1.253593e-01      5s
   59029    7.8763364e+00   0.000000e+00   2.670476e+00     10s
   65699    7.7329948e+00   0.000000e+00   2.194676e+00     15s
   66553    7.7260932e+00   0.000000e+00   0.000000e+00     16s

Root relaxation: objective 7.726093e+00, 66553 iterations, 15.35 seconds (29.67 work units)
Total elapsed time = 15.72s (DegenMoves)

    Nodes    |    Current Node    |     Objective Bounds      |     Work
 Expl Unexpl |  Obj  Depth IntInf | Incumbent    BestBd   Gap | It/Node Time

     0     0    7.72609    0 7623          -    7.72609      -     -   16s
     0     0    8.37325    0 7271          -    8.37325      -     -   65s
     0     0    8.37325    0 7271          -    8.37325      -     -   65s
     0     0    9.40801    0 6660          -    9.40801      -     -   80s
     0     0    9.87473    0 6261          -    9.87473      -     -  120s
     0     0    9.87473    0 6603          -    9.87473      -     -  139s
     0     0    9.90029    0 6273          -    9.90029      -     -  161s
     0     0    9.95131    0 5916          -    9.95131      -     -  174s
     0     0    9.95131    0 6278          -    9.95131      -     -  192s
     0     0    9.95131    0 6656          -    9.95131      -     -  219s
     0     0    9.95131    0 6119          -    9.95131      -     -  239s
     0     0    9.95131    0 6618          -    9.95131      -     -  266s
     0     0    9.95131    0 6174          -    9.95131      -     -  289s
     0     0    9.99614    0 5048          -    9.99614      -     -  296s
     0     2    9.99614    0 5050          -    9.99614      -     -  299s
     1     4    9.99614    1 5771          -    9.99614      -  8868  306s
     2     5    9.99614    2 5770          -    9.99614      -  4438  314s
     3     7    9.99614    3 5764          -    9.99614      -  2962  323s
     6    14    9.99614    4 5766          -    9.99614      - 10845  333s
    13    17   10.12831    5 5479          -    9.99614      - 17465  365s
    16    27   10.08901    6 5593          -    9.99614      - 19808  392s
    26    41 infeasible    7               -    9.99614      - 14094  428s
    42    72   10.20796    8 6229          -    9.99614      - 30263  477s
    73   143   10.17259    9 6179          -    9.99614      - 38405  523s
H  143   143                      11.0212253    9.99614  9.30% 27460  523s
   146   190   10.12167   12 6517   11.02123    9.99614  9.30% 27331  553s
   199   236   10.41691   14 5288   11.02123    9.99614  9.30% 28001  580s
   259   295   10.47024   15 5081   11.02123    9.99614  9.30% 28014  606s
H  260   295                      11.0193886    9.99614  9.29% 27906  606s
   330   354   10.41623   16 5401   11.01939    9.99614  9.29% 27458  631s
   391   399   10.44614   16 5334   11.01939    9.99614  9.29% 27712  655s
H  392   399                      11.0093157    9.99614  9.20% 27641  655s
H  399   399                      11.0074486    9.99614  9.19% 27474  655s
H  412   399                      10.9966282    9.99614  9.10% 27430  655s
   464   417   10.89239   25 2460   10.99663    9.99614  9.10% 26956  680s
   516   450   10.50215   17 5862   10.99663    9.99614  9.10% 26883  702s
H  550   450                      10.9962990    9.99614  9.10% 26650  702s
   571   497   10.58841   17 5315   10.99630    9.99614  9.10% 26618  723s
   634   537   10.60366   18 5487   10.99630    9.99614  9.10% 26423  747s
H  636   537                      10.9955990    9.99614  9.09% 26431  747s
H  654   537                      10.9721353    9.99614  8.90% 26441  747s
   692   564   10.59603   19 5550   10.97214    9.99614  8.90% 26448  770s
   743   582   10.65176   20 5089   10.97214    9.99614  8.90% 26399  796s
H  784   582                      10.9528205    9.99614  8.73% 26475  796s
   791   577   10.67324   20 5338   10.95282    9.99614  8.73% 26513  819s
   846   572   10.63385   21 5026   10.95282    9.99614  8.73% 26606  850s
   883   584   10.64824   22 5283   10.95282    9.99614  8.73% 26813  873s
   930   601   10.71698   23 5263   10.95282    9.99614  8.73% 26811  896s
H  976   601                      10.9519052    9.99614  8.73% 26841  896s
   987   636   10.79751   24 4772   10.95191    9.99614  8.73% 26774  919s
  1059   687   10.94606   27 3283   10.95191    9.99614  8.73% 26865  947s
H 1112   687                      10.9518042    9.99614  8.73% 26662  947s
  1146   742     cutoff   43        10.95180    9.99614  8.73% 26721  971s
H 1246   793                      10.9494337    9.99614  8.71% 26585  998s
H 1262   793                      10.9460073    9.99614  8.68% 26444  998s
H 1290   793                      10.9408947    9.99614  8.64% 26281  998s
  1389   794     cutoff   37        10.94089    9.99614  8.64% 25902 1024s
  1523   806     cutoff   45        10.94089    9.99614  8.64% 25132 1055s
H 1589   806                      10.9408947    9.99614  8.64% 24739 1055s
H 1622   806                      10.9407774    9.99614  8.63% 24674 1055s
H 1629   806                      10.9406110    9.99614  8.63% 24680 1055s
  1637   855     cutoff   47        10.94061    9.99614  8.63% 24676 1085s
  1783   917   10.88672   74 1960   10.94061    9.99614  8.63% 23996 1114s
H 1840   917                      10.9406110    9.99614  8.63% 23850 1114s
  1967   950     cutoff   58        10.94061    9.99614  8.63% 23560 1144s
  2165   955   10.88359   60 3432   10.94061    9.99614  8.63% 22975 1177s
H 2179   955                      10.9406110    9.99614  8.63% 22998 1177s
H 2196   955                      10.9403956    9.99614  8.63% 23005 1177s
H 2242   955                      10.9397227    9.99614  8.63% 23003 1177s
  2322   947   10.90577   62 3352   10.93972    9.99614  8.63% 22713 1210s
  2434   969   10.90474   62 3013   10.93972    9.99614  8.63% 22532 1241s
H 2466   969                      10.9388795    9.99614  8.62% 22493 1241s
[2026-05-22T17:55:28.625] error: *** JOB 13956280 ON x1005c0s4b0n1 CANCELLED AT 2026-05-22T17:55:28 DUE to SIGNAL Terminated ***
