2026-06-01 13:45:34 [INFO] idaes.core.surrogate.pysmo_surrogate: Decode surrogate. type=poly

===========================Polynomial Regression===============================================

The number of cross-validation cases (3) is used.
The default training/cross-validation split of 0.75 is used.
No iterations will be run.
Default parameter estimation method is used.
Parameter estimation method:  pyomo 

2026-06-01 13:45:34 [INFO] idaes.core.surrogate.pysmo_surrogate: Decode surrogate. type=poly

===========================Polynomial Regression===============================================

The number of cross-validation cases (3) is used.
The default training/cross-validation split of 0.75 is used.
No iterations will be run.
Default parameter estimation method is used.
Parameter estimation method:  pyomo 

2026-06-01 13:45:34 [INFO] idaes.core.surrogate.pysmo_surrogate: Decode surrogate. type=poly

===========================Polynomial Regression===============================================

The number of cross-validation cases (3) is used.
The default training/cross-validation split of 0.75 is used.
No iterations will be run.
Default parameter estimation method is used.
Parameter estimation method:  pyomo 

2026-06-01 13:45:34 [INFO] idaes.core.surrogate.pysmo_surrogate: Decode surrogate. type=poly

===========================Polynomial Regression===============================================

The number of cross-validation cases (3) is used.
The default training/cross-validation split of 0.75 is used.
No iterations will be run.
Default parameter estimation method is used.
Parameter estimation method:  pyomo 

2026-06-01 13:45:36 [INFO] idaes.apps.grid_integration.pricetaker.price_taker_model: Found minimum uptime/downtime data for pretreatment.uf_pumps[1] - Adding minimum uptime/downtime constraints.
2026-06-01 13:45:36 [INFO] idaes.apps.grid_integration.pricetaker.price_taker_model: Created startup/shutdown constraints for operation model  pretreatment.uf_pumps[1] at uf_pumps_1_startup_shutdown.
2026-06-01 13:45:36 [INFO] idaes.apps.grid_integration.pricetaker.price_taker_model: Found minimum uptime/downtime data for pretreatment.uf_pumps[2] - Adding minimum uptime/downtime constraints.
2026-06-01 13:45:36 [INFO] idaes.apps.grid_integration.pricetaker.price_taker_model: Created startup/shutdown constraints for operation model  pretreatment.uf_pumps[2] at uf_pumps_2_startup_shutdown.
2026-06-01 13:45:36 [INFO] idaes.apps.grid_integration.pricetaker.price_taker_model: Found minimum uptime/downtime data for pretreatment.uf_pumps[3] - Adding minimum uptime/downtime constraints.
2026-06-01 13:45:36 [INFO] idaes.apps.grid_integration.pricetaker.price_taker_model: Created startup/shutdown constraints for operation model  pretreatment.uf_pumps[3] at uf_pumps_3_startup_shutdown.
2026-06-01 13:45:36 [INFO] idaes.apps.grid_integration.pricetaker.price_taker_model: Found minimum uptime/downtime data for reverse_osmosis.ro_skid[1] - Adding minimum uptime/downtime constraints.
2026-06-01 13:45:36 [INFO] idaes.apps.grid_integration.pricetaker.price_taker_model: Created startup/shutdown constraints for operation model  reverse_osmosis.ro_skid[1] at ro_skid_1_startup_shutdown.
2026-06-01 13:45:36 [INFO] idaes.apps.grid_integration.pricetaker.price_taker_model: Found minimum uptime/downtime data for reverse_osmosis.ro_skid[2] - Adding minimum uptime/downtime constraints.
2026-06-01 13:45:36 [INFO] idaes.apps.grid_integration.pricetaker.price_taker_model: Created startup/shutdown constraints for operation model  reverse_osmosis.ro_skid[2] at ro_skid_2_startup_shutdown.
2026-06-01 13:45:36 [INFO] idaes.apps.grid_integration.pricetaker.price_taker_model: Found minimum uptime/downtime data for reverse_osmosis.ro_skid[3] - Adding minimum uptime/downtime constraints.
2026-06-01 13:45:36 [INFO] idaes.apps.grid_integration.pricetaker.price_taker_model: Created startup/shutdown constraints for operation model  reverse_osmosis.ro_skid[3] at ro_skid_3_startup_shutdown.
2026-06-01 13:45:36 [INFO] idaes.apps.grid_integration.pricetaker.price_taker_model: Found minimum uptime/downtime data for reverse_osmosis.ro_skid[4] - Adding minimum uptime/downtime constraints.
2026-06-01 13:45:36 [INFO] idaes.apps.grid_integration.pricetaker.price_taker_model: Created startup/shutdown constraints for operation model  reverse_osmosis.ro_skid[4] at ro_skid_4_startup_shutdown.
3024
Set parameter TokenServer to value "10.60.1.73"
Set parameter LogToConsole to value 1
Set parameter MIPGap to value 0.01
Gurobi Optimizer version 12.0.3 build v12.0.3rc0 (linux64 - "Red Hat Enterprise Linux 8.8 (Ootpa)")

CPU model: Intel(R) Xeon(R) Platinum 8470QL, instruction set [SSE2|AVX|AVX2|AVX512]
Thread count: 104 physical cores, 104 logical processors, using up to 32 threads

Non-default parameters:
MIPGap  0.01

Optimize a model with 17951 rows, 15123 columns and 44651 nonzeros
Model fingerprint: 0x233555e3
Model has 168 quadratic objective terms
Model has 2352 quadratic constraints
Variable types: 11259 continuous, 3864 integer (3864 binary)
Coefficient statistics:
  Matrix range     [5e-04, 2e+03]
  QMatrix range    [2e-07, 1e+00]
  QLMatrix range   [3e-04, 1e+00]
  Objective range  [6e-06, 5e-03]
  QObjective range [2e-04, 2e-04]
  Bounds range     [9e-01, 1e+03]
  RHS range        [5e-02, 3e+05]
  QRHS range       [3e-01, 3e-01]
Presolve removed 11693 rows and 8548 columns
Presolve time: 0.13s
Presolved: 15162 rows, 6576 columns, 42204 nonzeros
Presolved model has 2352 bilinear constraint(s)

Solving non-convex MIQCP

Variable types: 5078 continuous, 1498 integer (1498 binary)
Found heuristic solution: objective 11.7563161

Root relaxation: objective 1.094203e+01, 11916 iterations, 0.70 seconds (1.13 work units)

    Nodes    |    Current Node    |     Objective Bounds      |     Work
 Expl Unexpl |  Obj  Depth IntInf | Incumbent    BestBd   Gap | It/Node Time

     0     0   10.94203    0 1848   11.75632   10.94203  6.93%     -    1s
H    0     0                      11.7563159   10.94203  6.93%     -    1s
     0     0   11.51071    0 2354   11.75632   11.51071  2.09%     -    2s
     0     0   11.51071    0 2353   11.75632   11.51071  2.09%     -    3s
     0     0   11.51071    0 2526   11.75632   11.51071  2.09%     -    3s
     0     0   11.51078    0 2535   11.75632   11.51078  2.09%     -    3s
     0     0   11.53684    0 2530   11.75632   11.53684  1.87%     -    6s
     0     0   11.53694    0 2528   11.75632   11.53694  1.87%     -    6s
     0     0   11.54410    0 2573   11.75632   11.54410  1.81%     -    7s
     0     0   11.54417    0 2573   11.75632   11.54417  1.80%     -    7s
     0     0   11.54429    0 2573   11.75632   11.54429  1.80%     -    7s
     0     0   11.54434    0 2573   11.75632   11.54434  1.80%     -    8s
     0     0   11.54449    0 2571   11.75632   11.54449  1.80%     -    8s
     0     0   11.61568    0 1685   11.75632   11.61568  1.20%     -   10s
H    0     0                      11.7482420   11.61568  1.13%     -   12s
     0     0   11.61568    0 1262   11.74824   11.61568  1.13%     -   15s
     0     0   11.62561    0 1689   11.74824   11.62561  1.04%     -   15s
     0     0          -    0        11.74824   11.63472  0.97%     -   16s

Cutting planes:
  Cover: 2
  RLT: 1386
  Relax-and-lift: 7
  BQP: 3

Explored 1 nodes (65063 simplex iterations) in 16.14 seconds (24.78 work units)
Thread count was 32 (of 104 available processors)

Solution count 2: 11.7482 11.7563 

Optimal solution found (tolerance 1.00e-02)
Best objective 1.174824195936e+01, best bound 1.163471595563e+01, gap 0.9663%
solver_lower_bound: 11.634715955634366
solver_upper_bound: 11.748241959359776
objective_value: 11.748241959359783
m.flow_changes_penalty(): 450.0
Total operational cost: 117032.42
Maximum power (kW): 1108.83
Discharge energy capacity (kWh): 0.00
Charge energy capacity (kWh): 4801.30
Levelized Cost of Flexibility ($/kWh): nan
{'fixed_demand_cost': 6986.369596999788, 'variable_demand_cost': 918.4076883836535, 'fixed_monthly_cost': 171938.17204301074, 'total_water_production': 282179.67123286927, 'total_energy_cost': 23683.129427060085, 'total_demand_cost': 7904.777285383441, 'total_customer_cost': 0.0, 'total_feed_cost': 50843.18400592377, 'total_brine_cost': 15303.798385782397, 'total_chemical_cost': 19297.530489448123, 'total_water_revenue': 0.0, 'total_demand_response_revenue': -0.0, 'total_emissions_cost': 0.0, 'total_op_cost': 117032.41959359782, 'fixed_cost': 121551.98252688172, 'total_cost': 238584.40212047956, 'LCOW': 0.8455052806535711, 'degree_of_flex': 0.0, 'total_replacement_cost': 992.3107078853046, 'maximum_power': 1108.8316377934434, 'energy_capacity': 0.0, 'power_capacity': nan, 'round_trip_efficiency': 0, 'LVOF': nan}
Saved operation variable results to: /home/rchurchi/watertap_test/watertap/tutorials/flex_ro/wrd_result_winter_both_0_flexible_trains_RTP.csv
2026-06-01 13:45:56 [INFO] idaes.core.surrogate.pysmo_surrogate: Decode surrogate. type=poly

===========================Polynomial Regression===============================================

The number of cross-validation cases (3) is used.
The default training/cross-validation split of 0.75 is used.
No iterations will be run.
Default parameter estimation method is used.
Parameter estimation method:  pyomo 

2026-06-01 13:45:56 [INFO] idaes.core.surrogate.pysmo_surrogate: Decode surrogate. type=poly

===========================Polynomial Regression===============================================

The number of cross-validation cases (3) is used.
The default training/cross-validation split of 0.75 is used.
No iterations will be run.
Default parameter estimation method is used.
Parameter estimation method:  pyomo 

2026-06-01 13:45:56 [INFO] idaes.core.surrogate.pysmo_surrogate: Decode surrogate. type=poly

===========================Polynomial Regression===============================================

The number of cross-validation cases (3) is used.
The default training/cross-validation split of 0.75 is used.
No iterations will be run.
Default parameter estimation method is used.
Parameter estimation method:  pyomo 

2026-06-01 13:45:56 [INFO] idaes.core.surrogate.pysmo_surrogate: Decode surrogate. type=poly

===========================Polynomial Regression===============================================

The number of cross-validation cases (3) is used.
The default training/cross-validation split of 0.75 is used.
No iterations will be run.
Default parameter estimation method is used.
Parameter estimation method:  pyomo 

2026-06-01 13:45:57 [INFO] idaes.apps.grid_integration.pricetaker.price_taker_model: Found minimum uptime/downtime data for pretreatment.uf_pumps[1] - Adding minimum uptime/downtime constraints.
2026-06-01 13:45:57 [INFO] idaes.apps.grid_integration.pricetaker.price_taker_model: Created startup/shutdown constraints for operation model  pretreatment.uf_pumps[1] at uf_pumps_1_startup_shutdown.
2026-06-01 13:45:57 [INFO] idaes.apps.grid_integration.pricetaker.price_taker_model: Found minimum uptime/downtime data for pretreatment.uf_pumps[2] - Adding minimum uptime/downtime constraints.
2026-06-01 13:45:58 [INFO] idaes.apps.grid_integration.pricetaker.price_taker_model: Created startup/shutdown constraints for operation model  pretreatment.uf_pumps[2] at uf_pumps_2_startup_shutdown.
2026-06-01 13:45:58 [INFO] idaes.apps.grid_integration.pricetaker.price_taker_model: Found minimum uptime/downtime data for pretreatment.uf_pumps[3] - Adding minimum uptime/downtime constraints.
2026-06-01 13:45:58 [INFO] idaes.apps.grid_integration.pricetaker.price_taker_model: Created startup/shutdown constraints for operation model  pretreatment.uf_pumps[3] at uf_pumps_3_startup_shutdown.
2026-06-01 13:45:58 [INFO] idaes.apps.grid_integration.pricetaker.price_taker_model: Found minimum uptime/downtime data for reverse_osmosis.ro_skid[1] - Adding minimum uptime/downtime constraints.
2026-06-01 13:45:58 [INFO] idaes.apps.grid_integration.pricetaker.price_taker_model: Created startup/shutdown constraints for operation model  reverse_osmosis.ro_skid[1] at ro_skid_1_startup_shutdown.
2026-06-01 13:45:58 [INFO] idaes.apps.grid_integration.pricetaker.price_taker_model: Found minimum uptime/downtime data for reverse_osmosis.ro_skid[2] - Adding minimum uptime/downtime constraints.
2026-06-01 13:45:58 [INFO] idaes.apps.grid_integration.pricetaker.price_taker_model: Created startup/shutdown constraints for operation model  reverse_osmosis.ro_skid[2] at ro_skid_2_startup_shutdown.
2026-06-01 13:45:58 [INFO] idaes.apps.grid_integration.pricetaker.price_taker_model: Found minimum uptime/downtime data for reverse_osmosis.ro_skid[3] - Adding minimum uptime/downtime constraints.
2026-06-01 13:45:58 [INFO] idaes.apps.grid_integration.pricetaker.price_taker_model: Created startup/shutdown constraints for operation model  reverse_osmosis.ro_skid[3] at ro_skid_3_startup_shutdown.
2026-06-01 13:45:58 [INFO] idaes.apps.grid_integration.pricetaker.price_taker_model: Found minimum uptime/downtime data for reverse_osmosis.ro_skid[4] - Adding minimum uptime/downtime constraints.
2026-06-01 13:45:58 [INFO] idaes.apps.grid_integration.pricetaker.price_taker_model: Created startup/shutdown constraints for operation model  reverse_osmosis.ro_skid[4] at ro_skid_4_startup_shutdown.
3024
Set parameter LogToConsole to value 1
Set parameter MIPGap to value 0.01
Gurobi Optimizer version 12.0.3 build v12.0.3rc0 (linux64 - "Red Hat Enterprise Linux 8.8 (Ootpa)")

CPU model: Intel(R) Xeon(R) Platinum 8470QL, instruction set [SSE2|AVX|AVX2|AVX512]
Thread count: 104 physical cores, 104 logical processors, using up to 32 threads

Non-default parameters:
MIPGap  0.01

Optimize a model with 17951 rows, 15123 columns and 44641 nonzeros
Model fingerprint: 0x06efdd2b
Model has 168 quadratic objective terms
Model has 2352 quadratic constraints
Variable types: 11259 continuous, 3864 integer (3864 binary)
Coefficient statistics:
  Matrix range     [5e-04, 2e+03]
  QMatrix range    [2e-07, 1e+00]
  QLMatrix range   [3e-04, 1e+00]
  Objective range  [6e-06, 5e-03]
  QObjective range [2e-04, 2e-04]
  Bounds range     [9e-01, 1e+03]
  RHS range        [5e-02, 3e+05]
  QRHS range       [3e-01, 3e-01]
Presolve removed 11713 rows and 8558 columns
Presolve time: 0.12s
Presolved: 15142 rows, 6566 columns, 42166 nonzeros
Presolved model has 2352 bilinear constraint(s)

Solving non-convex MIQCP

Variable types: 5068 continuous, 1498 integer (1498 binary)
Found heuristic solution: objective 18.7914328

Root relaxation: objective 1.568102e+01, 11659 iterations, 0.77 seconds (1.16 work units)

    Nodes    |    Current Node    |     Objective Bounds      |     Work
 Expl Unexpl |  Obj  Depth IntInf | Incumbent    BestBd   Gap | It/Node Time

     0     0   15.68102    0 1821   18.79143   15.68102  16.6%     -    1s
H    0     0                      18.7914327   15.68102  16.6%     -    1s
     0     0   17.01383    0 1522   18.79143   17.01383  9.46%     -    2s
H    0     0                      18.5530089   17.01383  8.30%     -    2s
     0     0   17.01383    0 1535   18.55301   17.01383  8.30%     -    2s
     0     0   17.02703    0 1671   18.55301   17.02703  8.22%     -    3s
H    0     0                      18.5508530   17.02703  8.21%     -    3s
     0     0   17.02704    0 1668   18.55085   17.02704  8.21%     -    3s
     0     0   17.03468    0 1758   18.55085   17.03468  8.17%     -    3s
     0     0   17.03761    0 1764   18.55085   17.03761  8.16%     -    3s
     0     0   17.03948    0 1791   18.55085   17.03948  8.15%     -    4s
     0     0   17.04132    0 1816   18.55085   17.04132  8.14%     -    4s
     0     0   17.04238    0 1806   18.55085   17.04238  8.13%     -    4s
     0     0   17.04266    0 1776   18.55085   17.04266  8.13%     -    4s
     0     0   17.04294    0 1778   18.55085   17.04294  8.13%     -    4s
     0     0   17.13290    0 1671   18.55085   17.13290  7.64%     -    5s
H    0     0                      17.5570810   17.13290  2.42%     -    6s
H    0     0                      17.5470810   17.13290  2.36%     -    6s
     0     2   17.13290    0 1667   17.54708   17.13290  2.36%     -    6s
H   37    64                      17.5396337   17.15053  2.22%   265    7s
H   53    64                      17.5361249   17.15197  2.19%   256    7s
H  301   320                      17.5306425   17.15197  2.16%   147    7s
H  315   320                      17.5302674   17.15197  2.16%   147    7s
H  319   377                      17.5202674   17.15197  2.10%   146    7s
H  424   447                      17.5200340   17.15197  2.10%   148    8s
H  427   447                      17.5190880   17.15197  2.10%   147    8s
H  574   645                      17.5190838   17.15197  2.10%   138    9s
H  589   645                      17.5190835   17.15197  2.10%   137    9s
H  651   710                      17.5089498   17.15197  2.04%   133    9s
   783   858   17.18389   15 1666   17.50895   17.15197  2.04%   131   10s
H 1750  1796                      17.4973403   17.15197  1.97%   112   11s
H 2157  2275                      17.4893532   17.15197  1.93%   118   13s
  2593  2807   17.23372   49 1662   17.48935   17.15197  1.93%   126   16s
H 3330  3363                      17.4876668   17.15197  1.92%   120   17s
H 3331  3363                      17.4754198   17.15197  1.85%   120   17s
H 4066  4359                      17.4754194   17.15197  1.85%   113   17s
H 4170  4359                      17.4754193   17.15197  1.85%   112   17s
  5455  5711   17.29716   87 1464   17.47542   17.15197  1.85%   102   20s
H 5566  5711                      17.4754190   17.15197  1.85%   102   20s
H 5628  5711                      17.4754190   17.15251  1.85%   102   20s
H 8669  8807                      17.4754184   17.15382  1.84%  94.2   23s
H 8734  8775                      17.4722614   17.15382  1.82%  94.4   23s
H 8926  9082                      17.4672614   17.15382  1.79%  94.5   34s
H 9072  9077                      17.4670945   17.15382  1.79%  93.9   34s
  9896 10129   17.40686  208 1411   17.46709   17.15382  1.79%  92.3   35s
H10001 10129                      17.4670933   17.15382  1.79%  91.9   35s
H10093 10129                      17.4670850   17.15382  1.79%  91.3   35s
H10220 10129                      17.4670748   17.15382  1.79%  91.0   35s
H10291 10010                      17.4602117   17.15382  1.75%  90.8   35s
H10606 10694                      17.4602109   17.15382  1.75%  90.2   36s
H11296 11363                      17.4602081   17.15382  1.75%  88.4   37s
H11405 11363                      17.4602057   17.15382  1.75%  88.1   37s
 11765 11885   17.42613  258 1334   17.46021   17.15382  1.75%  87.7   40s
H12157 11789                      17.4552021   17.15382  1.73%  87.4   40s
H12649 12473                      17.4551991   17.15382  1.73%  86.2   41s
H13636 13154                      17.4551964   17.15477  1.72%  85.4   42s
H13660 13154                      17.4551917   17.15477  1.72%  85.7   42s
 13742 13841   17.44406  314 1278   17.45519   17.15477  1.72%  85.6   46s
H14019 13840                      17.4551508   17.15522  1.72%  85.2   46s
H14478 13550                      17.4471655   17.15522  1.67%  85.3   47s
H14478 13550                      17.4471655   17.15522  1.67%  85.3   47s
H14478 13547                      17.4470625   17.15522  1.67%  85.3   47s
H14478 13516                      17.4465944   17.15522  1.67%  85.3   47s
H14478 13513                      17.4465517   17.15522  1.67%  85.3   47s
H14478 13512                      17.4465372   17.15522  1.67%  85.3   47s
H14478 13512                      17.4465110   17.15522  1.67%  85.3   47s
H14478 13512                      17.4465087   17.15522  1.67%  85.3   47s
 14479 13499   17.30485   62  186   17.44651   17.15522  1.67%  85.3   53s
 14481 13500   17.24124   81  111   17.44651   17.15522  1.67%  85.3   55s

Cutting planes:
  Learned: 19
  Gomory: 7
  Cover: 30
  Implied bound: 34
  MIR: 62
  Flow cover: 91
  RLT: 583

Explored 14483 nodes (1282516 simplex iterations) in 57.59 seconds (81.60 work units)
Thread count was 32 (of 104 available processors)

Solution count 10: 17.4465 17.4465 17.4465 ... 17.4552

Optimal solution found (tolerance 1.00e-02)
Best objective 1.744650867690e+01, best bound 1.727280110017e+01, gap 0.9957%
solver_lower_bound: 17.272801100172746
solver_upper_bound: 17.446508676903484
objective_value: 17.446508676903473
m.flow_changes_penalty(): 2600.0
Total operational cost: 171865.09
Maximum power (kW): 1181.13
Discharge energy capacity (kWh): 7149.89
Charge energy capacity (kWh): 13550.93
Levelized Cost of Flexibility ($/kWh): -4.85
{'fixed_demand_cost': 7441.880277517497, 'variable_demand_cost': 4044.930906069026, 'fixed_monthly_cost': 171938.17204301074, 'total_water_production': 282179.67634316365, 'total_energy_cost': 74067.5724940253, 'total_demand_cost': 11486.811183586524, 'total_customer_cost': 0.0, 'total_feed_cost': 51065.56969251477, 'total_brine_cost': 15901.457721073244, 'total_chemical_cost': 19343.675677834894, 'total_water_revenue': 0.0, 'total_demand_response_revenue': 0.0, 'total_emissions_cost': 0.0, 'total_op_cost': 171865.08676903474, 'fixed_cost': 121551.98252688172, 'total_cost': 293417.0692959165, 'LCOW': 1.0398235376068927, 'degree_of_flex': 0.0, 'total_replacement_cost': 992.3107078853046, 'maximum_power': 1181.1273626184789, 'energy_capacity': 7149.894793958311, 'power_capacity': 210.29102335171504, 'round_trip_efficiency': 0, 'LVOF': -4.8547669539218266}
Saved operation variable results to: /home/rchurchi/watertap_test/watertap/tutorials/flex_ro/wrd_result_summer_both_0_flexible_trains_RTP.csv
Saved summary results to: /home/rchurchi/watertap_test/watertap/tutorials/flex_ro/wrd_pricetaker_summary_results_20260601_134658.csv
