2026-06-01 11:20:04 [INFO] idaes.core.surrogate.pysmo_surrogate: Decode surrogate. type=poly

===========================Polynomial Regression===============================================

The number of cross-validation cases (3) is used.
The default training/cross-validation split of 0.75 is used.
No iterations will be run.
Default parameter estimation method is used.
Parameter estimation method:  pyomo 

2026-06-01 11:20:04 [INFO] idaes.core.surrogate.pysmo_surrogate: Decode surrogate. type=poly

===========================Polynomial Regression===============================================

The number of cross-validation cases (3) is used.
The default training/cross-validation split of 0.75 is used.
No iterations will be run.
Default parameter estimation method is used.
Parameter estimation method:  pyomo 

2026-06-01 11:20:04 [INFO] idaes.core.surrogate.pysmo_surrogate: Decode surrogate. type=poly

===========================Polynomial Regression===============================================

The number of cross-validation cases (3) is used.
The default training/cross-validation split of 0.75 is used.
No iterations will be run.
Default parameter estimation method is used.
Parameter estimation method:  pyomo 

2026-06-01 11:20:04 [INFO] idaes.core.surrogate.pysmo_surrogate: Decode surrogate. type=poly

===========================Polynomial Regression===============================================

The number of cross-validation cases (3) is used.
The default training/cross-validation split of 0.75 is used.
No iterations will be run.
Default parameter estimation method is used.
Parameter estimation method:  pyomo 

2026-06-01 11:20:06 [INFO] idaes.apps.grid_integration.pricetaker.price_taker_model: Found minimum uptime/downtime data for pretreatment.uf_pumps[1] - Adding minimum uptime/downtime constraints.
2026-06-01 11:20:06 [INFO] idaes.apps.grid_integration.pricetaker.price_taker_model: Created startup/shutdown constraints for operation model  pretreatment.uf_pumps[1] at uf_pumps_1_startup_shutdown.
2026-06-01 11:20:06 [INFO] idaes.apps.grid_integration.pricetaker.price_taker_model: Found minimum uptime/downtime data for pretreatment.uf_pumps[2] - Adding minimum uptime/downtime constraints.
2026-06-01 11:20:06 [INFO] idaes.apps.grid_integration.pricetaker.price_taker_model: Created startup/shutdown constraints for operation model  pretreatment.uf_pumps[2] at uf_pumps_2_startup_shutdown.
2026-06-01 11:20:06 [INFO] idaes.apps.grid_integration.pricetaker.price_taker_model: Found minimum uptime/downtime data for pretreatment.uf_pumps[3] - Adding minimum uptime/downtime constraints.
2026-06-01 11:20:06 [INFO] idaes.apps.grid_integration.pricetaker.price_taker_model: Created startup/shutdown constraints for operation model  pretreatment.uf_pumps[3] at uf_pumps_3_startup_shutdown.
2026-06-01 11:20:06 [INFO] idaes.apps.grid_integration.pricetaker.price_taker_model: Found minimum uptime/downtime data for reverse_osmosis.ro_skid[1] - Adding minimum uptime/downtime constraints.
2026-06-01 11:20:06 [INFO] idaes.apps.grid_integration.pricetaker.price_taker_model: Created startup/shutdown constraints for operation model  reverse_osmosis.ro_skid[1] at ro_skid_1_startup_shutdown.
2026-06-01 11:20:06 [INFO] idaes.apps.grid_integration.pricetaker.price_taker_model: Found minimum uptime/downtime data for reverse_osmosis.ro_skid[2] - Adding minimum uptime/downtime constraints.
2026-06-01 11:20:06 [INFO] idaes.apps.grid_integration.pricetaker.price_taker_model: Created startup/shutdown constraints for operation model  reverse_osmosis.ro_skid[2] at ro_skid_2_startup_shutdown.
2026-06-01 11:20:06 [INFO] idaes.apps.grid_integration.pricetaker.price_taker_model: Found minimum uptime/downtime data for reverse_osmosis.ro_skid[3] - Adding minimum uptime/downtime constraints.
2026-06-01 11:20:06 [INFO] idaes.apps.grid_integration.pricetaker.price_taker_model: Created startup/shutdown constraints for operation model  reverse_osmosis.ro_skid[3] at ro_skid_3_startup_shutdown.
2026-06-01 11:20:06 [INFO] idaes.apps.grid_integration.pricetaker.price_taker_model: Found minimum uptime/downtime data for reverse_osmosis.ro_skid[4] - Adding minimum uptime/downtime constraints.
2026-06-01 11:20:06 [INFO] idaes.apps.grid_integration.pricetaker.price_taker_model: Created startup/shutdown constraints for operation model  reverse_osmosis.ro_skid[4] at ro_skid_4_startup_shutdown.
2855
Set parameter TokenServer to value "10.60.1.73"
Set parameter LogToConsole to value 1
Set parameter MIPGap to value 0.005
Gurobi Optimizer version 12.0.3 build v12.0.3rc0 (linux64 - "Red Hat Enterprise Linux 8.8 (Ootpa)")

CPU model: Intel(R) Xeon(R) Platinum 8470QL, instruction set [SSE2|AVX|AVX2|AVX512]
Thread count: 104 physical cores, 104 logical processors, using up to 32 threads

Non-default parameters:
MIPGap  0.005

Optimize a model with 19296 rows, 14451 columns and 47843 nonzeros
Model fingerprint: 0x0d7fe06a
Model has 168 quadratic objective terms
Model has 1680 quadratic constraints
Variable types: 10587 continuous, 3864 integer (3864 binary)
Coefficient statistics:
  Matrix range     [5e-04, 2e+03]
  QMatrix range    [2e-07, 1e+00]
  QLMatrix range   [3e-04, 1e+00]
  Objective range  [6e-06, 5e-03]
  QObjective range [2e-04, 2e-04]
  Bounds range     [1e+00, 1e+03]
  RHS range        [9e-02, 3e+05]
  QRHS range       [3e-01, 3e-01]
Presolve removed 19293 rows and 14445 columns
Presolve time: 0.07s
Presolved: 19 rows, 11 columns, 47 nonzeros
Presolved model has 6 bilinear constraint(s)

Solving non-convex MIQCP

Variable types: 11 continuous, 0 integer (0 binary)
Found heuristic solution: objective 15.5096379

Root relaxation: objective 1.533883e+01, 14 iterations, 0.00 seconds (0.00 work units)

    Nodes    |    Current Node    |     Objective Bounds      |     Work
 Expl Unexpl |  Obj  Depth IntInf | Incumbent    BestBd   Gap | It/Node Time

     0     0   15.33883    0    6   15.50964   15.33883  1.10%     -    0s
     0     0          -    0        15.50964   15.48154  0.18%     -    0s

Cutting planes:
  RLT: 6

Explored 1 nodes (19 simplex iterations) in 0.10 seconds (0.12 work units)
Thread count was 32 (of 104 available processors)

Solution count 1: 15.5096 

Optimal solution found (tolerance 5.00e-03)
Best objective 1.550963793601e+01, best bound 1.548154296440e+01, gap 0.1811%
solver_lower_bound: 15.481542964402763
solver_upper_bound: 15.509637936009554
objective_value: 15.509637936009511
m.flow_changes_penalty(): 0.0
Total operational cost: 155096.38
Maximum power (kW): 1466.61
Discharge energy capacity (kWh): 0.00
Charge energy capacity (kWh): 64949.93
Levelized Cost of Flexibility ($/kWh): nan
{'fixed_demand_cost': 9240.588223281047, 'variable_demand_cost': 1214.7406677558624, 'fixed_monthly_cost': 171938.17204301074, 'total_water_production': 374203.2000000007, 'total_energy_cost': 31331.647259594974, 'total_demand_cost': 10455.32889103691, 'total_customer_cost': 0.0, 'total_feed_cost': 67424.00000242947, 'total_brine_cost': 20294.62400652959, 'total_chemical_cost': 25590.779200504177, 'total_water_revenue': 0.0, 'total_demand_response_revenue': -0.0, 'total_emissions_cost': 0.0, 'total_op_cost': 155096.3793600951, 'fixed_cost': 121551.98252688172, 'total_cost': 276648.3618869768, 'LCOW': 0.7392998293092531, 'degree_of_flex': 0.0, 'total_replacement_cost': 992.3107078853046, 'maximum_power': 1466.6067163402654, 'energy_capacity': 0.0, 'power_capacity': nan, 'round_trip_efficiency': 0, 'LVOF': nan}
Saved operation variable results to: /home/rchurchi/watertap_test/watertap/tutorials/flex_ro/wrd_result_winter_no_flex_0_flexible_trains_RTP.csv
2026-06-01 11:20:09 [INFO] idaes.core.surrogate.pysmo_surrogate: Decode surrogate. type=poly

===========================Polynomial Regression===============================================

The number of cross-validation cases (3) is used.
The default training/cross-validation split of 0.75 is used.
No iterations will be run.
Default parameter estimation method is used.
Parameter estimation method:  pyomo 

2026-06-01 11:20:09 [INFO] idaes.core.surrogate.pysmo_surrogate: Decode surrogate. type=poly

===========================Polynomial Regression===============================================

The number of cross-validation cases (3) is used.
The default training/cross-validation split of 0.75 is used.
No iterations will be run.
Default parameter estimation method is used.
Parameter estimation method:  pyomo 

2026-06-01 11:20:09 [INFO] idaes.core.surrogate.pysmo_surrogate: Decode surrogate. type=poly

===========================Polynomial Regression===============================================

The number of cross-validation cases (3) is used.
The default training/cross-validation split of 0.75 is used.
No iterations will be run.
Default parameter estimation method is used.
Parameter estimation method:  pyomo 

2026-06-01 11:20:09 [INFO] idaes.core.surrogate.pysmo_surrogate: Decode surrogate. type=poly

===========================Polynomial Regression===============================================

The number of cross-validation cases (3) is used.
The default training/cross-validation split of 0.75 is used.
No iterations will be run.
Default parameter estimation method is used.
Parameter estimation method:  pyomo 

2026-06-01 11:20:11 [INFO] idaes.apps.grid_integration.pricetaker.price_taker_model: Found minimum uptime/downtime data for pretreatment.uf_pumps[1] - Adding minimum uptime/downtime constraints.
2026-06-01 11:20:11 [INFO] idaes.apps.grid_integration.pricetaker.price_taker_model: Created startup/shutdown constraints for operation model  pretreatment.uf_pumps[1] at uf_pumps_1_startup_shutdown.
2026-06-01 11:20:11 [INFO] idaes.apps.grid_integration.pricetaker.price_taker_model: Found minimum uptime/downtime data for pretreatment.uf_pumps[2] - Adding minimum uptime/downtime constraints.
2026-06-01 11:20:11 [INFO] idaes.apps.grid_integration.pricetaker.price_taker_model: Created startup/shutdown constraints for operation model  pretreatment.uf_pumps[2] at uf_pumps_2_startup_shutdown.
2026-06-01 11:20:11 [INFO] idaes.apps.grid_integration.pricetaker.price_taker_model: Found minimum uptime/downtime data for pretreatment.uf_pumps[3] - Adding minimum uptime/downtime constraints.
2026-06-01 11:20:11 [INFO] idaes.apps.grid_integration.pricetaker.price_taker_model: Created startup/shutdown constraints for operation model  pretreatment.uf_pumps[3] at uf_pumps_3_startup_shutdown.
2026-06-01 11:20:11 [INFO] idaes.apps.grid_integration.pricetaker.price_taker_model: Found minimum uptime/downtime data for reverse_osmosis.ro_skid[1] - Adding minimum uptime/downtime constraints.
2026-06-01 11:20:11 [INFO] idaes.apps.grid_integration.pricetaker.price_taker_model: Created startup/shutdown constraints for operation model  reverse_osmosis.ro_skid[1] at ro_skid_1_startup_shutdown.
2026-06-01 11:20:11 [INFO] idaes.apps.grid_integration.pricetaker.price_taker_model: Found minimum uptime/downtime data for reverse_osmosis.ro_skid[2] - Adding minimum uptime/downtime constraints.
2026-06-01 11:20:11 [INFO] idaes.apps.grid_integration.pricetaker.price_taker_model: Created startup/shutdown constraints for operation model  reverse_osmosis.ro_skid[2] at ro_skid_2_startup_shutdown.
2026-06-01 11:20:11 [INFO] idaes.apps.grid_integration.pricetaker.price_taker_model: Found minimum uptime/downtime data for reverse_osmosis.ro_skid[3] - Adding minimum uptime/downtime constraints.
2026-06-01 11:20:11 [INFO] idaes.apps.grid_integration.pricetaker.price_taker_model: Created startup/shutdown constraints for operation model  reverse_osmosis.ro_skid[3] at ro_skid_3_startup_shutdown.
2026-06-01 11:20:11 [INFO] idaes.apps.grid_integration.pricetaker.price_taker_model: Found minimum uptime/downtime data for reverse_osmosis.ro_skid[4] - Adding minimum uptime/downtime constraints.
2026-06-01 11:20:11 [INFO] idaes.apps.grid_integration.pricetaker.price_taker_model: Created startup/shutdown constraints for operation model  reverse_osmosis.ro_skid[4] at ro_skid_4_startup_shutdown.
2855
Set parameter LogToConsole to value 1
Set parameter MIPGap to value 0.005
Gurobi Optimizer version 12.0.3 build v12.0.3rc0 (linux64 - "Red Hat Enterprise Linux 8.8 (Ootpa)")

CPU model: Intel(R) Xeon(R) Platinum 8470QL, instruction set [SSE2|AVX|AVX2|AVX512]
Thread count: 104 physical cores, 104 logical processors, using up to 32 threads

Non-default parameters:
MIPGap  0.005

Optimize a model with 19296 rows, 14451 columns and 47833 nonzeros
Model fingerprint: 0x8d8b37aa
Model has 168 quadratic objective terms
Model has 1680 quadratic constraints
Variable types: 10587 continuous, 3864 integer (3864 binary)
Coefficient statistics:
  Matrix range     [5e-04, 2e+03]
  QMatrix range    [2e-07, 1e+00]
  QLMatrix range   [3e-04, 1e+00]
  Objective range  [6e-06, 5e-03]
  QObjective range [2e-04, 2e-04]
  Bounds range     [1e+00, 1e+03]
  RHS range        [9e-02, 3e+05]
  QRHS range       [3e-01, 3e-01]
Presolve removed 19293 rows and 14445 columns
Presolve time: 0.05s
Presolved: 19 rows, 11 columns, 47 nonzeros
Presolved model has 6 bilinear constraint(s)

Solving non-convex MIQCP

Variable types: 11 continuous, 0 integer (0 binary)
Found heuristic solution: objective 24.7948642

Root relaxation: objective 2.424453e+01, 14 iterations, 0.00 seconds (0.00 work units)

    Nodes    |    Current Node    |     Objective Bounds      |     Work
 Expl Unexpl |  Obj  Depth IntInf | Incumbent    BestBd   Gap | It/Node Time

     0     0   24.24453    0    6   24.79486   24.24453  2.22%     -    0s
     0     0          -    0        24.79486   24.70434  0.37%     -    0s

Cutting planes:
  RLT: 6

Explored 1 nodes (19 simplex iterations) in 0.06 seconds (0.12 work units)
Thread count was 32 (of 104 available processors)

Solution count 1: 24.7949 

Optimal solution found (tolerance 5.00e-03)
Best objective 2.479486416039e+01, best bound 2.470434109101e+01, gap 0.3651%
solver_lower_bound: 24.704341091007244
solver_upper_bound: 24.794864160389103
objective_value: 24.79486416038912
m.flow_changes_penalty(): 0.0
Total operational cost: 247948.64
Maximum power (kW): 1466.61
Discharge energy capacity (kWh): 0.00
Charge energy capacity (kWh): 64949.93
Levelized Cost of Flexibility ($/kWh): nan
{'fixed_demand_cost': 9240.588220859452, 'variable_demand_cost': 6738.683323156147, 'fixed_monthly_cost': 171938.17204301074, 'total_water_production': 374203.2000000007, 'total_energy_cost': 118659.96685142031, 'total_demand_cost': 15979.271544015599, 'total_customer_cost': 0.0, 'total_feed_cost': 67424.000002171, 'total_brine_cost': 20294.624005833884, 'total_chemical_cost': 25590.779200450415, 'total_water_revenue': 0.0, 'total_demand_response_revenue': -0.0, 'total_emissions_cost': 0.0, 'total_op_cost': 247948.6416038912, 'fixed_cost': 121551.98252688172, 'total_cost': 369500.62413077295, 'LCOW': 0.9874330955234275, 'degree_of_flex': 0.0, 'total_replacement_cost': 992.3107078853046, 'maximum_power': 1466.606715955926, 'energy_capacity': 0.0, 'power_capacity': nan, 'round_trip_efficiency': 0, 'LVOF': nan}
Saved operation variable results to: /home/rchurchi/watertap_test/watertap/tutorials/flex_ro/wrd_result_summer_no_flex_0_flexible_trains_RTP.csv
Saved summary results to: /home/rchurchi/watertap_test/watertap/tutorials/flex_ro/wrd_pricetaker_summary_results_20260601_112015.csv
