2026-06-02 10:59:34 [INFO] idaes.core.surrogate.pysmo_surrogate: Decode surrogate. type=poly

===========================Polynomial Regression===============================================

The number of cross-validation cases (3) is used.
The default training/cross-validation split of 0.75 is used.
No iterations will be run.
Default parameter estimation method is used.
Parameter estimation method:  pyomo 

2026-06-02 10:59:34 [INFO] idaes.core.surrogate.pysmo_surrogate: Decode surrogate. type=poly

===========================Polynomial Regression===============================================

The number of cross-validation cases (3) is used.
The default training/cross-validation split of 0.75 is used.
No iterations will be run.
Default parameter estimation method is used.
Parameter estimation method:  pyomo 

2026-06-02 10:59:34 [INFO] idaes.core.surrogate.pysmo_surrogate: Decode surrogate. type=poly

===========================Polynomial Regression===============================================

The number of cross-validation cases (3) is used.
The default training/cross-validation split of 0.75 is used.
No iterations will be run.
Default parameter estimation method is used.
Parameter estimation method:  pyomo 

2026-06-02 10:59:34 [INFO] idaes.core.surrogate.pysmo_surrogate: Decode surrogate. type=poly

===========================Polynomial Regression===============================================

The number of cross-validation cases (3) is used.
The default training/cross-validation split of 0.75 is used.
No iterations will be run.
Default parameter estimation method is used.
Parameter estimation method:  pyomo 

2026-06-02 10:59:36 [INFO] idaes.apps.grid_integration.pricetaker.price_taker_model: Found minimum uptime/downtime data for pretreatment.uf_pumps[1] - Adding minimum uptime/downtime constraints.
2026-06-02 10:59:36 [INFO] idaes.apps.grid_integration.pricetaker.price_taker_model: Created startup/shutdown constraints for operation model  pretreatment.uf_pumps[1] at uf_pumps_1_startup_shutdown.
2026-06-02 10:59:36 [INFO] idaes.apps.grid_integration.pricetaker.price_taker_model: Found minimum uptime/downtime data for pretreatment.uf_pumps[2] - Adding minimum uptime/downtime constraints.
2026-06-02 10:59:36 [INFO] idaes.apps.grid_integration.pricetaker.price_taker_model: Created startup/shutdown constraints for operation model  pretreatment.uf_pumps[2] at uf_pumps_2_startup_shutdown.
2026-06-02 10:59:36 [INFO] idaes.apps.grid_integration.pricetaker.price_taker_model: Found minimum uptime/downtime data for pretreatment.uf_pumps[3] - Adding minimum uptime/downtime constraints.
2026-06-02 10:59:36 [INFO] idaes.apps.grid_integration.pricetaker.price_taker_model: Created startup/shutdown constraints for operation model  pretreatment.uf_pumps[3] at uf_pumps_3_startup_shutdown.
2026-06-02 10:59:36 [INFO] idaes.apps.grid_integration.pricetaker.price_taker_model: Found minimum uptime/downtime data for reverse_osmosis.ro_skid[1] - Adding minimum uptime/downtime constraints.
2026-06-02 10:59:36 [INFO] idaes.apps.grid_integration.pricetaker.price_taker_model: Created startup/shutdown constraints for operation model  reverse_osmosis.ro_skid[1] at ro_skid_1_startup_shutdown.
2026-06-02 10:59:36 [INFO] idaes.apps.grid_integration.pricetaker.price_taker_model: Found minimum uptime/downtime data for reverse_osmosis.ro_skid[2] - Adding minimum uptime/downtime constraints.
2026-06-02 10:59:36 [INFO] idaes.apps.grid_integration.pricetaker.price_taker_model: Created startup/shutdown constraints for operation model  reverse_osmosis.ro_skid[2] at ro_skid_2_startup_shutdown.
2026-06-02 10:59:36 [INFO] idaes.apps.grid_integration.pricetaker.price_taker_model: Found minimum uptime/downtime data for reverse_osmosis.ro_skid[3] - Adding minimum uptime/downtime constraints.
2026-06-02 10:59:36 [INFO] idaes.apps.grid_integration.pricetaker.price_taker_model: Created startup/shutdown constraints for operation model  reverse_osmosis.ro_skid[3] at ro_skid_3_startup_shutdown.
2026-06-02 10:59:36 [INFO] idaes.apps.grid_integration.pricetaker.price_taker_model: Found minimum uptime/downtime data for reverse_osmosis.ro_skid[4] - Adding minimum uptime/downtime constraints.
2026-06-02 10:59:36 [INFO] idaes.apps.grid_integration.pricetaker.price_taker_model: Created startup/shutdown constraints for operation model  reverse_osmosis.ro_skid[4] at ro_skid_4_startup_shutdown.
3578
Set parameter TokenServer to value "10.60.1.73"
Set parameter LogToConsole to value 1
Set parameter MIPGap to value 0.02
Gurobi Optimizer version 12.0.3 build v12.0.3rc0 (linux64 - "Red Hat Enterprise Linux 8.8 (Ootpa)")

CPU model: Intel(R) Xeon(R) Platinum 8470QL, instruction set [SSE2|AVX|AVX2|AVX512]
Thread count: 104 physical cores, 104 logical processors, using up to 32 threads

Non-default parameters:
MIPGap  0.02

Optimize a model with 18623 rows, 15681 columns and 49127 nonzeros
Model fingerprint: 0x3a2eaf76
Model has 168 quadratic objective terms
Model has 1680 quadratic constraints
Variable types: 10587 continuous, 5094 integer (5094 binary)
Coefficient statistics:
  Matrix range     [5e-04, 2e+03]
  QMatrix range    [2e-07, 1e+00]
  QLMatrix range   [3e-04, 1e+00]
  Objective range  [1e-05, 5e-03]
  QObjective range [2e-04, 2e-04]
  Bounds range     [1e+00, 1e+03]
  RHS range        [9e-02, 3e+05]
  QRHS range       [3e-01, 3e-01]
Presolve removed 10399 rows and 9241 columns
Presolve time: 0.11s
Presolved: 14468 rows, 6723 columns, 38565 nonzeros
Presolved model has 188 SOS constraint(s)
Presolved model has 1640 bilinear constraint(s)

Solving non-convex MIQCP

Variable types: 3972 continuous, 2751 integer (2751 binary)
Found heuristic solution: objective 20.7067942

Root relaxation: unbounded, 0 iterations, 0.01 seconds (0.00 work units)

    Nodes    |    Current Node    |     Objective Bounds      |     Work
 Expl Unexpl |  Obj  Depth IntInf | Incumbent    BestBd   Gap | It/Node Time

     0     2  postponed    0        20.70679          -      -     -    3s
     7    14  postponed    3        20.70679          -      -  5248    5s
   162   294  postponed    9        20.70679          -      -  6552   12s
   331   622  postponed   11        20.70679          -      -  6656   17s
   729   966  postponed   17        20.70679          -      -  3734   25s
  1331  1776  postponed   25        20.70679          -      -  4648   38s
H 2235  1776                      15.5117298          -      -  3191   38s
H 2235  1776                      15.2012073          -      -  3191   38s
H 2366  1776                      15.1962850          -      -  3090   38s
H 2494  1776                      14.1192898          -      -  2954   38s
H 2494  1776                      13.2535897          -      -  2954   38s
  2919  3758 infeasible   44        13.25359          -      -  2665   54s
H 5204  3758                      13.2535451          -      -  1843   54s
H 5525  3758                      13.2528921          -      -  1759   54s
  5798  6503 infeasible   67        13.25289          -      -  1716   67s
H 5841  6491                      13.1945196          -      -  1710   67s
H 7699  6491                      13.1856205          -      -  1455   67s
H 8179  6491                      13.1231766          -      -  1405   67s
H 8563  6476                      12.9974207          -      -  1362   67s
H 8563  6436                      12.6551180          -      -  1362   67s
H 9079  9333                      12.6201180          -      -  1318   77s
H 9079  9153                      12.5617455          -      -  1318   77s
H 9485  9069                      12.5416693          -      -  1282   77s
H10255  8883                      12.4426725          -      -  1230   77s
H12276 10670                      12.2234523          -      -  1115   85s
H12862 10670                      12.2234160          -      -  1095   85s
H13252 10619                      12.2046791          -      -  1079   85s
H14814  9732                      12.1946791    9.24426  24.2%  1030   92s
 14816  9733   10.68886   29  645   12.19468   10.68886  12.3%  1030   96s
H14817  9247                      12.1942608   10.86806  10.9%  1030   99s
H14817  8785                      12.1942179   10.86806  10.9%  1030   99s
 14820  8787   11.15167   84  765   12.19422   10.88024  10.8%  1029  101s
 14825  8790   11.52446  188  828   12.19422   10.88255  10.8%  1029  105s
H14825  8350                      12.1853189   10.88283  10.7%  1029  105s
H14829  7935                      12.1752152   10.88454  10.6%  1029  108s
H14829  7538                      12.1749472   10.88463  10.6%  1029  108s
 14832  7540   11.65682  243  932   12.17495   10.88472  10.6%  1029  110s
 14837  7543   10.88491   75  960   12.17495   10.88491  10.6%  1028  117s
H14838  7169                      12.1392529   10.88491  10.3%  1034  175s
 14839  7170   10.95185   14 2155   12.13925   10.88491  10.3%  1034  186s
 14845  7180   11.02439   16 2031   12.13925   10.89008  10.3%  1034  194s
 14853  7194   11.03948   17 1893   12.13925   10.89103  10.3%  1035  198s
 14869  7220   11.04337   18 1956   12.13925   10.89152  10.3%  1036  200s
H14878  6858                      12.1071938   10.89152  10.0%  1036  200s
H14933  6628                      12.0744487   10.89169  9.80%  1041  208s
H14965  6293                      12.0012712   10.89169  9.25%  1046  208s
H14979  5982                      11.9254375   10.89169  8.67%  1045  208s
 15030  6038   11.35036   21 2053   11.92544   10.89169  8.67%  1044  213s
 15103  6096   11.33916   21 1646   11.92544   10.89169  8.67%  1050  216s
H15109  5802                      11.9065212   10.89169  8.52%  1051  216s
H15115  5522                      11.9051012   10.89169  8.51%  1051  216s
H15119  5257                      11.9010926   10.89169  8.48%  1051  216s
H15186  5071                      11.8910926   10.89169  8.40%  1053  219s
H15274  4884                      11.8890285   10.89169  8.39%  1055  222s
H15338  4637                      11.8556595   10.89169  8.13%  1055  222s
 15447  4762   11.61229   28 1389   11.85566   10.89276  8.12%  1053  231s
H15464  4541                      11.8543704   10.89276  8.11%  1054  231s
H15473  4334                      11.8535954   10.89276  8.11%  1056  231s
H15498  4132                      11.8349044   10.89276  7.96%  1055  231s
H15524  3939                      11.8191242   10.89276  7.84%  1056  231s
 15611  4061   11.47149   31 1178   11.81912   10.89299  7.84%  1055  235s
H15617  3884                      11.6813362   10.89299  6.75%  1055  235s
H15791  3851                      11.6724266   10.89299  6.68%  1051  238s
H15798  3692                      11.6618834   10.89299  6.59%  1051  238s
 15987  3811   11.44754   38 1292   11.66188   10.89299  6.59%  1045  243s
H15992  3659                      11.6557611   10.89299  6.54%  1045  243s
H15993  3516                      11.6538217   10.89299  6.53%  1045  243s
H16012  3374                      11.6477001   10.89299  6.48%  1044  243s
H16072  3225                      11.5668570   10.89299  5.83%  1045  243s
H16075  3102                      11.5552599   10.89299  5.73%  1045  243s
 16084  3207   11.45476   41 1252   11.55526   10.89299  5.73%  1044  245s
H16211  3162                      11.5491376   10.89299  5.68%  1041  247s
H16215  3051                      11.5395547   10.89299  5.60%  1041  247s
H16217  2945                      11.5357420   10.89299  5.57%  1041  247s
H16280  2824                      11.4252444   10.89299  4.66%  1040  247s
 16331  2890     cutoff   46        11.42524   10.89299  4.66%  1039  251s
H16459  2868                      11.4175864   10.89299  4.59%  1038  253s
H16462  2777                      11.4110292   10.89299  4.54%  1039  253s
H16514  2675                      11.4103407   10.89299  4.53%  1039  253s
H16517  2593                      11.4100923   10.89299  4.53%  1039  253s
H16523  2514                      11.4072133   10.89299  4.51%  1038  253s
H16565  2426                      11.3933141   10.89299  4.39%  1037  253s
H16577  2457                      11.3883141   10.89299  4.35%  1037  255s
H16705  2477                      11.3853622   10.89299  4.32%  1037  256s
H16719  2410                      11.3705072   10.89299  4.20%  1036  256s
H16726  2348                      11.3423779   10.89299  3.96%  1036  256s
H16839  2335                      11.3373779   10.89299  3.92%  1034  258s
H16983  2237                      11.3323775   10.89299  3.88%  1032  261s
H17059  2160                      11.3279077   10.89299  3.84%  1032  261s
 17129  2171   11.00931   31 1308   11.32791   10.89299  3.84%  1032  265s
H17440  2101                      11.3279077   10.89299  3.84%  1029  269s
 17473  2294   11.01225   37 1327   11.32791   10.89450  3.83%  1030  271s
 17692  2462   11.16972   38 1590   11.32791   10.89450  3.83%  1025  275s
H17696  2462                      11.3279077   10.89450  3.83%  1025  275s
 18396  3179   11.01892   47 1224   11.32791   10.89450  3.83%  1013  281s
H18758  3117                      11.2861481   10.89450  3.47%  1001  284s
H18770  3117                      11.2860884   10.89450  3.47%  1000  284s
H18820  3117                      11.2860720   10.89450  3.47%   999  284s
 18995  3328   11.02080   56 1222   11.28607   10.89450  3.47%   995  287s
H19119  3321                      11.2851525   10.89676  3.44%   994  287s
H19273  3542                      11.2810783   10.89676  3.41%   992  291s
H19355  3542                      11.2810783   10.89676  3.41%   991  291s
H19417  3542                      11.2810782   10.89676  3.41%   991  291s
H19455  3542                      11.2810768   10.89760  3.40%   991  291s
 19880  4126   11.02442   68 1306   11.28108   10.89760  3.40%   984  296s
H20213  4126                      11.2810751   10.89760  3.40%   981  296s
H20221  1916                      11.0608028   10.89760  1.48%   981  299s

Cutting planes:
  Learned: 139
  Gomory: 10
  Cover: 278
  Implied bound: 578
  Projected implied bound: 27
  Clique: 6
  MIR: 145
  StrongCG: 3
  Flow cover: 769
  GUB cover: 7
  Zero half: 12
  Network: 1
  RLT: 963
  Relax-and-lift: 177
  BQP: 4

Explored 20346 nodes (19913995 simplex iterations) in 299.54 seconds (622.18 work units)
Thread count was 32 (of 104 available processors)

Solution count 10: 11.0608 11.2811 11.2811 ... 11.3279

Optimal solution found (tolerance 2.00e-02)
Best objective 1.106080275027e+01, best bound 1.089759830935e+01, gap 1.4755%
solver_lower_bound: 10.897598309346192
solver_upper_bound: 11.06080275026521
objective_value: 11.060802750265202
m.flow_changes_penalty(): 1650.0
Total operational cost: 108958.03
Maximum power (kW): 1464.03
Discharge energy capacity (kWh): 26064.49
Charge energy capacity (kWh): 31476.33
Levelized Cost of Flexibility ($/kWh): 1.10
{'fixed_demand_cost': 6552.6722224723935, 'variable_demand_cost': 6068.9240568166115, 'fixed_monthly_cost': 171938.17204301074, 'total_water_production': 282179.6712328764, 'total_energy_cost': 20285.098342208046, 'total_demand_cost': 12621.596279289006, 'total_customer_cost': 0.0, 'total_feed_cost': 50843.184005923664, 'total_brine_cost': 16378.79838578298, 'total_chemical_cost': 19449.3504894483, 'total_water_revenue': 0.0, 'total_demand_response_revenue': 10620.0, 'total_emissions_cost': 0.0, 'total_op_cost': 108958.02750265201, 'fixed_cost': 121551.98252688172, 'total_cost': 230510.01002953373, 'LCOW': 0.8168909157148287, 'degree_of_flex': 0.12574850299401197, 'total_replacement_cost': 1004.9477757237471, 'maximum_power': 1464.0292534848459, 'energy_capacity': 26064.489084194913, 'power_capacity': 407.2576419405455, 'round_trip_efficiency': 0, 'LVOF': 1.0960987212118665}
Saved operation variable results to: /home/rchurchi/watertap_test/watertap/tutorials/flex_ro/wrd_result_summer_flow_4_flexible_trains_DR.csv
Saved summary results to: /home/rchurchi/watertap_test/watertap/tutorials/flex_ro/wrd_pricetaker_summary_results_20260602_110439.csv
