2026-06-02 09:46:56 [INFO] idaes.core.surrogate.pysmo_surrogate: Decode surrogate. type=poly

===========================Polynomial Regression===============================================

The number of cross-validation cases (3) is used.
The default training/cross-validation split of 0.75 is used.
No iterations will be run.
Default parameter estimation method is used.
Parameter estimation method:  pyomo 

2026-06-02 09:46:56 [INFO] idaes.core.surrogate.pysmo_surrogate: Decode surrogate. type=poly

===========================Polynomial Regression===============================================

The number of cross-validation cases (3) is used.
The default training/cross-validation split of 0.75 is used.
No iterations will be run.
Default parameter estimation method is used.
Parameter estimation method:  pyomo 

2026-06-02 09:46:56 [INFO] idaes.core.surrogate.pysmo_surrogate: Decode surrogate. type=poly

===========================Polynomial Regression===============================================

The number of cross-validation cases (3) is used.
The default training/cross-validation split of 0.75 is used.
No iterations will be run.
Default parameter estimation method is used.
Parameter estimation method:  pyomo 

2026-06-02 09:46:56 [INFO] idaes.core.surrogate.pysmo_surrogate: Decode surrogate. type=poly

===========================Polynomial Regression===============================================

The number of cross-validation cases (3) is used.
The default training/cross-validation split of 0.75 is used.
No iterations will be run.
Default parameter estimation method is used.
Parameter estimation method:  pyomo 

2026-06-02 09:46:57 [INFO] idaes.apps.grid_integration.pricetaker.price_taker_model: Found minimum uptime/downtime data for pretreatment.uf_pumps[1] - Adding minimum uptime/downtime constraints.
2026-06-02 09:46:57 [INFO] idaes.apps.grid_integration.pricetaker.price_taker_model: Created startup/shutdown constraints for operation model  pretreatment.uf_pumps[1] at uf_pumps_1_startup_shutdown.
2026-06-02 09:46:57 [INFO] idaes.apps.grid_integration.pricetaker.price_taker_model: Found minimum uptime/downtime data for pretreatment.uf_pumps[2] - Adding minimum uptime/downtime constraints.
2026-06-02 09:46:57 [INFO] idaes.apps.grid_integration.pricetaker.price_taker_model: Created startup/shutdown constraints for operation model  pretreatment.uf_pumps[2] at uf_pumps_2_startup_shutdown.
2026-06-02 09:46:57 [INFO] idaes.apps.grid_integration.pricetaker.price_taker_model: Found minimum uptime/downtime data for pretreatment.uf_pumps[3] - Adding minimum uptime/downtime constraints.
2026-06-02 09:46:57 [INFO] idaes.apps.grid_integration.pricetaker.price_taker_model: Created startup/shutdown constraints for operation model  pretreatment.uf_pumps[3] at uf_pumps_3_startup_shutdown.
2026-06-02 09:46:57 [INFO] idaes.apps.grid_integration.pricetaker.price_taker_model: Found minimum uptime/downtime data for reverse_osmosis.ro_skid[1] - Adding minimum uptime/downtime constraints.
2026-06-02 09:46:57 [INFO] idaes.apps.grid_integration.pricetaker.price_taker_model: Created startup/shutdown constraints for operation model  reverse_osmosis.ro_skid[1] at ro_skid_1_startup_shutdown.
2026-06-02 09:46:57 [INFO] idaes.apps.grid_integration.pricetaker.price_taker_model: Found minimum uptime/downtime data for reverse_osmosis.ro_skid[2] - Adding minimum uptime/downtime constraints.
2026-06-02 09:46:57 [INFO] idaes.apps.grid_integration.pricetaker.price_taker_model: Created startup/shutdown constraints for operation model  reverse_osmosis.ro_skid[2] at ro_skid_2_startup_shutdown.
2026-06-02 09:46:57 [INFO] idaes.apps.grid_integration.pricetaker.price_taker_model: Found minimum uptime/downtime data for reverse_osmosis.ro_skid[3] - Adding minimum uptime/downtime constraints.
2026-06-02 09:46:57 [INFO] idaes.apps.grid_integration.pricetaker.price_taker_model: Created startup/shutdown constraints for operation model  reverse_osmosis.ro_skid[3] at ro_skid_3_startup_shutdown.
2026-06-02 09:46:57 [INFO] idaes.apps.grid_integration.pricetaker.price_taker_model: Found minimum uptime/downtime data for reverse_osmosis.ro_skid[4] - Adding minimum uptime/downtime constraints.
2026-06-02 09:46:57 [INFO] idaes.apps.grid_integration.pricetaker.price_taker_model: Created startup/shutdown constraints for operation model  reverse_osmosis.ro_skid[4] at ro_skid_4_startup_shutdown.
2906
Set parameter TokenServer to value "10.60.1.73"
Set parameter LogToConsole to value 1
Set parameter MIPGap to value 0.03
Gurobi Optimizer version 12.0.3 build v12.0.3rc0 (linux64 - "Red Hat Enterprise Linux 8.8 (Ootpa)")

CPU model: Intel(R) Xeon(R) Platinum 8470QL, instruction set [SSE2|AVX|AVX2|AVX512]
Thread count: 104 physical cores, 104 logical processors, using up to 32 threads

Non-default parameters:
MIPGap  0.03

Optimize a model with 18623 rows, 15009 columns and 46113 nonzeros
Model fingerprint: 0x47e7e691
Model has 168 quadratic objective terms
Model has 1680 quadratic constraints
Variable types: 10587 continuous, 4422 integer (4422 binary)
Coefficient statistics:
  Matrix range     [5e-04, 2e+03]
  QMatrix range    [2e-07, 1e+00]
  QLMatrix range   [3e-04, 1e+00]
  Objective range  [1e-05, 5e-03]
  QObjective range [2e-04, 2e-04]
  Bounds range     [1e+00, 1e+03]
  RHS range        [9e-02, 3e+05]
  QRHS range       [3e-01, 3e-01]
Presolve removed 12243 rows and 9449 columns
Presolve time: 0.08s
Presolved: 12436 rows, 5561 columns, 33862 nonzeros
Presolved model has 1640 bilinear constraint(s)

Solving non-convex MIQCP

Variable types: 3584 continuous, 1977 integer (1977 binary)
Found heuristic solution: objective 20.7067942

Root relaxation: objective 1.052642e+01, 19439 iterations, 2.81 seconds (4.23 work units)

    Nodes    |    Current Node    |     Objective Bounds      |     Work
 Expl Unexpl |  Obj  Depth IntInf | Incumbent    BestBd   Gap | It/Node Time

     0     0   10.52642    0 1582   20.70679   10.52642  49.2%     -    3s
     0     0   11.29500    0 1756   20.70679   11.29500  45.5%     -    4s
H    0     0                      12.6126736   11.29500  10.4%     -    4s
H    0     0                      12.5776736   11.29500  10.2%     -    4s
     0     0   11.31294    0 1803   12.57767   11.31294  10.1%     -    4s
     0     0   11.32769    0 1807   12.57767   11.32769  9.94%     -    5s
H    0     0                      12.4457297   11.32769  8.98%     -    5s
     0     0   11.32777    0 1803   12.44573   11.32777  8.98%     -    5s
     0     0   11.33650    0 1819   12.44573   11.33650  8.91%     -    5s
     0     0   11.34040    0 1775   12.44573   11.34040  8.88%     -    6s
     0     0   11.34474    0 1783   12.44573   11.34474  8.85%     -    6s
     0     0   11.34638    0 1803   12.44573   11.34638  8.83%     -    6s
     0     0   11.34757    0 1845   12.44573   11.34757  8.82%     -    6s
     0     0   11.34800    0 1841   12.44573   11.34800  8.82%     -    6s
     0     0   11.34850    0 1840   12.44573   11.34850  8.82%     -    6s
     0     0   11.42060    0 1431   12.44573   11.42060  8.24%     -    7s
H    0     0                      12.1659142   11.42060  6.13%     -    8s
H    0     2                      12.1252355   11.42060  5.81%     -    8s
     0     2   11.42060    0 1430   12.12524   11.42060  5.81%     -    8s
H   57    64                      12.1169252   11.42674  5.70%   673    9s
H   95   156                      12.0352116   11.42674  5.06%   563   10s
H   95   156                      12.0165210   11.42674  4.91%   563   10s
H  101   156                      11.9441138   11.42674  4.33%   613   10s
H  155   279                      11.9191138   11.42674  4.13%   538   11s
H  278   387                      11.9162703   11.42674  4.11%   418   11s
H  285   387                      11.9153872   11.42674  4.10%   416   11s
H  293   387                      11.9153623   11.42674  4.10%   409   11s
H  299   387                      11.9117886   11.42674  4.07%   406   11s
H  314   387                      11.9038723   11.42674  4.01%   397   11s
H  327   387                      11.8130607   11.42674  3.27%   396   11s
H  560   587                      11.8084113   11.42674  3.23%   293   12s
H  774   861                      11.7472147   11.42674  2.73%   255   13s

Cutting planes:
  Learned: 91
  Gomory: 2
  Cover: 252
  Implied bound: 522
  MIR: 44
  Flow cover: 101
  RLT: 288
  Relax-and-lift: 185

Explored 860 nodes (253449 simplex iterations) in 13.52 seconds (22.06 work units)
Thread count was 32 (of 104 available processors)

Solution count 10: 11.7472 11.8084 11.8131 ... 11.9441

Optimal solution found (tolerance 3.00e-02)
Best objective 1.174721472069e+01, best bound 1.142673760925e+01, gap 2.7281%
solver_lower_bound: 11.426737609245464
solver_upper_bound: 11.747214720690843
objective_value: 11.747214720690838
m.flow_changes_penalty(): 2000.0
Total operational cost: 115472.15
Maximum power (kW): 1464.27
Discharge energy capacity (kWh): 8672.99
Charge energy capacity (kWh): 12979.56
Levelized Cost of Flexibility ($/kWh): 2.43
{'fixed_demand_cost': 6553.744076798044, 'variable_demand_cost': 6160.4249909476775, 'fixed_monthly_cost': 171938.17204301074, 'total_water_production': 282495.0, 'total_energy_cost': 20221.889710344014, 'total_demand_cost': 12714.169067745723, 'total_customer_cost': 0.0, 'total_feed_cost': 50939.561111374314, 'total_brine_cost': 15427.220486818374, 'total_chemical_cost': 19327.303930610222, 'total_water_revenue': 0.0, 'total_demand_response_revenue': 3157.9970999842535, 'total_emissions_cost': 0.0, 'total_op_cost': 115472.14720690838, 'fixed_cost': 121551.98252688172, 'total_cost': 237024.12973379012, 'LCOW': 0.8390383183199353, 'degree_of_flex': 0.12574850299401197, 'total_replacement_cost': 1004.9477757237471, 'maximum_power': 1464.2687322860043, 'energy_capacity': 8672.988244595404, 'power_capacity': 346.9195297838162, 'round_trip_efficiency': 0, 'LVOF': 2.4302910949698346}
Saved operation variable results to: /home/rchurchi/watertap_test/watertap/tutorials/flex_ro/wrd_result_summer_flow_2_flexible_trains_DR.csv
Saved summary results to: /home/rchurchi/watertap_test/watertap/tutorials/flex_ro/wrd_pricetaker_summary_results_20260602_094714.csv
