2026-05-13 23:08:56 [INFO] idaes.core.surrogate.pysmo_surrogate: Decode surrogate. type=poly

===========================Polynomial Regression===============================================

The number of cross-validation cases (3) is used.
The default training/cross-validation split of 0.75 is used.
No iterations will be run.
Default parameter estimation method is used.
Parameter estimation method:  pyomo 

2026-05-13 23:08:56 [INFO] idaes.core.surrogate.pysmo_surrogate: Decode surrogate. type=poly

===========================Polynomial Regression===============================================

The number of cross-validation cases (3) is used.
The default training/cross-validation split of 0.75 is used.
No iterations will be run.
Default parameter estimation method is used.
Parameter estimation method:  pyomo 

2026-05-13 23:08:56 [INFO] idaes.core.surrogate.pysmo_surrogate: Decode surrogate. type=poly

===========================Polynomial Regression===============================================

The number of cross-validation cases (3) is used.
The default training/cross-validation split of 0.75 is used.
No iterations will be run.
Default parameter estimation method is used.
Parameter estimation method:  pyomo 

2026-05-13 23:08:56 [INFO] idaes.core.surrogate.pysmo_surrogate: Decode surrogate. type=poly

===========================Polynomial Regression===============================================

The number of cross-validation cases (3) is used.
The default training/cross-validation split of 0.75 is used.
No iterations will be run.
Default parameter estimation method is used.
Parameter estimation method:  pyomo 

2026-05-13 23:08:56 [INFO] idaes.apps.grid_integration.pricetaker.price_taker_model: Found minimum uptime/downtime data for pretreatment.uf_pumps[1] - Adding minimum uptime/downtime constraints.
2026-05-13 23:08:56 [INFO] idaes.apps.grid_integration.pricetaker.price_taker_model: Created startup/shutdown constraints for operation model  pretreatment.uf_pumps[1] at uf_pumps_1_startup_shutdown.
2026-05-13 23:08:56 [INFO] idaes.apps.grid_integration.pricetaker.price_taker_model: Found minimum uptime/downtime data for pretreatment.uf_pumps[2] - Adding minimum uptime/downtime constraints.
2026-05-13 23:08:56 [INFO] idaes.apps.grid_integration.pricetaker.price_taker_model: Created startup/shutdown constraints for operation model  pretreatment.uf_pumps[2] at uf_pumps_2_startup_shutdown.
2026-05-13 23:08:56 [INFO] idaes.apps.grid_integration.pricetaker.price_taker_model: Found minimum uptime/downtime data for pretreatment.uf_pumps[3] - Adding minimum uptime/downtime constraints.
2026-05-13 23:08:56 [INFO] idaes.apps.grid_integration.pricetaker.price_taker_model: Created startup/shutdown constraints for operation model  pretreatment.uf_pumps[3] at uf_pumps_3_startup_shutdown.
2026-05-13 23:08:56 [INFO] idaes.apps.grid_integration.pricetaker.price_taker_model: Found minimum uptime/downtime data for reverse_osmosis.ro_skid[1] - Adding minimum uptime/downtime constraints.
2026-05-13 23:08:56 [INFO] idaes.apps.grid_integration.pricetaker.price_taker_model: Created startup/shutdown constraints for operation model  reverse_osmosis.ro_skid[1] at ro_skid_1_startup_shutdown.
2026-05-13 23:08:56 [INFO] idaes.apps.grid_integration.pricetaker.price_taker_model: Found minimum uptime/downtime data for reverse_osmosis.ro_skid[2] - Adding minimum uptime/downtime constraints.
2026-05-13 23:08:56 [INFO] idaes.apps.grid_integration.pricetaker.price_taker_model: Created startup/shutdown constraints for operation model  reverse_osmosis.ro_skid[2] at ro_skid_2_startup_shutdown.
2026-05-13 23:08:56 [INFO] idaes.apps.grid_integration.pricetaker.price_taker_model: Found minimum uptime/downtime data for reverse_osmosis.ro_skid[3] - Adding minimum uptime/downtime constraints.
2026-05-13 23:08:56 [INFO] idaes.apps.grid_integration.pricetaker.price_taker_model: Created startup/shutdown constraints for operation model  reverse_osmosis.ro_skid[3] at ro_skid_3_startup_shutdown.
2026-05-13 23:08:56 [INFO] idaes.apps.grid_integration.pricetaker.price_taker_model: Found minimum uptime/downtime data for reverse_osmosis.ro_skid[4] - Adding minimum uptime/downtime constraints.
2026-05-13 23:08:56 [INFO] idaes.apps.grid_integration.pricetaker.price_taker_model: Created startup/shutdown constraints for operation model  reverse_osmosis.ro_skid[4] at ro_skid_4_startup_shutdown.
741
Set parameter TokenServer to value "10.60.1.73"
Set parameter LogToConsole to value 1
Set parameter MIPGap to value 0.01
Gurobi Optimizer version 12.0.3 build v12.0.3rc0 (linux64 - "Red Hat Enterprise Linux 8.8 (Ootpa)")

CPU model: Intel(R) Xeon(R) Platinum 8470QL, instruction set [SSE2|AVX|AVX2|AVX512]
Thread count: 104 physical cores, 104 logical processors, using up to 32 threads

Non-default parameters:
MIPGap  0.01

Optimize a model with 2398 rows, 2595 columns and 6537 nonzeros
Model fingerprint: 0x548f0c56
Model has 24 quadratic objective terms
Model has 504 quadratic constraints
Model has 96 general nonlinear constraints (96 nonlinear terms)
Variable types: 1851 continuous, 744 integer (744 binary)
Coefficient statistics:
  Matrix range     [3e-02, 2e+03]
  QMatrix range    [2e-07, 1e+00]
  QLMatrix range   [1e-04, 2e+00]
  Objective range  [1e-05, 5e-03]
  QObjective range [2e-04, 2e-04]
  Bounds range     [9e-01, 1e+03]
  RHS range        [1e+00, 3e+04]
  QRHS range       [3e-01, 1e+00]
Presolve model has 96 nlconstr
Added 192 variables to disaggregate expressions.
Presolve removed 1722 rows and 1484 columns
Presolve time: 0.02s
Presolved: 3968 rows, 1502 columns, 10212 nonzeros
Presolved model has 4 SOS constraint(s)
Presolved model has 696 bilinear constraint(s)
Presolved model has 96 nonlinear constraint(s)

Solving non-convex MINLP

Variable types: 1338 continuous, 164 integer (164 binary)
Found heuristic solution: objective 1.8029618

Root relaxation: objective 1.613486e+00, 1523 iterations, 0.01 seconds (0.01 work units)

    Nodes    |    Current Node    |     Objective Bounds      |     Work
 Expl Unexpl |  Obj  Depth IntInf | Incumbent    BestBd   Gap | It/Node Time

     0     0    1.61349    0  530    1.80296    1.61349  10.5%     -    0s
H    0     0                       1.8029618    1.61349  10.5%     -    0s
     0     0    1.71349    0  354    1.80296    1.71349  4.96%     -    0s
     0     0    1.71875    0  349    1.80296    1.71875  4.67%     -    0s
     0     0    1.77686    0  347    1.80296    1.77686  1.45%     -    0s
     0     0    1.78081    0  323    1.80296    1.78081  1.23%     -    0s
     0     0          -    0         1.80296    1.79375  0.51%     -    0s

Cutting planes:
  RLT: 249

Explored 1 nodes (2634 simplex iterations) in 0.30 seconds (0.19 work units)
Thread count was 32 (of 104 available processors)

Solution count 2: 1.80296 1.80296 

Optimal solution found (tolerance 1.00e-02)
Best objective 1.802961784168e+00, best bound 1.793754598261e+00, gap 0.5107%
m.flow_changes_penalty(): 0.0
Total operational cost: 18029.62
{'fixed_demand_cost': 707.338949056661, 'variable_demand_cost': 1303.3744502072705, 'fixed_monthly_cost': 23680.107526881722, 'total_water_production': 45768.75267317073, 'total_energy_cost': 3050.8367817081376, 'total_demand_cost': 2010.7133992639315, 'total_customer_cost': 0.0, 'total_feed_cost': 8017.920404955439, 'total_brine_cost': 1867.5974388543161, 'total_chemical_cost': 3082.549816896548, 'total_water_revenue': 0.0, 'total_demand_response_revenue': -0.0, 'total_emissions_cost': 0.0, 'total_op_cost': 18029.617841678373, 'fixed_cost': 16740.692204301075, 'total_cost': 34770.31004597945, 'LCOW': 0.7596953820059318}
Saved operation variable results to: /home/rchurchi/watertap_test/watertap/tutorials/flex_ro/wrd_dummy_result.csv
