2026-05-26 15:21:45 [INFO] idaes.core.surrogate.pysmo_surrogate: Decode surrogate. type=poly

===========================Polynomial Regression===============================================

The number of cross-validation cases (3) is used.
The default training/cross-validation split of 0.75 is used.
No iterations will be run.
Default parameter estimation method is used.
Parameter estimation method:  pyomo 

2026-05-26 15:21:45 [INFO] idaes.core.surrogate.pysmo_surrogate: Decode surrogate. type=poly

===========================Polynomial Regression===============================================

The number of cross-validation cases (3) is used.
The default training/cross-validation split of 0.75 is used.
No iterations will be run.
Default parameter estimation method is used.
Parameter estimation method:  pyomo 

2026-05-26 15:21:45 [INFO] idaes.core.surrogate.pysmo_surrogate: Decode surrogate. type=poly

===========================Polynomial Regression===============================================

The number of cross-validation cases (3) is used.
The default training/cross-validation split of 0.75 is used.
No iterations will be run.
Default parameter estimation method is used.
Parameter estimation method:  pyomo 

2026-05-26 15:21:45 [INFO] idaes.core.surrogate.pysmo_surrogate: Decode surrogate. type=poly

===========================Polynomial Regression===============================================

The number of cross-validation cases (3) is used.
The default training/cross-validation split of 0.75 is used.
No iterations will be run.
Default parameter estimation method is used.
Parameter estimation method:  pyomo 

2026-05-26 15:21:47 [INFO] idaes.apps.grid_integration.pricetaker.price_taker_model: Found minimum uptime/downtime data for pretreatment.uf_pumps[1] - Adding minimum uptime/downtime constraints.
2026-05-26 15:21:47 [INFO] idaes.apps.grid_integration.pricetaker.price_taker_model: Created startup/shutdown constraints for operation model  pretreatment.uf_pumps[1] at uf_pumps_1_startup_shutdown.
2026-05-26 15:21:47 [INFO] idaes.apps.grid_integration.pricetaker.price_taker_model: Found minimum uptime/downtime data for pretreatment.uf_pumps[2] - Adding minimum uptime/downtime constraints.
2026-05-26 15:21:47 [INFO] idaes.apps.grid_integration.pricetaker.price_taker_model: Created startup/shutdown constraints for operation model  pretreatment.uf_pumps[2] at uf_pumps_2_startup_shutdown.
2026-05-26 15:21:47 [INFO] idaes.apps.grid_integration.pricetaker.price_taker_model: Found minimum uptime/downtime data for pretreatment.uf_pumps[3] - Adding minimum uptime/downtime constraints.
2026-05-26 15:21:47 [INFO] idaes.apps.grid_integration.pricetaker.price_taker_model: Created startup/shutdown constraints for operation model  pretreatment.uf_pumps[3] at uf_pumps_3_startup_shutdown.
2026-05-26 15:21:47 [INFO] idaes.apps.grid_integration.pricetaker.price_taker_model: Found minimum uptime/downtime data for reverse_osmosis.ro_skid[1] - Adding minimum uptime/downtime constraints.
2026-05-26 15:21:47 [INFO] idaes.apps.grid_integration.pricetaker.price_taker_model: Created startup/shutdown constraints for operation model  reverse_osmosis.ro_skid[1] at ro_skid_1_startup_shutdown.
2026-05-26 15:21:47 [INFO] idaes.apps.grid_integration.pricetaker.price_taker_model: Found minimum uptime/downtime data for reverse_osmosis.ro_skid[2] - Adding minimum uptime/downtime constraints.
2026-05-26 15:21:47 [INFO] idaes.apps.grid_integration.pricetaker.price_taker_model: Created startup/shutdown constraints for operation model  reverse_osmosis.ro_skid[2] at ro_skid_2_startup_shutdown.
2026-05-26 15:21:47 [INFO] idaes.apps.grid_integration.pricetaker.price_taker_model: Found minimum uptime/downtime data for reverse_osmosis.ro_skid[3] - Adding minimum uptime/downtime constraints.
2026-05-26 15:21:47 [INFO] idaes.apps.grid_integration.pricetaker.price_taker_model: Created startup/shutdown constraints for operation model  reverse_osmosis.ro_skid[3] at ro_skid_3_startup_shutdown.
2026-05-26 15:21:47 [INFO] idaes.apps.grid_integration.pricetaker.price_taker_model: Found minimum uptime/downtime data for reverse_osmosis.ro_skid[4] - Adding minimum uptime/downtime constraints.
2026-05-26 15:21:47 [INFO] idaes.apps.grid_integration.pricetaker.price_taker_model: Created startup/shutdown constraints for operation model  reverse_osmosis.ro_skid[4] at ro_skid_4_startup_shutdown.
4776
Set parameter TokenServer to value "10.60.1.73"
Set parameter LogToConsole to value 1
Gurobi Optimizer version 12.0.3 build v12.0.3rc0 (linux64 - "Red Hat Enterprise Linux 8.8 (Ootpa)")

CPU model: Intel(R) Xeon(R) Platinum 8470QL, instruction set [SSE2|AVX|AVX2|AVX512]
Thread count: 104 physical cores, 104 logical processors, using up to 32 threads

Optimize a model with 16782 rows, 17554 columns and 45646 nonzeros
Model fingerprint: 0x3a5ac1fc
Model has 168 quadratic objective terms
Model has 3528 quadratic constraints
Model has 672 general nonlinear constraints (576 nonlinear terms)
Variable types: 12440 continuous, 5114 integer (5114 binary)
Coefficient statistics:
  Matrix range     [2e-02, 2e+03]
  QMatrix range    [2e-07, 1e+00]
  QLMatrix range   [1e-04, 2e+00]
  Objective range  [6e-06, 5e-03]
  QObjective range [2e-04, 2e-04]
  Bounds range     [9e-01, 1e+03]
  RHS range        [1e+00, 3e+05]
  QRHS range       [3e-01, 1e+00]
Presolve model has 592 nlconstr
Added 2060 variables to disaggregate expressions.
Presolve removed 8094 rows and 8345 columns
Presolve time: 0.13s
Presolved: 31958 rows, 13108 columns, 78258 nonzeros
Presolved model has 144 SOS constraint(s)
Presolved model has 4472 bilinear constraint(s)
Presolved model has 592 nonlinear constraint(s)

Solving non-convex MINLP

Variable types: 10354 continuous, 2754 integer (2754 binary)

Root relaxation: objective 8.864604e+00, 26589 iterations, 0.69 seconds (0.98 work units)

    Nodes    |    Current Node    |     Objective Bounds      |     Work
 Expl Unexpl |  Obj  Depth IntInf | Incumbent    BestBd   Gap | It/Node Time

     0     0    8.86460    0 2767          -    8.86460      -     -    1s
H    0     0                      21.4902100    8.86460  58.8%     -    1s
     0     0    9.50202    0 3887   21.49021    9.50202  55.8%     -    4s
     0     0    9.50202    0 3876   21.49021    9.50202  55.8%     -    4s
     0     0    9.76041    0 3716   21.49021    9.76041  54.6%     -    7s
H    0     0                      21.4902080    9.76041  54.6%     -    7s
     0     0    9.93750    0 2760   21.49021    9.93750  53.8%     -    9s
     0     0   10.21873    0 3249   21.49021   10.21873  52.4%     -   11s
     0     0   10.21873    0 3562   21.49021   10.21873  52.4%     -   12s
     0     0   10.34791    0 3528   21.49021   10.34791  51.8%     -   15s
H    0     0                      21.3713583   10.34791  51.6%     -   15s
     0     0   10.34791    0 3832   21.37136   10.34791  51.6%     -   18s
     0     0   10.37519    0 3691   21.37136   10.37519  51.5%     -   21s
     0     0   10.37519    0 3573   21.37136   10.37519  51.5%     -   25s
     0     0   10.41821    0 3308   21.37136   10.41821  51.3%     -   28s
H    0     0                      13.5067823   10.45612  22.6%     -   31s
H    0     0                      13.4337216   10.45612  22.2%     -   31s
     0     0   10.45612    0 3726   13.43372   10.45612  22.2%     -   31s
H    0     0                      13.4200771   10.48122  21.9%     -   34s
H    0     0                      13.4194168   10.48122  21.9%     -   34s
H    0     0                      13.3725591   10.48122  21.6%     -   34s
     0     0   10.48122    0 3763   13.37256   10.48122  21.6%     -   34s
H    0     0                      13.3425602   10.48122  21.4%     -   39s
H    0     0                      13.3226672   10.48122  21.3%     -   39s
     0     0   10.48122    0 3687   13.32267   10.48122  21.3%     -   39s
H    0     0                      13.3142526   10.53682  20.9%     -   42s
H    0     0                      13.3139118   10.53682  20.9%     -   42s
H    0     0                      13.3139113   10.53682  20.9%     -   42s
     0     0   10.53682    0 3715   13.31391   10.53682  20.9%     -   42s
     0     0   10.53682    0 3398   13.31391   10.53682  20.9%     -   46s
     0     0   10.66778    0 3583   13.31391   10.66778  19.9%     -   50s
H    0     0                      13.2400428   10.66778  19.4%     -   53s
H    0     0                      13.2350428   10.66778  19.4%     -   53s
     0     0   10.66778    0 3675   13.23504   10.66778  19.4%     -   53s
H    0     0                      13.2180878   10.68075  19.2%     -   58s
H    0     0                      13.1761200   10.68075  18.9%     -   58s
H    0     0                      13.1661200   10.68075  18.9%     -   58s
     0     0   10.68075    0 4091   13.16612   10.68075  18.9%     -   58s
H    0     0                      13.1660298   10.68075  18.9%     -   58s
H    0     0                      13.1185564   10.68075  18.6%     -   58s
H    0     0                      13.1147114   10.68075  18.6%     -   58s
     0     0   10.68075    0 3655   13.11471   10.68075  18.6%     -   63s
H    0     0                      13.1118570   10.84793  17.3%     -   67s
     0     0   10.84793    0 3737   13.11186   10.84793  17.3%     -   67s
H    0     0                      13.0932850   10.84793  17.1%     -   72s
     0     0   10.84793    0 3677   13.09329   10.84793  17.1%     -   72s
     0     0   10.84793    0 4067   13.09329   10.84793  17.1%     -   78s
     0     0   10.84793    0 3813   13.09329   10.84793  17.1%     -   83s
H    0     0                      13.0848770   10.84793  17.1%     -   88s
     0     0   10.84793    0 3880   13.08488   10.84793  17.1%     -   88s
     0     0   10.84793    0 3363   13.08488   10.84793  17.1%     -   90s
     0     2   10.84793    0 3359   13.08488   10.84793  17.1%     -   94s
     1     4   10.94625    1 3301   13.08488   10.84793  17.1% 15306   96s
     3     8   10.94347    2 3204   13.08488   10.92051  16.5% 16261  100s
     7    13   11.01031    3 3650   13.08488   10.92051  16.5% 19167  109s
    14    25   11.10489    4 2665   13.08488   10.92051  16.5% 19590  118s
    26    46   11.08059    5 2835   13.08488   10.92051  16.5% 21976  129s
H   31    46                      13.0848770   10.92051  16.5% 20595  129s
H   35    46                      13.0789219   10.92051  16.5% 19460  129s
H   41    46                      13.0684393   10.92051  16.4% 19562  129s
    47    74   11.13615    6 3257   13.06844   10.92051  16.4% 20257  141s
    75   116   11.12252    7 3302   13.06844   10.92051  16.4% 20352  165s
H   83   116                      12.7851276   10.92051  14.6% 20855  165s
H  121   228                      12.7751276   10.92051  14.5% 17346  178s
H  130   228                      12.4075095   10.92051  12.0% 16962  178s
   247   313   11.22572   10 2098   12.40751   10.92051  12.0% 12774  187s
H  296   313                      12.4029328   10.92051  12.0% 12159  187s
   347   394   11.23733   13 1971   12.40293   10.92051  12.0% 11366  196s
   451   465   11.24046   17 1894   12.40293   10.92051  12.0% 10244  204s
   540   533   11.39932   18 1509   12.40293   10.92051  12.0%  9771  212s
   624   607   11.54073   27 2248   12.40293   10.92051  12.0%  9531  220s
H  672   607                      12.3946732   10.92051  11.9%  9224  220s
   718   681   11.33007   20 1609   12.39467   10.92051  11.9%  8947  228s
   814   760   11.38260   22 1118   12.39467   10.92051  11.9%  8548  235s
   917   817   11.40755   23 1125   12.39467   10.92051  11.9%  8114  243s
H 1038   892                      12.3946435   10.92051  11.9%  7699  253s
H 1088   892                      12.3559683   10.92051  11.6%  7636  253s
H 1170   892                      12.3383612   10.92051  11.5%  7228  253s
H 1171   990                      12.3383612   10.92051  11.5%  7226  261s
H 1204   990                      12.3383397   10.92051  11.5%  7189  261s
H 1213   990                      12.3289539   10.92051  11.4%  7202  261s
H 1323  1089                      12.3239539   10.92051  11.4%  6833  268s
H 1323  1089                      12.3233933   10.92051  11.4%  6833  268s
H 1342  1089                      12.3227915   10.92051  11.4%  6925  268s
H 1345  1089                      12.3133572   10.92051  11.3%  6924  268s
H 1353  1089                      12.3127531   10.92051  11.3%  6935  268s
H 1476  1176                      12.3023462   10.92051  11.2%  6568  276s
  1659  1306     cutoff   40        12.30235   10.92051  11.2%  6218  284s
H 1692  1306                      12.3023462   10.92051  11.2%  6203  284s
  1863  1439     cutoff   44        12.30235   10.92051  11.2%  5878  292s
H 2013  1439                      12.2994453   10.92051  11.2%  5680  292s
  2074  1560   11.83686   48 1257   12.29945   10.92051  11.2%  5594  301s
H 2079  1560                      12.2993718   10.92051  11.2%  5626  301s
  2282  1672   11.93893   49  950   12.29937   10.92051  11.2%  5415  310s
H 2375  1672                      12.2882225   10.92051  11.1%  5387  310s
H 2473  1672                      12.2867813   10.92051  11.1%  5260  310s
  2500  1832   11.93196   54 1277   12.28678   10.92051  11.1%  5239  319s
H 2553  1832                      12.2867774   10.92051  11.1%  5226  319s
H 2696  1832                      12.2867774   10.92051  11.1%  5049  319s
H 2745  1832                      12.2867674   10.92051  11.1%  4990  319s
  2766  1974   11.94139   56 1232   12.28677   10.92051  11.1%  4980  328s
  3005  2090     cutoff   61        12.28677   10.92051  11.1%  4845  338s
H 3184  2090                      12.2867562   10.92051  11.1%  4773  338s
  3261  2199   12.00114   65 1232   12.28676   10.92051  11.1%  4747  348s
H 3295  2199                      12.2867068   10.92051  11.1%  4757  348s
  3482  2371   12.05938   72 1111   12.28671   10.92051  11.1%  4721  358s
H 3717  2371                      12.2867068   10.92051  11.1%  4656  358s
  3756  2501   12.23343   82 1257   12.28671   10.92051  11.1%  4640  368s
  4033  2605   12.27176   84 1617   12.28671   10.92051  11.1%  4571  377s
H 4054  2605                      12.2866876   10.92051  11.1%  4586  377s
  4279  2674     cutoff   86        12.28669   10.92051  11.1%  4554  387s
H 4464  2674                      12.2866875   10.92051  11.1%  4561  387s
  4522  2755     cutoff   85        12.28669   10.92051  11.1%  4581  398s
  4726  2970   11.92907   51 1106   12.28669   10.92051  11.1%  4607  410s
H 4906  2970                      12.2866875   10.92051  11.1%  4578  410s
H 5070  2970                      12.2866811   10.92051  11.1%  4522  410s
  5090  2971   12.06644   78 1306   12.28668   10.92051  11.1%  4527  459s
  5092  2972   11.78131   28  676   12.28668   11.58928  5.68%  4526  463s
  5093  2973   11.78705   24  746   12.28668   11.78705  4.07%  4525  467s
  5094  2974   12.01310   76  751   12.28668   11.86456  3.44%  4524  477s
  5095  2974   12.10420   78  827   12.28668   11.99378  2.38%  4523  487s
  5096  2975   11.99378   23  834   12.28668   11.99378  2.38%  4522  491s
  5097  2976   11.99378   12  868   12.28668   11.99378  2.38%  4521  503s
  5098  2976   11.99378   15  769   12.28668   11.99378  2.38%  4520  506s
  5099  2977   12.06401   52  819   12.28668   12.06401  1.81%  4519  516s
  5100  2978   12.06401   42  872   12.28668   12.06401  1.81%  4518  527s
  5101  2978   12.06401   43  874   12.28668   12.06401  1.81%  4518  538s
  5102  2979   12.06401   15  877   12.28668   12.06401  1.81%  4517  549s
  5103  2980   12.06401   41  695   12.28668   12.06401  1.81%  4516  561s
  5104  2980   12.09573   92  915   12.28668   12.09573  1.55%  4515  571s
  5105  2981   12.09573   68  916   12.28668   12.09573  1.55%  4514  582s
  5106  2982   12.17885   81  787   12.28668   12.09573  1.55%  4513  591s
  5107  2982   12.09573   27  858   12.28668   12.09573  1.55%  4512  600s
  5109  2984   12.09573   13  741   12.28668   12.09573  1.55%  4510  612s
  5110  2984   12.09573   27  807   12.28668   12.09573  1.55%  4510  619s
  5111  2985   12.09573   14  836   12.28668   12.09573  1.55%  4509  625s
  5112  2986   12.09573   16  836   12.28668   12.09573  1.55%  4508  634s
  5113  2986   12.09573   32  836   12.28668   12.09573  1.55%  4507  645s
  5114  2990   12.09573   15 3256   12.28668   12.09573  1.55%  4652 1047s
  5116  2993   12.09573   16 2460   12.28668   12.09573  1.55%  4664 1072s
  5120  2998   12.17801   17 2111   12.28668   12.09636  1.55%  4686 1108s
  5128  3007     cutoff   18        12.28668   12.12290  1.33%  4701 1146s
  5142  3016   12.13274   19 2598   12.28668   12.13274  1.25%  4738 1181s
H 5144  2865                      12.2866810   12.13274  1.25%  4742 1181s
H 5146  2722                      12.2866809   12.13274  1.25%  4749 1181s
  5168  2732   12.17219   20 1747   12.28668   12.13274  1.25%  4858 1202s
  5200  2760   12.23319   21 1595   12.28668   12.14428  1.16%  4993 1224s
H 5226  2616                      12.2866809   12.14428  1.16%  5045 1224s
  5287  2601     cutoff   23        12.28668   12.14428  1.16%  5199 1249s
  5357  2582     cutoff   25        12.28668   12.14428  1.16%  5392 1270s
  5424  2573   12.21725   24 1292   12.28668   12.15317  1.09%  5586 1288s
  5480  2563     cutoff   28        12.28668   12.15317  1.09%  5733 1305s
H 5483  2434                      12.2866802   12.15317  1.09%  5744 1305s
  5548  2430   12.26161   23 2809   12.28668   12.15317  1.09%  5943 1327s
  5596  2417     cutoff   24        12.28668   12.15317  1.09%  6120 1346s
  5652  2393   12.25547   23 2855   12.28668   12.15317  1.09%  6286 1367s
  5721  2390   12.15985   24 3239   12.28668   12.15317  1.09%  6445 1380s
  5787  2422   12.22641   31 2511   12.28668   12.18876  0.80%  6586 1396s
  5873  2445   12.18876   25 2973   12.28668   12.18876  0.80%  6632 1410s
  5964  2495   12.24349   26 2627   12.28668   12.18876  0.80%  6652 1425s
  6079  2520   12.18876   26 2884   12.28668   12.18876  0.80%  6668 1437s
H 6133  2380                      12.2854733   12.18876  0.79%  6675 1437s
  6207  2399   12.19809   28 2703   12.28547   12.18876  0.79%  6663 1458s
H 6252  2268                      12.2806967   12.20091  0.65%  6685 1458s
  6320  2258   12.20091   29 2573   12.28070   12.20091  0.65%  6687 1472s
  6412  2279   12.23432   31 2738   12.28070   12.20091  0.65%  6716 1487s
  6517  2281   12.26372   33 2614   12.28070   12.20091  0.65%  6757 1514s
H 6557  2158                      12.2806967   12.20091  0.65%  6760 1514s
H 6575  2048                      12.2806933   12.21783  0.51%  6758 1514s
  6628  2074   12.26378   34 2566   12.28069   12.21783  0.51%  6787 1532s
  6721  2104   12.27314   37 2408   12.28069   12.21783  0.51%  6830 1552s
  6833  2144   12.27424   39 2374   12.28069   12.21783  0.51%  6890 1571s
  6953  2169     cutoff   41        12.28069   12.21783  0.51%  6956 1595s
H 6985  2058                      12.2806933   12.21783  0.51%  6947 1595s
H 7029  1950                      12.2806183   12.22314  0.47%  6953 1595s
H 7055  1851                      12.2805600   12.22314  0.47%  6959 1595s
  7110  1907   12.24648   31 2424   12.28056   12.22314  0.47%  6997 1623s
H 7233  1837                      12.2805600   12.22314  0.47%  7051 1639s
H 7237  1754                      12.2805599   12.22314  0.47%  7052 1639s
H 7308  1655                      12.2805598   12.22314  0.47%  7073 1639s
  7353  1736   12.25857   41 2516   12.28056   12.22314  0.47%  7120 1655s
H 7435  1635                      12.2805442   12.22314  0.47%  7138 1655s
  7493  1693   12.26518   50 2376   12.28054   12.22314  0.47%  7162 1671s
H 7600  1587                      12.2803087   12.22314  0.47%  7203 1671s
  7635  1646     cutoff   56        12.28031   12.22314  0.47%  7238 1694s
  7771  1677   12.27433   55 2400   12.28031   12.22314  0.47%  7341 1713s
H 7905  1567                      12.2803086   12.22314  0.47%  7399 1713s
  7933  1633     cutoff   57        12.28031   12.22314  0.47%  7396 1746s
  8080  1657   12.22314   29 2261   12.28031   12.22314  0.47%  7503 1777s
H 8093  1591                      12.2803049   12.22314  0.47%  7514 1777s
  8228  1648   12.24656   31 2265   12.28030   12.22314  0.47%  7592 1799s
  8422  1683     cutoff   44        12.28030   12.22314  0.47%  7663 1821s
  8628  1695     cutoff   30        12.28030   12.22314  0.47%  7729 1845s
  8860  1851     cutoff   25        12.28030   12.22314  0.47%  7775 1868s
H 9146  1968                      12.2789447   12.22314  0.45%  7828 1903s
  9475  2113   12.27243   48 2225   12.27894   12.22314  0.45%  7801 1943s
  9752  2288     cutoff   50        12.27894   12.22314  0.45%  7812 1982s
H 9797  2288                      12.2789446   12.22314  0.45%  7810 1982s
 10060  2434   12.24816   37 2413   12.27894   12.22314  0.45%  7788 2016s
H10147  2434                      12.2789446   12.22314  0.45%  7787 2016s
H10237  2427                      12.2788905   12.22314  0.45%  7792 2016s
 10316  2599   12.22426   39 2873   12.27889   12.22314  0.45%  7799 2052s
H10367  2599                      12.2788905   12.22314  0.45%  7820 2052s
H10449  2599                      12.2788904   12.22314  0.45%  7812 2052s
 10607  2679   12.27408   41 2469   12.27889   12.22314  0.45%  7811 2090s
 10851  2804   12.24806   41 2329   12.27889   12.22314  0.45%  7849 2134s
 11062  2937     cutoff   43        12.27889   12.22314  0.45%  7914 2168s
H11063  2937                      12.2788904   12.22314  0.45%  7913 2168s
 11281  2989   12.26137   42 2583   12.27889   12.22314  0.45%  7997 2209s
 11453  3083   12.24546   44 2468   12.27889   12.22314  0.45%  8079 2254s
 11648  3165   12.24835   46 2374   12.27889   12.22314  0.45%  8175 2298s
 11867  3265   12.26777   48 2120   12.27889   12.22314  0.45%  8279 2337s
H12032  3265                      12.2788904   12.22314  0.45%  8373 2337s
 12036  3372     cutoff   50        12.27889   12.22314  0.45%  8380 2374s
 12235  3435     cutoff   43        12.27889   12.22314  0.45%  8474 2424s
H12329  3435                      12.2788904   12.22314  0.45%  8560 2424s
 12389  3531   12.22314   37 2457   12.27889   12.22314  0.45%  8600 2470s
 12557  3618   12.22389   41 2600   12.27889   12.22314  0.45%  8739 2519s
 12781  3712   12.24414   50 1829   12.27889   12.22314  0.45%  8874 2567s
 12986  3808   12.22314   47 2345   12.27889   12.22314  0.45%  9022 2618s
 13226  3929   12.23878   51 2679   12.27889   12.22314  0.45%  9163 2667s
 13527  4039     cutoff   55        12.27889   12.22314  0.45%  9308 2717s
H13539  3960                      12.2786855   12.22314  0.45%  9323 2717s
 13839  4120     cutoff   56        12.27869   12.22314  0.45%  9483 2767s
H13854  4120                      12.2786855   12.22314  0.45%  9482 2767s
H14055  4120                      12.2786855   12.22314  0.45%  9571 2767s
 14206  4174   12.27574   57 2259   12.27869   12.22314  0.45%  9594 2821s
H14234  4170                      12.2786622   12.22314  0.45%  9607 2821s
H14271  2366                      12.2672131   12.22314  0.36%  9602 2821s
 14452  2346     cutoff   64        12.26721   12.22314  0.36%  9683 2877s
 14687  2400     cutoff   36        12.26721   12.22314  0.36%  9854 2941s
 14974  2487     cutoff   26        12.26721   12.22314  0.36% 10047 3010s
H15062  2487                      12.2672131   12.22314  0.36% 10105 3010s
 15228  2542   12.25826   74 2096   12.26721   12.22314  0.36% 10203 3073s
 15490  2624     cutoff   77        12.26721   12.22314  0.36% 10357 3133s
 15815  2821   12.24049   45 1126   12.26721   12.22314  0.36% 10525 3196s
 16151  2946   12.24428   60 2135   12.26721   12.22314  0.36% 10640 3266s
H16211  2946                      12.2672131   12.22314  0.36% 10650 3266s
H16348  2908                      12.2667369   12.22314  0.36% 10708 3266s
 16561  3018   12.25732   86 1881   12.26674   12.22314  0.36% 10759 3330s
H16726  2691                      12.2649716   12.22314  0.34% 10804 3330s
 16953  2842   12.23886   54 2557   12.26497   12.22314  0.34% 10965 3407s
 17342  3020   12.24068   56 2599   12.26497   12.22314  0.34% 11022 3482s
 17718  3175   12.24992   68 2300   12.26497   12.22314  0.34% 11142 3565s
[2026-05-26T16:21:39.010] error: *** JOB 13996738 ON x1001c0s2b0n0 CANCELLED AT 2026-05-26T16:21:39 DUE TO TIME LIMIT ***
