2026-05-15 14:56:05 [INFO] idaes.core.surrogate.pysmo_surrogate: Decode surrogate. type=poly

===========================Polynomial Regression===============================================

The number of cross-validation cases (3) is used.
The default training/cross-validation split of 0.75 is used.
No iterations will be run.
Default parameter estimation method is used.
Parameter estimation method:  pyomo 

2026-05-15 14:56:05 [INFO] idaes.core.surrogate.pysmo_surrogate: Decode surrogate. type=poly

===========================Polynomial Regression===============================================

The number of cross-validation cases (3) is used.
The default training/cross-validation split of 0.75 is used.
No iterations will be run.
Default parameter estimation method is used.
Parameter estimation method:  pyomo 

2026-05-15 14:56:05 [INFO] idaes.core.surrogate.pysmo_surrogate: Decode surrogate. type=poly

===========================Polynomial Regression===============================================

The number of cross-validation cases (3) is used.
The default training/cross-validation split of 0.75 is used.
No iterations will be run.
Default parameter estimation method is used.
Parameter estimation method:  pyomo 

2026-05-15 14:56:05 [INFO] idaes.core.surrogate.pysmo_surrogate: Decode surrogate. type=poly

===========================Polynomial Regression===============================================

The number of cross-validation cases (3) is used.
The default training/cross-validation split of 0.75 is used.
No iterations will be run.
Default parameter estimation method is used.
Parameter estimation method:  pyomo 

2026-05-15 14:56:05 [INFO] idaes.apps.grid_integration.pricetaker.price_taker_model: Found minimum uptime/downtime data for pretreatment.uf_pumps[1] - Adding minimum uptime/downtime constraints.
2026-05-15 14:56:05 [INFO] idaes.apps.grid_integration.pricetaker.price_taker_model: Created startup/shutdown constraints for operation model  pretreatment.uf_pumps[1] at uf_pumps_1_startup_shutdown.
2026-05-15 14:56:05 [INFO] idaes.apps.grid_integration.pricetaker.price_taker_model: Found minimum uptime/downtime data for pretreatment.uf_pumps[2] - Adding minimum uptime/downtime constraints.
2026-05-15 14:56:05 [INFO] idaes.apps.grid_integration.pricetaker.price_taker_model: Created startup/shutdown constraints for operation model  pretreatment.uf_pumps[2] at uf_pumps_2_startup_shutdown.
2026-05-15 14:56:05 [INFO] idaes.apps.grid_integration.pricetaker.price_taker_model: Found minimum uptime/downtime data for pretreatment.uf_pumps[3] - Adding minimum uptime/downtime constraints.
2026-05-15 14:56:05 [INFO] idaes.apps.grid_integration.pricetaker.price_taker_model: Created startup/shutdown constraints for operation model  pretreatment.uf_pumps[3] at uf_pumps_3_startup_shutdown.
2026-05-15 14:56:05 [INFO] idaes.apps.grid_integration.pricetaker.price_taker_model: Found minimum uptime/downtime data for reverse_osmosis.ro_skid[1] - Adding minimum uptime/downtime constraints.
2026-05-15 14:56:05 [INFO] idaes.apps.grid_integration.pricetaker.price_taker_model: Created startup/shutdown constraints for operation model  reverse_osmosis.ro_skid[1] at ro_skid_1_startup_shutdown.
2026-05-15 14:56:05 [INFO] idaes.apps.grid_integration.pricetaker.price_taker_model: Found minimum uptime/downtime data for reverse_osmosis.ro_skid[2] - Adding minimum uptime/downtime constraints.
2026-05-15 14:56:05 [INFO] idaes.apps.grid_integration.pricetaker.price_taker_model: Created startup/shutdown constraints for operation model  reverse_osmosis.ro_skid[2] at ro_skid_2_startup_shutdown.
2026-05-15 14:56:05 [INFO] idaes.apps.grid_integration.pricetaker.price_taker_model: Found minimum uptime/downtime data for reverse_osmosis.ro_skid[3] - Adding minimum uptime/downtime constraints.
2026-05-15 14:56:05 [INFO] idaes.apps.grid_integration.pricetaker.price_taker_model: Created startup/shutdown constraints for operation model  reverse_osmosis.ro_skid[3] at ro_skid_3_startup_shutdown.
2026-05-15 14:56:05 [INFO] idaes.apps.grid_integration.pricetaker.price_taker_model: Found minimum uptime/downtime data for reverse_osmosis.ro_skid[4] - Adding minimum uptime/downtime constraints.
2026-05-15 14:56:05 [INFO] idaes.apps.grid_integration.pricetaker.price_taker_model: Created startup/shutdown constraints for operation model  reverse_osmosis.ro_skid[4] at ro_skid_4_startup_shutdown.
741
Set parameter TokenServer to value "10.60.1.73"
Set parameter LogToConsole to value 1
Set parameter MIPGap to value 0.01
Gurobi Optimizer version 12.0.3 build v12.0.3rc0 (linux64 - "Red Hat Enterprise Linux 8.8 (Ootpa)")

CPU model: Intel(R) Xeon(R) Platinum 8470QL, instruction set [SSE2|AVX|AVX2|AVX512]
Thread count: 104 physical cores, 104 logical processors, using up to 32 threads

Non-default parameters:
MIPGap  0.01

Optimize a model with 2398 rows, 2595 columns and 6537 nonzeros
Model fingerprint: 0x42d1bd7b
Model has 24 quadratic objective terms
Model has 504 quadratic constraints
Model has 96 general nonlinear constraints (96 nonlinear terms)
Variable types: 1851 continuous, 744 integer (744 binary)
Coefficient statistics:
  Matrix range     [3e-02, 2e+03]
  QMatrix range    [2e-07, 1e+00]
  QLMatrix range   [1e-04, 2e+00]
  Objective range  [1e-05, 5e-03]
  QObjective range [2e-04, 2e-04]
  Bounds range     [9e-01, 1e+03]
  RHS range        [1e+00, 3e+04]
  QRHS range       [3e-01, 1e+00]
Presolve model has 96 nlconstr
Added 384 variables to disaggregate expressions.
Presolve removed 807 rows and 1082 columns
Presolve time: 0.04s
Presolved: 5407 rows, 2258 columns, 13085 nonzeros
Presolved model has 48 SOS constraint(s)
Presolved model has 696 bilinear constraint(s)
Presolved model has 96 nonlinear constraint(s)

Solving non-convex MINLP

Variable types: 1755 continuous, 503 integer (503 binary)

Root relaxation: objective 6.804030e-01, 5181 iterations, 0.18 seconds (0.26 work units)

    Nodes    |    Current Node    |     Objective Bounds      |     Work
 Expl Unexpl |  Obj  Depth IntInf | Incumbent    BestBd   Gap | It/Node Time

     0     0    0.68040    0 1078          -    0.68040      -     -    0s
H    0     0                       1.8757250    0.68040  63.7%     -    0s
H    0     0                       1.8257250    0.68040  62.7%     -    0s
     0     0    1.11716    0 1033    1.82572    1.11716  38.8%     -    1s
H    0     0                       1.7378970    1.12022  35.5%     -    1s
H    0     0                       1.7328970    1.12022  35.4%     -    1s
     0     0    1.12022    0 1019    1.73290    1.12022  35.4%     -    1s
     0     0    1.15909    0  959    1.73290    1.15909  33.1%     -    1s
H    0     0                       1.7328964    1.15909  33.1%     -    2s
H    0     0                       1.4806194    1.17332  20.8%     -    2s
     0     0    1.18807    0  879    1.48062    1.18807  19.8%     -    2s
     0     0    1.18807    0  921    1.48062    1.18807  19.8%     -    2s
     0     0    1.20514    0  730    1.48062    1.20514  18.6%     -    3s
H    0     0                       1.4806130    1.20514  18.6%     -    3s
     0     0    1.20514    0  935    1.48061    1.20514  18.6%     -    3s
H    0     0                       1.4531731    1.20514  17.1%     -    3s
H    0     0                       1.4063411    1.20514  14.3%     -    3s
H    0     0                       1.4063180    1.20514  14.3%     -    3s
H    0     0                       1.4061459    1.20514  14.3%     -    3s
     0     0    1.20514    0 1028    1.40615    1.20514  14.3%     -    4s
H    0     0                       1.3973135    1.20514  13.8%     -    4s
H    0     0                       1.3723135    1.20514  12.2%     -    4s
     0     0    1.20514    0  976    1.37231    1.20514  12.2%     -    4s
     0     0    1.20514    0 1021    1.37231    1.20514  12.2%     -    5s
     0     0    1.20514    0 1018    1.37231    1.20514  12.2%     -    5s
     0     0    1.20514    0  957    1.37231    1.20514  12.2%     -    6s
H    0     0                       1.3480623    1.20514  10.6%     -    6s
H    0     0                       1.3379717    1.20514  9.93%     -    6s
H    0     2                       1.3305564    1.20514  9.43%     -    6s
     0     2    1.20514    0  957    1.33056    1.20514  9.43%     -    6s
H   27    10                       1.3105016    1.20630  7.95%  2826    8s
H   56    35                       1.2525300    1.20630  3.69%  2792   10s
H   78    45                       1.2475300    1.20630  3.30%  2734   10s
H  123    19                       1.2464430    1.20630  3.22%  2522   11s
H  131    19                       1.2279640    1.20630  1.76%  2548   11s

Cutting planes:
  Learned: 97
  Gomory: 14
  Cover: 327
  Implied bound: 252
  Clique: 22
  MIR: 116
  Flow cover: 334
  Zero half: 12
  Network: 3
  RLT: 586
  Relax-and-lift: 93
  BQP: 3
  PSD: 18

Explored 210 nodes (604746 simplex iterations) in 13.03 seconds (22.01 work units)
Thread count was 32 (of 104 available processors)

Solution count 10: 1.22796 1.24644 1.24753 ... 1.39731

Optimal solution found (tolerance 1.00e-02)
Best objective 1.227964029093e+00, best bound 1.224589535045e+00, gap 0.2748%
m.flow_changes_penalty(): 400.0
Total operational cost: 11879.64
{'fixed_demand_cost': 889.2474713616158, 'variable_demand_cost': 0.0, 'fixed_monthly_cost': 23680.107526881722, 'total_water_production': 32385.890410960124, 'total_energy_cost': 2093.025899911136, 'total_demand_cost': 889.2474713616158, 'total_customer_cost': 0.0, 'total_feed_cost': 5601.883746760198, 'total_brine_cost': 1129.1296927052058, 'total_chemical_cost': 2166.353480192505, 'total_water_revenue': 0.0, 'total_demand_response_revenue': 0.0, 'total_emissions_cost': 0.0, 'total_op_cost': 11879.640290930662, 'fixed_cost': 16740.692204301075, 'total_cost': 28620.332495231734, 'LCOW': 0.8837284426043127}
Saved operation variable results to: /home/rchurchi/watertap_test/watertap/tutorials/flex_ro/wrd_dummy_result.csv
