2026-06-02 11:51:50 [INFO] idaes.core.surrogate.pysmo_surrogate: Decode surrogate. type=poly

===========================Polynomial Regression===============================================

The number of cross-validation cases (3) is used.
The default training/cross-validation split of 0.75 is used.
No iterations will be run.
Default parameter estimation method is used.
Parameter estimation method:  pyomo 

2026-06-02 11:51:50 [INFO] idaes.core.surrogate.pysmo_surrogate: Decode surrogate. type=poly

===========================Polynomial Regression===============================================

The number of cross-validation cases (3) is used.
The default training/cross-validation split of 0.75 is used.
No iterations will be run.
Default parameter estimation method is used.
Parameter estimation method:  pyomo 

2026-06-02 11:51:50 [INFO] idaes.core.surrogate.pysmo_surrogate: Decode surrogate. type=poly

===========================Polynomial Regression===============================================

The number of cross-validation cases (3) is used.
The default training/cross-validation split of 0.75 is used.
No iterations will be run.
Default parameter estimation method is used.
Parameter estimation method:  pyomo 

2026-06-02 11:51:50 [INFO] idaes.core.surrogate.pysmo_surrogate: Decode surrogate. type=poly

===========================Polynomial Regression===============================================

The number of cross-validation cases (3) is used.
The default training/cross-validation split of 0.75 is used.
No iterations will be run.
Default parameter estimation method is used.
Parameter estimation method:  pyomo 

2026-06-02 11:51:52 [INFO] idaes.apps.grid_integration.pricetaker.price_taker_model: Found minimum uptime/downtime data for pretreatment.uf_pumps[1] - Adding minimum uptime/downtime constraints.
2026-06-02 11:51:52 [INFO] idaes.apps.grid_integration.pricetaker.price_taker_model: Created startup/shutdown constraints for operation model  pretreatment.uf_pumps[1] at uf_pumps_1_startup_shutdown.
2026-06-02 11:51:52 [INFO] idaes.apps.grid_integration.pricetaker.price_taker_model: Found minimum uptime/downtime data for pretreatment.uf_pumps[2] - Adding minimum uptime/downtime constraints.
2026-06-02 11:51:52 [INFO] idaes.apps.grid_integration.pricetaker.price_taker_model: Created startup/shutdown constraints for operation model  pretreatment.uf_pumps[2] at uf_pumps_2_startup_shutdown.
2026-06-02 11:51:52 [INFO] idaes.apps.grid_integration.pricetaker.price_taker_model: Found minimum uptime/downtime data for pretreatment.uf_pumps[3] - Adding minimum uptime/downtime constraints.
2026-06-02 11:51:52 [INFO] idaes.apps.grid_integration.pricetaker.price_taker_model: Created startup/shutdown constraints for operation model  pretreatment.uf_pumps[3] at uf_pumps_3_startup_shutdown.
2026-06-02 11:51:52 [INFO] idaes.apps.grid_integration.pricetaker.price_taker_model: Found minimum uptime/downtime data for reverse_osmosis.ro_skid[1] - Adding minimum uptime/downtime constraints.
2026-06-02 11:51:52 [INFO] idaes.apps.grid_integration.pricetaker.price_taker_model: Created startup/shutdown constraints for operation model  reverse_osmosis.ro_skid[1] at ro_skid_1_startup_shutdown.
2026-06-02 11:51:52 [INFO] idaes.apps.grid_integration.pricetaker.price_taker_model: Found minimum uptime/downtime data for reverse_osmosis.ro_skid[2] - Adding minimum uptime/downtime constraints.
2026-06-02 11:51:52 [INFO] idaes.apps.grid_integration.pricetaker.price_taker_model: Created startup/shutdown constraints for operation model  reverse_osmosis.ro_skid[2] at ro_skid_2_startup_shutdown.
2026-06-02 11:51:52 [INFO] idaes.apps.grid_integration.pricetaker.price_taker_model: Found minimum uptime/downtime data for reverse_osmosis.ro_skid[3] - Adding minimum uptime/downtime constraints.
2026-06-02 11:51:52 [INFO] idaes.apps.grid_integration.pricetaker.price_taker_model: Created startup/shutdown constraints for operation model  reverse_osmosis.ro_skid[3] at ro_skid_3_startup_shutdown.
2026-06-02 11:51:52 [INFO] idaes.apps.grid_integration.pricetaker.price_taker_model: Found minimum uptime/downtime data for reverse_osmosis.ro_skid[4] - Adding minimum uptime/downtime constraints.
2026-06-02 11:51:52 [INFO] idaes.apps.grid_integration.pricetaker.price_taker_model: Created startup/shutdown constraints for operation model  reverse_osmosis.ro_skid[4] at ro_skid_4_startup_shutdown.
4270
Set parameter TokenServer to value "10.60.1.73"
Set parameter LogToConsole to value 1
Set parameter MIPGap to value 0.02
Gurobi Optimizer version 12.0.3 build v12.0.3rc0 (linux64 - "Red Hat Enterprise Linux 8.8 (Ootpa)")

CPU model: Intel(R) Xeon(R) Platinum 8470QL, instruction set [SSE2|AVX|AVX2|AVX512]
Thread count: 104 physical cores, 104 logical processors, using up to 32 threads

Non-default parameters:
MIPGap  0.02

Optimize a model with 17951 rows, 16373 columns and 48595 nonzeros
Model fingerprint: 0x4b8e4a00
Model has 168 quadratic objective terms
Model has 2352 quadratic constraints
Variable types: 11259 continuous, 5114 integer (5114 binary)
Coefficient statistics:
  Matrix range     [5e-04, 2e+03]
  QMatrix range    [2e-07, 1e+00]
  QLMatrix range   [3e-04, 1e+00]
  Objective range  [6e-06, 5e-03]
  QObjective range [2e-04, 2e-04]
  Bounds range     [9e-01, 1e+03]
  RHS range        [5e-02, 3e+05]
  QRHS range       [3e-01, 3e-01]
Presolve removed 8835 rows and 8481 columns
Presolve time: 0.11s
Presolved: 18048 rows, 8175 columns, 49077 nonzeros
Presolved model has 188 SOS constraint(s)
Presolved model has 2312 bilinear constraint(s)

Solving non-convex MIQCP

Variable types: 5336 continuous, 2839 integer (2839 binary)
Found heuristic solution: objective 18.7628566

Root relaxation: unbounded, 0 iterations, 0.01 seconds (0.00 work units)

    Nodes    |    Current Node    |     Objective Bounds      |     Work
 Expl Unexpl |  Obj  Depth IntInf | Incumbent    BestBd   Gap | It/Node Time

     0     2  postponed    0        18.76286          -      -     -    5s
    15    26  postponed    4        18.76286          -      -  7195   10s
    87   147  postponed    7        18.76286          -      -  7585   17s
   156   324  postponed    8        18.76286          -      -  8843   22s
   365   665  postponed   10        18.76286          -      -  4890   34s
   802  1135 infeasible   17        18.76286          -      -  2737   53s
  1598  2205  postponed   29        18.76286          -      -  1994   82s
H 2296  2205                      17.8438851          -      -  1753   82s
H 2656  2205                      16.8663069          -      -  1614   82s
H 3126  2205                      16.8216684          -      -  1542   82s
  3374  5390 infeasible   46        16.82167          -      -  1494  113s
H 4128  5390                      16.8216243          -      -  1512  113s
H 4398  5390                      16.8205866          -      -  1459  113s
  7345  7735  postponed   64        16.82059          -      -  1131  132s
H 7461  7513                      16.0164371          -      -  1133  132s
H 8600  7082                      15.3819732          -      -  1103  132s
 10197  7522 infeasible   76        15.38197          -      -  1025  147s
H10213  7388                      15.2859457          -      -  1026  147s
H10276  6846                      14.8928849          -      -  1026  147s
H10986  6796                      14.8705949          -      -   987  147s
 12073  9022   12.94685   82 2658   14.87059          -      -   980  164s
H13756  8478                      14.6757065          -      -   913  164s
H14513  8357                      14.6314210          -      -   895  164s
 14863  8350   14.32834  271    0   14.63142          -      -   890  166s
 14865  8351   13.94348  117 1016   14.63142   11.25088  23.1%   890  173s
 14866  8352   13.50386  156  895   14.63142   12.00866  17.9%   890  175s
H14867  7935                      14.6253393   12.43907  14.9%   890  179s
 14869  7936   13.73134  230 1088   14.62534   12.48466  14.6%   890  182s
 14870  7937   13.77078  150  977   14.62534   12.51375  14.4%   890  186s
H14871  7540                      14.5999515   12.55960  14.0%   890  189s
 14873  7542   13.75698  173  949   14.59995   12.56377  13.9%   890  190s
H14874  7164                      14.4254275   12.57445  12.8%   890  192s
H14874  6806                      14.3561146   12.57445  12.4%   890  192s
H14874  6465                      14.3461146   12.57445  12.3%   890  192s
H14874  6142                      14.3450118   12.57445  12.3%   890  192s
H14874  5835                      14.3319894   12.57445  12.3%   890  192s
H14874  5543                      14.3319754   12.57445  12.3%   890  192s
H14874  5265                      14.3318806   12.57445  12.3%   890  192s
H14875  5003                      14.3274111   12.58209  12.2%   890  193s
H14877  4753                      13.9238590   12.58384  9.62%   889  195s
H14877  4515                      13.9210067   12.58384  9.61%   889  195s
H14877  4289                      13.9016178   12.58384  9.48%   889  195s
H14877  4075                      13.8427043   12.58384  9.09%   889  195s
H14877  3871                      13.8398268   12.58384  9.08%   889  195s
H14877  3677                      13.8381098   12.58384  9.06%   889  195s
H14877  3493                      13.8381095   12.58384  9.06%   889  195s
H14877  3318                      13.8281095   12.58384  9.00%   889  195s
H14879  3154                      13.8185637   12.58711  8.91%   889  197s
H14879  2996                      13.8183753   12.58711  8.91%   889  197s
H14882  2847                      13.7713811   12.59226  8.56%   889  199s
H14882  2705                      13.7590982   12.59226  8.48%   889  199s
H14882  2569                      13.7590627   12.59226  8.48%   889  199s
H14882  2440                      13.7590303   12.59226  8.48%   889  199s
H14882  2318                      13.7590243   12.59226  8.48%   889  199s
H14882  2202                      13.7590243   12.59226  8.48%   889  199s
H14882  2091                      13.7590242   12.59226  8.48%   889  199s
H14882  1986                      13.7583007   12.59226  8.48%   889  199s
H14882  1887                      13.7567045   12.59226  8.46%   889  199s
H14882  1792                      13.7567035   12.59226  8.46%   889  199s
H14882  1702                      13.7566886   12.59226  8.46%   889  199s
H14882  1617                      13.7566886   12.59226  8.46%   889  199s
H14882  1536                      13.7566885   12.59226  8.46%   889  200s
H14882  1459                      13.7558898   12.59226  8.46%   889  200s
H14882  1385                      13.7558893   12.59226  8.46%   889  200s
H14883  1316                      13.7558877   12.59254  8.46%   889  200s
H14883  1249                      13.7558744   12.59254  8.46%   889  200s
H14883  1187                      13.7482981   12.59254  8.41%   889  200s
H14883  1127                      13.7482981   12.59301  8.40%   889  201s
H14883  1070                      13.7456155   12.59301  8.39%   889  201s
H14887  1019                      13.7387374   12.59320  8.34%   889  203s
 14892  1022   13.67253  137  961   13.73874   12.59320  8.34%   889  205s
 14893  1023   12.59320   42  961   13.73874   12.59320  8.34%   889  213s
H14893   971                      13.7266630   12.59320  8.26%   889  218s
H14893   922                      13.7192260   12.59320  8.21%   889  218s
H14893   876                      13.6983141   12.59320  8.07%   889  218s
 14895   880   12.60490   15 2280   13.69831   12.59320  8.07%   895  333s
 14897   884   12.65172   16 2112   13.69831   12.60490  7.98%   896  341s
 14901   890   12.72342   17 2132   13.69831   12.63380  7.77%   897  347s
 14909   904   12.78808   18 1873   13.69831   12.65952  7.58%   900  359s
H14925   885                      13.5120481   12.66787  6.25%   904  370s
H14946   836                      13.4406196   12.69470  5.55%   913  370s
 14957   865   13.29066   20 1637   13.44062   12.69470  5.55%   918  377s
 14989   931   13.29177   21 1549   13.44062   12.69470  5.55%   924  387s
H15004   886                      13.2840811   12.69470  4.44%   929  387s
 15068   930     cutoff   23        13.28408   12.70461  4.36%   950  397s
H15149   942                      13.2784673   12.70461  4.32%   970  407s
H15164   901                      13.2742672   12.70461  4.29%   971  407s
H15166   866                      13.2506914   12.70461  4.12%   971  407s
 15230   920   12.89554   24 1644   13.25069   12.70461  4.12%   983  414s
 15319   975   12.95900   29 1539   13.25069   12.70461  4.12%   994  423s
H15324   940                      13.2376786   12.70461  4.03%   994  423s
 15418   980   12.96618   34 1501   13.23768   12.70461  4.03%  1002  430s
 15500  1041   12.97603   37 1504   13.23768   12.71200  3.97%  1016  438s
 15594  1075   12.98719   40 1500   13.23768   12.71200  3.97%  1024  446s
 15681  1109   12.98725   41 1503   13.23768   12.71200  3.97%  1036  453s
H15747  1056                      13.2359747   12.71860  3.91%  1045  453s
 15757  1128   12.99112   41 1506   13.23597   12.71860  3.91%  1049  459s
H15844  1154                      13.2346224   12.72071  3.88%  1057  467s
H15850  1124                      13.2296431   12.72071  3.85%  1058  467s
H15877  1088                      13.2291870   12.72071  3.84%  1064  467s
H15879  1062                      13.2290700   12.72071  3.84%  1064  467s
H15887  1036                      13.2271123   12.72071  3.83%  1066  467s
 15940  1122   13.00184   45 1448   13.22711   12.72071  3.83%  1073  474s
H16052  1179                      13.2224352   12.72071  3.79%  1081  483s
H16067  1153                      13.2217695   12.72071  3.79%  1085  483s
H16078  1143                      13.2216354   12.72071  3.79%  1084  483s
H16081  1143                      13.2202258   12.72071  3.78%  1084  483s
 16181  1213   13.01044   52 1437   13.22023   12.72666  3.73%  1091  490s
 16285  1302   13.01417   51 1415   13.22023   12.72751  3.73%  1114  500s
H16359  1302                      13.2202258   12.72751  3.73%  1129  500s
 16398  1388   13.06911   52 1453   13.22023   12.72751  3.73%  1129  508s
H16501  1527                      13.2185930   12.72751  3.72%  1145  516s
H16511  1527                      13.2179159   12.72751  3.71%  1144  516s
H16518  1527                      13.2179132   12.72751  3.71%  1146  516s
H16544  1527                      13.2175575   12.72751  3.71%  1146  516s
H16581  1527                      13.2172839   12.72869  3.70%  1152  516s
H16606  1527                      13.2154529   12.72869  3.68%  1153  516s
H16628  1527                      13.2048607   12.72869  3.61%  1156  516s
 16665  1624   13.06648   64 1428   13.20486   12.72869  3.61%  1155  523s
 16807  1755   13.06425   67 1412   13.20486   12.72869  3.61%  1171  533s
H16831  1755                      13.2043764   12.72869  3.60%  1172  533s
H16836  1755                      13.2034344   12.72869  3.60%  1173  533s
H16913  1755                      13.1737082   12.72869  3.38%  1178  533s
 16950  1810   13.06973   74 1406   13.17371   12.72869  3.38%  1181  541s
 17043  1907   13.06988   76 1403   13.17371   12.73021  3.37%  1192  548s
 17180  1978   13.07476   80 1386   13.17371   12.73021  3.37%  1207  556s
 17362  2190   13.07999   84 1368   13.17371   12.73021  3.37%  1216  565s
 17587  2397   13.08362   92 1366   13.17371   12.73021  3.37%  1226  574s
 17800  2631   13.08738  105 1337   13.17371   12.73021  3.37%  1234  581s
H18050  2251                      13.1066117   12.73021  2.87%  1241  588s
H18060  2247                      13.1062129   12.73021  2.87%  1241  588s
H18090  2244                      13.1057432   12.73021  2.87%  1244  588s
 18216  2360   13.09755  122 1326   13.10574   12.73073  2.86%  1250  596s
H18252  2360                      13.1057432   12.73760  2.81%  1251  596s
H18280  2360                      13.1057429   12.73760  2.81%  1251  596s
 18458  2526   13.09155  129 1277   13.10574   12.73760  2.81%  1257  604s
H18566  2526                      13.1057428   12.73760  2.81%  1267  604s
 18647  2721   13.09706  135 1302   13.10574   12.73760  2.81%  1274  616s
 18863  2954   13.09331  137 1230   13.10574   12.73760  2.81%  1289  628s
 19128  3234   13.09390  162 1237   13.10574   12.73760  2.81%  1303  638s
H19222  3234                      13.1057428   12.73760  2.81%  1305  638s
H19358  3213                      13.1042765   12.73760  2.80%  1314  638s
H19445  3510                      13.1013609   12.73760  2.78%  1315  650s
H19722  3446                      13.0967113   12.73760  2.74%  1321  650s
H19800  3772                      13.0967113   12.73760  2.74%  1330  659s
H19806  3772                      13.0967112   12.73760  2.74%  1332  659s
H19810  3772                      13.0967111   12.73760  2.74%  1333  659s
H19827  3772                      13.0967111   12.73760  2.74%  1335  659s
H19856  3772                      13.0967105   12.73760  2.74%  1334  659s
H19887  3769                      13.0963649   12.73760  2.74%  1332  659s
H19908  3769                      13.0963610   12.73760  2.74%  1332  659s
 20173  3922   13.09424  200 1239   13.09636   12.73760  2.74%  1339  667s
H20206  3775                      13.0899956   12.73760  2.69%  1338  667s
H20208  3624                      13.0825603   12.73760  2.64%  1338  667s
H20232  3203                      13.0634640   12.73760  2.49%  1337  667s
H20253  2839                      13.0450709   12.73760  2.36%  1337  667s
H20255  2716                      13.0407575   12.73760  2.32%  1337  667s
H20269  2448                      13.0293534   12.73760  2.24%  1338  667s
 20350  2377     cutoff  231        13.02935   12.76614  2.02%  1340  679s
H20420  2377                      13.0293534   12.76614  2.02%  1345  679s
H20490  2377                      13.0293534   12.76614  2.02%  1349  679s
H20518  2377                      13.0293534   12.76614  2.02%  1351  679s
 20630  2509   12.79423   22 1809   13.02935   12.76754  2.01%  1356  692s
 20839  2655   12.89688   25 1681   13.02935   12.76754  2.01%  1384  708s
H20867  2655                      13.0293534   12.76754  2.01%  1385  708s
H20875  2655                      13.0293533   12.77126  1.98%  1387  708s

Cutting planes:
  Learned: 230
  Gomory: 100
  Cover: 683
  Implied bound: 249
  Projected implied bound: 182
  Clique: 3
  MIR: 370
  StrongCG: 6
  Flow cover: 720
  GUB cover: 24
  Zero half: 6
  Network: 23
  RLT: 1629
  Relax-and-lift: 386
  BQP: 13

Explored 21030 nodes (29851948 simplex iterations) in 708.38 seconds (1428.37 work units)
Thread count was 32 (of 104 available processors)

Solution count 10: 13.0294 13.0294 13.0408 ... 13.0967

Optimal solution found (tolerance 2.00e-02)
Best objective 1.302935331744e+01, best bound 1.277125511991e+01, gap 1.9809%
m.flow_changes_penalty(): 5900.0
Total operational cost: 124393.53
Maximum power (kW): 1458.38
Discharge energy capacity (kWh): 35012.61
Charge energy capacity (kWh): 45973.70
Levelized Cost of Flexibility ($/kWh): 0.51
{'fixed_demand_cost': 9188.72450808837, 'variable_demand_cost': 2618.882721047463, 'fixed_monthly_cost': 171938.17204301074, 'total_water_production': 282179.6712344473, 'total_energy_cost': 21072.189860718794, 'total_demand_cost': 11807.607229135832, 'total_customer_cost': 0.0, 'total_feed_cost': 50904.11853743886, 'total_brine_cost': 20591.72660900959, 'total_chemical_cost': 20017.89093811976, 'total_water_revenue': 0.0, 'total_demand_response_revenue': 0.0, 'total_emissions_cost': 0.0, 'total_op_cost': 124393.53317442285, 'fixed_cost': 121551.98252688172, 'total_cost': 245945.51570130457, 'LCOW': 0.8715918996764378, 'degree_of_flex': 0.46706586826347307, 'total_replacement_cost': 1040.9289460857153, 'maximum_power': 1458.3752411216708, 'energy_capacity': 35012.612233571585, 'power_capacity': 875.3153058392896, 'round_trip_efficiency': 0, 'LVOF': 0.5144469580296065}
Saved operation variable results to: /home/rchurchi/watertap_test/watertap/tutorials/flex_ro/wrd_result_summer_both_4_flexible_trains_RTP.csv
Saved summary results to: /home/rchurchi/watertap_test/watertap/tutorials/flex_ro/wrd_pricetaker_summary_results_20260602_120344.csv
