2026-05-26 14:56:52 [INFO] idaes.core.surrogate.pysmo_surrogate: Decode surrogate. type=poly

===========================Polynomial Regression===============================================

The number of cross-validation cases (3) is used.
The default training/cross-validation split of 0.75 is used.
No iterations will be run.
Default parameter estimation method is used.
Parameter estimation method:  pyomo 

2026-05-26 14:56:52 [INFO] idaes.core.surrogate.pysmo_surrogate: Decode surrogate. type=poly

===========================Polynomial Regression===============================================

The number of cross-validation cases (3) is used.
The default training/cross-validation split of 0.75 is used.
No iterations will be run.
Default parameter estimation method is used.
Parameter estimation method:  pyomo 

2026-05-26 14:56:52 [INFO] idaes.core.surrogate.pysmo_surrogate: Decode surrogate. type=poly

===========================Polynomial Regression===============================================

The number of cross-validation cases (3) is used.
The default training/cross-validation split of 0.75 is used.
No iterations will be run.
Default parameter estimation method is used.
Parameter estimation method:  pyomo 

2026-05-26 14:56:52 [INFO] idaes.core.surrogate.pysmo_surrogate: Decode surrogate. type=poly

===========================Polynomial Regression===============================================

The number of cross-validation cases (3) is used.
The default training/cross-validation split of 0.75 is used.
No iterations will be run.
Default parameter estimation method is used.
Parameter estimation method:  pyomo 

2026-05-26 14:56:52 [INFO] idaes.apps.grid_integration.pricetaker.price_taker_model: Found minimum uptime/downtime data for pretreatment.uf_pumps[1] - Adding minimum uptime/downtime constraints.
2026-05-26 14:56:52 [INFO] idaes.apps.grid_integration.pricetaker.price_taker_model: Created startup/shutdown constraints for operation model  pretreatment.uf_pumps[1] at uf_pumps_1_startup_shutdown.
2026-05-26 14:56:52 [INFO] idaes.apps.grid_integration.pricetaker.price_taker_model: Found minimum uptime/downtime data for pretreatment.uf_pumps[2] - Adding minimum uptime/downtime constraints.
2026-05-26 14:56:52 [INFO] idaes.apps.grid_integration.pricetaker.price_taker_model: Created startup/shutdown constraints for operation model  pretreatment.uf_pumps[2] at uf_pumps_2_startup_shutdown.
2026-05-26 14:56:52 [INFO] idaes.apps.grid_integration.pricetaker.price_taker_model: Found minimum uptime/downtime data for pretreatment.uf_pumps[3] - Adding minimum uptime/downtime constraints.
2026-05-26 14:56:52 [INFO] idaes.apps.grid_integration.pricetaker.price_taker_model: Created startup/shutdown constraints for operation model  pretreatment.uf_pumps[3] at uf_pumps_3_startup_shutdown.
2026-05-26 14:56:52 [INFO] idaes.apps.grid_integration.pricetaker.price_taker_model: Found minimum uptime/downtime data for reverse_osmosis.ro_skid[1] - Adding minimum uptime/downtime constraints.
2026-05-26 14:56:52 [INFO] idaes.apps.grid_integration.pricetaker.price_taker_model: Created startup/shutdown constraints for operation model  reverse_osmosis.ro_skid[1] at ro_skid_1_startup_shutdown.
2026-05-26 14:56:52 [INFO] idaes.apps.grid_integration.pricetaker.price_taker_model: Found minimum uptime/downtime data for reverse_osmosis.ro_skid[2] - Adding minimum uptime/downtime constraints.
2026-05-26 14:56:52 [INFO] idaes.apps.grid_integration.pricetaker.price_taker_model: Created startup/shutdown constraints for operation model  reverse_osmosis.ro_skid[2] at ro_skid_2_startup_shutdown.
2026-05-26 14:56:52 [INFO] idaes.apps.grid_integration.pricetaker.price_taker_model: Found minimum uptime/downtime data for reverse_osmosis.ro_skid[3] - Adding minimum uptime/downtime constraints.
2026-05-26 14:56:52 [INFO] idaes.apps.grid_integration.pricetaker.price_taker_model: Created startup/shutdown constraints for operation model  reverse_osmosis.ro_skid[3] at ro_skid_3_startup_shutdown.
2026-05-26 14:56:52 [INFO] idaes.apps.grid_integration.pricetaker.price_taker_model: Found minimum uptime/downtime data for reverse_osmosis.ro_skid[4] - Adding minimum uptime/downtime constraints.
2026-05-26 14:56:52 [INFO] idaes.apps.grid_integration.pricetaker.price_taker_model: Created startup/shutdown constraints for operation model  reverse_osmosis.ro_skid[4] at ro_skid_4_startup_shutdown.
1392
Set parameter TokenServer to value "10.60.1.73"
Set parameter LogToConsole to value 1
Gurobi Optimizer version 12.0.3 build v12.0.3rc0 (linux64 - "Red Hat Enterprise Linux 8.8 (Ootpa)")

CPU model: Intel(R) Xeon(R) Platinum 8470QL, instruction set [SSE2|AVX|AVX2|AVX512]
Thread count: 104 physical cores, 104 logical processors, using up to 32 threads

Optimize a model with 4782 rows, 5050 columns and 13182 nonzeros
Model fingerprint: 0x5a462c28
Model has 48 quadratic objective terms
Model has 1008 quadratic constraints
Model has 192 general nonlinear constraints (192 nonlinear terms)
Variable types: 3560 continuous, 1490 integer (1490 binary)
Coefficient statistics:
  Matrix range     [3e-02, 2e+03]
  QMatrix range    [2e-07, 1e+00]
  QLMatrix range   [1e-04, 2e+00]
  Objective range  [8e-06, 5e-03]
  QObjective range [2e-04, 2e-04]
  Bounds range     [9e-01, 1e+03]
  RHS range        [1e+00, 8e+04]
  QRHS range       [3e-01, 1e+00]
Presolve model has 192 nlconstr
Added 768 variables to disaggregate expressions.
Presolve removed 1518 rows and 2001 columns
Presolve time: 0.07s
Presolved: 10896 rows, 4538 columns, 26566 nonzeros
Presolved model has 96 SOS constraint(s)
Presolved model has 1392 bilinear constraint(s)
Presolved model has 192 nonlinear constraint(s)

Solving non-convex MINLP

Variable types: 3469 continuous, 1069 integer (1069 binary)

Root relaxation: objective 2.680541e+00, 10542 iterations, 0.35 seconds (0.52 work units)

    Nodes    |    Current Node    |     Objective Bounds      |     Work
 Expl Unexpl |  Obj  Depth IntInf | Incumbent    BestBd   Gap | It/Node Time

     0     0    2.68054    0 1742          -    2.68054      -     -    0s
     0     0    2.98991    0 1942          -    2.98991      -     -    1s
     0     0    2.98991    0 1935          -    2.98991      -     -    1s
     0     0    2.98991    0 1952          -    2.98991      -     -    2s
H    0     0                       3.6107515    3.09656  14.2%     -    2s
H    0     0                       3.5907515    3.09656  13.8%     -    2s
     0     0    3.09656    0 1650    3.59075    3.09656  13.8%     -    2s
     0     0    3.15025    0 1453    3.59075    3.15025  12.3%     -    3s
     0     0    3.15025    0 1527    3.59075    3.15025  12.3%     -    4s
     0     0    3.16617    0 1315    3.59075    3.16617  11.8%     -    5s
     0     0    3.16844    0 1694    3.59075    3.16844  11.8%     -    6s
     0     0    3.16844    0 1670    3.59075    3.16844  11.8%     -    7s
H    0     0                       3.5601944    3.16844  11.0%     -    8s
     0     0    3.16844    0 1280    3.56019    3.16844  11.0%     -    8s
     0     0    3.16844    0 1605    3.56019    3.16844  11.0%     -    9s
     0     0    3.16844    0 1518    3.56019    3.16844  11.0%     -   10s
H    0     0                       3.5326367    3.16844  10.3%     -   10s
     0     0    3.16844    0 1474    3.53264    3.16844  10.3%     -   11s
     0     0    3.16844    0 1499    3.53264    3.16844  10.3%     -   12s
     0     0    3.21307    0 1357    3.53264    3.21307  9.05%     -   13s
     0     2    3.21307    0 1346    3.53264    3.21307  9.05%     -   14s
     3     6    3.25522    2  994    3.53264    3.22818  8.62%  2166   15s
H   46    36                       3.5316979    3.30102  6.53%  5225   19s
    63    50    3.30102    7  886    3.53170    3.30102  6.53%  5911   21s
H   98    67                       3.5315171    3.30102  6.53%  6410   24s
H  105    67                       3.5101233    3.30102  5.96%  6286   24s
H  111    67                       3.4957562    3.30102  5.57%  6289   24s
   144    87    3.31100   10 1284    3.49576    3.30102  5.57%  6560   27s
   228   114    3.31068   11  998    3.49576    3.30102  5.57%  5711   30s
H  238   114                       3.4947428    3.30102  5.54%  5745   30s
H  299   114                       3.4895332    3.30102  5.40%  5632   30s
   375   141    3.48418   15  416    3.48953    3.30102  5.40%  5491   36s
H  399   141                       3.4732959    3.30102  4.96%  5685   36s
   436   105     cutoff   17         3.47330    3.30102  4.96%  5588   40s
H  518   105                       3.4732959    3.30102  4.96%  5414   42s
H  535   105                       3.4682959    3.30102  4.82%  5412   42s
   575   115    3.37709   17  769    3.46830    3.30102  4.82%  5459   46s
   720   171 infeasible   20         3.46830    3.30102  4.82%  5240   51s
H  810   218                       3.4646116    3.30102  4.72%  5077   53s
   956   338    3.37721   27  819    3.46461    3.30102  4.72%  4854   56s
H  957   338                       3.4619097    3.30102  4.65%  4849   56s
H  964   338                       3.4097411    3.30102  3.19%  4844   56s
  1203   319     cutoff   29         3.40974    3.30102  3.19%  4363   60s
H 1238   319                       3.4093988    3.30102  3.18%  4310   60s
H 1310   319                       3.4093597    3.30102  3.18%  4170   60s
H 1506   614                       3.4042898    3.30102  3.03%  3818   63s
H 1567   614                       3.3992963    3.30102  2.89%  3704   63s
  1742   675     cutoff   34         3.39930    3.31996  2.33%  3405   65s
H 1932   901                       3.3828283    3.31996  1.86%  3217   74s
  2159  1062    3.36050   28  411    3.38283    3.31996  1.86%  2986   76s
H 2394  1397                       3.3772005    3.31996  1.69%  2806   78s
H 2394  1397                       3.3760358    3.31996  1.66%  2806   78s
H 2409  1397                       3.3671049    3.31996  1.40%  2789   78s
H 2409  1397                       3.3644582    3.31996  1.32%  2789   78s
H 2499  1397                       3.3450694    3.31996  0.75%  2692   78s
H 2725  1397                       3.3422297    3.31996  0.67%  2511   78s
H 2757  1620                       3.3422283    3.31996  0.67%  2489   79s
H 2811  1620                       3.3422230    3.31996  0.67%  2442   79s
H 3154  2157                       3.3422224    3.32499  0.52%  2215   80s
H 3210  2157                       3.3422224    3.32499  0.52%  2178   80s
H 3250  2157                       3.3422224    3.32499  0.52%  2152   80s
H 3340  2157                       3.3422224    3.32499  0.52%  2098   80s
H 3456  2157                       3.3422223    3.32499  0.52%  2032   80s

Cutting planes:
  Learned: 138
  Gomory: 19
  Cover: 828
  Implied bound: 453
  Clique: 44
  MIR: 506
  StrongCG: 6
  Flow cover: 1158
  GUB cover: 12
  Zero half: 8
  Network: 10
  RLT: 1104
  Relax-and-lift: 387
  BQP: 62
  PSD: 54

Explored 3738 nodes (7198238 simplex iterations) in 86.97 seconds (169.08 work units)
Thread count was 32 (of 104 available processors)

Solution count 10: 3.34222 3.34222 3.34222 ... 3.36446

Optimal solution found (tolerance 1.00e-04)
Best objective 3.342222306849e+00, best bound 3.342222306849e+00, gap 0.0000%
Total operational cost: 32216.52
Maximum power (kW): 1578.77
Discharge energy capacity (kWh): 13403.44
Charge energy capacity (kWh): 16957.14
Levelized Cost of Flexibility ($/kWh): 3.10
{'fixed_demand_cost': 2799.529035214925, 'variable_demand_cost': 0.0, 'fixed_monthly_cost': 48389.784946236556, 'total_water_production': 79416.02687712638, 'total_energy_cost': 5773.607484866978, 'total_demand_cost': 2799.529035214925, 'total_customer_cost': 0.0, 'total_feed_cost': 13737.0433048475, 'total_brine_cost': 4111.01232461344, 'total_chemical_cost': 5501.0309189467725, 'raw_degree_of_flex': 0.5106382978723405, 'degree_of_flex': 0.5106382978723405, 'total_replacement_cost': 294.3012209283636, 'total_water_revenue': 0.0, 'total_demand_response_revenue': 0.0, 'total_emissions_cost': 0.0, 'total_op_cost': 32216.524289417976, 'fixed_cost': 34209.24059139785, 'total_cost': 66425.76488081583, 'LCOW': 0.8364277022267902, 'maximum_power': 1578.7655498032889, 'energy_capacity': 13403.439164135201, 'power_capacity': 957.388511723943, 'round_trip_efficiency': 0, 'LVOF': 3.1016043115325864}
Saved operation variable results to: /home/rchurchi/watertap_test/watertap/tutorials/flex_ro/wrd_result_summer_both_4_flexible_trains.csv
Saved summary results to: /home/rchurchi/watertap_test/watertap/tutorials/flex_ro/wrd_pricetaker_summary_results_20260526_145822.csv
