2026-05-26 14:10:22 [INFO] idaes.core.surrogate.pysmo_surrogate: Decode surrogate. type=poly

===========================Polynomial Regression===============================================

The number of cross-validation cases (3) is used.
The default training/cross-validation split of 0.75 is used.
No iterations will be run.
Default parameter estimation method is used.
Parameter estimation method:  pyomo 

2026-05-26 14:10:22 [INFO] idaes.core.surrogate.pysmo_surrogate: Decode surrogate. type=poly

===========================Polynomial Regression===============================================

The number of cross-validation cases (3) is used.
The default training/cross-validation split of 0.75 is used.
No iterations will be run.
Default parameter estimation method is used.
Parameter estimation method:  pyomo 

2026-05-26 14:10:22 [INFO] idaes.core.surrogate.pysmo_surrogate: Decode surrogate. type=poly

===========================Polynomial Regression===============================================

The number of cross-validation cases (3) is used.
The default training/cross-validation split of 0.75 is used.
No iterations will be run.
Default parameter estimation method is used.
Parameter estimation method:  pyomo 

2026-05-26 14:10:22 [INFO] idaes.core.surrogate.pysmo_surrogate: Decode surrogate. type=poly

===========================Polynomial Regression===============================================

The number of cross-validation cases (3) is used.
The default training/cross-validation split of 0.75 is used.
No iterations will be run.
Default parameter estimation method is used.
Parameter estimation method:  pyomo 

2026-05-26 14:10:22 [INFO] idaes.apps.grid_integration.pricetaker.price_taker_model: Found minimum uptime/downtime data for pretreatment.uf_pumps[1] - Adding minimum uptime/downtime constraints.
2026-05-26 14:10:22 [INFO] idaes.apps.grid_integration.pricetaker.price_taker_model: Created startup/shutdown constraints for operation model  pretreatment.uf_pumps[1] at uf_pumps_1_startup_shutdown.
2026-05-26 14:10:22 [INFO] idaes.apps.grid_integration.pricetaker.price_taker_model: Found minimum uptime/downtime data for pretreatment.uf_pumps[2] - Adding minimum uptime/downtime constraints.
2026-05-26 14:10:22 [INFO] idaes.apps.grid_integration.pricetaker.price_taker_model: Created startup/shutdown constraints for operation model  pretreatment.uf_pumps[2] at uf_pumps_2_startup_shutdown.
2026-05-26 14:10:22 [INFO] idaes.apps.grid_integration.pricetaker.price_taker_model: Found minimum uptime/downtime data for pretreatment.uf_pumps[3] - Adding minimum uptime/downtime constraints.
2026-05-26 14:10:22 [INFO] idaes.apps.grid_integration.pricetaker.price_taker_model: Created startup/shutdown constraints for operation model  pretreatment.uf_pumps[3] at uf_pumps_3_startup_shutdown.
2026-05-26 14:10:22 [INFO] idaes.apps.grid_integration.pricetaker.price_taker_model: Found minimum uptime/downtime data for reverse_osmosis.ro_skid[1] - Adding minimum uptime/downtime constraints.
2026-05-26 14:10:22 [INFO] idaes.apps.grid_integration.pricetaker.price_taker_model: Created startup/shutdown constraints for operation model  reverse_osmosis.ro_skid[1] at ro_skid_1_startup_shutdown.
2026-05-26 14:10:22 [INFO] idaes.apps.grid_integration.pricetaker.price_taker_model: Found minimum uptime/downtime data for reverse_osmosis.ro_skid[2] - Adding minimum uptime/downtime constraints.
2026-05-26 14:10:22 [INFO] idaes.apps.grid_integration.pricetaker.price_taker_model: Created startup/shutdown constraints for operation model  reverse_osmosis.ro_skid[2] at ro_skid_2_startup_shutdown.
2026-05-26 14:10:22 [INFO] idaes.apps.grid_integration.pricetaker.price_taker_model: Found minimum uptime/downtime data for reverse_osmosis.ro_skid[3] - Adding minimum uptime/downtime constraints.
2026-05-26 14:10:22 [INFO] idaes.apps.grid_integration.pricetaker.price_taker_model: Created startup/shutdown constraints for operation model  reverse_osmosis.ro_skid[3] at ro_skid_3_startup_shutdown.
2026-05-26 14:10:22 [INFO] idaes.apps.grid_integration.pricetaker.price_taker_model: Found minimum uptime/downtime data for reverse_osmosis.ro_skid[4] - Adding minimum uptime/downtime constraints.
2026-05-26 14:10:22 [INFO] idaes.apps.grid_integration.pricetaker.price_taker_model: Created startup/shutdown constraints for operation model  reverse_osmosis.ro_skid[4] at ro_skid_4_startup_shutdown.
1392
Set parameter TokenServer to value "10.60.1.73"
Set parameter LogToConsole to value 1
Gurobi Optimizer version 12.0.3 build v12.0.3rc0 (linux64 - "Red Hat Enterprise Linux 8.8 (Ootpa)")

CPU model: Intel(R) Xeon(R) Platinum 8470QL, instruction set [SSE2|AVX|AVX2|AVX512]
Thread count: 104 physical cores, 104 logical processors, using up to 32 threads

Optimize a model with 4782 rows, 5050 columns and 13182 nonzeros
Model fingerprint: 0x8e72d097
Model has 48 quadratic objective terms
Model has 1008 quadratic constraints
Model has 192 general nonlinear constraints (192 nonlinear terms)
Variable types: 3560 continuous, 1490 integer (1490 binary)
Coefficient statistics:
  Matrix range     [3e-02, 2e+03]
  QMatrix range    [2e-07, 1e+00]
  QLMatrix range   [1e-04, 2e+00]
  Objective range  [1e-05, 5e-03]
  QObjective range [2e-04, 2e-04]
  Bounds range     [9e-01, 1e+03]
  RHS range        [1e+00, 8e+04]
  QRHS range       [3e-01, 1e+00]
Presolve model has 192 nlconstr
Added 768 variables to disaggregate expressions.
Presolve removed 1518 rows and 2001 columns
Presolve time: 0.06s
Presolved: 10896 rows, 4538 columns, 26566 nonzeros
Presolved model has 96 SOS constraint(s)
Presolved model has 1392 bilinear constraint(s)
Presolved model has 192 nonlinear constraint(s)

Solving non-convex MINLP

Variable types: 3469 continuous, 1069 integer (1069 binary)
Found heuristic solution: objective 3.1647141

Root relaxation: objective 2.195485e+00, 11272 iterations, 0.52 seconds (0.85 work units)

    Nodes    |    Current Node    |     Objective Bounds      |     Work
 Expl Unexpl |  Obj  Depth IntInf | Incumbent    BestBd   Gap | It/Node Time

     0     0    2.19548    0 2117    3.16471    2.19548  30.6%     -    0s
     0     0    2.60711    0 2056    3.16471    2.60711  17.6%     -    3s
     0     0    2.70763    0 1929    3.16471    2.70763  14.4%     -    4s
     0     0    2.98115    0 1738    3.16471    2.98115  5.80%     -    6s
     0     0    3.01140    0 1511    3.16471    3.01140  4.84%     -    7s
     0     0    3.01140    0 1686    3.16471    3.01140  4.84%     -    8s
     0     0    3.01140    0 1517    3.16471    3.01140  4.84%     -    9s
     0     0    3.01140    0 1655    3.16471    3.01140  4.84%     -   12s
     0     0    3.01140    0 1531    3.16471    3.01140  4.84%     -   13s
     0     0    3.01140    0 1453    3.16471    3.01140  4.84%     -   14s
     0     0    3.01140    0 1448    3.16471    3.01140  4.84%     -   14s
     0     2    3.01140    0 1448    3.16471    3.01140  4.84%     -   15s
    13     8    3.01170    7 1493    3.16471    3.01170  4.84%  4401   20s
H   45    24                       3.1647141    3.01183  4.83%  4074   24s
    57    24    3.10905   11 1434    3.16471    3.01183  4.83%  4673   26s
   106    24     cutoff   13         3.16471    3.08977  2.37%  8078   33s
   135    30    3.09257   14 1591    3.16471    3.09257  2.28%  8673   36s
   163    26    3.09989   15 1872    3.16471    3.09257  2.28%  9174   40s
   195    31     cutoff   16         3.16471    3.09257  2.28%  9804   45s
   260    56    3.11259   18 1675    3.16471    3.09257  2.28% 10431   52s
H  262    56                       3.1647141    3.09257  2.28% 10400   52s
   311    72    3.11337   19 1706    3.16471    3.09257  2.28%  9883   57s
   377    87     cutoff   19         3.16471    3.09257  2.28%  9623   60s
   488   121     cutoff   26         3.16471    3.09257  2.28%  9608   66s
   616   152    3.11694   27 1293    3.16471    3.09257  2.28%  9410   71s
H  635   152                       3.1647141    3.09257  2.28%  9441   71s
   735   168     cutoff   29         3.16471    3.09257  2.28%  9258   78s
H  782   168                       3.1647140    3.09257  2.28%  9296   78s
   796   190     cutoff   30         3.16471    3.09257  2.28%  9231   84s
   858   213     cutoff   31         3.16471    3.09257  2.28%  9244   88s
H  863   213                       3.1647140    3.09257  2.28%  9220   88s
   919   234    3.11427   29 1175    3.16471    3.09257  2.28%  9213   90s
  1065   288    3.15089   30 1272    3.16471    3.09257  2.28%  9018   97s
  1148   329     cutoff   31         3.16471    3.09257  2.28%  8879  101s
  1334   415     cutoff   31         3.16471    3.09257  2.28%  8647  107s
H 1441   415                       3.1647140    3.09257  2.28%  8433  107s
  1443   454    3.11148   27 1413    3.16471    3.09257  2.28%  8440  110s
  1678   501     cutoff   29         3.16471    3.09257  2.28%  8125  118s
  1795   565    3.14220   26 1035    3.16471    3.09257  2.28%  8051  123s
  1931   614    3.14960   28 1178    3.16471    3.10031  2.04%  7907  127s
  2076   656    3.14439   31 1069    3.16471    3.10031  2.04%  7752  131s
  2244   711    3.15364   37  969    3.16471    3.10031  2.04%  7566  136s
  2407   811    3.15142   43  830    3.16471    3.10031  2.04%  7431  140s
  2803   892    3.13174   34 1104    3.16471    3.10033  2.03%  7043  147s
  2960   973     cutoff   39         3.16471    3.10033  2.03%  7021  150s
  3375  1115     cutoff   43         3.16471    3.10033  2.03%  6773  159s
  3612  1209    3.14097   36 1036    3.16471    3.10693  1.83%  6618  165s
  3897  1283     cutoff   41         3.16471    3.11191  1.67%  6415  170s
  4328  1383     cutoff   40         3.16471    3.11191  1.67%  6310  180s
  4562  1446    3.13979   36 1076    3.16471    3.11191  1.67%  6286  185s
  4757  1537     cutoff   40         3.16471    3.11265  1.65%  6287  190s
  4998  1694    3.14276   42 1103    3.16471    3.11309  1.63%  6258  195s

Cutting planes:
  Learned: 210
  Gomory: 9
  Cover: 1025
  Implied bound: 668
  Clique: 41
  MIR: 289
  StrongCG: 1
  Flow cover: 825
  GUB cover: 4
  Zero half: 10
  Network: 6
  RLT: 1345
  Relax-and-lift: 249
  BQP: 14
  PSD: 34

Explored 5357 nodes (32763368 simplex iterations) in 197.21 seconds (482.25 work units)
Thread count was 32 (of 104 available processors)

Solution count 2: 3.16471 3.16471 

Optimal solution found (tolerance 1.00e-04)
Best objective 3.164714012523e+00, best bound 3.164714012523e+00, gap 0.0000%
Total operational cost: 31926.41
Maximum power (kW): 1093.13
Discharge energy capacity (kWh): 0.00
Charge energy capacity (kWh): 630.31
Levelized Cost of Flexibility ($/kWh): nan
{'fixed_demand_cost': 1376.9638272387342, 'variable_demand_cost': 2539.855942497754, 'fixed_monthly_cost': 48389.784946236556, 'total_water_production': 79415.83564213997, 'total_energy_cost': 5886.950428235483, 'total_demand_cost': 3916.819769736488, 'total_customer_cost': 0.0, 'total_feed_cost': 13743.334620916123, 'total_brine_cost': 2786.40246759185, 'total_chemical_cost': 5313.632838746434, 'raw_degree_of_flex': 0.0, 'degree_of_flex': 0.0, 'total_replacement_cost': 279.2730734767025, 'total_water_revenue': 0.0, 'total_demand_response_revenue': -0.0, 'total_emissions_cost': 0.0, 'total_op_cost': 31926.41319870308, 'fixed_cost': 34209.24059139785, 'total_cost': 66135.65379010093, 'LCOW': 0.8327766528594928, 'maximum_power': 1093.1316155547688, 'energy_capacity': 0.0, 'power_capacity': nan, 'round_trip_efficiency': 0, 'LVOF': nan}
Saved operation variable results to: /home/rchurchi/watertap_test/watertap/tutorials/flex_ro/wrd_result_summer_both_4_flexible_trains.csv
Saved summary results to: /home/rchurchi/watertap_test/watertap/tutorials/flex_ro/wrd_pricetaker_summary_results_20260526_141342.csv
