2026-05-18 15:51:24 [INFO] idaes.core.surrogate.pysmo_surrogate: Decode surrogate. type=poly

===========================Polynomial Regression===============================================

The number of cross-validation cases (3) is used.
The default training/cross-validation split of 0.75 is used.
No iterations will be run.
Default parameter estimation method is used.
Parameter estimation method:  pyomo 

2026-05-18 15:51:24 [INFO] idaes.core.surrogate.pysmo_surrogate: Decode surrogate. type=poly

===========================Polynomial Regression===============================================

The number of cross-validation cases (3) is used.
The default training/cross-validation split of 0.75 is used.
No iterations will be run.
Default parameter estimation method is used.
Parameter estimation method:  pyomo 

2026-05-18 15:51:24 [INFO] idaes.core.surrogate.pysmo_surrogate: Decode surrogate. type=poly

===========================Polynomial Regression===============================================

The number of cross-validation cases (3) is used.
The default training/cross-validation split of 0.75 is used.
No iterations will be run.
Default parameter estimation method is used.
Parameter estimation method:  pyomo 

2026-05-18 15:51:24 [INFO] idaes.core.surrogate.pysmo_surrogate: Decode surrogate. type=poly

===========================Polynomial Regression===============================================

The number of cross-validation cases (3) is used.
The default training/cross-validation split of 0.75 is used.
No iterations will be run.
Default parameter estimation method is used.
Parameter estimation method:  pyomo 

2026-05-18 15:51:26 [INFO] idaes.apps.grid_integration.pricetaker.price_taker_model: Found minimum uptime/downtime data for pretreatment.uf_pumps[1] - Adding minimum uptime/downtime constraints.
2026-05-18 15:51:26 [INFO] idaes.apps.grid_integration.pricetaker.price_taker_model: Created startup/shutdown constraints for operation model  pretreatment.uf_pumps[1] at uf_pumps_1_startup_shutdown.
2026-05-18 15:51:26 [INFO] idaes.apps.grid_integration.pricetaker.price_taker_model: Found minimum uptime/downtime data for pretreatment.uf_pumps[2] - Adding minimum uptime/downtime constraints.
2026-05-18 15:51:26 [INFO] idaes.apps.grid_integration.pricetaker.price_taker_model: Created startup/shutdown constraints for operation model  pretreatment.uf_pumps[2] at uf_pumps_2_startup_shutdown.
2026-05-18 15:51:26 [INFO] idaes.apps.grid_integration.pricetaker.price_taker_model: Found minimum uptime/downtime data for pretreatment.uf_pumps[3] - Adding minimum uptime/downtime constraints.
2026-05-18 15:51:26 [INFO] idaes.apps.grid_integration.pricetaker.price_taker_model: Created startup/shutdown constraints for operation model  pretreatment.uf_pumps[3] at uf_pumps_3_startup_shutdown.
2026-05-18 15:51:26 [INFO] idaes.apps.grid_integration.pricetaker.price_taker_model: Found minimum uptime/downtime data for reverse_osmosis.ro_skid[1] - Adding minimum uptime/downtime constraints.
2026-05-18 15:51:26 [INFO] idaes.apps.grid_integration.pricetaker.price_taker_model: Created startup/shutdown constraints for operation model  reverse_osmosis.ro_skid[1] at ro_skid_1_startup_shutdown.
2026-05-18 15:51:26 [INFO] idaes.apps.grid_integration.pricetaker.price_taker_model: Found minimum uptime/downtime data for reverse_osmosis.ro_skid[2] - Adding minimum uptime/downtime constraints.
2026-05-18 15:51:26 [INFO] idaes.apps.grid_integration.pricetaker.price_taker_model: Created startup/shutdown constraints for operation model  reverse_osmosis.ro_skid[2] at ro_skid_2_startup_shutdown.
2026-05-18 15:51:26 [INFO] idaes.apps.grid_integration.pricetaker.price_taker_model: Found minimum uptime/downtime data for reverse_osmosis.ro_skid[3] - Adding minimum uptime/downtime constraints.
2026-05-18 15:51:26 [INFO] idaes.apps.grid_integration.pricetaker.price_taker_model: Created startup/shutdown constraints for operation model  reverse_osmosis.ro_skid[3] at ro_skid_3_startup_shutdown.
2026-05-18 15:51:26 [INFO] idaes.apps.grid_integration.pricetaker.price_taker_model: Found minimum uptime/downtime data for reverse_osmosis.ro_skid[4] - Adding minimum uptime/downtime constraints.
2026-05-18 15:51:26 [INFO] idaes.apps.grid_integration.pricetaker.price_taker_model: Created startup/shutdown constraints for operation model  reverse_osmosis.ro_skid[4] at ro_skid_4_startup_shutdown.
3867
Set parameter TokenServer to value "10.60.1.73"
Set parameter LogToConsole to value 1
Set parameter MIPGap to value 0.015
Gurobi Optimizer version 12.0.3 build v12.0.3rc0 (linux64 - "Red Hat Enterprise Linux 8.8 (Ootpa)")

CPU model: Intel(R) Xeon(R) Platinum 8470QL, instruction set [SSE2|AVX|AVX2|AVX512]
Thread count: 104 physical cores, 104 logical processors, using up to 32 threads

Non-default parameters:
MIPGap  0.015

Optimize a model with 16949 rows, 16811 columns and 41639 nonzeros
Model fingerprint: 0xc7f4095f
Model has 3528 quadratic constraints
Model has 673 general nonlinear constraints (840 nonlinear terms)
Variable types: 12945 continuous, 3866 integer (3866 binary)
Coefficient statistics:
  Matrix range     [3e-02, 2e+03]
  QMatrix range    [2e-07, 1e+00]
  QLMatrix range   [1e-04, 2e+00]
  Objective range  [1e+00, 1e+00]
  Bounds range     [9e-01, 1e+03]
  RHS range        [1e+00, 3e+05]
  QRHS range       [3e-01, 1e+00]
Presolve model has 672 nlconstr
Added 1680 variables to disaggregate expressions.
Presolve removed 10693 rows and 7885 columns
Presolve time: 0.18s
Presolved: 30112 rows, 12119 columns, 74630 nonzeros
Presolved model has 4872 bilinear constraint(s)
Presolved model has 672 nonlinear constraint(s)

Solving non-convex MINLP

Variable types: 9950 continuous, 2169 integer (2169 binary)
Found heuristic solution: objective 10.3937703

Root relaxation: objective 9.551257e+00, 37581 iterations, 4.36 seconds (9.28 work units)
Total elapsed time = 5.06s (DegenMoves)

    Nodes    |    Current Node    |     Objective Bounds      |     Work
 Expl Unexpl |  Obj  Depth IntInf | Incumbent    BestBd   Gap | It/Node Time

     0     0    9.55126    0 5231   10.39377    9.55126  8.11%     -    5s
H    0     0                      10.3937703    9.55126  8.11%     -    5s
H    0     0                      10.3937703    9.55126  8.11%     -    5s
     0     0   10.14297    0 5142   10.39377   10.14297  2.41%     -   11s
     0     0   10.18867    0 5141   10.39377   10.18867  1.97%     -   17s
     0     0   10.19719    0 4959   10.39377   10.19719  1.89%     -   27s
     0     0   10.19747    0 5232   10.39377   10.19747  1.89%     -   35s
     0     0   10.20132    0 5135   10.39377   10.20132  1.85%     -   45s
     0     0   10.20976    0 4700   10.39377   10.20976  1.77%     -   52s
     0     0   10.20984    0 5045   10.39377   10.20984  1.77%     -   59s
     0     0   10.22259    0 5094   10.39377   10.22259  1.65%     -   66s
     0     0   10.22605    0 5149   10.39377   10.22605  1.61%     -   75s
H    0     0                      10.3908635   10.22823  1.57%     -   82s
     0     0   10.22823    0 4862   10.39086   10.22823  1.57%     -   82s
H    0     0                      10.3792600   10.23156  1.42%     -   92s
     0     0   10.23156    0 4805   10.37926   10.23156  1.42%     -   92s

Cutting planes:
  Learned: 2
  Cover: 6
  Implied bound: 255
  MIR: 36
  Flow cover: 296
  RLT: 2593
  PSD: 39

Explored 1 nodes (365817 simplex iterations) in 92.08 seconds (177.72 work units)
Thread count was 32 (of 104 available processors)

Solution count 3: 10.3793 10.3909 10.3938 

Optimal solution found (tolerance 1.50e-02)
Best objective 1.037925996040e+01, best bound 1.023155625677e+01, gap 1.4231%
m.flow_changes_penalty(): 100.0
Total operational cost: 103692.60
Maximum power (kW): 1086.93
Discharge energy capacity (kWh): 160.26
Charge energy capacity (kWh): 2287.88
Levelized Cost of Flexibility ($/kWh): 466.96
{'fixed_demand_cost': 4786.782169265438, 'variable_demand_cost': 2570.20055688536, 'fixed_monthly_cost': 171938.17204301074, 'total_water_production': 282180.9222359239, 'total_energy_cost': 17807.33996195561, 'total_demand_cost': 7356.982726150798, 'total_customer_cost': 0.0, 'total_feed_cost': 48812.87655459091, 'total_brine_cost': 9846.809179015974, 'total_chemical_cost': 18876.280474391246, 'raw_degree_of_flex': 0.0, 'degree_of_flex': 0.0, 'total_replacement_cost': 992.3107078853046, 'total_water_revenue': 0.0, 'total_demand_response_revenue': 0.0, 'total_emissions_cost': 0.0, 'total_op_cost': 103692.59960398986, 'fixed_cost': 121551.98252688172, 'total_cost': 225244.5821308716, 'LCOW': 0.798227535533216, 'maximum_power': 1086.9288743410689, 'energy_capacity': 160.26157764087634, 'power_capacity': 6.967894680038102, 'round_trip_efficiency': 0, 'LVOF': 466.9552685140388}
Saved operation variable results to: /home/rchurchi/watertap_test/watertap/tutorials/flex_ro/wrd_result_winter_both_0_flexible_trains.csv
2026-05-18 15:53:02 [INFO] idaes.core.surrogate.pysmo_surrogate: Decode surrogate. type=poly

===========================Polynomial Regression===============================================

The number of cross-validation cases (3) is used.
The default training/cross-validation split of 0.75 is used.
No iterations will be run.
Default parameter estimation method is used.
Parameter estimation method:  pyomo 

2026-05-18 15:53:02 [INFO] idaes.core.surrogate.pysmo_surrogate: Decode surrogate. type=poly

===========================Polynomial Regression===============================================

The number of cross-validation cases (3) is used.
The default training/cross-validation split of 0.75 is used.
No iterations will be run.
Default parameter estimation method is used.
Parameter estimation method:  pyomo 

2026-05-18 15:53:02 [INFO] idaes.core.surrogate.pysmo_surrogate: Decode surrogate. type=poly

===========================Polynomial Regression===============================================

The number of cross-validation cases (3) is used.
The default training/cross-validation split of 0.75 is used.
No iterations will be run.
Default parameter estimation method is used.
Parameter estimation method:  pyomo 

2026-05-18 15:53:02 [INFO] idaes.core.surrogate.pysmo_surrogate: Decode surrogate. type=poly

===========================Polynomial Regression===============================================

The number of cross-validation cases (3) is used.
The default training/cross-validation split of 0.75 is used.
No iterations will be run.
Default parameter estimation method is used.
Parameter estimation method:  pyomo 

2026-05-18 15:53:04 [INFO] idaes.apps.grid_integration.pricetaker.price_taker_model: Found minimum uptime/downtime data for pretreatment.uf_pumps[1] - Adding minimum uptime/downtime constraints.
2026-05-18 15:53:04 [INFO] idaes.apps.grid_integration.pricetaker.price_taker_model: Created startup/shutdown constraints for operation model  pretreatment.uf_pumps[1] at uf_pumps_1_startup_shutdown.
2026-05-18 15:53:04 [INFO] idaes.apps.grid_integration.pricetaker.price_taker_model: Found minimum uptime/downtime data for pretreatment.uf_pumps[2] - Adding minimum uptime/downtime constraints.
2026-05-18 15:53:04 [INFO] idaes.apps.grid_integration.pricetaker.price_taker_model: Created startup/shutdown constraints for operation model  pretreatment.uf_pumps[2] at uf_pumps_2_startup_shutdown.
2026-05-18 15:53:04 [INFO] idaes.apps.grid_integration.pricetaker.price_taker_model: Found minimum uptime/downtime data for pretreatment.uf_pumps[3] - Adding minimum uptime/downtime constraints.
2026-05-18 15:53:04 [INFO] idaes.apps.grid_integration.pricetaker.price_taker_model: Created startup/shutdown constraints for operation model  pretreatment.uf_pumps[3] at uf_pumps_3_startup_shutdown.
2026-05-18 15:53:04 [INFO] idaes.apps.grid_integration.pricetaker.price_taker_model: Found minimum uptime/downtime data for reverse_osmosis.ro_skid[1] - Adding minimum uptime/downtime constraints.
2026-05-18 15:53:04 [INFO] idaes.apps.grid_integration.pricetaker.price_taker_model: Created startup/shutdown constraints for operation model  reverse_osmosis.ro_skid[1] at ro_skid_1_startup_shutdown.
2026-05-18 15:53:04 [INFO] idaes.apps.grid_integration.pricetaker.price_taker_model: Found minimum uptime/downtime data for reverse_osmosis.ro_skid[2] - Adding minimum uptime/downtime constraints.
2026-05-18 15:53:04 [INFO] idaes.apps.grid_integration.pricetaker.price_taker_model: Created startup/shutdown constraints for operation model  reverse_osmosis.ro_skid[2] at ro_skid_2_startup_shutdown.
2026-05-18 15:53:04 [INFO] idaes.apps.grid_integration.pricetaker.price_taker_model: Found minimum uptime/downtime data for reverse_osmosis.ro_skid[3] - Adding minimum uptime/downtime constraints.
2026-05-18 15:53:04 [INFO] idaes.apps.grid_integration.pricetaker.price_taker_model: Created startup/shutdown constraints for operation model  reverse_osmosis.ro_skid[3] at ro_skid_3_startup_shutdown.
2026-05-18 15:53:04 [INFO] idaes.apps.grid_integration.pricetaker.price_taker_model: Found minimum uptime/downtime data for reverse_osmosis.ro_skid[4] - Adding minimum uptime/downtime constraints.
2026-05-18 15:53:04 [INFO] idaes.apps.grid_integration.pricetaker.price_taker_model: Created startup/shutdown constraints for operation model  reverse_osmosis.ro_skid[4] at ro_skid_4_startup_shutdown.
3867
Set parameter LogToConsole to value 1
Set parameter MIPGap to value 0.015
Gurobi Optimizer version 12.0.3 build v12.0.3rc0 (linux64 - "Red Hat Enterprise Linux 8.8 (Ootpa)")

CPU model: Intel(R) Xeon(R) Platinum 8470QL, instruction set [SSE2|AVX|AVX2|AVX512]
Thread count: 104 physical cores, 104 logical processors, using up to 32 threads

Non-default parameters:
MIPGap  0.015

Optimize a model with 16949 rows, 16811 columns and 41639 nonzeros
Model fingerprint: 0xe662edff
Model has 3528 quadratic constraints
Model has 673 general nonlinear constraints (840 nonlinear terms)
Variable types: 12945 continuous, 3866 integer (3866 binary)
Coefficient statistics:
  Matrix range     [3e-02, 2e+03]
  QMatrix range    [2e-07, 1e+00]
  QLMatrix range   [1e-04, 2e+00]
  Objective range  [1e+00, 1e+00]
  Bounds range     [9e-01, 1e+03]
  RHS range        [1e+00, 3e+05]
  QRHS range       [3e-01, 1e+00]
Presolve model has 672 nlconstr
Added 1680 variables to disaggregate expressions.
Presolve removed 10693 rows and 7885 columns
Presolve time: 0.15s
Presolved: 30112 rows, 12119 columns, 74630 nonzeros
Presolved model has 4872 bilinear constraint(s)
Presolved model has 672 nonlinear constraint(s)

Solving non-convex MINLP

Variable types: 9950 continuous, 2169 integer (2169 binary)

Root simplex log...

Iteration    Objective       Primal Inf.    Dual Inf.      Time
   43895    1.0128378e+01   0.000000e+00   8.342995e+00      5s
   45579    1.0090806e+01   0.000000e+00   0.000000e+00      6s

Root relaxation: objective 1.009081e+01, 45579 iterations, 5.44 seconds (10.29 work units)
Total elapsed time = 5.84s (DegenMoves)

    Nodes    |    Current Node    |     Objective Bounds      |     Work
 Expl Unexpl |  Obj  Depth IntInf | Incumbent    BestBd   Gap | It/Node Time

     0     0   10.09081    0 5241          -   10.09081      -     -    6s
H    0     0                      11.2836817   10.09081  10.6%     -    6s
     0     0   10.89546    0 5216   11.28368   10.89546  3.44%     -   11s
     0     0   11.00488    0 5105   11.28368   11.00488  2.47%     -   15s
     0     0   11.00548    0 5479   11.28368   11.00548  2.47%     -   23s
     0     0   11.00548    0 5507   11.28368   11.00548  2.47%     -   26s
     0     0   11.00580    0 4498   11.28368   11.00580  2.46%     -   32s
     0     0   11.00580    0 5318   11.28368   11.00580  2.46%     -   37s
     0     0   11.00580    0 4425   11.28368   11.00580  2.46%     -   43s
     0     0   11.04251    0 4910   11.28368   11.04251  2.14%     -   52s
     0     0   11.12380    0 4721   11.28368   11.12380  1.42%     -   56s

Cutting planes:
  Learned: 3
  Cover: 4
  Implied bound: 202
  MIR: 77
  Flow cover: 55
  RLT: 1279
  PSD: 11

Explored 1 nodes (260571 simplex iterations) in 56.06 seconds (104.14 work units)
Thread count was 32 (of 104 available processors)

Solution count 1: 11.2837 

Optimal solution found (tolerance 1.50e-02)
Best objective 1.128368172367e+01, best bound 1.112379611061e+01, gap 1.4170%
m.flow_changes_penalty(): 0.0
Total operational cost: 112836.82
Maximum power (kW): 1094.55
Discharge energy capacity (kWh): 20.46
Charge energy capacity (kWh): 3070.66
Levelized Cost of Flexibility ($/kWh): 3211.29
{'fixed_demand_cost': 4898.986289458037, 'variable_demand_cost': 9033.99201252462, 'fixed_monthly_cost': 171938.17204301074, 'total_water_production': 282179.6712538169, 'total_energy_cost': 20374.552170178144, 'total_demand_cost': 13932.978301982657, 'total_customer_cost': 0.0, 'total_feed_cost': 48813.00767315024, 'total_brine_cost': 9847.699482449783, 'total_chemical_cost': 18876.268901046944, 'raw_degree_of_flex': 0.0, 'degree_of_flex': 0.0, 'total_replacement_cost': 992.3107078853046, 'total_water_revenue': 0.0, 'total_demand_response_revenue': 0.0, 'total_emissions_cost': 0.0, 'total_op_cost': 112836.81723669307, 'fixed_cost': 121551.98252688172, 'total_cost': 234388.7997635748, 'LCOW': 0.8306367312787218, 'maximum_power': 1094.5548619982042, 'energy_capacity': 20.456524868378665, 'power_capacity': 2.557065608547333, 'round_trip_efficiency': 0, 'LVOF': 3211.2873842648464}
Saved operation variable results to: /home/rchurchi/watertap_test/watertap/tutorials/flex_ro/wrd_result_summer_both_0_flexible_trains.csv
Saved summary results to: /home/rchurchi/watertap_test/watertap/tutorials/flex_ro/wrd_pricetaker_summary_results.csv
