2026-05-21 14:26:42 [INFO] idaes.core.surrogate.pysmo_surrogate: Decode surrogate. type=poly

===========================Polynomial Regression===============================================

The number of cross-validation cases (3) is used.
The default training/cross-validation split of 0.75 is used.
No iterations will be run.
Default parameter estimation method is used.
Parameter estimation method:  pyomo 

2026-05-21 14:26:42 [INFO] idaes.core.surrogate.pysmo_surrogate: Decode surrogate. type=poly

===========================Polynomial Regression===============================================

The number of cross-validation cases (3) is used.
The default training/cross-validation split of 0.75 is used.
No iterations will be run.
Default parameter estimation method is used.
Parameter estimation method:  pyomo 

2026-05-21 14:26:42 [INFO] idaes.core.surrogate.pysmo_surrogate: Decode surrogate. type=poly

===========================Polynomial Regression===============================================

The number of cross-validation cases (3) is used.
The default training/cross-validation split of 0.75 is used.
No iterations will be run.
Default parameter estimation method is used.
Parameter estimation method:  pyomo 

2026-05-21 14:26:42 [INFO] idaes.core.surrogate.pysmo_surrogate: Decode surrogate. type=poly

===========================Polynomial Regression===============================================

The number of cross-validation cases (3) is used.
The default training/cross-validation split of 0.75 is used.
No iterations will be run.
Default parameter estimation method is used.
Parameter estimation method:  pyomo 

2026-05-21 14:26:43 [INFO] idaes.apps.grid_integration.pricetaker.price_taker_model: Found minimum uptime/downtime data for pretreatment.uf_pumps[1] - Adding minimum uptime/downtime constraints.
2026-05-21 14:26:44 [INFO] idaes.apps.grid_integration.pricetaker.price_taker_model: Created startup/shutdown constraints for operation model  pretreatment.uf_pumps[1] at uf_pumps_1_startup_shutdown.
2026-05-21 14:26:44 [INFO] idaes.apps.grid_integration.pricetaker.price_taker_model: Found minimum uptime/downtime data for pretreatment.uf_pumps[2] - Adding minimum uptime/downtime constraints.
2026-05-21 14:26:44 [INFO] idaes.apps.grid_integration.pricetaker.price_taker_model: Created startup/shutdown constraints for operation model  pretreatment.uf_pumps[2] at uf_pumps_2_startup_shutdown.
2026-05-21 14:26:44 [INFO] idaes.apps.grid_integration.pricetaker.price_taker_model: Found minimum uptime/downtime data for pretreatment.uf_pumps[3] - Adding minimum uptime/downtime constraints.
2026-05-21 14:26:44 [INFO] idaes.apps.grid_integration.pricetaker.price_taker_model: Created startup/shutdown constraints for operation model  pretreatment.uf_pumps[3] at uf_pumps_3_startup_shutdown.
2026-05-21 14:26:44 [INFO] idaes.apps.grid_integration.pricetaker.price_taker_model: Found minimum uptime/downtime data for reverse_osmosis.ro_skid[1] - Adding minimum uptime/downtime constraints.
2026-05-21 14:26:44 [INFO] idaes.apps.grid_integration.pricetaker.price_taker_model: Created startup/shutdown constraints for operation model  reverse_osmosis.ro_skid[1] at ro_skid_1_startup_shutdown.
2026-05-21 14:26:44 [INFO] idaes.apps.grid_integration.pricetaker.price_taker_model: Found minimum uptime/downtime data for reverse_osmosis.ro_skid[2] - Adding minimum uptime/downtime constraints.
2026-05-21 14:26:44 [INFO] idaes.apps.grid_integration.pricetaker.price_taker_model: Created startup/shutdown constraints for operation model  reverse_osmosis.ro_skid[2] at ro_skid_2_startup_shutdown.
2026-05-21 14:26:44 [INFO] idaes.apps.grid_integration.pricetaker.price_taker_model: Found minimum uptime/downtime data for reverse_osmosis.ro_skid[3] - Adding minimum uptime/downtime constraints.
2026-05-21 14:26:44 [INFO] idaes.apps.grid_integration.pricetaker.price_taker_model: Created startup/shutdown constraints for operation model  reverse_osmosis.ro_skid[3] at ro_skid_3_startup_shutdown.
2026-05-21 14:26:44 [INFO] idaes.apps.grid_integration.pricetaker.price_taker_model: Found minimum uptime/downtime data for reverse_osmosis.ro_skid[4] - Adding minimum uptime/downtime constraints.
2026-05-21 14:26:44 [INFO] idaes.apps.grid_integration.pricetaker.price_taker_model: Created startup/shutdown constraints for operation model  reverse_osmosis.ro_skid[4] at ro_skid_4_startup_shutdown.
4873
Set parameter TokenServer to value "10.60.1.73"
Set parameter LogToConsole to value 1
Set parameter MIPGap to value 0.01
Gurobi Optimizer version 12.0.3 build v12.0.3rc0 (linux64 - "Red Hat Enterprise Linux 8.8 (Ootpa)")

CPU model: Intel(R) Xeon(R) Platinum 8470QL, instruction set [SSE2|AVX|AVX2|AVX512]
Thread count: 104 physical cores, 104 logical processors, using up to 32 threads

Non-default parameters:
MIPGap  0.01

Optimize a model with 16781 rows, 17643 columns and 46325 nonzeros
Model fingerprint: 0x0f1085ad
Model has 168 quadratic objective terms
Model has 3528 quadratic constraints
Model has 672 general nonlinear constraints (672 nonlinear terms)
Variable types: 12440 continuous, 5203 integer (5203 binary)
Coefficient statistics:
  Matrix range     [2e-02, 2e+03]
  QMatrix range    [2e-07, 1e+00]
  QLMatrix range   [1e-04, 2e+00]
  Objective range  [6e-06, 1e-04]
  QObjective range [2e-04, 2e-04]
  Bounds range     [9e-01, 1e+03]
  RHS range        [1e+00, 3e+05]
  QRHS range       [3e-01, 1e+00]
Presolve model has 672 nlconstr
Added 2688 variables to disaggregate expressions.
Presolve removed 7526 rows and 8058 columns
Presolve time: 0.15s
Presolved: 35967 rows, 14794 columns, 85008 nonzeros
Presolved model has 336 SOS constraint(s)
Presolved model has 4872 bilinear constraint(s)
Presolved model has 672 nonlinear constraint(s)

Solving non-convex MINLP

Variable types: 12134 continuous, 2660 integer (2660 binary)

Root relaxation: objective 7.314833e+00, 29402 iterations, 2.29 seconds (3.97 work units)

    Nodes    |    Current Node    |     Objective Bounds      |     Work
 Expl Unexpl |  Obj  Depth IntInf | Incumbent    BestBd   Gap | It/Node Time

     0     0    7.31483    0 7067          -    7.31483      -     -    3s
H    0     0                      11.4090563    7.31483  35.9%     -    3s
     0     0    8.65878    0 6407   11.40906    8.65878  24.1%     -    7s
     0     0    8.65878    0 6407   11.40906    8.65878  24.1%     -    7s
     0     0    9.48117    0 5651   11.40906    9.48117  16.9%     -   10s
     0     0    9.48117    0 5651   11.40906    9.48117  16.9%     -   10s
     0     0   10.00865    0 5962   11.40906   10.00865  12.3%     -   14s
H    0     0                      11.4090562   10.00865  12.3%     -   14s
     0     0   10.12433    0 5585   11.40906   10.12433  11.3%     -   19s
     0     0   10.19731    0 5766   11.40906   10.19731  10.6%     -   25s
     0     0   10.19731    0 6014   11.40906   10.19731  10.6%     -   29s
     0     0   10.36305    0 5361   11.40906   10.36305  9.17%     -   37s
     0     0   10.38879    0 4867   11.40906   10.38879  8.94%     -   41s
     0     0   10.38879    0 5640   11.40906   10.38879  8.94%     -   47s
     0     0   10.38879    0 5571   11.40906   10.38879  8.94%     -   52s
     0     0   10.38879    0 5496   11.40906   10.38879  8.94%     -   57s
     0     0   10.38879    0 5245   11.40906   10.38879  8.94%     -   62s
     0     0   10.38879    0 4813   11.40906   10.38879  8.94%     -   65s
     0     2   10.38879    0 4813   11.40906   10.38879  8.94%     -   68s
     1     4   10.38879    1 4808   11.40906   10.38879  8.94%   356   70s
    15    32   10.41898    4 5091   11.40906   10.38879  8.94%  7128   78s
    31    61   10.41226    5 5302   11.40906   10.39261  8.91% 14218   89s
    60    92   10.44766    6 5454   11.40906   10.41898  8.68% 18301   98s
    91   124   10.47460    7 5497   11.40906   10.41898  8.68% 18644  110s
   123   229   10.47472    8 5496   11.40906   10.41898  8.68% 17368  121s
   228   332   10.47648   11 5691   11.40906   10.41898  8.68% 13804  131s
   331   394   10.54891   12 5667   11.40906   10.41898  8.68% 11441  139s
   393   472   10.61188   13 5551   11.40906   10.41898  8.68% 11174  148s
   471   537   10.52495   14 5675   11.40906   10.41898  8.68% 10317  155s
   542   594   10.65049   16 5459   11.40906   10.41898  8.68% 10233  162s
   603   649   10.61403   17 5316   11.40906   10.41898  8.68% 10321  168s
   664   705   10.67200   18 5083   11.40906   10.41898  8.68% 10340  176s
   730   759   10.70549   18 4392   11.40906   10.43859  8.51% 10281  183s
   790   822   10.85234   17 4598   11.40906   10.43859  8.51% 10281  192s
   861   874   10.70724   19 4378   11.40906   10.43859  8.51% 10184  203s
   927   925   10.75608   20 4385   11.40906   10.43859  8.51% 10269  211s
   994   971   10.73774   21 4542   11.40906   10.43859  8.51% 10382  220s
  1058  1010   10.56353   22 5350   11.40906   10.43859  8.51% 10569  230s
  1118  1057   10.87572   22 3936   11.40906   10.43859  8.51% 10727  242s
  1181  1111   10.60189   23 5399   11.40906   10.43859  8.51% 10892  251s
  1261  1159   10.80339   23 4726   11.40906   10.43859  8.51% 10893  258s
H 1305  1159                      11.4090557   10.43859  8.51% 11038  258s
H 1311  1159                      11.4090556   10.43859  8.51% 11026  258s
  1333  1223   10.70330   24 4705   11.40906   10.43859  8.51% 10999  267s
  1403  1303   10.79845   25 4047   11.40906   10.43859  8.51% 11199  276s
  1489  1387   10.79988   26 4758   11.40906   10.43859  8.51% 11199  287s
  1583  1477   10.87116   27 4283   11.40906   10.43859  8.51% 11226  296s
  1684  1542   10.90471   27 3974   11.40906   10.43859  8.51% 11231  306s
  1784  1621   10.82608   28 4469   11.40906   10.47472  8.19% 11323  315s
  1883  1712   10.93703   28 3203   11.40906   10.52195  7.78% 11370  324s
  1993  1798   10.80136   30 4564   11.40906   10.52195  7.78% 11357  332s
  2122  1888   10.86233   32 3938   11.40906   10.52195  7.78% 11313  345s
H 2204  1871                      11.0704567   10.52195  4.95% 11365  345s
H 2247  1762                      11.0704565   10.52195  4.95% 11310  357s
  2402  1811   10.97026   35 3154   11.07046   10.52195  4.95% 11059  368s
  2524  1882   10.93814   37 3696   11.07046   10.52470  4.93% 11104  381s
  2679  1818   10.94460   40 4022   11.07046   10.52470  4.93% 11054  394s
  2838  1756   10.97136   43 3152   11.07046   10.52470  4.93% 11050  408s
  2974  1775   10.92027   44 3667   11.07046   10.52604  4.92% 11148  421s
  3101  1791   10.92497   46 3513   11.07046   10.52604  4.92% 11268  432s
  3216  1846   10.92091   48 3630   11.07046   10.52604  4.92% 11424  444s
  3355  1865   10.94506   50 3456   11.07046   10.52604  4.92% 11515  459s
H 3401  1829                      10.9611101   10.52604  3.97% 11551  459s
  3467  1775     cutoff   52        10.96111   10.52604  3.97% 11564  472s
  3617  1824   10.80999   14 4356   10.96111   10.53831  3.86% 11564  486s
H 3674  1824                      10.9609888   10.53831  3.86% 11619  486s
H 3728  1824                      10.9545027   10.53831  3.80% 11674  486s
  3748  1812     cutoff   18        10.95450   10.53831  3.80% 11702  503s
  3890  1844   10.81386   16 4329   10.95450   10.53831  3.80% 11741  518s
  4040  1574   10.89590   20 1177   10.95450   10.53831  3.80% 11866  928s
  4042  1575   10.69477   23 1338   10.95450   10.53831  3.80% 11860  943s
  4043  1576   10.89053   35 1135   10.95450   10.53831  3.80% 11857  950s
  4044  1577   10.86747   16  945   10.95450   10.53831  3.80% 11854  958s
H 4044  1498                      10.9545024   10.53831  3.80% 11854  965s
  4046  1499   10.81905   35  880   10.95450   10.56574  3.55% 11848  971s
  4048  1500   10.64491   15  808   10.95450   10.64491  2.83% 11842  980s
  4049  1501   10.90859   20  916   10.95450   10.64491  2.83% 11839  985s
  4050  1502   10.81204   14  782   10.95450   10.64491  2.83% 11836  991s
  4051  1502   10.80488   15  838   10.95450   10.64491  2.83% 11833  998s
  4052  1503   10.76929   12  948   10.95450   10.64491  2.83% 11830 1002s
  4053  1504   10.78915   22  763   10.95450   10.65214  2.76% 11827 1007s
  4054  1504   10.94299   84  807   10.95450   10.67393  2.56% 11825 1014s
  4055  1505   10.94676   27  846   10.95450   10.67393  2.56% 11822 1018s
  4056  1506   10.87285   18  872   10.95450   10.70685  2.26% 11819 1025s
  4057  1506   10.94569   19  992   10.95450   10.70685  2.26% 11816 1030s
  4059  1508   10.70685   24  914   10.95450   10.70685  2.26% 11810 1039s
  4060  1508   10.87474   32  848   10.95450   10.70685  2.26% 11807 1044s
  4061  1509   10.81057   17  562   10.95450   10.80399  1.37% 11804 1048s
  4062  1510   10.80399   21  738   10.95450   10.80399  1.37% 11801 1052s
  4064  1511   10.83257   16  655   10.95450   10.80399  1.37% 11795 1057s
  4065  1512   10.92334   21  623   10.95450   10.80399  1.37% 11793 1061s
  4067  1513   10.94539    8  738   10.95450   10.80399  1.37% 11787 1068s
  4068  1514   10.80399   19  739   10.95450   10.80399  1.37% 11784 1071s
  4069  1514   10.80399    8  633   10.95450   10.80399  1.37% 11781 1075s
  4070  1515   10.86079   14  632   10.95450   10.80399  1.37% 11778 1088s
H 4070  1438                      10.8908993   10.80399  0.80% 11778 1094s

Cutting planes:
  Learned: 30
  Gomory: 61
  Cover: 265
  Implied bound: 459
  Projected implied bound: 160
  Clique: 69
  MIR: 128
  Mixing: 1
  StrongCG: 5
  Flow cover: 654
  GUB cover: 6
  Network: 2
  RLT: 1570
  Relax-and-lift: 431
  BQP: 13
  PSD: 5

Explored 4070 nodes (48792006 simplex iterations) in 1094.82 seconds (2152.58 work units)
Thread count was 32 (of 104 available processors)

Solution count 8: 10.8909 10.9545 10.9545 ... 11.4091

Optimal solution found (tolerance 1.00e-02)
Best objective 1.089089930627e+01, best bound 1.080398639072e+01, gap 0.7980%
Total operational cost: 109980.20
Maximum power (kW): 1223.56
Discharge energy capacity (kWh): 14243.96
Charge energy capacity (kWh): 14571.53
Levelized Cost of Flexibility ($/kWh): -0.37
ERROR: evaluating object as numeric value: flow_changed[1,1,1]
        (object: <class 'pyomo.core.base.var.VarData'>)
    No value for uninitialized VarData object flow_changed[1,1,1]
ERROR: evaluating object as numeric value: flow_changed[1,1,2]
        (object: <class 'pyomo.core.base.var.VarData'>)
    No value for uninitialized VarData object flow_changed[1,1,2]
ERROR: evaluating object as numeric value: flow_changed[1,1,3]
        (object: <class 'pyomo.core.base.var.VarData'>)
    No value for uninitialized VarData object flow_changed[1,1,3]
ERROR: evaluating object as numeric value: flow_changed[1,1,4]
        (object: <class 'pyomo.core.base.var.VarData'>)
    No value for uninitialized VarData object flow_changed[1,1,4]
ERROR: evaluating object as numeric value: uf_flow_changed[1,1,1]
        (object: <class 'pyomo.core.base.var.VarData'>)
    No value for uninitialized VarData object uf_flow_changed[1,1,1]
ERROR: evaluating object as numeric value: uf_flow_changed[1,1,2]
        (object: <class 'pyomo.core.base.var.VarData'>)
    No value for uninitialized VarData object uf_flow_changed[1,1,2]
ERROR: evaluating object as numeric value: uf_flow_changed[1,1,3]
        (object: <class 'pyomo.core.base.var.VarData'>)
    No value for uninitialized VarData object uf_flow_changed[1,1,3]
ERROR: evaluating object as numeric value: flow_changed[1,1,1]
        (object: <class 'pyomo.core.base.var.VarData'>)
    No value for uninitialized VarData object flow_changed[1,1,1]
ERROR: evaluating object as numeric value: flow_changes_penalty
        (object: <class 'pyomo.core.base.expression.ScalarExpression'>)
    No value for uninitialized VarData object flow_changed[1,1,1]
{'fixed_demand_cost': 7709.2578824188995, 'variable_demand_cost': 966.9777801917769, 'fixed_monthly_cost': 171938.17204301074, 'total_water_production': 282179.67125832295, 'total_energy_cost': 21638.168048717755, 'total_demand_cost': 8676.235662610676, 'total_customer_cost': 0.0, 'total_feed_cost': 49084.5386863727, 'total_brine_cost': 10577.4390785478, 'total_chemical_cost': 18932.61158643032, 'raw_degree_of_flex': 0.7365269461077844, 'degree_of_flex': 0.7365269461077844, 'total_replacement_cost': 1071.2080686286095, 'total_water_revenue': 0.0, 'total_demand_response_revenue': 0.0, 'total_emissions_cost': 0.0, 'total_op_cost': 109980.20113130785, 'fixed_cost': 121551.98252688172, 'total_cost': 231532.18365818958, 'LCOW': 0.8205133368598766, 'maximum_power': 1223.5637433073032, 'energy_capacity': 14243.957859063481, 'power_capacity': 323.7263149787155, 'round_trip_efficiency': 0, 'LVOF': -0.36718696407626805}
Saved operation variable results to: /home/rchurchi/watertap_test/watertap/tutorials/flex_ro/wrd_result_winter_both_4_flexible_trains.csv
2026-05-21 14:45:02 [INFO] idaes.core.surrogate.pysmo_surrogate: Decode surrogate. type=poly

===========================Polynomial Regression===============================================

The number of cross-validation cases (3) is used.
The default training/cross-validation split of 0.75 is used.
No iterations will be run.
Default parameter estimation method is used.
Parameter estimation method:  pyomo 

2026-05-21 14:45:02 [INFO] idaes.core.surrogate.pysmo_surrogate: Decode surrogate. type=poly

===========================Polynomial Regression===============================================

The number of cross-validation cases (3) is used.
The default training/cross-validation split of 0.75 is used.
No iterations will be run.
Default parameter estimation method is used.
Parameter estimation method:  pyomo 

2026-05-21 14:45:02 [INFO] idaes.core.surrogate.pysmo_surrogate: Decode surrogate. type=poly

===========================Polynomial Regression===============================================

The number of cross-validation cases (3) is used.
The default training/cross-validation split of 0.75 is used.
No iterations will be run.
Default parameter estimation method is used.
Parameter estimation method:  pyomo 

2026-05-21 14:45:02 [INFO] idaes.core.surrogate.pysmo_surrogate: Decode surrogate. type=poly

===========================Polynomial Regression===============================================

The number of cross-validation cases (3) is used.
The default training/cross-validation split of 0.75 is used.
No iterations will be run.
Default parameter estimation method is used.
Parameter estimation method:  pyomo 

2026-05-21 14:45:04 [INFO] idaes.apps.grid_integration.pricetaker.price_taker_model: Found minimum uptime/downtime data for pretreatment.uf_pumps[1] - Adding minimum uptime/downtime constraints.
2026-05-21 14:45:04 [INFO] idaes.apps.grid_integration.pricetaker.price_taker_model: Created startup/shutdown constraints for operation model  pretreatment.uf_pumps[1] at uf_pumps_1_startup_shutdown.
2026-05-21 14:45:04 [INFO] idaes.apps.grid_integration.pricetaker.price_taker_model: Found minimum uptime/downtime data for pretreatment.uf_pumps[2] - Adding minimum uptime/downtime constraints.
2026-05-21 14:45:04 [INFO] idaes.apps.grid_integration.pricetaker.price_taker_model: Created startup/shutdown constraints for operation model  pretreatment.uf_pumps[2] at uf_pumps_2_startup_shutdown.
2026-05-21 14:45:04 [INFO] idaes.apps.grid_integration.pricetaker.price_taker_model: Found minimum uptime/downtime data for pretreatment.uf_pumps[3] - Adding minimum uptime/downtime constraints.
2026-05-21 14:45:04 [INFO] idaes.apps.grid_integration.pricetaker.price_taker_model: Created startup/shutdown constraints for operation model  pretreatment.uf_pumps[3] at uf_pumps_3_startup_shutdown.
2026-05-21 14:45:04 [INFO] idaes.apps.grid_integration.pricetaker.price_taker_model: Found minimum uptime/downtime data for reverse_osmosis.ro_skid[1] - Adding minimum uptime/downtime constraints.
2026-05-21 14:45:04 [INFO] idaes.apps.grid_integration.pricetaker.price_taker_model: Created startup/shutdown constraints for operation model  reverse_osmosis.ro_skid[1] at ro_skid_1_startup_shutdown.
2026-05-21 14:45:04 [INFO] idaes.apps.grid_integration.pricetaker.price_taker_model: Found minimum uptime/downtime data for reverse_osmosis.ro_skid[2] - Adding minimum uptime/downtime constraints.
2026-05-21 14:45:04 [INFO] idaes.apps.grid_integration.pricetaker.price_taker_model: Created startup/shutdown constraints for operation model  reverse_osmosis.ro_skid[2] at ro_skid_2_startup_shutdown.
2026-05-21 14:45:04 [INFO] idaes.apps.grid_integration.pricetaker.price_taker_model: Found minimum uptime/downtime data for reverse_osmosis.ro_skid[3] - Adding minimum uptime/downtime constraints.
2026-05-21 14:45:04 [INFO] idaes.apps.grid_integration.pricetaker.price_taker_model: Created startup/shutdown constraints for operation model  reverse_osmosis.ro_skid[3] at ro_skid_3_startup_shutdown.
2026-05-21 14:45:04 [INFO] idaes.apps.grid_integration.pricetaker.price_taker_model: Found minimum uptime/downtime data for reverse_osmosis.ro_skid[4] - Adding minimum uptime/downtime constraints.
2026-05-21 14:45:04 [INFO] idaes.apps.grid_integration.pricetaker.price_taker_model: Created startup/shutdown constraints for operation model  reverse_osmosis.ro_skid[4] at ro_skid_4_startup_shutdown.
4873
Set parameter LogToConsole to value 1
Set parameter MIPGap to value 0.01
Gurobi Optimizer version 12.0.3 build v12.0.3rc0 (linux64 - "Red Hat Enterprise Linux 8.8 (Ootpa)")

CPU model: Intel(R) Xeon(R) Platinum 8470QL, instruction set [SSE2|AVX|AVX2|AVX512]
Thread count: 104 physical cores, 104 logical processors, using up to 32 threads

Non-default parameters:
MIPGap  0.01

Optimize a model with 16781 rows, 17643 columns and 46315 nonzeros
Model fingerprint: 0x0291ac18
Model has 168 quadratic objective terms
Model has 3528 quadratic constraints
Model has 672 general nonlinear constraints (672 nonlinear terms)
Variable types: 12440 continuous, 5203 integer (5203 binary)
Coefficient statistics:
  Matrix range     [2e-02, 2e+03]
  QMatrix range    [2e-07, 1e+00]
  QLMatrix range   [1e-04, 2e+00]
  Objective range  [6e-06, 5e-04]
  QObjective range [2e-04, 2e-04]
  Bounds range     [9e-01, 1e+03]
  RHS range        [1e+00, 3e+05]
  QRHS range       [3e-01, 1e+00]
Presolve model has 672 nlconstr
Added 2688 variables to disaggregate expressions.
Presolve removed 7546 rows and 8068 columns
Presolve time: 0.13s
Presolved: 35947 rows, 14784 columns, 84968 nonzeros
Presolved model has 336 SOS constraint(s)
Presolved model has 4872 bilinear constraint(s)
Presolved model has 672 nonlinear constraint(s)

Solving non-convex MINLP

Variable types: 12124 continuous, 2660 integer (2660 binary)

Root relaxation: objective 8.395032e+00, 32089 iterations, 2.31 seconds (3.96 work units)

    Nodes    |    Current Node    |     Objective Bounds      |     Work
 Expl Unexpl |  Obj  Depth IntInf | Incumbent    BestBd   Gap | It/Node Time

     0     0    8.39503    0 6570          -    8.39503      -     -    3s
     0     0    8.39579    0 6570          -    8.39579      -     -    3s
H    0     0                      15.5823853    8.39579  46.1%     -    3s
     0     0   10.06316    0 5347   15.58239   10.06316  35.4%     -    5s
     0     0   10.19778    0 4477   15.58239   10.19778  34.6%     -    7s
     0     0   10.46524    0 4957   15.58239   10.46524  32.8%     -    9s
     0     0   10.50635    0 4452   15.58239   10.50635  32.6%     -   11s
     0     0   10.54218    0 2653   15.58239   10.54218  32.3%     -   13s
     0     0   10.55472    0 3923   15.58239   10.55472  32.3%     -   17s
     0     0   10.58259    0 4159   15.58239   10.58259  32.1%     -   20s
     0     0   10.58259    0 4507   15.58239   10.58259  32.1%     -   22s
     0     0   10.70385    0 4459   15.58239   10.70385  31.3%     -   24s
     0     0   10.70385    0 4295   15.58239   10.70385  31.3%     -   25s
     0     0   10.70385    0 4562   15.58239   10.70385  31.3%     -   27s
     0     0   10.70385    0 3894   15.58239   10.70385  31.3%     -   29s
     0     2   10.70385    0 3889   15.58239   10.70385  31.3%     -   32s
     3     8   10.70385    2 3035   15.58239   10.70385  31.3% 10221   36s
    15    32   10.70385    4 3682   15.58239   10.70385  31.3% 12682   40s
    31    64   10.70385    5 3727   15.58239   10.70385  31.3% 13098   47s
H   62    64                      15.5823844   10.71152  31.3% 13713   47s
    95   153   10.84011    7 3634   15.58238   10.71152  31.3% 12734   55s
H  102   153                      15.5823843   10.71152  31.3% 12515   55s
H  145   153                      13.0509524   10.71152  17.9% 11344   55s
H  147   153                      12.3867811   10.71152  13.5% 11253   55s
   246   312   10.90347   10 3098   12.38678   10.71152  13.5%  9059   62s
H  255   312                      12.3764409   10.71152  13.5%  9019   62s
H  259   312                      12.1538860   10.71152  11.9%  8969   62s
H  289   312                      12.1375356   10.71152  11.7%  8596   62s
   311   384   10.94018   11 3037   12.13754   10.71152  11.7%  8405   66s
H  384   436                      12.0276950   10.71152  10.9%  8113   69s
H  390   436                      11.9146548   10.71152  10.1%  8104   69s
   435   497   10.92017   14 3440   11.91465   10.71152  10.1%  7937   73s
   514   547   11.07917   14 4012   11.91465   10.71152  10.1%  7668   76s
   576   586   10.99350   15 3410   11.91465   10.74536  9.81%  7537   83s
H  580   586                      11.9146545   10.74536  9.81%  7583   83s
H  588   586                      11.8932165   10.74536  9.65%  7612   83s
H  593   586                      11.8915445   10.74536  9.64%  7676   83s
H  595   586                      11.8691816   10.74536  9.47%  7675   83s
H  608   586                      11.8289022   10.74536  9.16%  7621   83s
   627   622   11.03295   16 3346   11.82890   10.74536  9.16%  7675   86s
   685   648   11.07463   16 3081   11.82890   10.74536  9.16%  7720   91s
H  690   648                      11.8289022   10.74536  9.16%  7743   91s
H  691   648                      11.8071938   10.74536  8.99%  7741   91s
   733   686   11.11511   17 3017   11.80719   10.74536  8.99%  7832   99s
   787   732   11.18294   18 2533   11.80719   10.74536  8.99%  7872  103s
H  791   732                      11.8055634   10.74536  8.98%  7871  103s
H  799   732                      11.8004164   10.74536  8.94%  7858  103s
H  803   732                      11.7987785   10.74536  8.93%  7849  103s
   847   793   11.28364   18 2184   11.79878   10.74536  8.93%  7856  105s
   914   853   11.24570   19 2128   11.79878   10.77103  8.71%  7728  110s
H  928   853                      11.7982843   10.77103  8.71%  7715  110s
H  935   853                      11.7958226   10.77103  8.69%  7675  110s
H 1003   909                      11.6890293   10.77103  7.85%  7586  113s
  1052   941   11.56396   21 1726   11.68903   10.77103  7.85%  7594  119s
  1131   977   11.36983   22 1964   11.68903   10.77103  7.85%  7578  123s
H 1136   977                      11.6822117   10.77103  7.80%  7607  123s
H 1152   977                      11.5857982   10.77103  7.03%  7585  123s
  1204   978   11.45487   23 1631   11.58580   10.77103  7.03%  7574  126s
  1295  1016     cutoff   24        11.58580   10.77103  7.03%  7532  130s
H 1354  1016                      11.5857817   10.80979  6.70%  7573  130s
  1361  1066     cutoff   24        11.58578   10.80979  6.70%  7565  135s
H 1485  1113                      11.5788457   10.80979  6.64%  7530  139s
H 1506  1113                      11.5679631   10.86159  6.11%  7555  139s
  1547  1138   11.22405   13 2221   11.56796   10.86159  6.11%  7522  144s
H 1549  1138                      11.5588056   10.86159  6.03%  7518  144s
  1642  1189   11.27485   15 2060   11.55881   10.86159  6.03%  7518  208s
  1738  1256   11.40222   18 2045   11.55881   10.86159  6.03%  7500  213s
  1853  1303   11.50048   20 1995   11.55881   10.87474  5.92%  7495  219s
H 1872  1303                      11.5585436   10.87474  5.92%  7489  219s
H 1891  1303                      11.5518215   10.87474  5.86%  7444  219s
H 1908  1303                      11.5515691   10.87474  5.86%  7454  219s
  1984  1352   11.29096    8 2542   11.55157   10.87474  5.86%  7417  224s
  2121  1417   11.25158   11 2592   11.55157   10.87474  5.86%  7343  229s
H 2167  1417                      11.5495717   10.87474  5.84%  7296  229s
H 2242  1483                      11.5494318   10.87474  5.84%  7333  236s
H 2286  1483                      11.5492023   10.87474  5.84%  7281  236s
  2389  1551     cutoff   15        11.54920   10.88763  5.73%  7280  244s
  2533  1632   11.41876   17 2653   11.54920   10.88763  5.73%  7225  250s
H 2592  1632                      11.5492023   10.91858  5.46%  7143  250s
H 2596  1632                      11.5477808   10.91858  5.45%  7152  250s
H 2606  1632                      11.5470003   10.91858  5.44%  7165  250s
H 2622  1632                      11.5459126   10.91858  5.43%  7159  250s
  2673  1699   11.52495   20 1960   11.54591   10.91858  5.43%  7174  260s
  2844  1796   11.48402   35 1932   11.54591   10.93697  5.27%  7124  267s
  3031  1867     cutoff   37        11.54591   10.93697  5.27%  7039  273s
  3240  1878   11.48923   45 1895   11.54591   10.94139  5.24%  6873  285s
  3458  1989   11.49690   50 1795   11.54591   10.94475  5.21%  6724  291s
  3677  2117   11.49774   55 1720   11.54591   10.94475  5.21%  6592  296s
H 3734  2042                      11.5369217   10.94475  5.13%  6526  296s
  3850  2010   11.44870   21 1177   11.53692   10.94475  5.13%  6439  346s
  3852  2011   11.17961   14 1004   11.53692   10.94475  5.13%  6436  357s
  3853  2012   11.53059   89  623   11.53692   10.94475  5.13%  6434  362s
  3854  2013   11.49741   15  517   11.53692   10.94475  5.13%  6433  365s
  3856  2014   11.48537   31  581   11.53692   10.94475  5.13%  6429  371s
H 3856  1913                      11.5369216   10.94475  5.13%  6429  373s
  3857  1914   11.49916   30  716   11.53692   10.94475  5.13%  6428  375s
  3859  1915   11.51679   39  560   11.53692   10.97224  4.89%  6424  381s
  3861  1916   11.53317  116  516   11.53692   11.07122  4.04%  6421  387s
  3862  1917   11.07122   12  477   11.53692   11.07122  4.04%  6419  390s
  3865  1919   11.50934   15  413   11.53692   11.07122  4.04%  6414  397s
  3866  1920   11.45047   21  555   11.53692   11.07122  4.04%  6413  400s
  3867  1920   11.26741   13  477   11.53692   11.07122  4.04%  6411  405s
H 3867  1823                      11.5369211   11.07122  4.04%  6411  409s
  3869  1825   11.07122   15  506   11.53692   11.07122  4.04%  6408  414s
  3870  1825   11.53059   66  503   11.53692   11.07122  4.04%  6406  423s
  3871  1826   11.33283   20  503   11.53692   11.07122  4.04%  6405  426s
  3872  1830   11.07122   11 3417   11.53692   11.07122  4.04%  6501  636s
  3874  1833   11.07122   12 2902   11.53692   11.07122  4.04%  6501  660s
  3878  1840   11.19012   13 2662   11.53692   11.07122  4.04%  6498  689s
  3886  1851   11.15362   14 3149   11.53692   11.10822  3.72%  6507  709s
H 3902  1777                      11.5369205   11.10822  3.72%  6533  723s
H 3907  1688                      11.5369204   11.10822  3.72%  6542  723s
H 3914  1603                      11.5369204   11.16776  3.20%  6554  723s
H 3925  1520                      11.5369190   11.17067  3.17%  6566  723s
  3932  1540   11.37475   16 2742   11.53692   11.17067  3.17%  6565  737s
  3964  1583   11.32115   17 2776   11.53692   11.20232  2.90%  6626  754s
  4047  1622   11.38661   18 2555   11.53692   11.20354  2.89%  6727  765s
  4148  1650   11.37817   20 2245   11.53692   11.20354  2.89%  6825  773s
  4246  1670   11.37969   21 1781   11.53692   11.20354  2.89%  6886  779s
  4342  1689   11.35315   22 1502   11.53692   11.20354  2.89%  6950  783s
  4439  1689     cutoff   23        11.53692   11.20354  2.89%  6976  787s
  4557  1682     cutoff   25        11.53692   11.20354  2.89%  6961  791s
  4639  1690     cutoff   26        11.53692   11.20354  2.89%  6978  796s
  4786  1722   11.25715   24 2081   11.53692   11.20354  2.89%  6998  807s
  4872  1751   11.35308   26 1833   11.53692   11.20354  2.89%  6990  810s
H 5039  1682                      11.5244903   11.20354  2.78%  6938  814s
  5054  1694     cutoff   32        11.52449   11.20354  2.78%  6929  819s
H 5073  1616                      11.5244903   11.20354  2.78%  6924  819s
H 5086  1544                      11.5244807   11.20354  2.78%  6908  819s
H 5101  1475                      11.5244456   11.20354  2.78%  6906  819s
H 5109  1411                      11.5244391   11.20354  2.78%  6911  819s
H 5147  1342                      11.5242496   11.20354  2.78%  6893  819s
  5176  1394   11.46875   32 2600   11.52425   11.20354  2.78%  6876  822s
  5268  1433   11.43584   34 1982   11.52425   11.20354  2.78%  6881  826s
H 5272  1377                      11.5242469   11.20354  2.78%  6887  826s
H 5272  1324                      11.5238457   11.20354  2.78%  6887  826s
H 5363  1245                      11.4119813   11.20354  1.83%  6877  826s
  5372  1171     cutoff   36        11.41198   11.20354  1.83%  6866  831s
  5565  1107     cutoff   23        11.41198   11.20354  1.83%  6768  836s
H 5635  1037                      11.4119813   11.20354  1.83%  6814  836s
  5643  1066   11.33242   23 3336   11.41198   11.20354  1.83%  6811  840s
  5759  1083   11.35927   25 3667   11.41198   11.20354  1.83%  6827  846s
  5903  1157     cutoff   26        11.41198   11.20354  1.83%  6782  850s
H 6110  1215                      11.4028590   11.20354  1.75%  6653  855s
H 6124  1168                      11.3974428   11.20354  1.70%  6638  855s
H 6166  1119                      11.3962479   11.20354  1.69%  6611  855s
  6347  1150     cutoff   99        11.39625   11.20354  1.69%  6469  860s
H 6367  1150                      11.3962479   11.20354  1.69%  6454  860s
H 6408  1150                      11.3952066   11.20354  1.68%  6436  860s
H 6469  1150                      11.3942265   11.20354  1.67%  6408  860s
H 6470  1150                      11.3940526   11.20354  1.67%  6407  860s
H 6508  1150                      11.3940160   11.20354  1.67%  6378  860s
H 6591  1250                      11.3940159   11.20354  1.67%  6338  864s
H 6607  1250                      11.3903249   11.20354  1.64%  6338  864s
H 6685  1250                      11.3899694   11.20354  1.64%  6303  864s
H 6713  1250                      11.3827825   11.20354  1.57%  6285  864s
  6805  1212   11.33413   27 2631   11.38278   11.20354  1.57%  6228  870s
H 6826  1212                      11.3827628   11.20354  1.57%  6228  870s
  6965  1279   11.32954   27 2816   11.38276   11.20354  1.57%  6208  876s
  7126  1353     cutoff   28        11.38276   11.20354  1.57%  6193  882s
H 7145  1353                      11.3827454   11.20354  1.57%  6202  882s
H 7222  1353                      11.3827298   11.20354  1.57%  6159  882s
H 7323  1353                      11.3827049   11.20354  1.57%  6136  882s
  7324  1463     cutoff   27        11.38270   11.29890  0.74%  6138  889s
H 7330  1463                      11.3826874   11.29890  0.74%  6138  889s
H 7379  1463                      11.3811287   11.29890  0.72%  6105  889s

Cutting planes:
  Learned: 35
  Gomory: 74
  Cover: 269
  Implied bound: 455
  Projected implied bound: 175
  Clique: 23
  MIR: 191
  StrongCG: 3
  Flow cover: 858
  GUB cover: 2
  Zero half: 1
  RLT: 2324
  Relax-and-lift: 444
  BQP: 21
  PSD: 15

Explored 7589 nodes (45982715 simplex iterations) in 889.75 seconds (1421.03 work units)
Thread count was 32 (of 104 available processors)

Solution count 10: 11.3811 11.3827 11.3827 ... 11.394

Optimal solution found (tolerance 1.00e-02)
Best objective 1.138112869460e+01, best bound 1.129989349094e+01, gap 0.7138%
Total operational cost: 114854.18
Maximum power (kW): 1594.43
Discharge energy capacity (kWh): 43260.71
Charge energy capacity (kWh): 57071.96
Levelized Cost of Flexibility ($/kWh): 0.46
ERROR: evaluating object as numeric value: flow_changed[1,1,1]
        (object: <class 'pyomo.core.base.var.VarData'>)
    No value for uninitialized VarData object flow_changed[1,1,1]
ERROR: evaluating object as numeric value: flow_changed[1,1,2]
        (object: <class 'pyomo.core.base.var.VarData'>)
    No value for uninitialized VarData object flow_changed[1,1,2]
ERROR: evaluating object as numeric value: flow_changed[1,1,3]
        (object: <class 'pyomo.core.base.var.VarData'>)
    No value for uninitialized VarData object flow_changed[1,1,3]
ERROR: evaluating object as numeric value: flow_changed[1,1,4]
        (object: <class 'pyomo.core.base.var.VarData'>)
    No value for uninitialized VarData object flow_changed[1,1,4]
ERROR: evaluating object as numeric value: uf_flow_changed[1,1,1]
        (object: <class 'pyomo.core.base.var.VarData'>)
    No value for uninitialized VarData object uf_flow_changed[1,1,1]
ERROR: evaluating object as numeric value: uf_flow_changed[1,1,2]
        (object: <class 'pyomo.core.base.var.VarData'>)
    No value for uninitialized VarData object uf_flow_changed[1,1,2]
ERROR: evaluating object as numeric value: uf_flow_changed[1,1,3]
        (object: <class 'pyomo.core.base.var.VarData'>)
    No value for uninitialized VarData object uf_flow_changed[1,1,3]
ERROR: evaluating object as numeric value: flow_changed[1,1,1]
        (object: <class 'pyomo.core.base.var.VarData'>)
    No value for uninitialized VarData object flow_changed[1,1,1]
ERROR: evaluating object as numeric value: flow_changes_penalty
        (object: <class 'pyomo.core.base.expression.ScalarExpression'>)
    No value for uninitialized VarData object flow_changed[1,1,1]
{'fixed_demand_cost': 10045.983762379228, 'variable_demand_cost': 0.0, 'fixed_monthly_cost': 171938.17204301074, 'total_water_production': 282179.67123287695, 'total_energy_cost': 21054.528645424052, 'total_demand_cost': 10045.983762379228, 'total_customer_cost': 0.0, 'total_feed_cost': 48831.69996408143, 'total_brine_cost': 14369.935023331524, 'total_chemical_cost': 19509.139550766133, 'raw_degree_of_flex': 0.48502994011976047, 'degree_of_flex': 0.48502994011976047, 'total_replacement_cost': 1042.8941989732277, 'total_water_revenue': 0.0, 'total_demand_response_revenue': 0.0, 'total_emissions_cost': 0.0, 'total_op_cost': 114854.1811449556, 'fixed_cost': 121551.98252688172, 'total_cost': 236406.1636718373, 'LCOW': 0.8377859490690819, 'maximum_power': 1594.4339150434755, 'energy_capacity': 43260.708125424884, 'power_capacity': 920.4405984132954, 'round_trip_efficiency': 0, 'LVOF': 0.45753716591470023}
Saved operation variable results to: /home/rchurchi/watertap_test/watertap/tutorials/flex_ro/wrd_result_summer_both_4_flexible_trains.csv
Saved summary results to: /home/rchurchi/watertap_test/watertap/tutorials/flex_ro/wrd_pricetaker_summary_results_20260521_145958.csv
