2026-05-22 12:26:22 [INFO] idaes.core.surrogate.pysmo_surrogate: Decode surrogate. type=poly

===========================Polynomial Regression===============================================

The number of cross-validation cases (3) is used.
The default training/cross-validation split of 0.75 is used.
No iterations will be run.
Default parameter estimation method is used.
Parameter estimation method:  pyomo 

2026-05-22 12:26:22 [INFO] idaes.core.surrogate.pysmo_surrogate: Decode surrogate. type=poly

===========================Polynomial Regression===============================================

The number of cross-validation cases (3) is used.
The default training/cross-validation split of 0.75 is used.
No iterations will be run.
Default parameter estimation method is used.
Parameter estimation method:  pyomo 

2026-05-22 12:26:22 [INFO] idaes.core.surrogate.pysmo_surrogate: Decode surrogate. type=poly

===========================Polynomial Regression===============================================

The number of cross-validation cases (3) is used.
The default training/cross-validation split of 0.75 is used.
No iterations will be run.
Default parameter estimation method is used.
Parameter estimation method:  pyomo 

2026-05-22 12:26:22 [INFO] idaes.core.surrogate.pysmo_surrogate: Decode surrogate. type=poly

===========================Polynomial Regression===============================================

The number of cross-validation cases (3) is used.
The default training/cross-validation split of 0.75 is used.
No iterations will be run.
Default parameter estimation method is used.
Parameter estimation method:  pyomo 

2026-05-22 12:26:24 [INFO] idaes.apps.grid_integration.pricetaker.price_taker_model: Found minimum uptime/downtime data for pretreatment.uf_pumps[1] - Adding minimum uptime/downtime constraints.
2026-05-22 12:26:24 [INFO] idaes.apps.grid_integration.pricetaker.price_taker_model: Created startup/shutdown constraints for operation model  pretreatment.uf_pumps[1] at uf_pumps_1_startup_shutdown.
2026-05-22 12:26:24 [INFO] idaes.apps.grid_integration.pricetaker.price_taker_model: Found minimum uptime/downtime data for pretreatment.uf_pumps[2] - Adding minimum uptime/downtime constraints.
2026-05-22 12:26:24 [INFO] idaes.apps.grid_integration.pricetaker.price_taker_model: Created startup/shutdown constraints for operation model  pretreatment.uf_pumps[2] at uf_pumps_2_startup_shutdown.
2026-05-22 12:26:24 [INFO] idaes.apps.grid_integration.pricetaker.price_taker_model: Found minimum uptime/downtime data for pretreatment.uf_pumps[3] - Adding minimum uptime/downtime constraints.
2026-05-22 12:26:24 [INFO] idaes.apps.grid_integration.pricetaker.price_taker_model: Created startup/shutdown constraints for operation model  pretreatment.uf_pumps[3] at uf_pumps_3_startup_shutdown.
2026-05-22 12:26:24 [INFO] idaes.apps.grid_integration.pricetaker.price_taker_model: Found minimum uptime/downtime data for reverse_osmosis.ro_skid[1] - Adding minimum uptime/downtime constraints.
2026-05-22 12:26:24 [INFO] idaes.apps.grid_integration.pricetaker.price_taker_model: Created startup/shutdown constraints for operation model  reverse_osmosis.ro_skid[1] at ro_skid_1_startup_shutdown.
2026-05-22 12:26:24 [INFO] idaes.apps.grid_integration.pricetaker.price_taker_model: Found minimum uptime/downtime data for reverse_osmosis.ro_skid[2] - Adding minimum uptime/downtime constraints.
2026-05-22 12:26:24 [INFO] idaes.apps.grid_integration.pricetaker.price_taker_model: Created startup/shutdown constraints for operation model  reverse_osmosis.ro_skid[2] at ro_skid_2_startup_shutdown.
2026-05-22 12:26:24 [INFO] idaes.apps.grid_integration.pricetaker.price_taker_model: Found minimum uptime/downtime data for reverse_osmosis.ro_skid[3] - Adding minimum uptime/downtime constraints.
2026-05-22 12:26:24 [INFO] idaes.apps.grid_integration.pricetaker.price_taker_model: Created startup/shutdown constraints for operation model  reverse_osmosis.ro_skid[3] at ro_skid_3_startup_shutdown.
2026-05-22 12:26:24 [INFO] idaes.apps.grid_integration.pricetaker.price_taker_model: Found minimum uptime/downtime data for reverse_osmosis.ro_skid[4] - Adding minimum uptime/downtime constraints.
2026-05-22 12:26:24 [INFO] idaes.apps.grid_integration.pricetaker.price_taker_model: Created startup/shutdown constraints for operation model  reverse_osmosis.ro_skid[4] at ro_skid_4_startup_shutdown.
4873
Set parameter TokenServer to value "10.60.1.73"
Set parameter LogToConsole to value 1
Set parameter MIPGap to value 0.006
Gurobi Optimizer version 12.0.3 build v12.0.3rc0 (linux64 - "Red Hat Enterprise Linux 8.8 (Ootpa)")

CPU model: Intel(R) Xeon(R) Platinum 8470QL, instruction set [SSE2|AVX|AVX2|AVX512]
Thread count: 104 physical cores, 104 logical processors, using up to 32 threads

Non-default parameters:
MIPGap  0.006

Optimize a model with 16781 rows, 17643 columns and 46315 nonzeros
Model fingerprint: 0xb84ecbf9
Model has 168 quadratic objective terms
Model has 3528 quadratic constraints
Model has 672 general nonlinear constraints (672 nonlinear terms)
Variable types: 12440 continuous, 5203 integer (5203 binary)
Coefficient statistics:
  Matrix range     [2e-02, 2e+03]
  QMatrix range    [2e-07, 1e+00]
  QLMatrix range   [1e-04, 2e+00]
  Objective range  [1e-05, 1e-04]
  QObjective range [2e-04, 2e-04]
  Bounds range     [9e-01, 1e+03]
  RHS range        [1e+00, 3e+05]
  QRHS range       [3e-01, 1e+00]
Presolve model has 672 nlconstr
Added 2688 variables to disaggregate expressions.
Presolve removed 7546 rows and 8068 columns
Presolve time: 0.15s
Presolved: 35947 rows, 14784 columns, 84968 nonzeros
Presolved model has 336 SOS constraint(s)
Presolved model has 4872 bilinear constraint(s)
Presolved model has 672 nonlinear constraint(s)

Solving non-convex MINLP

Variable types: 12124 continuous, 2660 integer (2660 binary)

Root relaxation: objective 7.349162e+00, 33377 iterations, 3.10 seconds (5.26 work units)

    Nodes    |    Current Node    |     Objective Bounds      |     Work
 Expl Unexpl |  Obj  Depth IntInf | Incumbent    BestBd   Gap | It/Node Time

     0     0    7.34916    0 7031          -    7.34916      -     -    4s
H    0     0                      12.5828978    7.34916  41.6%     -    4s
     0     0    8.66619    0 6537   12.58290    8.66619  31.1%     -    8s
     0     0    8.66619    0 6537   12.58290    8.66619  31.1%     -    8s
     0     0    9.41852    0 5476   12.58290    9.41852  25.1%     -   10s
     0     0    9.41852    0 5476   12.58290    9.41852  25.1%     -   10s
     0     0   10.14036    0 5175   12.58290   10.14036  19.4%     -   15s
     0     0   10.14036    0 5174   12.58290   10.14036  19.4%     -   15s
H    0     0                      12.5828976   10.14036  19.4%     -   15s
     0     0   10.16410    0 5065   12.58290   10.16410  19.2%     -   18s
     0     0   10.30718    0 4411   12.58290   10.30718  18.1%     -   25s
     0     0   10.31101    0 4335   12.58290   10.31101  18.1%     -   27s
     0     0   10.39871    0 4335   12.58290   10.39871  17.4%     -   31s
     0     0   10.39871    0 4371   12.58290   10.39871  17.4%     -   33s
     0     0   10.39871    0 4342   12.58290   10.39871  17.4%     -   37s
     0     0   10.39871    0 4085   12.58290   10.39871  17.4%     -   39s
H    0     0                      12.5658150   10.39871  17.2%     -   43s
     0     0   10.39871    0 4478   12.56581   10.39871  17.2%     -   43s
     0     0   10.40536    0 3972   12.56581   10.40536  17.2%     -   45s
H    0     0                      12.4934222   10.40536  16.7%     -   48s
H    0     0                      12.4719841   10.40536  16.6%     -   48s
H    0     0                      12.4505460   10.40536  16.4%     -   48s
     0     2   10.40536    0 3968   12.45055   10.40536  16.4%     -   49s
     1     4   10.40910    1 3944   12.45055   10.40910  16.4%   370   51s
     7    16   10.42026    3 4114   12.45055   10.40910  16.4% 13626   58s
    15    32   10.46967    4 3778   12.45055   10.42026  16.3% 14142   62s
    31    64   10.46967    5 4017   12.45055   10.46967  15.9% 14386   71s
H   32    64                      12.2735782   10.46967  14.7% 13936   71s
H   33    64                      12.2512640   10.46967  14.5% 13783   71s
H   39    64                      12.1509842   10.46967  13.8% 13152   71s
    63    96   10.46967    6 3982   12.15098   10.46967  13.8% 13930   76s
    95   157   10.46967    7 3980   12.15098   10.46967  13.8% 12681   86s
H  107   157                      12.1044874   10.46967  13.5% 12090   86s
H  108   157                      11.4991777   10.46967  8.95% 11980   86s
H  147   157                      11.2234978   10.46967  6.72% 10080   86s
   156   239   10.46967    9 3953   11.22350   10.46967  6.72%  9885   94s
   246   292   10.48303   11 4585   11.22350   10.46967  6.72%  9000  100s
H  257   292                      11.2234977   10.46967  6.72%  9366  100s
H  259   292                      11.1997665   10.46967  6.52%  9400  100s
H  266   292                      11.1574785   10.46967  6.16%  9431  100s
   301   341   10.48305   12 4596   11.15748   10.46967  6.16%  9276  106s
   370   390   10.46967   14 4648   11.15748   10.46967  6.16%  9096  112s
H  399   390                      11.1365320   10.46967  5.99%  9288  112s
   421   421   10.48957   15 4394   11.13653   10.46967  5.99%  9437  119s
   471   458   10.54144   15 5313   11.13653   10.46967  5.99%  9881  126s
   518   492   10.53723   16 3526   11.13653   10.46967  5.99% 10038  131s
   578   529   10.62693   18 3104   11.13653   10.46967  5.99% 10192  141s
   630   587   10.61247   19 3198   11.13653   10.46967  5.99% 10297  150s
   699   635   10.71359   20 3001   11.13653   10.46967  5.99% 10046  157s
   763   675   10.67159   21 2798   11.13653   10.46967  5.99%  9979  163s
   823   707   10.58421   23 3290   11.13653   10.46967  5.99% 10241  171s
H  851   707                      11.1343538   10.46967  5.97% 10308  171s
H  877   707                      11.1091051   10.46967  5.76% 10347  171s
   879   732   10.67730   24 2937   11.10911   10.46967  5.76% 10356  180s
   942   771   10.96331   24 2189   11.10911   10.46967  5.76% 10387  187s
H  986   771                      11.1089731   10.46967  5.75% 10496  187s
H  989   771                      11.1087941   10.46967  5.75% 10497  187s
   995   807   10.67960   25 2915   11.10879   10.46967  5.75% 10502  199s
H 1044   807                      11.0549402   10.46967  5.29% 10648  199s
  1051   831   10.84673   26 4012   11.05494   10.46967  5.29% 10691  208s
  1119   884   10.85667   27 4135   11.05494   10.46967  5.29% 10720  218s
  1181   940   10.86896   28 3844   11.05494   10.46967  5.29% 10904  229s
H 1225   940                      11.0549223   10.46967  5.29% 10940  229s
H 1232   940                      11.0532265   10.46967  5.28% 10950  229s
  1253   982   10.89120   30 3627   11.05323   10.46967  5.28% 10924  240s
  1339  1021   11.01721   31 3311   11.05323   10.46967  5.28% 10970  252s
H 1371  1021                      11.0529935   10.46967  5.28% 11082  252s
H 1405  1021                      11.0513578   10.46967  5.26% 11116  252s
  1416  1061   10.81958   32 4556   11.05136   10.46967  5.26% 11103  260s
  1496  1101   10.85983   33 4382   11.05136   10.46967  5.26% 11290  270s
H 1498  1101                      11.0294558   10.46967  5.08% 11292  270s
  1568  1120   10.85993   34 4334   11.02946   10.46967  5.08% 11389  280s
  1657  1151   10.90261   36 3801   11.02946   10.46967  5.08% 11472  289s
  1737  1196   10.90739   38 3819   11.02946   10.46967  5.08% 11563  300s
  1817  1250   10.90708   40 3688   11.02946   10.46967  5.08% 11700  313s
H 1828  1250                      11.0289002   10.46967  5.07% 11752  313s
H 1837  1250                      11.0278251   10.46967  5.06% 11777  313s
H 1839  1250                      11.0258863   10.46967  5.04% 11805  313s
  1897  1326   10.85750   42 4332   11.02589   10.46967  5.04% 11879  327s
  2019  1396   10.88560   44 4393   11.02589   10.46967  5.04% 11767  339s
H 2027  1396                      11.0244901   10.46967  5.03% 11778  339s
H 2033  1396                      11.0239742   10.46967  5.03% 11762  339s
H 2038  1396                      11.0217887   10.46967  5.01% 11749  339s
  2145  1490   10.92709   46 4138   11.02179   10.48995  4.83% 11683  349s
  2301  1573     cutoff   47        11.02179   10.49051  4.82% 11518  360s
  2462  1635     cutoff   48        11.02179   10.49051  4.82% 11389  373s
  2604  1716   10.67142   13 3571   11.02179   10.54436  4.33% 11380  389s
H 2607  1716                      11.0217840   10.54436  4.33% 11379  389s
H 2694  1716                      11.0215112   10.54698  4.31% 11354  389s
  2743  1797   10.90346   15 3756   11.02151   10.54698  4.31% 11334  401s
H 2886  1884                      11.0184588   10.56064  4.15% 11371  416s
H 2957  1884                      11.0174889   10.56064  4.15% 11360  416s
  3040  1861   10.83414   21 4748   11.01749   10.56064  4.15% 11338  430s
  3204  1876   10.90632   23 4195   11.01749   10.56064  4.15% 11329  444s
H 3271  1863                      11.0171443   10.56064  4.14% 11389  444s
H 3286  1858                      11.0150789   10.56064  4.13% 11385  444s
  3355  1936   10.93128   24 4598   11.01508   10.56064  4.13% 11394  459s
  3511  2030     cutoff   21        11.01508   10.56064  4.13% 11470  471s
  3689  2079   10.96833   26 3936   11.01508   10.56064  4.13% 11474  487s
  3859  2149     cutoff   25        11.01508   10.56325  4.10% 11502  505s
  4026  2244     cutoff   23        11.01508   10.57494  4.00% 11589  521s
  4218  2305   10.91563   26 4315   11.01508   10.58318  3.92% 11637  542s
  4409  2369   10.95481   28 3624   11.01508   10.58318  3.92% 11685  563s
  4540  2456   10.74101   15 3879   11.01508   10.58318  3.92% 11723  586s
  4737  2457   11.00903   30 1171   11.01508   10.58318  3.92% 11739  782s
  4739  2458   10.81682   18 1134   11.01508   10.58318  3.92% 11734  793s
  4740  2459   10.80895   17  983   11.01508   10.58318  3.92% 11732  797s
  4741  2460   10.90686   43  861   11.01508   10.58318  3.92% 11729  803s
  4742  2460   10.85223   23  967   11.01508   10.58318  3.92% 11727  809s
  4743  2461   10.82009   29  953   11.01508   10.58318  3.92% 11724  816s
  4744  2462   11.00903   47  973   11.01508   10.58318  3.92% 11722  820s
  4745  2462   10.90800   22  689   11.01508   10.58318  3.92% 11719  825s
  4746  2463   10.99764   29  469   11.01508   10.61197  3.66% 11717  831s
  4748  2464   10.91367   10  540   11.01508   10.68923  2.96% 11712  836s
  4750  2466   10.89539    9  650   11.01508   10.70889  2.78% 11707  846s
  4752  2467   10.70889   20  572   11.01508   10.70889  2.78% 11702  851s
  4754  2468   10.99710   25  515   11.01508   10.72286  2.65% 11697  857s
  4755  2469   10.83640   10  519   11.01508   10.72286  2.65% 11695  860s
  4756  2470   11.00421   14  705   11.01508   10.72286  2.65% 11692  868s
  4757  2470   10.94120   38  642   11.01508   10.72286  2.65% 11690  872s
  4758  2471   10.89614   14  509   11.01508   10.73645  2.53% 11687  878s
  4759  2472   10.88667   15  642   11.01508   10.73645  2.53% 11685  881s
  4760  2472   11.00903   39  591   11.01508   10.73645  2.53% 11682  885s
  4762  2474   10.76163   20  471   11.01508   10.76163  2.30% 11677  895s
  4764  2475   10.92797   19  531   11.01508   10.76163  2.30% 11673  902s
  4766  2476   10.92245   33  427   11.01508   10.81759  1.79% 11668  908s
  4767  2477   10.94446   30  506   11.01508   10.81759  1.79% 11665  911s
  4769  2478   10.93656   21  472   11.01508   10.81759  1.79% 11660  916s
  4770  2479   10.84271   21  465   11.01508   10.81759  1.79% 11658  923s
  4771  2480   11.01254   24  473   11.01508   10.81759  1.79% 11655  925s
  4772  2480   10.81759   15  492   11.01508   10.81759  1.79% 11653  931s
  4773  2481   10.81759   19  492   11.01508   10.81759  1.79% 11650  940s
  4774  2482   10.81759   12  492   11.01508   10.81759  1.79% 11648  946s
  4775  2485   10.85860   13 2415   11.01508   10.81759  1.79% 11770 1125s
  4777  2487   10.84304   14 2399   11.01508   10.81759  1.79% 11770 1154s
  4781  2491   10.84619   15 2462   11.01508   10.81851  1.78% 11769 1179s
  4787  2500   10.90564   16 2316   11.01508   10.82248  1.75% 11765 1280s
  4799  2514   10.94908   17 2258   11.01508   10.82248  1.75% 11765 1311s
  4822  2536   10.96168   18 2282   11.01508   10.82248  1.75% 11788 1336s
  4854  2597   10.95205   19 2073   11.01508   10.82248  1.75% 11819 1360s
  4938  2621   10.87408   21 2484   11.01508   10.82248  1.75% 11885 1374s
H 4942  2495                      11.0149781   10.82248  1.75% 11893 1374s
  5011  2527   10.93357   22 3012   11.01498   10.82248  1.75% 11993 1388s
  5099  2530   10.99622   23 2775   11.01498   10.82248  1.75% 12078 1401s
H 5110  2408                      11.0149699   10.82248  1.75% 12085 1401s
  5182  2399   11.00382   23 2706   11.01497   10.82248  1.75% 12102 1417s
  5260  2392     cutoff   24        11.01497   10.82248  1.75% 12152 1436s
  5329  2388   10.95127   25 2992   11.01497   10.82248  1.75% 12203 1450s
  5390  2383   10.95337   25 3031   11.01497   10.82248  1.75% 12269 1462s
  5449  2379   10.97984   26 2474   11.01497   10.82248  1.75% 12325 1476s
  5510  2372     cutoff   27        11.01497   10.82248  1.75% 12403 1493s
  5571  2374     cutoff   27        11.01497   10.82248  1.75% 12455 1507s
  5632  2387   10.93425   27 3348   11.01497   10.82248  1.75% 12506 1517s
  5696  2376     cutoff   28        11.01497   10.82248  1.75% 12550 1529s
  5767  2378 infeasible   29        11.01497   10.82248  1.75% 12579 1544s
  5846  2382   10.85023   22 4089   11.01497   10.82248  1.75% 12610 1553s
  5920  2388   10.92917   23 3643   11.01497   10.82248  1.75% 12631 1563s
  6007  2381   10.98219   25 3061   11.01497   10.82248  1.75% 12617 1579s
  6097  2382     cutoff   30        11.01497   10.82248  1.75% 12620 1593s
H 6126  2260                      11.0144701   10.82248  1.74% 12646 1593s
  6180  2267     cutoff   28        11.01447   10.82248  1.74% 12647 1611s
  6265  2266   10.91738   26 4097   11.01447   10.82248  1.74% 12685 1634s
  6357  2262 infeasible   28        11.01447   10.82248  1.74% 12710 1649s
  6466  2295   10.93929   27 4179   11.01447   10.82248  1.74% 12679 1671s
H 6499  2177                      11.0143879   10.82248  1.74% 12681 1671s
  6607  2281   10.98114   29 3876   11.01439   10.82248  1.74% 12607 1685s
  6786  2377   10.95878   29 3906   11.01439   10.82248  1.74% 12426 1703s
  6988  2456     cutoff   32        11.01439   10.82248  1.74% 12208 1722s
  7202  2558   11.00043  117 1292   11.01439   10.82248  1.74% 11988 1741s
  7441  2649   11.00459  133  821   11.01439   10.82248  1.74% 11750 1757s
  7694  2752   11.00741  149  817   11.01439   10.82248  1.74% 11501 1772s
H 7713  2644                      11.0139763   10.82248  1.74% 11473 1772s
  7953  2709   11.01343  168  817   11.01398   10.82248  1.74% 11221 1792s
[2026-05-22T12:56:32.079] error: *** JOB 13953236 ON x1003c5s2b1n0 CANCELLED AT 2026-05-22T12:56:32 DUE TO TIME LIMIT ***
