2026-05-21 12:03:36 [INFO] idaes.core.surrogate.pysmo_surrogate: Decode surrogate. type=poly

===========================Polynomial Regression===============================================

The number of cross-validation cases (3) is used.
The default training/cross-validation split of 0.75 is used.
No iterations will be run.
Default parameter estimation method is used.
Parameter estimation method:  pyomo 

2026-05-21 12:03:36 [INFO] idaes.core.surrogate.pysmo_surrogate: Decode surrogate. type=poly

===========================Polynomial Regression===============================================

The number of cross-validation cases (3) is used.
The default training/cross-validation split of 0.75 is used.
No iterations will be run.
Default parameter estimation method is used.
Parameter estimation method:  pyomo 

2026-05-21 12:03:36 [INFO] idaes.core.surrogate.pysmo_surrogate: Decode surrogate. type=poly

===========================Polynomial Regression===============================================

The number of cross-validation cases (3) is used.
The default training/cross-validation split of 0.75 is used.
No iterations will be run.
Default parameter estimation method is used.
Parameter estimation method:  pyomo 

2026-05-21 12:03:36 [INFO] idaes.core.surrogate.pysmo_surrogate: Decode surrogate. type=poly

===========================Polynomial Regression===============================================

The number of cross-validation cases (3) is used.
The default training/cross-validation split of 0.75 is used.
No iterations will be run.
Default parameter estimation method is used.
Parameter estimation method:  pyomo 

2026-05-21 12:03:38 [INFO] idaes.apps.grid_integration.pricetaker.price_taker_model: Found minimum uptime/downtime data for pretreatment.uf_pumps[1] - Adding minimum uptime/downtime constraints.
2026-05-21 12:03:38 [INFO] idaes.apps.grid_integration.pricetaker.price_taker_model: Created startup/shutdown constraints for operation model  pretreatment.uf_pumps[1] at uf_pumps_1_startup_shutdown.
2026-05-21 12:03:38 [INFO] idaes.apps.grid_integration.pricetaker.price_taker_model: Found minimum uptime/downtime data for pretreatment.uf_pumps[2] - Adding minimum uptime/downtime constraints.
2026-05-21 12:03:38 [INFO] idaes.apps.grid_integration.pricetaker.price_taker_model: Created startup/shutdown constraints for operation model  pretreatment.uf_pumps[2] at uf_pumps_2_startup_shutdown.
2026-05-21 12:03:38 [INFO] idaes.apps.grid_integration.pricetaker.price_taker_model: Found minimum uptime/downtime data for pretreatment.uf_pumps[3] - Adding minimum uptime/downtime constraints.
2026-05-21 12:03:38 [INFO] idaes.apps.grid_integration.pricetaker.price_taker_model: Created startup/shutdown constraints for operation model  pretreatment.uf_pumps[3] at uf_pumps_3_startup_shutdown.
2026-05-21 12:03:38 [INFO] idaes.apps.grid_integration.pricetaker.price_taker_model: Found minimum uptime/downtime data for reverse_osmosis.ro_skid[1] - Adding minimum uptime/downtime constraints.
2026-05-21 12:03:38 [INFO] idaes.apps.grid_integration.pricetaker.price_taker_model: Created startup/shutdown constraints for operation model  reverse_osmosis.ro_skid[1] at ro_skid_1_startup_shutdown.
2026-05-21 12:03:38 [INFO] idaes.apps.grid_integration.pricetaker.price_taker_model: Found minimum uptime/downtime data for reverse_osmosis.ro_skid[2] - Adding minimum uptime/downtime constraints.
2026-05-21 12:03:38 [INFO] idaes.apps.grid_integration.pricetaker.price_taker_model: Created startup/shutdown constraints for operation model  reverse_osmosis.ro_skid[2] at ro_skid_2_startup_shutdown.
2026-05-21 12:03:38 [INFO] idaes.apps.grid_integration.pricetaker.price_taker_model: Found minimum uptime/downtime data for reverse_osmosis.ro_skid[3] - Adding minimum uptime/downtime constraints.
2026-05-21 12:03:38 [INFO] idaes.apps.grid_integration.pricetaker.price_taker_model: Created startup/shutdown constraints for operation model  reverse_osmosis.ro_skid[3] at ro_skid_3_startup_shutdown.
2026-05-21 12:03:38 [INFO] idaes.apps.grid_integration.pricetaker.price_taker_model: Found minimum uptime/downtime data for reverse_osmosis.ro_skid[4] - Adding minimum uptime/downtime constraints.
2026-05-21 12:03:38 [INFO] idaes.apps.grid_integration.pricetaker.price_taker_model: Created startup/shutdown constraints for operation model  reverse_osmosis.ro_skid[4] at ro_skid_4_startup_shutdown.
3697
Set parameter TokenServer to value "10.60.1.73"
Set parameter LogToConsole to value 1
Gurobi Optimizer version 12.0.3 build v12.0.3rc0 (linux64 - "Red Hat Enterprise Linux 8.8 (Ootpa)")

CPU model: Intel(R) Xeon(R) Platinum 8470QL, instruction set [SSE2|AVX|AVX2|AVX512]
Thread count: 104 physical cores, 104 logical processors, using up to 32 threads

Optimize a model with 17957 rows, 15795 columns and 49349 nonzeros
Model fingerprint: 0x8dbf8f0f
Model has 168 quadratic objective terms
Model has 2352 quadratic constraints
Variable types: 10592 continuous, 5203 integer (5203 binary)
Coefficient statistics:
  Matrix range     [2e-02, 2e+03]
  QMatrix range    [2e-07, 1e+00]
  QLMatrix range   [1e-04, 1e+00]
  Objective range  [6e-06, 1e-04]
  QObjective range [2e-04, 2e-04]
  Bounds range     [1e+00, 1e+03]
  RHS range        [1e+00, 3e+05]
  QRHS range       [2e-01, 3e-01]
Presolve removed 10548 rows and 9402 columns
Presolve time: 0.08s
Presolved: 15977 rows, 6898 columns, 39487 nonzeros
Presolved model has 336 SOS constraint(s)
Presolved model has 2352 bilinear constraint(s)

Solving non-convex MIQCP

Variable types: 4406 continuous, 2492 integer (2492 binary)

Root relaxation: unbounded, 0 iterations, 0.01 seconds (0.00 work units)

    Nodes    |    Current Node    |     Objective Bounds      |     Work
 Expl Unexpl |  Obj  Depth IntInf | Incumbent    BestBd   Gap | It/Node Time

H    0     0                      13.6908833          -      -     -    1s
     0     2  postponed    0        13.69088          -      -     -    2s
     3     8  postponed    2        13.69088          -      -  2384    5s
    27    34  postponed    5        13.69088          -      -  6618   11s
    79    84  postponed    7        13.69088          -      -  5952   15s
   119   148  postponed    8        13.69088          -      -  6603   21s
   185   330  postponed    9        13.69088          -      -  8579   25s
   467   666 infeasible   12        13.69088          -      -  3896   32s
  1013  1219 infeasible   19        13.69088          -      -  1970   43s
H 1718  1219                      13.2424730          -      -  1323   43s
  1897  2039 infeasible   26        13.24247          -      -  1224   59s
H 2984  2039                      13.1943957          -      -   885   59s
  3177  2039  postponed   57        13.19440          -      -   837   60s
  3364  3229 infeasible   39        13.19440          -      -   814   77s
H 4668  3219                      13.1080006          -      -   669   77s
  5337  5110  postponed   58        13.10800          -      -   601   94s
H 5740  5026                      13.0596797          -      -   591   94s
H 6716  4977                      12.9365726          -      -   548   94s
  8094  7479 infeasible   74        12.93657          -      -   501  108s
H 8397  7240                      12.3616583          -      -   501  108s
H 8397  7238                      12.3484991          -      -   501  108s
 11732  8745  postponed   88        12.34850          -      -   407  117s
H11967  8736                      12.3374093          -      -   408  117s
H11967  8525                      12.2314490          -      -   408  117s
H11967  8508                      12.2098719          -      -   408  117s
H12318  8417                      12.1895343          -      -   399  117s
H12318  8251                      12.1557230          -      -   399  117s
H12318  8224                      12.1440464          -      -   399  117s
H12550  8124                      12.0569839          -      -   392  117s
H12556  8112                      12.0520313          -      -   392  117s
 14660  7461    8.85470   70 1216   12.05203    8.85470  26.5%   349  123s
H14661  7088                      12.0410333   11.41551  5.19%   349  125s
H14661  6734                      12.0377268   11.41551  5.17%   349  125s
H14661  6397                      12.0370625   11.41551  5.16%   349  125s
H14662  6078                      12.0200668   11.48228  4.47%   348  126s
H14666  5776                      12.0188245   11.48444  4.45%   348  129s
H14666  5487                      12.0185385   11.48444  4.44%   348  129s
H14667  5213                      12.0154195   11.48444  4.42%   348  129s
 14668  5214   11.60836  328  815   12.01542   11.48444  4.42%   348  130s
H14670  4954                      11.6880261   11.48461  1.74%   348  135s
H14671  4709                      11.6868553   11.48461  1.73%   351  186s
 14686  4730   11.54815   14 2636   11.68686   11.49645  1.63%   352  191s
H14700  4516                      11.6853113   11.49645  1.62%   352  193s
H14701  4292                      11.6851505   11.49645  1.61%   352  193s
H14702  4078                      11.6847689   11.49645  1.61%   352  193s
H14704  3876                      11.6846124   11.49645  1.61%   352  193s
H14705  3683                      11.6845270   11.49645  1.61%   352  193s
 14728  3706   11.54854   16 2823   11.68453   11.49792  1.60%   353  195s
 14834  3777   11.59874   18 2702   11.68453   11.49998  1.58%   356  200s
H14966  3609                      11.6839710   11.50895  1.50%   366  202s
 15065  3683   11.60554   22 2592   11.68397   11.50895  1.50%   371  205s
H15133  3488                      11.6839266   11.51101  1.48%   373  205s
H15281  3368                      11.6818739   11.51101  1.46%   380  208s
 15332  3377   11.61832   26 2543   11.68187   11.51101  1.46%   383  211s
H15413  3230                      11.6810312   11.51101  1.46%   389  212s
H15471  3063                      11.6791873   11.51101  1.44%   392  212s
 15578  3084   11.64227   30 2465   11.67919   11.51188  1.43%   399  215s
 15736  3134     cutoff   32        11.67919   11.51390  1.42%   411  220s
 16027  3220     cutoff   36        11.67919   11.51979  1.36%   432  227s
 16147  3251   11.64859   37 2184   11.67919   11.51994  1.36%   438  230s
H16209  3089                      11.6712187   11.52136  1.28%   441  230s
H16225  2950                      11.6703376   11.52136  1.28%   443  230s
H16378  2860                      11.6678354   11.52136  1.26%   454  233s
H16382  2737                      11.6659337   11.52136  1.24%   454  233s
 16464  2812   11.64239   38 1826   11.66593   11.52155  1.24%   459  236s
H16610  2759                      11.6657972   11.52226  1.23%   468  238s
H16728  2611                      11.6655662   11.52255  1.23%   472  238s
 16767  2736   11.64577   59 1530   11.66557   11.52255  1.23%   476  241s
H16976  2742                      11.6645709   11.52282  1.22%   482  243s
H17023  2628                      11.6645101   11.52282  1.21%   482  243s
 17186  2738   11.64814   88 1387   11.66451   11.52282  1.21%   487  248s
 17423  2855   11.65430  104 1136   11.66451   11.52343  1.21%   492  250s
H17441  2756                      11.6640938   11.52343  1.21%   491  250s
 17947  2920   11.65740  141 1098   11.66409   11.52343  1.21%   500  255s
H17989  2816                      11.6640120   11.52343  1.21%   500  255s
H18865  3124                      11.6638017   11.52393  1.20%   500  259s
 19062  3380   11.66140  210  937   11.66380   11.52393  1.20%   502  261s
H19526  3570                      11.6636713   11.52393  1.20%   503  263s
H19526  3548                      11.6634566   11.52393  1.20%   503  263s
H19568  3529                      11.6632521   11.52393  1.19%   503  263s
H19613  3494                      11.6622404   11.52393  1.19%   503  263s
H19656  3413                      11.6610708   11.52393  1.18%   502  263s
 19964  3351     cutoff  260        11.66107   11.52393  1.18%   502  265s
H19970  3297                      11.6606349   11.52393  1.17%   501  265s
H19971  2401                      11.6516468   11.52393  1.10%   501  265s
H20008  2275                      11.6504442   11.52393  1.09%   503  265s
H20414  2482                      11.6504292   11.52393  1.09%   509  267s
H20416  2479                      11.6504118   11.52393  1.09%   510  267s
H20782  2794                      11.6496601   11.52393  1.08%   511  269s
 20976  3127     cutoff   65        11.64966   11.52393  1.08%   512  271s
 21553  3527   11.64914   51 1245   11.64966   11.52393  1.08%   512  275s
H22163  3352                      11.6485010   11.52393  1.07%   513  279s
H22178  3340                      11.6484519   11.52393  1.07%   514  279s
H22223  3291                      11.6482930   11.52393  1.07%   515  279s
 22313  3527   11.64522   25 1631   11.64829   11.52393  1.07%   518  281s
 22756  3862   11.61715   21 2391   11.64829   11.52815  1.03%   526  285s
H23183  3793                      11.6480649   11.52861  1.03%   531  285s
 23828  4727   11.63293   27 2218   11.64806   11.53048  1.01%   539  291s
 24636  4780   11.63499   29 2096   11.64806   11.53068  1.01%   540  295s
H24638  4780                      11.6480630   11.53068  1.01%   540  295s
H24740  4748                      11.6479485   11.53106  1.00%   541  295s
 25350  5084   11.64233   33 1406   11.64795   11.53228  0.99%   550  300s
H25372  5061                      11.6478634   11.53228  0.99%   551  300s
H25374  5054                      11.6478406   11.53228  0.99%   551  300s
 26297  6088     cutoff   41        11.64784   11.53243  0.99%   550  305s
H27124  6298                      11.6478403   11.53243  0.99%   554  308s
H27205  6297                      11.6478305   11.53243  0.99%   556  308s
H27360  6295                      11.6478278   11.53243  0.99%   555  308s
 27467  6901   11.64416   76 1146   11.64783   11.53243  0.99%   556  312s
 28471  7086   11.64765  135  933   11.64783   11.53243  0.99%   556  316s
H28498  7086                      11.6478269   11.53243  0.99%   556  316s
H28521  7084                      11.6478170   11.53243  0.99%   557  316s
H28526  7084                      11.6478098   11.53243  0.99%   557  316s
H28723  7083                      11.6478077   11.53243  0.99%   557  316s
 28896  7445   11.63616   35 1500   11.64781   11.53243  0.99%   558  320s
H29600  7938                      11.6478038   11.53243  0.99%   567  324s
H29882  7938                      11.6478006   11.53243  0.99%   567  324s
H30401  7918                      11.6477654   11.53425  0.97%   568  324s
 30549  8433   11.63929  141  867   11.64777   11.53425  0.97%   569  327s
 31458  9100   11.64558  189  899   11.64777   11.53502  0.97%   574  331s
 33705 10103     cutoff   28        11.64777   11.53550  0.96%   574  337s
H33708 10100                      11.6477648   11.53550  0.96%   575  337s
H33808 10094                      11.6477600   11.53550  0.96%   574  337s
H33924 10092                      11.6477569   11.53550  0.96%   575  337s
H34009 10086                      11.6477468   11.53550  0.96%   574  337s
 35586 11769   11.64498   54 1816   11.64775   11.53605  0.96%   570  345s
H35688 11769                      11.6477465   11.53605  0.96%   570  345s
H36296 11769                      11.6477465   11.53608  0.96%   566  345s
H36317 11762                      11.6477244   11.53613  0.96%   566  345s
 37955 13586   11.64077   82 1136   11.64772   11.53613  0.96%   558  351s
 41111 16648     cutoff   87        11.64772   11.53725  0.95%   542  357s
 43304 18122   11.64555   32 1361   11.64772   11.53725  0.95%   527  360s
 47165 20086   11.64707   68 1442   11.64772   11.53762  0.95%   505  367s
H47175 20086                      11.6477243   11.53762  0.95%   505  367s
 48070 21662   11.64710   69 1432   11.64772   11.53929  0.93%   501  370s
 52358 25193   11.64615  112 1040   11.64772   11.54183  0.91%   475  377s
 54833 26019   11.57440   92 1680   11.64772   11.54190  0.91%   462  380s
H54870  9275                      11.6240643   11.54190  0.71%   462  380s
H54876  9237                      11.6237983   11.54190  0.70%   462  380s
H55986  8852                      11.6210497   11.54199  0.68%   459  380s
H56108  8096                      11.6210414   11.54199  0.68%   458  383s
H56229  8070                      11.6208194   11.54295  0.67%   461  383s
H56303  8719                      11.6207817   11.54295  0.67%   462  387s
H56320  8717                      11.6207626   11.54295  0.67%   462  387s
H56569  8709                      11.6206924   11.54295  0.67%   461  387s
H56710  8704                      11.6206386   11.54295  0.67%   461  387s
 57288  9946   11.58381  107 1585   11.62064   11.54295  0.67%   464  390s
 59123  9947   11.58540  124    0   11.62064   11.54377  0.66%   462  497s
 59125  9948   11.57653   92 1229   11.62064   11.54377  0.66%   462  500s
H59127  9452                      11.6206376   11.54377  0.66%   462  508s
 59128  9452   11.54989   57 1102   11.62064   11.54377  0.66%   462  512s
 59129  9453   11.60410  149 1119   11.62064   11.54377  0.66%   462  515s
 59130  9454   11.54822   71 1117   11.62064   11.54377  0.66%   462  524s
 59131  9454   11.60217  123 1152   11.62064   11.54377  0.66%   462  529s
H59131  8981                      11.6205708   11.54377  0.66%   462  532s
 59132  8982   11.61608  193 1141   11.62057   11.54377  0.66%   462  537s
H59132  8533                      11.6205665   11.54377  0.66%   462  537s
H59132  8106                      11.6205652   11.54377  0.66%   462  541s
H59133  7701                      11.6205652   11.54377  0.66%   462  545s
H59133  7316                      11.6194046   11.54377  0.65%   462  545s
 59134  7316   11.61508  871 1137   11.61940   11.54377  0.65%   462  550s
 59136  7318   11.58207   41 1139   11.61940   11.54377  0.65%   462  562s
H59136  6952                      11.6194042   11.54377  0.65%   462  562s
H59136  6604                      11.6193467   11.54377  0.65%   462  567s
H59137  6274                      11.6177994   11.54377  0.64%   462  570s
H59138  5961                      11.6175795   11.54377  0.64%   462  574s
H59138  5662                      11.6175750   11.54377  0.64%   462  579s
H59138  5379                      11.6169294   11.54377  0.63%   462  579s
H59139  5111                      11.6168909   11.54377  0.63%   462  583s
 59140  5111   11.58713   41 1127   11.61689   11.54377  0.63%   462  587s
 59141  5112   11.61568  961 1138   11.61689   11.54377  0.63%   462  591s
 59142  5113   11.60306   56 1132   11.61689   11.54377  0.63%   462  596s
 59143  5113   11.55409   70 1131   11.61689   11.54377  0.63%   462  601s
 59144  5114   11.60405  157 1139   11.61689   11.54377  0.63%   462  605s
 59145  5115   11.60830  170 1142   11.61689   11.54377  0.63%   462  612s
H59145  4859                      11.6168633   11.54377  0.63%   462  615s
H59146  4615                      11.6168632   11.54377  0.63%   462  619s
H59146  4384                      11.6168632   11.54377  0.63%   462  624s
H59147  4165                      11.6168469   11.54377  0.63%   462  628s
 59148  4166   11.60683  119 1141   11.61685   11.54377  0.63%   462  633s
 59149  4166   11.59850  146 1144   11.61685   11.54377  0.63%   462  637s
 59150  4167   11.58446  137 1141   11.61685   11.54377  0.63%   462  641s
 59151  4168   11.60295  164 1143   11.61685   11.54377  0.63%   462  646s
H59151  3960                      11.6168360   11.54377  0.63%   462  651s
 59152  3960   11.61397  611 1135   11.61684   11.54377  0.63%   462  655s
 59154  3962   11.58784  129 1125   11.61684   11.54377  0.63%   462  664s
H59154  3763                      11.6168277   11.54377  0.63%   462  669s
H59155  3574                      11.6168277   11.54377  0.63%   462  674s
 59157  3576   11.60394  194 1126   11.61683   11.54377  0.63%   462  680s
 59159  3577   11.57512   37 1143   11.61683   11.54377  0.63%   462  689s
H59159  3398                      11.6168277   11.54377  0.63%   462  692s
H59160  3228                      11.6167599   11.54377  0.63%   462  699s
 59162  3229   11.61676  269 1145   11.61676   11.54377  0.63%   462  702s
 59163  3230   11.61676   36 1143   11.61676   11.54377  0.63%   462  707s
H59163  3068                      11.6167599   11.54377  0.63%   462  712s
 59164  3068   11.61676  612 1137   11.61676   11.54377  0.63%   462  716s
 59165  3069   11.61676  785 1144   11.61676   11.54377  0.63%   462  722s
H59165  2915                      11.6167598   11.54377  0.63%   462  727s
 59166  2916   11.58685   36 1136   11.61676   11.54377  0.63%   462  731s
[2026-05-21T12:15:51.327] error: *** JOB 13937701 ON x1006c0s2b1n0 CANCELLED AT 2026-05-21T12:15:51 DUE to SIGNAL Terminated ***
