2026-05-22 11:47:31 [INFO] idaes.core.surrogate.pysmo_surrogate: Decode surrogate. type=poly

===========================Polynomial Regression===============================================

The number of cross-validation cases (3) is used.
The default training/cross-validation split of 0.75 is used.
No iterations will be run.
Default parameter estimation method is used.
Parameter estimation method:  pyomo 

2026-05-22 11:47:31 [INFO] idaes.core.surrogate.pysmo_surrogate: Decode surrogate. type=poly

===========================Polynomial Regression===============================================

The number of cross-validation cases (3) is used.
The default training/cross-validation split of 0.75 is used.
No iterations will be run.
Default parameter estimation method is used.
Parameter estimation method:  pyomo 

2026-05-22 11:47:31 [INFO] idaes.core.surrogate.pysmo_surrogate: Decode surrogate. type=poly

===========================Polynomial Regression===============================================

The number of cross-validation cases (3) is used.
The default training/cross-validation split of 0.75 is used.
No iterations will be run.
Default parameter estimation method is used.
Parameter estimation method:  pyomo 

2026-05-22 11:47:31 [INFO] idaes.core.surrogate.pysmo_surrogate: Decode surrogate. type=poly

===========================Polynomial Regression===============================================

The number of cross-validation cases (3) is used.
The default training/cross-validation split of 0.75 is used.
No iterations will be run.
Default parameter estimation method is used.
Parameter estimation method:  pyomo 

2026-05-22 11:47:32 [INFO] idaes.apps.grid_integration.pricetaker.price_taker_model: Found minimum uptime/downtime data for pretreatment.uf_pumps[1] - Adding minimum uptime/downtime constraints.
2026-05-22 11:47:32 [INFO] idaes.apps.grid_integration.pricetaker.price_taker_model: Created startup/shutdown constraints for operation model  pretreatment.uf_pumps[1] at uf_pumps_1_startup_shutdown.
2026-05-22 11:47:32 [INFO] idaes.apps.grid_integration.pricetaker.price_taker_model: Found minimum uptime/downtime data for pretreatment.uf_pumps[2] - Adding minimum uptime/downtime constraints.
2026-05-22 11:47:32 [INFO] idaes.apps.grid_integration.pricetaker.price_taker_model: Created startup/shutdown constraints for operation model  pretreatment.uf_pumps[2] at uf_pumps_2_startup_shutdown.
2026-05-22 11:47:32 [INFO] idaes.apps.grid_integration.pricetaker.price_taker_model: Found minimum uptime/downtime data for pretreatment.uf_pumps[3] - Adding minimum uptime/downtime constraints.
2026-05-22 11:47:32 [INFO] idaes.apps.grid_integration.pricetaker.price_taker_model: Created startup/shutdown constraints for operation model  pretreatment.uf_pumps[3] at uf_pumps_3_startup_shutdown.
2026-05-22 11:47:32 [INFO] idaes.apps.grid_integration.pricetaker.price_taker_model: Found minimum uptime/downtime data for reverse_osmosis.ro_skid[1] - Adding minimum uptime/downtime constraints.
2026-05-22 11:47:32 [INFO] idaes.apps.grid_integration.pricetaker.price_taker_model: Created startup/shutdown constraints for operation model  reverse_osmosis.ro_skid[1] at ro_skid_1_startup_shutdown.
2026-05-22 11:47:32 [INFO] idaes.apps.grid_integration.pricetaker.price_taker_model: Found minimum uptime/downtime data for reverse_osmosis.ro_skid[2] - Adding minimum uptime/downtime constraints.
2026-05-22 11:47:32 [INFO] idaes.apps.grid_integration.pricetaker.price_taker_model: Created startup/shutdown constraints for operation model  reverse_osmosis.ro_skid[2] at ro_skid_2_startup_shutdown.
2026-05-22 11:47:32 [INFO] idaes.apps.grid_integration.pricetaker.price_taker_model: Found minimum uptime/downtime data for reverse_osmosis.ro_skid[3] - Adding minimum uptime/downtime constraints.
2026-05-22 11:47:32 [INFO] idaes.apps.grid_integration.pricetaker.price_taker_model: Created startup/shutdown constraints for operation model  reverse_osmosis.ro_skid[3] at ro_skid_3_startup_shutdown.
2026-05-22 11:47:32 [INFO] idaes.apps.grid_integration.pricetaker.price_taker_model: Found minimum uptime/downtime data for reverse_osmosis.ro_skid[4] - Adding minimum uptime/downtime constraints.
2026-05-22 11:47:32 [INFO] idaes.apps.grid_integration.pricetaker.price_taker_model: Created startup/shutdown constraints for operation model  reverse_osmosis.ro_skid[4] at ro_skid_4_startup_shutdown.
4873
Set parameter TokenServer to value "10.60.1.73"
Set parameter LogToConsole to value 1
Set parameter MIPGap to value 0.006
Gurobi Optimizer version 12.0.3 build v12.0.3rc0 (linux64 - "Red Hat Enterprise Linux 8.8 (Ootpa)")

CPU model: Intel(R) Xeon(R) Platinum 8470QL, instruction set [SSE2|AVX|AVX2|AVX512]
Thread count: 104 physical cores, 104 logical processors, using up to 32 threads

Non-default parameters:
MIPGap  0.006

Optimize a model with 18088 rows, 17643 columns and 54443 nonzeros
Model fingerprint: 0xbc5e5acd
Model has 168 quadratic objective terms
Model has 3528 quadratic constraints
Model has 672 general nonlinear constraints (672 nonlinear terms)
Variable types: 12440 continuous, 5203 integer (5203 binary)
Coefficient statistics:
  Matrix range     [2e-02, 2e+03]
  QMatrix range    [2e-07, 1e+00]
  QLMatrix range   [1e-04, 2e+00]
  Objective range  [1e-05, 1e-04]
  QObjective range [2e-04, 2e-04]
  Bounds range     [9e-01, 1e+03]
  RHS range        [1e+00, 3e+05]
  QRHS range       [3e-01, 1e+00]
Presolve model has 672 nlconstr
Added 2688 variables to disaggregate expressions.
Presolve removed 5172 rows and 6878 columns
Presolve time: 0.17s
Presolved: 39628 rows, 15974 columns, 101350 nonzeros
Presolved model has 336 SOS constraint(s)
Presolved model has 4872 bilinear constraint(s)
Presolved model has 672 nonlinear constraint(s)

Solving non-convex MINLP

Variable types: 12124 continuous, 3850 integer (3850 binary)

Root relaxation: objective 8.617962e+00, 45457 iterations, 4.50 seconds (7.61 work units)
Total elapsed time = 5.30s (DegenMoves)

    Nodes    |    Current Node    |     Objective Bounds      |     Work
 Expl Unexpl |  Obj  Depth IntInf | Incumbent    BestBd   Gap | It/Node Time

     0     0    8.61796    0 6726          -    8.61796      -     -    6s
H    0     0                      12.0622656    8.61796  28.6%     -    6s
     0     0    9.49319    0 7142   12.06227    9.49319  21.3%     -   19s
     0     0    9.49319    0 7131   12.06227    9.49319  21.3%     -   19s
     0     0    9.50618    0 7043   12.06227    9.50618  21.2%     -   33s
     0     0    9.50618    0 7043   12.06227    9.50618  21.2%     -   33s
     0     0    9.75426    0 6444   12.06227    9.75426  19.1%     -   45s
H    0     0                      12.0622655    9.75426  19.1%     -   46s
     0     0   10.05452    0 6011   12.06227   10.05452  16.6%     -   57s
     0     0   10.05452    0 6006   12.06227   10.05452  16.6%     -   57s
     0     0   10.24030    0 5645   12.06227   10.24030  15.1%     -   65s
     0     0   10.24030    0 6304   12.06227   10.24030  15.1%     -   72s
     0     0   10.24030    0 6279   12.06227   10.24030  15.1%     -   80s
     0     0   10.29168    0 5919   12.06227   10.29168  14.7%     -   87s
     0     0   10.29575    0 5610   12.06227   10.29575  14.6%     -   95s
     0     0   10.30308    0 6052   12.06227   10.30308  14.6%     -  102s
     0     0   10.30308    0 6397   12.06227   10.30308  14.6%     -  111s
     0     0   10.30308    0 5809   12.06227   10.30308  14.6%     -  120s
     0     0   10.31329    0 6348   12.06227   10.31329  14.5%     -  129s
     0     0   10.31339    0 5392   12.06227   10.31339  14.5%     -  136s
     0     0   10.35912    0 5468   12.06227   10.35912  14.1%     -  142s
     0     0   10.35912    0 5430   12.06227   10.35912  14.1%     -  149s
     0     0   10.37065    0 5228   12.06227   10.37065  14.0%     -  155s
     0     0   10.37065    0 5565   12.06227   10.37065  14.0%     -  162s
     0     0   10.37086    0 5267   12.06227   10.37086  14.0%     -  168s
     0     0   10.37086    0 6322   12.06227   10.37086  14.0%     -  178s
     0     0   10.37086    0 5362   12.06227   10.37086  14.0%     -  184s
     0     0   10.37086    0 5323   12.06227   10.37086  14.0%     -  191s
     0     2   10.37086    0 5294   12.06227   10.37086  14.0%     -  194s
     1     4   10.37086    1 5231   12.06227   10.37086  14.0%  1489  198s
     3     8   10.37086    2 5589   12.06227   10.37086  14.0%  8347  202s
     7    16   10.41120    3 4931   12.06227   10.37086  14.0% 16304  209s
    15    25   10.41174    4 4924   12.06227   10.41174  13.7% 20137  219s
    24    42   10.41174    5 5421   12.06227   10.41174  13.7% 21775  239s
H   25    42                      11.8942909   10.41174  12.5% 20904  239s
H   30    42                      11.8366071   10.41174  12.0% 20204  239s
    43    67   10.47710    6 4492   11.83661   10.41174  12.0% 17386  257s
H   53    67                      11.8366070   10.41174  12.0% 19314  257s
H   63    67                      11.8365887   10.41174  12.0% 20792  257s
    68   132   11.14178    7 2670   11.83659   10.41174  12.0% 21801  276s
   135   220   10.90597   12 5343   11.83659   10.41174  12.0% 20694  292s
H  136   220                      11.7149675   10.41174  11.1% 20542  292s
H  146   220                      11.6832539   10.41174  10.9% 19849  292s
H  172   220                      11.6398136   10.41174  10.6% 19038  292s
   227   307   10.97838   13 4714   11.63981   10.41174  10.6% 17435  304s
   322   383   10.99696   15 3794   11.63981   10.41174  10.6% 15812  318s
H  330   383                      11.5497264   10.41174  9.85% 15645  318s
   400   444   10.99109   18 4565   11.54973   10.41174  9.85% 14999  329s
   485   499   11.00256   20 2763   11.54973   10.41174  9.85% 14210  339s
   552   564   11.09446   23 2252   11.54973   10.41174  9.85% 13939  350s
   631   642   11.31376   25 2168   11.54973   10.41174  9.85% 13509  361s
   719   718     cutoff   29        11.54973   10.41174  9.85% 12802  370s
   805   793 infeasible   30        11.54973   10.41174  9.85% 12318  379s
H  842   793                      11.5469111   10.41174  9.83% 12024  379s
   902   865   11.32336   16 1659   11.54691   10.41174  9.83% 11687  389s
   991   951   11.38952   19 1246   11.54691   10.41174  9.83% 11314  400s
  1110  1026   11.40072   25 1227   11.54691   10.41174  9.83% 10768  410s
  1211  1120   11.40087   31 1165   11.54691   10.41174  9.83% 10391  422s
  1331  1253   11.52149   39 1033   11.54691   10.41174  9.83%  9977  433s
  1492  1382   11.54408   42  976   11.54691   10.41174  9.83%  9487  444s
  1643  1507   11.33628   32 2916   11.54691   10.41174  9.83%  9057  455s
  1810  1651   11.45504   39 1081   11.54691   10.41174  9.83%  8665  466s
H 1823  1651                      11.5012637   10.41174  9.47%  8648  466s
  1995  1750     cutoff   47        11.50126   10.41174  9.47%  8295  478s
  2176  1914   10.58305    9 3857   11.50126   10.41174  9.47%  8030  490s
  2391  1935   10.50619   10 4249   11.50126   10.41174  9.47%  7639  502s
H 2504  1935                      11.5012633   10.41174  9.47%  7428  502s
H 2542  1927                      11.4894891   10.41174  9.38%  7376  502s
  2646  1951   10.49198   11 4908   11.48949   10.41174  9.38%  7189  513s
  2824  2081   10.55372   13 3950   11.48949   10.41174  9.38%  7035  526s
H 2892  1867                      11.4542657   10.41174  9.10%  6962  526s
  3002  1808   10.51624   15 4313   11.45427   10.41174  9.10%  6973  539s
  3180  1959   10.63780   18 3155   11.45427   10.41174  9.10%  6874  551s
  3371  2225   10.73886   22 3656   11.45427   10.41174  9.10%  6805  565s
H 3512  2017                      11.3915959   10.41174  8.60%  6744  565s
  3672  1828   11.35403   38 1764   11.39160   10.41174  8.60%  6565  845s
H 3673  1737                      11.3915956   10.41174  8.60%  6564  873s
  3675  1738   11.14743   13 2198   11.39160   10.41174  8.60%  6560  897s
H 3675  1651                      11.3915950   10.41174  8.60%  6560  909s
H 3675  1568                      11.3915948   10.41174  8.60%  6560  909s
  3677  1569   11.23994   40 2059   11.39159   10.41174  8.60%  6557  925s
  3678  1570   11.23945   51 1845   11.39159   10.47116  8.08%  6555  938s
  3679  1571   11.28418   21 1889   11.39159   10.47116  8.08%  6553  951s
[2026-05-22T12:03:32.151] error: *** JOB 13952875 ON x1007c4s7b1n0 CANCELLED AT 2026-05-22T12:03:32 DUE to SIGNAL Terminated ***
