2026-05-18 18:03:27 [INFO] idaes.core.surrogate.pysmo_surrogate: Decode surrogate. type=poly

===========================Polynomial Regression===============================================

The number of cross-validation cases (3) is used.
The default training/cross-validation split of 0.75 is used.
No iterations will be run.
Default parameter estimation method is used.
Parameter estimation method:  pyomo 

2026-05-18 18:03:27 [INFO] idaes.core.surrogate.pysmo_surrogate: Decode surrogate. type=poly

===========================Polynomial Regression===============================================

The number of cross-validation cases (3) is used.
The default training/cross-validation split of 0.75 is used.
No iterations will be run.
Default parameter estimation method is used.
Parameter estimation method:  pyomo 

2026-05-18 18:03:27 [INFO] idaes.core.surrogate.pysmo_surrogate: Decode surrogate. type=poly

===========================Polynomial Regression===============================================

The number of cross-validation cases (3) is used.
The default training/cross-validation split of 0.75 is used.
No iterations will be run.
Default parameter estimation method is used.
Parameter estimation method:  pyomo 

2026-05-18 18:03:27 [INFO] idaes.core.surrogate.pysmo_surrogate: Decode surrogate. type=poly

===========================Polynomial Regression===============================================

The number of cross-validation cases (3) is used.
The default training/cross-validation split of 0.75 is used.
No iterations will be run.
Default parameter estimation method is used.
Parameter estimation method:  pyomo 

2026-05-18 18:03:29 [INFO] idaes.apps.grid_integration.pricetaker.price_taker_model: Found minimum uptime/downtime data for pretreatment.uf_pumps[1] - Adding minimum uptime/downtime constraints.
2026-05-18 18:03:29 [INFO] idaes.apps.grid_integration.pricetaker.price_taker_model: Created startup/shutdown constraints for operation model  pretreatment.uf_pumps[1] at uf_pumps_1_startup_shutdown.
2026-05-18 18:03:29 [INFO] idaes.apps.grid_integration.pricetaker.price_taker_model: Found minimum uptime/downtime data for pretreatment.uf_pumps[2] - Adding minimum uptime/downtime constraints.
2026-05-18 18:03:29 [INFO] idaes.apps.grid_integration.pricetaker.price_taker_model: Created startup/shutdown constraints for operation model  pretreatment.uf_pumps[2] at uf_pumps_2_startup_shutdown.
2026-05-18 18:03:29 [INFO] idaes.apps.grid_integration.pricetaker.price_taker_model: Found minimum uptime/downtime data for pretreatment.uf_pumps[3] - Adding minimum uptime/downtime constraints.
2026-05-18 18:03:29 [INFO] idaes.apps.grid_integration.pricetaker.price_taker_model: Created startup/shutdown constraints for operation model  pretreatment.uf_pumps[3] at uf_pumps_3_startup_shutdown.
2026-05-18 18:03:29 [INFO] idaes.apps.grid_integration.pricetaker.price_taker_model: Found minimum uptime/downtime data for reverse_osmosis.ro_skid[1] - Adding minimum uptime/downtime constraints.
2026-05-18 18:03:29 [INFO] idaes.apps.grid_integration.pricetaker.price_taker_model: Created startup/shutdown constraints for operation model  reverse_osmosis.ro_skid[1] at ro_skid_1_startup_shutdown.
2026-05-18 18:03:29 [INFO] idaes.apps.grid_integration.pricetaker.price_taker_model: Found minimum uptime/downtime data for reverse_osmosis.ro_skid[2] - Adding minimum uptime/downtime constraints.
2026-05-18 18:03:29 [INFO] idaes.apps.grid_integration.pricetaker.price_taker_model: Created startup/shutdown constraints for operation model  reverse_osmosis.ro_skid[2] at ro_skid_2_startup_shutdown.
2026-05-18 18:03:29 [INFO] idaes.apps.grid_integration.pricetaker.price_taker_model: Found minimum uptime/downtime data for reverse_osmosis.ro_skid[3] - Adding minimum uptime/downtime constraints.
2026-05-18 18:03:29 [INFO] idaes.apps.grid_integration.pricetaker.price_taker_model: Created startup/shutdown constraints for operation model  reverse_osmosis.ro_skid[3] at ro_skid_3_startup_shutdown.
2026-05-18 18:03:29 [INFO] idaes.apps.grid_integration.pricetaker.price_taker_model: Found minimum uptime/downtime data for reverse_osmosis.ro_skid[4] - Adding minimum uptime/downtime constraints.
2026-05-18 18:03:29 [INFO] idaes.apps.grid_integration.pricetaker.price_taker_model: Created startup/shutdown constraints for operation model  reverse_osmosis.ro_skid[4] at ro_skid_4_startup_shutdown.
3361
Set parameter TokenServer to value "10.60.1.73"
Set parameter LogToConsole to value 1
Set parameter MIPGap to value 0.003
Gurobi Optimizer version 12.0.3 build v12.0.3rc0 (linux64 - "Red Hat Enterprise Linux 8.8 (Ootpa)")

CPU model: Intel(R) Xeon(R) Platinum 8470QL, instruction set [SSE2|AVX|AVX2|AVX512]
Thread count: 104 physical cores, 104 logical processors, using up to 32 threads

Non-default parameters:
MIPGap  0.003

Optimize a model with 18125 rows, 15635 columns and 46671 nonzeros
Model fingerprint: 0xb62badbd
Model has 2352 quadratic constraints
Model has 1 general nonlinear constraint (168 nonlinear terms)
Variable types: 11097 continuous, 4538 integer (4538 binary)
Coefficient statistics:
  Matrix range     [2e-02, 2e+03]
  QMatrix range    [2e-07, 1e+00]
  QLMatrix range   [1e-04, 1e+00]
  Objective range  [1e+00, 1e+00]
  Bounds range     [1e+00, 1e+03]
  RHS range        [1e+00, 3e+05]
  QRHS range       [2e-01, 3e-01]
Presolve model has 1 nlconstr
Added 4 variables to disaggregate expressions.
Presolve removed 9732 rows and 8420 columns
Presolve time: 0.22s
Presolved: 16646 rows, 7220 columns, 44010 nonzeros
Presolved model has 2354 bilinear constraint(s)
Presolved model has 2 nonlinear constraint(s)

Solving non-convex MINLP

Variable types: 4713 continuous, 2507 integer (2507 binary)
Found heuristic solution: objective 11.2038340

Root simplex log...

Iteration    Objective       Primal Inf.    Dual Inf.      Time
   25604    1.0120139e+01   0.000000e+00   6.652357e+00      5s
   26418    1.0117842e+01   0.000000e+00   0.000000e+00      5s

Root relaxation: objective 1.011784e+01, 26418 iterations, 4.83 seconds (6.97 work units)
Total elapsed time = 5.18s (DegenMoves)

    Nodes    |    Current Node    |     Objective Bounds      |     Work
 Expl Unexpl |  Obj  Depth IntInf | Incumbent    BestBd   Gap | It/Node Time

     0     0   10.11784    0 2863   11.20383   10.11784  9.69%     -    5s
     0     0   10.33041    0 2079   11.20383   10.33041  7.80%     -    6s
     0     0   10.34156    0 2076   11.20383   10.34156  7.70%     -    6s
     0     0   10.90970    0 2067   11.20383   10.90970  2.63%     -    9s
     0     0   10.91484    0 2033   11.20383   10.91484  2.58%     -   10s
     0     0   10.95655    0 2242   11.20383   10.95655  2.21%     -   10s
     0     0   10.95748    0 2246   11.20383   10.95748  2.20%     -   10s
     0     0   10.95813    0 2256   11.20383   10.95813  2.19%     -   10s
     0     0   10.98874    0 2578   11.20383   10.98874  1.92%     -   12s
     0     0   10.99685    0 2447   11.20383   10.99685  1.85%     -   14s
     0     0   10.99818    0 2679   11.20383   10.99818  1.84%     -   14s
     0     0   11.00095    0 2708   11.20383   11.00095  1.81%     -   15s
     0     0   11.00274    0 2665   11.20383   11.00274  1.79%     -   15s
     0     0   11.00456    0 2650   11.20383   11.00456  1.78%     -   16s
     0     0   11.00534    0 2635   11.20383   11.00534  1.77%     -   16s
     0     0   11.00667    0 2708   11.20383   11.00667  1.76%     -   16s
     0     0   11.00683    0 2675   11.20383   11.00683  1.76%     -   16s
     0     0   11.01233    0 2693   11.20383   11.01233  1.71%     -   17s
     0     0   11.01287    0 2689   11.20383   11.01287  1.70%     -   17s
     0     0   11.01378    0 2665   11.20383   11.01378  1.70%     -   17s
     0     0   11.09748    0 2241   11.20383   11.09748  0.95%     -   20s
     0     2   11.09748    0 2241   11.20383   11.09748  0.95%     -   21s
    89   141   11.15285    7 2370   11.20383   11.09826  0.94%   996   30s
H  130   141                      11.1691151   11.09826  0.63%   795   30s
H  133   141                      11.1585804   11.09826  0.54%   782   30s
H  168   278                      11.1485804   11.09826  0.45%   670   31s
   855   840   11.14744   22 2221   11.14858   11.09826  0.45%   326   36s
H 1158  1077                      11.1450817   11.09826  0.42%   292   38s
  1502  1400   11.12657   63 2295   11.14508   11.09873  0.42%   263   40s
H 2457  2338                      11.1441421   11.09889  0.41%   209   45s
H 2459  2338                      11.1441262   11.09889  0.41%   209   45s
H 2539  2338                      11.1441253   11.09889  0.41%   204   45s
H 2635  2337                      11.1441203   11.09889  0.41%   203   45s
H 2693  2336                      11.1441118   11.09889  0.41%   199   45s
  3126  2698   11.13730   14 1081   11.14411   11.09889  0.41%   180   54s
  3128  2699   11.14301   64  460   11.14411   11.09889  0.41%   180   59s
  3129  2700   11.10460   32  698   11.14411   11.09889  0.41%   180   61s

Cutting planes:
  Learned: 7
  Gomory: 2
  Cover: 4
  Implied bound: 301
  MIR: 26
  Flow cover: 638
  RLT: 290
  Relax-and-lift: 349

Explored 3129 nodes (681839 simplex iterations) in 62.55 seconds (107.28 work units)
Thread count was 32 (of 104 available processors)

Solution count 10: 11.1441 11.1441 11.1441 ... 11.2038

Optimal solution found (tolerance 3.00e-03)
Best objective 1.114411180531e+01, best bound 1.111771552803e+01, gap 0.2369%
m.flow_changes_penalty(): 0.0
Total operational cost: 111441.12
Maximum power (kW): 1080.26
Discharge energy capacity (kWh): 2069.57
Charge energy capacity (kWh): 0.56
Levelized Cost of Flexibility ($/kWh): 0.00
{'fixed_demand_cost': 4757.4239851397315, 'variable_demand_cost': 2555.0247057094307, 'fixed_monthly_cost': 171938.17204301074, 'total_water_production': 282179.6712328764, 'total_energy_cost': 17691.845773165427, 'total_demand_cost': 7312.448690849162, 'total_customer_cost': 0.0, 'total_feed_cost': 50843.18400592369, 'total_brine_cost': 15303.798385783002, 'total_chemical_cost': 19297.53048944822, 'raw_degree_of_flex': 0.0, 'degree_of_flex': 0.0, 'total_replacement_cost': 992.3107078853046, 'total_water_revenue': 0.0, 'total_demand_response_revenue': 0.0, 'total_emissions_cost': 0.0, 'total_op_cost': 111441.1180530548, 'fixed_cost': 121551.98252688172, 'total_cost': 232993.10057993652, 'LCOW': 0.8256905947971449, 'maximum_power': 1080.2625467547964, 'energy_capacity': 2069.5658519485964, 'power_capacity': 12.54282334514301, 'round_trip_efficiency': 0, 'LVOF': 0.000491042055878912}
Saved operation variable results to: /home/rchurchi/watertap_test/watertap/tutorials/flex_ro/wrd_result_winter_no_flex_2_flexible_trains.csv
Saved summary results to: /home/rchurchi/watertap_test/watertap/tutorials/flex_ro/wrd_pricetaker_summary_results.csv
