2026-05-18 12:11:24 [INFO] idaes.core.surrogate.pysmo_surrogate: Decode surrogate. type=poly

===========================Polynomial Regression===============================================

The number of cross-validation cases (3) is used.
The default training/cross-validation split of 0.75 is used.
No iterations will be run.
Default parameter estimation method is used.
Parameter estimation method:  pyomo 

2026-05-18 12:11:24 [INFO] idaes.core.surrogate.pysmo_surrogate: Decode surrogate. type=poly

===========================Polynomial Regression===============================================

The number of cross-validation cases (3) is used.
The default training/cross-validation split of 0.75 is used.
No iterations will be run.
Default parameter estimation method is used.
Parameter estimation method:  pyomo 

2026-05-18 12:11:24 [INFO] idaes.core.surrogate.pysmo_surrogate: Decode surrogate. type=poly

===========================Polynomial Regression===============================================

The number of cross-validation cases (3) is used.
The default training/cross-validation split of 0.75 is used.
No iterations will be run.
Default parameter estimation method is used.
Parameter estimation method:  pyomo 

2026-05-18 12:11:24 [INFO] idaes.core.surrogate.pysmo_surrogate: Decode surrogate. type=poly

===========================Polynomial Regression===============================================

The number of cross-validation cases (3) is used.
The default training/cross-validation split of 0.75 is used.
No iterations will be run.
Default parameter estimation method is used.
Parameter estimation method:  pyomo 

2026-05-18 12:11:25 [INFO] idaes.apps.grid_integration.pricetaker.price_taker_model: Found minimum uptime/downtime data for pretreatment.uf_pumps[1] - Adding minimum uptime/downtime constraints.
2026-05-18 12:11:25 [INFO] idaes.apps.grid_integration.pricetaker.price_taker_model: Created startup/shutdown constraints for operation model  pretreatment.uf_pumps[1] at uf_pumps_1_startup_shutdown.
2026-05-18 12:11:25 [INFO] idaes.apps.grid_integration.pricetaker.price_taker_model: Found minimum uptime/downtime data for pretreatment.uf_pumps[2] - Adding minimum uptime/downtime constraints.
2026-05-18 12:11:25 [INFO] idaes.apps.grid_integration.pricetaker.price_taker_model: Created startup/shutdown constraints for operation model  pretreatment.uf_pumps[2] at uf_pumps_2_startup_shutdown.
2026-05-18 12:11:25 [INFO] idaes.apps.grid_integration.pricetaker.price_taker_model: Found minimum uptime/downtime data for pretreatment.uf_pumps[3] - Adding minimum uptime/downtime constraints.
2026-05-18 12:11:25 [INFO] idaes.apps.grid_integration.pricetaker.price_taker_model: Created startup/shutdown constraints for operation model  pretreatment.uf_pumps[3] at uf_pumps_3_startup_shutdown.
2026-05-18 12:11:25 [INFO] idaes.apps.grid_integration.pricetaker.price_taker_model: Found minimum uptime/downtime data for reverse_osmosis.ro_skid[1] - Adding minimum uptime/downtime constraints.
2026-05-18 12:11:25 [INFO] idaes.apps.grid_integration.pricetaker.price_taker_model: Created startup/shutdown constraints for operation model  reverse_osmosis.ro_skid[1] at ro_skid_1_startup_shutdown.
2026-05-18 12:11:25 [INFO] idaes.apps.grid_integration.pricetaker.price_taker_model: Found minimum uptime/downtime data for reverse_osmosis.ro_skid[2] - Adding minimum uptime/downtime constraints.
2026-05-18 12:11:25 [INFO] idaes.apps.grid_integration.pricetaker.price_taker_model: Created startup/shutdown constraints for operation model  reverse_osmosis.ro_skid[2] at ro_skid_2_startup_shutdown.
2026-05-18 12:11:25 [INFO] idaes.apps.grid_integration.pricetaker.price_taker_model: Found minimum uptime/downtime data for reverse_osmosis.ro_skid[3] - Adding minimum uptime/downtime constraints.
2026-05-18 12:11:25 [INFO] idaes.apps.grid_integration.pricetaker.price_taker_model: Created startup/shutdown constraints for operation model  reverse_osmosis.ro_skid[3] at ro_skid_3_startup_shutdown.
2026-05-18 12:11:25 [INFO] idaes.apps.grid_integration.pricetaker.price_taker_model: Found minimum uptime/downtime data for reverse_osmosis.ro_skid[4] - Adding minimum uptime/downtime constraints.
2026-05-18 12:11:25 [INFO] idaes.apps.grid_integration.pricetaker.price_taker_model: Created startup/shutdown constraints for operation model  reverse_osmosis.ro_skid[4] at ro_skid_4_startup_shutdown.
2689
Set parameter TokenServer to value "10.60.1.73"
Set parameter LogToConsole to value 1
Gurobi Optimizer version 12.0.3 build v12.0.3rc0 (linux64 - "Red Hat Enterprise Linux 8.8 (Ootpa)")

CPU model: Intel(R) Xeon(R) Platinum 8470QL, instruction set [SSE2|AVX|AVX2|AVX512]
Thread count: 104 physical cores, 104 logical processors, using up to 32 threads

Optimize a model with 18118 rows, 14955 columns and 44649 nonzeros
Model fingerprint: 0xa0ea4084
Model has 168 quadratic objective terms
Model has 2352 quadratic constraints
Variable types: 11091 continuous, 3864 integer (3864 binary)
Coefficient statistics:
  Matrix range     [3e-02, 2e+03]
  QMatrix range    [2e-07, 1e+00]
  QLMatrix range   [1e-04, 1e+00]
  Objective range  [7e-06, 5e-03]
  QObjective range [2e-04, 2e-04]
  Bounds range     [1e+00, 1e+03]
  RHS range        [1e+00, 3e+05]
  QRHS range       [2e-01, 3e-01]
Presolve removed 13204 rows and 9724 columns
Presolve time: 0.11s
Presolved: 13146 rows, 5232 columns, 34920 nonzeros
Presolved model has 2352 bilinear constraint(s)

Solving non-convex MIQCP

Variable types: 3734 continuous, 1498 integer (1498 binary)
Found heuristic solution: objective 11.1046030

Root relaxation: objective 1.058288e+01, 10529 iterations, 0.89 seconds (1.65 work units)

    Nodes    |    Current Node    |     Objective Bounds      |     Work
 Expl Unexpl |  Obj  Depth IntInf | Incumbent    BestBd   Gap | It/Node Time

     0     0   10.58288    0 1757   11.10460   10.58288  4.70%     -    1s
     0     0   10.94618    0 1441   11.10460   10.94618  1.43%     -    1s
H    0     0                      11.0886531   10.94618  1.28%     -    1s
     0     0   10.95774    0 1596   11.08865   10.95774  1.18%     -    1s
     0     0   10.96058    0 1860   11.08865   10.96058  1.15%     -    1s
H    0     0                      11.0830765   10.96063  1.10%     -    2s
     0     0   10.96063    0 1860   11.08308   10.96063  1.10%     -    2s
     0     0   10.99793    0 1881   11.08308   10.99793  0.77%     -    2s
H    0     0                      11.0540709   10.99793  0.51%     -    3s
     0     0   10.99793    0 1521   11.05407   10.99793  0.51%     -    4s
     0     0   11.01518    0 1856   11.05407   11.01518  0.35%     -    4s
     0     0   11.01679    0 1848   11.05407   11.01679  0.34%     -    4s
     0     0   11.02254    0 1855   11.05407   11.02254  0.29%     -    4s
     0     0   11.02255    0 1855   11.05407   11.02255  0.29%     -    4s
     0     0   11.02380    0 1853   11.05407   11.02380  0.27%     -    4s
     0     0   11.02380    0 1853   11.05407   11.02380  0.27%     -    4s
     0     0   11.02393    0 1855   11.05407   11.02393  0.27%     -    4s
     0     0   11.02394    0 1852   11.05407   11.02394  0.27%     -    4s
     0     0   11.02394    0 1852   11.05407   11.02394  0.27%     -    4s
     0     0   11.02397    0 1850   11.05407   11.02397  0.27%     -    4s
     0     0   11.02578    0 1684   11.05407   11.02578  0.26%     -    5s
H    0     0                      11.0468474   11.02578  0.19%     -    5s
H    0     0                      11.0448813   11.02578  0.17%     -    5s
     0     2   11.02578    0 1684   11.04488   11.02578  0.17%     -    5s
   848   909   11.02656   39 1499   11.04488   11.02578  0.17%   103   10s
H 1220  1264                      11.0448813   11.02578  0.17%  78.1   10s
  1379  1424   11.02659   61 1360   11.04488   11.02578  0.17%  71.1   22s
  1582  1631   11.02660   68 1644   11.04488   11.02578  0.17%  68.3   27s
H 2508  2354                      11.0448813   11.02578  0.17%  82.1   28s
  3666  3237   11.04158   68  201   11.04488   11.02660  0.17%  76.6   30s
  3685  3251   11.03809   97  176   11.04488   11.03135  0.12%  80.5   35s
  3690  3257   11.03136   21 1921   11.04488   11.03136  0.12%  84.0   52s
  4032  3288   11.04216   32 1717   11.04488   11.03166  0.12%   101   55s
  7534  5054   11.03803  192 1480   11.04488   11.03362  0.10%  95.3   60s
 12759  7053   11.04135  214 1762   11.04488   11.03390  0.10%  95.3   65s
 15850  8611   11.04332  202 1610   11.04488   11.03434  0.10%   108   70s
 18439 10319   11.03970  313 1608   11.04488   11.03496  0.09%   114   75s
 21084 11832     cutoff   88        11.04488   11.03548  0.09%   121   81s
 24141 13808   11.04048  102 1124   11.04488   11.03571  0.08%   126   85s
 27929 16110   11.04440  338 1888   11.04488   11.03589  0.08%   132   90s
H28474 16110                      11.0448813   11.03591  0.08%   132   90s
H28647 16110                      11.0448808   11.03591  0.08%   133   90s
 33588 19801   11.04423  168 1258   11.04488   11.03605  0.08%   133   96s
H34399 20266                      11.0448803   11.03610  0.08%   134   97s
 36455 21206   11.03919  298 1457   11.04488   11.03618  0.08%   137  100s
 39700 23486   11.03726  215 1565   11.04488   11.03624  0.08%   144  106s
 42787 25420     cutoff  194        11.04488   11.03631  0.08%   148  110s
 46077 26103   11.04439  204 1477   11.04488   11.03633  0.08%   152  115s
 50483 28793   11.03662  124 1697   11.04488   11.03636  0.08%   161  122s
 52654 30087     cutoff  286        11.04488   11.03636  0.08%   163  126s
 56929 33422     cutoff  135        11.04488   11.03645  0.08%   165  131s
 60068 33423   11.04176  179  201   11.04488   11.03654  0.08%   164  138s
 60073 33426   11.04068  242  177   11.04488   11.03654  0.08%   164  140s
 60078 33433   11.03654   31 1659   11.04488   11.03654  0.08%   164  158s
 60080 33436   11.03654   32 1817   11.04488   11.03654  0.08%   164  160s
 60314 33623   11.03654   40 1598   11.04488   11.03654  0.08%   165  165s
 60760 33803   11.03654   46 1654   11.04488   11.03654  0.08%   167  170s
 61326 33959   11.03654   57 1374   11.04488   11.03654  0.08%   169  175s
 62054 34230   11.03654   64 1615   11.04488   11.03654  0.08%   170  180s
 63177 34633   11.03684   80 1539   11.04488   11.03654  0.08%   171  186s
 63818 34877   11.03690   86 1651   11.04488   11.03654  0.08%   172  190s
 65075 35374   11.03700   98 1585   11.04488   11.03654  0.08%   174  195s
 66845 36278   11.03714  109 1502   11.04488   11.03654  0.08%   175  202s
 67961 36822   11.03726  117 1810   11.04488   11.03654  0.08%   175  205s
 70109 38054   11.03754  131 1635   11.04488   11.03654  0.08%   175  210s
 73065 39067   11.03794  154 1507   11.04488   11.03654  0.08%   175  216s
H74332 37559                      11.0448803   11.03654  0.08%   177  219s
 74798 37724   11.03824  176 1706   11.04488   11.03654  0.08%   178  221s
 76566 38478   11.03832  192 1643   11.04488   11.03654  0.08%   180  225s
 78140 38890   11.04420  209 1574   11.04488   11.03654  0.08%   184  230s
 80190 39437   11.03891  237 1897   11.04488   11.03654  0.08%   190  235s
H80731 37668                      11.0448803   11.03654  0.08%   192  235s
 82611 38293   11.03921  266 1923   11.04488   11.03654  0.08%   196  241s
 84918 38707   11.03924  294 1472   11.04488   11.03654  0.08%   204  248s
 86252 39102     cutoff  319        11.04488   11.03654  0.08%   208  251s
H86823 37403                      11.0448803   11.03654  0.08%   209  251s
 87867 37728   11.03971  342 1383   11.04488   11.03654  0.08%   212  256s
 90981 38912   11.03976  386 1252   11.04488   11.03654  0.08%   218  263s
 93153 39373   11.03980  413 1583   11.04488   11.03654  0.08%   220  267s
H93428 37848                      11.0448800   11.03654  0.08%   220  267s
 95005 38067   11.04343   65 1904   11.04488   11.03654  0.08%   221  270s
 97588 38189   11.03792   69 1731   11.04488   11.03654  0.08%   227  277s
 98670 38020   11.03796   76 1723   11.04488   11.03654  0.08%   231  281s
 99465 38029   11.03931   85 1856   11.04488   11.03654  0.08%   235  285s
H100604 36534                      11.0448772   11.03654  0.08%   240  289s
 101781 36701     cutoff   54        11.04488   11.03654  0.08%   244  293s
 103361 37452   11.03710   46 1858   11.04488   11.03654  0.08%   248  297s
 105579 37345   11.03721   49 1853   11.04488   11.03654  0.08%   250  303s
 106975 37784     cutoff   62        11.04488   11.03670  0.07%   255  308s
H106989 36486                      11.0448772   11.03670  0.07%   255  308s
H107645 35038                      11.0448772   11.03670  0.07%   256  308s
 108790 35388     cutoff   70        11.04488   11.03672  0.07%   259  312s
 110585 35269   11.03809   81 1717   11.04488   11.03674  0.07%   264  317s
 112235 35610   11.03839   94 1604   11.04488   11.03674  0.07%   269  323s
 114280 36137   11.03854  105 1604   11.04488   11.03674  0.07%   274  329s
H114611 34860                      11.0448772   11.03674  0.07%   274  329s
 116700 35250   11.03889  120 1603   11.04488   11.03679  0.07%   278  335s
 119053 36006     cutoff  116        11.04488   11.03689  0.07%   283  341s
 121785 35999     cutoff   41        11.04488   11.03695  0.07%   286  348s
 123829 36409   11.04286  110 1374   11.04488   11.03695  0.07%   290  354s
 126527 36104   11.04469   62 1726   11.04488   11.03697  0.07%   294  360s
 128461 37189   11.04302   46 1211   11.04488   11.03700  0.07%   300  366s
 131052 39201     cutoff   59        11.04488   11.03706  0.07%   305  372s
H132439 39199                      11.0448765   11.03706  0.07%   308  372s
 134769 40552   11.04306  117 1609   11.04488   11.03706  0.07%   309  378s
 138108 42527   11.04299   75 1560   11.04488   11.03717  0.07%   313  384s
 142324 43650   11.03862   88 1653   11.04488   11.03721  0.07%   316  389s
H142580 43650                      11.0448763   11.03721  0.07%   317  389s
 145292 45465     cutoff   99        11.04488   11.03721  0.07%   320  395s
 148909 46492     cutoff  113        11.04488   11.03733  0.07%   324  401s
 151743 47772   11.03910  123 1474   11.04488   11.03735  0.07%   328  409s
H152073 47772                      11.0448763   11.03735  0.07%   329  409s
H152872 47772                      11.0448763   11.03735  0.07%   329  409s
H153041 47772                      11.0448763   11.03735  0.07%   330  409s
 155046 48776     cutoff  134        11.04488   11.03735  0.07%   333  416s
 158085 50378     cutoff  166        11.04488   11.03743  0.07%   338  424s
 161826 50976     cutoff   52        11.04488   11.03748  0.07%   342  432s
 164034 51718     cutoff   77        11.04488   11.03752  0.07%   348  440s
 166972 52238     cutoff   59        11.04488   11.03752  0.07%   354  449s
 169630 53681   11.03783   53 1248   11.04488   11.03757  0.07%   361  457s
H169943 53681                      11.0448763   11.03757  0.07%   361  457s
H170749 53681                      11.0448763   11.03757  0.07%   362  457s
H171059 53681                      11.0448762   11.03757  0.07%   362  457s
 173301 54687   11.04436   92 1576   11.04488   11.03760  0.07%   366  466s
 176362 55600     cutoff  202        11.04488   11.03765  0.07%   371  473s
 179780 56558   11.03826   71 1499   11.04488   11.03768  0.07%   376  481s
 182659 57717   11.03985   91 1495   11.04488   11.03772  0.06%   380  488s
 185878 59033   11.04487   65 1638   11.04488   11.03775  0.06%   384  497s
 189378 59922     cutoff   97        11.04488   11.03779  0.06%   388  506s
 192082 61946     cutoff   91        11.04488   11.03783  0.06%   392  513s
 196577 63369     cutoff   91        11.04488   11.03785  0.06%   394  520s
 200187 64452   11.04424  127 1485   11.04488   11.03789  0.06%   397  527s
 203439 65474     cutoff  114        11.04488   11.03789  0.06%   400  534s
 206479 66634     cutoff   73        11.04488   11.03791  0.06%   403  542s
 209658 67095     cutoff   73        11.04488   11.03791  0.06%   406  548s
 212067 68053     cutoff  132        11.04488   11.03793  0.06%   411  559s
 215259 68328   11.04268   53 1761   11.04488   11.03802  0.06%   416  567s
 218175 68913     cutoff   96        11.04488   11.03804  0.06%   422  578s
 221070 69339   11.03876   75 1609   11.04488   11.03807  0.06%   428  589s
 223989 71112     cutoff   56        11.04488   11.03810  0.06%   435  598s
 228950 71696   11.04476  140 1414   11.04488   11.03810  0.06%   438  606s
 232558 72362   11.04090  166 1902   11.04488   11.03818  0.06%   442  615s
 235828 72452   11.03925   82 1811   11.04488   11.03823  0.06%   447  625s
 238174 72863   11.03966   96 1715   11.04488   11.03824  0.06%   452  633s
 241670 73154     cutoff  140        11.04488   11.03830  0.06%   457  639s
 244413 74042   11.04286  177 1269   11.04488   11.03833  0.06%   460  649s
 248290 74194     cutoff  184        11.04488   11.03833  0.06%   462  656s
 250673 74293   11.03918   75 1721   11.04488   11.03838  0.06%   466  666s
 252931 74829     cutoff   88        11.04488   11.03840  0.06%   472  674s
 256491 75320     cutoff   58        11.04488   11.03843  0.06%   475  682s
 260148 75578     cutoff   84        11.04488   11.03845  0.06%   479  689s
 262831 76378   11.04465  114 1517   11.04488   11.03850  0.06%   483  700s
 266284 76682   11.03982  160 1739   11.04488   11.03854  0.06%   486  709s
 268959 77061     cutoff  126        11.04488   11.03856  0.06%   490  718s
 272085 76899   11.04435  127 1596   11.04488   11.03860  0.06%   495  726s
 273665 77016     cutoff  155        11.04488   11.03862  0.06%   500  740s
 278191 76813     cutoff   57        11.04488   11.03865  0.06%   507  752s
 280829 76663     cutoff   67        11.04488   11.03872  0.06%   513  763s
 284333 76484     cutoff   51        11.04488   11.03877  0.06%   520  774s
 287803 76429     cutoff  127        11.04488   11.03882  0.05%   526  787s
 291057 76416     cutoff   63        11.04488   11.03886  0.05%   531  797s
 294359 76347     cutoff   78        11.04488   11.03890  0.05%   537  810s
 297265 76470     cutoff   98        11.04488   11.03891  0.05%   542  821s
 301099 75982   11.04448  138 1724   11.04488   11.03895  0.05%   548  833s
 303412 76262   11.04434   78 1482   11.04488   11.03901  0.05%   554  845s
 307582 75961     cutoff   75        11.04488   11.03903  0.05%   559  852s
 309627 75315     cutoff  107        11.04488   11.03907  0.05%   563  864s
 312313 74896     cutoff  144        11.04488   11.03909  0.05%   570  879s
 315200 73925     cutoff   64        11.04488   11.03914  0.05%   578  891s
 318725 73571     cutoff  130        11.04488   11.03920  0.05%   586  906s
 321912 72824     cutoff  148        11.04488   11.03924  0.05%   593  919s
 325439 72102     cutoff   95        11.04488   11.03928  0.05%   600  932s
 329114 71200     cutoff  189        11.04488   11.03933  0.05%   606  947s
 331563 70723   11.04485  223 1425   11.04488   11.03938  0.05%   614  960s
 335710 69834     cutoff   61        11.04488   11.03941  0.05%   620  972s
 339032 69135     cutoff   70        11.04488   11.03946  0.05%   625  986s
 341966 68200     cutoff   93        11.04488   11.03948  0.05%   631  998s
 345421 67461     cutoff  245        11.04488   11.03950  0.05%   637 1013s
 348378 66586     cutoff  108        11.04488   11.03957  0.05%   643 1025s
 351904 65427   11.03988  236 1177   11.04488   11.03959  0.05%   648 1036s
 355018 64317     cutoff   88        11.04488   11.03963  0.05%   654 1051s
 357753 62811     cutoff  224        11.04488   11.03968  0.05%   660 1063s
 360955 61678     cutoff  254        11.04488   11.03973  0.05%   666 1078s
 363798 60145     cutoff  263        11.04488   11.03975  0.05%   672 1091s
 367075 58470     cutoff  238        11.04488   11.03981  0.05%   679 1103s
 370282 56891     cutoff  145        11.04488   11.03985  0.05%   685 1119s
 372792 54500     cutoff  110        11.04488   11.03989  0.05%   692 1132s
 376427 52637     cutoff  116        11.04488   11.04000  0.04%   698 1160s
 378906 50438     cutoff  154        11.04488   11.04002  0.04%   701 1177s
 384435 47797     cutoff  207        11.04488   11.04026  0.04%   702 1193s
 390724 45206     cutoff  250        11.04488   11.04045  0.04%   700 1207s
 396501 41759     cutoff   72        11.04488   11.04063  0.04%   698 1220s
 402215 38103     cutoff  308        11.04488   11.04086  0.04%   696 1233s
 408116 34651     cutoff  134        11.04488   11.04111  0.03%   693 1246s
 413795 31760 infeasible  244        11.04488   11.04141  0.03%   692 1260s
 419294 28677     cutoff   57        11.04488   11.04165  0.03%   690 1274s
 425030 25406     cutoff  131        11.04488   11.04192  0.03%   688 1288s
 429780 22086     cutoff  245        11.04488   11.04219  0.02%   687 1303s
 434537 17350     cutoff   87        11.04488   11.04244  0.02%   688 1317s
 440724 12735     cutoff   61        11.04488   11.04271  0.02%   689 1335s
 446181  6312     cutoff   58        11.04488   11.04305  0.02%   689 1351s
 453655  2182     cutoff   82        11.04488   11.04372  0.01%   688 1366s

Cutting planes:
  Learned: 35
  Gomory: 2
  Cover: 87
  MIR: 26
  Flow cover: 14
  Network: 4
  RLT: 974

Explored 468137 nodes (316398071 simplex iterations) in 1366.81 seconds (4179.37 work units)
Thread count was 32 (of 104 available processors)

Solution count 10: 11.0449 11.0449 11.0449 ... 11.1046

Optimal solution found (tolerance 1.00e-04)
Best objective 1.104487621214e+01, best bound 1.104437829626e+01, gap 0.0045%
m.flow_changes_penalty(): 0.0
Total operational cost: 110448.76
{'fixed_demand_cost': 4757.415950031067, 'variable_demand_cost': 2555.020056654109, 'fixed_monthly_cost': 171938.17204301074, 'total_water_production': 282179.6712328764, 'total_energy_cost': 17691.81323353805, 'total_demand_cost': 7312.436006685176, 'total_customer_cost': 0.0, 'total_feed_cost': 50843.18400592302, 'total_brine_cost': 15303.79838578086, 'total_chemical_cost': 19297.5304894481, 'total_water_revenue': 0.0, 'total_demand_response_revenue': 0.0, 'total_emissions_cost': 0.0, 'total_op_cost': 110448.76212137521, 'fixed_cost': 121551.98252688172, 'total_cost': 232000.74464825692, 'LCOW': 0.8221738427669796}
Saved operation variable results to: /home/rchurchi/watertap_test/watertap/tutorials/flex_ro/wrd_result_winter_flow_0_flexible_trains.csv
Saved summary results to: /home/rchurchi/watertap_test/watertap/tutorials/flex_ro/wrd_pricetaker_summary_results.csv
