2026-06-01 10:05:32 [INFO] idaes.core.surrogate.pysmo_surrogate: Decode surrogate. type=poly

===========================Polynomial Regression===============================================

The number of cross-validation cases (3) is used.
The default training/cross-validation split of 0.75 is used.
No iterations will be run.
Default parameter estimation method is used.
Parameter estimation method:  pyomo 

2026-06-01 10:05:32 [INFO] idaes.core.surrogate.pysmo_surrogate: Decode surrogate. type=poly

===========================Polynomial Regression===============================================

The number of cross-validation cases (3) is used.
The default training/cross-validation split of 0.75 is used.
No iterations will be run.
Default parameter estimation method is used.
Parameter estimation method:  pyomo 

2026-06-01 10:05:32 [INFO] idaes.core.surrogate.pysmo_surrogate: Decode surrogate. type=poly

===========================Polynomial Regression===============================================

The number of cross-validation cases (3) is used.
The default training/cross-validation split of 0.75 is used.
No iterations will be run.
Default parameter estimation method is used.
Parameter estimation method:  pyomo 

2026-06-01 10:05:32 [INFO] idaes.core.surrogate.pysmo_surrogate: Decode surrogate. type=poly

===========================Polynomial Regression===============================================

The number of cross-validation cases (3) is used.
The default training/cross-validation split of 0.75 is used.
No iterations will be run.
Default parameter estimation method is used.
Parameter estimation method:  pyomo 

2026-06-01 10:05:33 [INFO] idaes.apps.grid_integration.pricetaker.price_taker_model: Found minimum uptime/downtime data for pretreatment.uf_pumps[1] - Adding minimum uptime/downtime constraints.
2026-06-01 10:05:33 [INFO] idaes.apps.grid_integration.pricetaker.price_taker_model: Created startup/shutdown constraints for operation model  pretreatment.uf_pumps[1] at uf_pumps_1_startup_shutdown.
2026-06-01 10:05:33 [INFO] idaes.apps.grid_integration.pricetaker.price_taker_model: Found minimum uptime/downtime data for pretreatment.uf_pumps[2] - Adding minimum uptime/downtime constraints.
2026-06-01 10:05:33 [INFO] idaes.apps.grid_integration.pricetaker.price_taker_model: Created startup/shutdown constraints for operation model  pretreatment.uf_pumps[2] at uf_pumps_2_startup_shutdown.
2026-06-01 10:05:33 [INFO] idaes.apps.grid_integration.pricetaker.price_taker_model: Found minimum uptime/downtime data for pretreatment.uf_pumps[3] - Adding minimum uptime/downtime constraints.
2026-06-01 10:05:33 [INFO] idaes.apps.grid_integration.pricetaker.price_taker_model: Created startup/shutdown constraints for operation model  pretreatment.uf_pumps[3] at uf_pumps_3_startup_shutdown.
2026-06-01 10:05:33 [INFO] idaes.apps.grid_integration.pricetaker.price_taker_model: Found minimum uptime/downtime data for reverse_osmosis.ro_skid[1] - Adding minimum uptime/downtime constraints.
2026-06-01 10:05:33 [INFO] idaes.apps.grid_integration.pricetaker.price_taker_model: Created startup/shutdown constraints for operation model  reverse_osmosis.ro_skid[1] at ro_skid_1_startup_shutdown.
2026-06-01 10:05:33 [INFO] idaes.apps.grid_integration.pricetaker.price_taker_model: Found minimum uptime/downtime data for reverse_osmosis.ro_skid[2] - Adding minimum uptime/downtime constraints.
2026-06-01 10:05:33 [INFO] idaes.apps.grid_integration.pricetaker.price_taker_model: Created startup/shutdown constraints for operation model  reverse_osmosis.ro_skid[2] at ro_skid_2_startup_shutdown.
2026-06-01 10:05:33 [INFO] idaes.apps.grid_integration.pricetaker.price_taker_model: Found minimum uptime/downtime data for reverse_osmosis.ro_skid[3] - Adding minimum uptime/downtime constraints.
2026-06-01 10:05:33 [INFO] idaes.apps.grid_integration.pricetaker.price_taker_model: Created startup/shutdown constraints for operation model  reverse_osmosis.ro_skid[3] at ro_skid_3_startup_shutdown.
2026-06-01 10:05:33 [INFO] idaes.apps.grid_integration.pricetaker.price_taker_model: Found minimum uptime/downtime data for reverse_osmosis.ro_skid[4] - Adding minimum uptime/downtime constraints.
2026-06-01 10:05:33 [INFO] idaes.apps.grid_integration.pricetaker.price_taker_model: Created startup/shutdown constraints for operation model  reverse_osmosis.ro_skid[4] at ro_skid_4_startup_shutdown.
4364
Set parameter TokenServer to value "10.60.1.73"
Set parameter LogToConsole to value 1
Set parameter MIPGap to value 0.005
Gurobi Optimizer version 12.0.3 build v12.0.3rc0 (linux64 - "Red Hat Enterprise Linux 8.8 (Ootpa)")

CPU model: Intel(R) Xeon(R) Platinum 8470QL, instruction set [SSE2|AVX|AVX2|AVX512]
Thread count: 104 physical cores, 104 logical processors, using up to 32 threads

Non-default parameters:
MIPGap  0.005

Optimize a model with 17951 rows, 16467 columns and 49337 nonzeros
Model fingerprint: 0x4e6a9d48
Model has 168 quadratic objective terms
Model has 2352 quadratic constraints
Variable types: 11259 continuous, 5208 integer (5208 binary)
Coefficient statistics:
  Matrix range     [5e-04, 2e+03]
  QMatrix range    [2e-07, 1e+00]
  QLMatrix range   [3e-04, 1e+00]
  Objective range  [6e-06, 5e-03]
  QObjective range [2e-04, 2e-04]
  Bounds range     [9e-01, 1e+03]
  RHS range        [5e-02, 3e+05]
  QRHS range       [3e-01, 3e-01]
Presolve removed 6884 rows and 7576 columns
Presolve time: 0.10s
Presolved: 20307 rows, 9396 columns, 53768 nonzeros
Presolved model has 336 SOS constraint(s)
Presolved model has 2352 bilinear constraint(s)

Solving non-convex MIQCP

Variable types: 5750 continuous, 3646 integer (3646 binary)
Found heuristic solution: objective 11.7563161

Root relaxation: unbounded, 0 iterations, 0.01 seconds (0.00 work units)

    Nodes    |    Current Node    |     Objective Bounds      |     Work
 Expl Unexpl |  Obj  Depth IntInf | Incumbent    BestBd   Gap | It/Node Time

     0     2  postponed    0        11.75632          -      -     -    3s
     3     8  postponed    2        11.75632          -      -  4258    5s
    47    54  postponed    6        11.75632          -      -  8781   10s
   115   146  postponed    8        11.75632          -      -  8036   15s
   181   445  postponed    9        11.75632          -      -  9168   20s
   618   895 infeasible   15        11.75632          -      -  3209   25s
  1288  1461  postponed   22        11.75632          -      -  1778   35s
  2170  2354  postponed   32        11.75632          -      -  1274   52s
  3551  3278 infeasible   49        11.75632          -      -   995   72s
H 4006  3278                      11.7563159          -      -   976   72s
  5063  4925 infeasible   71        11.75632          -      -   944   91s
  7332  6651 infeasible   84        11.75632          -      -   887  109s
  9606  8233 infeasible   93        11.75632          -      -   846  125s
H10925  8233                      11.7563157          -      -   844  125s
 11631  9585 infeasible  106        11.75632          -      -   833  141s
 13409 11102  postponed  117        11.75632          -      -   829  156s
 15337 11104   11.58275  574 2100   11.75632    9.56315  18.7%   819  180s
 15338 11105   11.20650  436  854   11.75632   10.93583  6.98%   819  185s
 15339 11106   11.39175  337 1077   11.75632   11.39175  3.10%   819  196s
 15340 11106   11.70649  765 1148   11.75632   11.52396  1.98%   818  203s
 15341 11107   11.56922   15 1161   11.75632   11.56922  1.59%   818  207s
 15342 11108   11.58279  275 1260   11.75632   11.58279  1.48%   818  211s
 15344 11109   11.59361  145 1259   11.75632   11.59361  1.38%   818  217s
 15346 11110   11.59693  261 1351   11.75632   11.59693  1.36%   818  222s
 15348 11112   11.59924   19 1354   11.75632   11.59924  1.34%   818  228s
 15350 11113   11.60046  567 1280   11.75632   11.60046  1.33%   818  232s
 15352 11114   11.60187   68 1349   11.75632   11.60187  1.31%   818  236s
 15354 11116   11.60212   85 1383   11.75632   11.60212  1.31%   818  243s
 15356 11117   11.60233   46 1355   11.75632   11.60233  1.31%   818  245s
 15360 11120   11.60267  451 1354   11.75632   11.60267  1.31%   817  250s
 15363 11122   11.60267   66 1353   11.75632   11.60267  1.31%   817  266s
H15363 10565                      11.7333757   11.60267  1.11%   817  278s
H15364 10038                      11.7333755   11.60267  1.11%   829  439s
 15365 10040   11.63076   15 3418   11.73338   11.60267  1.11%   830  496s
 15367 10043   11.68518   16 3333   11.73338   11.60279  1.11%   834  517s
 15371 10046     cutoff   17        11.73338   11.60362  1.11%   836  542s
 15379 10048   11.71771   18 3407   11.73338   11.60374  1.10%   841  573s
 15390 10050   11.72833   19 3402   11.73338   11.60436  1.10%   851  600s
 15407 10049   11.72979   20 3376   11.73338   11.60456  1.10%   867  626s
 15427 10040     cutoff   21        11.73338   11.60474  1.10%   881  657s
 15451 10044     cutoff   22        11.73338   11.60492  1.09%   897  677s
 15477 10044     cutoff   23        11.73338   11.60903  1.06%   917  701s
 15528 10039     cutoff   25        11.73338   11.60903  1.06%   953  723s
 15575 10042   11.65411   26 3199   11.73338   11.60903  1.06%   986  746s
 15638 10020   11.69048   27 3148   11.73338   11.61022  1.05%  1009  769s
 15706  9990     cutoff   28        11.73338   11.61296  1.03%  1055  788s
 15762  9974   11.67846   26 3350   11.73338   11.61316  1.02%  1098  808s
 15809  9969     cutoff   29        11.73338   11.61331  1.02%  1133  831s
 15865  9952     cutoff   29        11.73338   11.61521  1.01%  1164  854s
 15922  9954     cutoff   33        11.73338   11.61521  1.01%  1205  878s
 15982  9960   11.66117   38 2915   11.73338   11.61521  1.01%  1234  902s
 16046  9969   11.66601   40 2807   11.73338   11.61521  1.01%  1274  922s
 16099  9968   11.68368   44 2738   11.73338   11.61521  1.01%  1309  949s
 16158  9972   11.68840   47 2814   11.73338   11.61521  1.01%  1346  973s
 16209  9981   11.69320   50 2751   11.73338   11.61521  1.01%  1393 1002s
 16264  9999   11.70078   55 2770   11.73338   11.61521  1.01%  1450 1025s
 16345 10043   11.70906   57 2722   11.73338   11.61521  1.01%  1504 1045s
 16457 10040   11.72984   62 2755   11.73338   11.61521  1.01%  1560 1073s
 16522 10078     cutoff   63        11.73338   11.61521  1.01%  1617 1098s
 16633 10081   11.72871   63 2822   11.73338   11.61521  1.01%  1669 1121s
 16738 10046   11.71480   43 2684   11.73338   11.61521  1.01%  1739 1144s
 16809 10051   11.72132   44 2578   11.73338   11.61521  1.01%  1810 1173s
 16887 10018     cutoff   46        11.73338   11.61521  1.01%  1887 1202s
 16964 10023   11.64706   35 3116   11.73338   11.61521  1.01%  1961 1231s
 17052 10061   11.68489   38 2830   11.73338   11.61521  1.01%  2037 1259s
 17158 10090   11.69308   41 2560   11.73338   11.61521  1.01%  2102 1290s
 17281 10135   11.70817   45 2615   11.73338   11.61521  1.01%  2172 1320s
 17425 10162     cutoff   54        11.73338   11.61521  1.01%  2271 1356s
 17584 10225   11.71388   68 2288   11.73338   11.61521  1.01%  2373 1392s
 17780 10326   11.72472   79 2159   11.73338   11.61521  1.01%  2467 1426s
 18007 10369   11.73327   88 2217   11.73338   11.61521  1.01%  2577 1459s
 18201 10439   11.73226   89 2219   11.73338   11.61521  1.01%  2688 1492s
 18454 10558     cutoff   76        11.73338   11.62997  0.88%  2782 1526s
 18735 10660   11.66971   68 2617   11.73338   11.62997  0.88%  2865 1561s
 19013 10787   11.69693   87 2479   11.73338   11.62997  0.88%  2959 1597s
 19318 10911 infeasible   95        11.73338   11.62997  0.88%  3041 1633s
 19627 11059   11.72942   93 2504   11.73338   11.63512  0.84%  3115 1678s
 19972 11195   11.72978   95 2425   11.73338   11.64087  0.79%  3195 1717s
 20307 11404     cutoff   98        11.73338   11.64087  0.79%  3288 1757s
H20705  9687                      11.6833758   11.64087  0.36%  3357 1795s
H20822  9171                      11.6833750   11.64170  0.36%  3368 1795s
H20855  8706                      11.6833749   11.64170  0.36%  3373 1795s

Cutting planes:
  Learned: 475
  Gomory: 42
  Cover: 1130
  Implied bound: 397
  Projected implied bound: 90
  Clique: 3
  MIR: 507
  StrongCG: 1
  Flow cover: 929
  GUB cover: 26
  Zero half: 13
  Network: 35
  RLT: 1479
  Relax-and-lift: 645
  BQP: 7

Explored 20937 nodes (71115522 simplex iterations) in 1795.11 seconds (3944.62 work units)
Thread count was 32 (of 104 available processors)

Solution count 5: 11.6834 11.6834 11.6834 ... 11.7563

Optimal solution found (tolerance 5.00e-03)
Best objective 1.168337494866e+01, best bound 1.164169999451e+01, gap 0.3567%
solver_lower_bound: 11.641699994509432
solver_upper_bound: 11.683374948664486
objective_value: 11.683374948664483
m.flow_changes_penalty(): 0.0
Total operational cost: 116833.75
Maximum power (kW): 1101.67
Discharge energy capacity (kWh): 0.00
Charge energy capacity (kWh): 3641.39
Levelized Cost of Flexibility ($/kWh): nan
{'fixed_demand_cost': 6941.277805526691, 'variable_demand_cost': 912.4800535231025, 'fixed_monthly_cost': 171938.17204301074, 'total_water_production': 282179.6712328766, 'total_energy_cost': 23535.478746437988, 'total_demand_cost': 7853.757859049793, 'total_customer_cost': 0.0, 'total_feed_cost': 50843.18400592408, 'total_brine_cost': 15303.798385784536, 'total_chemical_cost': 19297.53048944843, 'total_water_revenue': 0.0, 'total_demand_response_revenue': -0.0, 'total_emissions_cost': 0.0, 'total_op_cost': 116833.74948664483, 'fixed_cost': 121551.98252688172, 'total_cost': 238385.73201352655, 'LCOW': 0.8448012253043987, 'degree_of_flex': 0.0, 'total_replacement_cost': 992.3107078853046, 'maximum_power': 1101.674958734876, 'energy_capacity': 0.0, 'power_capacity': nan, 'round_trip_efficiency': 0, 'LVOF': nan}
Saved operation variable results to: /home/rchurchi/watertap_test/watertap/tutorials/flex_ro/wrd_result_winter_both_4_flexible_trains_RTP.csv
Saved summary results to: /home/rchurchi/watertap_test/watertap/tutorials/flex_ro/wrd_pricetaker_summary_results_20260601_103532.csv
