2026-05-18 15:24:20 [INFO] idaes.core.surrogate.pysmo_surrogate: Decode surrogate. type=poly

===========================Polynomial Regression===============================================

The number of cross-validation cases (3) is used.
The default training/cross-validation split of 0.75 is used.
No iterations will be run.
Default parameter estimation method is used.
Parameter estimation method:  pyomo 

2026-05-18 15:24:20 [INFO] idaes.core.surrogate.pysmo_surrogate: Decode surrogate. type=poly

===========================Polynomial Regression===============================================

The number of cross-validation cases (3) is used.
The default training/cross-validation split of 0.75 is used.
No iterations will be run.
Default parameter estimation method is used.
Parameter estimation method:  pyomo 

2026-05-18 15:24:20 [INFO] idaes.core.surrogate.pysmo_surrogate: Decode surrogate. type=poly

===========================Polynomial Regression===============================================

The number of cross-validation cases (3) is used.
The default training/cross-validation split of 0.75 is used.
No iterations will be run.
Default parameter estimation method is used.
Parameter estimation method:  pyomo 

2026-05-18 15:24:20 [INFO] idaes.core.surrogate.pysmo_surrogate: Decode surrogate. type=poly

===========================Polynomial Regression===============================================

The number of cross-validation cases (3) is used.
The default training/cross-validation split of 0.75 is used.
No iterations will be run.
Default parameter estimation method is used.
Parameter estimation method:  pyomo 

2026-05-18 15:24:21 [INFO] idaes.apps.grid_integration.pricetaker.price_taker_model: Found minimum uptime/downtime data for pretreatment.uf_pumps[1] - Adding minimum uptime/downtime constraints.
2026-05-18 15:24:21 [INFO] idaes.apps.grid_integration.pricetaker.price_taker_model: Created startup/shutdown constraints for operation model  pretreatment.uf_pumps[1] at uf_pumps_1_startup_shutdown.
2026-05-18 15:24:21 [INFO] idaes.apps.grid_integration.pricetaker.price_taker_model: Found minimum uptime/downtime data for pretreatment.uf_pumps[2] - Adding minimum uptime/downtime constraints.
2026-05-18 15:24:21 [INFO] idaes.apps.grid_integration.pricetaker.price_taker_model: Created startup/shutdown constraints for operation model  pretreatment.uf_pumps[2] at uf_pumps_2_startup_shutdown.
2026-05-18 15:24:21 [INFO] idaes.apps.grid_integration.pricetaker.price_taker_model: Found minimum uptime/downtime data for pretreatment.uf_pumps[3] - Adding minimum uptime/downtime constraints.
2026-05-18 15:24:21 [INFO] idaes.apps.grid_integration.pricetaker.price_taker_model: Created startup/shutdown constraints for operation model  pretreatment.uf_pumps[3] at uf_pumps_3_startup_shutdown.
2026-05-18 15:24:21 [INFO] idaes.apps.grid_integration.pricetaker.price_taker_model: Found minimum uptime/downtime data for reverse_osmosis.ro_skid[1] - Adding minimum uptime/downtime constraints.
2026-05-18 15:24:21 [INFO] idaes.apps.grid_integration.pricetaker.price_taker_model: Created startup/shutdown constraints for operation model  reverse_osmosis.ro_skid[1] at ro_skid_1_startup_shutdown.
2026-05-18 15:24:21 [INFO] idaes.apps.grid_integration.pricetaker.price_taker_model: Found minimum uptime/downtime data for reverse_osmosis.ro_skid[2] - Adding minimum uptime/downtime constraints.
2026-05-18 15:24:21 [INFO] idaes.apps.grid_integration.pricetaker.price_taker_model: Created startup/shutdown constraints for operation model  reverse_osmosis.ro_skid[2] at ro_skid_2_startup_shutdown.
2026-05-18 15:24:21 [INFO] idaes.apps.grid_integration.pricetaker.price_taker_model: Found minimum uptime/downtime data for reverse_osmosis.ro_skid[3] - Adding minimum uptime/downtime constraints.
2026-05-18 15:24:21 [INFO] idaes.apps.grid_integration.pricetaker.price_taker_model: Created startup/shutdown constraints for operation model  reverse_osmosis.ro_skid[3] at ro_skid_3_startup_shutdown.
2026-05-18 15:24:21 [INFO] idaes.apps.grid_integration.pricetaker.price_taker_model: Found minimum uptime/downtime data for reverse_osmosis.ro_skid[4] - Adding minimum uptime/downtime constraints.
2026-05-18 15:24:21 [INFO] idaes.apps.grid_integration.pricetaker.price_taker_model: Created startup/shutdown constraints for operation model  reverse_osmosis.ro_skid[4] at ro_skid_4_startup_shutdown.
3866
Set parameter TokenServer to value "10.60.1.73"
Set parameter LogToConsole to value 1
Set parameter MIPGap to value 0.0012
Gurobi Optimizer version 12.0.3 build v12.0.3rc0 (linux64 - "Red Hat Enterprise Linux 8.8 (Ootpa)")

CPU model: Intel(R) Xeon(R) Platinum 8470QL, instruction set [SSE2|AVX|AVX2|AVX512]
Thread count: 104 physical cores, 104 logical processors, using up to 32 threads

Non-default parameters:
MIPGap  0.0012

Optimize a model with 18126 rows, 14963 columns and 45839 nonzeros
Model fingerprint: 0xac659682
Model has 2352 quadratic constraints
Model has 1 general nonlinear constraint (168 nonlinear terms)
Variable types: 11097 continuous, 3866 integer (3866 binary)
Coefficient statistics:
  Matrix range     [3e-02, 2e+03]
  QMatrix range    [2e-07, 1e+00]
  QLMatrix range   [1e-04, 1e+00]
  Objective range  [1e+00, 1e+00]
  Bounds range     [1e+00, 1e+03]
  RHS range        [1e+00, 3e+05]
  QRHS range       [2e-01, 3e-01]
Presolve removed 18110 rows and 14935 columns
Presolve time: 0.08s
Presolved: 65 rows, 29 columns, 172 nonzeros
Presolved model has 14 bilinear constraint(s)

Solving non-convex MIQCP

Variable types: 27 continuous, 2 integer (2 binary)
Found heuristic solution: objective 11.2038340

Root relaxation: objective 1.066582e+01, 25 iterations, 0.00 seconds (0.00 work units)

    Nodes    |    Current Node    |     Objective Bounds      |     Work
 Expl Unexpl |  Obj  Depth IntInf | Incumbent    BestBd   Gap | It/Node Time

     0     0   10.66582    0    9   11.20383   10.66582  4.80%     -    0s
     0     0   10.68216    0    8   11.20383   10.68216  4.66%     -    0s
     0     0   10.99483    0    8   11.20383   10.99483  1.87%     -    0s
     0     0   11.06131    0    9   11.20383   11.06131  1.27%     -    0s
     0     0   11.06576    0    9   11.20383   11.06576  1.23%     -    0s
     0     0   11.06612    0    9   11.20383   11.06612  1.23%     -    0s
H    0     0                      11.2038340   11.06612  1.23%     -    0s
     0     0   11.13429    0    8   11.20383   11.13429  0.62%     -    0s
H    0     0                      11.1442014   11.13429  0.09%     -    0s

Explored 1 nodes (64 simplex iterations) in 0.12 seconds (0.13 work units)
Thread count was 32 (of 104 available processors)

Solution count 2: 11.1442 11.2038 

Optimal solution found (tolerance 1.20e-03)
Best objective 1.114420140597e+01, best bound 1.113428923338e+01, gap 0.0889%
m.flow_changes_penalty(): 0.0
Total operational cost: 111442.01
Maximum power (kW): 1080.30
Discharge energy capacity (kWh): 359.38
Charge energy capacity (kWh): 1320.83
Levelized Cost of Flexibility ($/kWh): 208.67
{'fixed_demand_cost': 4757.593131694989, 'variable_demand_cost': 2555.115572411402, 'fixed_monthly_cost': 171938.17204301074, 'total_water_production': 282179.6712328764, 'total_energy_cost': 17692.481766592115, 'total_demand_cost': 7312.708704106391, 'total_customer_cost': 0.0, 'total_feed_cost': 50843.18400592369, 'total_brine_cost': 15303.798385783002, 'total_chemical_cost': 19297.530489448236, 'raw_degree_of_flex': 0.0, 'degree_of_flex': 0.0, 'total_replacement_cost': 992.3107078853046, 'total_water_revenue': 0.0, 'total_demand_response_revenue': 0.0, 'total_emissions_cost': 0.0, 'total_op_cost': 111442.01405973875, 'fixed_cost': 121551.98252688172, 'total_cost': 232993.99658662046, 'LCOW': 0.8256937701027224, 'maximum_power': 1080.3009546598214, 'energy_capacity': 359.3831101362532, 'power_capacity': 10.268088861035807, 'round_trip_efficiency': 0, 'LVOF': 208.67458186544775}
Saved operation variable results to: /home/rchurchi/watertap_test/watertap/tutorials/flex_ro/wrd_result_winter_no_flex_0_flexible_trains.csv
2026-05-18 15:24:25 [INFO] idaes.core.surrogate.pysmo_surrogate: Decode surrogate. type=poly

===========================Polynomial Regression===============================================

The number of cross-validation cases (3) is used.
The default training/cross-validation split of 0.75 is used.
No iterations will be run.
Default parameter estimation method is used.
Parameter estimation method:  pyomo 

2026-05-18 15:24:25 [INFO] idaes.core.surrogate.pysmo_surrogate: Decode surrogate. type=poly

===========================Polynomial Regression===============================================

The number of cross-validation cases (3) is used.
The default training/cross-validation split of 0.75 is used.
No iterations will be run.
Default parameter estimation method is used.
Parameter estimation method:  pyomo 

2026-05-18 15:24:25 [INFO] idaes.core.surrogate.pysmo_surrogate: Decode surrogate. type=poly

===========================Polynomial Regression===============================================

The number of cross-validation cases (3) is used.
The default training/cross-validation split of 0.75 is used.
No iterations will be run.
Default parameter estimation method is used.
Parameter estimation method:  pyomo 

2026-05-18 15:24:25 [INFO] idaes.core.surrogate.pysmo_surrogate: Decode surrogate. type=poly

===========================Polynomial Regression===============================================

The number of cross-validation cases (3) is used.
The default training/cross-validation split of 0.75 is used.
No iterations will be run.
Default parameter estimation method is used.
Parameter estimation method:  pyomo 

2026-05-18 15:24:27 [INFO] idaes.apps.grid_integration.pricetaker.price_taker_model: Found minimum uptime/downtime data for pretreatment.uf_pumps[1] - Adding minimum uptime/downtime constraints.
2026-05-18 15:24:27 [INFO] idaes.apps.grid_integration.pricetaker.price_taker_model: Created startup/shutdown constraints for operation model  pretreatment.uf_pumps[1] at uf_pumps_1_startup_shutdown.
2026-05-18 15:24:27 [INFO] idaes.apps.grid_integration.pricetaker.price_taker_model: Found minimum uptime/downtime data for pretreatment.uf_pumps[2] - Adding minimum uptime/downtime constraints.
2026-05-18 15:24:27 [INFO] idaes.apps.grid_integration.pricetaker.price_taker_model: Created startup/shutdown constraints for operation model  pretreatment.uf_pumps[2] at uf_pumps_2_startup_shutdown.
2026-05-18 15:24:27 [INFO] idaes.apps.grid_integration.pricetaker.price_taker_model: Found minimum uptime/downtime data for pretreatment.uf_pumps[3] - Adding minimum uptime/downtime constraints.
2026-05-18 15:24:27 [INFO] idaes.apps.grid_integration.pricetaker.price_taker_model: Created startup/shutdown constraints for operation model  pretreatment.uf_pumps[3] at uf_pumps_3_startup_shutdown.
2026-05-18 15:24:27 [INFO] idaes.apps.grid_integration.pricetaker.price_taker_model: Found minimum uptime/downtime data for reverse_osmosis.ro_skid[1] - Adding minimum uptime/downtime constraints.
2026-05-18 15:24:27 [INFO] idaes.apps.grid_integration.pricetaker.price_taker_model: Created startup/shutdown constraints for operation model  reverse_osmosis.ro_skid[1] at ro_skid_1_startup_shutdown.
2026-05-18 15:24:27 [INFO] idaes.apps.grid_integration.pricetaker.price_taker_model: Found minimum uptime/downtime data for reverse_osmosis.ro_skid[2] - Adding minimum uptime/downtime constraints.
2026-05-18 15:24:27 [INFO] idaes.apps.grid_integration.pricetaker.price_taker_model: Created startup/shutdown constraints for operation model  reverse_osmosis.ro_skid[2] at ro_skid_2_startup_shutdown.
2026-05-18 15:24:27 [INFO] idaes.apps.grid_integration.pricetaker.price_taker_model: Found minimum uptime/downtime data for reverse_osmosis.ro_skid[3] - Adding minimum uptime/downtime constraints.
2026-05-18 15:24:27 [INFO] idaes.apps.grid_integration.pricetaker.price_taker_model: Created startup/shutdown constraints for operation model  reverse_osmosis.ro_skid[3] at ro_skid_3_startup_shutdown.
2026-05-18 15:24:27 [INFO] idaes.apps.grid_integration.pricetaker.price_taker_model: Found minimum uptime/downtime data for reverse_osmosis.ro_skid[4] - Adding minimum uptime/downtime constraints.
2026-05-18 15:24:27 [INFO] idaes.apps.grid_integration.pricetaker.price_taker_model: Created startup/shutdown constraints for operation model  reverse_osmosis.ro_skid[4] at ro_skid_4_startup_shutdown.
3195
Set parameter LogToConsole to value 1
Set parameter MIPGap to value 0.0012
Gurobi Optimizer version 12.0.3 build v12.0.3rc0 (linux64 - "Red Hat Enterprise Linux 8.8 (Ootpa)")

CPU model: Intel(R) Xeon(R) Platinum 8470QL, instruction set [SSE2|AVX|AVX2|AVX512]
Thread count: 104 physical cores, 104 logical processors, using up to 32 threads

Non-default parameters:
MIPGap  0.0012

Optimize a model with 17621 rows, 16139 columns and 36615 nonzeros
Model fingerprint: 0x80e9c895
Model has 2856 quadratic constraints
Model has 673 general nonlinear constraints (840 nonlinear terms)
Variable types: 12273 continuous, 3866 integer (3866 binary)
Coefficient statistics:
  Matrix range     [3e-02, 2e+03]
  QMatrix range    [2e-07, 1e+00]
  QLMatrix range   [3e-04, 2e+00]
  Objective range  [1e+00, 1e+00]
  Bounds range     [9e-01, 1e+03]
  RHS range        [1e+00, 3e+05]
  QRHS range       [3e-01, 1e+00]
Presolve model has 672 nlconstr
Added 1344 variables to disaggregate expressions.
Presolve removed 14736 rows and 9588 columns
Presolve time: 0.04s
Presolved: 20525 rows, 7896 columns, 49815 nonzeros
Presolved model has 3528 bilinear constraint(s)
Presolved model has 672 nonlinear constraint(s)

Solving non-convex MINLP

Variable types: 7395 continuous, 501 integer (501 binary)
Found heuristic solution: objective 13.7194456

Root relaxation: objective 1.339657e+01, 7868 iterations, 0.04 seconds (0.06 work units)

    Nodes    |    Current Node    |     Objective Bounds      |     Work
 Expl Unexpl |  Obj  Depth IntInf | Incumbent    BestBd   Gap | It/Node Time

     0     0   13.39657    0 1049   13.71945   13.39657  2.35%     -    0s
H    0     0                      13.7194456   13.39657  2.35%     -    0s
     0     0   13.63859    0 1051   13.71945   13.63859  0.59%     -    0s
     0     0          -    0        13.71945   13.70671  0.09%     -    0s

Cutting planes:
  RLT: 504

Explored 1 nodes (10815 simplex iterations) in 0.48 seconds (0.48 work units)
Thread count was 32 (of 104 available processors)

Solution count 1: 13.7194 

Optimal solution found (tolerance 1.20e-03)
Best objective 1.371944557721e+01, best bound 1.370671336299e+01, gap 0.0928%
m.flow_changes_penalty(): 0.0
Total operational cost: 137194.46
Maximum power (kW): 1439.29
Discharge energy capacity (kWh): 0.00
Charge energy capacity (kWh): 61417.59
Levelized Cost of Flexibility ($/kWh): nan
{'fixed_demand_cost': 6338.567346371138, 'variable_demand_cost': 3404.78597849589, 'fixed_monthly_cost': 171938.17204301074, 'total_water_production': 374196.25625911943, 'total_energy_cost': 23651.266037265512, 'total_demand_cost': 9743.353324867028, 'total_customer_cost': 0.0, 'total_feed_cost': 64727.0428625194, 'total_brine_cost': 13049.537501599098, 'total_chemical_cost': 25030.945338005407, 'raw_degree_of_flex': 0.0, 'degree_of_flex': 0.0, 'total_replacement_cost': 992.3107078853046, 'total_water_revenue': 0.0, 'total_demand_response_revenue': -0.0, 'total_emissions_cost': 0.0, 'total_op_cost': 137194.45577214175, 'fixed_cost': 121551.98252688172, 'total_cost': 258746.4382990235, 'LCOW': 0.6914725467479009, 'maximum_power': 1439.2908695500007, 'energy_capacity': 0.0, 'power_capacity': 0, 'round_trip_efficiency': 0, 'LVOF': nan}
Saved operation variable results to: /home/rchurchi/watertap_test/watertap/tutorials/flex_ro/wrd_result_winter_rr_0_flexible_trains.csv
2026-05-18 15:24:30 [INFO] idaes.core.surrogate.pysmo_surrogate: Decode surrogate. type=poly

===========================Polynomial Regression===============================================

The number of cross-validation cases (3) is used.
The default training/cross-validation split of 0.75 is used.
No iterations will be run.
Default parameter estimation method is used.
Parameter estimation method:  pyomo 

2026-05-18 15:24:30 [INFO] idaes.core.surrogate.pysmo_surrogate: Decode surrogate. type=poly

===========================Polynomial Regression===============================================

The number of cross-validation cases (3) is used.
The default training/cross-validation split of 0.75 is used.
No iterations will be run.
Default parameter estimation method is used.
Parameter estimation method:  pyomo 

2026-05-18 15:24:30 [INFO] idaes.core.surrogate.pysmo_surrogate: Decode surrogate. type=poly

===========================Polynomial Regression===============================================

The number of cross-validation cases (3) is used.
The default training/cross-validation split of 0.75 is used.
No iterations will be run.
Default parameter estimation method is used.
Parameter estimation method:  pyomo 

2026-05-18 15:24:30 [INFO] idaes.core.surrogate.pysmo_surrogate: Decode surrogate. type=poly

===========================Polynomial Regression===============================================

The number of cross-validation cases (3) is used.
The default training/cross-validation split of 0.75 is used.
No iterations will be run.
Default parameter estimation method is used.
Parameter estimation method:  pyomo 

2026-05-18 15:24:32 [INFO] idaes.apps.grid_integration.pricetaker.price_taker_model: Found minimum uptime/downtime data for pretreatment.uf_pumps[1] - Adding minimum uptime/downtime constraints.
2026-05-18 15:24:32 [INFO] idaes.apps.grid_integration.pricetaker.price_taker_model: Created startup/shutdown constraints for operation model  pretreatment.uf_pumps[1] at uf_pumps_1_startup_shutdown.
2026-05-18 15:24:32 [INFO] idaes.apps.grid_integration.pricetaker.price_taker_model: Found minimum uptime/downtime data for pretreatment.uf_pumps[2] - Adding minimum uptime/downtime constraints.
2026-05-18 15:24:32 [INFO] idaes.apps.grid_integration.pricetaker.price_taker_model: Created startup/shutdown constraints for operation model  pretreatment.uf_pumps[2] at uf_pumps_2_startup_shutdown.
2026-05-18 15:24:32 [INFO] idaes.apps.grid_integration.pricetaker.price_taker_model: Found minimum uptime/downtime data for pretreatment.uf_pumps[3] - Adding minimum uptime/downtime constraints.
2026-05-18 15:24:32 [INFO] idaes.apps.grid_integration.pricetaker.price_taker_model: Created startup/shutdown constraints for operation model  pretreatment.uf_pumps[3] at uf_pumps_3_startup_shutdown.
2026-05-18 15:24:32 [INFO] idaes.apps.grid_integration.pricetaker.price_taker_model: Found minimum uptime/downtime data for reverse_osmosis.ro_skid[1] - Adding minimum uptime/downtime constraints.
2026-05-18 15:24:32 [INFO] idaes.apps.grid_integration.pricetaker.price_taker_model: Created startup/shutdown constraints for operation model  reverse_osmosis.ro_skid[1] at ro_skid_1_startup_shutdown.
2026-05-18 15:24:32 [INFO] idaes.apps.grid_integration.pricetaker.price_taker_model: Found minimum uptime/downtime data for reverse_osmosis.ro_skid[2] - Adding minimum uptime/downtime constraints.
2026-05-18 15:24:32 [INFO] idaes.apps.grid_integration.pricetaker.price_taker_model: Created startup/shutdown constraints for operation model  reverse_osmosis.ro_skid[2] at ro_skid_2_startup_shutdown.
2026-05-18 15:24:32 [INFO] idaes.apps.grid_integration.pricetaker.price_taker_model: Found minimum uptime/downtime data for reverse_osmosis.ro_skid[3] - Adding minimum uptime/downtime constraints.
2026-05-18 15:24:33 [INFO] idaes.apps.grid_integration.pricetaker.price_taker_model: Created startup/shutdown constraints for operation model  reverse_osmosis.ro_skid[3] at ro_skid_3_startup_shutdown.
2026-05-18 15:24:33 [INFO] idaes.apps.grid_integration.pricetaker.price_taker_model: Found minimum uptime/downtime data for reverse_osmosis.ro_skid[4] - Adding minimum uptime/downtime constraints.
2026-05-18 15:24:33 [INFO] idaes.apps.grid_integration.pricetaker.price_taker_model: Created startup/shutdown constraints for operation model  reverse_osmosis.ro_skid[4] at ro_skid_4_startup_shutdown.
2691
Set parameter LogToConsole to value 1
Set parameter MIPGap to value 0.0012
Gurobi Optimizer version 12.0.3 build v12.0.3rc0 (linux64 - "Red Hat Enterprise Linux 8.8 (Ootpa)")

CPU model: Intel(R) Xeon(R) Platinum 8470QL, instruction set [SSE2|AVX|AVX2|AVX512]
Thread count: 104 physical cores, 104 logical processors, using up to 32 threads

Non-default parameters:
MIPGap  0.0012

Optimize a model with 18125 rows, 14963 columns and 44663 nonzeros
Model fingerprint: 0x7adba14f
Model has 2352 quadratic constraints
Model has 1 general nonlinear constraint (168 nonlinear terms)
Variable types: 11097 continuous, 3866 integer (3866 binary)
Coefficient statistics:
  Matrix range     [3e-02, 2e+03]
  QMatrix range    [2e-07, 1e+00]
  QLMatrix range   [1e-04, 1e+00]
  Objective range  [1e+00, 1e+00]
  Bounds range     [1e+00, 1e+03]
  RHS range        [1e+00, 3e+05]
  QRHS range       [2e-01, 3e-01]
Presolve removed 13211 rows and 9732 columns
Presolve time: 0.10s
Presolved: 13146 rows, 5232 columns, 34866 nonzeros
Presolved model has 2352 bilinear constraint(s)

Solving non-convex MIQCP

Variable types: 3734 continuous, 1498 integer (1498 binary)
Found heuristic solution: objective 11.2038340

Root relaxation: objective 1.068211e+01, 10506 iterations, 0.90 seconds (1.63 work units)

    Nodes    |    Current Node    |     Objective Bounds      |     Work
 Expl Unexpl |  Obj  Depth IntInf | Incumbent    BestBd   Gap | It/Node Time

     0     0   10.68211    0 1350   11.20383   10.68211  4.66%     -    1s
     0     0   11.03720    0 1254   11.20383   11.03720  1.49%     -    1s
H    0     0                      11.1736030   11.03720  1.22%     -    1s
H    0     0                      11.1569376   11.03720  1.07%     -    1s
     0     0   11.05363    0 2191   11.15694   11.05363  0.93%     -    1s
     0     0   11.05396    0 2191   11.15694   11.05396  0.92%     -    1s
     0     0   11.05718    0 2192   11.15694   11.05718  0.89%     -    2s
     0     0   11.05795    0 2195   11.15694   11.05795  0.89%     -    2s
     0     0   11.09823    0 1698   11.15694   11.09823  0.53%     -    3s
H    0     0                      11.1453994   11.09823  0.42%     -    4s
     0     0   11.09823    0 1589   11.14540   11.09823  0.42%     -    5s
     0     0   11.11499    0 1517   11.14540   11.11499  0.27%     -    5s
     0     0   11.11711    0 1517   11.14540   11.11711  0.25%     -    6s
     0     0   11.12317    0 1590   11.14540   11.12317  0.20%     -    6s
     0     0   11.12317    0 1590   11.14540   11.12317  0.20%     -    6s
     0     0   11.12399    0 1517   11.14540   11.12399  0.19%     -    6s
     0     0   11.12399    0 1252   11.14540   11.12399  0.19%     -    6s
     0     0   11.12406    0 1513   11.14540   11.12406  0.19%     -    6s
     0     0   11.12406    0 1517   11.14540   11.12406  0.19%     -    6s
     0     0   11.12406    0 1755   11.14540   11.12406  0.19%     -    6s
H    0     0                      11.1441124   11.12406  0.18%     -    7s
     0     2   11.12406    0 1755   11.14411   11.12406  0.18%     -    7s
   468   443   11.12689   12 1831   11.14411   11.12496  0.17%   200   10s
H 1108   985                      11.1441124   11.12496  0.17%   155   14s
  1445  1205   11.12868   37 1937   11.14411   11.12703  0.15%   175   15s
  2721  2713   11.12901   79 1801   11.14411   11.12703  0.15%   140   20s
  3084  2718   11.14049   14  178   11.14411   11.12968  0.13%   129   25s
  3086  2722   11.12968   12 1498   11.14411   11.12968  0.13%   134   38s
  3092  2722   11.12968   14 1543   11.14411   11.12968  0.13%   134   41s
  3139  2729   11.13530   19 1872   11.14411   11.13048  0.12%   139   45s
  4365  2944   11.13899   40 1534   11.14411   11.13061  0.12%   173   50s

Cutting planes:
  Cover: 8
  RLT: 724

Explored 4551 nodes (847451 simplex iterations) in 51.19 seconds (111.71 work units)
Thread count was 32 (of 104 available processors)

Solution count 4: 11.1441 11.1454 11.1569 11.2038 

Optimal solution found (tolerance 1.20e-03)
Best objective 1.114411241418e+01, best bound 1.113129905180e+01, gap 0.1150%
m.flow_changes_penalty(): 0.0
Total operational cost: 111441.12
Maximum power (kW): 1080.26
Discharge energy capacity (kWh): 360.72
Charge energy capacity (kWh): 1315.76
Levelized Cost of Flexibility ($/kWh): 207.90
{'fixed_demand_cost': 4757.425100165167, 'variable_demand_cost': 2555.0253266266905, 'fixed_monthly_cost': 171938.17204301074, 'total_water_production': 282179.67126280314, 'total_energy_cost': 17691.850112011824, 'total_demand_cost': 7312.450426791858, 'total_customer_cost': 0.0, 'total_feed_cost': 50843.18401257789, 'total_brine_cost': 15303.798390797388, 'total_chemical_cost': 19297.530491756745, 'raw_degree_of_flex': 0.0, 'degree_of_flex': 0.0, 'total_replacement_cost': 992.3107078853046, 'total_water_revenue': 0.0, 'total_demand_response_revenue': 0.0, 'total_emissions_cost': 0.0, 'total_op_cost': 111441.12414182101, 'fixed_cost': 121551.98252688172, 'total_cost': 232993.10666870273, 'LCOW': 0.8256906162871975, 'maximum_power': 1080.2627999422818, 'energy_capacity': 360.71821890159185, 'power_capacity': 10.306234825759768, 'round_trip_efficiency': 0, 'LVOF': 207.90469191560612}
Saved operation variable results to: /home/rchurchi/watertap_test/watertap/tutorials/flex_ro/wrd_result_winter_flow_0_flexible_trains.csv
2026-05-18 15:25:27 [INFO] idaes.core.surrogate.pysmo_surrogate: Decode surrogate. type=poly

===========================Polynomial Regression===============================================

The number of cross-validation cases (3) is used.
The default training/cross-validation split of 0.75 is used.
No iterations will be run.
Default parameter estimation method is used.
Parameter estimation method:  pyomo 

2026-05-18 15:25:27 [INFO] idaes.core.surrogate.pysmo_surrogate: Decode surrogate. type=poly

===========================Polynomial Regression===============================================

The number of cross-validation cases (3) is used.
The default training/cross-validation split of 0.75 is used.
No iterations will be run.
Default parameter estimation method is used.
Parameter estimation method:  pyomo 

2026-05-18 15:25:27 [INFO] idaes.core.surrogate.pysmo_surrogate: Decode surrogate. type=poly

===========================Polynomial Regression===============================================

The number of cross-validation cases (3) is used.
The default training/cross-validation split of 0.75 is used.
No iterations will be run.
Default parameter estimation method is used.
Parameter estimation method:  pyomo 

2026-05-18 15:25:27 [INFO] idaes.core.surrogate.pysmo_surrogate: Decode surrogate. type=poly

===========================Polynomial Regression===============================================

The number of cross-validation cases (3) is used.
The default training/cross-validation split of 0.75 is used.
No iterations will be run.
Default parameter estimation method is used.
Parameter estimation method:  pyomo 

2026-05-18 15:25:29 [INFO] idaes.apps.grid_integration.pricetaker.price_taker_model: Found minimum uptime/downtime data for pretreatment.uf_pumps[1] - Adding minimum uptime/downtime constraints.
2026-05-18 15:25:29 [INFO] idaes.apps.grid_integration.pricetaker.price_taker_model: Created startup/shutdown constraints for operation model  pretreatment.uf_pumps[1] at uf_pumps_1_startup_shutdown.
2026-05-18 15:25:29 [INFO] idaes.apps.grid_integration.pricetaker.price_taker_model: Found minimum uptime/downtime data for pretreatment.uf_pumps[2] - Adding minimum uptime/downtime constraints.
2026-05-18 15:25:29 [INFO] idaes.apps.grid_integration.pricetaker.price_taker_model: Created startup/shutdown constraints for operation model  pretreatment.uf_pumps[2] at uf_pumps_2_startup_shutdown.
2026-05-18 15:25:29 [INFO] idaes.apps.grid_integration.pricetaker.price_taker_model: Found minimum uptime/downtime data for pretreatment.uf_pumps[3] - Adding minimum uptime/downtime constraints.
2026-05-18 15:25:29 [INFO] idaes.apps.grid_integration.pricetaker.price_taker_model: Created startup/shutdown constraints for operation model  pretreatment.uf_pumps[3] at uf_pumps_3_startup_shutdown.
2026-05-18 15:25:29 [INFO] idaes.apps.grid_integration.pricetaker.price_taker_model: Found minimum uptime/downtime data for reverse_osmosis.ro_skid[1] - Adding minimum uptime/downtime constraints.
2026-05-18 15:25:29 [INFO] idaes.apps.grid_integration.pricetaker.price_taker_model: Created startup/shutdown constraints for operation model  reverse_osmosis.ro_skid[1] at ro_skid_1_startup_shutdown.
2026-05-18 15:25:29 [INFO] idaes.apps.grid_integration.pricetaker.price_taker_model: Found minimum uptime/downtime data for reverse_osmosis.ro_skid[2] - Adding minimum uptime/downtime constraints.
2026-05-18 15:25:29 [INFO] idaes.apps.grid_integration.pricetaker.price_taker_model: Created startup/shutdown constraints for operation model  reverse_osmosis.ro_skid[2] at ro_skid_2_startup_shutdown.
2026-05-18 15:25:29 [INFO] idaes.apps.grid_integration.pricetaker.price_taker_model: Found minimum uptime/downtime data for reverse_osmosis.ro_skid[3] - Adding minimum uptime/downtime constraints.
2026-05-18 15:25:29 [INFO] idaes.apps.grid_integration.pricetaker.price_taker_model: Created startup/shutdown constraints for operation model  reverse_osmosis.ro_skid[3] at ro_skid_3_startup_shutdown.
2026-05-18 15:25:29 [INFO] idaes.apps.grid_integration.pricetaker.price_taker_model: Found minimum uptime/downtime data for reverse_osmosis.ro_skid[4] - Adding minimum uptime/downtime constraints.
2026-05-18 15:25:29 [INFO] idaes.apps.grid_integration.pricetaker.price_taker_model: Created startup/shutdown constraints for operation model  reverse_osmosis.ro_skid[4] at ro_skid_4_startup_shutdown.
3866
Set parameter LogToConsole to value 1
Set parameter MIPGap to value 0.0012
Gurobi Optimizer version 12.0.3 build v12.0.3rc0 (linux64 - "Red Hat Enterprise Linux 8.8 (Ootpa)")

CPU model: Intel(R) Xeon(R) Platinum 8470QL, instruction set [SSE2|AVX|AVX2|AVX512]
Thread count: 104 physical cores, 104 logical processors, using up to 32 threads

Non-default parameters:
MIPGap  0.0012

Optimize a model with 18126 rows, 14963 columns and 45839 nonzeros
Model fingerprint: 0x61e66392
Model has 2352 quadratic constraints
Model has 1 general nonlinear constraint (168 nonlinear terms)
Variable types: 11097 continuous, 3866 integer (3866 binary)
Coefficient statistics:
  Matrix range     [3e-02, 2e+03]
  QMatrix range    [2e-07, 1e+00]
  QLMatrix range   [1e-04, 1e+00]
  Objective range  [1e+00, 1e+00]
  Bounds range     [1e+00, 1e+03]
  RHS range        [1e+00, 3e+05]
  QRHS range       [2e-01, 3e-01]
Presolve removed 18110 rows and 14935 columns
Presolve time: 0.06s
Presolved: 65 rows, 29 columns, 172 nonzeros
Presolved model has 14 bilinear constraint(s)

Solving non-convex MIQCP

Variable types: 27 continuous, 2 integer (2 binary)
Found heuristic solution: objective 12.1025892

Root relaxation: objective 1.137427e+01, 25 iterations, 0.00 seconds (0.00 work units)

    Nodes    |    Current Node    |     Objective Bounds      |     Work
 Expl Unexpl |  Obj  Depth IntInf | Incumbent    BestBd   Gap | It/Node Time

     0     0   11.37427    0    9   12.10259   11.37427  6.02%     -    0s
     0     0   11.39639    0    8   12.10259   11.39639  5.84%     -    0s
     0     0   11.81965    0    8   12.10259   11.81965  2.34%     -    0s
     0     0   11.90965    0    9   12.10259   11.90965  1.59%     -    0s
     0     0   11.91567    0    9   12.10259   11.91567  1.54%     -    0s
     0     0   11.91617    0    9   12.10259   11.91617  1.54%     -    0s
     0     0   12.00845    0    8   12.10259   12.00845  0.78%     -    0s
H    0     0                      12.0218638   12.00845  0.11%     -    0s

Explored 1 nodes (64 simplex iterations) in 0.07 seconds (0.13 work units)
Thread count was 32 (of 104 available processors)

Solution count 2: 12.0219 12.1026 

Optimal solution found (tolerance 1.20e-03)
Best objective 1.202186383221e+01, best bound 1.200844543686e+01, gap 0.1116%
m.flow_changes_penalty(): 0.0
Total operational cost: 120218.64
Maximum power (kW): 1079.67
Discharge energy capacity (kWh): 863.44
Charge energy capacity (kWh): 892.07
Levelized Cost of Flexibility ($/kWh): 76.69
{'fixed_demand_cost': 4832.356485330915, 'variable_demand_cost': 8913.443908248297, 'fixed_monthly_cost': 171938.17204301074, 'total_water_production': 282179.6712328764, 'total_energy_cost': 20036.01433949766, 'total_demand_cost': 13745.800393579211, 'total_customer_cost': 0.0, 'total_feed_cost': 50843.18400592369, 'total_brine_cost': 15303.798385783002, 'total_chemical_cost': 19297.530489448236, 'raw_degree_of_flex': 0.0, 'degree_of_flex': 0.0, 'total_replacement_cost': 992.3107078853046, 'total_water_revenue': 0.0, 'total_demand_response_revenue': 0.0, 'total_emissions_cost': 0.0, 'total_op_cost': 120218.6383221171, 'fixed_cost': 121551.98252688172, 'total_cost': 241770.62084899883, 'LCOW': 0.8567967344801074, 'maximum_power': 1079.6681136481902, 'energy_capacity': 863.4425302628683, 'power_capacity': 9.593805891809648, 'round_trip_efficiency': 0, 'LVOF': 76.69010229858499}
Saved operation variable results to: /home/rchurchi/watertap_test/watertap/tutorials/flex_ro/wrd_result_summer_no_flex_0_flexible_trains.csv
2026-05-18 15:25:33 [INFO] idaes.core.surrogate.pysmo_surrogate: Decode surrogate. type=poly

===========================Polynomial Regression===============================================

The number of cross-validation cases (3) is used.
The default training/cross-validation split of 0.75 is used.
No iterations will be run.
Default parameter estimation method is used.
Parameter estimation method:  pyomo 

2026-05-18 15:25:33 [INFO] idaes.core.surrogate.pysmo_surrogate: Decode surrogate. type=poly

===========================Polynomial Regression===============================================

The number of cross-validation cases (3) is used.
The default training/cross-validation split of 0.75 is used.
No iterations will be run.
Default parameter estimation method is used.
Parameter estimation method:  pyomo 

2026-05-18 15:25:33 [INFO] idaes.core.surrogate.pysmo_surrogate: Decode surrogate. type=poly

===========================Polynomial Regression===============================================

The number of cross-validation cases (3) is used.
The default training/cross-validation split of 0.75 is used.
No iterations will be run.
Default parameter estimation method is used.
Parameter estimation method:  pyomo 

2026-05-18 15:25:33 [INFO] idaes.core.surrogate.pysmo_surrogate: Decode surrogate. type=poly

===========================Polynomial Regression===============================================

The number of cross-validation cases (3) is used.
The default training/cross-validation split of 0.75 is used.
No iterations will be run.
Default parameter estimation method is used.
Parameter estimation method:  pyomo 

2026-05-18 15:25:35 [INFO] idaes.apps.grid_integration.pricetaker.price_taker_model: Found minimum uptime/downtime data for pretreatment.uf_pumps[1] - Adding minimum uptime/downtime constraints.
2026-05-18 15:25:35 [INFO] idaes.apps.grid_integration.pricetaker.price_taker_model: Created startup/shutdown constraints for operation model  pretreatment.uf_pumps[1] at uf_pumps_1_startup_shutdown.
2026-05-18 15:25:35 [INFO] idaes.apps.grid_integration.pricetaker.price_taker_model: Found minimum uptime/downtime data for pretreatment.uf_pumps[2] - Adding minimum uptime/downtime constraints.
2026-05-18 15:25:35 [INFO] idaes.apps.grid_integration.pricetaker.price_taker_model: Created startup/shutdown constraints for operation model  pretreatment.uf_pumps[2] at uf_pumps_2_startup_shutdown.
2026-05-18 15:25:35 [INFO] idaes.apps.grid_integration.pricetaker.price_taker_model: Found minimum uptime/downtime data for pretreatment.uf_pumps[3] - Adding minimum uptime/downtime constraints.
2026-05-18 15:25:35 [INFO] idaes.apps.grid_integration.pricetaker.price_taker_model: Created startup/shutdown constraints for operation model  pretreatment.uf_pumps[3] at uf_pumps_3_startup_shutdown.
2026-05-18 15:25:35 [INFO] idaes.apps.grid_integration.pricetaker.price_taker_model: Found minimum uptime/downtime data for reverse_osmosis.ro_skid[1] - Adding minimum uptime/downtime constraints.
2026-05-18 15:25:35 [INFO] idaes.apps.grid_integration.pricetaker.price_taker_model: Created startup/shutdown constraints for operation model  reverse_osmosis.ro_skid[1] at ro_skid_1_startup_shutdown.
2026-05-18 15:25:35 [INFO] idaes.apps.grid_integration.pricetaker.price_taker_model: Found minimum uptime/downtime data for reverse_osmosis.ro_skid[2] - Adding minimum uptime/downtime constraints.
2026-05-18 15:25:35 [INFO] idaes.apps.grid_integration.pricetaker.price_taker_model: Created startup/shutdown constraints for operation model  reverse_osmosis.ro_skid[2] at ro_skid_2_startup_shutdown.
2026-05-18 15:25:35 [INFO] idaes.apps.grid_integration.pricetaker.price_taker_model: Found minimum uptime/downtime data for reverse_osmosis.ro_skid[3] - Adding minimum uptime/downtime constraints.
2026-05-18 15:25:35 [INFO] idaes.apps.grid_integration.pricetaker.price_taker_model: Created startup/shutdown constraints for operation model  reverse_osmosis.ro_skid[3] at ro_skid_3_startup_shutdown.
2026-05-18 15:25:35 [INFO] idaes.apps.grid_integration.pricetaker.price_taker_model: Found minimum uptime/downtime data for reverse_osmosis.ro_skid[4] - Adding minimum uptime/downtime constraints.
2026-05-18 15:25:35 [INFO] idaes.apps.grid_integration.pricetaker.price_taker_model: Created startup/shutdown constraints for operation model  reverse_osmosis.ro_skid[4] at ro_skid_4_startup_shutdown.
3195
Set parameter LogToConsole to value 1
Set parameter MIPGap to value 0.0012
Gurobi Optimizer version 12.0.3 build v12.0.3rc0 (linux64 - "Red Hat Enterprise Linux 8.8 (Ootpa)")

CPU model: Intel(R) Xeon(R) Platinum 8470QL, instruction set [SSE2|AVX|AVX2|AVX512]
Thread count: 104 physical cores, 104 logical processors, using up to 32 threads

Non-default parameters:
MIPGap  0.0012

Optimize a model with 17621 rows, 16139 columns and 36615 nonzeros
Model fingerprint: 0xdaf849e7
Model has 2856 quadratic constraints
Model has 673 general nonlinear constraints (840 nonlinear terms)
Variable types: 12273 continuous, 3866 integer (3866 binary)
Coefficient statistics:
  Matrix range     [3e-02, 2e+03]
  QMatrix range    [2e-07, 1e+00]
  QLMatrix range   [3e-04, 2e+00]
  Objective range  [1e+00, 1e+00]
  Bounds range     [9e-01, 1e+03]
  RHS range        [1e+00, 3e+05]
  QRHS range       [3e-01, 1e+00]
Presolve model has 672 nlconstr
Added 1344 variables to disaggregate expressions.
Presolve removed 14736 rows and 9588 columns
Presolve time: 0.03s
Presolved: 20525 rows, 7896 columns, 49815 nonzeros
Presolved model has 3528 bilinear constraint(s)
Presolved model has 672 nonlinear constraint(s)

Solving non-convex MINLP

Variable types: 7395 continuous, 501 integer (501 binary)
Found heuristic solution: objective 14.8899343

Root relaxation: objective 1.445241e+01, 8283 iterations, 0.05 seconds (0.07 work units)

    Nodes    |    Current Node    |     Objective Bounds      |     Work
 Expl Unexpl |  Obj  Depth IntInf | Incumbent    BestBd   Gap | It/Node Time

     0     0   14.45241    0 1150   14.88993   14.45241  2.94%     -    0s
H    0     0                      14.8899342   14.45241  2.94%     -    0s
     0     0   14.78004    0 1128   14.88993   14.78004  0.74%     -    0s
     0     0   14.78004    0 1120   14.88993   14.78004  0.74%     -    0s
     0     0   14.78004    0 1120   14.88993   14.78004  0.74%     -    0s
     0     0   14.78004    0 1120   14.88993   14.78004  0.74%     -    0s
     0     0   14.78052    0 1120   14.88993   14.78052  0.73%     -    0s
     0     0          -    0        14.88993   14.87266  0.12%     -    0s

Cutting planes:
  RLT: 519

Explored 1 nodes (14236 simplex iterations) in 0.66 seconds (0.76 work units)
Thread count was 32 (of 104 available processors)

Solution count 1: 14.8899 

Optimal solution found (tolerance 1.20e-03)
Best objective 1.488993417555e+01, best bound 1.487265853488e+01, gap 0.1160%
m.flow_changes_penalty(): 0.0
Total operational cost: 148899.34
Maximum power (kW): 1435.00
Discharge energy capacity (kWh): 0.00
Charge energy capacity (kWh): 60436.46
Levelized Cost of Flexibility ($/kWh): nan
{'fixed_demand_cost': 6422.765404275789, 'variable_demand_cost': 11835.532818225318, 'fixed_monthly_cost': 171938.17204301074, 'total_water_production': 374122.73603320227, 'total_energy_cost': 26811.872904752145, 'total_demand_cost': 18258.298222501107, 'total_customer_cost': 0.0, 'total_feed_cost': 64727.042772176894, 'total_brine_cost': 13081.150955948742, 'total_chemical_cost': 25028.666192256, 'raw_degree_of_flex': 0.0, 'degree_of_flex': 0.0, 'total_replacement_cost': 992.3107078853046, 'total_water_revenue': 0.0, 'total_demand_response_revenue': -0.0, 'total_emissions_cost': 0.0, 'total_op_cost': 148899.3417555202, 'fixed_cost': 121551.98252688172, 'total_cost': 270451.32428240194, 'LCOW': 0.722894649894788, 'maximum_power': 1435.0048531353336, 'energy_capacity': 0.0, 'power_capacity': 0, 'round_trip_efficiency': 0, 'LVOF': nan}
Saved operation variable results to: /home/rchurchi/watertap_test/watertap/tutorials/flex_ro/wrd_result_summer_rr_0_flexible_trains.csv
2026-05-18 15:25:39 [INFO] idaes.core.surrogate.pysmo_surrogate: Decode surrogate. type=poly

===========================Polynomial Regression===============================================

The number of cross-validation cases (3) is used.
The default training/cross-validation split of 0.75 is used.
No iterations will be run.
Default parameter estimation method is used.
Parameter estimation method:  pyomo 

2026-05-18 15:25:39 [INFO] idaes.core.surrogate.pysmo_surrogate: Decode surrogate. type=poly

===========================Polynomial Regression===============================================

The number of cross-validation cases (3) is used.
The default training/cross-validation split of 0.75 is used.
No iterations will be run.
Default parameter estimation method is used.
Parameter estimation method:  pyomo 

2026-05-18 15:25:39 [INFO] idaes.core.surrogate.pysmo_surrogate: Decode surrogate. type=poly

===========================Polynomial Regression===============================================

The number of cross-validation cases (3) is used.
The default training/cross-validation split of 0.75 is used.
No iterations will be run.
Default parameter estimation method is used.
Parameter estimation method:  pyomo 

2026-05-18 15:25:39 [INFO] idaes.core.surrogate.pysmo_surrogate: Decode surrogate. type=poly

===========================Polynomial Regression===============================================

The number of cross-validation cases (3) is used.
The default training/cross-validation split of 0.75 is used.
No iterations will be run.
Default parameter estimation method is used.
Parameter estimation method:  pyomo 

2026-05-18 15:25:41 [INFO] idaes.apps.grid_integration.pricetaker.price_taker_model: Found minimum uptime/downtime data for pretreatment.uf_pumps[1] - Adding minimum uptime/downtime constraints.
2026-05-18 15:25:41 [INFO] idaes.apps.grid_integration.pricetaker.price_taker_model: Created startup/shutdown constraints for operation model  pretreatment.uf_pumps[1] at uf_pumps_1_startup_shutdown.
2026-05-18 15:25:41 [INFO] idaes.apps.grid_integration.pricetaker.price_taker_model: Found minimum uptime/downtime data for pretreatment.uf_pumps[2] - Adding minimum uptime/downtime constraints.
2026-05-18 15:25:41 [INFO] idaes.apps.grid_integration.pricetaker.price_taker_model: Created startup/shutdown constraints for operation model  pretreatment.uf_pumps[2] at uf_pumps_2_startup_shutdown.
2026-05-18 15:25:41 [INFO] idaes.apps.grid_integration.pricetaker.price_taker_model: Found minimum uptime/downtime data for pretreatment.uf_pumps[3] - Adding minimum uptime/downtime constraints.
2026-05-18 15:25:41 [INFO] idaes.apps.grid_integration.pricetaker.price_taker_model: Created startup/shutdown constraints for operation model  pretreatment.uf_pumps[3] at uf_pumps_3_startup_shutdown.
2026-05-18 15:25:41 [INFO] idaes.apps.grid_integration.pricetaker.price_taker_model: Found minimum uptime/downtime data for reverse_osmosis.ro_skid[1] - Adding minimum uptime/downtime constraints.
2026-05-18 15:25:41 [INFO] idaes.apps.grid_integration.pricetaker.price_taker_model: Created startup/shutdown constraints for operation model  reverse_osmosis.ro_skid[1] at ro_skid_1_startup_shutdown.
2026-05-18 15:25:41 [INFO] idaes.apps.grid_integration.pricetaker.price_taker_model: Found minimum uptime/downtime data for reverse_osmosis.ro_skid[2] - Adding minimum uptime/downtime constraints.
2026-05-18 15:25:41 [INFO] idaes.apps.grid_integration.pricetaker.price_taker_model: Created startup/shutdown constraints for operation model  reverse_osmosis.ro_skid[2] at ro_skid_2_startup_shutdown.
2026-05-18 15:25:41 [INFO] idaes.apps.grid_integration.pricetaker.price_taker_model: Found minimum uptime/downtime data for reverse_osmosis.ro_skid[3] - Adding minimum uptime/downtime constraints.
2026-05-18 15:25:41 [INFO] idaes.apps.grid_integration.pricetaker.price_taker_model: Created startup/shutdown constraints for operation model  reverse_osmosis.ro_skid[3] at ro_skid_3_startup_shutdown.
2026-05-18 15:25:41 [INFO] idaes.apps.grid_integration.pricetaker.price_taker_model: Found minimum uptime/downtime data for reverse_osmosis.ro_skid[4] - Adding minimum uptime/downtime constraints.
2026-05-18 15:25:42 [INFO] idaes.apps.grid_integration.pricetaker.price_taker_model: Created startup/shutdown constraints for operation model  reverse_osmosis.ro_skid[4] at ro_skid_4_startup_shutdown.
2691
Set parameter LogToConsole to value 1
Set parameter MIPGap to value 0.0012
Gurobi Optimizer version 12.0.3 build v12.0.3rc0 (linux64 - "Red Hat Enterprise Linux 8.8 (Ootpa)")

CPU model: Intel(R) Xeon(R) Platinum 8470QL, instruction set [SSE2|AVX|AVX2|AVX512]
Thread count: 104 physical cores, 104 logical processors, using up to 32 threads

Non-default parameters:
MIPGap  0.0012

Optimize a model with 18125 rows, 14963 columns and 44663 nonzeros
Model fingerprint: 0xfc7b37fc
Model has 2352 quadratic constraints
Model has 1 general nonlinear constraint (168 nonlinear terms)
Variable types: 11097 continuous, 3866 integer (3866 binary)
Coefficient statistics:
  Matrix range     [3e-02, 2e+03]
  QMatrix range    [2e-07, 1e+00]
  QLMatrix range   [1e-04, 1e+00]
  Objective range  [1e+00, 1e+00]
  Bounds range     [1e+00, 1e+03]
  RHS range        [1e+00, 3e+05]
  QRHS range       [2e-01, 3e-01]
Presolve removed 13211 rows and 9732 columns
Presolve time: 0.10s
Presolved: 13146 rows, 5232 columns, 34866 nonzeros
Presolved model has 2352 bilinear constraint(s)

Solving non-convex MIQCP

Variable types: 3734 continuous, 1498 integer (1498 binary)
Found heuristic solution: objective 12.1025892

Root relaxation: objective 1.139445e+01, 10722 iterations, 0.92 seconds (1.60 work units)

    Nodes    |    Current Node    |     Objective Bounds      |     Work
 Expl Unexpl |  Obj  Depth IntInf | Incumbent    BestBd   Gap | It/Node Time

     0     0   11.39445    0 1895   12.10259   11.39445  5.85%     -    1s
     0     0   11.87450    0 1422   12.10259   11.87450  1.88%     -    1s
H    0     0                      12.0775465   11.87450  1.68%     -    1s
     0     0   11.89606    0 1537   12.07755   11.89606  1.50%     -    1s
     0     0   11.89646    0 1535   12.07755   11.89646  1.50%     -    1s
     0     0   11.90598    0 2200   12.07755   11.90598  1.42%     -    2s
     0     0   11.92012    0 2134   12.07755   11.92012  1.30%     -    2s
     0     0   11.92196    0 2128   12.07755   11.92196  1.29%     -    2s
     0     0   11.92841    0 1813   12.07755   11.92841  1.23%     -    2s
     0     0   11.97460    0 1799   12.07755   11.97460  0.85%     -    3s
H    0     0                      12.0217456   11.97460  0.39%     -    3s
     0     0   11.98345    0 1985   12.02175   11.98345  0.32%     -    3s
     0     0   11.98362    0 1965   12.02175   11.98362  0.32%     -    3s
     0     0   11.98402    0 1625   12.02175   11.98402  0.31%     -    3s
     0     0   11.98402    0 1625   12.02175   11.98402  0.31%     -    3s
     0     0   11.98403    0 1625   12.02175   11.98403  0.31%     -    3s
     0     0   11.98411    0 2067   12.02175   11.98411  0.31%     -    4s
     0     0   11.98411    0 1600   12.02175   11.98411  0.31%     -    6s
     0     0   11.99084    0 1413   12.02175   11.99084  0.26%     -    6s
     0     0   11.99102    0 1576   12.02175   11.99102  0.26%     -    6s
     0     0   11.99180    0 1621   12.02175   11.99180  0.25%     -    6s
     0     0   11.99192    0 1792   12.02175   11.99192  0.25%     -    6s
     0     0   11.99222    0 1722   12.02175   11.99222  0.25%     -    6s
     0     0   11.99238    0 1768   12.02175   11.99238  0.24%     -    6s
     0     0   11.99239    0 1768   12.02175   11.99239  0.24%     -    6s
     0     0   11.99240    0 1723   12.02175   11.99240  0.24%     -    6s
     0     0   11.99245    0 1723   12.02175   11.99245  0.24%     -    6s
     0     0   11.99245    0 1723   12.02175   11.99245  0.24%     -    6s
     0     0   11.99245    0 1723   12.02175   11.99245  0.24%     -    6s
     0     0   11.99245    0 1723   12.02175   11.99245  0.24%     -    6s
     0     0   11.99245    0 1723   12.02175   11.99245  0.24%     -    6s
     0     0   11.99245    0 1723   12.02175   11.99245  0.24%     -    6s
     0     0   11.99322    0 1844   12.02175   11.99322  0.24%     -    7s
H    0     0                      12.0217432   11.99322  0.24%     -    7s
     0     2   11.99322    0 1844   12.02174   11.99322  0.24%     -    7s
  1460  1503   12.00098   45 1676   12.02174   11.99525  0.22%  42.0   10s
H 3318  3433                      12.0217432   11.99536  0.22%  33.1   11s
  6205  6396   12.00162  213 1368   12.02174   11.99536  0.22%  24.6   23s
  9974 10268   12.00188  333 1375   12.02174   11.99536  0.22%  21.7   28s
H11068 10796                      12.0217432   11.99536  0.22%  20.8   28s
H11573 11354                      12.0217432   11.99536  0.22%  20.8   29s
H15145 14752                      12.0217432   11.99539  0.22%  20.7   29s
 15146 14753   12.00470   22  174   12.02174   11.99539  0.22%  20.7   31s
 15168 14768   12.01018  372   34   12.02174   11.99539  0.22%  20.7   35s
 15170 14772   11.99557   12 1585   12.02174   11.99557  0.22%  22.1   53s
 15176 14782   11.99904   14 1622   12.02174   11.99759  0.20%  22.3   55s
H16207 14710                      12.0217432   11.99811  0.20%  27.8   58s
 17614 15688   12.00412   39 1567   12.02174   11.99910  0.19%  30.1   60s
 22922 19043   12.00025   82 1450   12.02174   11.99999  0.18%  33.9   65s
 28175 22135   12.00083  113 1513   12.02174   12.00052  0.18%  38.8   70s
 34958 26463   12.00118  153 1603   12.02174   12.00101  0.17%  42.2   75s
 47938 34092   12.00193  232 1433   12.02174   12.00108  0.17%  42.8   80s
H49316 33892                      12.0217422   12.00108  0.17%  43.1   80s
 56393 38805   12.00316  301 1729   12.02174   12.00316  0.15%  46.4   85s
H57050 38805                      12.0217420   12.00318  0.15%  46.7   85s
 60711 41382   12.00503   70  174   12.02174   12.00378  0.15%  46.4   98s
 60717 41386   12.01361  320  183   12.02174   12.00378  0.15%  46.4  100s
 60727 41393   12.01548  489  174   12.02174   12.00378  0.15%  46.4  105s
 60731 41398   12.00378   25 1710   12.02174   12.00378  0.15%  46.6  127s
 60737 41408   12.01152   27 1649   12.02174   12.00378  0.15%  46.7  131s
 61267 41757   12.01035   46 1433   12.02174   12.00378  0.15%  48.3  135s
 62396 42458   12.01137   96 1726   12.02174   12.00378  0.15%  49.9  140s
 63496 43065   12.01217  130 1732   12.02174   12.00378  0.15%  51.2  145s
 66202 44522   12.01647  208 1490   12.02174   12.00378  0.15%  53.8  150s
 69365 46095   12.01962  144 1478   12.02174   12.00408  0.15%  56.8  155s
 72459 47562   12.01419   89 1480   12.02174   12.00434  0.14%  60.5  160s
H75316 47026                      12.0217415   12.00458  0.14%  61.8  164s
 77222 47905   12.01432   43 1605   12.02174   12.00475  0.14%  62.4  165s
 81778 50816   12.01699  132 1408   12.02174   12.00483  0.14%  63.4  170s
 89194 54634   12.00986   52 1482   12.02174   12.00498  0.14%  63.9  175s
 93798 57200   12.01871  269 1665   12.02174   12.00523  0.14%  66.9  180s
H98425 56640                      12.0217414   12.00525  0.14%  68.9  183s
 98755 57918     cutoff  105        12.02174   12.00526  0.14%  69.3  185s
 105364 61491   12.01704  117 1330   12.02174   12.00537  0.14%  72.5  191s
H106091 59380                      12.0217413   12.00537  0.14%  72.7  191s
H106582 57442                      12.0217413   12.00537  0.14%  72.8  191s
 109903 59753   12.01873   85 1751   12.02174   12.00537  0.14%  73.9  195s
H114822 58714                      12.0217412   12.00546  0.14%  75.7  199s
 115332 60612   12.01894   56 1730   12.02174   12.00546  0.14%  76.2  201s
 119987 63472   12.01542   68 1577   12.02174   12.00564  0.13%  77.8  205s
H123402 63154                      12.0217412   12.00570  0.13%  78.5  207s
H123725 61524                      12.0217412   12.00570  0.13%  78.6  207s
H125069 59631                      12.0217407   12.00570  0.13%  78.4  207s
 129580 62763   12.01772   87 1739   12.02174   12.00572  0.13%  78.7  211s
H133955 62124                      12.0217407   12.00580  0.13%  79.9  213s
 134611 64514   12.01457  116 1601   12.02174   12.00580  0.13%  80.3  215s
H142531 69345                      12.0217406   12.00591  0.13%  80.7  219s
 145228 72502   12.01400   53 1671   12.02174   12.00594  0.13%  80.8  221s
 152828 77512   12.01719  112 1501   12.02174   12.00611  0.13%  81.5  226s
H156450 80281                      12.0217406   12.00616  0.13%  82.5  228s
H157630 80281                      12.0217404   12.00616  0.13%  82.8  228s
 159512 81915   12.01051  110 1612   12.02174   12.00616  0.13%  82.9  231s
 165777 87502   12.01416  118 1634   12.02174   12.00622  0.13%  83.4  236s
H166603 87502                      12.0217404   12.00622  0.13%  83.9  236s
H167207 87502                      12.0217403   12.00629  0.13%  84.2  236s
 171126 92033   12.01602  105 1429   12.02174   12.00636  0.13%  85.6  241s
 176838 95083   12.01881   55 1683   12.02174   12.00643  0.13%  88.0  246s
 181621 98948     cutoff  100        12.02174   12.00649  0.13%  91.1  252s
 185004 102016   12.01320   88 1680   12.02174   12.00649  0.13%  92.7  256s
 192294 107025   12.01308   64 1558   12.02174   12.00665  0.13%  94.9  262s
 195389 107978     cutoff  130        12.02174   12.00668  0.13%  96.2  265s
H196846 107978                      12.0217401   12.00673  0.12%  97.0  265s
 201077 112201   12.01288   51 1545   12.02174   12.00676  0.12%  98.8  272s
 204735 114580     cutoff   57        12.02174   12.00680  0.12%   100  275s
 211764 118358   12.01194   52 1608   12.02174   12.00680  0.12%   102  281s
H214958 120035                      12.0217399   12.00693  0.12%   103  284s
 216607 122875   12.01896   92 1409   12.02174   12.00694  0.12%   104  288s
 220687 126870   12.01628   97 1509   12.02174   12.00698  0.12%   105  291s
H226637 128865                      12.0217399   12.00700  0.12%   105  294s
 228234 130321   12.01803  110 1614   12.02174   12.00700  0.12%   106  297s
 230783 132495   12.01207   69 1137   12.02174   12.00700  0.12%   107  300s
 237239 136266   12.01473   91 1518   12.02174   12.00713  0.12%   109  306s
 242137 141699     cutoff   84        12.02174   12.00715  0.12%   110  314s
H242964 141699                      12.0217399   12.00715  0.12%   111  314s
H246621 141699                      12.0217399   12.00721  0.12%   111  314s
 248095 144416   12.01544   81 1443   12.02174   12.00724  0.12%   111  317s
 251978 146470     cutoff   87        12.02174   12.00726  0.12%   111  320s

Cutting planes:
  Learned: 36
  Gomory: 2
  Cover: 74
  Implied bound: 5
  MIR: 30
  StrongCG: 1
  Flow cover: 51
  RLT: 821
  Relax-and-lift: 89

Explored 255409 nodes (28614463 simplex iterations) in 320.37 seconds (836.75 work units)
Thread count was 32 (of 104 available processors)

Solution count 5: 12.0217 12.0217 12.0217 ... 12.1026

Optimal solution found (tolerance 1.20e-03)
Best objective 1.202173988107e+01, best bound 1.200732137159e+01, gap 0.1199%
m.flow_changes_penalty(): 0.0
Total operational cost: 120217.40
Maximum power (kW): 1079.63
Discharge energy capacity (kWh): 866.97
Charge energy capacity (kWh): 889.01
Levelized Cost of Flexibility ($/kWh): 76.38
{'fixed_demand_cost': 4832.180387750717, 'variable_demand_cost': 8913.1190903446, 'fixed_monthly_cost': 171938.17204301074, 'total_water_production': 282179.6712328786, 'total_energy_cost': 20035.275743573962, 'total_demand_cost': 13745.299478095318, 'total_customer_cost': 0.0, 'total_feed_cost': 50843.18400592379, 'total_brine_cost': 15303.798385782491, 'total_chemical_cost': 19297.530489448443, 'raw_degree_of_flex': 0.0, 'degree_of_flex': 0.0, 'total_replacement_cost': 992.3107078853046, 'total_water_revenue': 0.0, 'total_demand_response_revenue': 0.0, 'total_emissions_cost': 0.0, 'total_op_cost': 120217.3988107093, 'fixed_cost': 121551.98252688172, 'total_cost': 241769.38133759104, 'LCOW': 0.8567923418482633, 'maximum_power': 1079.6287690876677, 'energy_capacity': 866.9678448190807, 'power_capacity': 9.632976053545342, 'round_trip_efficiency': 0, 'LVOF': 76.37969029870374}
Saved operation variable results to: /home/rchurchi/watertap_test/watertap/tutorials/flex_ro/wrd_result_summer_flow_0_flexible_trains.csv
Saved summary results to: /home/rchurchi/watertap_test/watertap/tutorials/flex_ro/wrd_pricetaker_summary_results.csv
