2026-05-18 17:41:23 [INFO] idaes.core.surrogate.pysmo_surrogate: Decode surrogate. type=poly

===========================Polynomial Regression===============================================

The number of cross-validation cases (3) is used.
The default training/cross-validation split of 0.75 is used.
No iterations will be run.
Default parameter estimation method is used.
Parameter estimation method:  pyomo 

2026-05-18 17:41:23 [INFO] idaes.core.surrogate.pysmo_surrogate: Decode surrogate. type=poly

===========================Polynomial Regression===============================================

The number of cross-validation cases (3) is used.
The default training/cross-validation split of 0.75 is used.
No iterations will be run.
Default parameter estimation method is used.
Parameter estimation method:  pyomo 

2026-05-18 17:41:23 [INFO] idaes.core.surrogate.pysmo_surrogate: Decode surrogate. type=poly

===========================Polynomial Regression===============================================

The number of cross-validation cases (3) is used.
The default training/cross-validation split of 0.75 is used.
No iterations will be run.
Default parameter estimation method is used.
Parameter estimation method:  pyomo 

2026-05-18 17:41:23 [INFO] idaes.core.surrogate.pysmo_surrogate: Decode surrogate. type=poly

===========================Polynomial Regression===============================================

The number of cross-validation cases (3) is used.
The default training/cross-validation split of 0.75 is used.
No iterations will be run.
Default parameter estimation method is used.
Parameter estimation method:  pyomo 

2026-05-18 17:41:24 [INFO] idaes.apps.grid_integration.pricetaker.price_taker_model: Found minimum uptime/downtime data for pretreatment.uf_pumps[1] - Adding minimum uptime/downtime constraints.
2026-05-18 17:41:24 [INFO] idaes.apps.grid_integration.pricetaker.price_taker_model: Created startup/shutdown constraints for operation model  pretreatment.uf_pumps[1] at uf_pumps_1_startup_shutdown.
2026-05-18 17:41:24 [INFO] idaes.apps.grid_integration.pricetaker.price_taker_model: Found minimum uptime/downtime data for pretreatment.uf_pumps[2] - Adding minimum uptime/downtime constraints.
2026-05-18 17:41:24 [INFO] idaes.apps.grid_integration.pricetaker.price_taker_model: Created startup/shutdown constraints for operation model  pretreatment.uf_pumps[2] at uf_pumps_2_startup_shutdown.
2026-05-18 17:41:24 [INFO] idaes.apps.grid_integration.pricetaker.price_taker_model: Found minimum uptime/downtime data for pretreatment.uf_pumps[3] - Adding minimum uptime/downtime constraints.
2026-05-18 17:41:24 [INFO] idaes.apps.grid_integration.pricetaker.price_taker_model: Created startup/shutdown constraints for operation model  pretreatment.uf_pumps[3] at uf_pumps_3_startup_shutdown.
2026-05-18 17:41:24 [INFO] idaes.apps.grid_integration.pricetaker.price_taker_model: Found minimum uptime/downtime data for reverse_osmosis.ro_skid[1] - Adding minimum uptime/downtime constraints.
2026-05-18 17:41:24 [INFO] idaes.apps.grid_integration.pricetaker.price_taker_model: Created startup/shutdown constraints for operation model  reverse_osmosis.ro_skid[1] at ro_skid_1_startup_shutdown.
2026-05-18 17:41:24 [INFO] idaes.apps.grid_integration.pricetaker.price_taker_model: Found minimum uptime/downtime data for reverse_osmosis.ro_skid[2] - Adding minimum uptime/downtime constraints.
2026-05-18 17:41:24 [INFO] idaes.apps.grid_integration.pricetaker.price_taker_model: Created startup/shutdown constraints for operation model  reverse_osmosis.ro_skid[2] at ro_skid_2_startup_shutdown.
2026-05-18 17:41:24 [INFO] idaes.apps.grid_integration.pricetaker.price_taker_model: Found minimum uptime/downtime data for reverse_osmosis.ro_skid[3] - Adding minimum uptime/downtime constraints.
2026-05-18 17:41:24 [INFO] idaes.apps.grid_integration.pricetaker.price_taker_model: Created startup/shutdown constraints for operation model  reverse_osmosis.ro_skid[3] at ro_skid_3_startup_shutdown.
2026-05-18 17:41:24 [INFO] idaes.apps.grid_integration.pricetaker.price_taker_model: Found minimum uptime/downtime data for reverse_osmosis.ro_skid[4] - Adding minimum uptime/downtime constraints.
2026-05-18 17:41:24 [INFO] idaes.apps.grid_integration.pricetaker.price_taker_model: Created startup/shutdown constraints for operation model  reverse_osmosis.ro_skid[4] at ro_skid_4_startup_shutdown.
3361
Set parameter TokenServer to value "10.60.1.73"
Set parameter LogToConsole to value 1
Set parameter MIPGap to value 0.007
Gurobi Optimizer version 12.0.3 build v12.0.3rc0 (linux64 - "Red Hat Enterprise Linux 8.8 (Ootpa)")

CPU model: Intel(R) Xeon(R) Platinum 8470QL, instruction set [SSE2|AVX|AVX2|AVX512]
Thread count: 104 physical cores, 104 logical processors, using up to 32 threads

Non-default parameters:
MIPGap  0.007

Optimize a model with 18125 rows, 15635 columns and 46671 nonzeros
Model fingerprint: 0xb62badbd
Model has 2352 quadratic constraints
Model has 1 general nonlinear constraint (168 nonlinear terms)
Variable types: 11097 continuous, 4538 integer (4538 binary)
Coefficient statistics:
  Matrix range     [2e-02, 2e+03]
  QMatrix range    [2e-07, 1e+00]
  QLMatrix range   [1e-04, 1e+00]
  Objective range  [1e+00, 1e+00]
  Bounds range     [1e+00, 1e+03]
  RHS range        [1e+00, 3e+05]
  QRHS range       [2e-01, 3e-01]
Presolve model has 1 nlconstr
Added 4 variables to disaggregate expressions.
Presolve removed 9732 rows and 8420 columns
Presolve time: 0.22s
Presolved: 16646 rows, 7220 columns, 44010 nonzeros
Presolved model has 2354 bilinear constraint(s)
Presolved model has 2 nonlinear constraint(s)

Solving non-convex MINLP

Variable types: 4713 continuous, 2507 integer (2507 binary)
Found heuristic solution: objective 11.2038340

Root simplex log...

Iteration    Objective       Primal Inf.    Dual Inf.      Time
   25364    1.0121148e+01   0.000000e+00   5.363507e-01      5s
   26418    1.0117842e+01   0.000000e+00   0.000000e+00      5s

Root relaxation: objective 1.011784e+01, 26418 iterations, 4.91 seconds (6.97 work units)
Total elapsed time = 5.26s (DegenMoves)

    Nodes    |    Current Node    |     Objective Bounds      |     Work
 Expl Unexpl |  Obj  Depth IntInf | Incumbent    BestBd   Gap | It/Node Time

     0     0   10.11784    0 2863   11.20383   10.11784  9.69%     -    5s
     0     0   10.33041    0 2079   11.20383   10.33041  7.80%     -    6s
     0     0   10.34156    0 2076   11.20383   10.34156  7.70%     -    7s
     0     0   10.90970    0 2067   11.20383   10.90970  2.63%     -    9s
     0     0   10.91484    0 2033   11.20383   10.91484  2.58%     -   10s
     0     0   10.95655    0 2242   11.20383   10.95655  2.21%     -   10s
     0     0   10.95748    0 2246   11.20383   10.95748  2.20%     -   10s
     0     0   10.95813    0 2256   11.20383   10.95813  2.19%     -   10s
     0     0   10.98874    0 2578   11.20383   10.98874  1.92%     -   12s
     0     0   10.99685    0 2447   11.20383   10.99685  1.85%     -   14s
     0     0   10.99818    0 2679   11.20383   10.99818  1.84%     -   15s
     0     0   11.00095    0 2708   11.20383   11.00095  1.81%     -   15s
     0     0   11.00274    0 2665   11.20383   11.00274  1.79%     -   15s
     0     0   11.00456    0 2650   11.20383   11.00456  1.78%     -   16s
     0     0   11.00534    0 2635   11.20383   11.00534  1.77%     -   16s
     0     0   11.00667    0 2708   11.20383   11.00667  1.76%     -   16s
     0     0   11.00683    0 2675   11.20383   11.00683  1.76%     -   16s
     0     0   11.01233    0 2693   11.20383   11.01233  1.71%     -   17s
     0     0   11.01287    0 2689   11.20383   11.01287  1.70%     -   17s
     0     0   11.01378    0 2665   11.20383   11.01378  1.70%     -   17s
     0     0   11.09748    0 2241   11.20383   11.09748  0.95%     -   19s
     0     2   11.09748    0 2241   11.20383   11.09748  0.95%     -   21s
    89   141   11.15285    7 2370   11.20383   11.09826  0.94%   996   30s
H  130   141                      11.1691151   11.09826  0.63%   795   30s
H  133   141                      11.1585804   11.09826  0.54%   782   30s

Cutting planes:
  Learned: 34
  Cover: 153
  Implied bound: 485
  Clique: 45
  MIR: 110
  Flow cover: 585
  RLT: 961
  Relax-and-lift: 92
  BQP: 13

Explored 168 nodes (195444 simplex iterations) in 30.61 seconds (48.54 work units)
Thread count was 32 (of 104 available processors)

Solution count 3: 11.1586 11.1691 11.2038 

Optimal solution found (tolerance 7.00e-03)
Best objective 1.115858037964e+01, best bound 1.109826001891e+01, gap 0.5406%
m.flow_changes_penalty(): 100.0
Total operational cost: 111485.80
Maximum power (kW): 1082.18
Discharge energy capacity (kWh): 1785.96
Charge energy capacity (kWh): 38.76
Levelized Cost of Flexibility ($/kWh): -0.02
{'fixed_demand_cost': 4765.859680651553, 'variable_demand_cost': 2559.5564198121156, 'fixed_monthly_cost': 171938.17204301074, 'total_water_production': 282179.6712328771, 'total_energy_cost': 17723.564106926267, 'total_demand_cost': 7325.416100463669, 'total_customer_cost': 0.0, 'total_feed_cost': 50843.184005923955, 'total_brine_cost': 15303.798385783795, 'total_chemical_cost': 19297.53048944837, 'raw_degree_of_flex': 0.0, 'degree_of_flex': 0.0, 'total_replacement_cost': 992.3107078853046, 'total_water_revenue': 0.0, 'total_demand_response_revenue': 0.0, 'total_emissions_cost': 0.0, 'total_op_cost': 111485.80379643137, 'fixed_cost': 121551.98252688172, 'total_cost': 233037.78632331308, 'LCOW': 0.8258489539843278, 'maximum_power': 1082.1780299965071, 'energy_capacity': 1785.9617445839847, 'power_capacity': 13.428283793864546, 'round_trip_efficiency': 0, 'LVOF': -0.024451531303546967}
Saved operation variable results to: /home/rchurchi/watertap_test/watertap/tutorials/flex_ro/wrd_result_winter_no_flex_2_flexible_trains.csv
Saved summary results to: /home/rchurchi/watertap_test/watertap/tutorials/flex_ro/wrd_pricetaker_summary_results.csv
