2026-05-20 17:23:54 [INFO] idaes.core.surrogate.pysmo_surrogate: Decode surrogate. type=poly

===========================Polynomial Regression===============================================

The number of cross-validation cases (3) is used.
The default training/cross-validation split of 0.75 is used.
No iterations will be run.
Default parameter estimation method is used.
Parameter estimation method:  pyomo 

2026-05-20 17:23:54 [INFO] idaes.core.surrogate.pysmo_surrogate: Decode surrogate. type=poly

===========================Polynomial Regression===============================================

The number of cross-validation cases (3) is used.
The default training/cross-validation split of 0.75 is used.
No iterations will be run.
Default parameter estimation method is used.
Parameter estimation method:  pyomo 

2026-05-20 17:23:54 [INFO] idaes.core.surrogate.pysmo_surrogate: Decode surrogate. type=poly

===========================Polynomial Regression===============================================

The number of cross-validation cases (3) is used.
The default training/cross-validation split of 0.75 is used.
No iterations will be run.
Default parameter estimation method is used.
Parameter estimation method:  pyomo 

2026-05-20 17:23:54 [INFO] idaes.core.surrogate.pysmo_surrogate: Decode surrogate. type=poly

===========================Polynomial Regression===============================================

The number of cross-validation cases (3) is used.
The default training/cross-validation split of 0.75 is used.
No iterations will be run.
Default parameter estimation method is used.
Parameter estimation method:  pyomo 

2026-05-20 17:23:55 [INFO] idaes.apps.grid_integration.pricetaker.price_taker_model: Found minimum uptime/downtime data for pretreatment.uf_pumps[1] - Adding minimum uptime/downtime constraints.
2026-05-20 17:23:55 [INFO] idaes.apps.grid_integration.pricetaker.price_taker_model: Created startup/shutdown constraints for operation model  pretreatment.uf_pumps[1] at uf_pumps_1_startup_shutdown.
2026-05-20 17:23:55 [INFO] idaes.apps.grid_integration.pricetaker.price_taker_model: Found minimum uptime/downtime data for pretreatment.uf_pumps[2] - Adding minimum uptime/downtime constraints.
2026-05-20 17:23:55 [INFO] idaes.apps.grid_integration.pricetaker.price_taker_model: Created startup/shutdown constraints for operation model  pretreatment.uf_pumps[2] at uf_pumps_2_startup_shutdown.
2026-05-20 17:23:55 [INFO] idaes.apps.grid_integration.pricetaker.price_taker_model: Found minimum uptime/downtime data for pretreatment.uf_pumps[3] - Adding minimum uptime/downtime constraints.
2026-05-20 17:23:55 [INFO] idaes.apps.grid_integration.pricetaker.price_taker_model: Created startup/shutdown constraints for operation model  pretreatment.uf_pumps[3] at uf_pumps_3_startup_shutdown.
2026-05-20 17:23:55 [INFO] idaes.apps.grid_integration.pricetaker.price_taker_model: Found minimum uptime/downtime data for reverse_osmosis.ro_skid[1] - Adding minimum uptime/downtime constraints.
2026-05-20 17:23:55 [INFO] idaes.apps.grid_integration.pricetaker.price_taker_model: Created startup/shutdown constraints for operation model  reverse_osmosis.ro_skid[1] at ro_skid_1_startup_shutdown.
2026-05-20 17:23:55 [INFO] idaes.apps.grid_integration.pricetaker.price_taker_model: Found minimum uptime/downtime data for reverse_osmosis.ro_skid[2] - Adding minimum uptime/downtime constraints.
2026-05-20 17:23:55 [INFO] idaes.apps.grid_integration.pricetaker.price_taker_model: Created startup/shutdown constraints for operation model  reverse_osmosis.ro_skid[2] at ro_skid_2_startup_shutdown.
2026-05-20 17:23:55 [INFO] idaes.apps.grid_integration.pricetaker.price_taker_model: Found minimum uptime/downtime data for reverse_osmosis.ro_skid[3] - Adding minimum uptime/downtime constraints.
2026-05-20 17:23:55 [INFO] idaes.apps.grid_integration.pricetaker.price_taker_model: Created startup/shutdown constraints for operation model  reverse_osmosis.ro_skid[3] at ro_skid_3_startup_shutdown.
2026-05-20 17:23:55 [INFO] idaes.apps.grid_integration.pricetaker.price_taker_model: Found minimum uptime/downtime data for reverse_osmosis.ro_skid[4] - Adding minimum uptime/downtime constraints.
2026-05-20 17:23:55 [INFO] idaes.apps.grid_integration.pricetaker.price_taker_model: Created startup/shutdown constraints for operation model  reverse_osmosis.ro_skid[4] at ro_skid_4_startup_shutdown.
5209
Set parameter TokenServer to value "10.60.1.73"
Set parameter LogToConsole to value 1
Set parameter MIPGap to value 0.005
Gurobi Optimizer version 12.0.3 build v12.0.3rc0 (linux64 - "Red Hat Enterprise Linux 8.8 (Ootpa)")

CPU model: Intel(R) Xeon(R) Platinum 8470QL, instruction set [SSE2|AVX|AVX2|AVX512]
Thread count: 104 physical cores, 104 logical processors, using up to 32 threads

Non-default parameters:
MIPGap  0.005

Optimize a model with 16949 rows, 18154 columns and 46997 nonzeros
Model fingerprint: 0x810437af
Model has 168 quadratic objective terms
Model has 3528 quadratic constraints
Model has 672 general nonlinear constraints (672 nonlinear terms)
Variable types: 12944 continuous, 5210 integer (5210 binary)
Coefficient statistics:
  Matrix range     [2e-02, 2e+03]
  QMatrix range    [2e-07, 1e+00]
  QLMatrix range   [1e-04, 2e+00]
  Objective range  [7e-06, 5e-03]
  QObjective range [2e-04, 2e-04]
  Bounds range     [9e-01, 1e+03]
  RHS range        [1e+00, 3e+05]
  QRHS range       [3e-01, 1e+00]
Presolve model has 672 nlconstr
Added 2688 variables to disaggregate expressions.
Presolve removed 5223 rows and 7267 columns
Presolve time: 0.15s
Presolved: 38438 rows, 16096 columns, 93770 nonzeros
Presolved model has 336 SOS constraint(s)
Presolved model has 4872 bilinear constraint(s)
Presolved model has 672 nonlinear constraint(s)

Solving non-convex MINLP

Variable types: 12267 continuous, 3829 integer (3829 binary)

Root simplex log...

Iteration    Objective       Primal Inf.    Dual Inf.      Time
   53991    7.6335870e+00   0.000000e+00   2.527726e+01      5s
   54151    7.6299438e+00   0.000000e+00   0.000000e+00      5s

Root relaxation: objective 7.629944e+00, 54151 iterations, 4.83 seconds (8.52 work units)
Total elapsed time = 5.16s (DegenMoves)

    Nodes    |    Current Node    |     Objective Bounds      |     Work
 Expl Unexpl |  Obj  Depth IntInf | Incumbent    BestBd   Gap | It/Node Time

     0     0    7.62994    0 7599          -    7.62994      -     -    6s
H    0     0                      11.7450757    7.62994  35.0%     -    6s
H    0     0                      11.7200757    7.62994  34.9%     -    6s
     0     0    8.11516    0 7179   11.72008    8.11516  30.8%     -   15s
     0     0    9.24002    0 5979   11.72008    9.24002  21.2%     -   23s
     0     0    9.83428    0 5589   11.72008    9.83428  16.1%     -   33s
H    0     0                      11.7200757    9.83428  16.1%     -   33s
     0     0   10.09297    0 5735   11.72008   10.09297  13.9%     -   54s
     0     0   10.14541    0 5200   11.72008   10.14541  13.4%     -   68s
     0     0   10.14541    0 5594   11.72008   10.14541  13.4%     -   83s
     0     0   10.14541    0 6020   11.72008   10.14541  13.4%     -  104s
     0     0   10.14541    0 6004   11.72008   10.14541  13.4%     -  123s
     0     0   10.14541    0 6210   11.72008   10.14541  13.4%     -  147s
     0     0   10.14541    0 5292   11.72008   10.14541  13.4%     -  158s
     0     2   10.14541    0 5266   11.72008   10.14541  13.4%     -  161s
     1     3   10.14541    1 5245   11.72008   10.14541  13.4%   228  168s
     2     5   10.14541    2 5556   11.72008   10.14541  13.4%  3344  175s
     4    10   10.23317    3 5550   11.72008   10.14541  13.4% 14046  183s
     9    12   10.54576    3 3505   11.72008   10.14541  13.4% 23802  209s
    11    21   10.68776    4 3207   11.72008   10.14541  13.4% 26585  243s
    20    30   10.62147    5 3378   11.72008   10.14541  13.4% 35568  278s
    29    55   10.55091    6 5014   11.72008   10.14541  13.4% 38644  330s
    54    86   10.58907    7 4101   11.72008   10.14541  13.4% 56711  393s
    85   169   10.64609    8 3667   11.72008   10.14695  13.4% 61578  441s
   168   277   10.75068   10 3617   11.72008   10.14695  13.4% 47900  474s
   276   378   10.69081   13 4198   11.72008   10.14695  13.4% 36516  499s
   377   464   10.72533   13 2886   11.72008   10.14695  13.4% 29835  518s
   463   545   10.62270   17 4519   11.72008   10.14695  13.4% 27235  538s
   546   637   10.71482   14 4006   11.72008   10.14695  13.4% 25096  556s
   638   714   10.63191   15 4902   11.72008   10.14695  13.4% 23157  574s
   715   797   10.68670   16 4791   11.72008   10.14695  13.4% 22231  589s
   800   884   10.97976   30 2926   11.72008   10.14695  13.4% 21112  604s
   890   990   10.72096   18 4602   11.72008   10.14695  13.4% 20071  620s
  1002  1099   10.75893   17 4141   11.72008   10.14695  13.4% 18796  636s
  1116  1238   10.78331   19 4062   11.72008   10.14695  13.4% 17887  651s
  1262  1379   10.89127   20 3223   11.72008   10.14695  13.4% 16508  666s
H 1382  1379                      11.5711373   10.14695  12.3% 15732  666s
H 1390  1379                      11.5467085   10.14695  12.1% 15676  666s
  1414  1483   10.86992   20 4154   11.54671   10.14695  12.1% 15449  682s
  1576  1616   10.75068   36 4395   11.54671   10.14695  12.1% 14668  698s
H 1596  1616                      11.5342877   10.14695  12.0% 14597  698s
H 1635  1616                      11.5221062   10.14695  11.9% 14437  698s
  1727  1741   10.91205   21 3202   11.52211   10.14695  11.9% 14097  714s
  1910  1860   10.94113   21 3200   11.52211   10.14695  11.9% 13512  731s
H 1912  1860                      11.5084157   10.14695  11.8% 13526  731s
H 1946  1860                      11.4939697   10.14695  11.7% 13475  731s
H 1997  1860                      11.2280076   10.14695  9.63% 13335  731s
  2109  1697   10.94866   21 3575   11.22801   10.14695  9.63% 13034  748s
H 2212  1705                      11.2230076   10.14695  9.59% 12770  766s
H 2216  1705                      11.1974656   10.14695  9.38% 12791  766s
  2282  1740   10.82846   25 3215   11.19747   10.14695  9.38% 12848  787s
  2391  1829   11.00914   23 3006   11.19747   10.14695  9.38% 12839  808s
H 2402  1829                      11.1946010   10.14695  9.36% 12838  808s
H 2434  1829                      11.1835634   10.14695  9.27% 12820  808s
H 2453  1829                      11.1614843   10.14695  9.09% 12817  808s
  2542  1769   11.14527   27 2541   11.16148   10.14695  9.09% 12874  829s
  2632  1804     cutoff   25        11.16148   10.14695  9.09% 13156  851s
H 2678  1804                      11.1560051   10.14695  9.04% 13193  851s
H 2697  1804                      11.1491956   10.14695  8.99% 13209  851s
  2769  1735     cutoff   27        11.14920   10.14695  8.99% 13308  871s
H 2882  1791                      11.1416707   10.14695  8.93% 13462  893s
H 2958  1791                      11.1395808   10.14695  8.91% 13529  893s
H 3035  1791                      11.1391676   10.14695  8.91% 13582  893s
  3041  1717   10.67250   21 4397   11.13917   10.14695  8.91% 13622  915s
  3169  1756   10.68413   22 4223   11.13917   10.14695  8.91% 13551  940s
H 3191  1756                      11.1369851   10.14695  8.89% 13540  940s
H 3204  1756                      11.1347761   10.14695  8.87% 13562  940s
  3277  1769   10.76029   28 3576   11.13478   10.14695  8.87% 13617  966s
  3416  1771     cutoff   37        11.13478   10.14695  8.87% 13780  997s
H 3417  1771                      11.1334386   10.14695  8.86% 13776  997s
H 3539  1771                      11.1324266   10.14695  8.85% 13764  997s
H 3546  1771                      11.1313006   10.14695  8.84% 13807  997s
H 3548  1771                      11.1243348   10.14695  8.79% 13808  997s
H 3567  1771                      11.1241074   10.14695  8.78% 13821  997s
  3574  1783   10.54062   16 4164   11.12411   10.14695  8.78% 13852 1024s
  3757  1861   10.54600   17 3997   11.12411   10.14695  8.78% 13764 1050s
H 3794  1861                      11.1160517   10.14695  8.72% 13704 1050s
H 3880  1861                      11.1160016   10.14695  8.72% 13541 1050s
H 3944  1861                      11.1154708   10.14695  8.71% 13439 1050s
  4023  1860   10.85937   22 3316   11.11547   10.14695  8.71% 13340 1077s
H 4059  1860                      11.1078947   10.14695  8.65% 13319 1077s
H 4176  1860                      11.1051105   10.14695  8.63% 13156 1077s
H 4248   610                      10.6994241   10.14695  5.16% 13060 1440s
H 4248   604                      10.6944241   10.14695  5.12% 13060 1440s
H 4248   592                      10.6894477   10.14695  5.08% 13060 1443s
H 4248   549                      10.6744477   10.14695  4.94% 13060 1443s
[2026-05-20T17:53:53.006] error: *** JOB 13926757 ON x1000c0s7b0n0 CANCELLED AT 2026-05-20T17:53:53 DUE TO TIME LIMIT ***
