2026-05-21 12:17:51 [INFO] idaes.core.surrogate.pysmo_surrogate: Decode surrogate. type=poly

===========================Polynomial Regression===============================================

The number of cross-validation cases (3) is used.
The default training/cross-validation split of 0.75 is used.
No iterations will be run.
Default parameter estimation method is used.
Parameter estimation method:  pyomo 

2026-05-21 12:17:51 [INFO] idaes.core.surrogate.pysmo_surrogate: Decode surrogate. type=poly

===========================Polynomial Regression===============================================

The number of cross-validation cases (3) is used.
The default training/cross-validation split of 0.75 is used.
No iterations will be run.
Default parameter estimation method is used.
Parameter estimation method:  pyomo 

2026-05-21 12:17:51 [INFO] idaes.core.surrogate.pysmo_surrogate: Decode surrogate. type=poly

===========================Polynomial Regression===============================================

The number of cross-validation cases (3) is used.
The default training/cross-validation split of 0.75 is used.
No iterations will be run.
Default parameter estimation method is used.
Parameter estimation method:  pyomo 

2026-05-21 12:17:51 [INFO] idaes.core.surrogate.pysmo_surrogate: Decode surrogate. type=poly

===========================Polynomial Regression===============================================

The number of cross-validation cases (3) is used.
The default training/cross-validation split of 0.75 is used.
No iterations will be run.
Default parameter estimation method is used.
Parameter estimation method:  pyomo 

2026-05-21 12:17:52 [INFO] idaes.apps.grid_integration.pricetaker.price_taker_model: Found minimum uptime/downtime data for pretreatment.uf_pumps[1] - Adding minimum uptime/downtime constraints.
2026-05-21 12:17:52 [INFO] idaes.apps.grid_integration.pricetaker.price_taker_model: Created startup/shutdown constraints for operation model  pretreatment.uf_pumps[1] at uf_pumps_1_startup_shutdown.
2026-05-21 12:17:52 [INFO] idaes.apps.grid_integration.pricetaker.price_taker_model: Found minimum uptime/downtime data for pretreatment.uf_pumps[2] - Adding minimum uptime/downtime constraints.
2026-05-21 12:17:52 [INFO] idaes.apps.grid_integration.pricetaker.price_taker_model: Created startup/shutdown constraints for operation model  pretreatment.uf_pumps[2] at uf_pumps_2_startup_shutdown.
2026-05-21 12:17:52 [INFO] idaes.apps.grid_integration.pricetaker.price_taker_model: Found minimum uptime/downtime data for pretreatment.uf_pumps[3] - Adding minimum uptime/downtime constraints.
2026-05-21 12:17:52 [INFO] idaes.apps.grid_integration.pricetaker.price_taker_model: Created startup/shutdown constraints for operation model  pretreatment.uf_pumps[3] at uf_pumps_3_startup_shutdown.
2026-05-21 12:17:52 [INFO] idaes.apps.grid_integration.pricetaker.price_taker_model: Found minimum uptime/downtime data for reverse_osmosis.ro_skid[1] - Adding minimum uptime/downtime constraints.
2026-05-21 12:17:52 [INFO] idaes.apps.grid_integration.pricetaker.price_taker_model: Created startup/shutdown constraints for operation model  reverse_osmosis.ro_skid[1] at ro_skid_1_startup_shutdown.
2026-05-21 12:17:52 [INFO] idaes.apps.grid_integration.pricetaker.price_taker_model: Found minimum uptime/downtime data for reverse_osmosis.ro_skid[2] - Adding minimum uptime/downtime constraints.
2026-05-21 12:17:52 [INFO] idaes.apps.grid_integration.pricetaker.price_taker_model: Created startup/shutdown constraints for operation model  reverse_osmosis.ro_skid[2] at ro_skid_2_startup_shutdown.
2026-05-21 12:17:52 [INFO] idaes.apps.grid_integration.pricetaker.price_taker_model: Found minimum uptime/downtime data for reverse_osmosis.ro_skid[3] - Adding minimum uptime/downtime constraints.
2026-05-21 12:17:52 [INFO] idaes.apps.grid_integration.pricetaker.price_taker_model: Created startup/shutdown constraints for operation model  reverse_osmosis.ro_skid[3] at ro_skid_3_startup_shutdown.
2026-05-21 12:17:52 [INFO] idaes.apps.grid_integration.pricetaker.price_taker_model: Found minimum uptime/downtime data for reverse_osmosis.ro_skid[4] - Adding minimum uptime/downtime constraints.
2026-05-21 12:17:52 [INFO] idaes.apps.grid_integration.pricetaker.price_taker_model: Created startup/shutdown constraints for operation model  reverse_osmosis.ro_skid[4] at ro_skid_4_startup_shutdown.
3697
Set parameter TokenServer to value "10.60.1.73"
Set parameter LogToConsole to value 1
Set parameter MIPGap to value 0.01
Gurobi Optimizer version 12.0.3 build v12.0.3rc0 (linux64 - "Red Hat Enterprise Linux 8.8 (Ootpa)")

CPU model: Intel(R) Xeon(R) Platinum 8470QL, instruction set [SSE2|AVX|AVX2|AVX512]
Thread count: 104 physical cores, 104 logical processors, using up to 32 threads

Non-default parameters:
MIPGap  0.01

Optimize a model with 17957 rows, 15795 columns and 49349 nonzeros
Model fingerprint: 0x8dbf8f0f
Model has 168 quadratic objective terms
Model has 2352 quadratic constraints
Variable types: 10592 continuous, 5203 integer (5203 binary)
Coefficient statistics:
  Matrix range     [2e-02, 2e+03]
  QMatrix range    [2e-07, 1e+00]
  QLMatrix range   [1e-04, 1e+00]
  Objective range  [6e-06, 1e-04]
  QObjective range [2e-04, 2e-04]
  Bounds range     [1e+00, 1e+03]
  RHS range        [1e+00, 3e+05]
  QRHS range       [2e-01, 3e-01]
Presolve removed 10548 rows and 9402 columns
Presolve time: 0.08s
Presolved: 15977 rows, 6898 columns, 39487 nonzeros
Presolved model has 336 SOS constraint(s)
Presolved model has 2352 bilinear constraint(s)

Solving non-convex MIQCP

Variable types: 4406 continuous, 2492 integer (2492 binary)

Root relaxation: unbounded, 0 iterations, 0.01 seconds (0.00 work units)

    Nodes    |    Current Node    |     Objective Bounds      |     Work
 Expl Unexpl |  Obj  Depth IntInf | Incumbent    BestBd   Gap | It/Node Time

H    0     0                      13.6908833          -      -     -    1s
     0     2  postponed    0        13.69088          -      -     -    3s
     3     8  postponed    2        13.69088          -      -  2384    5s
    27    34  postponed    5        13.69088          -      -  6618   11s
    79    84  postponed    7        13.69088          -      -  5952   16s
   119   148  postponed    8        13.69088          -      -  6603   21s
   185   330  postponed    9        13.69088          -      -  8579   26s
   467   666 infeasible   12        13.69088          -      -  3896   33s
  1013  1219 infeasible   19        13.69088          -      -  1970   43s
H 1718  1219                      13.2424730          -      -  1323   43s
  1897  2039 infeasible   26        13.24247          -      -  1224   61s
H 2984  2039                      13.1943957          -      -   885   61s
  3364  3229 infeasible   39        13.19440          -      -   814   78s
H 4668  3219                      13.1080006          -      -   669   78s
  5337  5110  postponed   58        13.10800          -      -   601   95s
H 5740  5026                      13.0596797          -      -   591   95s
H 6716  4977                      12.9365726          -      -   548   95s
  8094  7479 infeasible   74        12.93657          -      -   501  108s
H 8397  7240                      12.3616583          -      -   501  108s
H 8397  7238                      12.3484991          -      -   501  108s
 11732  8745  postponed   88        12.34850          -      -   407  118s
H11967  8736                      12.3374093          -      -   408  118s
H11967  8525                      12.2314490          -      -   408  118s
H11967  8508                      12.2098719          -      -   408  118s
H12318  8417                      12.1895343          -      -   399  118s
H12318  8251                      12.1557230          -      -   399  118s
H12318  8224                      12.1440464          -      -   399  118s
H12550  8124                      12.0569839          -      -   392  118s
H12556  8112                      12.0520313          -      -   392  118s
 14660  7461    8.85470   70 1216   12.05203    8.85470  26.5%   349  123s
 14661  7462   11.26956   42  696   12.05203   11.26956  6.49%   349  125s
H14661  7088                      12.0410333   11.41551  5.19%   349  126s
H14661  6734                      12.0377268   11.41551  5.17%   349  126s
H14661  6397                      12.0370625   11.41551  5.16%   349  126s
H14662  6078                      12.0200668   11.48228  4.47%   348  127s
H14666  5776                      12.0188245   11.48444  4.45%   348  130s
H14666  5487                      12.0185385   11.48444  4.44%   348  130s
H14667  5213                      12.0154195   11.48444  4.42%   348  130s
 14670  5215   11.48461  189  781   12.01542   11.48461  4.42%   348  135s
H14670  4954                      11.6880261   11.48461  1.74%   348  136s
H14671  4709                      11.6868553   11.48461  1.73%   351  186s
 14678  4718   11.54810   13 2636   11.68686   11.49611  1.63%   351  190s
H14700  4516                      11.6853113   11.49645  1.62%   352  193s
H14701  4292                      11.6851505   11.49645  1.61%   352  193s
H14702  4078                      11.6847689   11.49645  1.61%   352  193s
H14704  3876                      11.6846124   11.49645  1.61%   352  193s
H14705  3683                      11.6845270   11.49645  1.61%   352  193s
 14728  3706   11.54854   16 2823   11.68453   11.49792  1.60%   353  196s
 14834  3777   11.59874   18 2702   11.68453   11.49998  1.58%   356  201s
H14966  3609                      11.6839710   11.50895  1.50%   366  202s
 14987  3653   11.60531   21 2598   11.68397   11.50895  1.50%   368  205s
H15133  3488                      11.6839266   11.51101  1.48%   373  206s
H15281  3368                      11.6818739   11.51101  1.46%   380  209s
 15332  3377   11.61832   26 2543   11.68187   11.51101  1.46%   383  211s
H15413  3230                      11.6810312   11.51101  1.46%   389  213s
H15471  3063                      11.6791873   11.51101  1.44%   392  213s
 15578  3084   11.64227   30 2465   11.67919   11.51188  1.43%   399  216s
 15736  3134     cutoff   32        11.67919   11.51390  1.42%   411  221s
 15927  3175     cutoff   34        11.67919   11.51714  1.39%   425  225s
 16147  3251   11.64859   37 2184   11.67919   11.51994  1.36%   438  230s
H16209  3089                      11.6712187   11.52136  1.28%   441  230s
H16225  2950                      11.6703376   11.52136  1.28%   443  230s
H16378  2860                      11.6678354   11.52136  1.26%   454  234s
H16382  2737                      11.6659337   11.52136  1.24%   454  234s
 16464  2812   11.64239   38 1826   11.66593   11.52155  1.24%   459  237s
H16610  2759                      11.6657972   11.52226  1.23%   468  239s
H16728  2611                      11.6655662   11.52255  1.23%   472  239s
 16767  2736   11.64577   59 1530   11.66557   11.52255  1.23%   476  242s
H16976  2742                      11.6645709   11.52282  1.22%   482  244s
H17023  2628                      11.6645101   11.52282  1.21%   482  244s
 17186  2738   11.64814   88 1387   11.66451   11.52282  1.21%   487  249s
 17423  2855   11.65430  104 1136   11.66451   11.52343  1.21%   492  251s
H17441  2756                      11.6640938   11.52343  1.21%   491  251s
 17947  2920   11.65740  141 1098   11.66409   11.52343  1.21%   500  256s
H17989  2816                      11.6640120   11.52343  1.21%   500  256s
 18624  3292   11.66006  185 1014   11.66401   11.52362  1.20%   502  260s
H18865  3124                      11.6638017   11.52393  1.20%   500  260s
H19526  3570                      11.6636713   11.52393  1.20%   503  264s
H19526  3548                      11.6634566   11.52393  1.20%   503  264s
H19568  3529                      11.6632521   11.52393  1.19%   503  264s
H19613  3494                      11.6622404   11.52393  1.19%   503  264s
H19656  3413                      11.6610708   11.52393  1.18%   502  264s
 19964  3351     cutoff  260        11.66107   11.52393  1.18%   502  265s
H19970  3297                      11.6606349   11.52393  1.17%   501  265s
H19971  2401                      11.6516468   11.52393  1.10%   501  265s
H20008  2275                      11.6504442   11.52393  1.09%   503  265s
H20414  2482                      11.6504292   11.52393  1.09%   509  268s
H20416  2479                      11.6504118   11.52393  1.09%   510  268s
 20434  2845   11.64430   32 1514   11.65041   11.52393  1.09%   510  270s
H20782  2794                      11.6496601   11.52393  1.08%   511  270s
 21553  3527   11.64914   51 1245   11.64966   11.52393  1.08%   512  276s
 22162  3619     cutoff   24        11.64966   11.52393  1.08%   513  280s
H22163  3352                      11.6485010   11.52393  1.07%   513  280s
H22178  3340                      11.6484519   11.52393  1.07%   514  280s
H22223  3291                      11.6482930   11.52393  1.07%   515  280s
 22756  3862   11.61715   21 2391   11.64829   11.52815  1.03%   526  286s
H23183  3793                      11.6480649   11.52861  1.03%   531  286s
 23828  4727   11.63293   27 2218   11.64806   11.53048  1.01%   539  293s
 24636  4780   11.63499   29 2096   11.64806   11.53068  1.01%   540  296s
H24638  4780                      11.6480630   11.53068  1.01%   540  296s
H24740  4748                      11.6479485   11.53106  1.00%   541  296s

Cutting planes:
  Learned: 55
  Gomory: 32
  Cover: 207
  Implied bound: 832
  Projected implied bound: 140
  Clique: 14
  MIR: 76
  Flow cover: 1655
  Zero half: 2
  RLT: 1286
  Relax-and-lift: 455
  BQP: 4

Explored 25350 nodes (13930600 simplex iterations) in 298.62 seconds (638.73 work units)
Thread count was 32 (of 104 available processors)

Solution count 10: 11.6479 11.6481 11.6481 ... 11.6504

Optimal solution found (tolerance 1.00e-02)
Best objective 1.164794851208e+01, best bound 1.153228421062e+01, gap 0.9930%
ERROR: evaluating object as numeric value: flow_changed[1,1,1]
        (object: <class 'pyomo.core.base.var.VarData'>)
    No value for uninitialized VarData object flow_changed[1,1,1]
Traceback (most recent call last):
  File "/home/rchurchi/watertap_test/watertap/tutorials/flex_ro/wrd_pricetaker_short.py", line 645, in <module>
    m = main(
        ^^^^^
  File "/home/rchurchi/watertap_test/watertap/tutorials/flex_ro/wrd_pricetaker_short.py", line 567, in main
    print(f"m.flow_changes_penalty(): {m.flow_changes_penalty()}")
                                       ^^^^^^^^^^^^^^^^^^^^^^^^
  File "/home/rchurchi/.conda-envs/watertap-pricetaker/lib/python3.11/site-packages/pyomo/core/base/expression.py", line 407, in __call__
    return super().__call__(exception)
           ^^^^^^^^^^^^^^^^^^^^^^^^^^^
  File "/home/rchurchi/.conda-envs/watertap-pricetaker/lib/python3.11/site-packages/pyomo/core/base/expression.py", line 63, in __call__
    return arg(exception=exception)
           ^^^^^^^^^^^^^^^^^^^^^^^^
  File "/home/rchurchi/.conda-envs/watertap-pricetaker/lib/python3.11/site-packages/pyomo/core/expr/base.py", line 116, in __call__
    return visitor.evaluate_expression(self, exception)
           ^^^^^^^^^^^^^^^^^^^^^^^^^^^^^^^^^^^^^^^^^^^^
  File "/home/rchurchi/.conda-envs/watertap-pricetaker/lib/python3.11/site-packages/pyomo/core/expr/visitor.py", line 1312, in evaluate_expression
    ans = visitor.dfs_postorder_stack(exp)
          ^^^^^^^^^^^^^^^^^^^^^^^^^^^^^^^^
  File "/home/rchurchi/.conda-envs/watertap-pricetaker/lib/python3.11/site-packages/pyomo/core/expr/visitor.py", line 930, in dfs_postorder_stack
    flag, value = self.visiting_potential_leaf(_sub)
                  ^^^^^^^^^^^^^^^^^^^^^^^^^^^^^^^^^^
  File "/home/rchurchi/.conda-envs/watertap-pricetaker/lib/python3.11/site-packages/pyomo/core/expr/visitor.py", line 1213, in visiting_potential_leaf
    return True, value(node, exception=self.exception)
                 ^^^^^^^^^^^^^^^^^^^^^^^^^^^^^^^^^^^^^
  File "/home/rchurchi/.conda-envs/watertap-pricetaker/lib/python3.11/site-packages/pyomo/common/numeric_types.py", line 380, in value
    raise ValueError(
ValueError: No value for uninitialized VarData object flow_changed[1,1,1]
