2026-05-19 18:03:16 [INFO] idaes.core.surrogate.pysmo_surrogate: Decode surrogate. type=poly

===========================Polynomial Regression===============================================

The number of cross-validation cases (3) is used.
The default training/cross-validation split of 0.75 is used.
No iterations will be run.
Default parameter estimation method is used.
Parameter estimation method:  pyomo 

2026-05-19 18:03:16 [INFO] idaes.core.surrogate.pysmo_surrogate: Decode surrogate. type=poly

===========================Polynomial Regression===============================================

The number of cross-validation cases (3) is used.
The default training/cross-validation split of 0.75 is used.
No iterations will be run.
Default parameter estimation method is used.
Parameter estimation method:  pyomo 

2026-05-19 18:03:16 [INFO] idaes.core.surrogate.pysmo_surrogate: Decode surrogate. type=poly

===========================Polynomial Regression===============================================

The number of cross-validation cases (3) is used.
The default training/cross-validation split of 0.75 is used.
No iterations will be run.
Default parameter estimation method is used.
Parameter estimation method:  pyomo 

2026-05-19 18:03:16 [INFO] idaes.core.surrogate.pysmo_surrogate: Decode surrogate. type=poly

===========================Polynomial Regression===============================================

The number of cross-validation cases (3) is used.
The default training/cross-validation split of 0.75 is used.
No iterations will be run.
Default parameter estimation method is used.
Parameter estimation method:  pyomo 

2026-05-19 18:03:16 [INFO] idaes.apps.grid_integration.pricetaker.price_taker_model: Found minimum uptime/downtime data for pretreatment.uf_pumps[1] - Adding minimum uptime/downtime constraints.
2026-05-19 18:03:16 [INFO] idaes.apps.grid_integration.pricetaker.price_taker_model: Created startup/shutdown constraints for operation model  pretreatment.uf_pumps[1] at uf_pumps_1_startup_shutdown.
2026-05-19 18:03:16 [INFO] idaes.apps.grid_integration.pricetaker.price_taker_model: Found minimum uptime/downtime data for pretreatment.uf_pumps[2] - Adding minimum uptime/downtime constraints.
2026-05-19 18:03:16 [INFO] idaes.apps.grid_integration.pricetaker.price_taker_model: Created startup/shutdown constraints for operation model  pretreatment.uf_pumps[2] at uf_pumps_2_startup_shutdown.
2026-05-19 18:03:16 [INFO] idaes.apps.grid_integration.pricetaker.price_taker_model: Found minimum uptime/downtime data for pretreatment.uf_pumps[3] - Adding minimum uptime/downtime constraints.
2026-05-19 18:03:16 [INFO] idaes.apps.grid_integration.pricetaker.price_taker_model: Created startup/shutdown constraints for operation model  pretreatment.uf_pumps[3] at uf_pumps_3_startup_shutdown.
2026-05-19 18:03:16 [INFO] idaes.apps.grid_integration.pricetaker.price_taker_model: Found minimum uptime/downtime data for reverse_osmosis.ro_skid[1] - Adding minimum uptime/downtime constraints.
2026-05-19 18:03:16 [INFO] idaes.apps.grid_integration.pricetaker.price_taker_model: Created startup/shutdown constraints for operation model  reverse_osmosis.ro_skid[1] at ro_skid_1_startup_shutdown.
2026-05-19 18:03:16 [INFO] idaes.apps.grid_integration.pricetaker.price_taker_model: Found minimum uptime/downtime data for reverse_osmosis.ro_skid[2] - Adding minimum uptime/downtime constraints.
2026-05-19 18:03:16 [INFO] idaes.apps.grid_integration.pricetaker.price_taker_model: Created startup/shutdown constraints for operation model  reverse_osmosis.ro_skid[2] at ro_skid_2_startup_shutdown.
2026-05-19 18:03:16 [INFO] idaes.apps.grid_integration.pricetaker.price_taker_model: Found minimum uptime/downtime data for reverse_osmosis.ro_skid[3] - Adding minimum uptime/downtime constraints.
2026-05-19 18:03:16 [INFO] idaes.apps.grid_integration.pricetaker.price_taker_model: Created startup/shutdown constraints for operation model  reverse_osmosis.ro_skid[3] at ro_skid_3_startup_shutdown.
2026-05-19 18:03:16 [INFO] idaes.apps.grid_integration.pricetaker.price_taker_model: Found minimum uptime/downtime data for reverse_osmosis.ro_skid[4] - Adding minimum uptime/downtime constraints.
2026-05-19 18:03:16 [INFO] idaes.apps.grid_integration.pricetaker.price_taker_model: Created startup/shutdown constraints for operation model  reverse_osmosis.ro_skid[4] at ro_skid_4_startup_shutdown.
1489
Set parameter TokenServer to value "10.60.1.73"
Set parameter LogToConsole to value 1
Set parameter MIPGap to value 0.015
Gurobi Optimizer version 12.0.3 build v12.0.3rc0 (linux64 - "Red Hat Enterprise Linux 8.8 (Ootpa)")

CPU model: Intel(R) Xeon(R) Platinum 8470QL, instruction set [SSE2|AVX|AVX2|AVX512]
Thread count: 104 physical cores, 104 logical processors, using up to 32 threads

Non-default parameters:
MIPGap  0.015

Optimize a model with 4829 rows, 5194 columns and 13372 nonzeros
Model fingerprint: 0xdb39c829
Model has 48 quadratic objective terms
Model has 1008 quadratic constraints
Model has 192 general nonlinear constraints (192 nonlinear terms)
Variable types: 3704 continuous, 1490 integer (1490 binary)
Coefficient statistics:
  Matrix range     [3e-02, 2e+03]
  QMatrix range    [2e-07, 1e+00]
  QLMatrix range   [1e-04, 2e+00]
  Objective range  [7e-06, 5e-03]
  QObjective range [2e-04, 2e-04]
  Bounds range     [9e-01, 1e+03]
  RHS range        [1e+00, 8e+04]
  QRHS range       [3e-01, 1e+00]
Presolve model has 192 nlconstr
Added 768 variables to disaggregate expressions.
Presolve removed 1528 rows and 2107 columns
Presolve time: 0.06s
Presolved: 10933 rows, 4576 columns, 26640 nonzeros
Presolved model has 96 SOS constraint(s)
Presolved model has 1392 bilinear constraint(s)
Presolved model has 192 nonlinear constraint(s)

Solving non-convex MINLP

Variable types: 3507 continuous, 1069 integer (1069 binary)

Root relaxation: objective 2.131724e+00, 10169 iterations, 0.44 seconds (0.73 work units)

    Nodes    |    Current Node    |     Objective Bounds      |     Work
 Expl Unexpl |  Obj  Depth IntInf | Incumbent    BestBd   Gap | It/Node Time

     0     0    2.13172    0 2200          -    2.13172      -     -    0s
H    0     0                       3.3382351    2.13172  36.1%     -    0s
     0     0    2.66881    0 1889    3.33824    2.66881  20.1%     -    2s
     0     0    2.68468    0 1654    3.33824    2.68468  19.6%     -    3s
     0     0    2.82067    0 1746    3.33824    2.82067  15.5%     -    5s
H    0     0                       3.3014421    2.85380  13.6%     -    5s
     0     0    2.85389    0 1334    3.30144    2.85389  13.6%     -    5s
     0     0    2.93523    0  703    3.30144    2.93523  11.1%     -    6s
     0     0    2.93727    0  681    3.30144    2.93727  11.0%     -    6s
     0     0    2.93727    0 1266    3.30144    2.93727  11.0%     -    7s
     0     0    2.93727    0 1206    3.30144    2.93727  11.0%     -    8s
     0     0    2.93727    0 1343    3.30144    2.93727  11.0%     -    9s
     0     0    2.93727    0 1273    3.30144    2.93727  11.0%     -   10s
     0     2    2.93727    0 1273    3.30144    2.93727  11.0%     -   11s
    55    72    2.93727    6 1001    3.30144    2.93727  11.0%  5678   16s
H   89   114                       3.3012524    2.93727  11.0%  6623   18s
H   91   114                       3.2954405    2.93727  10.9%  6615   18s
H   93   114                       3.2041572    2.93727  8.33%  6622   18s
   135    98    3.17820    8 1259    3.20416    2.93727  8.33%  6362   21s
H  221   116                       3.1703855    2.93727  7.35%  5969   23s
H  225   116                       3.1655543    2.93727  7.21%  6021   23s
   253   100     cutoff    9         3.16555    2.93727  7.21%  6312   26s
   315   115    2.96712   10 1818    3.16555    2.93727  7.21%  6232   31s
H  318   115                       3.1646387    2.93727  7.18%  6251   31s
H  337   115                       3.1107415    2.93727  5.58%  6419   32s
   428   108     cutoff   12         3.11074    2.93727  5.58%  6429   38s
H  431   108                       3.0776859    2.93727  4.56%  6413   38s
   483    80    2.93727   13 1546    3.07769    2.93727  4.56%  6428   42s
   548    85    2.93727   14 1424    3.07769    2.93727  4.56%  6399   45s
H  597   104                       3.0676377    2.93727  4.25%  6768   48s
H  607   104                       3.0672723    2.93727  4.24%  6816   48s
   632   110    2.93727   16 1454    3.06727    2.93727  4.24%  7001   51s
H  685   132                       3.0668448    2.93727  4.23%  7136   54s
   731   138    2.93727   18 1408    3.06684    2.93727  4.23%  7302   57s
   783   174     cutoff   20         3.06684    2.93727  4.23%  7441   60s
H  790   174                       3.0628958    2.93727  4.10%  7417   60s
H  797   174                       3.0567965    2.93727  3.91%  7394   60s
   946   215    2.98103   20 1051    3.05680    2.93727  3.91%  7044   67s
   988   242    2.98503   21  985    3.05680    2.93727  3.91%  7092   70s
H  999   242                       3.0561667    2.93727  3.89%  7097   70s
H 1015   242                       3.0560942    2.93727  3.89%  7113   70s
H 1021   242                       3.0516061    2.93727  3.75%  7099   70s
  1132   286     cutoff   25         3.05161    2.93727  3.75%  7125   77s
H 1145   286                       3.0507113    2.93727  3.72%  7127   77s
H 1158   286                       3.0499676    2.93727  3.70%  7142   77s
H 1164   286                       3.0454674    2.93727  3.55%  7150   77s
  1198   317    2.93727   22 1270    3.04547    2.93727  3.55%  7183   80s
H 1289   367                       3.0450000    2.93727  3.54%  7234   83s
  1365   401     cutoff   25         3.04500    2.93727  3.54%  7209   86s
H 1489   460                       3.0445730    2.93727  3.52%  7121   88s
H 1494   460                       3.0438053    2.93727  3.50%  7115   88s
H 1557   460                       3.0433811    2.93727  3.49%  7033   88s
  1575   555    2.93727   24 1442    3.04338    2.93727  3.49%  7057   92s
H 1707   662                       3.0427061    2.93727  3.47%  6944   94s
H 1767   662                       3.0426785    2.93727  3.46%  6847   94s
  1849   775    2.97747   27 1093    3.04268    2.93727  3.46%  6772   97s
H 2102   904                       3.0424420    2.93727  3.46%  6431   99s
  2193  1040    2.96788   28  906    3.04244    2.93727  3.46%  6383  102s
H 2466  1239                       3.0422074    2.93727  3.45%  6028  104s
H 2486  1239                       3.0420171    2.93727  3.44%  6010  104s
H 2568  1239                       3.0417614    2.93727  3.44%  5890  104s
  2677  1456     cutoff   31         3.04176    2.93727  3.44%  5778  106s
  3253  1913    2.94677   34 1034    3.04176    2.93727  3.44%  5218  111s
H 3318  1913                       3.0334032    2.93727  3.17%  5167  111s
H 3575  1199                       3.0049613    2.93727  2.25%  4962  125s
H 3575  1198                       3.0049211    2.93727  2.25%  4962  126s
H 3575   156                       2.9365805    2.93658  0.00%  4962  141s

Cutting planes:
  Learned: 224
  Gomory: 13
  Cover: 1067
  Implied bound: 663
  Clique: 77
  MIR: 301
  StrongCG: 1
  Flow cover: 890
  GUB cover: 6
  Zero half: 6
  Network: 4
  RLT: 1316
  Relax-and-lift: 275
  BQP: 23
  PSD: 46

Explored 3575 nodes (17835885 simplex iterations) in 142.86 seconds (312.67 work units)
Thread count was 32 (of 104 available processors)

Solution count 10: 2.93658 3.00492 3.00496 ... 3.04271

Optimal solution found (tolerance 1.50e-02)
Best objective 2.936580509410e+00, best bound 2.936580509410e+00, gap 0.0000%
m.flow_changes_penalty(): 400.0
Total operational cost: 29246.87
Maximum power (kW): 1109.36
Discharge energy capacity (kWh): 1319.73
Charge energy capacity (kWh): 709.48
Levelized Cost of Flexibility ($/kWh): 13.00
{'fixed_demand_cost': 1374.977512607069, 'variable_demand_cost': 737.0294337998295, 'fixed_monthly_cost': 48389.784946236556, 'total_water_production': 79415.83561643776, 'total_energy_cost': 5027.712181640047, 'total_demand_cost': 2112.0069464068984, 'total_customer_cost': 0.0, 'total_feed_cost': 13738.897144289354, 'total_brine_cost': 2774.4767602098045, 'total_chemical_cost': 5312.712061549617, 'raw_degree_of_flex': 0.06382978723404256, 'degree_of_flex': 0.06382978723404256, 'total_replacement_cost': 281.06711891659563, 'total_water_revenue': 0.0, 'total_demand_response_revenue': 0.0, 'total_emissions_cost': 0.0, 'total_op_cost': 29246.872213012317, 'fixed_cost': 34209.24059139785, 'total_cost': 63456.112804410164, 'LCOW': 0.7990360148181304, 'maximum_power': 1109.3578734028415, 'energy_capacity': 1319.7347564204028, 'power_capacity': 164.96684455255036, 'round_trip_efficiency': 0, 'LVOF': 12.998330086720179}
Saved operation variable results to: /home/rchurchi/watertap_test/watertap/tutorials/flex_ro/wrd_result_winter_both_4_flexible_trains.csv
2026-05-19 18:05:41 [INFO] idaes.core.surrogate.pysmo_surrogate: Decode surrogate. type=poly

===========================Polynomial Regression===============================================

The number of cross-validation cases (3) is used.
The default training/cross-validation split of 0.75 is used.
No iterations will be run.
Default parameter estimation method is used.
Parameter estimation method:  pyomo 

2026-05-19 18:05:41 [INFO] idaes.core.surrogate.pysmo_surrogate: Decode surrogate. type=poly

===========================Polynomial Regression===============================================

The number of cross-validation cases (3) is used.
The default training/cross-validation split of 0.75 is used.
No iterations will be run.
Default parameter estimation method is used.
Parameter estimation method:  pyomo 

2026-05-19 18:05:41 [INFO] idaes.core.surrogate.pysmo_surrogate: Decode surrogate. type=poly

===========================Polynomial Regression===============================================

The number of cross-validation cases (3) is used.
The default training/cross-validation split of 0.75 is used.
No iterations will be run.
Default parameter estimation method is used.
Parameter estimation method:  pyomo 

2026-05-19 18:05:41 [INFO] idaes.core.surrogate.pysmo_surrogate: Decode surrogate. type=poly

===========================Polynomial Regression===============================================

The number of cross-validation cases (3) is used.
The default training/cross-validation split of 0.75 is used.
No iterations will be run.
Default parameter estimation method is used.
Parameter estimation method:  pyomo 

2026-05-19 18:05:42 [INFO] idaes.apps.grid_integration.pricetaker.price_taker_model: Found minimum uptime/downtime data for pretreatment.uf_pumps[1] - Adding minimum uptime/downtime constraints.
2026-05-19 18:05:42 [INFO] idaes.apps.grid_integration.pricetaker.price_taker_model: Created startup/shutdown constraints for operation model  pretreatment.uf_pumps[1] at uf_pumps_1_startup_shutdown.
2026-05-19 18:05:42 [INFO] idaes.apps.grid_integration.pricetaker.price_taker_model: Found minimum uptime/downtime data for pretreatment.uf_pumps[2] - Adding minimum uptime/downtime constraints.
2026-05-19 18:05:42 [INFO] idaes.apps.grid_integration.pricetaker.price_taker_model: Created startup/shutdown constraints for operation model  pretreatment.uf_pumps[2] at uf_pumps_2_startup_shutdown.
2026-05-19 18:05:42 [INFO] idaes.apps.grid_integration.pricetaker.price_taker_model: Found minimum uptime/downtime data for pretreatment.uf_pumps[3] - Adding minimum uptime/downtime constraints.
2026-05-19 18:05:42 [INFO] idaes.apps.grid_integration.pricetaker.price_taker_model: Created startup/shutdown constraints for operation model  pretreatment.uf_pumps[3] at uf_pumps_3_startup_shutdown.
2026-05-19 18:05:42 [INFO] idaes.apps.grid_integration.pricetaker.price_taker_model: Found minimum uptime/downtime data for reverse_osmosis.ro_skid[1] - Adding minimum uptime/downtime constraints.
2026-05-19 18:05:42 [INFO] idaes.apps.grid_integration.pricetaker.price_taker_model: Created startup/shutdown constraints for operation model  reverse_osmosis.ro_skid[1] at ro_skid_1_startup_shutdown.
2026-05-19 18:05:42 [INFO] idaes.apps.grid_integration.pricetaker.price_taker_model: Found minimum uptime/downtime data for reverse_osmosis.ro_skid[2] - Adding minimum uptime/downtime constraints.
2026-05-19 18:05:42 [INFO] idaes.apps.grid_integration.pricetaker.price_taker_model: Created startup/shutdown constraints for operation model  reverse_osmosis.ro_skid[2] at ro_skid_2_startup_shutdown.
2026-05-19 18:05:42 [INFO] idaes.apps.grid_integration.pricetaker.price_taker_model: Found minimum uptime/downtime data for reverse_osmosis.ro_skid[3] - Adding minimum uptime/downtime constraints.
2026-05-19 18:05:42 [INFO] idaes.apps.grid_integration.pricetaker.price_taker_model: Created startup/shutdown constraints for operation model  reverse_osmosis.ro_skid[3] at ro_skid_3_startup_shutdown.
2026-05-19 18:05:42 [INFO] idaes.apps.grid_integration.pricetaker.price_taker_model: Found minimum uptime/downtime data for reverse_osmosis.ro_skid[4] - Adding minimum uptime/downtime constraints.
2026-05-19 18:05:42 [INFO] idaes.apps.grid_integration.pricetaker.price_taker_model: Created startup/shutdown constraints for operation model  reverse_osmosis.ro_skid[4] at ro_skid_4_startup_shutdown.
1489
Set parameter LogToConsole to value 1
Set parameter MIPGap to value 0.015
Gurobi Optimizer version 12.0.3 build v12.0.3rc0 (linux64 - "Red Hat Enterprise Linux 8.8 (Ootpa)")

CPU model: Intel(R) Xeon(R) Platinum 8470QL, instruction set [SSE2|AVX|AVX2|AVX512]
Thread count: 104 physical cores, 104 logical processors, using up to 32 threads

Non-default parameters:
MIPGap  0.015

Optimize a model with 4829 rows, 5194 columns and 13372 nonzeros
Model fingerprint: 0x9cc9a3dd
Model has 48 quadratic objective terms
Model has 1008 quadratic constraints
Model has 192 general nonlinear constraints (192 nonlinear terms)
Variable types: 3704 continuous, 1490 integer (1490 binary)
Coefficient statistics:
  Matrix range     [3e-02, 2e+03]
  QMatrix range    [2e-07, 1e+00]
  QLMatrix range   [1e-04, 2e+00]
  Objective range  [1e-05, 5e-03]
  QObjective range [2e-04, 2e-04]
  Bounds range     [9e-01, 1e+03]
  RHS range        [1e+00, 8e+04]
  QRHS range       [3e-01, 1e+00]
Presolve model has 192 nlconstr
Added 768 variables to disaggregate expressions.
Presolve removed 1528 rows and 2107 columns
Presolve time: 0.04s
Presolved: 10933 rows, 4576 columns, 26640 nonzeros
Presolved model has 96 SOS constraint(s)
Presolved model has 1392 bilinear constraint(s)
Presolved model has 192 nonlinear constraint(s)

Solving non-convex MINLP

Variable types: 3507 continuous, 1069 integer (1069 binary)

Root relaxation: objective 2.155957e+00, 11244 iterations, 0.49 seconds (0.79 work units)

    Nodes    |    Current Node    |     Objective Bounds      |     Work
 Expl Unexpl |  Obj  Depth IntInf | Incumbent    BestBd   Gap | It/Node Time

     0     0    2.15596    0 2122          -    2.15596      -     -    0s
H    0     0                       3.5996856    2.15596  40.1%     -    0s
     0     0    2.58821    0 2056    3.59969    2.58821  28.1%     -    1s
     0     0    2.69323    0 1955    3.59969    2.69323  25.2%     -    2s
     0     0    2.86101    0 1537    3.59969    2.86101  20.5%     -    3s
     0     0    2.96198    0 1583    3.59969    2.96198  17.7%     -    6s
     0     0    2.96198    0 1481    3.59969    2.96198  17.7%     -    7s
     0     0    2.96945    0 1506    3.59969    2.96945  17.5%     -    8s
     0     0    2.96945    0 1676    3.59969    2.96945  17.5%     -   11s
     0     0    2.96945    0 1578    3.59969    2.96945  17.5%     -   13s
     0     0    2.96945    0 1683    3.59969    2.96945  17.5%     -   15s
     0     0    2.96945    0 1420    3.59969    2.96945  17.5%     -   16s
     0     0    2.96945    0 1713    3.59969    2.96945  17.5%     -   18s
     0     0    2.97474    0 1430    3.59969    2.97474  17.4%     -   19s
     0     2    2.97474    0 1430    3.59969    2.97474  17.4%     -   20s
    31    56    3.08506    5 1244    3.59969    3.01106  16.4%  6471   25s
H  106   139                       3.4267468    3.05870  10.7%  6728   29s
   154   148    3.11884    8 1339    3.42675    3.05870  10.7%  6225   33s
H  234   186                       3.3973344    3.05870  10.0%  5951   34s
   288   216    3.29641    9  853    3.39733    3.05870  10.0%  6109   36s
   346   263    3.27461   10 1048    3.39733    3.05870  10.0%  6197   41s
H  347   263                       3.3877742    3.05870  9.71%  6179   41s
H  352   263                       3.3806712    3.05870  9.52%  6107   41s
H  366   263                       3.3769915    3.05870  9.43%  6075   41s
   409   289    3.28334   11 1212    3.37699    3.05870  9.43%  6132   45s
H  485   334                       3.3754484    3.05870  9.38%  6039   48s
H  500   334                       3.3735658    3.05870  9.33%  6118   48s
   544   378    3.31635   14  850    3.37357    3.05870  9.33%  6185   50s
H  615   432                       3.3640372    3.05870  9.08%  6135   52s
   691   485    3.31831   17 1053    3.36404    3.05870  9.08%  5953   55s
H  774   535                       3.3613229    3.05870  9.00%  5782   57s
H  778   535                       3.2608220    3.05870  6.20%  5802   57s
   836   486     cutoff   18         3.26082    3.05870  6.20%  5752   61s
H  970   530                       3.2582783    3.05870  6.13%  5355   63s
H  978   530                       3.2371498    3.05870  5.51%  5387   63s
H 1030   581                       3.2271498    3.05870  5.22%  5406   67s
H 1083   581                       3.2227419    3.05870  5.09%  5437   67s
  1109   607     cutoff   34         3.22274    3.05870  5.09%  5384   71s
H 1110   607                       3.2177419    3.05870  4.94%  5379   71s
H 1110   607                       3.2123182    3.05870  4.78%  5379   71s
H 1186   607                       3.2122062    3.07072  4.40%  5330   71s
H 1198   641                       3.2072062    3.07072  4.26%  5309   74s
  1293   711    3.19660   36  349    3.20721    3.07072  4.26%  5265   76s
H 1316   711                       3.2072006    3.07072  4.26%  5273   76s
H 1373   711                       3.2065929    3.07568  4.08%  5227   76s
H 1529   898                       3.2065911    3.07568  4.08%  5033   83s
H 1556   898                       3.2065525    3.09340  3.53%  4998   83s
H 1566   898                       3.2024580    3.09340  3.41%  4999   83s
H 1668   898                       3.2017013    3.09508  3.33%  4846   83s
  1672   981    3.19791   57  439    3.20170    3.09508  3.33%  4851   86s
  1843  1145    3.19845   66  478    3.20170    3.09982  3.18%  4648   90s
H 1855  1145                       3.2006224    3.09982  3.15%  4619   90s
H 1868  1145                       3.2004575    3.09982  3.14%  4596   90s
H 2241  1435                       3.1999090    3.09982  3.13%  4186   96s
H 2287  1435                       3.1905179    3.09982  2.84%  4131   96s
H 2303  1435                       3.1901874    3.09982  2.83%  4109   96s
  2669  1674     cutoff   30         3.19019    3.09982  2.83%  3858  101s
H 2673  1674                       3.1863720    3.09982  2.72%  3858  101s
H 2805  1674                       3.1863720    3.09982  2.72%  3788  101s
H 2827  1674                       3.1863646    3.09982  2.72%  3774  101s
H 2898  1791                       3.1857615    3.09982  2.70%  3721  104s
H 3054  1791                       3.1857604    3.09982  2.70%  3671  104s
  3062  1866    3.12575   25 1233    3.18576    3.09982  2.70%  3677  106s
H 3102  1866                       3.1851632    3.09982  2.68%  3635  106s
H 3224  1866                       3.1848114    3.09982  2.67%  3610  106s
  3272  1847    3.13654   26 1259    3.18481    3.09982  2.67%  3598  110s
H 3378  1847                       3.1830076    3.09982  2.61%  3587  110s
H 3486  1790                       3.1820339    3.09982  2.58%  3582  113s
  3593  1781    3.14334   28 1144    3.18203    3.09982  2.58%  3611  116s
H 3717  1796                       3.1820330    3.10069  2.56%  3693  119s
H 3724  1796                       3.1815841    3.10069  2.54%  3706  119s
H 3759  1796                       3.1814850    3.10069  2.54%  3742  119s
H 3805  1796                       3.1814843    3.10069  2.54%  3780  119s
  3826  1835    3.11982   17  971    3.18148    3.10069  2.54%  3772  122s
H 3842  1835                       3.1814843    3.10069  2.54%  3774  122s
H 3901  1835                       3.1814099    3.10069  2.54%  3785  122s
H 3996   506                       3.1732861    3.10069  2.29%  3787  135s
  3997   486    3.15692   27  497    3.17329    3.10069  2.29%  3786  148s
  3999   487    3.14858   41  485    3.17329    3.10069  2.29%  3784  152s
  4000   488    3.16158   42  505    3.17329    3.10069  2.29%  3783  156s
  4001   489    3.17120   28  463    3.17329    3.10069  2.29%  3782  160s
  4003   490    3.16664   35  468    3.17329    3.10069  2.29%  3780  165s

Cutting planes:
  Learned: 73
  Gomory: 8
  Cover: 194
  Implied bound: 183
  Projected implied bound: 48
  Clique: 9
  MIR: 150
  StrongCG: 1
  Flow cover: 265
  GUB cover: 2
  Zero half: 3
  Network: 5
  RLT: 545
  Relax-and-lift: 183
  BQP: 5
  PSD: 4

Explored 4005 nodes (15408346 simplex iterations) in 168.06 seconds (324.31 work units)
Thread count was 32 (of 104 available processors)

Solution count 10: 3.17329 3.18141 3.18148 ... 3.18481

Optimal solution found (tolerance 1.50e-02)
Best objective 3.173286085783e+00, best bound 3.156520369549e+00, gap 0.5283%
m.flow_changes_penalty(): 900.0
Total operational cost: 31117.59
Maximum power (kW): 1441.42
Discharge energy capacity (kWh): 7121.80
Charge energy capacity (kWh): 5432.71
Levelized Cost of Flexibility ($/kWh): 5.82
{'fixed_demand_cost': 1815.6859627839292, 'variable_demand_cost': 1465.8307439937316, 'fixed_monthly_cost': 48389.784946236556, 'total_water_production': 79418.58234281557, 'total_energy_cost': 5396.955839164564, 'total_demand_cost': 3281.516706777661, 'total_customer_cost': 0.0, 'total_feed_cost': 13823.466666666664, 'total_brine_cost': 3000.5762592559304, 'total_chemical_cost': 5330.345385960613, 'raw_degree_of_flex': 0.1914893617021277, 'degree_of_flex': 0.1914893617021277, 'total_replacement_cost': 284.72525929295045, 'total_water_revenue': 0.0, 'total_demand_response_revenue': 0.0, 'total_emissions_cost': 0.0, 'total_op_cost': 31117.586117118382, 'fixed_cost': 34209.24059139785, 'total_cost': 65326.82670851624, 'LCOW': 0.8225634956127605, 'maximum_power': 1441.4203848900352, 'energy_capacity': 7121.7987059287325, 'power_capacity': 245.57926572168043, 'round_trip_efficiency': 0, 'LVOF': 5.821177265069079}
Saved operation variable results to: /home/rchurchi/watertap_test/watertap/tutorials/flex_ro/wrd_result_summer_both_4_flexible_trains.csv
Saved summary results to: /home/rchurchi/watertap_test/watertap/tutorials/flex_ro/wrd_pricetaker_summary_results.csv
