2026-05-18 16:34:29 [INFO] idaes.core.surrogate.pysmo_surrogate: Decode surrogate. type=poly

===========================Polynomial Regression===============================================

The number of cross-validation cases (3) is used.
The default training/cross-validation split of 0.75 is used.
No iterations will be run.
Default parameter estimation method is used.
Parameter estimation method:  pyomo 

2026-05-18 16:34:29 [INFO] idaes.core.surrogate.pysmo_surrogate: Decode surrogate. type=poly

===========================Polynomial Regression===============================================

The number of cross-validation cases (3) is used.
The default training/cross-validation split of 0.75 is used.
No iterations will be run.
Default parameter estimation method is used.
Parameter estimation method:  pyomo 

2026-05-18 16:34:29 [INFO] idaes.core.surrogate.pysmo_surrogate: Decode surrogate. type=poly

===========================Polynomial Regression===============================================

The number of cross-validation cases (3) is used.
The default training/cross-validation split of 0.75 is used.
No iterations will be run.
Default parameter estimation method is used.
Parameter estimation method:  pyomo 

2026-05-18 16:34:29 [INFO] idaes.core.surrogate.pysmo_surrogate: Decode surrogate. type=poly

===========================Polynomial Regression===============================================

The number of cross-validation cases (3) is used.
The default training/cross-validation split of 0.75 is used.
No iterations will be run.
Default parameter estimation method is used.
Parameter estimation method:  pyomo 

2026-05-18 16:34:30 [INFO] idaes.apps.grid_integration.pricetaker.price_taker_model: Found minimum uptime/downtime data for pretreatment.uf_pumps[1] - Adding minimum uptime/downtime constraints.
2026-05-18 16:34:30 [INFO] idaes.apps.grid_integration.pricetaker.price_taker_model: Created startup/shutdown constraints for operation model  pretreatment.uf_pumps[1] at uf_pumps_1_startup_shutdown.
2026-05-18 16:34:30 [INFO] idaes.apps.grid_integration.pricetaker.price_taker_model: Found minimum uptime/downtime data for pretreatment.uf_pumps[2] - Adding minimum uptime/downtime constraints.
2026-05-18 16:34:30 [INFO] idaes.apps.grid_integration.pricetaker.price_taker_model: Created startup/shutdown constraints for operation model  pretreatment.uf_pumps[2] at uf_pumps_2_startup_shutdown.
2026-05-18 16:34:30 [INFO] idaes.apps.grid_integration.pricetaker.price_taker_model: Found minimum uptime/downtime data for pretreatment.uf_pumps[3] - Adding minimum uptime/downtime constraints.
2026-05-18 16:34:30 [INFO] idaes.apps.grid_integration.pricetaker.price_taker_model: Created startup/shutdown constraints for operation model  pretreatment.uf_pumps[3] at uf_pumps_3_startup_shutdown.
2026-05-18 16:34:30 [INFO] idaes.apps.grid_integration.pricetaker.price_taker_model: Found minimum uptime/downtime data for reverse_osmosis.ro_skid[1] - Adding minimum uptime/downtime constraints.
2026-05-18 16:34:30 [INFO] idaes.apps.grid_integration.pricetaker.price_taker_model: Created startup/shutdown constraints for operation model  reverse_osmosis.ro_skid[1] at ro_skid_1_startup_shutdown.
2026-05-18 16:34:30 [INFO] idaes.apps.grid_integration.pricetaker.price_taker_model: Found minimum uptime/downtime data for reverse_osmosis.ro_skid[2] - Adding minimum uptime/downtime constraints.
2026-05-18 16:34:30 [INFO] idaes.apps.grid_integration.pricetaker.price_taker_model: Created startup/shutdown constraints for operation model  reverse_osmosis.ro_skid[2] at ro_skid_2_startup_shutdown.
2026-05-18 16:34:30 [INFO] idaes.apps.grid_integration.pricetaker.price_taker_model: Found minimum uptime/downtime data for reverse_osmosis.ro_skid[3] - Adding minimum uptime/downtime constraints.
2026-05-18 16:34:30 [INFO] idaes.apps.grid_integration.pricetaker.price_taker_model: Created startup/shutdown constraints for operation model  reverse_osmosis.ro_skid[3] at ro_skid_3_startup_shutdown.
2026-05-18 16:34:30 [INFO] idaes.apps.grid_integration.pricetaker.price_taker_model: Found minimum uptime/downtime data for reverse_osmosis.ro_skid[4] - Adding minimum uptime/downtime constraints.
2026-05-18 16:34:30 [INFO] idaes.apps.grid_integration.pricetaker.price_taker_model: Created startup/shutdown constraints for operation model  reverse_osmosis.ro_skid[4] at ro_skid_4_startup_shutdown.
4201
Set parameter TokenServer to value "10.60.1.73"
Set parameter LogToConsole to value 1
Set parameter MIPGap to value 0.015
Gurobi Optimizer version 12.0.3 build v12.0.3rc0 (linux64 - "Red Hat Enterprise Linux 8.8 (Ootpa)")

CPU model: Intel(R) Xeon(R) Platinum 8470QL, instruction set [SSE2|AVX|AVX2|AVX512]
Thread count: 104 physical cores, 104 logical processors, using up to 32 threads

Non-default parameters:
MIPGap  0.015

Optimize a model with 18126 rows, 15299 columns and 46843 nonzeros
Model fingerprint: 0x0546a12d
Model has 2352 quadratic constraints
Model has 1 general nonlinear constraint (168 nonlinear terms)
Variable types: 11097 continuous, 4202 integer (4202 binary)
Coefficient statistics:
  Matrix range     [2e-02, 2e+03]
  QMatrix range    [2e-07, 1e+00]
  QLMatrix range   [1e-04, 1e+00]
  Objective range  [1e+00, 1e+00]
  Bounds range     [1e+00, 1e+03]
  RHS range        [1e+00, 3e+05]
  QRHS range       [2e-01, 3e-01]
Presolve model has 1 nlconstr
Added 4 variables to disaggregate expressions.
Presolve removed 16903 rows and 14095 columns
Presolve time: 0.11s
Presolved: 1293 rows, 1209 columns, 5830 nonzeros
Presolved model has 16 bilinear constraint(s)
Presolved model has 2 nonlinear constraint(s)

Solving non-convex MINLP

Variable types: 1206 continuous, 3 integer (3 binary)
Found heuristic solution: objective 11.2038340

Root relaxation: objective 1.066582e+01, 27 iterations, 0.00 seconds (0.00 work units)

    Nodes    |    Current Node    |     Objective Bounds      |     Work
 Expl Unexpl |  Obj  Depth IntInf | Incumbent    BestBd   Gap | It/Node Time

     0     0   10.66582    0    9   11.20383   10.66582  4.80%     -    0s
     0     0   10.68216    0   12   11.20383   10.68216  4.66%     -    0s
H    0     0                      11.1460539   10.68216  4.16%     -    0s
     0     0   10.95924    0   12   11.14605   10.95924  1.68%     -    0s

Cutting planes:
  RLT: 9

Explored 1 nodes (39 simplex iterations) in 0.15 seconds (0.18 work units)
Thread count was 32 (of 104 available processors)

Solution count 2: 11.1461 11.2038 

Optimal solution found (tolerance 1.50e-02)
Best objective 1.114605392094e+01, best bound 1.100659625404e+01, gap 1.2512%
m.flow_changes_penalty(): 0.0
Total operational cost: 111460.54
Maximum power (kW): 1081.10
Discharge energy capacity (kWh): 1936.59
Charge energy capacity (kWh): 7.44
Levelized Cost of Flexibility ($/kWh): 38.72
{'fixed_demand_cost': 4761.090276648395, 'variable_demand_cost': 2556.994262921526, 'fixed_monthly_cost': 171938.17204301074, 'total_water_production': 282179.6712328764, 'total_energy_cost': 17705.63108079932, 'total_demand_cost': 7318.084539569922, 'total_customer_cost': 0.0, 'total_feed_cost': 50843.18400592369, 'total_brine_cost': 15303.798385783017, 'total_chemical_cost': 19297.530489448236, 'raw_degree_of_flex': 0.0, 'degree_of_flex': 0.0, 'total_replacement_cost': 992.3107078853046, 'total_water_revenue': 0.0, 'total_demand_response_revenue': 0.0, 'total_emissions_cost': 0.0, 'total_op_cost': 111460.53920940949, 'fixed_cost': 121551.98252688172, 'total_cost': 233012.5217362912, 'LCOW': 0.825759420294991, 'maximum_power': 1081.0950471614588, 'energy_capacity': 1936.5888904941182, 'power_capacity': 13.085060070906204, 'round_trip_efficiency': 0, 'LVOF': 38.71528720191415}
Saved operation variable results to: /home/rchurchi/watertap_test/watertap/tutorials/flex_ro/wrd_result_winter_no_flex_1_flexible_trains.csv
2026-05-18 16:34:34 [INFO] idaes.core.surrogate.pysmo_surrogate: Decode surrogate. type=poly

===========================Polynomial Regression===============================================

The number of cross-validation cases (3) is used.
The default training/cross-validation split of 0.75 is used.
No iterations will be run.
Default parameter estimation method is used.
Parameter estimation method:  pyomo 

2026-05-18 16:34:34 [INFO] idaes.core.surrogate.pysmo_surrogate: Decode surrogate. type=poly

===========================Polynomial Regression===============================================

The number of cross-validation cases (3) is used.
The default training/cross-validation split of 0.75 is used.
No iterations will be run.
Default parameter estimation method is used.
Parameter estimation method:  pyomo 

2026-05-18 16:34:34 [INFO] idaes.core.surrogate.pysmo_surrogate: Decode surrogate. type=poly

===========================Polynomial Regression===============================================

The number of cross-validation cases (3) is used.
The default training/cross-validation split of 0.75 is used.
No iterations will be run.
Default parameter estimation method is used.
Parameter estimation method:  pyomo 

2026-05-18 16:34:34 [INFO] idaes.core.surrogate.pysmo_surrogate: Decode surrogate. type=poly

===========================Polynomial Regression===============================================

The number of cross-validation cases (3) is used.
The default training/cross-validation split of 0.75 is used.
No iterations will be run.
Default parameter estimation method is used.
Parameter estimation method:  pyomo 

2026-05-18 16:34:36 [INFO] idaes.apps.grid_integration.pricetaker.price_taker_model: Found minimum uptime/downtime data for pretreatment.uf_pumps[1] - Adding minimum uptime/downtime constraints.
2026-05-18 16:34:36 [INFO] idaes.apps.grid_integration.pricetaker.price_taker_model: Created startup/shutdown constraints for operation model  pretreatment.uf_pumps[1] at uf_pumps_1_startup_shutdown.
2026-05-18 16:34:36 [INFO] idaes.apps.grid_integration.pricetaker.price_taker_model: Found minimum uptime/downtime data for pretreatment.uf_pumps[2] - Adding minimum uptime/downtime constraints.
2026-05-18 16:34:36 [INFO] idaes.apps.grid_integration.pricetaker.price_taker_model: Created startup/shutdown constraints for operation model  pretreatment.uf_pumps[2] at uf_pumps_2_startup_shutdown.
2026-05-18 16:34:36 [INFO] idaes.apps.grid_integration.pricetaker.price_taker_model: Found minimum uptime/downtime data for pretreatment.uf_pumps[3] - Adding minimum uptime/downtime constraints.
2026-05-18 16:34:36 [INFO] idaes.apps.grid_integration.pricetaker.price_taker_model: Created startup/shutdown constraints for operation model  pretreatment.uf_pumps[3] at uf_pumps_3_startup_shutdown.
2026-05-18 16:34:36 [INFO] idaes.apps.grid_integration.pricetaker.price_taker_model: Found minimum uptime/downtime data for reverse_osmosis.ro_skid[1] - Adding minimum uptime/downtime constraints.
2026-05-18 16:34:36 [INFO] idaes.apps.grid_integration.pricetaker.price_taker_model: Created startup/shutdown constraints for operation model  reverse_osmosis.ro_skid[1] at ro_skid_1_startup_shutdown.
2026-05-18 16:34:36 [INFO] idaes.apps.grid_integration.pricetaker.price_taker_model: Found minimum uptime/downtime data for reverse_osmosis.ro_skid[2] - Adding minimum uptime/downtime constraints.
2026-05-18 16:34:36 [INFO] idaes.apps.grid_integration.pricetaker.price_taker_model: Created startup/shutdown constraints for operation model  reverse_osmosis.ro_skid[2] at ro_skid_2_startup_shutdown.
2026-05-18 16:34:36 [INFO] idaes.apps.grid_integration.pricetaker.price_taker_model: Found minimum uptime/downtime data for reverse_osmosis.ro_skid[3] - Adding minimum uptime/downtime constraints.
2026-05-18 16:34:36 [INFO] idaes.apps.grid_integration.pricetaker.price_taker_model: Created startup/shutdown constraints for operation model  reverse_osmosis.ro_skid[3] at ro_skid_3_startup_shutdown.
2026-05-18 16:34:36 [INFO] idaes.apps.grid_integration.pricetaker.price_taker_model: Found minimum uptime/downtime data for reverse_osmosis.ro_skid[4] - Adding minimum uptime/downtime constraints.
2026-05-18 16:34:36 [INFO] idaes.apps.grid_integration.pricetaker.price_taker_model: Created startup/shutdown constraints for operation model  reverse_osmosis.ro_skid[4] at ro_skid_4_startup_shutdown.
4536
Set parameter LogToConsole to value 1
Set parameter MIPGap to value 0.015
Gurobi Optimizer version 12.0.3 build v12.0.3rc0 (linux64 - "Red Hat Enterprise Linux 8.8 (Ootpa)")

CPU model: Intel(R) Xeon(R) Platinum 8470QL, instruction set [SSE2|AVX|AVX2|AVX512]
Thread count: 104 physical cores, 104 logical processors, using up to 32 threads

Non-default parameters:
MIPGap  0.015

Optimize a model with 18126 rows, 15635 columns and 47847 nonzeros
Model fingerprint: 0x1092b80f
Model has 2352 quadratic constraints
Model has 1 general nonlinear constraint (168 nonlinear terms)
Variable types: 11097 continuous, 4538 integer (4538 binary)
Coefficient statistics:
  Matrix range     [2e-02, 2e+03]
  QMatrix range    [2e-07, 1e+00]
  QLMatrix range   [1e-04, 1e+00]
  Objective range  [1e+00, 1e+00]
  Bounds range     [1e+00, 1e+03]
  RHS range        [1e+00, 3e+05]
  QRHS range       [2e-01, 3e-01]
Presolve model has 1 nlconstr
Added 4 variables to disaggregate expressions.
Presolve removed 16903 rows and 14431 columns
Presolve time: 0.09s
Presolved: 1293 rows, 1209 columns, 5825 nonzeros
Presolved model has 16 bilinear constraint(s)
Presolved model has 2 nonlinear constraint(s)

Solving non-convex MINLP

Variable types: 1206 continuous, 3 integer (3 binary)
Found heuristic solution: objective 11.2038340

Root relaxation: objective 1.066582e+01, 29 iterations, 0.00 seconds (0.00 work units)

    Nodes    |    Current Node    |     Objective Bounds      |     Work
 Expl Unexpl |  Obj  Depth IntInf | Incumbent    BestBd   Gap | It/Node Time

     0     0   10.66582    0    9   11.20383   10.66582  4.80%     -    0s
     0     0   10.68216    0   12   11.20383   10.68216  4.66%     -    0s
H    0     0                      11.1460539   10.68216  4.16%     -    0s
     0     0   10.96549    0   12   11.14605   10.96549  1.62%     -    0s

Cutting planes:
  RLT: 9

Explored 1 nodes (40 simplex iterations) in 0.12 seconds (0.19 work units)
Thread count was 32 (of 104 available processors)

Solution count 2: 11.1461 11.2038 

Optimal solution found (tolerance 1.50e-02)
Best objective 1.114605392094e+01, best bound 1.100659625404e+01, gap 1.2512%
m.flow_changes_penalty(): 0.0
Total operational cost: 111460.54
Maximum power (kW): 1081.10
Discharge energy capacity (kWh): 1936.59
Charge energy capacity (kWh): 7.44
Levelized Cost of Flexibility ($/kWh): 38.72
{'fixed_demand_cost': 4761.090276648396, 'variable_demand_cost': 2556.9942629215266, 'fixed_monthly_cost': 171938.17204301074, 'total_water_production': 282179.6712328764, 'total_energy_cost': 17705.63108079933, 'total_demand_cost': 7318.0845395699225, 'total_customer_cost': 0.0, 'total_feed_cost': 50843.18400592369, 'total_brine_cost': 15303.798385783013, 'total_chemical_cost': 19297.530489448236, 'raw_degree_of_flex': 0.0, 'degree_of_flex': 0.0, 'total_replacement_cost': 992.3107078853046, 'total_water_revenue': 0.0, 'total_demand_response_revenue': 0.0, 'total_emissions_cost': 0.0, 'total_op_cost': 111460.5392094095, 'fixed_cost': 121551.98252688172, 'total_cost': 233012.52173629124, 'LCOW': 0.8257594202949912, 'maximum_power': 1081.095047161459, 'energy_capacity': 1936.5888904940768, 'power_capacity': 13.085060070905925, 'round_trip_efficiency': 0, 'LVOF': 38.71528720191498}
Saved operation variable results to: /home/rchurchi/watertap_test/watertap/tutorials/flex_ro/wrd_result_winter_no_flex_2_flexible_trains.csv
2026-05-18 16:34:39 [INFO] idaes.core.surrogate.pysmo_surrogate: Decode surrogate. type=poly

===========================Polynomial Regression===============================================

The number of cross-validation cases (3) is used.
The default training/cross-validation split of 0.75 is used.
No iterations will be run.
Default parameter estimation method is used.
Parameter estimation method:  pyomo 

2026-05-18 16:34:39 [INFO] idaes.core.surrogate.pysmo_surrogate: Decode surrogate. type=poly

===========================Polynomial Regression===============================================

The number of cross-validation cases (3) is used.
The default training/cross-validation split of 0.75 is used.
No iterations will be run.
Default parameter estimation method is used.
Parameter estimation method:  pyomo 

2026-05-18 16:34:39 [INFO] idaes.core.surrogate.pysmo_surrogate: Decode surrogate. type=poly

===========================Polynomial Regression===============================================

The number of cross-validation cases (3) is used.
The default training/cross-validation split of 0.75 is used.
No iterations will be run.
Default parameter estimation method is used.
Parameter estimation method:  pyomo 

2026-05-18 16:34:39 [INFO] idaes.core.surrogate.pysmo_surrogate: Decode surrogate. type=poly

===========================Polynomial Regression===============================================

The number of cross-validation cases (3) is used.
The default training/cross-validation split of 0.75 is used.
No iterations will be run.
Default parameter estimation method is used.
Parameter estimation method:  pyomo 

2026-05-18 16:34:41 [INFO] idaes.apps.grid_integration.pricetaker.price_taker_model: Found minimum uptime/downtime data for pretreatment.uf_pumps[1] - Adding minimum uptime/downtime constraints.
2026-05-18 16:34:41 [INFO] idaes.apps.grid_integration.pricetaker.price_taker_model: Created startup/shutdown constraints for operation model  pretreatment.uf_pumps[1] at uf_pumps_1_startup_shutdown.
2026-05-18 16:34:41 [INFO] idaes.apps.grid_integration.pricetaker.price_taker_model: Found minimum uptime/downtime data for pretreatment.uf_pumps[2] - Adding minimum uptime/downtime constraints.
2026-05-18 16:34:41 [INFO] idaes.apps.grid_integration.pricetaker.price_taker_model: Created startup/shutdown constraints for operation model  pretreatment.uf_pumps[2] at uf_pumps_2_startup_shutdown.
2026-05-18 16:34:41 [INFO] idaes.apps.grid_integration.pricetaker.price_taker_model: Found minimum uptime/downtime data for pretreatment.uf_pumps[3] - Adding minimum uptime/downtime constraints.
2026-05-18 16:34:41 [INFO] idaes.apps.grid_integration.pricetaker.price_taker_model: Created startup/shutdown constraints for operation model  pretreatment.uf_pumps[3] at uf_pumps_3_startup_shutdown.
2026-05-18 16:34:41 [INFO] idaes.apps.grid_integration.pricetaker.price_taker_model: Found minimum uptime/downtime data for reverse_osmosis.ro_skid[1] - Adding minimum uptime/downtime constraints.
2026-05-18 16:34:42 [INFO] idaes.apps.grid_integration.pricetaker.price_taker_model: Created startup/shutdown constraints for operation model  reverse_osmosis.ro_skid[1] at ro_skid_1_startup_shutdown.
2026-05-18 16:34:42 [INFO] idaes.apps.grid_integration.pricetaker.price_taker_model: Found minimum uptime/downtime data for reverse_osmosis.ro_skid[2] - Adding minimum uptime/downtime constraints.
2026-05-18 16:34:42 [INFO] idaes.apps.grid_integration.pricetaker.price_taker_model: Created startup/shutdown constraints for operation model  reverse_osmosis.ro_skid[2] at ro_skid_2_startup_shutdown.
2026-05-18 16:34:42 [INFO] idaes.apps.grid_integration.pricetaker.price_taker_model: Found minimum uptime/downtime data for reverse_osmosis.ro_skid[3] - Adding minimum uptime/downtime constraints.
2026-05-18 16:34:42 [INFO] idaes.apps.grid_integration.pricetaker.price_taker_model: Created startup/shutdown constraints for operation model  reverse_osmosis.ro_skid[3] at ro_skid_3_startup_shutdown.
2026-05-18 16:34:42 [INFO] idaes.apps.grid_integration.pricetaker.price_taker_model: Found minimum uptime/downtime data for reverse_osmosis.ro_skid[4] - Adding minimum uptime/downtime constraints.
2026-05-18 16:34:42 [INFO] idaes.apps.grid_integration.pricetaker.price_taker_model: Created startup/shutdown constraints for operation model  reverse_osmosis.ro_skid[4] at ro_skid_4_startup_shutdown.
4202
Set parameter LogToConsole to value 1
Set parameter MIPGap to value 0.015
Gurobi Optimizer version 12.0.3 build v12.0.3rc0 (linux64 - "Red Hat Enterprise Linux 8.8 (Ootpa)")

CPU model: Intel(R) Xeon(R) Platinum 8470QL, instruction set [SSE2|AVX|AVX2|AVX512]
Thread count: 104 physical cores, 104 logical processors, using up to 32 threads

Non-default parameters:
MIPGap  0.015

Optimize a model with 16949 rows, 17147 columns and 42643 nonzeros
Model fingerprint: 0x7dbb5e0d
Model has 3528 quadratic constraints
Model has 673 general nonlinear constraints (840 nonlinear terms)
Variable types: 12945 continuous, 4202 integer (4202 binary)
Coefficient statistics:
  Matrix range     [2e-02, 2e+03]
  QMatrix range    [2e-07, 1e+00]
  QLMatrix range   [1e-04, 2e+00]
  Objective range  [1e+00, 1e+00]
  Bounds range     [9e-01, 1e+03]
  RHS range        [1e+00, 3e+05]
  QRHS range       [3e-01, 1e+00]
Presolve model has 673 nlconstr
Added 1684 variables to disaggregate expressions.
Presolve removed 9720 rows and 5895 columns
Presolve time: 0.09s
Presolved: 31106 rows, 14449 columns, 81511 nonzeros
Presolved model has 4874 bilinear constraint(s)
Presolved model has 674 nonlinear constraint(s)

Solving non-convex MINLP

Variable types: 12105 continuous, 2344 integer (2344 binary)
Found heuristic solution: objective 10.3937703

Root simplex log...

Iteration    Objective       Primal Inf.    Dual Inf.      Time
   34066    9.5645506e+00   0.000000e+00   1.785097e+00      5s
   36477    9.5506764e+00   0.000000e+00   0.000000e+00      6s

Root relaxation: objective 9.550676e+00, 36477 iterations, 5.89 seconds (11.26 work units)
Total elapsed time = 6.25s (DegenMoves)

    Nodes    |    Current Node    |     Objective Bounds      |     Work
 Expl Unexpl |  Obj  Depth IntInf | Incumbent    BestBd   Gap | It/Node Time

     0     0    9.55068    0 5401   10.39377    9.55068  8.11%     -    6s
H    0     0                      10.3937703    9.55068  8.11%     -    6s
H    0     0                      10.3937703    9.55068  8.11%     -    6s
     0     0   10.18395    0 2296   10.39377   10.18395  2.02%     -    9s
     0     0   10.18395    0 2294   10.39377   10.18395  2.02%     -    9s
     0     0          -    0        10.39377   10.24715  1.41%     -   12s

Cutting planes:
  Learned: 2
  Cover: 2
  Implied bound: 152
  MIR: 33
  Flow cover: 43
  RLT: 2208
  Relax-and-lift: 146
  BQP: 2
  PSD: 29

Explored 1 nodes (72591 simplex iterations) in 12.73 seconds (23.58 work units)
Thread count was 32 (of 104 available processors)

Solution count 1: 10.3938 

Optimal solution found (tolerance 1.50e-02)
Best objective 1.039377028897e+01, best bound 1.024715300538e+01, gap 1.4106%
m.flow_changes_penalty(): 0.0
Total operational cost: 103937.70
Maximum power (kW): 1097.57
Discharge energy capacity (kWh): 360.78
Charge energy capacity (kWh): 1312.97
Levelized Cost of Flexibility ($/kWh): 206.72
{'fixed_demand_cost': 4833.666481158235, 'variable_demand_cost': 2596.367543884923, 'fixed_monthly_cost': 171938.17204301074, 'total_water_production': 282179.67125638464, 'total_energy_cost': 17989.586953036734, 'total_demand_cost': 7430.034025043158, 'total_customer_cost': 0.0, 'total_feed_cost': 48810.13094609548, 'total_brine_cost': 9839.968277387003, 'total_chemical_cost': 18875.67198026274, 'raw_degree_of_flex': 0.0, 'degree_of_flex': 0.0, 'total_replacement_cost': 992.3107078853046, 'total_water_revenue': 0.0, 'total_demand_response_revenue': 0.0, 'total_emissions_cost': 0.0, 'total_op_cost': 103937.70288971043, 'fixed_cost': 121551.98252688172, 'total_cost': 225489.68541659217, 'LCOW': 0.7990996814639963, 'maximum_power': 1097.5748386890289, 'energy_capacity': 360.7799555427173, 'power_capacity': 10.307998729791922, 'round_trip_efficiency': 0, 'LVOF': 206.71794145995725}
Saved operation variable results to: /home/rchurchi/watertap_test/watertap/tutorials/flex_ro/wrd_result_winter_rr_1_flexible_trains.csv
2026-05-18 16:34:57 [INFO] idaes.core.surrogate.pysmo_surrogate: Decode surrogate. type=poly

===========================Polynomial Regression===============================================

The number of cross-validation cases (3) is used.
The default training/cross-validation split of 0.75 is used.
No iterations will be run.
Default parameter estimation method is used.
Parameter estimation method:  pyomo 

2026-05-18 16:34:57 [INFO] idaes.core.surrogate.pysmo_surrogate: Decode surrogate. type=poly

===========================Polynomial Regression===============================================

The number of cross-validation cases (3) is used.
The default training/cross-validation split of 0.75 is used.
No iterations will be run.
Default parameter estimation method is used.
Parameter estimation method:  pyomo 

2026-05-18 16:34:57 [INFO] idaes.core.surrogate.pysmo_surrogate: Decode surrogate. type=poly

===========================Polynomial Regression===============================================

The number of cross-validation cases (3) is used.
The default training/cross-validation split of 0.75 is used.
No iterations will be run.
Default parameter estimation method is used.
Parameter estimation method:  pyomo 

2026-05-18 16:34:57 [INFO] idaes.core.surrogate.pysmo_surrogate: Decode surrogate. type=poly

===========================Polynomial Regression===============================================

The number of cross-validation cases (3) is used.
The default training/cross-validation split of 0.75 is used.
No iterations will be run.
Default parameter estimation method is used.
Parameter estimation method:  pyomo 

2026-05-18 16:34:59 [INFO] idaes.apps.grid_integration.pricetaker.price_taker_model: Found minimum uptime/downtime data for pretreatment.uf_pumps[1] - Adding minimum uptime/downtime constraints.
2026-05-18 16:34:59 [INFO] idaes.apps.grid_integration.pricetaker.price_taker_model: Created startup/shutdown constraints for operation model  pretreatment.uf_pumps[1] at uf_pumps_1_startup_shutdown.
2026-05-18 16:34:59 [INFO] idaes.apps.grid_integration.pricetaker.price_taker_model: Found minimum uptime/downtime data for pretreatment.uf_pumps[2] - Adding minimum uptime/downtime constraints.
2026-05-18 16:34:59 [INFO] idaes.apps.grid_integration.pricetaker.price_taker_model: Created startup/shutdown constraints for operation model  pretreatment.uf_pumps[2] at uf_pumps_2_startup_shutdown.
2026-05-18 16:34:59 [INFO] idaes.apps.grid_integration.pricetaker.price_taker_model: Found minimum uptime/downtime data for pretreatment.uf_pumps[3] - Adding minimum uptime/downtime constraints.
2026-05-18 16:34:59 [INFO] idaes.apps.grid_integration.pricetaker.price_taker_model: Created startup/shutdown constraints for operation model  pretreatment.uf_pumps[3] at uf_pumps_3_startup_shutdown.
2026-05-18 16:34:59 [INFO] idaes.apps.grid_integration.pricetaker.price_taker_model: Found minimum uptime/downtime data for reverse_osmosis.ro_skid[1] - Adding minimum uptime/downtime constraints.
2026-05-18 16:34:59 [INFO] idaes.apps.grid_integration.pricetaker.price_taker_model: Created startup/shutdown constraints for operation model  reverse_osmosis.ro_skid[1] at ro_skid_1_startup_shutdown.
2026-05-18 16:34:59 [INFO] idaes.apps.grid_integration.pricetaker.price_taker_model: Found minimum uptime/downtime data for reverse_osmosis.ro_skid[2] - Adding minimum uptime/downtime constraints.
2026-05-18 16:34:59 [INFO] idaes.apps.grid_integration.pricetaker.price_taker_model: Created startup/shutdown constraints for operation model  reverse_osmosis.ro_skid[2] at ro_skid_2_startup_shutdown.
2026-05-18 16:34:59 [INFO] idaes.apps.grid_integration.pricetaker.price_taker_model: Found minimum uptime/downtime data for reverse_osmosis.ro_skid[3] - Adding minimum uptime/downtime constraints.
2026-05-18 16:34:59 [INFO] idaes.apps.grid_integration.pricetaker.price_taker_model: Created startup/shutdown constraints for operation model  reverse_osmosis.ro_skid[3] at ro_skid_3_startup_shutdown.
2026-05-18 16:34:59 [INFO] idaes.apps.grid_integration.pricetaker.price_taker_model: Found minimum uptime/downtime data for reverse_osmosis.ro_skid[4] - Adding minimum uptime/downtime constraints.
2026-05-18 16:35:00 [INFO] idaes.apps.grid_integration.pricetaker.price_taker_model: Created startup/shutdown constraints for operation model  reverse_osmosis.ro_skid[4] at ro_skid_4_startup_shutdown.
4537
Set parameter LogToConsole to value 1
Set parameter MIPGap to value 0.015
Gurobi Optimizer version 12.0.3 build v12.0.3rc0 (linux64 - "Red Hat Enterprise Linux 8.8 (Ootpa)")

CPU model: Intel(R) Xeon(R) Platinum 8470QL, instruction set [SSE2|AVX|AVX2|AVX512]
Thread count: 104 physical cores, 104 logical processors, using up to 32 threads

Non-default parameters:
MIPGap  0.015

Optimize a model with 16949 rows, 17483 columns and 43647 nonzeros
Model fingerprint: 0xf020f53d
Model has 3528 quadratic constraints
Model has 673 general nonlinear constraints (840 nonlinear terms)
Variable types: 12945 continuous, 4538 integer (4538 binary)
Coefficient statistics:
  Matrix range     [2e-02, 2e+03]
  QMatrix range    [2e-07, 1e+00]
  QLMatrix range   [1e-04, 2e+00]
  Objective range  [1e+00, 1e+00]
  Bounds range     [9e-01, 1e+03]
  RHS range        [1e+00, 3e+05]
  QRHS range       [3e-01, 1e+00]
Presolve model has 673 nlconstr
Added 2020 variables to disaggregate expressions.
Presolve removed 8883 rows and 6063 columns
Presolve time: 0.09s
Presolved: 32783 rows, 15121 columns, 84863 nonzeros
Presolved model has 4874 bilinear constraint(s)
Presolved model has 674 nonlinear constraint(s)

Solving non-convex MINLP

Variable types: 12609 continuous, 2512 integer (2512 binary)
Found heuristic solution: objective 10.3937703

Root relaxation: objective 9.273623e+00, 26233 iterations, 1.93 seconds (3.90 work units)

    Nodes    |    Current Node    |     Objective Bounds      |     Work
 Expl Unexpl |  Obj  Depth IntInf | Incumbent    BestBd   Gap | It/Node Time

     0     0    9.27362    0 5538   10.39377    9.27362  10.8%     -    2s
H    0     0                      10.3937703    9.27362  10.8%     -    2s
H    0     0                      10.3937703    9.27362  10.8%     -    2s
     0     0   10.14970    0 4290   10.39377   10.14970  2.35%     -   12s
     0     0   10.22850    0 3588   10.39377   10.22850  1.59%     -   16s
     0     0   10.22850    0 4136   10.39377   10.22850  1.59%     -   25s
     0     0          -    0        10.39377   10.24067  1.47%     -   32s

Cutting planes:
  Learned: 139
  Gomory: 15
  Cover: 111
  Implied bound: 235
  MIR: 44
  Flow cover: 460
  Network: 6
  RLT: 2461
  Relax-and-lift: 111
  PSD: 50

Explored 1 nodes (156449 simplex iterations) in 32.86 seconds (55.68 work units)
Thread count was 32 (of 104 available processors)

Solution count 1: 10.3938 

Optimal solution found (tolerance 1.50e-02)
Best objective 1.039377028897e+01, best bound 1.024067230654e+01, gap 1.4730%
m.flow_changes_penalty(): 0.0
Total operational cost: 103937.70
Maximum power (kW): 1097.57
Discharge energy capacity (kWh): 360.78
Charge energy capacity (kWh): 1312.97
Levelized Cost of Flexibility ($/kWh): 206.72
{'fixed_demand_cost': 4833.6664811581595, 'variable_demand_cost': 2596.3675438849345, 'fixed_monthly_cost': 171938.17204301074, 'total_water_production': 282179.6712563852, 'total_energy_cost': 17989.58695303613, 'total_demand_cost': 7430.0340250430945, 'total_customer_cost': 0.0, 'total_feed_cost': 48810.13094609584, 'total_brine_cost': 9839.968277387203, 'total_chemical_cost': 18875.6719802628, 'raw_degree_of_flex': 0.0, 'degree_of_flex': 0.0, 'total_replacement_cost': 992.3107078853046, 'total_water_revenue': 0.0, 'total_demand_response_revenue': 0.0, 'total_emissions_cost': 0.0, 'total_op_cost': 103937.70288971037, 'fixed_cost': 121551.98252688172, 'total_cost': 225489.6854165921, 'LCOW': 0.7990996814639945, 'maximum_power': 1097.574838689033, 'energy_capacity': 360.77995554256427, 'power_capacity': 10.30799872978755, 'round_trip_efficiency': 0, 'LVOF': 206.71794146004677}
Saved operation variable results to: /home/rchurchi/watertap_test/watertap/tutorials/flex_ro/wrd_result_winter_rr_2_flexible_trains.csv
2026-05-18 16:35:36 [INFO] idaes.core.surrogate.pysmo_surrogate: Decode surrogate. type=poly

===========================Polynomial Regression===============================================

The number of cross-validation cases (3) is used.
The default training/cross-validation split of 0.75 is used.
No iterations will be run.
Default parameter estimation method is used.
Parameter estimation method:  pyomo 

2026-05-18 16:35:36 [INFO] idaes.core.surrogate.pysmo_surrogate: Decode surrogate. type=poly

===========================Polynomial Regression===============================================

The number of cross-validation cases (3) is used.
The default training/cross-validation split of 0.75 is used.
No iterations will be run.
Default parameter estimation method is used.
Parameter estimation method:  pyomo 

2026-05-18 16:35:36 [INFO] idaes.core.surrogate.pysmo_surrogate: Decode surrogate. type=poly

===========================Polynomial Regression===============================================

The number of cross-validation cases (3) is used.
The default training/cross-validation split of 0.75 is used.
No iterations will be run.
Default parameter estimation method is used.
Parameter estimation method:  pyomo 

2026-05-18 16:35:36 [INFO] idaes.core.surrogate.pysmo_surrogate: Decode surrogate. type=poly

===========================Polynomial Regression===============================================

The number of cross-validation cases (3) is used.
The default training/cross-validation split of 0.75 is used.
No iterations will be run.
Default parameter estimation method is used.
Parameter estimation method:  pyomo 

2026-05-18 16:35:38 [INFO] idaes.apps.grid_integration.pricetaker.price_taker_model: Found minimum uptime/downtime data for pretreatment.uf_pumps[1] - Adding minimum uptime/downtime constraints.
2026-05-18 16:35:38 [INFO] idaes.apps.grid_integration.pricetaker.price_taker_model: Created startup/shutdown constraints for operation model  pretreatment.uf_pumps[1] at uf_pumps_1_startup_shutdown.
2026-05-18 16:35:38 [INFO] idaes.apps.grid_integration.pricetaker.price_taker_model: Found minimum uptime/downtime data for pretreatment.uf_pumps[2] - Adding minimum uptime/downtime constraints.
2026-05-18 16:35:38 [INFO] idaes.apps.grid_integration.pricetaker.price_taker_model: Created startup/shutdown constraints for operation model  pretreatment.uf_pumps[2] at uf_pumps_2_startup_shutdown.
2026-05-18 16:35:38 [INFO] idaes.apps.grid_integration.pricetaker.price_taker_model: Found minimum uptime/downtime data for pretreatment.uf_pumps[3] - Adding minimum uptime/downtime constraints.
2026-05-18 16:35:38 [INFO] idaes.apps.grid_integration.pricetaker.price_taker_model: Created startup/shutdown constraints for operation model  pretreatment.uf_pumps[3] at uf_pumps_3_startup_shutdown.
2026-05-18 16:35:38 [INFO] idaes.apps.grid_integration.pricetaker.price_taker_model: Found minimum uptime/downtime data for reverse_osmosis.ro_skid[1] - Adding minimum uptime/downtime constraints.
2026-05-18 16:35:38 [INFO] idaes.apps.grid_integration.pricetaker.price_taker_model: Created startup/shutdown constraints for operation model  reverse_osmosis.ro_skid[1] at ro_skid_1_startup_shutdown.
2026-05-18 16:35:38 [INFO] idaes.apps.grid_integration.pricetaker.price_taker_model: Found minimum uptime/downtime data for reverse_osmosis.ro_skid[2] - Adding minimum uptime/downtime constraints.
2026-05-18 16:35:38 [INFO] idaes.apps.grid_integration.pricetaker.price_taker_model: Created startup/shutdown constraints for operation model  reverse_osmosis.ro_skid[2] at ro_skid_2_startup_shutdown.
2026-05-18 16:35:38 [INFO] idaes.apps.grid_integration.pricetaker.price_taker_model: Found minimum uptime/downtime data for reverse_osmosis.ro_skid[3] - Adding minimum uptime/downtime constraints.
2026-05-18 16:35:38 [INFO] idaes.apps.grid_integration.pricetaker.price_taker_model: Created startup/shutdown constraints for operation model  reverse_osmosis.ro_skid[3] at ro_skid_3_startup_shutdown.
2026-05-18 16:35:38 [INFO] idaes.apps.grid_integration.pricetaker.price_taker_model: Found minimum uptime/downtime data for reverse_osmosis.ro_skid[4] - Adding minimum uptime/downtime constraints.
2026-05-18 16:35:39 [INFO] idaes.apps.grid_integration.pricetaker.price_taker_model: Created startup/shutdown constraints for operation model  reverse_osmosis.ro_skid[4] at ro_skid_4_startup_shutdown.
4201
Set parameter LogToConsole to value 1
Set parameter MIPGap to value 0.015
Gurobi Optimizer version 12.0.3 build v12.0.3rc0 (linux64 - "Red Hat Enterprise Linux 8.8 (Ootpa)")

CPU model: Intel(R) Xeon(R) Platinum 8470QL, instruction set [SSE2|AVX|AVX2|AVX512]
Thread count: 104 physical cores, 104 logical processors, using up to 32 threads

Non-default parameters:
MIPGap  0.015

Optimize a model with 18126 rows, 15299 columns and 46843 nonzeros
Model fingerprint: 0x76092527
Model has 2352 quadratic constraints
Model has 1 general nonlinear constraint (168 nonlinear terms)
Variable types: 11097 continuous, 4202 integer (4202 binary)
Coefficient statistics:
  Matrix range     [2e-02, 2e+03]
  QMatrix range    [2e-07, 1e+00]
  QLMatrix range   [1e-04, 1e+00]
  Objective range  [1e+00, 1e+00]
  Bounds range     [1e+00, 1e+03]
  RHS range        [1e+00, 3e+05]
  QRHS range       [2e-01, 3e-01]
Presolve model has 1 nlconstr
Added 4 variables to disaggregate expressions.
Presolve removed 16903 rows and 14095 columns
Presolve time: 0.09s
Presolved: 1293 rows, 1209 columns, 5830 nonzeros
Presolved model has 16 bilinear constraint(s)
Presolved model has 2 nonlinear constraint(s)

Solving non-convex MINLP

Variable types: 1206 continuous, 3 integer (3 binary)
Found heuristic solution: objective 12.1025892

Root relaxation: objective 1.137427e+01, 27 iterations, 0.00 seconds (0.00 work units)

    Nodes    |    Current Node    |     Objective Bounds      |     Work
 Expl Unexpl |  Obj  Depth IntInf | Incumbent    BestBd   Gap | It/Node Time

     0     0   11.37427    0    9   12.10259   11.37427  6.02%     -    0s
     0     0   11.39639    0   12   12.10259   11.39639  5.84%     -    0s
H    0     0                      12.0243715   11.39639  5.22%     -    0s
     0     0   11.77148    0   12   12.02437   11.77148  2.10%     -    0s
     0     0          -    0        12.02437   11.86117  1.36%     -    0s

Cutting planes:
  RLT: 9

Explored 1 nodes (42 simplex iterations) in 0.11 seconds (0.18 work units)
Thread count was 32 (of 104 available processors)

Solution count 2: 12.0244 12.1026 

Optimal solution found (tolerance 1.50e-02)
Best objective 1.202437146462e+01, best bound 1.186117392000e+01, gap 1.3572%
m.flow_changes_penalty(): 0.0
Total operational cost: 120243.71
Maximum power (kW): 1080.46
Discharge energy capacity (kWh): 2862.68
Charge energy capacity (kWh): 0.71
Levelized Cost of Flexibility ($/kWh): 23.12
{'fixed_demand_cost': 4835.910464372373, 'variable_demand_cost': 8919.999342006815, 'fixed_monthly_cost': 171938.17204301074, 'total_water_production': 282179.6712328764, 'total_energy_cost': 20050.981250738147, 'total_demand_cost': 13755.909806379188, 'total_customer_cost': 0.0, 'total_feed_cost': 50843.18400592369, 'total_brine_cost': 15303.798385783017, 'total_chemical_cost': 19297.530489448236, 'raw_degree_of_flex': 0.0, 'degree_of_flex': 0.0, 'total_replacement_cost': 992.3107078853046, 'total_water_revenue': 0.0, 'total_demand_response_revenue': 0.0, 'total_emissions_cost': 0.0, 'total_op_cost': 120243.71464615759, 'fixed_cost': 121551.98252688172, 'total_cost': 241795.6971730393, 'LCOW': 0.8568856009952994, 'maximum_power': 1080.4621605814586, 'energy_capacity': 2862.680069047866, 'power_capacity': 17.245060656914855, 'round_trip_efficiency': 0, 'LVOF': 23.1225348464398}
Saved operation variable results to: /home/rchurchi/watertap_test/watertap/tutorials/flex_ro/wrd_result_summer_no_flex_1_flexible_trains.csv
2026-05-18 16:35:42 [INFO] idaes.core.surrogate.pysmo_surrogate: Decode surrogate. type=poly

===========================Polynomial Regression===============================================

The number of cross-validation cases (3) is used.
The default training/cross-validation split of 0.75 is used.
No iterations will be run.
Default parameter estimation method is used.
Parameter estimation method:  pyomo 

2026-05-18 16:35:42 [INFO] idaes.core.surrogate.pysmo_surrogate: Decode surrogate. type=poly

===========================Polynomial Regression===============================================

The number of cross-validation cases (3) is used.
The default training/cross-validation split of 0.75 is used.
No iterations will be run.
Default parameter estimation method is used.
Parameter estimation method:  pyomo 

2026-05-18 16:35:42 [INFO] idaes.core.surrogate.pysmo_surrogate: Decode surrogate. type=poly

===========================Polynomial Regression===============================================

The number of cross-validation cases (3) is used.
The default training/cross-validation split of 0.75 is used.
No iterations will be run.
Default parameter estimation method is used.
Parameter estimation method:  pyomo 

2026-05-18 16:35:42 [INFO] idaes.core.surrogate.pysmo_surrogate: Decode surrogate. type=poly

===========================Polynomial Regression===============================================

The number of cross-validation cases (3) is used.
The default training/cross-validation split of 0.75 is used.
No iterations will be run.
Default parameter estimation method is used.
Parameter estimation method:  pyomo 

2026-05-18 16:35:44 [INFO] idaes.apps.grid_integration.pricetaker.price_taker_model: Found minimum uptime/downtime data for pretreatment.uf_pumps[1] - Adding minimum uptime/downtime constraints.
2026-05-18 16:35:44 [INFO] idaes.apps.grid_integration.pricetaker.price_taker_model: Created startup/shutdown constraints for operation model  pretreatment.uf_pumps[1] at uf_pumps_1_startup_shutdown.
2026-05-18 16:35:44 [INFO] idaes.apps.grid_integration.pricetaker.price_taker_model: Found minimum uptime/downtime data for pretreatment.uf_pumps[2] - Adding minimum uptime/downtime constraints.
2026-05-18 16:35:44 [INFO] idaes.apps.grid_integration.pricetaker.price_taker_model: Created startup/shutdown constraints for operation model  pretreatment.uf_pumps[2] at uf_pumps_2_startup_shutdown.
2026-05-18 16:35:44 [INFO] idaes.apps.grid_integration.pricetaker.price_taker_model: Found minimum uptime/downtime data for pretreatment.uf_pumps[3] - Adding minimum uptime/downtime constraints.
2026-05-18 16:35:44 [INFO] idaes.apps.grid_integration.pricetaker.price_taker_model: Created startup/shutdown constraints for operation model  pretreatment.uf_pumps[3] at uf_pumps_3_startup_shutdown.
2026-05-18 16:35:44 [INFO] idaes.apps.grid_integration.pricetaker.price_taker_model: Found minimum uptime/downtime data for reverse_osmosis.ro_skid[1] - Adding minimum uptime/downtime constraints.
2026-05-18 16:35:44 [INFO] idaes.apps.grid_integration.pricetaker.price_taker_model: Created startup/shutdown constraints for operation model  reverse_osmosis.ro_skid[1] at ro_skid_1_startup_shutdown.
2026-05-18 16:35:44 [INFO] idaes.apps.grid_integration.pricetaker.price_taker_model: Found minimum uptime/downtime data for reverse_osmosis.ro_skid[2] - Adding minimum uptime/downtime constraints.
2026-05-18 16:35:44 [INFO] idaes.apps.grid_integration.pricetaker.price_taker_model: Created startup/shutdown constraints for operation model  reverse_osmosis.ro_skid[2] at ro_skid_2_startup_shutdown.
2026-05-18 16:35:44 [INFO] idaes.apps.grid_integration.pricetaker.price_taker_model: Found minimum uptime/downtime data for reverse_osmosis.ro_skid[3] - Adding minimum uptime/downtime constraints.
2026-05-18 16:35:44 [INFO] idaes.apps.grid_integration.pricetaker.price_taker_model: Created startup/shutdown constraints for operation model  reverse_osmosis.ro_skid[3] at ro_skid_3_startup_shutdown.
2026-05-18 16:35:44 [INFO] idaes.apps.grid_integration.pricetaker.price_taker_model: Found minimum uptime/downtime data for reverse_osmosis.ro_skid[4] - Adding minimum uptime/downtime constraints.
2026-05-18 16:35:44 [INFO] idaes.apps.grid_integration.pricetaker.price_taker_model: Created startup/shutdown constraints for operation model  reverse_osmosis.ro_skid[4] at ro_skid_4_startup_shutdown.
4536
Set parameter LogToConsole to value 1
Set parameter MIPGap to value 0.015
Gurobi Optimizer version 12.0.3 build v12.0.3rc0 (linux64 - "Red Hat Enterprise Linux 8.8 (Ootpa)")

CPU model: Intel(R) Xeon(R) Platinum 8470QL, instruction set [SSE2|AVX|AVX2|AVX512]
Thread count: 104 physical cores, 104 logical processors, using up to 32 threads

Non-default parameters:
MIPGap  0.015

Optimize a model with 18126 rows, 15635 columns and 47847 nonzeros
Model fingerprint: 0x427c4cc3
Model has 2352 quadratic constraints
Model has 1 general nonlinear constraint (168 nonlinear terms)
Variable types: 11097 continuous, 4538 integer (4538 binary)
Coefficient statistics:
  Matrix range     [2e-02, 2e+03]
  QMatrix range    [2e-07, 1e+00]
  QLMatrix range   [1e-04, 1e+00]
  Objective range  [1e+00, 1e+00]
  Bounds range     [1e+00, 1e+03]
  RHS range        [1e+00, 3e+05]
  QRHS range       [2e-01, 3e-01]
Presolve model has 1 nlconstr
Added 4 variables to disaggregate expressions.
Presolve removed 16903 rows and 14431 columns
Presolve time: 0.10s
Presolved: 1293 rows, 1209 columns, 5825 nonzeros
Presolved model has 16 bilinear constraint(s)
Presolved model has 2 nonlinear constraint(s)

Solving non-convex MINLP

Variable types: 1206 continuous, 3 integer (3 binary)
Found heuristic solution: objective 12.1025892

Root relaxation: objective 1.137427e+01, 29 iterations, 0.00 seconds (0.00 work units)

    Nodes    |    Current Node    |     Objective Bounds      |     Work
 Expl Unexpl |  Obj  Depth IntInf | Incumbent    BestBd   Gap | It/Node Time

     0     0   11.37427    0    9   12.10259   11.37427  6.02%     -    0s
     0     0   11.39639    0   12   12.10259   11.39639  5.84%     -    0s
H    0     0                      12.0243715   11.39639  5.22%     -    0s
     0     0   11.77994    0   12   12.02437   11.77994  2.03%     -    0s
     0     0          -    0        12.02437   11.86117  1.36%     -    0s

Cutting planes:
  RLT: 9

Explored 1 nodes (41 simplex iterations) in 0.12 seconds (0.19 work units)
Thread count was 32 (of 104 available processors)

Solution count 2: 12.0244 12.1026 

Optimal solution found (tolerance 1.50e-02)
Best objective 1.202437146462e+01, best bound 1.186117392000e+01, gap 1.3572%
m.flow_changes_penalty(): 0.0
Total operational cost: 120243.71
Maximum power (kW): 1080.46
Discharge energy capacity (kWh): 2862.68
Charge energy capacity (kWh): 0.71
Levelized Cost of Flexibility ($/kWh): 23.12
{'fixed_demand_cost': 4835.910464372373, 'variable_demand_cost': 8919.999342006815, 'fixed_monthly_cost': 171938.17204301074, 'total_water_production': 282179.6712328764, 'total_energy_cost': 20050.98125073815, 'total_demand_cost': 13755.909806379188, 'total_customer_cost': 0.0, 'total_feed_cost': 50843.18400592369, 'total_brine_cost': 15303.798385783013, 'total_chemical_cost': 19297.530489448236, 'raw_degree_of_flex': 0.0, 'degree_of_flex': 0.0, 'total_replacement_cost': 992.3107078853046, 'total_water_revenue': 0.0, 'total_demand_response_revenue': 0.0, 'total_emissions_cost': 0.0, 'total_op_cost': 120243.71464615759, 'fixed_cost': 121551.98252688172, 'total_cost': 241795.6971730393, 'LCOW': 0.8568856009952994, 'maximum_power': 1080.4621605814586, 'energy_capacity': 2862.680069047823, 'power_capacity': 17.245060656914596, 'round_trip_efficiency': 0, 'LVOF': 23.122534846440143}
Saved operation variable results to: /home/rchurchi/watertap_test/watertap/tutorials/flex_ro/wrd_result_summer_no_flex_2_flexible_trains.csv
2026-05-18 16:35:47 [INFO] idaes.core.surrogate.pysmo_surrogate: Decode surrogate. type=poly

===========================Polynomial Regression===============================================

The number of cross-validation cases (3) is used.
The default training/cross-validation split of 0.75 is used.
No iterations will be run.
Default parameter estimation method is used.
Parameter estimation method:  pyomo 

2026-05-18 16:35:47 [INFO] idaes.core.surrogate.pysmo_surrogate: Decode surrogate. type=poly

===========================Polynomial Regression===============================================

The number of cross-validation cases (3) is used.
The default training/cross-validation split of 0.75 is used.
No iterations will be run.
Default parameter estimation method is used.
Parameter estimation method:  pyomo 

2026-05-18 16:35:47 [INFO] idaes.core.surrogate.pysmo_surrogate: Decode surrogate. type=poly

===========================Polynomial Regression===============================================

The number of cross-validation cases (3) is used.
The default training/cross-validation split of 0.75 is used.
No iterations will be run.
Default parameter estimation method is used.
Parameter estimation method:  pyomo 

2026-05-18 16:35:47 [INFO] idaes.core.surrogate.pysmo_surrogate: Decode surrogate. type=poly

===========================Polynomial Regression===============================================

The number of cross-validation cases (3) is used.
The default training/cross-validation split of 0.75 is used.
No iterations will be run.
Default parameter estimation method is used.
Parameter estimation method:  pyomo 

2026-05-18 16:35:50 [INFO] idaes.apps.grid_integration.pricetaker.price_taker_model: Found minimum uptime/downtime data for pretreatment.uf_pumps[1] - Adding minimum uptime/downtime constraints.
2026-05-18 16:35:50 [INFO] idaes.apps.grid_integration.pricetaker.price_taker_model: Created startup/shutdown constraints for operation model  pretreatment.uf_pumps[1] at uf_pumps_1_startup_shutdown.
2026-05-18 16:35:50 [INFO] idaes.apps.grid_integration.pricetaker.price_taker_model: Found minimum uptime/downtime data for pretreatment.uf_pumps[2] - Adding minimum uptime/downtime constraints.
2026-05-18 16:35:50 [INFO] idaes.apps.grid_integration.pricetaker.price_taker_model: Created startup/shutdown constraints for operation model  pretreatment.uf_pumps[2] at uf_pumps_2_startup_shutdown.
2026-05-18 16:35:50 [INFO] idaes.apps.grid_integration.pricetaker.price_taker_model: Found minimum uptime/downtime data for pretreatment.uf_pumps[3] - Adding minimum uptime/downtime constraints.
2026-05-18 16:35:50 [INFO] idaes.apps.grid_integration.pricetaker.price_taker_model: Created startup/shutdown constraints for operation model  pretreatment.uf_pumps[3] at uf_pumps_3_startup_shutdown.
2026-05-18 16:35:50 [INFO] idaes.apps.grid_integration.pricetaker.price_taker_model: Found minimum uptime/downtime data for reverse_osmosis.ro_skid[1] - Adding minimum uptime/downtime constraints.
2026-05-18 16:35:50 [INFO] idaes.apps.grid_integration.pricetaker.price_taker_model: Created startup/shutdown constraints for operation model  reverse_osmosis.ro_skid[1] at ro_skid_1_startup_shutdown.
2026-05-18 16:35:50 [INFO] idaes.apps.grid_integration.pricetaker.price_taker_model: Found minimum uptime/downtime data for reverse_osmosis.ro_skid[2] - Adding minimum uptime/downtime constraints.
2026-05-18 16:35:50 [INFO] idaes.apps.grid_integration.pricetaker.price_taker_model: Created startup/shutdown constraints for operation model  reverse_osmosis.ro_skid[2] at ro_skid_2_startup_shutdown.
2026-05-18 16:35:50 [INFO] idaes.apps.grid_integration.pricetaker.price_taker_model: Found minimum uptime/downtime data for reverse_osmosis.ro_skid[3] - Adding minimum uptime/downtime constraints.
2026-05-18 16:35:50 [INFO] idaes.apps.grid_integration.pricetaker.price_taker_model: Created startup/shutdown constraints for operation model  reverse_osmosis.ro_skid[3] at ro_skid_3_startup_shutdown.
2026-05-18 16:35:50 [INFO] idaes.apps.grid_integration.pricetaker.price_taker_model: Found minimum uptime/downtime data for reverse_osmosis.ro_skid[4] - Adding minimum uptime/downtime constraints.
2026-05-18 16:35:50 [INFO] idaes.apps.grid_integration.pricetaker.price_taker_model: Created startup/shutdown constraints for operation model  reverse_osmosis.ro_skid[4] at ro_skid_4_startup_shutdown.
4202
Set parameter LogToConsole to value 1
Set parameter MIPGap to value 0.015
Gurobi Optimizer version 12.0.3 build v12.0.3rc0 (linux64 - "Red Hat Enterprise Linux 8.8 (Ootpa)")

CPU model: Intel(R) Xeon(R) Platinum 8470QL, instruction set [SSE2|AVX|AVX2|AVX512]
Thread count: 104 physical cores, 104 logical processors, using up to 32 threads

Non-default parameters:
MIPGap  0.015

Optimize a model with 16949 rows, 17147 columns and 42643 nonzeros
Model fingerprint: 0x9b99c623
Model has 3528 quadratic constraints
Model has 673 general nonlinear constraints (840 nonlinear terms)
Variable types: 12945 continuous, 4202 integer (4202 binary)
Coefficient statistics:
  Matrix range     [2e-02, 2e+03]
  QMatrix range    [2e-07, 1e+00]
  QLMatrix range   [1e-04, 2e+00]
  Objective range  [1e+00, 1e+00]
  Bounds range     [9e-01, 1e+03]
  RHS range        [1e+00, 3e+05]
  QRHS range       [3e-01, 1e+00]
Presolve model has 673 nlconstr
Added 1684 variables to disaggregate expressions.
Presolve removed 9720 rows and 5895 columns
Presolve time: 0.09s
Presolved: 31106 rows, 14449 columns, 81511 nonzeros
Presolved model has 4874 bilinear constraint(s)
Presolved model has 674 nonlinear constraint(s)

Solving non-convex MINLP

Variable types: 12105 continuous, 2344 integer (2344 binary)
Found heuristic solution: objective 11.2836817

Root simplex log...

Iteration    Objective       Primal Inf.    Dual Inf.      Time
   34977    1.0121194e+01   0.000000e+00   1.281206e+00      5s
   38020    1.0090632e+01   0.000000e+00   0.000000e+00      6s

Root relaxation: objective 1.009063e+01, 38020 iterations, 6.10 seconds (11.27 work units)
Total elapsed time = 6.45s (DegenMoves)

    Nodes    |    Current Node    |     Objective Bounds      |     Work
 Expl Unexpl |  Obj  Depth IntInf | Incumbent    BestBd   Gap | It/Node Time

     0     0   10.09063    0 4421   11.28368   10.09063  10.6%     -    6s
H    0     0                      11.2836817   10.09063  10.6%     -    6s
     0     0   10.98183    0 3240   11.28368   10.98183  2.68%     -    9s
     0     0   10.99418    0 2776   11.28368   10.99418  2.57%     -   11s
     0     0   11.08039    0 2686   11.28368   11.08039  1.80%     -   15s
     0     0   11.08193    0 2630   11.28368   11.08193  1.79%     -   17s
     0     0   11.08398    0 2582   11.28368   11.08398  1.77%     -   17s
     0     0   11.09394    0 2324   11.28368   11.09394  1.68%     -   19s
     0     0   11.09397    0 2537   11.28368   11.09397  1.68%     -   19s
     0     0   11.11313    0 2732   11.28368   11.11313  1.51%     -   22s
     0     0   11.11319    0 4378   11.28368   11.11319  1.51%     -   26s
     0     0          -    0        11.28368   11.16033  1.09%     -   34s

Cutting planes:
  Learned: 13
  Gomory: 10
  Cover: 25
  Implied bound: 162
  MIR: 117
  Flow cover: 173
  RLT: 2859
  Relax-and-lift: 104
  PSD: 22

Explored 1 nodes (166728 simplex iterations) in 34.71 seconds (61.99 work units)
Thread count was 32 (of 104 available processors)

Solution count 1: 11.2837 

Optimal solution found (tolerance 1.50e-02)
Best objective 1.128368172368e+01, best bound 1.116033289996e+01, gap 1.0932%
m.flow_changes_penalty(): 0.0
Total operational cost: 112836.82
Maximum power (kW): 1094.55
Discharge energy capacity (kWh): 857.50
Charge energy capacity (kWh): 883.71
Levelized Cost of Flexibility ($/kWh): 76.61
{'fixed_demand_cost': 4898.986289458753, 'variable_demand_cost': 9033.992012877472, 'fixed_monthly_cost': 171938.17204301074, 'total_water_production': 282179.67125381745, 'total_energy_cost': 20374.552170169278, 'total_demand_cost': 13932.978302336225, 'total_customer_cost': 0.0, 'total_feed_cost': 48813.00767308204, 'total_brine_cost': 9847.699482266655, 'total_chemical_cost': 18876.26890103286, 'raw_degree_of_flex': 0.0, 'degree_of_flex': 0.0, 'total_replacement_cost': 992.3107078853046, 'total_water_revenue': 0.0, 'total_demand_response_revenue': 0.0, 'total_emissions_cost': 0.0, 'total_op_cost': 112836.81723677237, 'fixed_cost': 121551.98252688172, 'total_cost': 234388.7997636541, 'LCOW': 0.8306367312790013, 'maximum_power': 1094.5548619959018, 'energy_capacity': 857.5022228627222, 'power_capacity': 9.527802476252468, 'round_trip_efficiency': 0, 'LVOF': 76.60829148182444}
Saved operation variable results to: /home/rchurchi/watertap_test/watertap/tutorials/flex_ro/wrd_result_summer_rr_1_flexible_trains.csv
2026-05-18 16:36:28 [INFO] idaes.core.surrogate.pysmo_surrogate: Decode surrogate. type=poly

===========================Polynomial Regression===============================================

The number of cross-validation cases (3) is used.
The default training/cross-validation split of 0.75 is used.
No iterations will be run.
Default parameter estimation method is used.
Parameter estimation method:  pyomo 

2026-05-18 16:36:28 [INFO] idaes.core.surrogate.pysmo_surrogate: Decode surrogate. type=poly

===========================Polynomial Regression===============================================

The number of cross-validation cases (3) is used.
The default training/cross-validation split of 0.75 is used.
No iterations will be run.
Default parameter estimation method is used.
Parameter estimation method:  pyomo 

2026-05-18 16:36:28 [INFO] idaes.core.surrogate.pysmo_surrogate: Decode surrogate. type=poly

===========================Polynomial Regression===============================================

The number of cross-validation cases (3) is used.
The default training/cross-validation split of 0.75 is used.
No iterations will be run.
Default parameter estimation method is used.
Parameter estimation method:  pyomo 

2026-05-18 16:36:28 [INFO] idaes.core.surrogate.pysmo_surrogate: Decode surrogate. type=poly

===========================Polynomial Regression===============================================

The number of cross-validation cases (3) is used.
The default training/cross-validation split of 0.75 is used.
No iterations will be run.
Default parameter estimation method is used.
Parameter estimation method:  pyomo 

2026-05-18 16:36:30 [INFO] idaes.apps.grid_integration.pricetaker.price_taker_model: Found minimum uptime/downtime data for pretreatment.uf_pumps[1] - Adding minimum uptime/downtime constraints.
2026-05-18 16:36:30 [INFO] idaes.apps.grid_integration.pricetaker.price_taker_model: Created startup/shutdown constraints for operation model  pretreatment.uf_pumps[1] at uf_pumps_1_startup_shutdown.
2026-05-18 16:36:30 [INFO] idaes.apps.grid_integration.pricetaker.price_taker_model: Found minimum uptime/downtime data for pretreatment.uf_pumps[2] - Adding minimum uptime/downtime constraints.
2026-05-18 16:36:30 [INFO] idaes.apps.grid_integration.pricetaker.price_taker_model: Created startup/shutdown constraints for operation model  pretreatment.uf_pumps[2] at uf_pumps_2_startup_shutdown.
2026-05-18 16:36:30 [INFO] idaes.apps.grid_integration.pricetaker.price_taker_model: Found minimum uptime/downtime data for pretreatment.uf_pumps[3] - Adding minimum uptime/downtime constraints.
2026-05-18 16:36:30 [INFO] idaes.apps.grid_integration.pricetaker.price_taker_model: Created startup/shutdown constraints for operation model  pretreatment.uf_pumps[3] at uf_pumps_3_startup_shutdown.
2026-05-18 16:36:30 [INFO] idaes.apps.grid_integration.pricetaker.price_taker_model: Found minimum uptime/downtime data for reverse_osmosis.ro_skid[1] - Adding minimum uptime/downtime constraints.
2026-05-18 16:36:30 [INFO] idaes.apps.grid_integration.pricetaker.price_taker_model: Created startup/shutdown constraints for operation model  reverse_osmosis.ro_skid[1] at ro_skid_1_startup_shutdown.
2026-05-18 16:36:30 [INFO] idaes.apps.grid_integration.pricetaker.price_taker_model: Found minimum uptime/downtime data for reverse_osmosis.ro_skid[2] - Adding minimum uptime/downtime constraints.
2026-05-18 16:36:30 [INFO] idaes.apps.grid_integration.pricetaker.price_taker_model: Created startup/shutdown constraints for operation model  reverse_osmosis.ro_skid[2] at ro_skid_2_startup_shutdown.
2026-05-18 16:36:30 [INFO] idaes.apps.grid_integration.pricetaker.price_taker_model: Found minimum uptime/downtime data for reverse_osmosis.ro_skid[3] - Adding minimum uptime/downtime constraints.
2026-05-18 16:36:30 [INFO] idaes.apps.grid_integration.pricetaker.price_taker_model: Created startup/shutdown constraints for operation model  reverse_osmosis.ro_skid[3] at ro_skid_3_startup_shutdown.
2026-05-18 16:36:30 [INFO] idaes.apps.grid_integration.pricetaker.price_taker_model: Found minimum uptime/downtime data for reverse_osmosis.ro_skid[4] - Adding minimum uptime/downtime constraints.
2026-05-18 16:36:30 [INFO] idaes.apps.grid_integration.pricetaker.price_taker_model: Created startup/shutdown constraints for operation model  reverse_osmosis.ro_skid[4] at ro_skid_4_startup_shutdown.
4537
Set parameter LogToConsole to value 1
Set parameter MIPGap to value 0.015
Gurobi Optimizer version 12.0.3 build v12.0.3rc0 (linux64 - "Red Hat Enterprise Linux 8.8 (Ootpa)")

CPU model: Intel(R) Xeon(R) Platinum 8470QL, instruction set [SSE2|AVX|AVX2|AVX512]
Thread count: 104 physical cores, 104 logical processors, using up to 32 threads

Non-default parameters:
MIPGap  0.015

Optimize a model with 16949 rows, 17483 columns and 43647 nonzeros
Model fingerprint: 0xf46ff2a9
Model has 3528 quadratic constraints
Model has 673 general nonlinear constraints (840 nonlinear terms)
Variable types: 12945 continuous, 4538 integer (4538 binary)
Coefficient statistics:
  Matrix range     [2e-02, 2e+03]
  QMatrix range    [2e-07, 1e+00]
  QLMatrix range   [1e-04, 2e+00]
  Objective range  [1e+00, 1e+00]
  Bounds range     [9e-01, 1e+03]
  RHS range        [1e+00, 3e+05]
  QRHS range       [3e-01, 1e+00]
Presolve model has 673 nlconstr
Added 2020 variables to disaggregate expressions.
Presolve removed 8883 rows and 6063 columns
Presolve time: 0.10s
Presolved: 32783 rows, 15121 columns, 84863 nonzeros
Presolved model has 4874 bilinear constraint(s)
Presolved model has 674 nonlinear constraint(s)

Solving non-convex MINLP

Variable types: 12609 continuous, 2512 integer (2512 binary)
Found heuristic solution: objective 11.2836817

Root relaxation: objective 9.760379e+00, 34426 iterations, 2.11 seconds (3.57 work units)

    Nodes    |    Current Node    |     Objective Bounds      |     Work
 Expl Unexpl |  Obj  Depth IntInf | Incumbent    BestBd   Gap | It/Node Time

     0     0    9.76038    0 5539   11.28368    9.76038  13.5%     -    2s
H    0     0                      11.2836817    9.76038  13.5%     -    2s
     0     0   10.81831    0 4451   11.28368   10.81831  4.12%     -   13s
     0     0   10.83605    0 4273   11.28368   10.83605  3.97%     -   17s
     0     0   10.89205    0 4462   11.28368   10.89205  3.47%     -   24s
     0     0   10.89205    0 4182   11.28368   10.89205  3.47%     -   29s
     0     0   10.92296    0 4432   11.28368   10.92296  3.20%     -   36s
     0     0   10.92299    0 4386   11.28368   10.92299  3.20%     -   52s
     0     0   10.93416    0 4405   11.28368   10.93416  3.10%     -   59s
     0     0   10.94154    0 4603   11.28368   10.94154  3.03%     -   66s
     0     0   10.94154    0 4333   11.28368   10.94154  3.03%     -   75s
     0     0   10.94154    0 5587   11.28368   10.94154  3.03%     -   90s
     0     0   10.94154    0 5240   11.28368   10.94154  3.03%     -  104s
     0     0   10.94154    0 5645   11.28368   10.94154  3.03%     -  118s
     0     0   10.96230    0 4446   11.28368   10.96230  2.85%     -  129s
     0     0   10.96230    0 4674   11.28368   10.96230  2.85%     -  139s
     0     0   11.01928    0 3781   11.28368   11.01928  2.34%     -  146s
     0     0   11.01928    0 4349   11.28368   11.01928  2.34%     -  158s
     0     0   11.05016    0 3325   11.28368   11.05016  2.07%     -  164s
     0     0   11.05016    0 4654   11.28368   11.05016  2.07%     -  174s
     0     0   11.05016    0 3908   11.28368   11.05016  2.07%     -  182s
     0     0   11.05016    0 4423   11.28368   11.05016  2.07%     -  195s
     0     0   11.05016    0 4968   11.28368   11.05016  2.07%     -  207s
     0     0   11.05016    0 3974   11.28368   11.05016  2.07%     -  214s
     0     2   11.05016    0 3974   11.28368   11.05016  2.07%     -  217s
     1     3   11.05016    1 4147   11.28368   11.05016  2.07% 29739  223s
     2     6   11.05016    2 4338   11.28368   11.05016  2.07% 21318  229s
     5    10   11.05016    3 4860   11.28368   11.05016  2.07% 26871  242s
     9    18   11.05016    3 3963   11.28368   11.05016  2.07% 30012  253s
    17    35   11.05016    4 3943   11.28368   11.05016  2.07% 30528  266s
    34    62   11.05016    5 4194   11.28368   11.05016  2.07% 29774  281s
    61    90   11.05016    6 4550   11.28368   11.05016  2.07% 29538  297s
    89   129   11.05016    7 4759   11.28368   11.05016  2.07% 32564  315s
   128   181   11.05016    8 5083   11.28368   11.05016  2.07% 32763  335s
   180   227   11.05016    9 4546   11.28368   11.05016  2.07% 31736  359s
   226   279   11.05016    9 4690   11.28368   11.05016  2.07% 32161  385s
   278   330   11.11044   10 3805   11.28368   11.05016  2.07% 31428  404s
   329   390   11.11112   11 3767   11.28368   11.05016  2.07% 31281  423s
   389   510   11.16559   12 2997   11.28368   11.05016  2.07% 30610  440s
   511   628   11.11314   15 3600   11.28368   11.05016  2.07% 25535  456s
   629   726   11.10790   18 4283   11.28368   11.05016  2.07% 22290  471s
   727   817   11.09769   19 3881   11.28368   11.05016  2.07% 20251  484s
   822   927   11.14698   23 3882   11.28368   11.05016  2.07% 18815  496s
   932  1045   11.14244   23 3826   11.28368   11.05016  2.07% 17414  508s
  1050  1175   11.17460   27 3592   11.28368   11.05016  2.07% 16268  522s
  1182  1299   11.17880   28 3640   11.28368   11.05016  2.07% 15228  534s
  1310  1417   11.25055   30 3451   11.28368   11.05016  2.07% 14512  548s
  1452  1516   11.22185   30 3777   11.28368   11.05016  2.07% 13867  562s
  1571  1610   11.22317   32 3494   11.28368   11.05016  2.07% 13555  575s
  1691  1715   11.21838   33 3524   11.28368   11.05016  2.07% 13264  590s
  1820  1816   11.22052   37 3720   11.28368   11.05016  2.07% 12980  605s
  1968  1938   11.23693   39 3632   11.28368   11.05016  2.07% 12680  619s
  2130  2050   11.23218   40 3737   11.28368   11.05016  2.07% 12372  634s
  2286  2147   11.23084   46 3466   11.28368   11.05016  2.07% 12166  654s
  2437  2284   11.23273   55 3586   11.28368   11.05016  2.07% 12069  669s
  2606  2399   11.23722   63 3719   11.28368   11.05016  2.07% 11891  685s
  2769  2536   11.24002   79 3646   11.28368   11.05016  2.07% 11759  704s
  2932  2678   11.27506   87 3583   11.28368   11.05016  2.07% 11720  722s
  3144  2832     cutoff   88        11.28368   11.05016  2.07% 11487  740s
  3374  3014     cutoff   87        11.28368   11.05016  2.07% 11256  758s
  3613  3015   11.22049   33 1083   11.28368   11.05016  2.07% 11080  798s
  3615  3016   11.13436  100  714   11.28368   11.11425  1.50% 11074  840s
  3616  3017   11.13415  102  664   11.28368   11.11425  1.50% 11071  854s

Cutting planes:
  Learned: 109
  Gomory: 22
  Cover: 188
  Implied bound: 167
  Projected implied bound: 69
  MIR: 138
  Mixing: 2
  StrongCG: 1
  Flow cover: 529
  GUB cover: 2
  Zero half: 1
  RLT: 1043
  Relax-and-lift: 83
  BQP: 2
  PSD: 24

Explored 3616 nodes (41102837 simplex iterations) in 860.73 seconds (1904.47 work units)
Thread count was 32 (of 104 available processors)

Solution count 1: 11.2837 

Optimal solution found (tolerance 1.50e-02)
Best objective 1.128368172368e+01, best bound 1.112441594016e+01, gap 1.4115%
m.flow_changes_penalty(): 0.0
Total operational cost: 112836.82
Maximum power (kW): 1094.55
Discharge energy capacity (kWh): 857.50
Charge energy capacity (kWh): 883.71
Levelized Cost of Flexibility ($/kWh): 76.61
{'fixed_demand_cost': 4898.986289458744, 'variable_demand_cost': 9033.992012877477, 'fixed_monthly_cost': 171938.17204301074, 'total_water_production': 282179.6712538177, 'total_energy_cost': 20374.552170169587, 'total_demand_cost': 13932.978302336222, 'total_customer_cost': 0.0, 'total_feed_cost': 48813.007673082124, 'total_brine_cost': 9847.699482266711, 'total_chemical_cost': 18876.26890103289, 'raw_degree_of_flex': 0.0, 'degree_of_flex': 0.0, 'total_replacement_cost': 992.3107078853046, 'total_water_revenue': 0.0, 'total_demand_response_revenue': 0.0, 'total_emissions_cost': 0.0, 'total_op_cost': 112836.81723677283, 'fixed_cost': 121551.98252688172, 'total_cost': 234388.79976365453, 'LCOW': 0.8306367312790022, 'maximum_power': 1094.5548619959027, 'energy_capacity': 857.5022228626613, 'power_capacity': 9.527802476251791, 'round_trip_efficiency': 0, 'LVOF': 76.60829148182953}
Saved operation variable results to: /home/rchurchi/watertap_test/watertap/tutorials/flex_ro/wrd_result_summer_rr_2_flexible_trains.csv
Saved summary results to: /home/rchurchi/watertap_test/watertap/tutorials/flex_ro/wrd_pricetaker_summary_results.csv
