2026-05-18 15:47:21 [INFO] idaes.core.surrogate.pysmo_surrogate: Decode surrogate. type=poly

===========================Polynomial Regression===============================================

The number of cross-validation cases (3) is used.
The default training/cross-validation split of 0.75 is used.
No iterations will be run.
Default parameter estimation method is used.
Parameter estimation method:  pyomo 

2026-05-18 15:47:21 [INFO] idaes.core.surrogate.pysmo_surrogate: Decode surrogate. type=poly

===========================Polynomial Regression===============================================

The number of cross-validation cases (3) is used.
The default training/cross-validation split of 0.75 is used.
No iterations will be run.
Default parameter estimation method is used.
Parameter estimation method:  pyomo 

2026-05-18 15:47:21 [INFO] idaes.core.surrogate.pysmo_surrogate: Decode surrogate. type=poly

===========================Polynomial Regression===============================================

The number of cross-validation cases (3) is used.
The default training/cross-validation split of 0.75 is used.
No iterations will be run.
Default parameter estimation method is used.
Parameter estimation method:  pyomo 

2026-05-18 15:47:21 [INFO] idaes.core.surrogate.pysmo_surrogate: Decode surrogate. type=poly

===========================Polynomial Regression===============================================

The number of cross-validation cases (3) is used.
The default training/cross-validation split of 0.75 is used.
No iterations will be run.
Default parameter estimation method is used.
Parameter estimation method:  pyomo 

2026-05-18 15:47:23 [INFO] idaes.apps.grid_integration.pricetaker.price_taker_model: Found minimum uptime/downtime data for pretreatment.uf_pumps[1] - Adding minimum uptime/downtime constraints.
2026-05-18 15:47:23 [INFO] idaes.apps.grid_integration.pricetaker.price_taker_model: Created startup/shutdown constraints for operation model  pretreatment.uf_pumps[1] at uf_pumps_1_startup_shutdown.
2026-05-18 15:47:23 [INFO] idaes.apps.grid_integration.pricetaker.price_taker_model: Found minimum uptime/downtime data for pretreatment.uf_pumps[2] - Adding minimum uptime/downtime constraints.
2026-05-18 15:47:23 [INFO] idaes.apps.grid_integration.pricetaker.price_taker_model: Created startup/shutdown constraints for operation model  pretreatment.uf_pumps[2] at uf_pumps_2_startup_shutdown.
2026-05-18 15:47:23 [INFO] idaes.apps.grid_integration.pricetaker.price_taker_model: Found minimum uptime/downtime data for pretreatment.uf_pumps[3] - Adding minimum uptime/downtime constraints.
2026-05-18 15:47:23 [INFO] idaes.apps.grid_integration.pricetaker.price_taker_model: Created startup/shutdown constraints for operation model  pretreatment.uf_pumps[3] at uf_pumps_3_startup_shutdown.
2026-05-18 15:47:23 [INFO] idaes.apps.grid_integration.pricetaker.price_taker_model: Found minimum uptime/downtime data for reverse_osmosis.ro_skid[1] - Adding minimum uptime/downtime constraints.
2026-05-18 15:47:23 [INFO] idaes.apps.grid_integration.pricetaker.price_taker_model: Created startup/shutdown constraints for operation model  reverse_osmosis.ro_skid[1] at ro_skid_1_startup_shutdown.
2026-05-18 15:47:23 [INFO] idaes.apps.grid_integration.pricetaker.price_taker_model: Found minimum uptime/downtime data for reverse_osmosis.ro_skid[2] - Adding minimum uptime/downtime constraints.
2026-05-18 15:47:23 [INFO] idaes.apps.grid_integration.pricetaker.price_taker_model: Created startup/shutdown constraints for operation model  reverse_osmosis.ro_skid[2] at ro_skid_2_startup_shutdown.
2026-05-18 15:47:23 [INFO] idaes.apps.grid_integration.pricetaker.price_taker_model: Found minimum uptime/downtime data for reverse_osmosis.ro_skid[3] - Adding minimum uptime/downtime constraints.
2026-05-18 15:47:23 [INFO] idaes.apps.grid_integration.pricetaker.price_taker_model: Created startup/shutdown constraints for operation model  reverse_osmosis.ro_skid[3] at ro_skid_3_startup_shutdown.
2026-05-18 15:47:23 [INFO] idaes.apps.grid_integration.pricetaker.price_taker_model: Found minimum uptime/downtime data for reverse_osmosis.ro_skid[4] - Adding minimum uptime/downtime constraints.
2026-05-18 15:47:23 [INFO] idaes.apps.grid_integration.pricetaker.price_taker_model: Created startup/shutdown constraints for operation model  reverse_osmosis.ro_skid[4] at ro_skid_4_startup_shutdown.
3867
Set parameter TokenServer to value "10.60.1.73"
Set parameter LogToConsole to value 1
Set parameter MIPGap to value 0.0015
Gurobi Optimizer version 12.0.3 build v12.0.3rc0 (linux64 - "Red Hat Enterprise Linux 8.8 (Ootpa)")

CPU model: Intel(R) Xeon(R) Platinum 8470QL, instruction set [SSE2|AVX|AVX2|AVX512]
Thread count: 104 physical cores, 104 logical processors, using up to 32 threads

Non-default parameters:
MIPGap  0.0015

Optimize a model with 16949 rows, 16811 columns and 41639 nonzeros
Model fingerprint: 0xc7f4095f
Model has 3528 quadratic constraints
Model has 673 general nonlinear constraints (840 nonlinear terms)
Variable types: 12945 continuous, 3866 integer (3866 binary)
Coefficient statistics:
  Matrix range     [3e-02, 2e+03]
  QMatrix range    [2e-07, 1e+00]
  QLMatrix range   [1e-04, 2e+00]
  Objective range  [1e+00, 1e+00]
  Bounds range     [9e-01, 1e+03]
  RHS range        [1e+00, 3e+05]
  QRHS range       [3e-01, 1e+00]
Presolve model has 672 nlconstr
Added 1680 variables to disaggregate expressions.
Presolve removed 10693 rows and 7885 columns
Presolve time: 0.18s
Presolved: 30112 rows, 12119 columns, 74630 nonzeros
Presolved model has 4872 bilinear constraint(s)
Presolved model has 672 nonlinear constraint(s)

Solving non-convex MINLP

Variable types: 9950 continuous, 2169 integer (2169 binary)
Found heuristic solution: objective 10.3937703

Root relaxation: objective 9.551257e+00, 37581 iterations, 4.33 seconds (9.28 work units)
Total elapsed time = 5.02s (DegenMoves)

    Nodes    |    Current Node    |     Objective Bounds      |     Work
 Expl Unexpl |  Obj  Depth IntInf | Incumbent    BestBd   Gap | It/Node Time

     0     0    9.55126    0 5231   10.39377    9.55126  8.11%     -    5s
H    0     0                      10.3937703    9.55126  8.11%     -    5s
H    0     0                      10.3937703    9.55126  8.11%     -    5s
     0     0   10.14297    0 5142   10.39377   10.14297  2.41%     -   11s
     0     0   10.18867    0 5141   10.39377   10.18867  1.97%     -   17s
     0     0   10.19719    0 4959   10.39377   10.19719  1.89%     -   27s
     0     0   10.19747    0 5232   10.39377   10.19747  1.89%     -   35s
     0     0   10.20132    0 5135   10.39377   10.20132  1.85%     -   45s
     0     0   10.20976    0 4700   10.39377   10.20976  1.77%     -   51s
     0     0   10.20984    0 5045   10.39377   10.20984  1.77%     -   59s
     0     0   10.22259    0 5094   10.39377   10.22259  1.65%     -   67s
     0     0   10.22605    0 5149   10.39377   10.22605  1.61%     -   75s
H    0     0                      10.3908635   10.22823  1.57%     -   83s
     0     0   10.22823    0 4862   10.39086   10.22823  1.57%     -   83s
H    0     0                      10.3792600   10.23156  1.42%     -   92s
     0     0   10.23156    0 4805   10.37926   10.23156  1.42%     -   92s
H    0     0                      10.3792187   10.23156  1.42%     -  103s
     0     0   10.23156    0 5162   10.37922   10.23156  1.42%     -  103s
     0     0   10.23775    0 4605   10.37922   10.23775  1.36%     -  113s
H    0     0                      10.3790976   10.23855  1.35%     -  126s
     0     0   10.23855    0 5063   10.37910   10.23855  1.35%     -  126s
     0     0   10.23942    0 5121   10.37910   10.23942  1.35%     -  134s
     0     0   10.23983    0 4866   10.37910   10.23983  1.34%     -  147s
     0     0   10.24074    0 4615   10.37910   10.24074  1.33%     -  156s
     0     0   10.24132    0 4647   10.37910   10.24132  1.33%     -  166s
     0     0   10.24132    0 4522   10.37910   10.24132  1.33%     -  172s
     0     0   10.29111    0 1739   10.37910   10.29111  0.85%     -  175s
     0     2   10.29111    0 1738   10.37910   10.29111  0.85%     -  180s
H    4     8                      10.3657077   10.29112  0.72%   225  184s
    15    32   10.29201    4 1896   10.36571   10.29200  0.71%  1020  185s
H   31    64                      10.3657076   10.29201  0.71%   782  188s
H   33    64                      10.3654327   10.29201  0.71%   748  188s
    95   157   10.29201    7 1896   10.36543   10.29201  0.71%   662  193s
H  327   365                      10.3653974   10.29201  0.71%   243  194s
H  334   365                      10.3652510   10.29201  0.71%   240  194s
H  339   365                      10.3650737   10.29201  0.70%   236  194s
H  351   365                      10.3650490   10.29201  0.70%   235  194s
   552   651   10.29205   21 1973   10.36505   10.29201  0.70%   173  195s
H  650   701                      10.3650489   10.29201  0.70%   163  197s
H  651   701                      10.3650489   10.29201  0.70%   163  197s
H  948   987                      10.3650488   10.29201  0.70%   159  199s
H  962   987                      10.3650488   10.29201  0.70%   159  199s
  1108  1206   10.29209   43 1939   10.36505   10.29201  0.70%   155  200s
  1662  1793   10.29218   55 1975   10.36505   10.29201  0.70%   144  205s
H 1813  1864                      10.3649792   10.29201  0.70%   145  209s
H 1836  1864                      10.3649778   10.29201  0.70%   145  209s
  2036  2122   10.29227   59 1947   10.36498   10.29201  0.70%   147  212s
H 2124  2122                      10.3649494   10.29201  0.70%   159  212s
[2026-05-18T15:51:00.723] error: *** JOB 13894776 ON x1004c4s6b0n0 CANCELLED AT 2026-05-18T15:51:00 DUE to SIGNAL Terminated ***
