2026-05-22 12:48:18 [INFO] idaes.core.surrogate.pysmo_surrogate: Decode surrogate. type=poly

===========================Polynomial Regression===============================================

The number of cross-validation cases (3) is used.
The default training/cross-validation split of 0.75 is used.
No iterations will be run.
Default parameter estimation method is used.
Parameter estimation method:  pyomo 

2026-05-22 12:48:18 [INFO] idaes.core.surrogate.pysmo_surrogate: Decode surrogate. type=poly

===========================Polynomial Regression===============================================

The number of cross-validation cases (3) is used.
The default training/cross-validation split of 0.75 is used.
No iterations will be run.
Default parameter estimation method is used.
Parameter estimation method:  pyomo 

2026-05-22 12:48:18 [INFO] idaes.core.surrogate.pysmo_surrogate: Decode surrogate. type=poly

===========================Polynomial Regression===============================================

The number of cross-validation cases (3) is used.
The default training/cross-validation split of 0.75 is used.
No iterations will be run.
Default parameter estimation method is used.
Parameter estimation method:  pyomo 

2026-05-22 12:48:18 [INFO] idaes.core.surrogate.pysmo_surrogate: Decode surrogate. type=poly

===========================Polynomial Regression===============================================

The number of cross-validation cases (3) is used.
The default training/cross-validation split of 0.75 is used.
No iterations will be run.
Default parameter estimation method is used.
Parameter estimation method:  pyomo 

2026-05-22 12:48:19 [INFO] idaes.apps.grid_integration.pricetaker.price_taker_model: Found minimum uptime/downtime data for pretreatment.uf_pumps[1] - Adding minimum uptime/downtime constraints.
2026-05-22 12:48:19 [INFO] idaes.apps.grid_integration.pricetaker.price_taker_model: Created startup/shutdown constraints for operation model  pretreatment.uf_pumps[1] at uf_pumps_1_startup_shutdown.
2026-05-22 12:48:19 [INFO] idaes.apps.grid_integration.pricetaker.price_taker_model: Found minimum uptime/downtime data for pretreatment.uf_pumps[2] - Adding minimum uptime/downtime constraints.
2026-05-22 12:48:19 [INFO] idaes.apps.grid_integration.pricetaker.price_taker_model: Created startup/shutdown constraints for operation model  pretreatment.uf_pumps[2] at uf_pumps_2_startup_shutdown.
2026-05-22 12:48:19 [INFO] idaes.apps.grid_integration.pricetaker.price_taker_model: Found minimum uptime/downtime data for pretreatment.uf_pumps[3] - Adding minimum uptime/downtime constraints.
2026-05-22 12:48:19 [INFO] idaes.apps.grid_integration.pricetaker.price_taker_model: Created startup/shutdown constraints for operation model  pretreatment.uf_pumps[3] at uf_pumps_3_startup_shutdown.
2026-05-22 12:48:19 [INFO] idaes.apps.grid_integration.pricetaker.price_taker_model: Found minimum uptime/downtime data for reverse_osmosis.ro_skid[1] - Adding minimum uptime/downtime constraints.
2026-05-22 12:48:19 [INFO] idaes.apps.grid_integration.pricetaker.price_taker_model: Created startup/shutdown constraints for operation model  reverse_osmosis.ro_skid[1] at ro_skid_1_startup_shutdown.
2026-05-22 12:48:19 [INFO] idaes.apps.grid_integration.pricetaker.price_taker_model: Found minimum uptime/downtime data for reverse_osmosis.ro_skid[2] - Adding minimum uptime/downtime constraints.
2026-05-22 12:48:19 [INFO] idaes.apps.grid_integration.pricetaker.price_taker_model: Created startup/shutdown constraints for operation model  reverse_osmosis.ro_skid[2] at ro_skid_2_startup_shutdown.
2026-05-22 12:48:19 [INFO] idaes.apps.grid_integration.pricetaker.price_taker_model: Found minimum uptime/downtime data for reverse_osmosis.ro_skid[3] - Adding minimum uptime/downtime constraints.
2026-05-22 12:48:19 [INFO] idaes.apps.grid_integration.pricetaker.price_taker_model: Created startup/shutdown constraints for operation model  reverse_osmosis.ro_skid[3] at ro_skid_3_startup_shutdown.
2026-05-22 12:48:19 [INFO] idaes.apps.grid_integration.pricetaker.price_taker_model: Found minimum uptime/downtime data for reverse_osmosis.ro_skid[4] - Adding minimum uptime/downtime constraints.
2026-05-22 12:48:19 [INFO] idaes.apps.grid_integration.pricetaker.price_taker_model: Created startup/shutdown constraints for operation model  reverse_osmosis.ro_skid[4] at ro_skid_4_startup_shutdown.
4873
Set parameter TokenServer to value "10.60.1.73"
Set parameter LogToConsole to value 1
Set parameter MIPGap to value 0.006
Gurobi Optimizer version 12.0.3 build v12.0.3rc0 (linux64 - "Red Hat Enterprise Linux 8.8 (Ootpa)")

CPU model: Intel(R) Xeon(R) Platinum 8470QL, instruction set [SSE2|AVX|AVX2|AVX512]
Thread count: 104 physical cores, 104 logical processors, using up to 32 threads

Non-default parameters:
MIPGap  0.006

Optimize a model with 17409 rows, 17647 columns and 53851 nonzeros
Model fingerprint: 0x8712d385
Model has 168 quadratic objective terms
Model has 3528 quadratic constraints
Model has 672 general nonlinear constraints (672 nonlinear terms)
Variable types: 12440 continuous, 5207 integer (5207 binary)
Coefficient statistics:
  Matrix range     [2e-02, 2e+03]
  QMatrix range    [2e-07, 1e+00]
  QLMatrix range   [1e-04, 2e+00]
  Objective range  [1e-05, 1e-04]
  QObjective range [2e-04, 2e-04]
  Bounds range     [9e-01, 1e+03]
  RHS range        [1e+00, 3e+05]
  QRHS range       [3e-01, 1e+00]
Presolve model has 672 nlconstr
Added 2688 variables to disaggregate expressions.
Presolve removed 6214 rows and 7404 columns
Presolve time: 0.16s
Presolved: 37907 rows, 15452 columns, 97466 nonzeros
Presolved model has 336 SOS constraint(s)
Presolved model has 4872 bilinear constraint(s)
Presolved model has 672 nonlinear constraint(s)

Solving non-convex MINLP

Variable types: 12124 continuous, 3328 integer (3328 binary)

Root simplex log...

Iteration    Objective       Primal Inf.    Dual Inf.      Time
   38091    8.3116222e+00   0.000000e+00   2.072907e+03      5s
   47794    7.9473550e+00   0.000000e+00   1.060452e+00     10s
   49702    7.9347945e+00   0.000000e+00   0.000000e+00     11s

Root relaxation: objective 7.934794e+00, 49702 iterations, 10.81 seconds (19.87 work units)
Total elapsed time = 11.14s (DegenMoves)

    Nodes    |    Current Node    |     Objective Bounds      |     Work
 Expl Unexpl |  Obj  Depth IntInf | Incumbent    BestBd   Gap | It/Node Time

     0     0    7.93479    0 7600          -    7.93479      -     -   12s
H    0     0                      12.5500559    7.93479  36.8%     -   12s
     0     0    8.82817    0 7184   12.55006    8.82817  29.7%     -   28s
     0     0    8.82817    0 7184   12.55006    8.82817  29.7%     -   28s
     0     0    9.75225    0 5859   12.55006    9.75225  22.3%     -   46s
     0     0    9.75225    0 5859   12.55006    9.75225  22.3%     -   46s
     0     0   10.01828    0 5878   12.55006   10.01828  20.2%     -   57s
H    0     0                      12.5500558   10.01828  20.2%     -   57s
     0     0   10.01828    0 6874   12.55006   10.01828  20.2%     -   74s
     0     0   10.19183    0 5338   12.55006   10.19183  18.8%     -   99s
     0     0   10.19359    0 5210   12.55006   10.19359  18.8%     -  108s
     0     0   10.21291    0 5438   12.55006   10.21291  18.6%     -  118s
     0     0   10.23945    0 4970   12.55006   10.23945  18.4%     -  126s
H    0     0                      11.6912015   10.23945  12.4%     -  138s
     0     0   10.23945    0 6205   11.69120   10.23945  12.4%     -  138s
     0     0   10.23945    0 5960   11.69120   10.23945  12.4%     -  150s
     0     0   10.23945    0 6507   11.69120   10.23945  12.4%     -  163s
H    0     0                      11.6696634   10.23945  12.3%     -  163s
H    0     0                      11.6655837   10.23945  12.2%     -  163s
     0     0   10.23945    0 6470   11.66558   10.23945  12.2%     -  183s
H    0     0                      11.6474404   10.23945  12.1%     -  200s
H    0     0                      11.6474404   10.23945  12.1%     -  200s
H    0     0                      11.6473609   10.23945  12.1%     -  200s
H    0     0                      11.6471020   10.23945  12.1%     -  200s
H    0     0                      11.6470870   10.23945  12.1%     -  200s
H    0     0                      11.6470855   10.23945  12.1%     -  200s
H    0     0                      11.6470666   10.23945  12.1%     -  200s
H    0     0                      11.6470666   10.23945  12.1%     -  200s
H    0     0                      11.6459550   10.23945  12.1%     -  200s
H    0     0                      11.6459265   10.23945  12.1%     -  200s
H    0     0                      11.6232158   10.23945  11.9%     -  200s
H    0     0                      11.6231480   10.23945  11.9%     -  200s
H    0     0                      11.6231464   10.23945  11.9%     -  200s
     0     0   10.23945    0 5847   11.62315   10.23945  11.9%     -  200s
H    0     0                      11.6157310   10.23945  11.8%     -  215s
H    0     0                      11.6151577   10.23945  11.8%     -  215s
H    0     0                      11.6105170   10.23945  11.8%     -  215s
H    0     0                      11.6105169   10.23945  11.8%     -  215s
H    0     0                      11.6092072   10.23945  11.8%     -  215s
H    0     0                      11.6088119   10.23945  11.8%     -  215s
H    0     0                      11.6065998   10.23945  11.8%     -  215s
H    0     0                      11.5695214   10.23945  11.5%     -  215s
H    0     0                      11.5613641   10.23945  11.4%     -  215s
H    0     0                      11.5368516   10.23945  11.2%     -  215s
H    0     0                      11.5350594   10.23945  11.2%     -  215s
H    0     0                      11.5348063   10.23945  11.2%     -  215s
H    0     0                      11.5347942   10.23945  11.2%     -  215s
H    0     0                      11.5347885   10.23945  11.2%     -  215s
H    0     0                      11.5346875   10.23945  11.2%     -  215s
H    0     0                      11.5333640   10.23945  11.2%     -  215s
H    0     0                      11.5320831   10.23945  11.2%     -  215s
H    0     0                      11.5305707   10.23945  11.2%     -  215s
H    0     0                      11.5295497   10.23945  11.2%     -  215s
H    0     0                      11.5291960   10.23945  11.2%     -  215s
H    0     0                      11.5287252   10.23945  11.2%     -  215s
H    0     0                      11.5287042   10.23945  11.2%     -  215s
H    0     0                      11.5286725   10.23945  11.2%     -  215s
H    0     0                      11.5284841   10.23945  11.2%     -  215s
H    0     0                      11.5202003   10.23945  11.1%     -  215s
H    0     0                      11.5201988   10.23945  11.1%     -  215s
     0     0   10.23945    0 6018   11.52020   10.23945  11.1%     -  215s
     0     0   10.23945    0 5737   11.52020   10.23945  11.1%     -  227s
     0     0   10.23945    0 6021   11.52020   10.23945  11.1%     -  237s
     0     2   10.23945    0 6020   11.52020   10.23945  11.1%     -  241s
     1     3   10.23945    1 6000   11.52020   10.23945  11.1%   987  249s
     2     5   10.24462    2 5272   11.52020   10.23945  11.1%  8468  258s
     4    10   10.24470    3 5263   11.52020   10.23945  11.1% 10459  265s
     9    17   10.24470    4 5572   11.52020   10.24470  11.1% 17261  277s
    16    22   10.92579    4 4131   11.52020   10.24470  11.1% 23100  291s
    21    34   10.92507    5 4543   11.52020   10.24470  11.1% 24149  310s
H   35    43                      11.4481571   10.24470  10.5% 18105  343s
    48    56   10.60594    6 5228   11.44816   10.24470  10.5% 24248  375s
    66   105   10.70955    7 4812   11.44816   10.24470  10.5% 28400  407s
H   75   105                      11.4431205   10.24470  10.5% 30168  407s
H  103   105                      11.4412413   10.24470  10.5% 30866  407s
   125   163   10.70163    9 5162   11.44124   10.24470  10.5% 30396  434s
   185   228   10.88145   11 5264   11.44124   10.24470  10.5% 31092  459s
H  188   228                      11.4397478   10.24470  10.4% 31082  459s
   262   291   10.89299   12 5392   11.43975   10.24470  10.4% 28263  481s
   342   348   10.87906   15 5672   11.43975   10.24470  10.4% 25399  500s
H  343   348                      11.4397477   10.24470  10.4% 25324  500s
H  347   348                      11.4397477   10.24470  10.4% 25415  500s
H  382   348                      11.4397476   10.24470  10.4% 25004  500s
H  406   348                      11.4394535   10.24470  10.4% 24445  500s
   415   397   11.19993   22 3590   11.43945   10.24470  10.4% 24254  521s
   476   427   10.90941   16 5669   11.43945   10.24470  10.4% 24023  553s
H  495   427                      11.4382136   10.24470  10.4% 24049  553s
H  511   427                      11.4379608   10.24470  10.4% 23957  553s
   514   470   10.93541   17 5523   11.43796   10.24470  10.4% 23942  571s
   595   523   10.93381   18 5451   11.43796   10.24470  10.4% 23748  588s
   674   585   10.99833   20 5129   11.43796   10.24470  10.4% 23132  605s
   752   640   11.00259   21 5051   11.43796   10.24470  10.4% 22487  625s
H  757   640                      11.4375477   10.24470  10.4% 22588  625s
   830   694   11.19034   23 3353   11.43755   10.24470  10.4% 22081  642s
   917   720   11.37296   25 3064   11.43755   10.24470  10.4% 21606  664s
H  932   720                      11.4360794   10.24470  10.4% 21630  664s
   995   756   11.34742   26 3159   11.43608   10.24470  10.4% 21418  682s
  1079   798   11.35742   27 2929   11.43608   10.24470  10.4% 21169  704s
H 1090   798                      11.4355912   10.24470  10.4% 21117  704s
H 1099   798                      11.4350789   10.24470  10.4% 21112  704s
H 1102   798                      11.4347786   10.24470  10.4% 21141  704s
H 1147   798                      11.3765647   10.24470  9.95% 20890  704s
  1170   776     cutoff   29        11.37656   10.24470  9.95% 20701  723s
  1241   795   11.33299   25 3483   11.37656   10.24470  9.95% 20346  746s
H 1244   795                      11.3765647   10.24470  9.95% 20366  746s
  1301   844   11.31665   26 3431   11.37656   10.24470  9.95% 20439  768s
  1418   946 infeasible   27        11.37656   10.24470  9.95% 19933  786s
H 1421   946                      11.3763413   10.24470  9.95% 19936  786s
  1576  1039     cutoff   29        11.37634   10.24470  9.95% 19115  806s
  1773  1152     cutoff   29        11.37634   10.24470  9.95% 17949  829s
H 1810  1152                      11.3763413   10.24470  9.95% 17810  829s
H 1814  1152                      11.3763413   10.24470  9.95% 17822  829s
H 1855  1152                      11.3761396   10.24470  9.95% 17643  829s
H 1894  1152                      11.3751950   10.24470  9.94% 17435  829s
H 1978  1152                      11.3745443   10.24470  9.93% 16861  829s
  2002  1269     cutoff   30        11.37454   10.24470  9.93% 16699  849s
  2231  1455     cutoff   76        11.37454   10.24470  9.93% 15685  872s
H 2251  1455                      11.3742061   10.24470  9.93% 15579  872s
H 2290  1455                      11.3721172   10.24470  9.91% 15468  872s
H 2296  1455                      11.3716102   10.24470  9.91% 15457  872s
  2509  1513     cutoff   88        11.37161   10.24470  9.91% 14537  892s
H 2525  1513                      11.3714485   10.24470  9.91% 14473  892s
H 2545  1513                      11.3709507   10.24470  9.90% 14401  892s
H 2716  1513                      11.3704823   10.24470  9.90% 13851  892s
  2748  1626   11.24959   93 2989   11.37048   10.24470  9.90% 13733  911s
  2960  1729   11.24307   97 3106   11.37048   10.24470  9.90% 13160  933s
H 2973  1729                      11.3701964   10.24470  9.90% 13147  933s
H 2994  1729                      11.3699950   10.24470  9.90% 13166  933s
H 3163  1729                      11.3699371   10.24470  9.90% 12896  933s
  3168  1862   11.28227  103 3001   11.36994   10.24470  9.90% 12892  954s
  3405  1959   11.31074  111 2546   11.36994   10.24470  9.90% 12629  976s
  3725  1999   11.33130  128 2335   11.36994   10.24470  9.90% 12188  998s
H 4089   406                      11.1495256   10.24470  8.12% 11662 1632s
  4090   251   10.65119    8 1514   11.14953   10.24470  8.12% 11659 1757s
[2026-05-22T13:18:30.008] error: *** JOB 13953358 ON x1001c0s6b1n1 CANCELLED AT 2026-05-22T13:18:30 DUE TO TIME LIMIT ***
