2026-05-21 12:01:01 [INFO] idaes.core.surrogate.pysmo_surrogate: Decode surrogate. type=poly

===========================Polynomial Regression===============================================

The number of cross-validation cases (3) is used.
The default training/cross-validation split of 0.75 is used.
No iterations will be run.
Default parameter estimation method is used.
Parameter estimation method:  pyomo 

2026-05-21 12:01:01 [INFO] idaes.core.surrogate.pysmo_surrogate: Decode surrogate. type=poly

===========================Polynomial Regression===============================================

The number of cross-validation cases (3) is used.
The default training/cross-validation split of 0.75 is used.
No iterations will be run.
Default parameter estimation method is used.
Parameter estimation method:  pyomo 

2026-05-21 12:01:01 [INFO] idaes.core.surrogate.pysmo_surrogate: Decode surrogate. type=poly

===========================Polynomial Regression===============================================

The number of cross-validation cases (3) is used.
The default training/cross-validation split of 0.75 is used.
No iterations will be run.
Default parameter estimation method is used.
Parameter estimation method:  pyomo 

2026-05-21 12:01:01 [INFO] idaes.core.surrogate.pysmo_surrogate: Decode surrogate. type=poly

===========================Polynomial Regression===============================================

The number of cross-validation cases (3) is used.
The default training/cross-validation split of 0.75 is used.
No iterations will be run.
Default parameter estimation method is used.
Parameter estimation method:  pyomo 

2026-05-21 12:01:03 [INFO] idaes.apps.grid_integration.pricetaker.price_taker_model: Found minimum uptime/downtime data for pretreatment.uf_pumps[1] - Adding minimum uptime/downtime constraints.
2026-05-21 12:01:03 [INFO] idaes.apps.grid_integration.pricetaker.price_taker_model: Created startup/shutdown constraints for operation model  pretreatment.uf_pumps[1] at uf_pumps_1_startup_shutdown.
2026-05-21 12:01:03 [INFO] idaes.apps.grid_integration.pricetaker.price_taker_model: Found minimum uptime/downtime data for pretreatment.uf_pumps[2] - Adding minimum uptime/downtime constraints.
2026-05-21 12:01:03 [INFO] idaes.apps.grid_integration.pricetaker.price_taker_model: Created startup/shutdown constraints for operation model  pretreatment.uf_pumps[2] at uf_pumps_2_startup_shutdown.
2026-05-21 12:01:03 [INFO] idaes.apps.grid_integration.pricetaker.price_taker_model: Found minimum uptime/downtime data for pretreatment.uf_pumps[3] - Adding minimum uptime/downtime constraints.
2026-05-21 12:01:03 [INFO] idaes.apps.grid_integration.pricetaker.price_taker_model: Created startup/shutdown constraints for operation model  pretreatment.uf_pumps[3] at uf_pumps_3_startup_shutdown.
2026-05-21 12:01:03 [INFO] idaes.apps.grid_integration.pricetaker.price_taker_model: Found minimum uptime/downtime data for reverse_osmosis.ro_skid[1] - Adding minimum uptime/downtime constraints.
2026-05-21 12:01:03 [INFO] idaes.apps.grid_integration.pricetaker.price_taker_model: Created startup/shutdown constraints for operation model  reverse_osmosis.ro_skid[1] at ro_skid_1_startup_shutdown.
2026-05-21 12:01:03 [INFO] idaes.apps.grid_integration.pricetaker.price_taker_model: Found minimum uptime/downtime data for reverse_osmosis.ro_skid[2] - Adding minimum uptime/downtime constraints.
2026-05-21 12:01:03 [INFO] idaes.apps.grid_integration.pricetaker.price_taker_model: Created startup/shutdown constraints for operation model  reverse_osmosis.ro_skid[2] at ro_skid_2_startup_shutdown.
2026-05-21 12:01:03 [INFO] idaes.apps.grid_integration.pricetaker.price_taker_model: Found minimum uptime/downtime data for reverse_osmosis.ro_skid[3] - Adding minimum uptime/downtime constraints.
2026-05-21 12:01:03 [INFO] idaes.apps.grid_integration.pricetaker.price_taker_model: Created startup/shutdown constraints for operation model  reverse_osmosis.ro_skid[3] at ro_skid_3_startup_shutdown.
2026-05-21 12:01:03 [INFO] idaes.apps.grid_integration.pricetaker.price_taker_model: Found minimum uptime/downtime data for reverse_osmosis.ro_skid[4] - Adding minimum uptime/downtime constraints.
2026-05-21 12:01:03 [INFO] idaes.apps.grid_integration.pricetaker.price_taker_model: Created startup/shutdown constraints for operation model  reverse_osmosis.ro_skid[4] at ro_skid_4_startup_shutdown.
3530
Set parameter TokenServer to value "10.60.1.73"
Set parameter LogToConsole to value 1
Gurobi Optimizer version 12.0.3 build v12.0.3rc0 (linux64 - "Red Hat Enterprise Linux 8.8 (Ootpa)")

CPU model: Intel(R) Xeon(R) Platinum 8470QL, instruction set [SSE2|AVX|AVX2|AVX512]
Thread count: 104 physical cores, 104 logical processors, using up to 32 threads

Optimize a model with 17958 rows, 14458 columns and 45167 nonzeros
Model fingerprint: 0x60c6f0f4
Model has 168 quadratic objective terms
Model has 2352 quadratic constraints
Variable types: 10592 continuous, 3866 integer (3866 binary)
Coefficient statistics:
  Matrix range     [3e-02, 2e+03]
  QMatrix range    [2e-07, 1e+00]
  QLMatrix range   [1e-04, 1e+00]
  Objective range  [6e-06, 1e-04]
  QObjective range [2e-04, 2e-04]
  Bounds range     [1e+00, 1e+03]
  RHS range        [1e+00, 3e+05]
  QRHS range       [2e-01, 3e-01]
Presolve removed 17947 rows and 14441 columns
Presolve time: 0.09s
Presolved: 47 rows, 26 columns, 117 nonzeros
Presolved model has 14 bilinear constraint(s)

Solving non-convex MIQCP

Variable types: 24 continuous, 2 integer (2 binary)
Found heuristic solution: objective 11.7557705

Root relaxation: objective 1.109867e+01, 33 iterations, 0.00 seconds (0.00 work units)

    Nodes    |    Current Node    |     Objective Bounds      |     Work
 Expl Unexpl |  Obj  Depth IntInf | Incumbent    BestBd   Gap | It/Node Time

     0     0   11.09867    0    9   11.75577   11.09867  5.59%     -    0s
     0     0   11.11863    0   12   11.75577   11.11863  5.42%     -    0s
     0     0   11.55988    0   12   11.75577   11.55988  1.67%     -    0s
     0     0   11.58091    0   13   11.75577   11.58091  1.49%     -    0s
     0     0   11.58468    0   13   11.75577   11.58468  1.46%     -    0s
     0     0   11.67015    0    8   11.75577   11.67015  0.73%     -    0s
H    0     0                      11.6832258   11.67015  0.11%     -    0s
     0     2   11.67433    0    8   11.68323   11.67433  0.08%     -    0s
H   27    26                      11.6831489   11.68083  0.02%   2.1    0s
H   31    26                      11.6828558   11.68083  0.02%   2.1    0s
H   32    26                      11.6828499   11.68083  0.02%   2.0    0s
H   41    26                      11.6828428   11.68104  0.02%   1.8    0s
H   42    26                      11.6828371   11.68104  0.02%   1.7    0s

Explored 72 nodes (211 simplex iterations) in 0.13 seconds (0.14 work units)
Thread count was 32 (of 104 available processors)

Solution count 7: 11.6828 11.6828 11.6828 ... 11.7558

Optimal solution found (tolerance 1.00e-04)
Best objective 1.168283706218e+01, best bound 1.168238948017e+01, gap 0.0038%
m.flow_changes_penalty(): 0.0
Total operational cost: 117820.68
Maximum power (kW): 1101.49
Discharge energy capacity (kWh): 0.00
Charge energy capacity (kWh): 3609.68
Levelized Cost of Flexibility ($/kWh): nan
{'fixed_demand_cost': 6940.08834700889, 'variable_demand_cost': 912.3236907895548, 'fixed_monthly_cost': 171938.17204301074, 'total_water_production': 282179.6712328764, 'total_energy_cost': 23531.4457028906, 'total_demand_cost': 7852.412037798445, 'total_customer_cost': 0.0, 'total_feed_cost': 50843.18400592369, 'total_brine_cost': 15303.798385783002, 'total_chemical_cost': 19297.530489448236, 'raw_degree_of_flex': 0.0, 'degree_of_flex': 0.0, 'total_replacement_cost': 992.3107078853046, 'total_water_revenue': 0.0, 'total_demand_response_revenue': -0.0, 'total_emissions_cost': 0.0, 'total_op_cost': 117820.68132972928, 'fixed_cost': 121551.98252688172, 'total_cost': 239372.663856611, 'LCOW': 0.848298755224866, 'maximum_power': 1101.4861755309362, 'energy_capacity': 0.0, 'power_capacity': nan, 'round_trip_efficiency': 0, 'LVOF': nan}
Saved operation variable results to: /home/rchurchi/watertap_test/watertap/tutorials/flex_ro/wrd_result_winter_no_flex_0_flexible_trains.csv
2026-05-21 12:01:06 [INFO] idaes.core.surrogate.pysmo_surrogate: Decode surrogate. type=poly

===========================Polynomial Regression===============================================

The number of cross-validation cases (3) is used.
The default training/cross-validation split of 0.75 is used.
No iterations will be run.
Default parameter estimation method is used.
Parameter estimation method:  pyomo 

2026-05-21 12:01:06 [INFO] idaes.core.surrogate.pysmo_surrogate: Decode surrogate. type=poly

===========================Polynomial Regression===============================================

The number of cross-validation cases (3) is used.
The default training/cross-validation split of 0.75 is used.
No iterations will be run.
Default parameter estimation method is used.
Parameter estimation method:  pyomo 

2026-05-21 12:01:06 [INFO] idaes.core.surrogate.pysmo_surrogate: Decode surrogate. type=poly

===========================Polynomial Regression===============================================

The number of cross-validation cases (3) is used.
The default training/cross-validation split of 0.75 is used.
No iterations will be run.
Default parameter estimation method is used.
Parameter estimation method:  pyomo 

2026-05-21 12:01:06 [INFO] idaes.core.surrogate.pysmo_surrogate: Decode surrogate. type=poly

===========================Polynomial Regression===============================================

The number of cross-validation cases (3) is used.
The default training/cross-validation split of 0.75 is used.
No iterations will be run.
Default parameter estimation method is used.
Parameter estimation method:  pyomo 

2026-05-21 12:01:08 [INFO] idaes.apps.grid_integration.pricetaker.price_taker_model: Found minimum uptime/downtime data for pretreatment.uf_pumps[1] - Adding minimum uptime/downtime constraints.
2026-05-21 12:01:08 [INFO] idaes.apps.grid_integration.pricetaker.price_taker_model: Created startup/shutdown constraints for operation model  pretreatment.uf_pumps[1] at uf_pumps_1_startup_shutdown.
2026-05-21 12:01:08 [INFO] idaes.apps.grid_integration.pricetaker.price_taker_model: Found minimum uptime/downtime data for pretreatment.uf_pumps[2] - Adding minimum uptime/downtime constraints.
2026-05-21 12:01:08 [INFO] idaes.apps.grid_integration.pricetaker.price_taker_model: Created startup/shutdown constraints for operation model  pretreatment.uf_pumps[2] at uf_pumps_2_startup_shutdown.
2026-05-21 12:01:08 [INFO] idaes.apps.grid_integration.pricetaker.price_taker_model: Found minimum uptime/downtime data for pretreatment.uf_pumps[3] - Adding minimum uptime/downtime constraints.
2026-05-21 12:01:08 [INFO] idaes.apps.grid_integration.pricetaker.price_taker_model: Created startup/shutdown constraints for operation model  pretreatment.uf_pumps[3] at uf_pumps_3_startup_shutdown.
2026-05-21 12:01:08 [INFO] idaes.apps.grid_integration.pricetaker.price_taker_model: Found minimum uptime/downtime data for reverse_osmosis.ro_skid[1] - Adding minimum uptime/downtime constraints.
2026-05-21 12:01:08 [INFO] idaes.apps.grid_integration.pricetaker.price_taker_model: Created startup/shutdown constraints for operation model  reverse_osmosis.ro_skid[1] at ro_skid_1_startup_shutdown.
2026-05-21 12:01:08 [INFO] idaes.apps.grid_integration.pricetaker.price_taker_model: Found minimum uptime/downtime data for reverse_osmosis.ro_skid[2] - Adding minimum uptime/downtime constraints.
2026-05-21 12:01:08 [INFO] idaes.apps.grid_integration.pricetaker.price_taker_model: Created startup/shutdown constraints for operation model  reverse_osmosis.ro_skid[2] at ro_skid_2_startup_shutdown.
2026-05-21 12:01:08 [INFO] idaes.apps.grid_integration.pricetaker.price_taker_model: Found minimum uptime/downtime data for reverse_osmosis.ro_skid[3] - Adding minimum uptime/downtime constraints.
2026-05-21 12:01:08 [INFO] idaes.apps.grid_integration.pricetaker.price_taker_model: Created startup/shutdown constraints for operation model  reverse_osmosis.ro_skid[3] at ro_skid_3_startup_shutdown.
2026-05-21 12:01:08 [INFO] idaes.apps.grid_integration.pricetaker.price_taker_model: Found minimum uptime/downtime data for reverse_osmosis.ro_skid[4] - Adding minimum uptime/downtime constraints.
2026-05-21 12:01:08 [INFO] idaes.apps.grid_integration.pricetaker.price_taker_model: Created startup/shutdown constraints for operation model  reverse_osmosis.ro_skid[4] at ro_skid_4_startup_shutdown.
3697
Set parameter LogToConsole to value 1
Gurobi Optimizer version 12.0.3 build v12.0.3rc0 (linux64 - "Red Hat Enterprise Linux 8.8 (Ootpa)")

CPU model: Intel(R) Xeon(R) Platinum 8470QL, instruction set [SSE2|AVX|AVX2|AVX512]
Thread count: 104 physical cores, 104 logical processors, using up to 32 threads

Optimize a model with 17957 rows, 15795 columns and 49349 nonzeros
Model fingerprint: 0x8dbf8f0f
Model has 168 quadratic objective terms
Model has 2352 quadratic constraints
Variable types: 10592 continuous, 5203 integer (5203 binary)
Coefficient statistics:
  Matrix range     [2e-02, 2e+03]
  QMatrix range    [2e-07, 1e+00]
  QLMatrix range   [1e-04, 1e+00]
  Objective range  [6e-06, 1e-04]
  QObjective range [2e-04, 2e-04]
  Bounds range     [1e+00, 1e+03]
  RHS range        [1e+00, 3e+05]
  QRHS range       [2e-01, 3e-01]
Presolve removed 10548 rows and 9402 columns
Presolve time: 0.07s
Presolved: 15977 rows, 6898 columns, 39487 nonzeros
Presolved model has 336 SOS constraint(s)
Presolved model has 2352 bilinear constraint(s)

Solving non-convex MIQCP

Variable types: 4406 continuous, 2492 integer (2492 binary)

Root relaxation: unbounded, 0 iterations, 0.01 seconds (0.00 work units)

    Nodes    |    Current Node    |     Objective Bounds      |     Work
 Expl Unexpl |  Obj  Depth IntInf | Incumbent    BestBd   Gap | It/Node Time

H    0     0                      13.6908833          -      -     -    1s
     0     2  postponed    0        13.69088          -      -     -    2s
     3     8  postponed    2        13.69088          -      -  2384    5s
    27    34  postponed    5        13.69088          -      -  6618   11s
    79    84  postponed    7        13.69088          -      -  5952   15s
   119   148  postponed    8        13.69088          -      -  6603   21s
   185   330  postponed    9        13.69088          -      -  8579   25s
   467   666 infeasible   12        13.69088          -      -  3896   32s
  1013  1219 infeasible   19        13.69088          -      -  1970   43s
H 1718  1219                      13.2424730          -      -  1323   43s
  1897  2039 infeasible   26        13.24247          -      -  1224   59s
H 2984  2039                      13.1943957          -      -   885   59s
  3364  3229 infeasible   39        13.19440          -      -   814   77s
H 4668  3219                      13.1080006          -      -   669   77s
  5337  5110  postponed   58        13.10800          -      -   601   94s
H 5740  5026                      13.0596797          -      -   591   94s
H 6716  4977                      12.9365726          -      -   548   94s
  8094  7479 infeasible   74        12.93657          -      -   501  106s
H 8397  7240                      12.3616583          -      -   501  106s
H 8397  7238                      12.3484991          -      -   501  106s
 11732  8745  postponed   88        12.34850          -      -   407  116s
H11967  8736                      12.3374093          -      -   408  116s
H11967  8525                      12.2314490          -      -   408  116s
H11967  8508                      12.2098719          -      -   408  116s
H12318  8417                      12.1895343          -      -   399  116s
H12318  8251                      12.1557230          -      -   399  116s
H12318  8224                      12.1440464          -      -   399  116s
H12550  8124                      12.0569839          -      -   392  116s
H12556  8112                      12.0520313          -      -   392  116s
 14660  7461    8.85470   70 1216   12.05203    8.85470  26.5%   349  121s
H14661  7088                      12.0410333   11.41551  5.19%   349  124s
H14661  6734                      12.0377268   11.41551  5.17%   349  124s
H14661  6397                      12.0370625   11.41551  5.16%   349  124s
H14662  6078                      12.0200668   11.48228  4.47%   348  125s
H14666  5776                      12.0188245   11.48444  4.45%   348  128s
H14666  5487                      12.0185385   11.48444  4.44%   348  128s
H14667  5213                      12.0154195   11.48444  4.42%   348  128s
 14670  5215   11.48461  189  781   12.01542   11.48461  4.42%   348  133s
H14670  4954                      11.6880261   11.48461  1.74%   348  134s
[2026-05-21T12:04:10.182] error: *** JOB 13937692 ON x1006c3s2b0n0 CANCELLED AT 2026-05-21T12:04:10 DUE to SIGNAL Terminated ***
