2026-05-18 15:08:20 [INFO] idaes.core.surrogate.pysmo_surrogate: Decode surrogate. type=poly

===========================Polynomial Regression===============================================

The number of cross-validation cases (3) is used.
The default training/cross-validation split of 0.75 is used.
No iterations will be run.
Default parameter estimation method is used.
Parameter estimation method:  pyomo 

2026-05-18 15:08:20 [INFO] idaes.core.surrogate.pysmo_surrogate: Decode surrogate. type=poly

===========================Polynomial Regression===============================================

The number of cross-validation cases (3) is used.
The default training/cross-validation split of 0.75 is used.
No iterations will be run.
Default parameter estimation method is used.
Parameter estimation method:  pyomo 

2026-05-18 15:08:20 [INFO] idaes.core.surrogate.pysmo_surrogate: Decode surrogate. type=poly

===========================Polynomial Regression===============================================

The number of cross-validation cases (3) is used.
The default training/cross-validation split of 0.75 is used.
No iterations will be run.
Default parameter estimation method is used.
Parameter estimation method:  pyomo 

2026-05-18 15:08:20 [INFO] idaes.core.surrogate.pysmo_surrogate: Decode surrogate. type=poly

===========================Polynomial Regression===============================================

The number of cross-validation cases (3) is used.
The default training/cross-validation split of 0.75 is used.
No iterations will be run.
Default parameter estimation method is used.
Parameter estimation method:  pyomo 

2026-05-18 15:08:22 [INFO] idaes.apps.grid_integration.pricetaker.price_taker_model: Found minimum uptime/downtime data for pretreatment.uf_pumps[1] - Adding minimum uptime/downtime constraints.
2026-05-18 15:08:22 [INFO] idaes.apps.grid_integration.pricetaker.price_taker_model: Created startup/shutdown constraints for operation model  pretreatment.uf_pumps[1] at uf_pumps_1_startup_shutdown.
2026-05-18 15:08:22 [INFO] idaes.apps.grid_integration.pricetaker.price_taker_model: Found minimum uptime/downtime data for pretreatment.uf_pumps[2] - Adding minimum uptime/downtime constraints.
2026-05-18 15:08:22 [INFO] idaes.apps.grid_integration.pricetaker.price_taker_model: Created startup/shutdown constraints for operation model  pretreatment.uf_pumps[2] at uf_pumps_2_startup_shutdown.
2026-05-18 15:08:22 [INFO] idaes.apps.grid_integration.pricetaker.price_taker_model: Found minimum uptime/downtime data for pretreatment.uf_pumps[3] - Adding minimum uptime/downtime constraints.
2026-05-18 15:08:22 [INFO] idaes.apps.grid_integration.pricetaker.price_taker_model: Created startup/shutdown constraints for operation model  pretreatment.uf_pumps[3] at uf_pumps_3_startup_shutdown.
2026-05-18 15:08:22 [INFO] idaes.apps.grid_integration.pricetaker.price_taker_model: Found minimum uptime/downtime data for reverse_osmosis.ro_skid[1] - Adding minimum uptime/downtime constraints.
2026-05-18 15:08:22 [INFO] idaes.apps.grid_integration.pricetaker.price_taker_model: Created startup/shutdown constraints for operation model  reverse_osmosis.ro_skid[1] at ro_skid_1_startup_shutdown.
2026-05-18 15:08:22 [INFO] idaes.apps.grid_integration.pricetaker.price_taker_model: Found minimum uptime/downtime data for reverse_osmosis.ro_skid[2] - Adding minimum uptime/downtime constraints.
2026-05-18 15:08:22 [INFO] idaes.apps.grid_integration.pricetaker.price_taker_model: Created startup/shutdown constraints for operation model  reverse_osmosis.ro_skid[2] at ro_skid_2_startup_shutdown.
2026-05-18 15:08:22 [INFO] idaes.apps.grid_integration.pricetaker.price_taker_model: Found minimum uptime/downtime data for reverse_osmosis.ro_skid[3] - Adding minimum uptime/downtime constraints.
2026-05-18 15:08:22 [INFO] idaes.apps.grid_integration.pricetaker.price_taker_model: Created startup/shutdown constraints for operation model  reverse_osmosis.ro_skid[3] at ro_skid_3_startup_shutdown.
2026-05-18 15:08:22 [INFO] idaes.apps.grid_integration.pricetaker.price_taker_model: Found minimum uptime/downtime data for reverse_osmosis.ro_skid[4] - Adding minimum uptime/downtime constraints.
2026-05-18 15:08:22 [INFO] idaes.apps.grid_integration.pricetaker.price_taker_model: Created startup/shutdown constraints for operation model  reverse_osmosis.ro_skid[4] at ro_skid_4_startup_shutdown.
2689
Set parameter TokenServer to value "10.60.1.73"
Set parameter LogToConsole to value 1
Set parameter MIPGap to value 0.0011
Gurobi Optimizer version 12.0.3 build v12.0.3rc0 (linux64 - "Red Hat Enterprise Linux 8.8 (Ootpa)")

CPU model: Intel(R) Xeon(R) Platinum 8470Q, instruction set [SSE2|AVX|AVX2|AVX512]
Thread count: 104 physical cores, 104 logical processors, using up to 32 threads

Non-default parameters:
MIPGap  0.0011

Optimize a model with 18118 rows, 14955 columns and 44649 nonzeros
Model fingerprint: 0xa0ea4084
Model has 168 quadratic objective terms
Model has 2352 quadratic constraints
Variable types: 11091 continuous, 3864 integer (3864 binary)
Coefficient statistics:
  Matrix range     [3e-02, 2e+03]
  QMatrix range    [2e-07, 1e+00]
  QLMatrix range   [1e-04, 1e+00]
  Objective range  [7e-06, 5e-03]
  QObjective range [2e-04, 2e-04]
  Bounds range     [1e+00, 1e+03]
  RHS range        [1e+00, 3e+05]
  QRHS range       [2e-01, 3e-01]
Presolve removed 13204 rows and 9724 columns
Presolve time: 0.11s
Presolved: 13146 rows, 5232 columns, 34920 nonzeros
Presolved model has 2352 bilinear constraint(s)

Solving non-convex MIQCP

Variable types: 3734 continuous, 1498 integer (1498 binary)
Found heuristic solution: objective 11.1046030

Root relaxation: objective 1.058288e+01, 10529 iterations, 0.89 seconds (1.65 work units)

    Nodes    |    Current Node    |     Objective Bounds      |     Work
 Expl Unexpl |  Obj  Depth IntInf | Incumbent    BestBd   Gap | It/Node Time

     0     0   10.58288    0 1757   11.10460   10.58288  4.70%     -    1s
     0     0   10.94618    0 1441   11.10460   10.94618  1.43%     -    1s
H    0     0                      11.0886531   10.94618  1.28%     -    1s
     0     0   10.95774    0 1596   11.08865   10.95774  1.18%     -    1s
     0     0   10.96058    0 1860   11.08865   10.96058  1.15%     -    1s
H    0     0                      11.0830765   10.96063  1.10%     -    2s
     0     0   10.96063    0 1860   11.08308   10.96063  1.10%     -    2s
     0     0   10.99793    0 1881   11.08308   10.99793  0.77%     -    2s
H    0     0                      11.0540709   10.99793  0.51%     -    3s
     0     0   10.99793    0 1521   11.05407   10.99793  0.51%     -    4s
     0     0   11.01518    0 1856   11.05407   11.01518  0.35%     -    4s
     0     0   11.01679    0 1848   11.05407   11.01679  0.34%     -    4s
     0     0   11.02254    0 1855   11.05407   11.02254  0.29%     -    4s
     0     0   11.02255    0 1855   11.05407   11.02255  0.29%     -    4s
     0     0   11.02380    0 1853   11.05407   11.02380  0.27%     -    4s
     0     0   11.02380    0 1853   11.05407   11.02380  0.27%     -    4s
     0     0   11.02393    0 1855   11.05407   11.02393  0.27%     -    4s
     0     0   11.02394    0 1852   11.05407   11.02394  0.27%     -    4s
     0     0   11.02394    0 1852   11.05407   11.02394  0.27%     -    4s
     0     0   11.02397    0 1850   11.05407   11.02397  0.27%     -    4s
     0     0   11.02578    0 1684   11.05407   11.02578  0.26%     -    5s
H    0     0                      11.0468474   11.02578  0.19%     -    5s
H    0     0                      11.0448813   11.02578  0.17%     -    5s
     0     2   11.02578    0 1684   11.04488   11.02578  0.17%     -    5s
  1009   940   11.02656   45 1218   11.04488   11.02578  0.17%  90.1   10s
H 1220  1264                      11.0448813   11.02578  0.17%  78.1   10s
  1379  1424   11.02659   61 1360   11.04488   11.02578  0.17%  71.1   22s
  1582  1631   11.02660   68 1644   11.04488   11.02578  0.17%  68.3   27s
H 2508  2354                      11.0448813   11.02578  0.17%  82.1   29s
  3666  3237   11.04158   68  201   11.04488   11.02660  0.17%  76.6   30s
  3684  3250   11.03818  111  173   11.04488   11.03135  0.12%  80.5   35s
  3690  3257   11.03136   21 1921   11.04488   11.03136  0.12%  84.0   53s
  3950  3307     cutoff   31        11.04488   11.03166  0.12%  96.9   55s

Cutting planes:
  Gomory: 1
  Cover: 11
  Flow cover: 152
  Network: 3
  RLT: 491

Explored 5979 nodes (665633 simplex iterations) in 58.70 seconds (126.42 work units)
Thread count was 32 (of 104 available processors)

Solution count 6: 11.0449 11.0468 11.0541 ... 11.1046

Optimal solution found (tolerance 1.10e-03)
Best objective 1.104488134053e+01, best bound 1.103328770791e+01, gap 0.1050%
m.flow_changes_penalty(): 0.0
Total operational cost: 110448.81
Maximum power (kW): 1080.26
Discharge energy capacity (kWh): 360.72
Charge energy capacity (kWh): 1315.76
Traceback (most recent call last):
  File "/home/rchurchi/watertap_test/watertap/tutorials/flex_ro/wrd_pricetaker_short.py", line 524, in <module>
    m = main(
        ^^^^^
  File "/home/rchurchi/watertap_test/watertap/tutorials/flex_ro/wrd_pricetaker_short.py", line 478, in main
    fs.calculate_flexibility_metrics(
  File "/home/rchurchi/watertap_test/watertap/watertap/flowsheets/flex_desal/wrd_ro_flowsheet.py", line 910, in calculate_flexibility_metrics
    - (baseline_replacement_cost - value(m.total_replacement_cost))
                                         ^^^^^^^^^^^^^^^^^^^^^^^^
  File "/home/rchurchi/.conda-envs/watertap-pricetaker/lib/python3.11/site-packages/pyomo/core/base/block.py", line 550, in __getattr__
    raise AttributeError(
AttributeError: 'PriceTakerModel' object has no attribute 'total_replacement_cost'
