2026-05-21 15:38:06 [INFO] idaes.core.surrogate.pysmo_surrogate: Decode surrogate. type=poly

===========================Polynomial Regression===============================================

The number of cross-validation cases (3) is used.
The default training/cross-validation split of 0.75 is used.
No iterations will be run.
Default parameter estimation method is used.
Parameter estimation method:  pyomo 

2026-05-21 15:38:06 [INFO] idaes.core.surrogate.pysmo_surrogate: Decode surrogate. type=poly

===========================Polynomial Regression===============================================

The number of cross-validation cases (3) is used.
The default training/cross-validation split of 0.75 is used.
No iterations will be run.
Default parameter estimation method is used.
Parameter estimation method:  pyomo 

2026-05-21 15:38:06 [INFO] idaes.core.surrogate.pysmo_surrogate: Decode surrogate. type=poly

===========================Polynomial Regression===============================================

The number of cross-validation cases (3) is used.
The default training/cross-validation split of 0.75 is used.
No iterations will be run.
Default parameter estimation method is used.
Parameter estimation method:  pyomo 

2026-05-21 15:38:06 [INFO] idaes.core.surrogate.pysmo_surrogate: Decode surrogate. type=poly

===========================Polynomial Regression===============================================

The number of cross-validation cases (3) is used.
The default training/cross-validation split of 0.75 is used.
No iterations will be run.
Default parameter estimation method is used.
Parameter estimation method:  pyomo 

2026-05-21 15:38:07 [INFO] idaes.apps.grid_integration.pricetaker.price_taker_model: Found minimum uptime/downtime data for pretreatment.uf_pumps[1] - Adding minimum uptime/downtime constraints.
2026-05-21 15:38:07 [INFO] idaes.apps.grid_integration.pricetaker.price_taker_model: Created startup/shutdown constraints for operation model  pretreatment.uf_pumps[1] at uf_pumps_1_startup_shutdown.
2026-05-21 15:38:07 [INFO] idaes.apps.grid_integration.pricetaker.price_taker_model: Found minimum uptime/downtime data for pretreatment.uf_pumps[2] - Adding minimum uptime/downtime constraints.
2026-05-21 15:38:07 [INFO] idaes.apps.grid_integration.pricetaker.price_taker_model: Created startup/shutdown constraints for operation model  pretreatment.uf_pumps[2] at uf_pumps_2_startup_shutdown.
2026-05-21 15:38:07 [INFO] idaes.apps.grid_integration.pricetaker.price_taker_model: Found minimum uptime/downtime data for pretreatment.uf_pumps[3] - Adding minimum uptime/downtime constraints.
2026-05-21 15:38:07 [INFO] idaes.apps.grid_integration.pricetaker.price_taker_model: Created startup/shutdown constraints for operation model  pretreatment.uf_pumps[3] at uf_pumps_3_startup_shutdown.
2026-05-21 15:38:07 [INFO] idaes.apps.grid_integration.pricetaker.price_taker_model: Found minimum uptime/downtime data for reverse_osmosis.ro_skid[1] - Adding minimum uptime/downtime constraints.
2026-05-21 15:38:07 [INFO] idaes.apps.grid_integration.pricetaker.price_taker_model: Created startup/shutdown constraints for operation model  reverse_osmosis.ro_skid[1] at ro_skid_1_startup_shutdown.
2026-05-21 15:38:07 [INFO] idaes.apps.grid_integration.pricetaker.price_taker_model: Found minimum uptime/downtime data for reverse_osmosis.ro_skid[2] - Adding minimum uptime/downtime constraints.
2026-05-21 15:38:07 [INFO] idaes.apps.grid_integration.pricetaker.price_taker_model: Created startup/shutdown constraints for operation model  reverse_osmosis.ro_skid[2] at ro_skid_2_startup_shutdown.
2026-05-21 15:38:07 [INFO] idaes.apps.grid_integration.pricetaker.price_taker_model: Found minimum uptime/downtime data for reverse_osmosis.ro_skid[3] - Adding minimum uptime/downtime constraints.
2026-05-21 15:38:07 [INFO] idaes.apps.grid_integration.pricetaker.price_taker_model: Created startup/shutdown constraints for operation model  reverse_osmosis.ro_skid[3] at ro_skid_3_startup_shutdown.
2026-05-21 15:38:07 [INFO] idaes.apps.grid_integration.pricetaker.price_taker_model: Found minimum uptime/downtime data for reverse_osmosis.ro_skid[4] - Adding minimum uptime/downtime constraints.
2026-05-21 15:38:07 [INFO] idaes.apps.grid_integration.pricetaker.price_taker_model: Created startup/shutdown constraints for operation model  reverse_osmosis.ro_skid[4] at ro_skid_4_startup_shutdown.
4873
Set parameter TokenServer to value "10.60.1.73"
Set parameter LogToConsole to value 1
Set parameter MIPGap to value 0.006
Gurobi Optimizer version 12.0.3 build v12.0.3rc0 (linux64 - "Red Hat Enterprise Linux 8.8 (Ootpa)")

CPU model: Intel(R) Xeon(R) Platinum 8470QL, instruction set [SSE2|AVX|AVX2|AVX512]
Thread count: 104 physical cores, 104 logical processors, using up to 32 threads

Non-default parameters:
MIPGap  0.006

Optimize a model with 16781 rows, 17643 columns and 46325 nonzeros
Model fingerprint: 0xf3e66e6c
Model has 168 quadratic objective terms
Model has 3528 quadratic constraints
Model has 672 general nonlinear constraints (672 nonlinear terms)
Variable types: 12440 continuous, 5203 integer (5203 binary)
Coefficient statistics:
  Matrix range     [2e-02, 2e+03]
  QMatrix range    [2e-07, 1e+00]
  QLMatrix range   [1e-04, 2e+00]
  Objective range  [7e-06, 1e-04]
  QObjective range [2e-04, 2e-04]
  Bounds range     [9e-01, 1e+03]
  RHS range        [1e+00, 3e+05]
  QRHS range       [3e-01, 1e+00]
Presolve model has 672 nlconstr
Added 2688 variables to disaggregate expressions.
Presolve removed 7526 rows and 8058 columns
Presolve time: 0.15s
Presolved: 35967 rows, 14794 columns, 85008 nonzeros
Presolved model has 336 SOS constraint(s)
Presolved model has 4872 bilinear constraint(s)
Presolved model has 672 nonlinear constraint(s)

Solving non-convex MINLP

Variable types: 12134 continuous, 2660 integer (2660 binary)

Root relaxation: objective 7.157061e+00, 34017 iterations, 2.43 seconds (4.46 work units)

    Nodes    |    Current Node    |     Objective Bounds      |     Work
 Expl Unexpl |  Obj  Depth IntInf | Incumbent    BestBd   Gap | It/Node Time

     0     0    7.15706    0 7020          -    7.15706      -     -    3s
H    0     0                      11.7645832    7.15706  39.2%     -    3s
     0     0    8.15899    0 6453   11.76458    8.15899  30.6%     -    7s
     0     0    8.15899    0 6453   11.76458    8.15899  30.6%     -    7s
     0     0    9.29069    0 5288   11.76458    9.29069  21.0%     -    9s
     0     0    9.29069    0 5288   11.76458    9.29069  21.0%     -    9s
     0     0    9.77931    0 5106   11.76458    9.77931  16.9%     -   13s
     0     0    9.86585    0 5029   11.76458    9.86585  16.1%     -   16s
     0     0    9.92629    0 5120   11.76458    9.92629  15.6%     -   20s
     0     0   10.07276    0 4246   11.76458   10.07276  14.4%     -   25s
     0     0   10.07276    0 4778   11.76458   10.07276  14.4%     -   29s
     0     0   10.12929    0 4679   11.76458   10.12929  13.9%     -   31s
     0     0   10.12929    0 4973   11.76458   10.12929  13.9%     -   35s
     0     0   10.12929    0 4862   11.76458   10.12929  13.9%     -   39s
     0     0   10.12929    0 4998   11.76458   10.12929  13.9%     -   43s
     0     0   10.12929    0 5255   11.76458   10.12929  13.9%     -   48s
     0     0   10.12929    0 4780   11.76458   10.12929  13.9%     -   53s
     0     0   10.12929    0 4348   11.76458   10.12929  13.9%     -   57s
     0     2   10.12929    0 4349   11.76458   10.12929  13.9%     -   60s
     3     8   10.12929    2 4543   11.76458   10.12929  13.9% 10359   66s
     7    16   10.12929    3 4861   11.76458   10.12929  13.9% 15180   71s
    15    32   10.18273    4 4424   11.76458   10.12929  13.9% 17556   78s
    31    64   10.23178    5 4500   11.76458   10.12929  13.9% 19640   84s
    63    96   10.20209    6 4384   11.76458   10.12929  13.9% 16603   92s
    95   149   10.24399    7 4374   11.76458   10.12929  13.9% 15564  102s
   148   229   10.41871    8 3719   11.76458   10.12929  13.9% 13729  112s
   228   285   10.23435   10 5304   11.76458   10.12929  13.9% 12578  125s
   284   358   10.24365   11 5312   11.76458   10.12929  13.9% 12334  135s
   357   419   10.42833    9 3154   11.76458   10.12929  13.9% 11571  140s
   418   479   10.50812   10 2296   11.76458   10.12929  13.9% 11365  149s
   478   529   10.45908   11 3163   11.76458   10.12929  13.9% 11436  160s
   528   594   10.52807   12 2652   11.76458   10.12929  13.9% 11739  167s
   593   657   10.55104   13 2640   11.76458   10.12929  13.9% 11646  175s
H  659   657                      11.2710154   10.12929  10.1% 11490  175s
   666   707   10.46201   15 4037   11.27102   10.12929  10.1% 11455  183s
   730   754   10.51125   16 4551   11.27102   10.12929  10.1% 11405  189s
   787   814   10.55388   17 4033   11.27102   10.12929  10.1% 11378  197s
   853   872   10.55959   17 4358   11.27102   10.12929  10.1% 11340  207s
H  872   872                      11.2481878   10.12929  9.95% 11411  207s
   919   944   10.59411   18 3338   11.24819   10.12929  9.95% 11316  216s
   999   990   10.63133   19 2534   11.24819   10.12929  9.95% 11161  225s
H 1003   990                      11.2476594   10.12929  9.94% 11177  225s
H 1014   990                      11.2200635   10.12929  9.72% 11172  225s
H 1024   990                      11.2081966   10.12929  9.63% 11194  225s
H 1032   990                      11.1913176   10.12929  9.49% 11220  225s
  1054  1046   10.69483   20 2323   11.19132   10.12929  9.49% 11187  233s
  1136  1104   10.69829   21 2500   11.19132   10.12929  9.49% 11139  241s
  1209  1186   10.63472   22 3124   11.19132   10.12929  9.49% 11126  250s
  1309  1273   10.72134   23 4111   11.19132   10.12929  9.49% 11029  321s
H 1321  1273                      11.1083087   10.12929  8.81% 11032  321s
  1404  1360   10.81337   24 1805   11.10831   10.12929  8.81% 10909  330s
  1509  1452   10.84250   25 2008   11.10831   10.12929  8.81% 10846  340s
  1609  1548   10.81534   26 2361   11.10831   10.12929  8.81% 10806  351s
  1729  1663   10.83432   27 1889   11.10831   10.12929  8.81% 10733  359s
H 1761  1663                      10.9893759   10.12929  7.83% 10716  359s
  1856  1734   10.87960   31 1532   10.98938   10.12929  7.83% 10631  368s
H 1997  1779                      10.9231453   10.12929  7.27% 10477  381s
  2058  1859   10.87671   34 1356   10.92315   10.12929  7.27% 10447  390s
H 2096  1859                      10.8347222   10.12929  6.51% 10415  390s
  2183  1825     cutoff   37        10.83472   10.12929  6.51% 10382  402s
H 2220  1825                      10.7923741   10.12929  6.14% 10349  402s
  2310  1813   10.46691   13 4430   10.79237   10.12929  6.14% 10308  413s
  2422  1834   10.61408   16 4101   10.79237   10.12929  6.14% 10325  424s
  2539  1869   10.65995   19 3542   10.79237   10.12929  6.14% 10376  439s
  2690  1806     cutoff   25        10.79237   10.12929  6.14% 10361  453s
H 2695  1806                      10.7727570   10.12929  5.97% 10359  453s
H 2784  1806                      10.7630259   10.12929  5.89% 10377  453s
  2833  1781     cutoff   25        10.76303   10.12929  5.89% 10423  467s
  2989  1792   10.38013   10 4585   10.76303   10.12929  5.89% 10418  482s
H 3033  1792                      10.7570819   10.12929  5.84% 10443  482s
  3083  1879   10.34561   13 4268   10.75708   10.12929  5.84% 10495  495s
  3259  1926   10.71120   21 2405   10.75708   10.12929  5.84% 10495  510s
  3451  2088   10.56273   26 3700   10.75708   10.12929  5.84% 10465  522s
  3644  2089   10.52987   24 1179   10.75708   10.14132  5.72% 10406  688s
  3646  2090   10.69142   45 1278   10.75708   10.14132  5.72% 10400  706s
  3647  2091   10.38725    7 1028   10.75708   10.14132  5.72% 10397  711s
  3648  2092   10.66942   18  905   10.75708   10.14132  5.72% 10394  720s
  3650  2093   10.53548   39  818   10.75708   10.19667  5.21% 10389  727s
  3651  2094   10.19667   14  819   10.75708   10.19667  5.21% 10386  734s
  3652  2094   10.66832   29  803   10.75708   10.23609  4.84% 10383  739s
  3653  2095   10.75297   47  826   10.75708   10.23609  4.84% 10380  744s
  3654  2096   10.35872   22  688   10.75708   10.23609  4.84% 10377  747s
  3655  2096   10.35252   15  697   10.75708   10.27201  4.51% 10374  750s
  3657  2098   10.59381   44  576   10.75708   10.28801  4.36% 10369  757s
  3659  2099   10.42665   13  559   10.75708   10.31208  4.14% 10363  761s
  3661  2100   10.68831   34  748   10.75708   10.31208  4.14% 10357  768s
  3662  2101   10.69325   27  762   10.75708   10.31208  4.14% 10355  771s
  3663  2102   10.67733   21  618   10.75708   10.31208  4.14% 10352  779s
  3664  2102   10.41883    8  525   10.75708   10.36843  3.61% 10349  781s
  3665  2103   10.68610   28  496   10.75708   10.38098  3.50% 10346  785s
  3667  2104   10.40915    7  382   10.75708   10.40915  3.23% 10340  791s
  3670  2106   10.45508   15  569   10.75708   10.40915  3.23% 10332  796s
  3671  2107   10.51951   16  511   10.75708   10.40915  3.23% 10329  803s
  3672  2108   10.64512   12  382   10.75708   10.40915  3.23% 10326  806s
  3673  2108   10.66060   31  577   10.75708   10.40915  3.23% 10324  811s
  3675  2110   10.54883   17  640   10.75708   10.40915  3.23% 10318  820s
  3677  2111   10.47212   22  694   10.75708   10.40915  3.23% 10312  834s
  3678  2112   10.62471   15  693   10.75708   10.40915  3.23% 10310  855s
  3679  2112   10.40915   15  693   10.75708   10.40915  3.23% 10307  863s
  3680  2116   10.40915   16 3698   10.75708   10.40915  3.23% 10457 1199s
  3682  2119   10.40915   17 3530   10.75708   10.40915  3.23% 10459 1223s
  3686  2126   10.40915   18 3938   10.75708   10.40915  3.23% 10463 1324s
  3694  2139   10.43501   19 2935   10.75708   10.40915  3.23% 10467 1363s
  3710  2166   10.45245   20 3025   10.75708   10.40915  3.23% 10487 1396s
  3742  2187   10.47922   21 3058   10.75708   10.40915  3.23% 10556 1414s
  3774  2257   10.50977   22 3043   10.75708   10.40915  3.23% 10624 1442s
H 3845  2126                      10.7509565   10.40915  3.18% 10771 1442s
  3854  2220   10.61046   23 2991   10.75096   10.40915  3.18% 10801 1464s
  3953  2276   10.60560   25 1595   10.75096   10.40915  3.18% 10836 1483s
  4058  2310   10.64215   27 1993   10.75096   10.40915  3.18% 10883 1495s
  4157  2336   10.66432   29 2522   10.75096   10.40915  3.18% 10916 1502s
H 4211  2217                      10.7493673   10.40915  3.17% 10912 1502s
  4240  2266   10.64565   30 1770   10.74937   10.40915  3.17% 10935 1513s
  4338  2279   10.64974   31 1615   10.74937   10.40915  3.17% 10926 1531s
H 4359  2177                      10.7463124   10.40915  3.14% 10910 1531s
H 4389  2076                      10.7447907   10.40915  3.12% 10904 1531s
  4429  2105   10.69915   33 1804   10.74479   10.40915  3.12% 10936 1546s
  4510  2127   10.68922   34 2185   10.74479   10.40915  3.12% 10951 1554s
H 4528  2034                      10.7373567   10.40915  3.06% 10952 1554s
  4585  2039     cutoff   35        10.73736   10.40915  3.06% 10956 1571s
  4663  2057   10.40915   23 4627   10.73736   10.40915  3.06% 10954 1592s
H 4679  1970                      10.7351237   10.40915  3.04% 10962 1592s
  4747  1995   10.40915   26 3768   10.73512   10.40915  3.04% 10942 1623s
H 4836  1945                      10.7315827   10.40915  3.00% 10932 1632s
H 4856  1864                      10.7288874   10.40915  2.98% 10945 1632s
  4920  1885   10.58361   34 2247   10.72889   10.40915  2.98% 10922 1642s
  5027  1890     cutoff   40        10.72889   10.40915  2.98% 10896 1659s
H 5034  1817                      10.7256561   10.40915  2.95% 10904 1659s
H 5062  1740                      10.7248816   10.40915  2.94% 10930 1659s
  5114  1775     cutoff   41        10.72488   10.40915  2.94% 10925 1670s
  5208  1791   10.66771   42 1497   10.72488   10.40915  2.94% 10937 1684s
H 5212  1726                      10.7248816   10.40915  2.94% 10940 1684s
  5289  1745   10.60437   45 2767   10.72488   10.40915  2.94% 10999 1701s
  5385  1754   10.61653   33 3191   10.72488   10.40915  2.94% 11038 1712s
H 5466  1666                      10.7238084   10.40915  2.93% 11060 1712s
  5478  1729   10.70629   36 3102   10.72381   10.40915  2.93% 11065 1730s
  5575  1764   10.61166   38 3284   10.72381   10.40915  2.93% 11124 1749s
H 5614  1694                      10.7230818   10.40915  2.93% 11123 1749s
H 5643  1630                      10.7220567   10.40915  2.92% 11128 1749s
  5690  1673     cutoff   40        10.72206   10.40915  2.92% 11135 1769s
  5806  1701     cutoff   41        10.72206   10.40915  2.92% 11157 1786s
H 5832  1642                      10.7213155   10.40915  2.91% 11168 1786s
H 5836  1590                      10.7196294   10.40915  2.90% 11169 1786s
  5916  1659   10.41365   26 3026   10.71963   10.40915  2.90% 11185 1808s
  6057  1682   10.49858   31 2787   10.71963   10.40915  2.90% 11183 1823s
H 6061  1634                      10.7196294   10.40915  2.90% 11181 1823s
H 6120  1570                      10.7189859   10.40915  2.89% 11197 1823s
  6192  1620   10.52846   35 3719   10.71899   10.40915  2.89% 11218 1838s
  6330  1664   10.41804   38 4711   10.71899   10.40915  2.89% 11268 1855s
H 6333  1664                      10.7189856   10.40915  2.89% 11265 1855s
H 6356  1664                      10.7182170   10.40915  2.88% 11282 1855s
  6451  1745   10.55136   40 3679   10.71822   10.40915  2.88% 11329 1875s
H 6601  1847                      10.7177658   10.40915  2.88% 11338 1890s
  6771  1882   10.64431   46 3769   10.71777   10.40915  2.88% 11345 1904s
  6948  1865   10.69820   49 1853   10.71777   10.40915  2.88% 11351 1926s
H 6978  1839                      10.7167684   10.40915  2.87% 11348 1926s
H 6992  1831                      10.7157210   10.40915  2.86% 11357 1926s
  7123  1888   10.48375   39 2958   10.71572   10.40915  2.86% 11402 1945s
H 7196  1815                      10.6669136   10.40915  2.42% 11400 1945s
  7315  1798     cutoff   41        10.66691   10.40915  2.42% 11423 1962s
H 7467  1798                      10.6632280   10.40915  2.38% 11400 1962s
  7500  1880   10.60509   46 2182   10.66323   10.40915  2.38% 11390 1978s
  7665  1889   10.49469   29 3164   10.66323   10.40915  2.38% 11441 1994s
  7835  1861   10.63042   34 2094   10.66323   10.40915  2.38% 11491 2023s
  8009  1818   10.40915   26 5028   10.66323   10.40915  2.38% 11571 2041s
  8176  1841   10.40915   27 4969   10.66323   10.40915  2.38% 11668 2068s
  8349  1920   10.55515   29 3087   10.66323   10.40915  2.38% 11763 2090s
H 8417  1906                      10.6601868   10.40915  2.35% 11801 2090s
H 8434  1830                      10.6465515   10.40915  2.23% 11798 2090s
  8530  1848   10.47431   31 3883   10.64655   10.40915  2.23% 11836 2116s
  8747  1932   10.58790   34 3381   10.64655   10.40915  2.23% 11861 2141s
  8950  2010   10.59125   36 3049   10.64655   10.40915  2.23% 11940 2171s
  9177  2119   10.56199   30 2859   10.64655   10.40915  2.23% 12005 2195s
H 9313  2052                      10.6438795   10.40915  2.21% 12065 2195s
  9386  2131     cutoff   40        10.64388   10.40915  2.21% 12076 2222s
  9621  2226     cutoff   32        10.64388   10.40915  2.21% 12149 2252s
H 9674  2226                      10.6438707   10.40915  2.21% 12160 2252s
  9853  2309   10.57205   31 3908   10.64387   10.40915  2.21% 12219 2280s
 10109  2407   10.49958   33 4254   10.64387   10.40915  2.21% 12295 2311s
 10400  2499   10.58957   39 4341   10.64387   10.40915  2.21% 12351 2350s
 10640  2637     cutoff   41        10.64387   10.40915  2.21% 12464 2384s
 10916  2726   10.52674   29 3110   10.64387   10.40915  2.21% 12501 2414s
 11207  2812 infeasible   34        10.64387   10.40915  2.21% 12546 2453s
H11264  2738                      10.6417675   10.40915  2.19% 12555 2453s
 11499  2890   10.49168   37 3978   10.64177   10.40915  2.19% 12663 2489s
 11807  3050     cutoff   46        10.64177   10.40915  2.19% 12742 2528s
H12070  2736                      10.6233590   10.40915  2.02% 12817 2528s
 12126  2889   10.40915   42 4238   10.62336   10.40915  2.02% 12833 2570s
 12472  3051   10.57412   46 3973   10.62336   10.40915  2.02% 12887 2614s
H12646  3005                      10.6221099   10.40915  2.00% 12906 2614s
 12850  3155   10.53044   50 3398   10.62211   10.40915  2.00% 12946 2653s
 13270  3369   10.40915   32 5023   10.62211   10.40915  2.00% 12969 2699s
H13343  3334                      10.6212417   10.40915  2.00% 12974 2699s
 13740  3549     cutoff   42        10.62124   10.40915  2.00% 12979 2743s
H13978  3499                      10.6192262   10.40915  1.98% 12985 2743s
 14221  3684   10.49600   47 3430   10.61923   10.40915  1.98% 13010 2785s
H14232  3684                      10.6192255   10.40915  1.98% 13017 2785s
H14540  3684                      10.6192236   10.40915  1.98% 12968 2785s
H14676  3684                      10.6192236   10.40915  1.98% 12948 2785s
 14827  3893   10.44257   35 2305   10.61922   10.40915  1.98% 12973 2832s
H14840  3820                      10.6170842   10.40915  1.96% 12972 2832s
 15469  3843     cutoff   44        10.61708   10.40915  1.96% 12906 2886s
H15559  1745                      10.5076819   10.40915  0.94% 12899 2886s
H15593  1745                      10.4885112   10.40915  0.76% 12898 2886s
H15606  1745                      10.4677026   10.40915  0.56% 12897 2886s

Cutting planes:
  Learned: 64
  Gomory: 93
  Cover: 720
  Implied bound: 821
  Projected implied bound: 331
  Clique: 90
  MIR: 685
  Mixing: 4
  StrongCG: 1
  Flow cover: 2770
  GUB cover: 2
  Inf proof: 2
  Zero half: 17
  Network: 8
  RLT: 3626
  Relax-and-lift: 789
  BQP: 90
  PSD: 10

Explored 15660 nodes (202337937 simplex iterations) in 2886.35 seconds (6142.00 work units)
Thread count was 32 (of 104 available processors)

Solution count 10: 10.4677 10.4885 10.5077 ... 10.6221

Optimal solution found (tolerance 6.00e-03)
Best objective 1.046770257665e+01, best bound 1.040914961706e+01, gap 0.5594%
Total operational cost: 105735.91
Maximum power (kW): 1526.63
Discharge energy capacity (kWh): 22205.10
Charge energy capacity (kWh): 29003.84
Levelized Cost of Flexibility ($/kWh): -0.09
ERROR: evaluating object as numeric value: flow_changed[1,1,1]
        (object: <class 'pyomo.core.base.var.VarData'>)
    No value for uninitialized VarData object flow_changed[1,1,1]
ERROR: evaluating object as numeric value: flow_changed[1,1,2]
        (object: <class 'pyomo.core.base.var.VarData'>)
    No value for uninitialized VarData object flow_changed[1,1,2]
ERROR: evaluating object as numeric value: flow_changed[1,1,3]
        (object: <class 'pyomo.core.base.var.VarData'>)
    No value for uninitialized VarData object flow_changed[1,1,3]
ERROR: evaluating object as numeric value: flow_changed[1,1,4]
        (object: <class 'pyomo.core.base.var.VarData'>)
    No value for uninitialized VarData object flow_changed[1,1,4]
ERROR: evaluating object as numeric value: uf_flow_changed[1,1,1]
        (object: <class 'pyomo.core.base.var.VarData'>)
    No value for uninitialized VarData object uf_flow_changed[1,1,1]
ERROR: evaluating object as numeric value: uf_flow_changed[1,1,2]
        (object: <class 'pyomo.core.base.var.VarData'>)
    No value for uninitialized VarData object uf_flow_changed[1,1,2]
ERROR: evaluating object as numeric value: uf_flow_changed[1,1,3]
        (object: <class 'pyomo.core.base.var.VarData'>)
    No value for uninitialized VarData object uf_flow_changed[1,1,3]
ERROR: evaluating object as numeric value: flow_changed[1,1,1]
        (object: <class 'pyomo.core.base.var.VarData'>)
    No value for uninitialized VarData object flow_changed[1,1,1]
ERROR: evaluating object as numeric value: flow_changes_penalty
        (object: <class 'pyomo.core.base.expression.ScalarExpression'>)
    No value for uninitialized VarData object flow_changed[1,1,1]
{'fixed_demand_cost': 6723.211791095841, 'variable_demand_cost': 2115.880565511888, 'fixed_monthly_cost': 171938.17204301074, 'total_water_production': 282181.3966942752, 'total_energy_cost': 18179.231566870945, 'total_demand_cost': 8839.092356607729, 'total_customer_cost': 0.0, 'total_feed_cost': 48844.43623209922, 'total_brine_cost': 9931.421795228856, 'total_chemical_cost': 18882.84381568313, 'raw_degree_of_flex': 0.6287425149700598, 'degree_of_flex': 0.6287425149700598, 'total_replacement_cost': 1058.8874646443828, 'total_water_revenue': 0.0, 'total_demand_response_revenue': 0.0, 'total_emissions_cost': 0.0, 'total_op_cost': 105735.91323113427, 'fixed_cost': 121551.98252688172, 'total_cost': 227287.89575801598, 'LCOW': 0.8054673285364283, 'maximum_power': 1526.6316213369457, 'energy_capacity': 22205.09656870873, 'power_capacity': 331.4193517717721, 'round_trip_efficiency': 0, 'LVOF': -0.08765719405054047}
Saved operation variable results to: /home/rchurchi/watertap_test/watertap/tutorials/flex_ro/wrd_result_winter_both_4_flexible_trains.csv
2026-05-21 16:26:17 [INFO] idaes.core.surrogate.pysmo_surrogate: Decode surrogate. type=poly

===========================Polynomial Regression===============================================

The number of cross-validation cases (3) is used.
The default training/cross-validation split of 0.75 is used.
No iterations will be run.
Default parameter estimation method is used.
Parameter estimation method:  pyomo 

2026-05-21 16:26:17 [INFO] idaes.core.surrogate.pysmo_surrogate: Decode surrogate. type=poly

===========================Polynomial Regression===============================================

The number of cross-validation cases (3) is used.
The default training/cross-validation split of 0.75 is used.
No iterations will be run.
Default parameter estimation method is used.
Parameter estimation method:  pyomo 

2026-05-21 16:26:17 [INFO] idaes.core.surrogate.pysmo_surrogate: Decode surrogate. type=poly

===========================Polynomial Regression===============================================

The number of cross-validation cases (3) is used.
The default training/cross-validation split of 0.75 is used.
No iterations will be run.
Default parameter estimation method is used.
Parameter estimation method:  pyomo 

2026-05-21 16:26:17 [INFO] idaes.core.surrogate.pysmo_surrogate: Decode surrogate. type=poly

===========================Polynomial Regression===============================================

The number of cross-validation cases (3) is used.
The default training/cross-validation split of 0.75 is used.
No iterations will be run.
Default parameter estimation method is used.
Parameter estimation method:  pyomo 

2026-05-21 16:26:19 [INFO] idaes.apps.grid_integration.pricetaker.price_taker_model: Found minimum uptime/downtime data for pretreatment.uf_pumps[1] - Adding minimum uptime/downtime constraints.
2026-05-21 16:26:19 [INFO] idaes.apps.grid_integration.pricetaker.price_taker_model: Created startup/shutdown constraints for operation model  pretreatment.uf_pumps[1] at uf_pumps_1_startup_shutdown.
2026-05-21 16:26:19 [INFO] idaes.apps.grid_integration.pricetaker.price_taker_model: Found minimum uptime/downtime data for pretreatment.uf_pumps[2] - Adding minimum uptime/downtime constraints.
2026-05-21 16:26:19 [INFO] idaes.apps.grid_integration.pricetaker.price_taker_model: Created startup/shutdown constraints for operation model  pretreatment.uf_pumps[2] at uf_pumps_2_startup_shutdown.
2026-05-21 16:26:19 [INFO] idaes.apps.grid_integration.pricetaker.price_taker_model: Found minimum uptime/downtime data for pretreatment.uf_pumps[3] - Adding minimum uptime/downtime constraints.
2026-05-21 16:26:19 [INFO] idaes.apps.grid_integration.pricetaker.price_taker_model: Created startup/shutdown constraints for operation model  pretreatment.uf_pumps[3] at uf_pumps_3_startup_shutdown.
2026-05-21 16:26:19 [INFO] idaes.apps.grid_integration.pricetaker.price_taker_model: Found minimum uptime/downtime data for reverse_osmosis.ro_skid[1] - Adding minimum uptime/downtime constraints.
2026-05-21 16:26:19 [INFO] idaes.apps.grid_integration.pricetaker.price_taker_model: Created startup/shutdown constraints for operation model  reverse_osmosis.ro_skid[1] at ro_skid_1_startup_shutdown.
2026-05-21 16:26:19 [INFO] idaes.apps.grid_integration.pricetaker.price_taker_model: Found minimum uptime/downtime data for reverse_osmosis.ro_skid[2] - Adding minimum uptime/downtime constraints.
2026-05-21 16:26:19 [INFO] idaes.apps.grid_integration.pricetaker.price_taker_model: Created startup/shutdown constraints for operation model  reverse_osmosis.ro_skid[2] at ro_skid_2_startup_shutdown.
2026-05-21 16:26:19 [INFO] idaes.apps.grid_integration.pricetaker.price_taker_model: Found minimum uptime/downtime data for reverse_osmosis.ro_skid[3] - Adding minimum uptime/downtime constraints.
2026-05-21 16:26:19 [INFO] idaes.apps.grid_integration.pricetaker.price_taker_model: Created startup/shutdown constraints for operation model  reverse_osmosis.ro_skid[3] at ro_skid_3_startup_shutdown.
2026-05-21 16:26:19 [INFO] idaes.apps.grid_integration.pricetaker.price_taker_model: Found minimum uptime/downtime data for reverse_osmosis.ro_skid[4] - Adding minimum uptime/downtime constraints.
2026-05-21 16:26:19 [INFO] idaes.apps.grid_integration.pricetaker.price_taker_model: Created startup/shutdown constraints for operation model  reverse_osmosis.ro_skid[4] at ro_skid_4_startup_shutdown.
4873
Set parameter LogToConsole to value 1
Set parameter MIPGap to value 0.006
Gurobi Optimizer version 12.0.3 build v12.0.3rc0 (linux64 - "Red Hat Enterprise Linux 8.8 (Ootpa)")

CPU model: Intel(R) Xeon(R) Platinum 8470QL, instruction set [SSE2|AVX|AVX2|AVX512]
Thread count: 104 physical cores, 104 logical processors, using up to 32 threads

Non-default parameters:
MIPGap  0.006

Optimize a model with 16781 rows, 17643 columns and 46315 nonzeros
Model fingerprint: 0xb84ecbf9
Model has 168 quadratic objective terms
Model has 3528 quadratic constraints
Model has 672 general nonlinear constraints (672 nonlinear terms)
Variable types: 12440 continuous, 5203 integer (5203 binary)
Coefficient statistics:
  Matrix range     [2e-02, 2e+03]
  QMatrix range    [2e-07, 1e+00]
  QLMatrix range   [1e-04, 2e+00]
  Objective range  [1e-05, 1e-04]
  QObjective range [2e-04, 2e-04]
  Bounds range     [9e-01, 1e+03]
  RHS range        [1e+00, 3e+05]
  QRHS range       [3e-01, 1e+00]
Presolve model has 672 nlconstr
Added 2688 variables to disaggregate expressions.
Presolve removed 7546 rows and 8068 columns
Presolve time: 0.12s
Presolved: 35947 rows, 14784 columns, 84968 nonzeros
Presolved model has 336 SOS constraint(s)
Presolved model has 4872 bilinear constraint(s)
Presolved model has 672 nonlinear constraint(s)

Solving non-convex MINLP

Variable types: 12124 continuous, 2660 integer (2660 binary)

Root relaxation: objective 7.349162e+00, 33377 iterations, 3.07 seconds (5.26 work units)

    Nodes    |    Current Node    |     Objective Bounds      |     Work
 Expl Unexpl |  Obj  Depth IntInf | Incumbent    BestBd   Gap | It/Node Time

     0     0    7.34916    0 7031          -    7.34916      -     -    4s
H    0     0                      12.5828978    7.34916  41.6%     -    4s
     0     0    8.66619    0 6537   12.58290    8.66619  31.1%     -    7s
     0     0    8.66619    0 6537   12.58290    8.66619  31.1%     -    7s
     0     0    9.41852    0 5476   12.58290    9.41852  25.1%     -   10s
     0     0    9.41852    0 5476   12.58290    9.41852  25.1%     -   10s
     0     0   10.14036    0 5175   12.58290   10.14036  19.4%     -   14s
     0     0   10.14036    0 5174   12.58290   10.14036  19.4%     -   14s
H    0     0                      12.5828976   10.14036  19.4%     -   14s
     0     0   10.16410    0 5065   12.58290   10.16410  19.2%     -   17s
     0     0   10.30718    0 4411   12.58290   10.30718  18.1%     -   24s
     0     0   10.31101    0 4335   12.58290   10.31101  18.1%     -   27s
     0     0   10.39871    0 4335   12.58290   10.39871  17.4%     -   30s
     0     0   10.39871    0 4371   12.58290   10.39871  17.4%     -   32s
     0     0   10.39871    0 4342   12.58290   10.39871  17.4%     -   36s
     0     0   10.39871    0 4085   12.58290   10.39871  17.4%     -   38s
H    0     0                      12.5658150   10.39871  17.2%     -   41s
     0     0   10.39871    0 4478   12.56581   10.39871  17.2%     -   42s
     0     0   10.40536    0 3972   12.56581   10.40536  17.2%     -   44s
H    0     0                      12.4934222   10.40536  16.7%     -   46s
H    0     0                      12.4719841   10.40536  16.6%     -   46s
H    0     0                      12.4505460   10.40536  16.4%     -   46s
     0     2   10.40536    0 3968   12.45055   10.40536  16.4%     -   47s
     3     8   10.40910    2 4149   12.45055   10.40910  16.4%  9952   52s
     7    16   10.42026    3 4114   12.45055   10.40910  16.4% 13626   56s
    15    32   10.46967    4 3778   12.45055   10.42026  16.3% 14142   61s
    31    64   10.46967    5 4017   12.45055   10.46967  15.9% 14386   69s
H   32    64                      12.2735782   10.46967  14.7% 13936   69s
H   33    64                      12.2512640   10.46967  14.5% 13783   69s
H   39    64                      12.1509842   10.46967  13.8% 13152   69s
    63    96   10.46967    6 3982   12.15098   10.46967  13.8% 13930   74s
    95   157   10.46967    7 3980   12.15098   10.46967  13.8% 12681   84s
H  107   157                      12.1044874   10.46967  13.5% 12090   84s
H  108   157                      11.4991777   10.46967  8.95% 11980   84s
H  147   157                      11.2234978   10.46967  6.72% 10080   84s
   156   239   10.46967    9 3953   11.22350   10.46967  6.72%  9885   92s
   246   292   10.48303   11 4585   11.22350   10.46967  6.72%  9000   98s
H  257   292                      11.2234977   10.46967  6.72%  9366   98s
H  259   292                      11.1997665   10.46967  6.52%  9400   98s
H  266   292                      11.1574785   10.46967  6.16%  9431   98s
   301   341   10.48305   12 4596   11.15748   10.46967  6.16%  9276  104s
   370   390   10.46967   14 4648   11.15748   10.46967  6.16%  9096  110s
H  399   390                      11.1365320   10.46967  5.99%  9288  110s
   421   421   10.48957   15 4394   11.13653   10.46967  5.99%  9437  117s
   471   458   10.54144   15 5313   11.13653   10.46967  5.99%  9881  123s
   518   492   10.53723   16 3526   11.13653   10.46967  5.99% 10038  129s
   578   529   10.62693   18 3104   11.13653   10.46967  5.99% 10192  138s
   630   587   10.61247   19 3198   11.13653   10.46967  5.99% 10297  147s
   699   635   10.71359   20 3001   11.13653   10.46967  5.99% 10046  154s
   763   675   10.67159   21 2798   11.13653   10.46967  5.99%  9979  160s
   823   707   10.58421   23 3290   11.13653   10.46967  5.99% 10241  168s
H  851   707                      11.1343538   10.46967  5.97% 10308  168s
H  877   707                      11.1091051   10.46967  5.76% 10347  168s
   879   732   10.67730   24 2937   11.10911   10.46967  5.76% 10356  177s
   942   771   10.96331   24 2189   11.10911   10.46967  5.76% 10387  184s
H  986   771                      11.1089731   10.46967  5.75% 10496  184s
H  989   771                      11.1087941   10.46967  5.75% 10497  184s
   995   807   10.67960   25 2915   11.10879   10.46967  5.75% 10502  196s
H 1044   807                      11.0549402   10.46967  5.29% 10648  196s
  1051   831   10.84673   26 4012   11.05494   10.46967  5.29% 10691  204s
  1119   884   10.85667   27 4135   11.05494   10.46967  5.29% 10720  214s
  1181   940   10.86896   28 3844   11.05494   10.46967  5.29% 10904  225s
H 1225   940                      11.0549223   10.46967  5.29% 10940  225s
H 1232   940                      11.0532265   10.46967  5.28% 10950  225s
  1253   982   10.89120   30 3627   11.05323   10.46967  5.28% 10924  236s
  1339  1021   11.01721   31 3311   11.05323   10.46967  5.28% 10970  248s
H 1371  1021                      11.0529935   10.46967  5.28% 11082  248s
H 1405  1021                      11.0513578   10.46967  5.26% 11116  248s
  1416  1061   10.81958   32 4556   11.05136   10.46967  5.26% 11103  256s
  1496  1101   10.85983   33 4382   11.05136   10.46967  5.26% 11290  266s
H 1498  1101                      11.0294558   10.46967  5.08% 11292  266s
  1568  1120   10.85993   34 4334   11.02946   10.46967  5.08% 11389  276s
  1657  1151   10.90261   36 3801   11.02946   10.46967  5.08% 11472  285s
  1737  1196   10.90739   38 3819   11.02946   10.46967  5.08% 11563  295s
  1817  1250   10.90708   40 3688   11.02946   10.46967  5.08% 11700  308s
H 1828  1250                      11.0289002   10.46967  5.07% 11752  308s
H 1837  1250                      11.0278251   10.46967  5.06% 11777  308s
H 1839  1250                      11.0258863   10.46967  5.04% 11805  308s
  1897  1326   10.85750   42 4332   11.02589   10.46967  5.04% 11879  323s
  2019  1396   10.88560   44 4393   11.02589   10.46967  5.04% 11767  334s
H 2027  1396                      11.0244901   10.46967  5.03% 11778  334s
H 2033  1396                      11.0239742   10.46967  5.03% 11762  334s
H 2038  1396                      11.0217887   10.46967  5.01% 11749  334s
  2145  1490   10.92709   46 4138   11.02179   10.48995  4.83% 11683  344s
  2301  1573     cutoff   47        11.02179   10.49051  4.82% 11518  356s
  2462  1635     cutoff   48        11.02179   10.49051  4.82% 11389  368s
  2604  1716   10.67142   13 3571   11.02179   10.54436  4.33% 11380  385s
H 2607  1716                      11.0217840   10.54436  4.33% 11379  385s
H 2694  1716                      11.0215112   10.54698  4.31% 11354  385s
  2743  1797   10.90346   15 3756   11.02151   10.54698  4.31% 11334  397s
H 2886  1884                      11.0184588   10.56064  4.15% 11371  412s
H 2957  1884                      11.0174889   10.56064  4.15% 11360  412s
  3040  1861   10.83414   21 4748   11.01749   10.56064  4.15% 11338  426s
  3204  1876   10.90632   23 4195   11.01749   10.56064  4.15% 11329  440s
H 3271  1863                      11.0171443   10.56064  4.14% 11389  440s
H 3286  1858                      11.0150789   10.56064  4.13% 11385  440s
  3355  1936   10.93128   24 4598   11.01508   10.56064  4.13% 11394  455s
  3511  2030     cutoff   21        11.01508   10.56064  4.13% 11470  466s
  3689  2079   10.96833   26 3936   11.01508   10.56064  4.13% 11474  483s
  3859  2149     cutoff   25        11.01508   10.56325  4.10% 11502  501s
  4026  2244     cutoff   23        11.01508   10.57494  4.00% 11589  517s
  4218  2305   10.91563   26 4315   11.01508   10.58318  3.92% 11637  539s
  4409  2369   10.95481   28 3624   11.01508   10.58318  3.92% 11685  560s
  4540  2456   10.74101   15 3879   11.01508   10.58318  3.92% 11723  584s
[2026-05-21T16:38:06.005] error: *** JOB 13939531 ON x1006c2s5b0n0 CANCELLED AT 2026-05-21T16:38:06 DUE TO TIME LIMIT ***
