2026-05-18 14:54:33 [INFO] idaes.core.surrogate.pysmo_surrogate: Decode surrogate. type=poly

===========================Polynomial Regression===============================================

The number of cross-validation cases (3) is used.
The default training/cross-validation split of 0.75 is used.
No iterations will be run.
Default parameter estimation method is used.
Parameter estimation method:  pyomo 

2026-05-18 14:54:33 [INFO] idaes.core.surrogate.pysmo_surrogate: Decode surrogate. type=poly

===========================Polynomial Regression===============================================

The number of cross-validation cases (3) is used.
The default training/cross-validation split of 0.75 is used.
No iterations will be run.
Default parameter estimation method is used.
Parameter estimation method:  pyomo 

2026-05-18 14:54:33 [INFO] idaes.core.surrogate.pysmo_surrogate: Decode surrogate. type=poly

===========================Polynomial Regression===============================================

The number of cross-validation cases (3) is used.
The default training/cross-validation split of 0.75 is used.
No iterations will be run.
Default parameter estimation method is used.
Parameter estimation method:  pyomo 

2026-05-18 14:54:33 [INFO] idaes.core.surrogate.pysmo_surrogate: Decode surrogate. type=poly

===========================Polynomial Regression===============================================

The number of cross-validation cases (3) is used.
The default training/cross-validation split of 0.75 is used.
No iterations will be run.
Default parameter estimation method is used.
Parameter estimation method:  pyomo 

2026-05-18 14:54:34 [INFO] idaes.apps.grid_integration.pricetaker.price_taker_model: Found minimum uptime/downtime data for pretreatment.uf_pumps[1] - Adding minimum uptime/downtime constraints.
2026-05-18 14:54:34 [INFO] idaes.apps.grid_integration.pricetaker.price_taker_model: Created startup/shutdown constraints for operation model  pretreatment.uf_pumps[1] at uf_pumps_1_startup_shutdown.
2026-05-18 14:54:34 [INFO] idaes.apps.grid_integration.pricetaker.price_taker_model: Found minimum uptime/downtime data for pretreatment.uf_pumps[2] - Adding minimum uptime/downtime constraints.
2026-05-18 14:54:34 [INFO] idaes.apps.grid_integration.pricetaker.price_taker_model: Created startup/shutdown constraints for operation model  pretreatment.uf_pumps[2] at uf_pumps_2_startup_shutdown.
2026-05-18 14:54:34 [INFO] idaes.apps.grid_integration.pricetaker.price_taker_model: Found minimum uptime/downtime data for pretreatment.uf_pumps[3] - Adding minimum uptime/downtime constraints.
2026-05-18 14:54:34 [INFO] idaes.apps.grid_integration.pricetaker.price_taker_model: Created startup/shutdown constraints for operation model  pretreatment.uf_pumps[3] at uf_pumps_3_startup_shutdown.
2026-05-18 14:54:34 [INFO] idaes.apps.grid_integration.pricetaker.price_taker_model: Found minimum uptime/downtime data for reverse_osmosis.ro_skid[1] - Adding minimum uptime/downtime constraints.
2026-05-18 14:54:34 [INFO] idaes.apps.grid_integration.pricetaker.price_taker_model: Created startup/shutdown constraints for operation model  reverse_osmosis.ro_skid[1] at ro_skid_1_startup_shutdown.
2026-05-18 14:54:34 [INFO] idaes.apps.grid_integration.pricetaker.price_taker_model: Found minimum uptime/downtime data for reverse_osmosis.ro_skid[2] - Adding minimum uptime/downtime constraints.
2026-05-18 14:54:34 [INFO] idaes.apps.grid_integration.pricetaker.price_taker_model: Created startup/shutdown constraints for operation model  reverse_osmosis.ro_skid[2] at ro_skid_2_startup_shutdown.
2026-05-18 14:54:34 [INFO] idaes.apps.grid_integration.pricetaker.price_taker_model: Found minimum uptime/downtime data for reverse_osmosis.ro_skid[3] - Adding minimum uptime/downtime constraints.
2026-05-18 14:54:34 [INFO] idaes.apps.grid_integration.pricetaker.price_taker_model: Created startup/shutdown constraints for operation model  reverse_osmosis.ro_skid[3] at ro_skid_3_startup_shutdown.
2026-05-18 14:54:34 [INFO] idaes.apps.grid_integration.pricetaker.price_taker_model: Found minimum uptime/downtime data for reverse_osmosis.ro_skid[4] - Adding minimum uptime/downtime constraints.
2026-05-18 14:54:34 [INFO] idaes.apps.grid_integration.pricetaker.price_taker_model: Created startup/shutdown constraints for operation model  reverse_osmosis.ro_skid[4] at ro_skid_4_startup_shutdown.
2689
Set parameter TokenServer to value "10.60.1.73"
Set parameter LogToConsole to value 1
Set parameter MIPGap to value 0.001
Gurobi Optimizer version 12.0.3 build v12.0.3rc0 (linux64 - "Red Hat Enterprise Linux 8.8 (Ootpa)")

CPU model: Intel(R) Xeon(R) Platinum 8470Q, instruction set [SSE2|AVX|AVX2|AVX512]
Thread count: 104 physical cores, 104 logical processors, using up to 32 threads

Non-default parameters:
MIPGap  0.001

Optimize a model with 18118 rows, 14955 columns and 44649 nonzeros
Model fingerprint: 0xa0ea4084
Model has 168 quadratic objective terms
Model has 2352 quadratic constraints
Variable types: 11091 continuous, 3864 integer (3864 binary)
Coefficient statistics:
  Matrix range     [3e-02, 2e+03]
  QMatrix range    [2e-07, 1e+00]
  QLMatrix range   [1e-04, 1e+00]
  Objective range  [7e-06, 5e-03]
  QObjective range [2e-04, 2e-04]
  Bounds range     [1e+00, 1e+03]
  RHS range        [1e+00, 3e+05]
  QRHS range       [2e-01, 3e-01]
Presolve removed 13204 rows and 9724 columns
Presolve time: 0.11s
Presolved: 13146 rows, 5232 columns, 34920 nonzeros
Presolved model has 2352 bilinear constraint(s)

Solving non-convex MIQCP

Variable types: 3734 continuous, 1498 integer (1498 binary)
Found heuristic solution: objective 11.1046030

Root relaxation: objective 1.058288e+01, 10529 iterations, 0.90 seconds (1.65 work units)

    Nodes    |    Current Node    |     Objective Bounds      |     Work
 Expl Unexpl |  Obj  Depth IntInf | Incumbent    BestBd   Gap | It/Node Time

     0     0   10.58288    0 1757   11.10460   10.58288  4.70%     -    1s
     0     0   10.94618    0 1441   11.10460   10.94618  1.43%     -    1s
H    0     0                      11.0886531   10.94618  1.28%     -    1s
     0     0   10.95774    0 1596   11.08865   10.95774  1.18%     -    1s
     0     0   10.96058    0 1860   11.08865   10.96058  1.15%     -    1s
H    0     0                      11.0830765   10.96063  1.10%     -    2s
     0     0   10.96063    0 1860   11.08308   10.96063  1.10%     -    2s
     0     0   10.99793    0 1881   11.08308   10.99793  0.77%     -    2s
H    0     0                      11.0540709   10.99793  0.51%     -    3s
     0     0   10.99793    0 1521   11.05407   10.99793  0.51%     -    4s
     0     0   11.01518    0 1856   11.05407   11.01518  0.35%     -    4s
     0     0   11.01679    0 1848   11.05407   11.01679  0.34%     -    4s
     0     0   11.02254    0 1855   11.05407   11.02254  0.29%     -    4s
     0     0   11.02255    0 1855   11.05407   11.02255  0.29%     -    4s
     0     0   11.02380    0 1853   11.05407   11.02380  0.27%     -    4s
     0     0   11.02380    0 1853   11.05407   11.02380  0.27%     -    4s
     0     0   11.02393    0 1855   11.05407   11.02393  0.27%     -    4s
     0     0   11.02394    0 1852   11.05407   11.02394  0.27%     -    4s
     0     0   11.02394    0 1852   11.05407   11.02394  0.27%     -    4s
     0     0   11.02397    0 1850   11.05407   11.02397  0.27%     -    4s
     0     0   11.02578    0 1684   11.05407   11.02578  0.26%     -    5s
H    0     0                      11.0468474   11.02578  0.19%     -    5s
H    0     0                      11.0448813   11.02578  0.17%     -    5s
     0     2   11.02578    0 1684   11.04488   11.02578  0.17%     -    5s
   848   909   11.02656   39 1499   11.04488   11.02578  0.17%   103   10s
H 1220  1264                      11.0448813   11.02578  0.17%  78.1   10s
  1379  1424   11.02659   61 1360   11.04488   11.02578  0.17%  71.1   22s
  1582  1631   11.02660   68 1644   11.04488   11.02578  0.17%  68.3   27s
H 2508  2354                      11.0448813   11.02578  0.17%  82.1   29s
  3666  3237   11.04158   68  201   11.04488   11.02660  0.17%  76.6   30s
  3684  3250   11.03818  111  173   11.04488   11.03135  0.12%  80.5   35s
  3690  3257   11.03136   21 1921   11.04488   11.03136  0.12%  84.0   52s
  4032  3288   11.04216   32 1717   11.04488   11.03166  0.12%   101   55s
  7854  5224   11.03833  217 1574   11.04488   11.03375  0.10%  93.1   60s

Cutting planes:
  Gomory: 1
  Cover: 11
  Flow cover: 152
  Network: 3
  RLT: 491

Explored 10295 nodes (953910 simplex iterations) in 61.84 seconds (136.78 work units)
Thread count was 32 (of 104 available processors)

Solution count 6: 11.0449 11.0468 11.0541 ... 11.1046

Optimal solution found (tolerance 1.00e-03)
Best objective 1.104488134053e+01, best bound 1.103385538976e+01, gap 0.0998%
m.flow_changes_penalty(): 0.0
Total operational cost: 110448.81
{'fixed_demand_cost': 4757.425100715322, 'variable_demand_cost': 2555.025305006484, 'fixed_monthly_cost': 171938.17204301074, 'total_water_production': 282179.671261732, 'total_energy_cost': 17691.850104196335, 'total_demand_cost': 7312.4504057218055, 'total_customer_cost': 0.0, 'total_feed_cost': 50843.18401257785, 'total_brine_cost': 15303.798391056887, 'total_chemical_cost': 19297.530491723508, 'total_water_revenue': 0.0, 'total_demand_response_revenue': 0.0, 'total_emissions_cost': 0.0, 'total_op_cost': 110448.81340527638, 'fixed_cost': 121551.98252688172, 'total_cost': 232000.7959321581, 'LCOW': 0.8221740244249163}
Saved operation variable results to: /home/rchurchi/watertap_test/watertap/tutorials/flex_ro/wrd_result_winter_flow_0_flexible_trains.csv
2026-05-18 14:55:39 [INFO] idaes.core.surrogate.pysmo_surrogate: Decode surrogate. type=poly

===========================Polynomial Regression===============================================

The number of cross-validation cases (3) is used.
The default training/cross-validation split of 0.75 is used.
No iterations will be run.
Default parameter estimation method is used.
Parameter estimation method:  pyomo 

2026-05-18 14:55:39 [INFO] idaes.core.surrogate.pysmo_surrogate: Decode surrogate. type=poly

===========================Polynomial Regression===============================================

The number of cross-validation cases (3) is used.
The default training/cross-validation split of 0.75 is used.
No iterations will be run.
Default parameter estimation method is used.
Parameter estimation method:  pyomo 

2026-05-18 14:55:39 [INFO] idaes.core.surrogate.pysmo_surrogate: Decode surrogate. type=poly

===========================Polynomial Regression===============================================

The number of cross-validation cases (3) is used.
The default training/cross-validation split of 0.75 is used.
No iterations will be run.
Default parameter estimation method is used.
Parameter estimation method:  pyomo 

2026-05-18 14:55:39 [INFO] idaes.core.surrogate.pysmo_surrogate: Decode surrogate. type=poly

===========================Polynomial Regression===============================================

The number of cross-validation cases (3) is used.
The default training/cross-validation split of 0.75 is used.
No iterations will be run.
Default parameter estimation method is used.
Parameter estimation method:  pyomo 

2026-05-18 14:55:41 [INFO] idaes.apps.grid_integration.pricetaker.price_taker_model: Found minimum uptime/downtime data for pretreatment.uf_pumps[1] - Adding minimum uptime/downtime constraints.
2026-05-18 14:55:41 [INFO] idaes.apps.grid_integration.pricetaker.price_taker_model: Created startup/shutdown constraints for operation model  pretreatment.uf_pumps[1] at uf_pumps_1_startup_shutdown.
2026-05-18 14:55:41 [INFO] idaes.apps.grid_integration.pricetaker.price_taker_model: Found minimum uptime/downtime data for pretreatment.uf_pumps[2] - Adding minimum uptime/downtime constraints.
2026-05-18 14:55:41 [INFO] idaes.apps.grid_integration.pricetaker.price_taker_model: Created startup/shutdown constraints for operation model  pretreatment.uf_pumps[2] at uf_pumps_2_startup_shutdown.
2026-05-18 14:55:41 [INFO] idaes.apps.grid_integration.pricetaker.price_taker_model: Found minimum uptime/downtime data for pretreatment.uf_pumps[3] - Adding minimum uptime/downtime constraints.
2026-05-18 14:55:41 [INFO] idaes.apps.grid_integration.pricetaker.price_taker_model: Created startup/shutdown constraints for operation model  pretreatment.uf_pumps[3] at uf_pumps_3_startup_shutdown.
2026-05-18 14:55:41 [INFO] idaes.apps.grid_integration.pricetaker.price_taker_model: Found minimum uptime/downtime data for reverse_osmosis.ro_skid[1] - Adding minimum uptime/downtime constraints.
2026-05-18 14:55:41 [INFO] idaes.apps.grid_integration.pricetaker.price_taker_model: Created startup/shutdown constraints for operation model  reverse_osmosis.ro_skid[1] at ro_skid_1_startup_shutdown.
2026-05-18 14:55:41 [INFO] idaes.apps.grid_integration.pricetaker.price_taker_model: Found minimum uptime/downtime data for reverse_osmosis.ro_skid[2] - Adding minimum uptime/downtime constraints.
2026-05-18 14:55:41 [INFO] idaes.apps.grid_integration.pricetaker.price_taker_model: Created startup/shutdown constraints for operation model  reverse_osmosis.ro_skid[2] at ro_skid_2_startup_shutdown.
2026-05-18 14:55:41 [INFO] idaes.apps.grid_integration.pricetaker.price_taker_model: Found minimum uptime/downtime data for reverse_osmosis.ro_skid[3] - Adding minimum uptime/downtime constraints.
2026-05-18 14:55:41 [INFO] idaes.apps.grid_integration.pricetaker.price_taker_model: Created startup/shutdown constraints for operation model  reverse_osmosis.ro_skid[3] at ro_skid_3_startup_shutdown.
2026-05-18 14:55:41 [INFO] idaes.apps.grid_integration.pricetaker.price_taker_model: Found minimum uptime/downtime data for reverse_osmosis.ro_skid[4] - Adding minimum uptime/downtime constraints.
2026-05-18 14:55:41 [INFO] idaes.apps.grid_integration.pricetaker.price_taker_model: Created startup/shutdown constraints for operation model  reverse_osmosis.ro_skid[4] at ro_skid_4_startup_shutdown.
3193
Set parameter LogToConsole to value 1
Set parameter MIPGap to value 0.001
Gurobi Optimizer version 12.0.3 build v12.0.3rc0 (linux64 - "Red Hat Enterprise Linux 8.8 (Ootpa)")

CPU model: Intel(R) Xeon(R) Platinum 8470Q, instruction set [SSE2|AVX|AVX2|AVX512]
Thread count: 104 physical cores, 104 logical processors, using up to 32 threads

Non-default parameters:
MIPGap  0.001

Optimize a model with 17614 rows, 16131 columns and 36601 nonzeros
Model fingerprint: 0xc844ba30
Model has 168 quadratic objective terms
Model has 2856 quadratic constraints
Model has 672 general nonlinear constraints (672 nonlinear terms)
Variable types: 12267 continuous, 3864 integer (3864 binary)
Coefficient statistics:
  Matrix range     [3e-02, 2e+03]
  QMatrix range    [2e-07, 1e+00]
  QLMatrix range   [3e-04, 2e+00]
  Objective range  [7e-06, 5e-03]
  QObjective range [2e-04, 2e-04]
  Bounds range     [9e-01, 1e+03]
  RHS range        [1e+00, 3e+05]
  QRHS range       [3e-01, 1e+00]
Presolve model has 672 nlconstr
Added 1344 variables to disaggregate expressions.
Presolve removed 14694 rows and 9713 columns
Presolve time: 0.03s
Presolved: 20560 rows, 7763 columns, 49682 nonzeros
Presolved model has 3528 bilinear constraint(s)
Presolved model has 672 nonlinear constraint(s)

Solving non-convex MINLP

Variable types: 7262 continuous, 501 integer (501 binary)
Found heuristic solution: objective 13.6202146

Root relaxation: objective 1.329734e+01, 7661 iterations, 0.03 seconds (0.05 work units)

    Nodes    |    Current Node    |     Objective Bounds      |     Work
 Expl Unexpl |  Obj  Depth IntInf | Incumbent    BestBd   Gap | It/Node Time

     0     0   13.29734    0 1049   13.62021   13.29734  2.37%     -    0s
     0     0   13.53936    0 1049   13.62021   13.53936  0.59%     -    0s
H    0     0                      13.6202145   13.53940  0.59%     -    0s
     0     0          -    0        13.62021   13.60748  0.09%     -    0s

Cutting planes:
  RLT: 504

Explored 1 nodes (10915 simplex iterations) in 0.52 seconds (0.51 work units)
Thread count was 32 (of 104 available processors)

Solution count 1: 13.6202 

Optimal solution found (tolerance 1.00e-03)
Best objective 1.362021451345e+01, best bound 1.360748229220e+01, gap 0.0935%
m.flow_changes_penalty(): 0.0
Total operational cost: 136202.15
{'fixed_demand_cost': 6338.567501828477, 'variable_demand_cost': 3404.7861450559494, 'fixed_monthly_cost': 171938.17204301074, 'total_water_production': 374196.2572583251, 'total_energy_cost': 23651.266114911326, 'total_demand_cost': 9743.353646884427, 'total_customer_cost': 0.0, 'total_feed_cost': 64727.04288029979, 'total_brine_cost': 13049.537119725279, 'total_chemical_cost': 25030.945372670278, 'total_water_revenue': 0.0, 'total_demand_response_revenue': -0.0, 'total_emissions_cost': 0.0, 'total_op_cost': 136202.1451344911, 'fixed_cost': 121551.98252688172, 'total_cost': 257754.12766137283, 'LCOW': 0.6888206994636858}
Saved operation variable results to: /home/rchurchi/watertap_test/watertap/tutorials/flex_ro/wrd_result_winter_rr_0_flexible_trains.csv
2026-05-18 14:55:45 [INFO] idaes.core.surrogate.pysmo_surrogate: Decode surrogate. type=poly

===========================Polynomial Regression===============================================

The number of cross-validation cases (3) is used.
The default training/cross-validation split of 0.75 is used.
No iterations will be run.
Default parameter estimation method is used.
Parameter estimation method:  pyomo 

2026-05-18 14:55:45 [INFO] idaes.core.surrogate.pysmo_surrogate: Decode surrogate. type=poly

===========================Polynomial Regression===============================================

The number of cross-validation cases (3) is used.
The default training/cross-validation split of 0.75 is used.
No iterations will be run.
Default parameter estimation method is used.
Parameter estimation method:  pyomo 

2026-05-18 14:55:45 [INFO] idaes.core.surrogate.pysmo_surrogate: Decode surrogate. type=poly

===========================Polynomial Regression===============================================

The number of cross-validation cases (3) is used.
The default training/cross-validation split of 0.75 is used.
No iterations will be run.
Default parameter estimation method is used.
Parameter estimation method:  pyomo 

2026-05-18 14:55:45 [INFO] idaes.core.surrogate.pysmo_surrogate: Decode surrogate. type=poly

===========================Polynomial Regression===============================================

The number of cross-validation cases (3) is used.
The default training/cross-validation split of 0.75 is used.
No iterations will be run.
Default parameter estimation method is used.
Parameter estimation method:  pyomo 

2026-05-18 14:55:47 [INFO] idaes.apps.grid_integration.pricetaker.price_taker_model: Found minimum uptime/downtime data for pretreatment.uf_pumps[1] - Adding minimum uptime/downtime constraints.
2026-05-18 14:55:47 [INFO] idaes.apps.grid_integration.pricetaker.price_taker_model: Created startup/shutdown constraints for operation model  pretreatment.uf_pumps[1] at uf_pumps_1_startup_shutdown.
2026-05-18 14:55:47 [INFO] idaes.apps.grid_integration.pricetaker.price_taker_model: Found minimum uptime/downtime data for pretreatment.uf_pumps[2] - Adding minimum uptime/downtime constraints.
2026-05-18 14:55:47 [INFO] idaes.apps.grid_integration.pricetaker.price_taker_model: Created startup/shutdown constraints for operation model  pretreatment.uf_pumps[2] at uf_pumps_2_startup_shutdown.
2026-05-18 14:55:47 [INFO] idaes.apps.grid_integration.pricetaker.price_taker_model: Found minimum uptime/downtime data for pretreatment.uf_pumps[3] - Adding minimum uptime/downtime constraints.
2026-05-18 14:55:47 [INFO] idaes.apps.grid_integration.pricetaker.price_taker_model: Created startup/shutdown constraints for operation model  pretreatment.uf_pumps[3] at uf_pumps_3_startup_shutdown.
2026-05-18 14:55:47 [INFO] idaes.apps.grid_integration.pricetaker.price_taker_model: Found minimum uptime/downtime data for reverse_osmosis.ro_skid[1] - Adding minimum uptime/downtime constraints.
2026-05-18 14:55:47 [INFO] idaes.apps.grid_integration.pricetaker.price_taker_model: Created startup/shutdown constraints for operation model  reverse_osmosis.ro_skid[1] at ro_skid_1_startup_shutdown.
2026-05-18 14:55:47 [INFO] idaes.apps.grid_integration.pricetaker.price_taker_model: Found minimum uptime/downtime data for reverse_osmosis.ro_skid[2] - Adding minimum uptime/downtime constraints.
2026-05-18 14:55:47 [INFO] idaes.apps.grid_integration.pricetaker.price_taker_model: Created startup/shutdown constraints for operation model  reverse_osmosis.ro_skid[2] at ro_skid_2_startup_shutdown.
2026-05-18 14:55:47 [INFO] idaes.apps.grid_integration.pricetaker.price_taker_model: Found minimum uptime/downtime data for reverse_osmosis.ro_skid[3] - Adding minimum uptime/downtime constraints.
2026-05-18 14:55:48 [INFO] idaes.apps.grid_integration.pricetaker.price_taker_model: Created startup/shutdown constraints for operation model  reverse_osmosis.ro_skid[3] at ro_skid_3_startup_shutdown.
2026-05-18 14:55:48 [INFO] idaes.apps.grid_integration.pricetaker.price_taker_model: Found minimum uptime/downtime data for reverse_osmosis.ro_skid[4] - Adding minimum uptime/downtime constraints.
2026-05-18 14:55:48 [INFO] idaes.apps.grid_integration.pricetaker.price_taker_model: Created startup/shutdown constraints for operation model  reverse_osmosis.ro_skid[4] at ro_skid_4_startup_shutdown.
3864
Set parameter LogToConsole to value 1
Set parameter MIPGap to value 0.001
Gurobi Optimizer version 12.0.3 build v12.0.3rc0 (linux64 - "Red Hat Enterprise Linux 8.8 (Ootpa)")

CPU model: Intel(R) Xeon(R) Platinum 8470Q, instruction set [SSE2|AVX|AVX2|AVX512]
Thread count: 104 physical cores, 104 logical processors, using up to 32 threads

Non-default parameters:
MIPGap  0.001

Optimize a model with 18119 rows, 14955 columns and 45825 nonzeros
Model fingerprint: 0x73917ed5
Model has 168 quadratic objective terms
Model has 2352 quadratic constraints
Variable types: 11091 continuous, 3864 integer (3864 binary)
Coefficient statistics:
  Matrix range     [3e-02, 2e+03]
  QMatrix range    [2e-07, 1e+00]
  QLMatrix range   [1e-04, 1e+00]
  Objective range  [7e-06, 5e-03]
  QObjective range [2e-04, 2e-04]
  Bounds range     [1e+00, 1e+03]
  RHS range        [1e+00, 3e+05]
  QRHS range       [2e-01, 3e-01]
Presolve removed 18103 rows and 14927 columns
Presolve time: 0.06s
Presolved: 65 rows, 29 columns, 172 nonzeros
Presolved model has 14 bilinear constraint(s)

Solving non-convex MIQCP

Variable types: 27 continuous, 2 integer (2 binary)
Found heuristic solution: objective 11.1046030

Root relaxation: objective 1.056658e+01, 27 iterations, 0.00 seconds (0.00 work units)

    Nodes    |    Current Node    |     Objective Bounds      |     Work
 Expl Unexpl |  Obj  Depth IntInf | Incumbent    BestBd   Gap | It/Node Time

     0     0   10.56658    0    9   11.10460   10.56658  4.85%     -    0s
     0     0   10.58293    0   12   11.10460   10.58293  4.70%     -    0s
H    0     0                      11.1046030   10.58293  4.70%     -    0s
     0     0   10.94421    0   12   11.10460   10.94421  1.44%     -    0s
     0     0   10.96143    0   13   11.10460   10.96143  1.29%     -    0s
     0     0   10.96451    0   13   11.10460   10.96451  1.26%     -    0s
     0     0   11.03450    0    8   11.10460   11.03450  0.63%     -    0s
H    0     0                      11.0449737   11.03450  0.09%     -    0s

Explored 1 nodes (65 simplex iterations) in 0.07 seconds (0.13 work units)
Thread count was 32 (of 104 available processors)

Solution count 2: 11.045 11.1046 

Optimal solution found (tolerance 1.00e-03)
Best objective 1.104497374339e+01, best bound 1.103449518925e+01, gap 0.0949%
m.flow_changes_penalty(): 0.0
Total operational cost: 110449.74
{'fixed_demand_cost': 4757.59956564128, 'variable_demand_cost': 2555.1190287719332, 'fixed_monthly_cost': 171938.17204301074, 'total_water_production': 282179.6712328764, 'total_energy_cost': 17692.505958320562, 'total_demand_cost': 7312.7185944132125, 'total_customer_cost': 0.0, 'total_feed_cost': 50843.18400592369, 'total_brine_cost': 15303.798385783013, 'total_chemical_cost': 19297.530489448236, 'total_water_revenue': 0.0, 'total_demand_response_revenue': 0.0, 'total_emissions_cost': 0.0, 'total_op_cost': 110449.73743388872, 'fixed_cost': 121551.98252688172, 'total_cost': 232001.71996077045, 'LCOW': 0.822177299119839}
Saved operation variable results to: /home/rchurchi/watertap_test/watertap/tutorials/flex_ro/wrd_result_winter_no_flex_0_flexible_trains.csv
2026-05-18 14:55:51 [INFO] idaes.core.surrogate.pysmo_surrogate: Decode surrogate. type=poly

===========================Polynomial Regression===============================================

The number of cross-validation cases (3) is used.
The default training/cross-validation split of 0.75 is used.
No iterations will be run.
Default parameter estimation method is used.
Parameter estimation method:  pyomo 

2026-05-18 14:55:51 [INFO] idaes.core.surrogate.pysmo_surrogate: Decode surrogate. type=poly

===========================Polynomial Regression===============================================

The number of cross-validation cases (3) is used.
The default training/cross-validation split of 0.75 is used.
No iterations will be run.
Default parameter estimation method is used.
Parameter estimation method:  pyomo 

2026-05-18 14:55:51 [INFO] idaes.core.surrogate.pysmo_surrogate: Decode surrogate. type=poly

===========================Polynomial Regression===============================================

The number of cross-validation cases (3) is used.
The default training/cross-validation split of 0.75 is used.
No iterations will be run.
Default parameter estimation method is used.
Parameter estimation method:  pyomo 

2026-05-18 14:55:51 [INFO] idaes.core.surrogate.pysmo_surrogate: Decode surrogate. type=poly

===========================Polynomial Regression===============================================

The number of cross-validation cases (3) is used.
The default training/cross-validation split of 0.75 is used.
No iterations will be run.
Default parameter estimation method is used.
Parameter estimation method:  pyomo 

2026-05-18 14:55:53 [INFO] idaes.apps.grid_integration.pricetaker.price_taker_model: Found minimum uptime/downtime data for pretreatment.uf_pumps[1] - Adding minimum uptime/downtime constraints.
2026-05-18 14:55:53 [INFO] idaes.apps.grid_integration.pricetaker.price_taker_model: Created startup/shutdown constraints for operation model  pretreatment.uf_pumps[1] at uf_pumps_1_startup_shutdown.
2026-05-18 14:55:53 [INFO] idaes.apps.grid_integration.pricetaker.price_taker_model: Found minimum uptime/downtime data for pretreatment.uf_pumps[2] - Adding minimum uptime/downtime constraints.
2026-05-18 14:55:53 [INFO] idaes.apps.grid_integration.pricetaker.price_taker_model: Created startup/shutdown constraints for operation model  pretreatment.uf_pumps[2] at uf_pumps_2_startup_shutdown.
2026-05-18 14:55:53 [INFO] idaes.apps.grid_integration.pricetaker.price_taker_model: Found minimum uptime/downtime data for pretreatment.uf_pumps[3] - Adding minimum uptime/downtime constraints.
2026-05-18 14:55:53 [INFO] idaes.apps.grid_integration.pricetaker.price_taker_model: Created startup/shutdown constraints for operation model  pretreatment.uf_pumps[3] at uf_pumps_3_startup_shutdown.
2026-05-18 14:55:53 [INFO] idaes.apps.grid_integration.pricetaker.price_taker_model: Found minimum uptime/downtime data for reverse_osmosis.ro_skid[1] - Adding minimum uptime/downtime constraints.
2026-05-18 14:55:53 [INFO] idaes.apps.grid_integration.pricetaker.price_taker_model: Created startup/shutdown constraints for operation model  reverse_osmosis.ro_skid[1] at ro_skid_1_startup_shutdown.
2026-05-18 14:55:53 [INFO] idaes.apps.grid_integration.pricetaker.price_taker_model: Found minimum uptime/downtime data for reverse_osmosis.ro_skid[2] - Adding minimum uptime/downtime constraints.
2026-05-18 14:55:53 [INFO] idaes.apps.grid_integration.pricetaker.price_taker_model: Created startup/shutdown constraints for operation model  reverse_osmosis.ro_skid[2] at ro_skid_2_startup_shutdown.
2026-05-18 14:55:53 [INFO] idaes.apps.grid_integration.pricetaker.price_taker_model: Found minimum uptime/downtime data for reverse_osmosis.ro_skid[3] - Adding minimum uptime/downtime constraints.
2026-05-18 14:55:53 [INFO] idaes.apps.grid_integration.pricetaker.price_taker_model: Created startup/shutdown constraints for operation model  reverse_osmosis.ro_skid[3] at ro_skid_3_startup_shutdown.
2026-05-18 14:55:53 [INFO] idaes.apps.grid_integration.pricetaker.price_taker_model: Found minimum uptime/downtime data for reverse_osmosis.ro_skid[4] - Adding minimum uptime/downtime constraints.
2026-05-18 14:55:53 [INFO] idaes.apps.grid_integration.pricetaker.price_taker_model: Created startup/shutdown constraints for operation model  reverse_osmosis.ro_skid[4] at ro_skid_4_startup_shutdown.
2689
Set parameter LogToConsole to value 1
Set parameter MIPGap to value 0.001
Gurobi Optimizer version 12.0.3 build v12.0.3rc0 (linux64 - "Red Hat Enterprise Linux 8.8 (Ootpa)")

CPU model: Intel(R) Xeon(R) Platinum 8470Q, instruction set [SSE2|AVX|AVX2|AVX512]
Thread count: 104 physical cores, 104 logical processors, using up to 32 threads

Non-default parameters:
MIPGap  0.001

Optimize a model with 18118 rows, 14955 columns and 44649 nonzeros
Model fingerprint: 0x1c0cbed1
Model has 168 quadratic objective terms
Model has 2352 quadratic constraints
Variable types: 11091 continuous, 3864 integer (3864 binary)
Coefficient statistics:
  Matrix range     [3e-02, 2e+03]
  QMatrix range    [2e-07, 1e+00]
  QLMatrix range   [1e-04, 1e+00]
  Objective range  [1e-05, 5e-03]
  QObjective range [2e-04, 2e-04]
  Bounds range     [1e+00, 1e+03]
  RHS range        [1e+00, 3e+05]
  QRHS range       [2e-01, 3e-01]
Presolve removed 13204 rows and 9724 columns
Presolve time: 0.09s
Presolved: 13146 rows, 5232 columns, 34920 nonzeros
Presolved model has 2352 bilinear constraint(s)

Solving non-convex MIQCP

Variable types: 3734 continuous, 1498 integer (1498 binary)
Found heuristic solution: objective 12.0033582

Root relaxation: objective 1.129521e+01, 10638 iterations, 0.84 seconds (1.56 work units)

    Nodes    |    Current Node    |     Objective Bounds      |     Work
 Expl Unexpl |  Obj  Depth IntInf | Incumbent    BestBd   Gap | It/Node Time

     0     0   11.29521    0 1986   12.00336   11.29521  5.90%     -    1s
     0     0   11.78562    0 1810   12.00336   11.78562  1.81%     -    1s
     0     0   11.79841    0 1879   12.00336   11.79841  1.71%     -    1s
     0     0   11.80301    0 1823   12.00336   11.80301  1.67%     -    1s
     0     0   11.80636    0 1762   12.00336   11.80636  1.64%     -    1s
     0     0   11.80662    0 1661   12.00336   11.80662  1.64%     -    2s
     0     0   11.80692    0 2035   12.00336   11.80692  1.64%     -    2s
     0     0   11.80696    0 2041   12.00336   11.80696  1.64%     -    2s
     0     0   11.85802    0 2048   12.00336   11.85802  1.21%     -    2s
H    0     0                      11.9242407   11.85802  0.56%     -    4s
     0     0   11.85802    0 1871   11.92424   11.85802  0.56%     -    5s
     0     0   11.88076    0 2206   11.92424   11.88076  0.36%     -    5s
     0     0   11.88257    0 2174   11.92424   11.88257  0.35%     -    5s
     0     0   11.89070    0 2206   11.92424   11.89070  0.28%     -    5s
     0     0   11.89070    0 2206   11.92424   11.89070  0.28%     -    5s
     0     0   11.89237    0 2185   11.92424   11.89237  0.27%     -    6s
     0     0   11.89237    0 2185   11.92424   11.89237  0.27%     -    6s
     0     0   11.89280    0 2201   11.92424   11.89280  0.26%     -    6s
     0     0   11.89280    0 2199   11.92424   11.89280  0.26%     -    6s
     0     0   11.89286    0 2203   11.92424   11.89286  0.26%     -    6s
     0     0   11.89300    0 2203   11.92424   11.89300  0.26%     -    6s
     0     0   11.89300    0 2203   11.92424   11.89300  0.26%     -    6s
     0     0   11.89300    0 2203   11.92424   11.89300  0.26%     -    6s
     0     0   11.89300    0 2203   11.92424   11.89300  0.26%     -    6s
     0     0   11.89389    0 1616   11.92424   11.89389  0.25%     -    6s
H    0     0                      11.9225121   11.89389  0.24%     -    6s
     0     2   11.89389    0 1616   11.92251   11.89389  0.24%     -    7s
H  115   204                      11.9225121   11.89392  0.24%  72.3    7s
  3309  3369   11.89449  100 1905   11.92251   11.89392  0.24%  29.5   10s
H 3511  3369                      11.9225121   11.89394  0.24%  28.6   10s
  8935  9208   11.89528  276 1772   11.92251   11.89398  0.24%  20.1   30s
H14165 13928                      11.9225121   11.89398  0.24%  19.0   34s
H14229 13928                      11.9225114   11.89398  0.24%  19.2   34s
 14270 14538   11.89662  450 2014   11.92251   11.89398  0.24%  19.2   35s
 14917 14552   11.90118  391  186   11.92251   11.90080  0.18%  21.6   40s
 14941 14570   11.91013  267  181   11.92251   11.90231  0.17%  22.5   45s
 14946 14576   11.90251   31 1823   11.92251   11.90251  0.17%  23.3   66s
 15149 14732   11.90257   39 1823   11.92251   11.90257  0.17%  28.3   70s
 16805 15655   11.90948   61 1777   11.92251   11.90348  0.16%  48.3   75s
 22497 19019   11.90616  117 1597   11.92251   11.90589  0.14%  52.6   80s
 31488 24445   11.90893  179 1703   11.92251   11.90653  0.13%  53.0   85s
 42616 31034   11.91505  287 1711   11.92251   11.90714  0.13%  52.0   90s
H45792 31351                      11.9225113   11.90714  0.13%  51.3   91s
 51992 35303   11.91537  323 1801   11.92251   11.90723  0.13%  49.8   95s
 58650 38404   11.91798  122  214   11.92251   11.90729  0.13%  49.4  110s
 58658 38409   11.91903  233  182   11.92251   11.90729  0.13%  49.4  115s
 58660 38414   11.90729   41 1545   11.92251   11.90729  0.13%  49.6  133s
 58662 38415   11.90729   42 1776   11.92251   11.90729  0.13%  49.6  136s
 58831 38504   11.91031   51 1630   11.92251   11.90729  0.13%  51.4  140s
 59184 38655   11.91722   64 1537   11.92251   11.90729  0.13%  53.7  145s
 59802 38896   11.91852   89 1790   11.92251   11.90729  0.13%  56.7  150s
 60643 39314   11.91980  112 1494   11.92251   11.90729  0.13%  60.5  155s
 61894 39980   11.91783   88 1541   11.92251   11.90729  0.13%  64.7  160s
 63727 40966     cutoff  129        11.92251   11.90729  0.13%  70.3  165s
 65700 42482   11.91448   93 1726   11.92251   11.90729  0.13%  74.4  170s
 70174 45618   11.91659  193 1488   11.92251   11.90729  0.13%  77.8  175s
 74471 47484   11.92026  106 1815   11.92251   11.90729  0.13%  81.3  180s
 78438 49880   11.91833  305 1934   11.92251   11.90733  0.13%  86.3  185s
H81631 49538                      11.9225073   11.90733  0.13%  88.3  188s
 82489 50486   11.91618  265 1367   11.92251   11.90733  0.13%  89.1  190s
 87434 52366   11.91287   73 1673   11.92251   11.90749  0.13%  94.3  196s
 89738 53739   11.91812   95 1511   11.92251   11.90758  0.13%  98.0  200s
 94161 56607   11.91643   88 1607   11.92251   11.90761  0.12%   103  205s
 96329 57444   11.91923  158 1541   11.92251   11.90775  0.12%   105  210s
H96754 55478                      11.9225053   11.90775  0.12%   105  210s
 101131 57105   11.91385   89 1556   11.92251   11.90781  0.12%   111  216s
 104669 58128   11.91479   96 1464   11.92251   11.90781  0.12%   116  221s
H104835 56340                      11.9225053   11.90825  0.12%   116  221s
H105333 54527                      11.9225053   11.90828  0.12%   117  221s
 108493 59004   11.91492  104 1300   11.92251   11.90829  0.12%   119  227s
H113796 58739                      11.9225049   11.90829  0.12%   120  229s
 115281 59885   11.91546  114 1340   11.92250   11.90829  0.12%   120  232s
 120115 61886   11.91591  121 1354   11.92250   11.90836  0.12%   124  237s
 121824 62530   11.91647  125 1375   11.92250   11.90836  0.12%   128  240s
 126143 65631   11.91972  100 1479   11.92250   11.90841  0.12%   136  248s
 129460 66310     cutoff  154        11.92250   11.90841  0.12%   139  251s
 131746 66090   11.91434  121 1462   11.92250   11.90841  0.12%   144  255s
 132890 67165   11.91591  134 1691   11.92250   11.90841  0.12%   150  260s
 134785 68910   11.91606  139 1804   11.92250   11.90841  0.12%   157  265s
 137876 71057   11.91607  146 1801   11.92250   11.90841  0.12%   163  270s
 141828 70820   11.91614  153 1602   11.92250   11.90902  0.11%   168  275s
 143565 70696   11.91661  163 1316   11.92250   11.90902  0.11%   175  280s
 144520 71449   11.91666  172 1396   11.92250   11.90902  0.11%   182  286s
 146437 72852   11.91651   98 1593   11.92250   11.90913  0.11%   191  290s
 149538 73706   11.91528  122 1459   11.92250   11.90913  0.11%   194  295s
 151642 76067   11.91909  214 1448   11.92250   11.90913  0.11%   198  301s
 154915 78618   11.91858  189 1419   11.92250   11.90936  0.11%   204  306s
 158309 82834     cutoff  210        11.92250   11.90945  0.11%   209  312s
 163708 88072   11.91994  260 1696   11.92250   11.90954  0.11%   210  317s
 169733 89957     cutoff  185        11.92250   11.90963  0.11%   209  321s
 172183 93366     cutoff  137        11.92250   11.90963  0.11%   212  325s
 176414 95198   11.91634  144 1845   11.92250   11.90967  0.11%   213  330s
 178696 103508   11.91527  142 1333   11.92250   11.90986  0.11%   214  337s
 187861 108587   11.91622  167 1584   11.92250   11.90986  0.11%   211  340s
 196719 115179     cutoff  201        11.92250   11.90997  0.11%   208  346s
 202686 117524     cutoff  106        11.92250   11.91003  0.10%   207  352s
 204144 118641   11.91803  113 1791   11.92250   11.91003  0.10%   209  356s
 205949 121473   11.91570  198 1512   11.92250   11.91010  0.10%   211  360s
 214319 127223   11.91510   90 1409   11.92250   11.91013  0.10%   212  367s
 216334 129296   11.91690  134 1576   11.92250   11.91013  0.10%   214  372s
 218890 131040   11.91600  116 1522   11.92250   11.91013  0.10%   215  375s
 223228 136128   11.91801  163 1492   11.92250   11.91013  0.10%   220  384s
 228121 138053   11.91571  153 1648   11.92250   11.91020  0.10%   220  389s
 230692 141364   11.91377   63 1784   11.92250   11.91020  0.10%   222  393s
 234611 143849 infeasible  239        11.92250   11.91020  0.10%   223  397s
 238024 147239   11.91554  145 1491   11.92250   11.91020  0.10%   224  402s
 242021 150745   11.91605  177 1825   11.92250   11.91020  0.10%   225  406s
 246153 152786   11.92085  557 1608   11.92250   11.91020  0.10%   224  410s
 250523 155973   11.91515   87 1515   11.92250   11.91031  0.10%   227  417s
 253373 158876   11.91926  207 1805   11.92250   11.91031  0.10%   228  422s
 257183 160155     cutoff  135        11.92250   11.91031  0.10%   229  426s
 259227 161055   11.91544  160 1606   11.92250   11.91031  0.10%   230  430s
 261444 162199   11.91903  218 1863   11.92250   11.91031  0.10%   232  435s
 263585 166063     cutoff  138        11.92250   11.91031  0.10%   235  440s
 272958 172004   11.91690  425 1680   11.92250   11.91032  0.10%   235  448s
 275595 174500   11.91580  237 1743   11.92250   11.91032  0.10%   235  451s
 278780 175609   11.91856  411 1103   11.92250   11.91032  0.10%   236  455s
 282496 178872   11.92071  172 1432   11.92250   11.91032  0.10%   239  463s
 285041 180544   11.91642  241 1276   11.92250   11.91032  0.10%   241  468s
 287303 184573   11.91610  214 1526   11.92250   11.91045  0.10%   243  473s
 292342 187697   11.91796  311 1841   11.92250   11.91045  0.10%   243  478s
 296192 189894   11.91802  238 1523   11.92250   11.91045  0.10%   243  482s
[2026-05-18T15:03:58.034] error: *** JOB 13893955 ON x1008c4s4b0n1 CANCELLED AT 2026-05-18T15:03:58 DUE to SIGNAL Terminated ***
