2026-05-18 17:17:48 [INFO] idaes.core.surrogate.pysmo_surrogate: Decode surrogate. type=poly

===========================Polynomial Regression===============================================

The number of cross-validation cases (3) is used.
The default training/cross-validation split of 0.75 is used.
No iterations will be run.
Default parameter estimation method is used.
Parameter estimation method:  pyomo 

2026-05-18 17:17:48 [INFO] idaes.core.surrogate.pysmo_surrogate: Decode surrogate. type=poly

===========================Polynomial Regression===============================================

The number of cross-validation cases (3) is used.
The default training/cross-validation split of 0.75 is used.
No iterations will be run.
Default parameter estimation method is used.
Parameter estimation method:  pyomo 

2026-05-18 17:17:48 [INFO] idaes.core.surrogate.pysmo_surrogate: Decode surrogate. type=poly

===========================Polynomial Regression===============================================

The number of cross-validation cases (3) is used.
The default training/cross-validation split of 0.75 is used.
No iterations will be run.
Default parameter estimation method is used.
Parameter estimation method:  pyomo 

2026-05-18 17:17:48 [INFO] idaes.core.surrogate.pysmo_surrogate: Decode surrogate. type=poly

===========================Polynomial Regression===============================================

The number of cross-validation cases (3) is used.
The default training/cross-validation split of 0.75 is used.
No iterations will be run.
Default parameter estimation method is used.
Parameter estimation method:  pyomo 

2026-05-18 17:17:50 [INFO] idaes.apps.grid_integration.pricetaker.price_taker_model: Found minimum uptime/downtime data for pretreatment.uf_pumps[1] - Adding minimum uptime/downtime constraints.
2026-05-18 17:17:50 [INFO] idaes.apps.grid_integration.pricetaker.price_taker_model: Created startup/shutdown constraints for operation model  pretreatment.uf_pumps[1] at uf_pumps_1_startup_shutdown.
2026-05-18 17:17:50 [INFO] idaes.apps.grid_integration.pricetaker.price_taker_model: Found minimum uptime/downtime data for pretreatment.uf_pumps[2] - Adding minimum uptime/downtime constraints.
2026-05-18 17:17:50 [INFO] idaes.apps.grid_integration.pricetaker.price_taker_model: Created startup/shutdown constraints for operation model  pretreatment.uf_pumps[2] at uf_pumps_2_startup_shutdown.
2026-05-18 17:17:50 [INFO] idaes.apps.grid_integration.pricetaker.price_taker_model: Found minimum uptime/downtime data for pretreatment.uf_pumps[3] - Adding minimum uptime/downtime constraints.
2026-05-18 17:17:50 [INFO] idaes.apps.grid_integration.pricetaker.price_taker_model: Created startup/shutdown constraints for operation model  pretreatment.uf_pumps[3] at uf_pumps_3_startup_shutdown.
2026-05-18 17:17:50 [INFO] idaes.apps.grid_integration.pricetaker.price_taker_model: Found minimum uptime/downtime data for reverse_osmosis.ro_skid[1] - Adding minimum uptime/downtime constraints.
2026-05-18 17:17:50 [INFO] idaes.apps.grid_integration.pricetaker.price_taker_model: Created startup/shutdown constraints for operation model  reverse_osmosis.ro_skid[1] at ro_skid_1_startup_shutdown.
2026-05-18 17:17:50 [INFO] idaes.apps.grid_integration.pricetaker.price_taker_model: Found minimum uptime/downtime data for reverse_osmosis.ro_skid[2] - Adding minimum uptime/downtime constraints.
2026-05-18 17:17:50 [INFO] idaes.apps.grid_integration.pricetaker.price_taker_model: Created startup/shutdown constraints for operation model  reverse_osmosis.ro_skid[2] at ro_skid_2_startup_shutdown.
2026-05-18 17:17:50 [INFO] idaes.apps.grid_integration.pricetaker.price_taker_model: Found minimum uptime/downtime data for reverse_osmosis.ro_skid[3] - Adding minimum uptime/downtime constraints.
2026-05-18 17:17:50 [INFO] idaes.apps.grid_integration.pricetaker.price_taker_model: Created startup/shutdown constraints for operation model  reverse_osmosis.ro_skid[3] at ro_skid_3_startup_shutdown.
2026-05-18 17:17:50 [INFO] idaes.apps.grid_integration.pricetaker.price_taker_model: Found minimum uptime/downtime data for reverse_osmosis.ro_skid[4] - Adding minimum uptime/downtime constraints.
2026-05-18 17:17:50 [INFO] idaes.apps.grid_integration.pricetaker.price_taker_model: Created startup/shutdown constraints for operation model  reverse_osmosis.ro_skid[4] at ro_skid_4_startup_shutdown.
3361
Set parameter TokenServer to value "10.60.1.73"
Set parameter LogToConsole to value 1
Set parameter MIPGap to value 0.015
Gurobi Optimizer version 12.0.3 build v12.0.3rc0 (linux64 - "Red Hat Enterprise Linux 8.8 (Ootpa)")

CPU model: Intel(R) Xeon(R) Platinum 8470QL, instruction set [SSE2|AVX|AVX2|AVX512]
Thread count: 104 physical cores, 104 logical processors, using up to 32 threads

Non-default parameters:
MIPGap  0.015

Optimize a model with 18125 rows, 15635 columns and 46671 nonzeros
Model fingerprint: 0xb62badbd
Model has 2352 quadratic constraints
Model has 1 general nonlinear constraint (168 nonlinear terms)
Variable types: 11097 continuous, 4538 integer (4538 binary)
Coefficient statistics:
  Matrix range     [2e-02, 2e+03]
  QMatrix range    [2e-07, 1e+00]
  QLMatrix range   [1e-04, 1e+00]
  Objective range  [1e+00, 1e+00]
  Bounds range     [1e+00, 1e+03]
  RHS range        [1e+00, 3e+05]
  QRHS range       [2e-01, 3e-01]
Presolve model has 1 nlconstr
Added 4 variables to disaggregate expressions.
Presolve removed 9732 rows and 8420 columns
Presolve time: 0.22s
Presolved: 16646 rows, 7220 columns, 44010 nonzeros
Presolved model has 2354 bilinear constraint(s)
Presolved model has 2 nonlinear constraint(s)

Solving non-convex MINLP

Variable types: 4713 continuous, 2507 integer (2507 binary)
Found heuristic solution: objective 11.2038340

Root simplex log...

Iteration    Objective       Primal Inf.    Dual Inf.      Time
   25724    1.0118563e+01   0.000000e+00   3.239461e-01      5s
   26418    1.0117842e+01   0.000000e+00   0.000000e+00      5s

Root relaxation: objective 1.011784e+01, 26418 iterations, 4.82 seconds (6.97 work units)
Total elapsed time = 5.17s (DegenMoves)

    Nodes    |    Current Node    |     Objective Bounds      |     Work
 Expl Unexpl |  Obj  Depth IntInf | Incumbent    BestBd   Gap | It/Node Time

     0     0   10.11784    0 2863   11.20383   10.11784  9.69%     -    5s
     0     0   10.33041    0 2079   11.20383   10.33041  7.80%     -    6s
     0     0   10.34156    0 2076   11.20383   10.34156  7.70%     -    6s
     0     0   10.90970    0 2067   11.20383   10.90970  2.63%     -    9s
     0     0   10.91484    0 2033   11.20383   10.91484  2.58%     -   10s
     0     0   10.95655    0 2242   11.20383   10.95655  2.21%     -   10s
     0     0   10.95748    0 2246   11.20383   10.95748  2.20%     -   10s
     0     0   10.95813    0 2256   11.20383   10.95813  2.19%     -   10s
     0     0   10.98874    0 2578   11.20383   10.98874  1.92%     -   12s
     0     0   10.99685    0 2447   11.20383   10.99685  1.85%     -   14s
     0     0   10.99818    0 2679   11.20383   10.99818  1.84%     -   14s
     0     0   11.00095    0 2708   11.20383   11.00095  1.81%     -   15s
     0     0   11.00274    0 2665   11.20383   11.00274  1.79%     -   15s
     0     0   11.00456    0 2650   11.20383   11.00456  1.78%     -   16s
     0     0   11.00534    0 2635   11.20383   11.00534  1.77%     -   16s
     0     0   11.00667    0 2708   11.20383   11.00667  1.76%     -   16s
     0     0   11.00683    0 2675   11.20383   11.00683  1.76%     -   16s
     0     0   11.01233    0 2693   11.20383   11.01233  1.71%     -   17s
     0     0   11.01287    0 2689   11.20383   11.01287  1.70%     -   17s
     0     0   11.01378    0 2665   11.20383   11.01378  1.70%     -   17s
     0     0          -    0        11.20383   11.09748  0.95%     -   19s

Cutting planes:
  Cover: 79
  Implied bound: 411
  Clique: 46
  MIR: 103
  Flow cover: 532
  RLT: 1259
  Relax-and-lift: 179
  BQP: 13

Explored 1 nodes (82525 simplex iterations) in 19.80 seconds (29.62 work units)
Thread count was 32 (of 104 available processors)

Solution count 1: 11.2038 

Optimal solution found (tolerance 1.50e-02)
Best objective 1.120383403896e+01, best bound 1.109748453510e+01, gap 0.9492%
m.flow_changes_penalty(): 0.0
Total operational cost: 112038.34
Maximum power (kW): 1105.86
Discharge energy capacity (kWh): 147.92
Charge energy capacity (kWh): 2379.76
Levelized Cost of Flexibility ($/kWh): -4.03
{'fixed_demand_cost': 4870.166557320692, 'variable_demand_cost': 2615.590796982994, 'fixed_monthly_cost': 171938.17204301074, 'total_water_production': 282179.6712548452, 'total_energy_cost': 18115.759430134083, 'total_demand_cost': 7485.757354303686, 'total_customer_cost': 0.0, 'total_feed_cost': 50843.18401230207, 'total_brine_cost': 15303.79839347874, 'total_chemical_cost': 19297.530491452813, 'raw_degree_of_flex': 0.0, 'degree_of_flex': 0.0, 'total_replacement_cost': 992.3107078853046, 'total_water_revenue': 0.0, 'total_demand_response_revenue': -0.0, 'total_emissions_cost': 0.0, 'total_op_cost': 112038.34038955669, 'fixed_cost': 121551.98252688172, 'total_cost': 233590.3229164384, 'LCOW': 0.8278070559713556, 'maximum_power': 1105.862867124038, 'energy_capacity': 147.91739244712699, 'power_capacity': 6.431190975962043, 'round_trip_efficiency': 0, 'LVOF': -4.030669191018746}
Saved operation variable results to: /home/rchurchi/watertap_test/watertap/tutorials/flex_ro/wrd_result_winter_no_flex_2_flexible_trains.csv
2026-05-18 17:18:13 [INFO] idaes.core.surrogate.pysmo_surrogate: Decode surrogate. type=poly

===========================Polynomial Regression===============================================

The number of cross-validation cases (3) is used.
The default training/cross-validation split of 0.75 is used.
No iterations will be run.
Default parameter estimation method is used.
Parameter estimation method:  pyomo 

2026-05-18 17:18:13 [INFO] idaes.core.surrogate.pysmo_surrogate: Decode surrogate. type=poly

===========================Polynomial Regression===============================================

The number of cross-validation cases (3) is used.
The default training/cross-validation split of 0.75 is used.
No iterations will be run.
Default parameter estimation method is used.
Parameter estimation method:  pyomo 

2026-05-18 17:18:13 [INFO] idaes.core.surrogate.pysmo_surrogate: Decode surrogate. type=poly

===========================Polynomial Regression===============================================

The number of cross-validation cases (3) is used.
The default training/cross-validation split of 0.75 is used.
No iterations will be run.
Default parameter estimation method is used.
Parameter estimation method:  pyomo 

2026-05-18 17:18:13 [INFO] idaes.core.surrogate.pysmo_surrogate: Decode surrogate. type=poly

===========================Polynomial Regression===============================================

The number of cross-validation cases (3) is used.
The default training/cross-validation split of 0.75 is used.
No iterations will be run.
Default parameter estimation method is used.
Parameter estimation method:  pyomo 

2026-05-18 17:18:15 [INFO] idaes.apps.grid_integration.pricetaker.price_taker_model: Found minimum uptime/downtime data for pretreatment.uf_pumps[1] - Adding minimum uptime/downtime constraints.
2026-05-18 17:18:15 [INFO] idaes.apps.grid_integration.pricetaker.price_taker_model: Created startup/shutdown constraints for operation model  pretreatment.uf_pumps[1] at uf_pumps_1_startup_shutdown.
2026-05-18 17:18:15 [INFO] idaes.apps.grid_integration.pricetaker.price_taker_model: Found minimum uptime/downtime data for pretreatment.uf_pumps[2] - Adding minimum uptime/downtime constraints.
2026-05-18 17:18:15 [INFO] idaes.apps.grid_integration.pricetaker.price_taker_model: Created startup/shutdown constraints for operation model  pretreatment.uf_pumps[2] at uf_pumps_2_startup_shutdown.
2026-05-18 17:18:15 [INFO] idaes.apps.grid_integration.pricetaker.price_taker_model: Found minimum uptime/downtime data for pretreatment.uf_pumps[3] - Adding minimum uptime/downtime constraints.
2026-05-18 17:18:15 [INFO] idaes.apps.grid_integration.pricetaker.price_taker_model: Created startup/shutdown constraints for operation model  pretreatment.uf_pumps[3] at uf_pumps_3_startup_shutdown.
2026-05-18 17:18:15 [INFO] idaes.apps.grid_integration.pricetaker.price_taker_model: Found minimum uptime/downtime data for reverse_osmosis.ro_skid[1] - Adding minimum uptime/downtime constraints.
2026-05-18 17:18:15 [INFO] idaes.apps.grid_integration.pricetaker.price_taker_model: Created startup/shutdown constraints for operation model  reverse_osmosis.ro_skid[1] at ro_skid_1_startup_shutdown.
2026-05-18 17:18:15 [INFO] idaes.apps.grid_integration.pricetaker.price_taker_model: Found minimum uptime/downtime data for reverse_osmosis.ro_skid[2] - Adding minimum uptime/downtime constraints.
2026-05-18 17:18:15 [INFO] idaes.apps.grid_integration.pricetaker.price_taker_model: Created startup/shutdown constraints for operation model  reverse_osmosis.ro_skid[2] at ro_skid_2_startup_shutdown.
2026-05-18 17:18:15 [INFO] idaes.apps.grid_integration.pricetaker.price_taker_model: Found minimum uptime/downtime data for reverse_osmosis.ro_skid[3] - Adding minimum uptime/downtime constraints.
2026-05-18 17:18:15 [INFO] idaes.apps.grid_integration.pricetaker.price_taker_model: Created startup/shutdown constraints for operation model  reverse_osmosis.ro_skid[3] at ro_skid_3_startup_shutdown.
2026-05-18 17:18:15 [INFO] idaes.apps.grid_integration.pricetaker.price_taker_model: Found minimum uptime/downtime data for reverse_osmosis.ro_skid[4] - Adding minimum uptime/downtime constraints.
2026-05-18 17:18:15 [INFO] idaes.apps.grid_integration.pricetaker.price_taker_model: Created startup/shutdown constraints for operation model  reverse_osmosis.ro_skid[4] at ro_skid_4_startup_shutdown.
3361
Set parameter LogToConsole to value 1
Set parameter MIPGap to value 0.015
Gurobi Optimizer version 12.0.3 build v12.0.3rc0 (linux64 - "Red Hat Enterprise Linux 8.8 (Ootpa)")

CPU model: Intel(R) Xeon(R) Platinum 8470QL, instruction set [SSE2|AVX|AVX2|AVX512]
Thread count: 104 physical cores, 104 logical processors, using up to 32 threads

Non-default parameters:
MIPGap  0.015

Optimize a model with 18125 rows, 15635 columns and 46671 nonzeros
Model fingerprint: 0xc7a27107
Model has 2352 quadratic constraints
Model has 1 general nonlinear constraint (168 nonlinear terms)
Variable types: 11097 continuous, 4538 integer (4538 binary)
Coefficient statistics:
  Matrix range     [2e-02, 2e+03]
  QMatrix range    [2e-07, 1e+00]
  QLMatrix range   [1e-04, 1e+00]
  Objective range  [1e+00, 1e+00]
  Bounds range     [1e+00, 1e+03]
  RHS range        [1e+00, 3e+05]
  QRHS range       [2e-01, 3e-01]
Presolve model has 1 nlconstr
Added 4 variables to disaggregate expressions.
Presolve removed 9732 rows and 8420 columns
Presolve time: 0.19s
Presolved: 16646 rows, 7220 columns, 44010 nonzeros
Presolved model has 2354 bilinear constraint(s)
Presolved model has 2 nonlinear constraint(s)

Solving non-convex MINLP

Variable types: 4713 continuous, 2507 integer (2507 binary)
Found heuristic solution: objective 12.1025892

Root relaxation: objective 1.056758e+01, 25073 iterations, 4.60 seconds (6.50 work units)
Total elapsed time = 5.01s (DegenMoves)

    Nodes    |    Current Node    |     Objective Bounds      |     Work
 Expl Unexpl |  Obj  Depth IntInf | Incumbent    BestBd   Gap | It/Node Time

     0     0   10.56758    0 2954   12.10259   10.56758  12.7%     -    5s
     0     0   10.90345    0 2306   12.10259   10.90345  9.91%     -    6s
     0     0   10.96788    0 2258   12.10259   10.96788  9.38%     -    6s
     0     0   10.96932    0 2258   12.10259   10.96932  9.36%     -    6s
     0     0   11.60023    0 2265   12.10259   11.60023  4.15%     -    8s
     0     0   11.60468    0 2259   12.10259   11.60468  4.11%     -    8s
     0     0   11.65219    0 2342   12.10259   11.65219  3.72%     -    9s
     0     0   11.65337    0 2344   12.10259   11.65337  3.71%     -    9s
     0     0   11.70242    0 2433   12.10259   11.70242  3.31%     -   11s
     0     0   11.70258    0 2420   12.10259   11.70258  3.31%     -   11s
     0     0   11.70567    0 2796   12.10259   11.70567  3.28%     -   11s
     0     0   11.71101    0 2521   12.10259   11.71101  3.24%     -   12s
     0     0   11.71164    0 2573   12.10259   11.71164  3.23%     -   12s
     0     0   11.71497    0 2531   12.10259   11.71497  3.20%     -   13s
     0     0   11.71565    0 2556   12.10259   11.71565  3.20%     -   13s
     0     0   11.71741    0 2517   12.10259   11.71741  3.18%     -   13s
     0     0   11.79569    0 2182   12.10259   11.79569  2.54%     -   15s
     0     2   11.79569    0 2174   12.10259   11.79569  2.54%     -   16s
    95   153   11.80350    7 2359   12.10259   11.80153  2.49%   585   21s
   945  1022   11.81632   20 2330   12.10259   11.80153  2.49%   239   25s
  2560  2690   11.83008   44 2228   12.10259   11.80153  2.49%   198   30s
  4616  4735   11.84668   67 2225   12.10259   11.80153  2.49%   193   35s
  6254  6365   11.93924   78 1640   12.10259   11.80515  2.46%   202   40s
  8557  8649   11.90586  103 1885   12.10259   11.80644  2.45%   202   45s
 10302 10358   11.93068  138 1893   12.10259   11.80807  2.43%   203   50s
 12908 12947   11.96787  196 1718   12.10259   11.81083  2.41%   200   55s
H13477 13318                      12.1025881   11.81083  2.41%   199   56s
H13551 13318                      12.1025880   11.81083  2.41%   199   56s
H13607 13318                      12.1025880   11.81083  2.41%   198   56s
H14647 11436                      12.0545132   11.81083  2.02%   195   60s
H14647 10430                      12.0403056   11.81083  1.91%   195   60s
H14647  9080                      12.0296475   11.81083  1.82%   195   60s
H14647  8740                      12.0259707   11.81083  1.79%   195   60s
 14648  8568   12.01288  136 1081   12.02597   11.81083  1.79%   195   67s
 14651  8570   11.93051   25  780   12.02597   11.81083  1.79%   195   71s
 14655  8573   12.00548  128  739   12.02597   11.81375  1.76%   195   75s
 14673  8585   12.01377  182  723   12.02597   11.81639  1.74%   195   80s
 14688  8595   11.98356  113  725   12.02597   11.81672  1.74%   195   85s
 14690  8599   11.81999   12 2121   12.02597   11.81672  1.74%   197  134s
 14692  8602   11.82057   13 2130   12.02597   11.81999  1.71%   198  136s
 14704  8622   11.82533   15 2088   12.02597   11.82139  1.70%   199  141s
H14722  8217                      12.0259700   11.82533  1.67%   202  143s
H14731  7805                      12.0259698   11.82533  1.67%   203  143s
H14732  7417                      12.0255643   11.82533  1.67%   203  143s
 14784  7524   11.83478   18 1977   12.02556   11.82991  1.63%   211  146s
H14829  7140                      12.0255641   11.82991  1.63%   214  146s
H14832  6788                      12.0255638   11.82991  1.63%   214  146s
H14837  6453                      12.0255636   11.82991  1.63%   214  146s
H14863  6127                      12.0252975   11.82991  1.62%   216  146s
 14880  6199   11.84641   20 2361   12.02530   11.82991  1.62%   217  161s
 15120  6334   11.84750   22 2373   12.02530   11.82991  1.62%   225  166s
H15145  6025                      12.0235931   11.82991  1.61%   227  166s
H15200  5721                      12.0235920   11.82991  1.61%   228  166s
 15286  5832   11.84895   23 2360   12.02359   11.82991  1.61%   233  176s
H15464  5612                      12.0235916   11.82991  1.61%   238  178s
H15487  5346                      12.0235910   11.82991  1.61%   239  178s
 15495  5411   11.85254   25 2339   12.02359   11.82991  1.61%   239  180s
 15664  5499   11.93557   26 1584   12.02359   11.82991  1.61%   243  185s

Cutting planes:
  Learned: 46
  Gomory: 13
  Cover: 123
  Implied bound: 434
  MIR: 135
  Mixing: 1
  StrongCG: 2
  Flow cover: 674
  GUB cover: 5
  Zero half: 2
  RLT: 742
  Relax-and-lift: 89

Explored 15755 nodes (3938124 simplex iterations) in 185.04 seconds (404.49 work units)
Thread count was 32 (of 104 available processors)

Solution count 10: 12.0236 12.0236 12.0236 ... 12.026

Optimal solution found (tolerance 1.50e-02)
Best objective 1.202359103863e+01, best bound 1.185257976851e+01, gap 1.4223%
m.flow_changes_penalty(): 1700.0
Total operational cost: 118535.91
Maximum power (kW): 1449.48
Discharge energy capacity (kWh): 27623.63
Charge energy capacity (kWh): 26040.74
Levelized Cost of Flexibility ($/kWh): 0.68
{'fixed_demand_cost': 6487.538823503876, 'variable_demand_cost': 6025.934045734821, 'fixed_monthly_cost': 171938.17204301074, 'total_water_production': 282179.671232877, 'total_energy_cost': 19552.055194485423, 'total_demand_cost': 12513.472869238696, 'total_customer_cost': 0.0, 'total_feed_cost': 50847.6132076556, 'total_brine_cost': 15315.701865437395, 'total_chemical_cost': 19298.44954880766, 'raw_degree_of_flex': 0.16167664670658682, 'degree_of_flex': 0.16167664670658682, 'total_replacement_cost': 1008.6177006503098, 'total_water_revenue': 0.0, 'total_demand_response_revenue': 0.0, 'total_emissions_cost': 0.0, 'total_op_cost': 118535.91038627509, 'fixed_cost': 121551.98252688172, 'total_cost': 240087.89291315683, 'LCOW': 0.8508334135630107, 'maximum_power': 1449.4768391062184, 'energy_capacity': 27623.633211126133, 'power_capacity': 317.5130254152429, 'round_trip_efficiency': 0, 'LVOF': 0.6803626986096957}
Saved operation variable results to: /home/rchurchi/watertap_test/watertap/tutorials/flex_ro/wrd_result_summer_no_flex_2_flexible_trains.csv
Saved summary results to: /home/rchurchi/watertap_test/watertap/tutorials/flex_ro/wrd_pricetaker_summary_results.csv
