2026-05-26 13:34:57 [INFO] idaes.core.surrogate.pysmo_surrogate: Decode surrogate. type=poly

===========================Polynomial Regression===============================================

The number of cross-validation cases (3) is used.
The default training/cross-validation split of 0.75 is used.
No iterations will be run.
Default parameter estimation method is used.
Parameter estimation method:  pyomo 

2026-05-26 13:34:57 [INFO] idaes.core.surrogate.pysmo_surrogate: Decode surrogate. type=poly

===========================Polynomial Regression===============================================

The number of cross-validation cases (3) is used.
The default training/cross-validation split of 0.75 is used.
No iterations will be run.
Default parameter estimation method is used.
Parameter estimation method:  pyomo 

2026-05-26 13:34:57 [INFO] idaes.core.surrogate.pysmo_surrogate: Decode surrogate. type=poly

===========================Polynomial Regression===============================================

The number of cross-validation cases (3) is used.
The default training/cross-validation split of 0.75 is used.
No iterations will be run.
Default parameter estimation method is used.
Parameter estimation method:  pyomo 

2026-05-26 13:34:57 [INFO] idaes.core.surrogate.pysmo_surrogate: Decode surrogate. type=poly

===========================Polynomial Regression===============================================

The number of cross-validation cases (3) is used.
The default training/cross-validation split of 0.75 is used.
No iterations will be run.
Default parameter estimation method is used.
Parameter estimation method:  pyomo 

2026-05-26 13:34:58 [INFO] idaes.apps.grid_integration.pricetaker.price_taker_model: Found minimum uptime/downtime data for pretreatment.uf_pumps[1] - Adding minimum uptime/downtime constraints.
2026-05-26 13:34:58 [INFO] idaes.apps.grid_integration.pricetaker.price_taker_model: Created startup/shutdown constraints for operation model  pretreatment.uf_pumps[1] at uf_pumps_1_startup_shutdown.
2026-05-26 13:34:58 [INFO] idaes.apps.grid_integration.pricetaker.price_taker_model: Found minimum uptime/downtime data for pretreatment.uf_pumps[2] - Adding minimum uptime/downtime constraints.
2026-05-26 13:34:58 [INFO] idaes.apps.grid_integration.pricetaker.price_taker_model: Created startup/shutdown constraints for operation model  pretreatment.uf_pumps[2] at uf_pumps_2_startup_shutdown.
2026-05-26 13:34:58 [INFO] idaes.apps.grid_integration.pricetaker.price_taker_model: Found minimum uptime/downtime data for pretreatment.uf_pumps[3] - Adding minimum uptime/downtime constraints.
2026-05-26 13:34:58 [INFO] idaes.apps.grid_integration.pricetaker.price_taker_model: Created startup/shutdown constraints for operation model  pretreatment.uf_pumps[3] at uf_pumps_3_startup_shutdown.
2026-05-26 13:34:58 [INFO] idaes.apps.grid_integration.pricetaker.price_taker_model: Found minimum uptime/downtime data for reverse_osmosis.ro_skid[1] - Adding minimum uptime/downtime constraints.
2026-05-26 13:34:58 [INFO] idaes.apps.grid_integration.pricetaker.price_taker_model: Created startup/shutdown constraints for operation model  reverse_osmosis.ro_skid[1] at ro_skid_1_startup_shutdown.
2026-05-26 13:34:58 [INFO] idaes.apps.grid_integration.pricetaker.price_taker_model: Found minimum uptime/downtime data for reverse_osmosis.ro_skid[2] - Adding minimum uptime/downtime constraints.
2026-05-26 13:34:58 [INFO] idaes.apps.grid_integration.pricetaker.price_taker_model: Created startup/shutdown constraints for operation model  reverse_osmosis.ro_skid[2] at ro_skid_2_startup_shutdown.
2026-05-26 13:34:58 [INFO] idaes.apps.grid_integration.pricetaker.price_taker_model: Found minimum uptime/downtime data for reverse_osmosis.ro_skid[3] - Adding minimum uptime/downtime constraints.
2026-05-26 13:34:58 [INFO] idaes.apps.grid_integration.pricetaker.price_taker_model: Created startup/shutdown constraints for operation model  reverse_osmosis.ro_skid[3] at ro_skid_3_startup_shutdown.
2026-05-26 13:34:58 [INFO] idaes.apps.grid_integration.pricetaker.price_taker_model: Found minimum uptime/downtime data for reverse_osmosis.ro_skid[4] - Adding minimum uptime/downtime constraints.
2026-05-26 13:34:58 [INFO] idaes.apps.grid_integration.pricetaker.price_taker_model: Created startup/shutdown constraints for operation model  reverse_osmosis.ro_skid[4] at ro_skid_4_startup_shutdown.
4200
Set parameter TokenServer to value "10.60.1.73"
Set parameter LogToConsole to value 1
Gurobi Optimizer version 12.0.3 build v12.0.3rc0 (linux64 - "Red Hat Enterprise Linux 8.8 (Ootpa)")

CPU model: Intel(R) Xeon(R) Platinum 8470QL, instruction set [SSE2|AVX|AVX2|AVX512]
Thread count: 104 physical cores, 104 logical processors, using up to 32 threads

Optimize a model with 16782 rows, 16978 columns and 42977 nonzeros
Model fingerprint: 0xb4c09d06
Model has 168 quadratic objective terms
Model has 3528 quadratic constraints
Model has 672 general nonlinear constraints (672 nonlinear terms)
Variable types: 12440 continuous, 4538 integer (4538 binary)
Coefficient statistics:
  Matrix range     [2e-02, 2e+03]
  QMatrix range    [2e-07, 1e+00]
  QLMatrix range   [1e-04, 2e+00]
  Objective range  [7e-06, 5e-03]
  QObjective range [2e-04, 2e-04]
  Bounds range     [9e-01, 1e+03]
  RHS range        [1e+00, 3e+05]
  QRHS range       [3e-01, 1e+00]
Presolve model has 672 nlconstr
Added 2016 variables to disaggregate expressions.
Presolve removed 9353 rows and 7718 columns
Presolve time: 0.11s
Presolved: 32125 rows, 12957 columns, 79487 nonzeros
Presolved model has 4872 bilinear constraint(s)
Presolved model has 672 nonlinear constraint(s)

Solving non-convex MINLP

Variable types: 10454 continuous, 2503 integer (2503 binary)
Found heuristic solution: objective 10.3638659

Root relaxation: objective 9.242076e+00, 34614 iterations, 3.29 seconds (6.63 work units)

    Nodes    |    Current Node    |     Objective Bounds      |     Work
 Expl Unexpl |  Obj  Depth IntInf | Incumbent    BestBd   Gap | It/Node Time

     0     0    9.24208    0 5537   10.36387    9.24208  10.8%     -    3s
H    0     0                      10.3638659    9.24208  10.8%     -    4s
H    0     0                      10.3638657    9.24208  10.8%     -    4s
     0     0   10.15684    0 3693   10.36387   10.15684  2.00%     -    7s
     0     0   10.18440    0 3617   10.36387   10.18440  1.73%     -   16s
     0     0   10.20727    0 3776   10.36387   10.20727  1.51%     -   23s
     0     0   10.20727    0 4126   10.36387   10.20727  1.51%     -   32s
     0     0   10.20727    0 4006   10.36387   10.20727  1.51%     -   50s
     0     0   10.20727    0 3912   10.36387   10.20727  1.51%     -   59s
     0     0   10.20727    0 3970   10.36387   10.20727  1.51%     -   71s
     0     0   10.20727    0 4008   10.36387   10.20727  1.51%     -   79s
     0     2   10.20727    0 4008   10.36387   10.20727  1.51%     -   80s
     3     8   10.21950    2 3995   10.36387   10.20727  1.51% 19069   89s
     7    10   10.31299    3 3668   10.36387   10.20727  1.51% 21248   99s
     9    15   10.30600    4 3573   10.36387   10.20727  1.51% 24260  112s
    16    29   10.27739    5 3522   10.36387   10.21950  1.39% 27931  127s
    30    48   10.29559    6 3638   10.36387   10.21950  1.39% 23199  142s
    57    70   10.33209    7 3568   10.36387   10.21950  1.39% 28958  158s
    89   156   10.33735    8 3645   10.36387   10.23850  1.21% 30118  176s
   195   182     cutoff   10        10.36387   10.23850  1.21% 20316  188s
   243   229   10.30647   10 3550   10.36387   10.23850  1.21% 20189  201s
   310   245   10.30615   10 3391   10.36387   10.23850  1.21% 18835  214s
   358   259   10.30618   11 3389   10.36387   10.23850  1.21% 19410  226s
   404   305     cutoff   13        10.36387   10.23850  1.21% 20080  239s
   478   370   10.33270   11 3292   10.36387   10.23850  1.21% 18711  251s
   571   407   10.34254   16 3335   10.36387   10.23850  1.21% 17082  263s
   644   452   10.34430   20 3209   10.36387   10.23850  1.21% 16297  274s
   717   491     cutoff   21        10.36387   10.23850  1.21% 15747  286s
   782   526     cutoff   19        10.36387   10.23850  1.21% 15369  299s
H  788   526                      10.3638656   10.23850  1.21% 15269  299s
   853   556     cutoff   19        10.36387   10.23850  1.21% 14944  311s
   915   562   10.31335   25 3533   10.36387   10.23850  1.21% 14812  328s
H  916   562                      10.3638654   10.23850  1.21% 14796  328s
H  923   562                      10.3638654   10.23850  1.21% 14765  328s
   981   570   10.31272   26 3482   10.36387   10.23850  1.21% 14732  340s
  1039   601   10.32033   28 3831   10.36387   10.23850  1.21% 14915  352s
  1116   602     cutoff   31        10.36387   10.23850  1.21% 14617  364s
  1181   638     cutoff   30        10.36387   10.23850  1.21% 14497  377s
  1259   702   10.33964   30 3675   10.36387   10.23850  1.21% 14320  391s
  1353   755   10.31875   37 3758   10.36387   10.23850  1.21% 14016  404s
H 1360   755                      10.3638653   10.23850  1.21% 13995  404s
  1448   778   10.33136   41 3725   10.36387   10.23850  1.21% 13716  419s
  1521   816   10.35907   45 3488   10.36387   10.23850  1.21% 13756  434s
  1605   860   10.35855   44 3481   10.36387   10.23850  1.21% 13805  450s
  1705   889   10.30117    7 3477   10.36387   10.23850  1.21% 13715  465s
  1782   923   10.33615   11 3442   10.36387   10.24433  1.15% 13843  482s
  1874   943     cutoff   15        10.36387   10.24433  1.15% 14003  499s
  1988   977     cutoff   17        10.36387   10.24433  1.15% 13955  516s
  2108   993   10.34826   15 3539   10.36387   10.24433  1.15% 13906  533s
  2214  1035     cutoff   17        10.36387   10.24433  1.15% 13994  554s
  2330  1092   10.32463   13 3297   10.36387   10.24433  1.15% 14017  572s
  2446  1143   10.31799   17 3263   10.36387   10.24433  1.15% 13982  592s
  2569  1200   10.33301   26 3495   10.36387   10.24433  1.15% 13986  614s
  2714  1230   10.34881   36 3215   10.36387   10.24433  1.15% 13968  635s
  2844  1258   10.35521   38 3177   10.36387   10.24433  1.15% 14031  657s
  2960  1315   10.33764   41 3457   10.36387   10.24433  1.15% 14112  679s
  3097  1331     cutoff   43        10.36387   10.24433  1.15% 14149  702s
  3219  1345   10.32444   18 3594   10.36387   10.24433  1.15% 14296  727s
  3309  1411   10.30587   21 3604   10.36387   10.24433  1.15% 14625  752s
  3448  1466     cutoff   25        10.36387   10.24433  1.15% 14685  777s
  3605  1508     cutoff   24        10.36387   10.25003  1.10% 14710  803s
  3773  1561   10.34882   14 3430   10.36387   10.25003  1.10% 14781  830s
  3969  1578     cutoff   15        10.36387   10.25003  1.10% 14729  859s
  4112  1630   10.32225   25 3640   10.36387   10.25003  1.10% 14874  891s
  4300  1686   10.30382   26 3584   10.36387   10.25003  1.10% 14869  923s
  4504  1712     cutoff   31        10.36387   10.25003  1.10% 14892  955s
  4694  1746   10.30810   32 3587   10.36387   10.25003  1.10% 14954  987s
H 4771  1746                      10.3638653   10.25003  1.10% 15041  987s
  4871  1812   10.34626   35 3536   10.36387   10.25003  1.10% 15093 1022s
  5092  1846     cutoff   37        10.36387   10.26269  0.98% 15195 1057s
  5308  1900   10.33890   16 3708   10.36387   10.26269  0.98% 15278 1095s
  5514  1928   10.33526   19 3605   10.36387   10.28553  0.76% 15356 1132s
[2026-05-26T13:54:25.856] error: *** JOB 13995148 ON x1003c0s2b0n0 CANCELLED AT 2026-05-26T13:54:25 DUE to SIGNAL Terminated ***
