2026-05-21 10:08:29 [INFO] idaes.core.surrogate.pysmo_surrogate: Decode surrogate. type=poly

===========================Polynomial Regression===============================================

The number of cross-validation cases (3) is used.
The default training/cross-validation split of 0.75 is used.
No iterations will be run.
Default parameter estimation method is used.
Parameter estimation method:  pyomo 

2026-05-21 10:08:29 [INFO] idaes.core.surrogate.pysmo_surrogate: Decode surrogate. type=poly

===========================Polynomial Regression===============================================

The number of cross-validation cases (3) is used.
The default training/cross-validation split of 0.75 is used.
No iterations will be run.
Default parameter estimation method is used.
Parameter estimation method:  pyomo 

2026-05-21 10:08:29 [INFO] idaes.core.surrogate.pysmo_surrogate: Decode surrogate. type=poly

===========================Polynomial Regression===============================================

The number of cross-validation cases (3) is used.
The default training/cross-validation split of 0.75 is used.
No iterations will be run.
Default parameter estimation method is used.
Parameter estimation method:  pyomo 

2026-05-21 10:08:29 [INFO] idaes.core.surrogate.pysmo_surrogate: Decode surrogate. type=poly

===========================Polynomial Regression===============================================

The number of cross-validation cases (3) is used.
The default training/cross-validation split of 0.75 is used.
No iterations will be run.
Default parameter estimation method is used.
Parameter estimation method:  pyomo 

2026-05-21 10:08:31 [INFO] idaes.apps.grid_integration.pricetaker.price_taker_model: Found minimum uptime/downtime data for pretreatment.uf_pumps[1] - Adding minimum uptime/downtime constraints.
2026-05-21 10:08:31 [INFO] idaes.apps.grid_integration.pricetaker.price_taker_model: Created startup/shutdown constraints for operation model  pretreatment.uf_pumps[1] at uf_pumps_1_startup_shutdown.
2026-05-21 10:08:31 [INFO] idaes.apps.grid_integration.pricetaker.price_taker_model: Found minimum uptime/downtime data for pretreatment.uf_pumps[2] - Adding minimum uptime/downtime constraints.
2026-05-21 10:08:31 [INFO] idaes.apps.grid_integration.pricetaker.price_taker_model: Created startup/shutdown constraints for operation model  pretreatment.uf_pumps[2] at uf_pumps_2_startup_shutdown.
2026-05-21 10:08:31 [INFO] idaes.apps.grid_integration.pricetaker.price_taker_model: Found minimum uptime/downtime data for pretreatment.uf_pumps[3] - Adding minimum uptime/downtime constraints.
2026-05-21 10:08:31 [INFO] idaes.apps.grid_integration.pricetaker.price_taker_model: Created startup/shutdown constraints for operation model  pretreatment.uf_pumps[3] at uf_pumps_3_startup_shutdown.
2026-05-21 10:08:31 [INFO] idaes.apps.grid_integration.pricetaker.price_taker_model: Found minimum uptime/downtime data for reverse_osmosis.ro_skid[1] - Adding minimum uptime/downtime constraints.
2026-05-21 10:08:31 [INFO] idaes.apps.grid_integration.pricetaker.price_taker_model: Created startup/shutdown constraints for operation model  reverse_osmosis.ro_skid[1] at ro_skid_1_startup_shutdown.
2026-05-21 10:08:31 [INFO] idaes.apps.grid_integration.pricetaker.price_taker_model: Found minimum uptime/downtime data for reverse_osmosis.ro_skid[2] - Adding minimum uptime/downtime constraints.
2026-05-21 10:08:31 [INFO] idaes.apps.grid_integration.pricetaker.price_taker_model: Created startup/shutdown constraints for operation model  reverse_osmosis.ro_skid[2] at ro_skid_2_startup_shutdown.
2026-05-21 10:08:31 [INFO] idaes.apps.grid_integration.pricetaker.price_taker_model: Found minimum uptime/downtime data for reverse_osmosis.ro_skid[3] - Adding minimum uptime/downtime constraints.
2026-05-21 10:08:31 [INFO] idaes.apps.grid_integration.pricetaker.price_taker_model: Created startup/shutdown constraints for operation model  reverse_osmosis.ro_skid[3] at ro_skid_3_startup_shutdown.
2026-05-21 10:08:31 [INFO] idaes.apps.grid_integration.pricetaker.price_taker_model: Found minimum uptime/downtime data for reverse_osmosis.ro_skid[4] - Adding minimum uptime/downtime constraints.
2026-05-21 10:08:31 [INFO] idaes.apps.grid_integration.pricetaker.price_taker_model: Created startup/shutdown constraints for operation model  reverse_osmosis.ro_skid[4] at ro_skid_4_startup_shutdown.
3530
Set parameter TokenServer to value "10.60.1.73"
Set parameter LogToConsole to value 1
Gurobi Optimizer version 12.0.3 build v12.0.3rc0 (linux64 - "Red Hat Enterprise Linux 8.8 (Ootpa)")

CPU model: Intel(R) Xeon(R) Platinum 8470QL, instruction set [SSE2|AVX|AVX2|AVX512]
Thread count: 104 physical cores, 104 logical processors, using up to 32 threads

Optimize a model with 17958 rows, 14458 columns and 45167 nonzeros
Model fingerprint: 0x60c6f0f4
Model has 168 quadratic objective terms
Model has 2352 quadratic constraints
Variable types: 10592 continuous, 3866 integer (3866 binary)
Coefficient statistics:
  Matrix range     [3e-02, 2e+03]
  QMatrix range    [2e-07, 1e+00]
  QLMatrix range   [1e-04, 1e+00]
  Objective range  [6e-06, 1e-04]
  QObjective range [2e-04, 2e-04]
  Bounds range     [1e+00, 1e+03]
  RHS range        [1e+00, 3e+05]
  QRHS range       [2e-01, 3e-01]
Presolve removed 17947 rows and 14441 columns
Presolve time: 0.08s
Presolved: 47 rows, 26 columns, 117 nonzeros
Presolved model has 14 bilinear constraint(s)

Solving non-convex MIQCP

Variable types: 24 continuous, 2 integer (2 binary)
Found heuristic solution: objective 11.7557705

Root relaxation: objective 1.109867e+01, 33 iterations, 0.00 seconds (0.00 work units)

    Nodes    |    Current Node    |     Objective Bounds      |     Work
 Expl Unexpl |  Obj  Depth IntInf | Incumbent    BestBd   Gap | It/Node Time

     0     0   11.09867    0    9   11.75577   11.09867  5.59%     -    0s
     0     0   11.11863    0   12   11.75577   11.11863  5.42%     -    0s
     0     0   11.55988    0   12   11.75577   11.55988  1.67%     -    0s
     0     0   11.58091    0   13   11.75577   11.58091  1.49%     -    0s
     0     0   11.58468    0   13   11.75577   11.58468  1.46%     -    0s
     0     0   11.67015    0    8   11.75577   11.67015  0.73%     -    0s
H    0     0                      11.6832258   11.67015  0.11%     -    0s
     0     2   11.67433    0    8   11.68323   11.67433  0.08%     -    0s
H   27    26                      11.6831489   11.68083  0.02%   2.1    0s
H   31    26                      11.6828558   11.68083  0.02%   2.1    0s
H   32    26                      11.6828499   11.68083  0.02%   2.0    0s
H   41    26                      11.6828428   11.68104  0.02%   1.8    0s
H   42    26                      11.6828371   11.68104  0.02%   1.7    0s

Explored 72 nodes (211 simplex iterations) in 0.13 seconds (0.14 work units)
Thread count was 32 (of 104 available processors)

Solution count 7: 11.6828 11.6828 11.6828 ... 11.7558

Optimal solution found (tolerance 1.00e-04)
Best objective 1.168283706218e+01, best bound 1.168238948017e+01, gap 0.0038%
m.flow_changes_penalty(): 0.0
Total operational cost: 117820.68
Maximum power (kW): 1101.49
Discharge energy capacity (kWh): 0.00
Charge energy capacity (kWh): 3609.68
Levelized Cost of Flexibility ($/kWh): nan
{'fixed_demand_cost': 6940.08834700889, 'variable_demand_cost': 912.3236907895548, 'fixed_monthly_cost': 171938.17204301074, 'total_water_production': 282179.6712328764, 'total_energy_cost': 23531.4457028906, 'total_demand_cost': 7852.412037798445, 'total_customer_cost': 0.0, 'total_feed_cost': 50843.18400592369, 'total_brine_cost': 15303.798385783002, 'total_chemical_cost': 19297.530489448236, 'raw_degree_of_flex': 0.0, 'degree_of_flex': 0.0, 'total_replacement_cost': 992.3107078853046, 'total_water_revenue': 0.0, 'total_demand_response_revenue': -0.0, 'total_emissions_cost': 0.0, 'total_op_cost': 117820.68132972928, 'fixed_cost': 121551.98252688172, 'total_cost': 239372.663856611, 'LCOW': 0.848298755224866, 'maximum_power': 1101.4861755309362, 'energy_capacity': 0.0, 'power_capacity': nan, 'round_trip_efficiency': 0, 'LVOF': nan}
Saved operation variable results to: /home/rchurchi/watertap_test/watertap/tutorials/flex_ro/wrd_result_winter_no_flex_0_flexible_trains.csv
2026-05-21 10:08:34 [INFO] idaes.core.surrogate.pysmo_surrogate: Decode surrogate. type=poly

===========================Polynomial Regression===============================================

The number of cross-validation cases (3) is used.
The default training/cross-validation split of 0.75 is used.
No iterations will be run.
Default parameter estimation method is used.
Parameter estimation method:  pyomo 

2026-05-21 10:08:34 [INFO] idaes.core.surrogate.pysmo_surrogate: Decode surrogate. type=poly

===========================Polynomial Regression===============================================

The number of cross-validation cases (3) is used.
The default training/cross-validation split of 0.75 is used.
No iterations will be run.
Default parameter estimation method is used.
Parameter estimation method:  pyomo 

2026-05-21 10:08:34 [INFO] idaes.core.surrogate.pysmo_surrogate: Decode surrogate. type=poly

===========================Polynomial Regression===============================================

The number of cross-validation cases (3) is used.
The default training/cross-validation split of 0.75 is used.
No iterations will be run.
Default parameter estimation method is used.
Parameter estimation method:  pyomo 

2026-05-21 10:08:34 [INFO] idaes.core.surrogate.pysmo_surrogate: Decode surrogate. type=poly

===========================Polynomial Regression===============================================

The number of cross-validation cases (3) is used.
The default training/cross-validation split of 0.75 is used.
No iterations will be run.
Default parameter estimation method is used.
Parameter estimation method:  pyomo 

2026-05-21 10:08:36 [INFO] idaes.apps.grid_integration.pricetaker.price_taker_model: Found minimum uptime/downtime data for pretreatment.uf_pumps[1] - Adding minimum uptime/downtime constraints.
2026-05-21 10:08:36 [INFO] idaes.apps.grid_integration.pricetaker.price_taker_model: Created startup/shutdown constraints for operation model  pretreatment.uf_pumps[1] at uf_pumps_1_startup_shutdown.
2026-05-21 10:08:36 [INFO] idaes.apps.grid_integration.pricetaker.price_taker_model: Found minimum uptime/downtime data for pretreatment.uf_pumps[2] - Adding minimum uptime/downtime constraints.
2026-05-21 10:08:36 [INFO] idaes.apps.grid_integration.pricetaker.price_taker_model: Created startup/shutdown constraints for operation model  pretreatment.uf_pumps[2] at uf_pumps_2_startup_shutdown.
2026-05-21 10:08:36 [INFO] idaes.apps.grid_integration.pricetaker.price_taker_model: Found minimum uptime/downtime data for pretreatment.uf_pumps[3] - Adding minimum uptime/downtime constraints.
2026-05-21 10:08:36 [INFO] idaes.apps.grid_integration.pricetaker.price_taker_model: Created startup/shutdown constraints for operation model  pretreatment.uf_pumps[3] at uf_pumps_3_startup_shutdown.
2026-05-21 10:08:36 [INFO] idaes.apps.grid_integration.pricetaker.price_taker_model: Found minimum uptime/downtime data for reverse_osmosis.ro_skid[1] - Adding minimum uptime/downtime constraints.
2026-05-21 10:08:36 [INFO] idaes.apps.grid_integration.pricetaker.price_taker_model: Created startup/shutdown constraints for operation model  reverse_osmosis.ro_skid[1] at ro_skid_1_startup_shutdown.
2026-05-21 10:08:36 [INFO] idaes.apps.grid_integration.pricetaker.price_taker_model: Found minimum uptime/downtime data for reverse_osmosis.ro_skid[2] - Adding minimum uptime/downtime constraints.
2026-05-21 10:08:36 [INFO] idaes.apps.grid_integration.pricetaker.price_taker_model: Created startup/shutdown constraints for operation model  reverse_osmosis.ro_skid[2] at ro_skid_2_startup_shutdown.
2026-05-21 10:08:36 [INFO] idaes.apps.grid_integration.pricetaker.price_taker_model: Found minimum uptime/downtime data for reverse_osmosis.ro_skid[3] - Adding minimum uptime/downtime constraints.
2026-05-21 10:08:36 [INFO] idaes.apps.grid_integration.pricetaker.price_taker_model: Created startup/shutdown constraints for operation model  reverse_osmosis.ro_skid[3] at ro_skid_3_startup_shutdown.
2026-05-21 10:08:36 [INFO] idaes.apps.grid_integration.pricetaker.price_taker_model: Found minimum uptime/downtime data for reverse_osmosis.ro_skid[4] - Adding minimum uptime/downtime constraints.
2026-05-21 10:08:36 [INFO] idaes.apps.grid_integration.pricetaker.price_taker_model: Created startup/shutdown constraints for operation model  reverse_osmosis.ro_skid[4] at ro_skid_4_startup_shutdown.
3697
Set parameter LogToConsole to value 1
Gurobi Optimizer version 12.0.3 build v12.0.3rc0 (linux64 - "Red Hat Enterprise Linux 8.8 (Ootpa)")

CPU model: Intel(R) Xeon(R) Platinum 8470QL, instruction set [SSE2|AVX|AVX2|AVX512]
Thread count: 104 physical cores, 104 logical processors, using up to 32 threads

Optimize a model with 17957 rows, 15795 columns and 49349 nonzeros
Model fingerprint: 0x8dbf8f0f
Model has 168 quadratic objective terms
Model has 2352 quadratic constraints
Variable types: 10592 continuous, 5203 integer (5203 binary)
Coefficient statistics:
  Matrix range     [2e-02, 2e+03]
  QMatrix range    [2e-07, 1e+00]
  QLMatrix range   [1e-04, 1e+00]
  Objective range  [6e-06, 1e-04]
  QObjective range [2e-04, 2e-04]
  Bounds range     [1e+00, 1e+03]
  RHS range        [1e+00, 3e+05]
  QRHS range       [2e-01, 3e-01]
Presolve removed 10548 rows and 9402 columns
Presolve time: 0.07s
Presolved: 15977 rows, 6898 columns, 39487 nonzeros
Presolved model has 336 SOS constraint(s)
Presolved model has 2352 bilinear constraint(s)

Solving non-convex MIQCP

Variable types: 4406 continuous, 2492 integer (2492 binary)

Root relaxation: unbounded, 0 iterations, 0.01 seconds (0.00 work units)

    Nodes    |    Current Node    |     Objective Bounds      |     Work
 Expl Unexpl |  Obj  Depth IntInf | Incumbent    BestBd   Gap | It/Node Time

H    0     0                      13.6908833          -      -     -    1s
     0     2  postponed    0        13.69088          -      -     -    2s
     3     8  postponed    2        13.69088          -      -  2384    5s
    27    34  postponed    5        13.69088          -      -  6618   11s
    79    84  postponed    7        13.69088          -      -  5952   15s
   119   148  postponed    8        13.69088          -      -  6603   21s
   185   330  postponed    9        13.69088          -      -  8579   25s
   467   666 infeasible   12        13.69088          -      -  3896   32s
  1013  1219 infeasible   19        13.69088          -      -  1970   43s
H 1718  1219                      13.2424730          -      -  1323   43s
  1897  2039 infeasible   26        13.24247          -      -  1224   59s
H 2984  2039                      13.1943957          -      -   885   59s
  3364  3229 infeasible   39        13.19440          -      -   814   77s
H 4668  3219                      13.1080006          -      -   669   77s
  5337  5110  postponed   58        13.10800          -      -   601   94s
H 5740  5026                      13.0596797          -      -   591   94s
H 6716  4977                      12.9365726          -      -   548   94s
  8094  7479 infeasible   74        12.93657          -      -   501  107s
H 8397  7240                      12.3616583          -      -   501  107s
H 8397  7238                      12.3484991          -      -   501  107s
 11732  8745  postponed   88        12.34850          -      -   407  117s
H11967  8736                      12.3374093          -      -   408  117s
H11967  8525                      12.2314490          -      -   408  117s
H11967  8508                      12.2098719          -      -   408  117s
H12318  8417                      12.1895343          -      -   399  117s
H12318  8251                      12.1557230          -      -   399  117s
H12318  8224                      12.1440464          -      -   399  117s
H12550  8124                      12.0569839          -      -   392  117s
H12556  8112                      12.0520313          -      -   392  117s
 14660  7461    8.85470   70 1216   12.05203    8.85470  26.5%   349  122s
H14661  7088                      12.0410333   11.41551  5.19%   349  125s
H14661  6734                      12.0377268   11.41551  5.17%   349  125s
H14661  6397                      12.0370625   11.41551  5.16%   349  125s
H14662  6078                      12.0200668   11.48228  4.47%   348  126s
H14666  5776                      12.0188245   11.48444  4.45%   348  129s
H14666  5487                      12.0185385   11.48444  4.44%   348  129s
H14667  5213                      12.0154195   11.48444  4.42%   348  129s
 14669  5214   11.48461  160  782   12.01542   11.48461  4.42%   348  130s
H14670  4954                      11.6880261   11.48461  1.74%   348  135s
H14671  4709                      11.6868553   11.48461  1.73%   351  186s
 14686  4730   11.54815   14 2636   11.68686   11.49645  1.63%   352  190s
H14700  4516                      11.6853113   11.49645  1.62%   352  193s
H14701  4292                      11.6851505   11.49645  1.61%   352  193s
H14702  4078                      11.6847689   11.49645  1.61%   352  193s
H14704  3876                      11.6846124   11.49645  1.61%   352  193s
H14705  3683                      11.6845270   11.49645  1.61%   352  193s
 14728  3706   11.54854   16 2823   11.68453   11.49792  1.60%   353  195s
 14834  3777   11.59874   18 2702   11.68453   11.49998  1.58%   356  200s
H14966  3609                      11.6839710   11.50895  1.50%   366  201s
 15065  3683   11.60554   22 2592   11.68397   11.50895  1.50%   371  205s
H15133  3488                      11.6839266   11.51101  1.48%   373  205s
H15281  3368                      11.6818739   11.51101  1.46%   380  208s
 15332  3377   11.61832   26 2543   11.68187   11.51101  1.46%   383  211s
H15413  3230                      11.6810312   11.51101  1.46%   389  212s
H15471  3063                      11.6791873   11.51101  1.44%   392  212s
 15578  3084   11.64227   30 2465   11.67919   11.51188  1.43%   399  215s
 15736  3134     cutoff   32        11.67919   11.51390  1.42%   411  220s
 16027  3220     cutoff   36        11.67919   11.51979  1.36%   432  227s
H16209  3089                      11.6712187   11.52136  1.28%   441  229s
H16225  2950                      11.6703376   11.52136  1.28%   443  229s
 16265  2988   11.63787   33 2269   11.67034   11.52136  1.28%   445  231s
H16378  2860                      11.6678354   11.52136  1.26%   454  233s
H16382  2737                      11.6659337   11.52136  1.24%   454  233s
 16464  2812   11.64239   38 1826   11.66593   11.52155  1.24%   459  236s
H16610  2759                      11.6657972   11.52226  1.23%   468  238s
H16728  2611                      11.6655662   11.52255  1.23%   472  238s
 16767  2736   11.64577   59 1530   11.66557   11.52255  1.23%   476  241s
H16976  2742                      11.6645709   11.52282  1.22%   482  243s
H17023  2628                      11.6645101   11.52282  1.21%   482  243s
 17186  2738   11.64814   88 1387   11.66451   11.52282  1.21%   487  247s
 17423  2855   11.65430  104 1136   11.66451   11.52343  1.21%   492  250s
H17441  2756                      11.6640938   11.52343  1.21%   491  250s
H17989  2816                      11.6640120   11.52343  1.21%   500  254s
 18207  3092   11.65919  162 1106   11.66401   11.52362  1.20%   503  256s
H18865  3124                      11.6638017   11.52393  1.20%   500  259s
 19062  3380   11.66140  210  937   11.66380   11.52393  1.20%   502  260s
H19526  3570                      11.6636713   11.52393  1.20%   503  263s
H19526  3548                      11.6634566   11.52393  1.20%   503  263s
H19568  3529                      11.6632521   11.52393  1.19%   503  263s
H19613  3494                      11.6622404   11.52393  1.19%   503  263s
H19656  3413                      11.6610708   11.52393  1.18%   502  263s
H19970  3297                      11.6606349   11.52393  1.17%   501  264s
H19971  2401                      11.6516468   11.52393  1.10%   501  264s
H20008  2275                      11.6504442   11.52393  1.09%   503  264s
 20031  2483   11.63949   28 2078   11.65044   11.52393  1.09%   505  267s
H20414  2482                      11.6504292   11.52393  1.09%   509  267s
H20416  2479                      11.6504118   11.52393  1.09%   510  267s
H20782  2794                      11.6496601   11.52393  1.08%   511  269s
 20976  3127     cutoff   65        11.64966   11.52393  1.08%   512  271s
 21553  3527   11.64914   51 1245   11.64966   11.52393  1.08%   512  275s
H22163  3352                      11.6485010   11.52393  1.07%   513  279s
H22178  3340                      11.6484519   11.52393  1.07%   514  279s
H22223  3291                      11.6482930   11.52393  1.07%   515  279s
 22313  3527   11.64522   25 1631   11.64829   11.52393  1.07%   518  281s
 22756  3862   11.61715   21 2391   11.64829   11.52815  1.03%   526  285s
H23183  3793                      11.6480649   11.52861  1.03%   531  285s
 23828  4727   11.63293   27 2218   11.64806   11.53048  1.01%   539  292s
 24636  4780   11.63499   29 2096   11.64806   11.53068  1.01%   540  295s
H24638  4780                      11.6480630   11.53068  1.01%   540  295s
H24740  4748                      11.6479485   11.53106  1.00%   541  295s
 25350  5084   11.64233   33 1406   11.64795   11.53228  0.99%   550  300s
H25372  5061                      11.6478634   11.53228  0.99%   551  300s
H25374  5054                      11.6478406   11.53228  0.99%   551  300s
 26297  6088     cutoff   41        11.64784   11.53243  0.99%   550  305s
H27124  6298                      11.6478403   11.53243  0.99%   554  308s
H27205  6297                      11.6478305   11.53243  0.99%   556  308s
H27360  6295                      11.6478278   11.53243  0.99%   555  308s
 27467  6901   11.64416   76 1146   11.64783   11.53243  0.99%   556  312s
 28471  7086   11.64765  135  933   11.64783   11.53243  0.99%   556  316s
H28498  7086                      11.6478269   11.53243  0.99%   556  316s
H28521  7084                      11.6478170   11.53243  0.99%   557  316s
H28526  7084                      11.6478098   11.53243  0.99%   557  316s
H28723  7083                      11.6478077   11.53243  0.99%   557  316s
 28896  7445   11.63616   35 1500   11.64781   11.53243  0.99%   558  320s
H29600  7938                      11.6478038   11.53243  0.99%   567  324s
H29882  7938                      11.6478006   11.53243  0.99%   567  324s
H30401  7918                      11.6477654   11.53425  0.97%   568  324s
 30549  8433   11.63929  141  867   11.64777   11.53425  0.97%   569  328s
 31458  9100   11.64558  189  899   11.64777   11.53502  0.97%   574  331s
 33705 10103     cutoff   28        11.64777   11.53550  0.96%   574  337s
H33708 10100                      11.6477648   11.53550  0.96%   575  337s
H33808 10094                      11.6477600   11.53550  0.96%   574  337s
H33924 10092                      11.6477569   11.53550  0.96%   575  337s
H34009 10086                      11.6477468   11.53550  0.96%   574  337s
 34199 11008   11.63739   50 1982   11.64775   11.53550  0.96%   576  340s
 35586 11769   11.64498   54 1816   11.64775   11.53605  0.96%   570  345s
H35688 11769                      11.6477465   11.53605  0.96%   570  345s
H36296 11769                      11.6477465   11.53608  0.96%   566  345s
H36317 11762                      11.6477244   11.53613  0.96%   566  345s
 37955 13586   11.64077   82 1136   11.64772   11.53613  0.96%   558  351s
 41111 16648     cutoff   87        11.64772   11.53725  0.95%   542  357s
 43304 18122   11.64555   32 1361   11.64772   11.53725  0.95%   527  361s
 47165 20086   11.64707   68 1442   11.64772   11.53762  0.95%   505  367s
H47175 20086                      11.6477243   11.53762  0.95%   505  367s
 48070 21662   11.64710   69 1432   11.64772   11.53929  0.93%   501  371s
 52358 25193   11.64615  112 1040   11.64772   11.54183  0.91%   475  378s
 54833 26019   11.57440   92 1680   11.64772   11.54190  0.91%   462  381s
H54870  9275                      11.6240643   11.54190  0.71%   462  381s
H54876  9237                      11.6237983   11.54190  0.70%   462  381s
H55986  8852                      11.6210497   11.54199  0.68%   459  381s
H56108  8096                      11.6210414   11.54199  0.68%   458  383s
H56229  8070                      11.6208194   11.54295  0.67%   461  384s
H56303  8719                      11.6207817   11.54295  0.67%   462  387s
H56320  8717                      11.6207626   11.54295  0.67%   462  387s
H56569  8709                      11.6206924   11.54295  0.67%   461  387s
H56710  8704                      11.6206386   11.54295  0.67%   461  388s
 57288  9946   11.58381  107 1585   11.62064   11.54295  0.67%   464  391s
 59123  9947   11.58540  124    0   11.62064   11.54377  0.66%   462  498s
 59125  9948   11.57653   92 1229   11.62064   11.54377  0.66%   462  501s
H59127  9452                      11.6206376   11.54377  0.66%   462  509s
 59128  9452   11.54989   57 1102   11.62064   11.54377  0.66%   462  513s
 59129  9453   11.60410  149 1119   11.62064   11.54377  0.66%   462  516s
 59130  9454   11.54822   71 1117   11.62064   11.54377  0.66%   462  524s
 59131  9454   11.60217  123 1152   11.62064   11.54377  0.66%   462  529s
H59131  8981                      11.6205708   11.54377  0.66%   462  533s
 59132  8982   11.61608  193 1141   11.62057   11.54377  0.66%   462  537s
H59132  8533                      11.6205665   11.54377  0.66%   462  537s
H59132  8106                      11.6205652   11.54377  0.66%   462  542s
H59133  7701                      11.6205652   11.54377  0.66%   462  546s
H59133  7316                      11.6194046   11.54377  0.65%   462  546s
 59134  7316   11.61508  871 1137   11.61940   11.54377  0.65%   462  550s
 59136  7318   11.58207   41 1139   11.61940   11.54377  0.65%   462  562s
H59136  6952                      11.6194042   11.54377  0.65%   462  562s
H59136  6604                      11.6193467   11.54377  0.65%   462  568s
H59137  6274                      11.6177994   11.54377  0.64%   462  571s
 59138  6275   11.61743  457 1130   11.61780   11.54377  0.64%   462  575s
H59138  5961                      11.6175795   11.54377  0.64%   462  575s
H59138  5662                      11.6175750   11.54377  0.64%   462  579s
H59138  5379                      11.6169294   11.54377  0.63%   462  579s
H59139  5111                      11.6168909   11.54377  0.63%   462  583s
 59140  5111   11.58713   41 1127   11.61689   11.54377  0.63%   462  587s
 59141  5112   11.61568  961 1138   11.61689   11.54377  0.63%   462  592s
 59142  5113   11.60306   56 1132   11.61689   11.54377  0.63%   462  597s
 59143  5113   11.55409   70 1131   11.61689   11.54377  0.63%   462  602s
 59144  5114   11.60405  157 1139   11.61689   11.54377  0.63%   462  606s
 59145  5115   11.60830  170 1142   11.61689   11.54377  0.63%   462  612s
H59145  4859                      11.6168633   11.54377  0.63%   462  616s
 59146  4859   11.59440  138 1141   11.61686   11.54377  0.63%   462  620s
H59146  4615                      11.6168632   11.54377  0.63%   462  620s
H59146  4384                      11.6168632   11.54377  0.63%   462  625s
H59147  4165                      11.6168469   11.54377  0.63%   462  629s
 59148  4166   11.60683  119 1141   11.61685   11.54377  0.63%   462  634s
 59149  4166   11.59850  146 1144   11.61685   11.54377  0.63%   462  638s
 59150  4167   11.58446  137 1141   11.61685   11.54377  0.63%   462  642s
 59151  4168   11.60295  164 1143   11.61685   11.54377  0.63%   462  647s
H59151  3960                      11.6168360   11.54377  0.63%   462  652s
 59152  3960   11.61397  611 1135   11.61684   11.54377  0.63%   462  656s
 59153  3961   11.60012  181 1138   11.61684   11.54377  0.63%   462  660s
 59154  3962   11.58784  129 1125   11.61684   11.54377  0.63%   462  665s
H59154  3763                      11.6168277   11.54377  0.63%   462  669s
H59155  3574                      11.6168277   11.54377  0.63%   462  674s
 59157  3576   11.60394  194 1126   11.61683   11.54377  0.63%   462  680s
 59159  3577   11.57512   37 1143   11.61683   11.54377  0.63%   462  688s
H59159  3398                      11.6168277   11.54377  0.63%   462  691s
H59160  3228                      11.6167599   11.54377  0.63%   462  698s
 59162  3229   11.61676  269 1145   11.61676   11.54377  0.63%   462  701s
 59163  3230   11.61676   36 1143   11.61676   11.54377  0.63%   462  706s
H59163  3068                      11.6167599   11.54377  0.63%   462  710s
 59165  3069   11.61676  785 1144   11.61676   11.54377  0.63%   462  720s
H59165  2915                      11.6167598   11.54377  0.63%   462  725s
H59166  2769                      11.6167384   11.54377  0.63%   462  734s
 59168  2770   11.61674  812 1140   11.61674   11.54377  0.63%   461  740s
 59169  2771   11.61674  795 1139   11.61674   11.54377  0.63%   461  746s
 59170  2771   11.61426  136 1131   11.61674   11.54377  0.63%   461  751s
H59170  2632                      11.6167374   11.54377  0.63%   461  756s
 59172  2634   11.60184  142 1132   11.61674   11.54377  0.63%   461  762s
H59172  2501                      11.6167289   11.54377  0.63%   461  764s
H59173  2377                      11.6166906   11.54377  0.63%   462  840s
 59180  2382   11.54377   25 3190   11.61669   11.54377  0.63%   462  846s
 59207  2374   11.54377   28 2800   11.61669   11.54377  0.63%   463  851s
H59209  2254                      11.6166665   11.54377  0.63%   463  851s
 59238  2243   11.54377   31 2751   11.61667   11.54377  0.63%   464  855s
 59251  2239   11.54377   33 2481   11.61667   11.54377  0.63%   464  863s
 59284  2234     cutoff   36        11.61667   11.54377  0.63%   467  866s
H59340  2092                      11.6166542   11.54377  0.63%   468  868s
 59359  2100     cutoff   52        11.61665   11.54377  0.63%   469  870s
H59442  1956                      11.6166337   11.54551  0.61%   474  874s
 59443  1968     cutoff   63        11.61663   11.54551  0.61%   474  876s
H59461  1860                      11.6166207   11.54606  0.61%   474  876s
H59471  1758                      11.6166204   11.54606  0.61%   474  878s
 59499  1742     cutoff   69        11.61662   11.54889  0.58%   476  880s
H59540  1637                      11.6166064   11.55056  0.57%   479  881s
 59571  1639   11.56760   73 1847   11.61661   11.55145  0.56%   480  885s
H59662  1513                      11.6165899   11.55596  0.52%   483  888s
H59679  1424                      11.6165831   11.55683  0.51%   484  888s
 59721  1397     cutoff   83        11.61658   11.55865  0.50%   485  891s
 59796  1373     cutoff   88        11.61658   11.56340  0.46%   486  895s
H59798  1293                      11.6165680   11.56340  0.46%   486  895s
H59940  1188                      11.6165592   11.57124  0.39%   487  897s
 60304  1146     cutoff  112        11.61656   11.57756  0.34%   487  900s
H60311  1073                      11.6165275   11.57756  0.34%   487  900s
H60336   997                      11.6165202   11.57756  0.34%   488  900s
 60963  1029   11.58532  119 1250   11.61652   11.58111  0.30%   487  905s
H61492   917                      11.6154383   11.58217  0.29%   486  907s
 61764  1025   11.60463  146 1426   11.61544   11.58336  0.28%   485  910s
H62625   994                      11.6153904   11.58499  0.26%   484  912s
H62640   994                      11.6151406   11.58565  0.25%   484  912s
H63496  1535                      11.6151239   11.58608  0.25%   481  914s
 63539  1734   11.61457  170 1411   11.61512   11.58608  0.25%   481  915s
H64131  1928                      11.6151237   11.58693  0.24%   480  916s
H64338  1948                      11.6150424   11.58693  0.24%   480  917s
 65017  2707   11.60975  258 1296   11.61504   11.58693  0.24%   477  920s
H65651  2670                      11.6149949   11.58693  0.24%   474  920s
H65687  2668                      11.6149598   11.58798  0.23%   475  920s
 68226  3600   11.61308  337 1284   11.61496   11.59082  0.21%   467  925s
H69937  4378                      11.6149436   11.59082  0.21%   461  931s
H69992  4378                      11.6149002   11.59218  0.20%   461  931s
H70634  4838                      11.6148882   11.59264  0.19%   459  932s
 71720  5880 infeasible  406        11.61489   11.59264  0.19%   455  936s
 75046  8162 infeasible  299        11.61489   11.59264  0.19%   442  940s
 78949 10757 infeasible  369        11.61489   11.59437  0.18%   426  945s
 82959 13801     cutoff  408        11.61489   11.59558  0.17%   413  950s
H86117 13673                      11.6144981   11.59608  0.16%   402  954s
 86150 15044   11.61326  179 1548   11.61450   11.59608  0.16%   402  956s
 89814 19023     cutoff  467        11.61450   11.59798  0.14%   389  961s
H91028 19017                      11.6144930   11.59798  0.14%   385  961s
 96021 22338   11.61384  209 1383   11.61449   11.59798  0.14%   370  966s
H96864 22334                      11.6144921   11.59932  0.13%   368  966s
 99088 24677   11.61432  280 1211   11.61449   11.60057  0.12%   363  970s
H100740 25624                      11.6144018   11.60057  0.12%   359  972s
 104163 28746   11.60934  176 1309   11.61440   11.60121  0.11%   352  976s
 108547 32382   11.60997  406 1321   11.61440   11.60123  0.11%   342  980s
 113753 37062   11.60868  174 1362   11.61440   11.60123  0.11%   329  985s
 119609 41794   11.61414  546 1221   11.61440   11.60123  0.11%   316  991s
 122134 43490   11.61432  590 1123   11.61440   11.60123  0.11%   312  995s
 124283 48342   11.61432  591 1088   11.61440   11.60123  0.11%   308 1001s
 130351 52572   11.60999  230 1325   11.61440   11.60123  0.11%   298 1005s
 139981 60324     cutoff  390        11.61440   11.60123  0.11%   282 1012s
 144317 63813   11.61002  435 1308   11.61440   11.60123  0.11%   275 1015s
H145688 63769                      11.6143947   11.60123  0.11%   273 1015s
H146300 63710                      11.6143843   11.60123  0.11%   272 1015s
H148267 63574                      11.6143704   11.60123  0.11%   269 1017s
 148317 66204   11.61324  640  999   11.61437   11.60356  0.09%   269 1021s
H148406 66084                      11.6143546   11.60356  0.09%   269 1021s
H149404 65953                      11.6143422   11.60356  0.09%   267 1021s
H150512 65869                      11.6143350   11.60356  0.09%   266 1021s
 151384 69053     cutoff  698        11.61434   11.60356  0.09%   265 1025s
 161335 78073   11.61423  280 1275   11.61434   11.60455  0.08%   253 1033s
 165609 81747     cutoff  284        11.61434   11.60485  0.08%   248 1036s
 173935 89037   11.61394  630 1122   11.61434   11.60489  0.08%   238 1041s
 181437 97804     cutoff  663        11.61434   11.60489  0.08%   230 1048s
 187676 100935     cutoff  320        11.61434   11.60489  0.08%   225 1050s
 191850 102419   11.61054  214 1058   11.61434   11.60489  0.08%   221 1055s
 192909 105749   11.61386  289 1279   11.61434   11.60489  0.08%   220 1064s
 196683 109383     cutoff  316        11.61434   11.60504  0.08%   216 1066s
 205073 117294   11.61249  264 1347   11.61434   11.60504  0.08%   210 1072s
 209380 120845   11.61421  329 1350   11.61434   11.60504  0.08%   206 1081s
 216489 130294     cutoff  339        11.61434   11.60504  0.08%   201 1089s
 223543 134043     cutoff  347        11.61434   11.60609  0.07%   196 1092s
 231093 139008   11.61422  364 1340   11.61434   11.60643  0.07%   191 1097s
 233709 142137     cutoff  367        11.61434   11.60696  0.06%   190 1100s
 241281 148451     cutoff  375        11.61434   11.60700  0.06%   185 1105s
 250767 155707     cutoff  241        11.61434   11.60725  0.06%   180 1111s
 257767 160899   11.61424  268 1358   11.61434   11.60725  0.06%   176 1116s
 263967 165794   11.61263  268 1306   11.61434   11.60749  0.06%   174 1121s
 270718 171491   11.61421  327 1324   11.61434   11.60749  0.06%   171 1126s
 274350 175668   11.61424  366 1375   11.61434   11.60791  0.06%   169 1130s
H283054 180689                      11.6143333   11.60801  0.05%   166 1134s
H283259 180643                      11.6143299   11.60801  0.05%   166 1134s
H283589 180614                      11.6143277   11.60801  0.05%   166 1134s
 285756 183187   11.61425  602 1095   11.61433   11.60821  0.05%   165 1137s
 290671 186413     cutoff  602        11.61433   11.60835  0.05%   163 1142s
 293062 189346     cutoff  603        11.61433   11.60835  0.05%   162 1145s
 300775 195374     cutoff  609        11.61433   11.60856  0.05%   159 1150s
 309601 201363   11.61324  234 1339   11.61433   11.60873  0.05%   156 1156s
 315856 206306 infeasible  291        11.61433   11.60876  0.05%   154 1161s
 322353 211112   11.61309  241 1415   11.61433   11.60876  0.05%   152 1166s
 329534 216678     cutoff  314        11.61433   11.60876  0.05%   150 1171s
 333186 217205   11.61419  312 1361   11.61433   11.60876  0.05%   149 1176s
H335511 218833                      11.6143080   11.60876  0.05%   148 1179s
 336735 223179     cutoff  275        11.61431   11.60876  0.05%   148 1183s
H336805 223179                      11.6143080   11.60876  0.05%   148 1183s
 342587 224522     cutoff  309        11.61431   11.60880  0.05%   146 1186s
H342714 224521                      11.6143080   11.60880  0.05%   146 1186s
 347458 230141   11.60887  318 1344   11.61431   11.60880  0.05%   145 1193s
 351464 232647   11.60909  328 1334   11.61431   11.60880  0.05%   144 1196s
 358062 238309   11.60937  415 1315   11.61431   11.60880  0.05%   143 1202s
 362045 241372   11.60939  426 1304   11.61431   11.60880  0.05%   142 1205s
 370108 246919   11.60944  442 1270   11.61431   11.60880  0.05%   140 1211s
 376557 252046   11.60948  457 1244   11.61431   11.60880  0.05%   139 1217s
H377388 252044                      11.6143080   11.60880  0.05%   139 1217s
 379609 255058   11.60950  465 1230   11.61431   11.60880  0.05%   139 1220s
H385958 257621                      11.6143080   11.60880  0.05%   137 1223s
 386550 259999   11.60954  478 1210   11.61431   11.60880  0.05%   137 1231s
H386941 259999                      11.6143080   11.60880  0.05%   137 1231s
H391851 262536                      11.6143080   11.60880  0.05%   137 1235s
 396613 266908   11.60960  507 1184   11.61431   11.60880  0.05%   136 1242s
 398728 269099   11.60961  513 1182   11.61431   11.60880  0.05%   135 1246s
 401958 273985   11.60962  519 1182   11.61431   11.60880  0.05%   135 1251s
 408375 278169   11.60965  524 1193   11.61431   11.60881  0.05%   134 1255s
 417901 285605   11.60975  549 1165   11.61431   11.60881  0.05%   132 1261s
 426182 292412   11.60981  591 1145   11.61431   11.60881  0.05%   131 1268s
H426927 292384                      11.6143071   11.60881  0.05%   131 1268s
H429034 292283                      11.6143030   11.60881  0.05%   130 1268s
 430153 296061   11.60986  606 1142   11.61430   11.60881  0.05%   130 1271s
 437787 300051   11.61004  637 1122   11.61430   11.60882  0.05%   129 1275s
H437986 300051                      11.6143030   11.60882  0.05%   129 1275s
 441089 305356   11.61013  662 1097   11.61430   11.60882  0.05%   128 1281s
 447769 309813   11.61026  682 1075   11.61430   11.60882  0.05%   127 1287s
H447953 309696                      11.6142997   11.60882  0.05%   127 1287s
H448470 309568                      11.6142955   11.60882  0.05%   127 1287s
 451175 313101   11.61031  695 1064   11.61430   11.60882  0.05%   127 1290s
 460263 319783   11.61043  729 1050   11.61430   11.60883  0.05%   125 1296s
 466826 325242   11.61053  752 1046   11.61430   11.60883  0.05%   124 1300s
 470216 328431   11.61063  767 1050   11.61430   11.60883  0.05%   124 1308s
 473877 331289   11.61109  780 1059   11.61430   11.60883  0.05%   123 1312s
 480794 337035   11.61080  813 1038   11.61430   11.60883  0.05%   122 1317s
 487487 341134   11.61191  845 1024   11.61430   11.60883  0.05%   121 1323s
 489107 350207   11.61095  847 1031   11.61430   11.60883  0.05%   121 1330s
 501001 353388   11.61121  915 1009   11.61430   11.60884  0.05%   120 1336s
 503432 357463   11.61130  943 1010   11.61430   11.60884  0.05%   119 1344s
 508236 361423   11.61137  965  999   11.61430   11.60884  0.05%   119 1347s
 512836 364894   11.61147  988  999   11.61430   11.60884  0.05%   118 1350s
 521978 371734   11.61165 1038  991   11.61430   11.60884  0.05%   117 1355s
 524896 374700 infeasible 1052        11.61430   11.60884  0.05%   116 1364s
 528358 377819   11.61178 1074  998   11.61430   11.60884  0.05%   116 1366s
 535451 383591   11.61188 1098  996   11.61430   11.60884  0.05%   115 1370s
H539621 386141                      11.6142955   11.60884  0.05%   114 1373s
 541952 388453   11.61203 1125 1000   11.61430   11.60884  0.05%   114 1375s
H542962 388189                      11.6142896   11.60884  0.05%   114 1375s
 548062 393911   11.61213 1141 1010   11.61429   11.60884  0.05%   113 1381s
 555657 399510   11.61233 1185 1026   11.61429   11.60884  0.05%   113 1386s
 562990 404668   11.61250 1228 1031   11.61429   11.60884  0.05%   112 1391s
 569341 409597   11.61265 1259 1023   11.61429   11.60884  0.05%   111 1397s
 574445 412998   11.61276 1300 1034   11.61429   11.60884  0.05%   111 1402s
 576944 416440   11.61280 1326 1025   11.61429   11.60884  0.05%   111 1405s
 587015 423817   11.61293 1383 1026   11.61429   11.60884  0.05%   110 1412s
 594511 429237   11.61304 1421 1027   11.61429   11.60884  0.05%   109 1417s
 601617 434836   11.61316 1469 1033   11.61429   11.60884  0.05%   108 1421s
 609004 441108   11.61321 1491 1032   11.61429   11.60884  0.05%   107 1426s
 616853 443566   11.61330 1530 1026   11.61429   11.60884  0.05%   107 1430s
H616861 443560                      11.6142895   11.60884  0.05%   107 1430s
 617401 446043   11.61329 1535 1026   11.61429   11.60884  0.05%   107 1435s
H617998 446011                      11.6142888   11.60884  0.05%   107 1435s
H618159 445999                      11.6142886   11.60884  0.05%   107 1435s
H618662 445701                      11.6142842   11.60884  0.05%   107 1435s
 620402 448109   11.61331 1552 1058   11.61428   11.60884  0.05%   107 1441s
 627661 453959   11.61337 1578 1079   11.61428   11.60884  0.05%   106 1446s
 635574 459775   11.61342 1608 1077   11.61428   11.60884  0.05%   105 1452s
 639341 462809   11.61343 1620 1070   11.61428   11.60884  0.05%   105 1455s
 646823 467177   11.61349 1659 1066   11.61428   11.60884  0.05%   105 1460s
 653213 472099   11.61361 1719 1079   11.61428   11.60884  0.05%   104 1465s
 660382 478233   11.61387 1750 1072   11.61428   11.60884  0.05%   104 1470s
 668442 485177   11.61373 1780 1079   11.61428   11.60885  0.05%   103 1476s
 676513 490589   11.61379 1803 1081   11.61428   11.60885  0.05%   102 1481s
 683189 495632 infeasible 1847        11.61428   11.60885  0.05%   101 1485s
 689255 500724   11.61395 1904 1096   11.61428   11.60885  0.05%   101 1490s
 698699 509337   11.61402 1956 1080   11.61428   11.60885  0.05%   100 1498s
 703115 511679   11.61403 1968 1076   11.61428   11.60885  0.05%   100 1500s
H703713 511559                      11.6142825   11.60885  0.05%   100 1500s
 706528 514464   11.61405 1977 1081   11.61428   11.60885  0.05%   100 1507s
 709429 518394   11.61406 1988 1068   11.61428   11.60885  0.05%   100 1510s
 717903 524670   11.61415  364 1285   11.61428   11.60885  0.05%  98.9 1515s
 725353 530780     cutoff  387        11.61428   11.60885  0.05%  98.4 1521s
 733715 536466   11.61225  572 1174   11.61428   11.60885  0.05%  97.7 1526s
 739591 542677   11.61422  759 1036   11.61428   11.60885  0.05%  97.3 1531s
 746794 548806   11.61408  345 1235   11.61428   11.60885  0.05%  96.8 1536s
 753347 554104     cutoff  360        11.61428   11.60885  0.05%  96.4 1541s
 760015 561035     cutoff  356        11.61428   11.60885  0.05%  96.0 1546s
 767999 566501   11.61419  424 1273   11.61428   11.60885  0.05%  95.4 1551s
 774466 572355   11.61383  418 1227   11.61428   11.60885  0.05%  95.0 1555s
 781742 575395   11.61421  537 1201   11.61428   11.60885  0.05%  94.5 1561s
 783923 580230   11.61298  317 1245   11.61428   11.60885  0.05%  94.4 1565s
 790967 587450     cutoff  325        11.61428   11.60885  0.05%  93.9 1571s
H792513 587450                      11.6142825   11.60885  0.05%  93.8 1571s
H793114 587450                      11.6142825   11.60885  0.05%  93.7 1571s
H796554 588412                      11.6142825   11.60885  0.05%  93.4 1573s
 797143 589962   11.61412  343 1291   11.61428   11.60885  0.05%  93.4 1575s
H797177 589962                      11.6142824   11.60885  0.05%  93.4 1576s
 802967 596315     cutoff  360        11.61428   11.60885  0.05%  93.0 1581s
H804096 596292                      11.6142820   11.60885  0.05%  92.9 1581s
H804748 596179                      11.6142808   11.60885  0.05%  92.9 1581s
 809648 602597   11.60985  362 1345   11.61428   11.60885  0.05%  92.6 1586s
 817810 608572   11.61023  430 1302   11.61428   11.60885  0.05%  92.1 1591s
 823152 615511   11.61027  438 1289   11.61428   11.60885  0.05%  91.7 1599s
 829242 619809   11.61030  449 1268   11.61428   11.60885  0.05%  91.3 1602s
 834342 623362   11.61032  454 1264   11.61428   11.60885  0.05%  91.0 1605s
 842544 629568   11.61035  468 1239   11.61428   11.60885  0.05%  90.4 1610s
 850122 637315   11.61039  486 1214   11.61428   11.60885  0.05%  89.9 1615s
 858266 642971   11.61049  502 1204   11.61428   11.60885  0.05%  89.4 1620s
 868500 651602   11.61058  513 1196   11.61428   11.60885  0.05%  88.8 1626s
 872204 654524   11.61064  525 1182   11.61428   11.60885  0.05%  88.6 1630s
 879168 660976   11.61065  526 1193   11.61428   11.60885  0.05%  88.2 1635s
 890648 669446   11.61074  543 1176   11.61428   11.60885  0.05%  87.6 1642s
 897443 674238   11.61091  560 1168   11.61428   11.60885  0.05%  87.3 1646s
H897876 673950                      11.6142780   11.60885  0.05%  87.3 1646s
H899358 673646                      11.6142748   11.60885  0.05%  87.2 1646s
 899966 673793   11.61099  573 1167   11.61427   11.60885  0.05%  87.2 1650s
 903358 678110   11.61121  602 1155   11.61427   11.60885  0.05%  87.0 1655s
 907872 683595   11.61116  608 1150   11.61427   11.60885  0.05%  86.8 1661s
 916443 690381   11.61123  619 1141   11.61427   11.60885  0.05%  86.3 1666s
 923846 695792   11.61134  638 1130   11.61427   11.60885  0.05%  86.0 1671s
 930157 701231   11.61140  659 1114   11.61427   11.60885  0.05%  85.7 1675s
 937293 706847   11.61146  687 1075   11.61427   11.60885  0.05%  85.4 1680s
 944207 712746   11.61148  697 1061   11.61427   11.60885  0.05%  85.2 1686s
 951829 718188   11.61192  701 1069   11.61427   11.60885  0.05%  84.9 1690s
 958700 723827   11.61152  705 1066   11.61427   11.60885  0.05%  84.6 1695s
 964157 728999   11.61171  736 1056   11.61427   11.60885  0.05%  84.4 1700s
 976501 740176   11.61197  796 1051   11.61427   11.60885  0.05%  83.7 1708s
 981469 743017   11.61203  807 1043   11.61427   11.60885  0.05%  83.4 1710s
H990220 748208                      11.6142748   11.60885  0.05%  83.0 1714s
 991268 749507   11.61217  854 1037   11.61427   11.60885  0.05%  82.9 1716s
 994680 754052   11.61221  881 1032   11.61427   11.60885  0.05%  82.7 1720s
 1002572 761282   11.61233  917 1031   11.61427   11.60885  0.05%  82.2 1725s
 1011824 768772   11.61249  954 1030   11.61427   11.60885  0.05%  81.7 1730s
 1021520 777175   11.61262  982 1025   11.61427   11.60885  0.05%  81.2 1736s
 1031208 785282   11.61271 1018 1018   11.61427   11.60885  0.05%  80.8 1741s
 1037808 789958   11.61277 1040 1015   11.61427   11.60885  0.05%  80.4 1747s
 1040166 797015   11.61281 1042 1016   11.61427   11.60885  0.05%  80.4 1751s
H1048761 799518                      11.6142748   11.60885  0.05%  79.9 1754s
H1050214 799131                      11.6142708   11.60885  0.05%  79.9 1754s
 1051636 800851   11.61285 1069 1006   11.61427   11.60885  0.05%  79.8 1756s
 1056111 806663   11.61294 1099 1008   11.61427   11.60885  0.05%  79.6 1761s
 1064848 813072   11.61302 1112 1011   11.61427   11.60885  0.05%  79.2 1765s
 1073710 820483   11.61310 1131 1020   11.61427   11.60885  0.05%  78.7 1770s
 1083912 828706   11.61331 1173 1024   11.61427   11.60885  0.05%  78.2 1776s
 1093700 837472 infeasible 1188        11.61427   11.60885  0.05%  77.7 1781s
 1100420 844867   11.61349 1229 1033   11.61427   11.60885  0.05%  77.4 1786s
 1108918 850403   11.61355 1259 1032   11.61427   11.60885  0.05%  77.0 1790s
 1118807 858693   11.61366 1307 1034   11.61427   11.60885  0.05%  76.5 1795s
 1128263 866353     cutoff 1329        11.61427   11.60885  0.05%  76.1 1801s
 1136150 872912   11.61379 1360 1035   11.61427   11.60885  0.05%  75.8 1806s
 1142839 877906   11.61388 1385 1074   11.61427   11.60885  0.05%  75.5 1810s
H1145975 879735                      11.6142686   11.60885  0.05%  75.4 1812s
 1150060 881998   11.61387 1392 1073   11.61427   11.60885  0.05%  75.2 1816s
 1155039 888318   11.61391 1409 1078   11.61427   11.60885  0.05%  75.0 1821s
 1163042 895074   11.61394 1433 1079   11.61427   11.60885  0.05%  74.7 1827s
 1170969 900336   11.61397 1449 1073   11.61427   11.60885  0.05%  74.4 1831s
 1177322 905729   11.61399 1463 1078   11.61427   11.60885  0.05%  74.2 1836s
 1184266 911411   11.61400 1469 1083   11.61427   11.60885  0.05%  74.0 1840s
 1194463 920956   11.61402 1475 1079   11.61427   11.60885  0.05%  73.6 1847s
 1202568 926226   11.61407 1503 1075   11.61427   11.60885  0.05%  73.3 1851s
 1208813 931620   11.61408 1504 1074   11.61427   11.60885  0.05%  73.1 1855s
 1217578 938786   11.61414 1533 1063   11.61427   11.60885  0.05%  72.8 1862s
 1224643 944847     cutoff 1541        11.61427   11.60885  0.05%  72.6 1867s
H1224644 944847                      11.6142686   11.60885  0.05%  72.6 1867s
H1226587 944845                      11.6142686   11.60885  0.05%  72.6 1867s
H1228509 944845                      11.6142686   11.60885  0.05%  72.5 1867s
H1230581 947234                      11.6142686   11.60885  0.05%  72.4 1869s
 1231687 948683   11.61417 1549 1066   11.61427   11.60885  0.05%  72.4 1872s
 1236137 953684   11.61417 1549 1064   11.61427   11.60885  0.05%  72.2 1877s
 1239868 956997     cutoff 1556        11.61427   11.60885  0.05%  72.1 1880s
 1248123 962971   11.61418 1561 1066   11.61427   11.60885  0.05%  71.9 1885s
 1255444 968870   11.61419 1562 1071   11.61427   11.60885  0.05%  71.7 1891s
 1262786 974016   11.61419 1566 1076   11.61427   11.60885  0.05%  71.5 1895s
 1270237 979457   11.61423 1583 1071   11.61427   11.60885  0.05%  71.2 1900s
 1276843 984578   11.61424 1595 1077   11.61427   11.60885  0.05%  71.1 1905s
 1283458 989638     cutoff 1600        11.61427   11.60885  0.05%  70.9 1910s
 1290866 995592   11.61425 1600 1069   11.61427   11.60885  0.05%  70.7 1915s
 1297535 997963   11.60893  377 1318   11.61427   11.60885  0.05%  70.5 1921s
 1300191 1002376   11.60896  379 1321   11.61427   11.60885  0.05%  70.5 1926s
H1303867 1004916                      11.6142686   11.60885  0.05%  70.4 1929s
 1306657 1006044     cutoff  489        11.61427   11.60885  0.05%  70.4 1931s
H1307444 1006040                      11.6142685   11.60885  0.05%  70.3 1931s
H1308422 1006875                      11.6142685   11.60885  0.05%  70.3 1934s
H1308430 1006873                      11.6142685   11.60885  0.05%  70.3 1934s
 1309040 1008224   11.61419  490 1293   11.61427   11.60885  0.05%  70.3 1937s
H1309816 1008191                      11.6142684   11.60885  0.05%  70.3 1937s
 1311089 1012328   11.60912  384 1324   11.61427   11.60885  0.05%  70.2 1941s
H1316487 1015005                      11.6142684   11.60885  0.05%  70.1 1944s
H1316835 1015005                      11.6142684   11.60885  0.05%  70.1 1944s
H1318124 1015005                      11.6142684   11.60885  0.05%  70.0 1944s
H1319618 1015005                      11.6142684   11.60885  0.05%  70.0 1944s
H1319873 1015003                      11.6142684   11.60885  0.05%  70.0 1944s
 1320001 1017390   11.61345  456 1296   11.61427   11.60885  0.05%  70.0 1947s
H1324259 1019877                      11.6142683   11.60885  0.05%  70.0 1949s
 1326370 1022456   11.61419  489 1283   11.61427   11.60885  0.05%  70.0 1952s
 1329739 1024743   11.61424  492 1287   11.61427   11.60885  0.05%  69.9 1955s
 1336252 1030028   11.61424  495 1284   11.61427   11.60885  0.05%  69.9 1960s
 1343155 1035760     cutoff  500        11.61427   11.60885  0.05%  69.9 1965s
 1350812 1042067   11.61013  496 1303   11.61427   11.60885  0.05%  69.7 1970s
 1358293 1048234   11.61024  506 1295   11.61427   11.60885  0.05%  69.5 1975s
H1361903 1049097                      11.6142680   11.60885  0.05%  69.4 1977s
 1364660 1053817   11.61031  531 1257   11.61427   11.60885  0.05%  69.4 1981s
 1372817 1060905   11.61112  542 1262   11.61427   11.60885  0.05%  69.1 1986s
 1381206 1067867   11.61043  553 1224   11.61427   11.60885  0.05%  68.9 1991s
 1387927 1073759   11.61054  572 1199   11.61427   11.60885  0.05%  68.7 1995s
 1397121 1081180   11.61064  594 1188   11.61427   11.60885  0.05%  68.6 2001s
 1403858 1087724   11.61079  616 1169   11.61427   11.60885  0.05%  68.4 2006s
 1410078 1096406   11.61092  634 1157   11.61427   11.60885  0.05%  68.3 2013s
 1417903 1099619   11.61113  671 1136   11.61427   11.60885  0.05%  68.0 2015s
 1425358 1105696   11.61134  707 1135   11.61427   11.60885  0.05%  67.8 2020s
 1435865 1114181   11.61141  731 1121   11.61427   11.60885  0.05%  67.6 2026s
 1439802 1120118   11.61147  746 1097   11.61427   11.60885  0.05%  67.5 2034s
 1445432 1124770   11.61151  758 1077   11.61427   11.60885  0.05%  67.4 2037s
 1451097 1128897   11.61166  783 1081   11.61427   11.60885  0.05%  67.3 2040s
 1460153 1136140   11.61192  840 1055   11.61427   11.60885  0.05%  67.1 2046s
 1468272 1143678   11.61225  898 1045   11.61427   11.60885  0.05%  66.9 2051s
 1476215 1149130   11.61236  934 1037   11.61427   11.60885  0.05%  66.7 2055s
 1486160 1157530   11.61250  986 1026   11.61427   11.60885  0.05%  66.4 2060s
 1496452 1166773   11.61273 1041 1010   11.61427   11.60886  0.05%  66.2 2066s
 1505691 1174430   11.61298 1092  980   11.61427   11.60886  0.05%  65.9 2071s
 1515286 1182592   11.61304 1138  963   11.61427   11.60886  0.05%  65.6 2076s
 1521609 1188389   11.61309 1171  960   11.61427   11.60886  0.05%  65.4 2080s
 1531407 1198739   11.61321 1220  963   11.61427   11.60886  0.05%  65.1 2086s
 1542822 1206630   11.61335 1273  971   11.61427   11.60886  0.05%  64.8 2091s
 1549005 1211862     cutoff 1293        11.61427   11.60886  0.05%  64.6 2095s
 1557711 1219132   11.61362 1340  973   11.61427   11.60886  0.05%  64.4 2101s
 1566533 1225506   11.61377 1401  981   11.61427   11.60886  0.05%  64.2 2106s
 1574899 1233316   11.61391 1447  983   11.61427   11.60886  0.05%  64.0 2111s
 1582115 1238846   11.61400 1497  978   11.61427   11.60886  0.05%  63.8 2115s
 1592058 1248515   11.61414 1563  984   11.61427   11.60886  0.05%  63.6 2122s
 1600099 1253429   11.61424 1613  989   11.61427   11.60886  0.05%  63.4 2127s
 1606437 1259883   11.61057  332 1364   11.61427   11.60886  0.05%  63.2 2131s
 1613345 1265455   11.61418  394 1286   11.61427   11.60886  0.05%  63.0 2135s
 1623654 1275456   11.61386  484 1249   11.61427   11.60886  0.05%  62.8 2142s
 1631586 1281221   11.61035  369 1346   11.61427   11.60886  0.05%  62.6 2146s
 1638466 1287154   11.61365  586 1122   11.61427   11.60886  0.05%  62.4 2150s
 1648184 1294823   11.61051  341 1365   11.61427   11.60886  0.05%  62.2 2155s
 1655298 1301596     cutoff  484        11.61427   11.60886  0.05%  62.1 2162s
 1663113 1307685   11.61083  356 1309   11.61427   11.60886  0.05%  62.0 2166s
 1670213 1313509 infeasible  520        11.61427   11.60886  0.05%  61.8 2170s
 1673965 1315714     cutoff  520        11.61427   11.60886  0.05%  61.7 2177s
 1680250 1322494   11.60894  340 1329   11.61427   11.60886  0.05%  61.6 2181s
 1687587 1329617   11.60914  370 1324   11.61427   11.60886  0.05%  61.5 2186s
 1695465 1335607   11.60932  427 1307   11.61427   11.60886  0.05%  61.3 2190s
 1705576 1344156   11.60939  444 1276   11.61427   11.60886  0.05%  61.1 2196s
H1712771 1348460                      11.6142654   11.60886  0.05%  60.9 2199s
 1714681 1349584   11.60943  461 1246   11.61427   11.60886  0.05%  60.8 2201s
 1717475 1354192   11.60943  462 1244   11.61427   11.60886  0.05%  60.8 2206s
 1725565 1360796   11.60953  474 1228   11.61427   11.60886  0.05%  60.6 2210s
 1736003 1369094   11.60957  486 1206   11.61427   11.60886  0.05%  60.4 2216s
 1742030 1373856   11.60959  497 1184   11.61427   11.60886  0.05%  60.3 2220s
 1748299 1380336   11.60962  507 1168   11.61427   11.60886  0.05%  60.2 2225s
 1759680 1386984   11.60973  528 1159   11.61427   11.60886  0.05%  60.0 2231s
 1764963 1393155   11.60975  536 1151   11.61427   11.60886  0.05%  59.8 2235s
 1775158 1401067   11.60981  553 1143   11.61427   11.60886  0.05%  59.7 2242s
 1778301 1404386   11.60981  557 1139   11.61427   11.60886  0.05%  59.6 2245s
 1789266 1412499   11.60982  558 1138   11.61427   11.60886  0.05%  59.5 2252s
 1795797 1417998   11.60987  576 1124   11.61427   11.60886  0.05%  59.4 2256s
 1802608 1424112   11.60990  585 1108   11.61427   11.60886  0.05%  59.3 2260s
 1809986 1430877   11.60992  597 1088   11.61427   11.60886  0.05%  59.1 2269s
 1814348 1434178   11.61007  613 1092   11.61427   11.60886  0.05%  59.1 2272s
 1821790 1439951   11.61033  642 1089   11.61427   11.60886  0.05%  59.0 2276s
 1828906 1445408   11.61042  663 1078   11.61427   11.60886  0.05%  58.9 2280s
H1839173 1455166                      11.6142654   11.60886  0.05%  58.7 2287s
H1843855 1456523                      11.6142654   11.60886  0.05%  58.6 2289s
 1845375 1456990   11.61075  731 1071   11.61427   11.60886  0.05%  58.6 2291s
H1847653 1456285                      11.6142626   11.60886  0.05%  58.5 2294s
 1847928 1460427   11.61074  732 1061   11.61426   11.60886  0.05%  58.5 2297s
H1852972 1461176                      11.6142626   11.60886  0.05%  58.5 2299s
 1854103 1461630   11.61077  744 1059   11.61426   11.60886  0.05%  58.4 2301s
H1854653 1463838                      11.6142624   11.60886  0.05%  58.4 2305s
H1855653 1463541                      11.6142621   11.60886  0.05%  58.4 2305s
H1856211 1462864                      11.6142613   11.60886  0.05%  58.4 2305s
 1862587 1470745   11.61079  752 1055   11.61426   11.60886  0.05%  58.3 2311s
 1871321 1475229   11.61096  780 1062   11.61426   11.60886  0.05%  58.2 2316s
 1873120 1482052   11.61101  788 1059   11.61426   11.60886  0.05%  58.2 2321s
 1885678 1487741   11.61130  846 1041   11.61426   11.60886  0.05%  58.0 2326s
 1892532 1492444   11.61149  886 1030   11.61426   11.60886  0.05%  58.0 2330s
 1898870 1497562   11.61190  918 1030   11.61426   11.60886  0.05%  57.9 2335s
 1906244 1503354   11.61173  955 1009   11.61426   11.60886  0.05%  57.9 2340s
 1915956 1510803   11.61191 1000 1005   11.61426   11.60886  0.05%  57.8 2346s
 1920866 1513741   11.61203 1025 1001   11.61426   11.60886  0.05%  57.7 2351s
 1926369 1519161   11.61206 1055  991   11.61426   11.60886  0.05%  57.7 2356s
H1926715 1519159                      11.6142613   11.60886  0.05%  57.7 2356s
 1933641 1525234   11.61213 1082  982   11.61426   11.60886  0.05%  57.6 2361s
 1940648 1530270   11.61213 1104  975   11.61426   11.60886  0.05%  57.6 2365s
 1947249 1535761   11.61217 1129  970   11.61426   11.60886  0.05%  57.5 2370s
 1954446 1541410   11.61221 1149  967   11.61426   11.60886  0.05%  57.5 2375s
H1954746 1541410                      11.6142613   11.60886  0.05%  57.4 2375s
 1964280 1549144   11.61244 1198  977   11.61426   11.60886  0.05%  57.4 2382s
 1970063 1551151   11.61266 1227  982   11.61426   11.60886  0.05%  57.3 2386s
 1970687 1553682   11.61258 1229  988   11.61426   11.60886  0.05%  57.4 2390s
 1978475 1560844   11.61274 1284 1002   11.61426   11.60886  0.05%  57.3 2396s
 1987139 1566809   11.61283 1312 1003   11.61426   11.60886  0.05%  57.3 2401s
 1994019 1571977   11.61322 1364  994   11.61426   11.60886  0.05%  57.2 2406s
 2000803 1577273   11.61320 1416 1003   11.61426   11.60886  0.05%  57.2 2411s
 2007611 1582956   11.61314 1449  993   11.61426   11.60886  0.05%  57.2 2416s
 2014184 1587867   11.61316 1452  982   11.61426   11.60886  0.05%  57.2 2421s
 2017312 1588467   11.61316 1454  981   11.61426   11.60886  0.05%  57.2 2426s
 2021809 1593574   11.61316 1463  999   11.61426   11.60886  0.05%  57.2 2431s
 2028107 1599001   11.61322 1475  995   11.61426   11.60886  0.05%  57.2 2436s
 2034565 1603540   11.61324 1506  988   11.61426   11.60886  0.05%  57.1 2441s
 2040167 1608222   11.61329 1524  995   11.61426   11.60886  0.05%  57.1 2446s
 2047858 1614761   11.61336 1552 1005   11.61426   11.60886  0.05%  57.1 2451s
 2055572 1620721   11.61341 1576 1002   11.61426   11.60886  0.05%  57.0 2456s
 2062750 1626214 infeasible 1611        11.61426   11.60886  0.05%  57.0 2461s
 2069989 1631963     cutoff 1652        11.61426   11.60886  0.05%  56.9 2465s
 2080401 1640626   11.61363 1692 1007   11.61426   11.60886  0.05%  56.8 2471s
 2086919 1646213   11.61365 1702  998   11.61426   11.60886  0.05%  56.7 2477s
 2092786 1652251   11.61367 1722 1007   11.61426   11.60886  0.05%  56.7 2482s
 2097726 1655612   11.61370 1736 1008   11.61426   11.60886  0.05%  56.6 2485s
 2108663 1664468   11.61377 1776 1010   11.61426   11.60886  0.05%  56.5 2491s
 2115935 1670565   11.61379 1800 1015   11.61426   11.60886  0.05%  56.4 2497s
 2122713 1675483   11.61384 1832 1018   11.61426   11.60886  0.05%  56.4 2502s
 2129129 1681048   11.61419 1862 1014   11.61426   11.60886  0.05%  56.5 2507s
 2136138 1686685   11.61388 1875 1012   11.61426   11.60886  0.05%  56.5 2512s
H2136631 1686683                      11.6142613   11.60886  0.05%  56.5 2512s
 2141255 1690205   11.61390 1881 1006   11.61426   11.60886  0.05%  56.5 2517s
 2143648 1694424   11.61390 1881 1009   11.61426   11.60886  0.05%  56.4 2520s
 2152733 1701137   11.61392 1901 1001   11.61426   11.60886  0.05%  56.3 2525s
 2162773 1709397   11.61396 1936  993   11.61426   11.60886  0.05%  56.2 2531s
 2168866 1714139     cutoff 1966        11.61426   11.60886  0.05%  56.2 2535s
 2179099 1723123   11.61403 1999  981   11.61426   11.60886  0.05%  56.1 2542s
 2185922 1728625   11.61405 2033  951   11.61426   11.60886  0.05%  56.0 2546s
 2192805 1733872   11.61406 2049  949   11.61426   11.60886  0.05%  56.0 2551s
 2199536 1739801   11.61408 2081  931   11.61426   11.60886  0.05%  55.9 2556s
 2206506 1745386   11.61408 2083  929   11.61426   11.60886  0.05%  55.9 2561s
 2213980 1752009   11.61410 2108  928   11.61426   11.60886  0.05%  55.8 2566s
 2220988 1757617   11.61412 2123  922   11.61426   11.60886  0.05%  55.7 2570s
 2227342 1762561   11.61414 2150  922   11.61426   11.60886  0.05%  55.7 2575s
 2236369 1771349   11.61418 2186  915   11.61426   11.60886  0.05%  55.6 2582s
 2240488 1775140   11.61419 2213  907   11.61426   11.60886  0.05%  55.6 2585s
 2247904 1779435   11.61421 2234  910   11.61426   11.60886  0.05%  55.5 2592s
 2253801 1785968 infeasible 2250        11.61426   11.60886  0.05%  55.4 2596s
 2260898 1791819   11.61424 2284  904   11.61426   11.60886  0.05%  55.4 2601s
 2267697 1797365     cutoff 2295        11.61426   11.60886  0.05%  55.3 2605s
 2274830 1804117   11.61425 2304  885   11.61426   11.60886  0.05%  55.3 2610s
 2285610 1813249   11.61426 2325  903   11.61426   11.60886  0.05%  55.1 2616s
 2289789 1816959   11.61180  457 1288   11.61426   11.60886  0.05%  55.1 2620s
 2296977 1823290   11.61423  637 1126   11.61426   11.60886  0.05%  55.0 2625s
H2297005 1823290                      11.6142613   11.60886  0.05%  55.0 2625s
H2297885 1823286                      11.6142613   11.60886  0.05%  55.0 2625s
 2302325 1829746   11.61422  649 1115   11.61426   11.60886  0.05%  54.9 2632s
 2307905 1833861   11.61421  648 1114   11.61426   11.60886  0.05%  54.8 2635s
 2315994 1840554     cutoff  424        11.61426   11.60886  0.05%  54.8 2640s
 2329216 1850916   11.61256  575 1148   11.61426   11.60886  0.05%  54.6 2646s
 2337503 1857131   11.61417  710 1046   11.61426   11.60886  0.05%  54.5 2651s
 2346573 1865557   11.61425  725 1043   11.61426   11.60886  0.05%  54.4 2656s
 2353319 1871213   11.61136  366 1374   11.61426   11.60886  0.05%  54.3 2661s
 2360486 1877523   11.61147  428 1349   11.61426   11.60886  0.05%  54.2 2665s
 2368714 1884318   11.61147  448 1327   11.61426   11.60886  0.05%  54.1 2670s
 2378163 1892460   11.61154  472 1306   11.61426   11.60886  0.05%  54.0 2675s
 2384663 1895420   11.61160  491 1277   11.61426   11.60886  0.05%  53.9 2681s
 2386230 1899984   11.61161  495 1267   11.61426   11.60886  0.05%  53.9 2685s
 2393466 1906257   11.61165  510 1240   11.61426   11.60886  0.05%  53.8 2690s
 2404604 1914977   11.61178  539 1209   11.61426   11.60886  0.05%  53.7 2696s
 2411363 1920994   11.61183  549 1199   11.61426   11.60886  0.05%  53.7 2700s
H2420190 1926635                      11.6142613   11.60886  0.05%  53.6 2705s
 2424543 1933065   11.61195  569 1195   11.61426   11.60886  0.05%  53.5 2712s
 2428887 1937737   11.61199  586 1191   11.61426   11.60886  0.05%  53.5 2716s
 2438381 1944561   11.61228  637 1167   11.61426   11.60886  0.05%  53.4 2721s
 2446216 1950980     cutoff  672        11.61426   11.60886  0.05%  53.3 2726s
 2453577 1956010   11.61262  713 1150   11.61426   11.60886  0.05%  53.3 2731s
H2458044 1960697                      11.6142613   11.60886  0.05%  53.2 2735s
 2464770 1967271   11.61271  738 1139   11.61426   11.60886  0.05%  53.2 2742s
 2469342 1971053   11.61276  755 1139   11.61426   11.60886  0.05%  53.1 2745s
 2481358 1980962   11.61281  769 1128   11.61426   11.60886  0.05%  53.0 2752s
 2485301 1984542   11.61283  776 1112   11.61426   11.60886  0.05%  52.9 2755s
 2492850 1990358   11.61285  789 1103   11.61426   11.60886  0.05%  52.9 2760s
 2502837 1998813   11.61287  798 1098   11.61426   11.60886  0.05%  52.8 2766s
 2508898 2004056   11.61290  809 1088   11.61426   11.60886  0.05%  52.8 2771s
 2515995 2010930   11.61294  825 1076   11.61426   11.60886  0.05%  52.7 2776s
 2520971 2014440   11.61305  848 1065   11.61426   11.60886  0.05%  52.6 2780s
 2531797 2023310   11.61319  883 1054   11.61426   11.60886  0.05%  52.5 2786s
 2539070 2029816   11.61330  912 1044   11.61426   11.60886  0.05%  52.5 2790s
 2546118 2035957   11.61347  940 1041   11.61426   11.60886  0.05%  52.4 2795s
 2556739 2044439   11.61354  970 1025   11.61426   11.60886  0.05%  52.3 2803s
 2560019 2047413   11.61355  975 1017   11.61426   11.60886  0.05%  52.3 2805s
 2570826 2056862   11.61359  999 1012   11.61426   11.60886  0.05%  52.2 2811s
 2577954 2063448   11.61364 1015  998   11.61426   11.60886  0.05%  52.2 2816s
 2585546 2068968   11.61370 1034  999   11.61426   11.60886  0.05%  52.1 2820s
 2595104 2077366   11.61374 1054  986   11.61426   11.60886  0.05%  52.0 2827s
 2601788 2082672   11.61378 1072  985   11.61426   11.60886  0.05%  51.9 2831s
 2608293 2088724   11.61381 1085  978   11.61426   11.60886  0.05%  51.9 2835s
H2617154 2093886                      11.6142613   11.60886  0.05%  51.8 2839s
 2618415 2095440   11.61393 1116  969   11.61426   11.60886  0.05%  51.8 2842s
 2622684 2100884 infeasible 1132        11.61426   11.60886  0.05%  51.8 2846s
 2630446 2107270   11.61403 1155  962   11.61426   11.60886  0.05%  51.7 2851s
 2637339 2113596   11.61409 1168  959   11.61426   11.60886  0.05%  51.7 2857s
 2644547 2118975   11.61416 1185  957   11.61426   11.60886  0.05%  51.6 2861s
 2650841 2125080   11.61421 1186  994   11.61426   11.60886  0.05%  51.6 2866s
 2658169 2131197   11.61424 1186  982   11.61426   11.60886  0.05%  51.5 2871s
 2664787 2136579   11.60990  362 1331   11.61426   11.60886  0.05%  51.5 2875s
 2672201 2142636     cutoff  616        11.61426   11.60886  0.05%  51.4 2881s
H2675253 2142636                      11.6142613   11.60886  0.05%  51.4 2881s
 2679093 2147097   11.60887  359 1341   11.61426   11.60886  0.05%  51.4 2885s
 2682462 2152010   11.61161  595 1222   11.61426   11.60886  0.05%  51.3 2890s
 2693258 2161420   11.61185  458 1287   11.61426   11.60886  0.05%  51.2 2897s
 2701231 2167746   11.61344  340 1323   11.61426   11.60886  0.05%  51.2 2902s
 2708011 2173075   11.61421  500 1203   11.61426   11.60886  0.05%  51.1 2906s
 2714328 2178446   11.61380  376 1358   11.61426   11.60886  0.05%  51.1 2910s
 2722643 2185440   11.61420  417 1310   11.61426   11.60886  0.05%  51.1 2916s
 2730538 2191368   11.60915  435 1304   11.61426   11.60886  0.05%  51.1 2921s
 2733696 2193899   11.60917  446 1282   11.61426   11.60886  0.05%  51.1 2927s
 2740420 2199850   11.60932  461 1269   11.61426   11.60886  0.05%  51.0 2931s
 2747863 2205389   11.60939  475 1249   11.61426   11.60886  0.05%  51.0 2937s
 2754339 2210450   11.60944  491 1218   11.61426   11.60886  0.05%  50.9 2941s
 2761579 2216505   11.60952  509 1191   11.61426   11.60886  0.05%  50.9 2946s
 2768232 2222311   11.60963  525 1186   11.61426   11.60886  0.05%  50.9 2951s
 2775486 2227924   11.60988  557 1182   11.61426   11.60886  0.05%  50.8 2955s
 2784746 2235777   11.61006  605 1164   11.61426   11.60886  0.05%  50.8 2961s
 2790467 2243709   11.61010  619 1142   11.61426   11.60886  0.05%  50.8 2969s
 2798444 2247055     cutoff  634        11.61426   11.60886  0.05%  50.7 2971s
 2807106 2254161   11.61138  671 1101   11.61426   11.60886  0.05%  50.6 2976s
 2814317 2260229   11.61049  686 1104   11.61426   11.60886  0.05%  50.5 2980s
 2825599 2269078   11.61058  717 1075   11.61426   11.60886  0.05%  50.4 2986s
 2831873 2275000   11.61060  725 1070   11.61426   11.60886  0.05%  50.3 2990s
 2841501 2283552   11.61081  763 1076   11.61426   11.60886  0.05%  50.3 2996s
 2847989 2290058   11.61182  794 1058   11.61426   11.60886  0.05%  50.2 3001s
 2855285 2295642   11.61145  826 1051   11.61426   11.60886  0.05%  50.1 3005s
 2865666 2304280   11.61145  888 1042   11.61426   11.60886  0.05%  50.1 3011s
 2872412 2310428   11.61154  922 1028   11.61426   11.60886  0.05%  50.0 3015s
 2879774 2317110   11.61165  959 1009   11.61426   11.60886  0.05%  49.9 3020s
 2890094 2325700   11.61192 1023  987   11.61426   11.60886  0.05%  49.9 3026s
 2898007 2331901   11.61196 1054  974   11.61426   11.60886  0.05%  49.8 3030s
 2908740 2341870   11.61210 1115  963   11.61426   11.60886  0.05%  49.7 3037s
 2916595 2347948   11.61221 1160  962   11.61426   11.60886  0.05%  49.6 3041s
 2926878 2356855   11.61235 1211  953   11.61426   11.60886  0.05%  49.5 3046s
 2933694 2361763   11.61245 1254  961   11.61426   11.60886  0.05%  49.4 3050s
H2937746 2363827                      11.6142613   11.60886  0.05%  49.4 3052s
 2939537 2388487   11.61255 1282  962   11.61426   11.60886  0.05%  49.4 3073s
 2968459 2392628   11.61298 1454  986   11.61426   11.60886  0.05%  49.2 3075s
 2979609 2400699   11.61306 1498  991   11.61426   11.60886  0.05%  49.1 3080s
 2989511 2409363   11.61317 1564  996   11.61426   11.60886  0.05%  49.0 3086s
 2995892 2413878   11.61320 1586  996   11.61426   11.60886  0.05%  48.9 3090s
 3005846 2423380   11.61324 1609  983   11.61426   11.60886  0.05%  48.8 3096s
 3012048 2428731   11.61326 1621  988   11.61426   11.60886  0.05%  48.7 3100s
 3021798 2436924   11.61339 1677  999   11.61426   11.60886  0.05%  48.7 3105s
 3028477 2444031     cutoff 1711        11.61426   11.60886  0.05%  48.6 3110s
 3039415 2452415   11.61356 1757  987   11.61426   11.60886  0.05%  48.5 3116s
 3049135 2460569   11.61367 1814  978   11.61426   11.60886  0.05%  48.5 3121s
 3055506 2465709   11.61377 1877  982   11.61426   11.60886  0.05%  48.4 3125s
 3062008 2472687   11.61380 1909  969   11.61426   11.60886  0.05%  48.4 3131s
 3070575 2478543   11.61385 1954  977   11.61426   11.60886  0.05%  48.3 3136s
 3077885 2484707   11.61392 2002  978   11.61426   11.60886  0.05%  48.3 3140s
 3088075 2493057   11.61396 2037  970   11.61426   11.60886  0.05%  48.2 3146s
 3095465 2498781 infeasible 2058        11.61426   11.60886  0.05%  48.1 3150s
 3105324 2506756   11.61401 2100  952   11.61426   11.60886  0.05%  48.1 3157s
 3112274 2512251   11.61405 2147  960   11.61426   11.60886  0.05%  48.0 3160s
 3119090 2518281   11.61409 2196  962   11.61426   11.60886  0.05%  47.9 3165s
 3129738 2526437   11.61413 2256  964   11.61426   11.60886  0.05%  47.9 3171s
 3136454 2529525   11.61417 2293  962   11.61426   11.60886  0.05%  47.8 3175s
 3139010 2534555   11.61418 2308  961   11.61426   11.60886  0.05%  47.8 3181s
H3139349 2533090                      11.6142597   11.60886  0.05%  47.8 3181s
H3142361 2534513                      11.6142597   11.60886  0.05%  47.8 3183s
 3144037 2535151   11.61421 2339  952   11.61426   11.60886  0.05%  47.8 3185s
 3147685 2541809   11.61421 2339  952   11.61426   11.60886  0.05%  47.8 3191s
 3153252 2561853   11.61422 2380  942   11.61426   11.60886  0.05%  47.7 3205s
 3182390 2571205   11.61419  566 1211   11.61426   11.60886  0.05%  47.5 3212s
 3190011 2576693     cutoff  420        11.61426   11.60886  0.05%  47.4 3215s
 3199911 2585185   11.61151  551 1223   11.61426   11.60886  0.05%  47.3 3221s
 3206239 2590445     cutoff  566        11.61426   11.60886  0.05%  47.3 3225s
H3210089 2592960                      11.6142597   11.60886  0.05%  47.3 3227s
 3215264 2598394   11.61416  564 1214   11.61426   11.60886  0.05%  47.3 3232s
H3218087 2598394                      11.6142597   11.60886  0.05%  47.2 3232s
 3218615 2601621   11.61303  323 1275   11.61426   11.60886  0.05%  47.2 3235s
H3222123 2601619                      11.6142597   11.60886  0.05%  47.2 3235s
 3227748 2607520   11.61405  528 1230   11.61426   11.60886  0.05%  47.2 3242s
 3229523 2611490   11.61406  529 1230   11.61426   11.60886  0.05%  47.2 3245s
 3242386 2622087   11.61024  350 1337   11.61426   11.60886  0.05%  47.1 3252s
 3249441 2627809   11.61306  373 1332   11.61426   11.60886  0.05%  47.1 3256s
 3256653 2634127   11.61406  389 1333   11.61426   11.60886  0.05%  47.0 3260s
 3266953 2642740     cutoff  400        11.61426   11.60886  0.05%  46.9 3266s
H3267373 2642726                      11.6142597   11.60886  0.05%  46.9 3267s
H3267641 2642699                      11.6142597   11.60886  0.05%  46.9 3267s
 3271777 2646100   11.61417  399 1325   11.61426   11.60886  0.05%  46.9 3271s
 3276600 2654055   11.61008  363 1436   11.61426   11.60886  0.05%  46.9 3278s
 3283719 2657807   11.60910  357 1328   11.61426   11.60886  0.05%  46.8 3281s
 3292504 2664843   11.61415  625 1142   11.61426   11.60886  0.05%  46.7 3285s
 3303524 2674569   11.61426  629 1123   11.61426   11.60886  0.05%  46.7 3292s
 3310659 2680502     cutoff  636        11.61426   11.60886  0.05%  46.6 3297s
 3317818 2686543   11.60887  369 1328   11.61426   11.60886  0.05%  46.6 3301s
 3325057 2692530     cutoff  550        11.61426   11.60886  0.05%  46.5 3305s
H3325284 2692526                      11.6142597   11.60886  0.05%  46.5 3305s
 3332669 2699628   11.60903  364 1333   11.61426   11.60886  0.05%  46.5 3312s
 3340083 2705478   11.60930  422 1309   11.61426   11.60886  0.05%  46.4 3316s
 3346615 2711437   11.60931  428 1301   11.61426   11.60886  0.05%  46.4 3320s
 3356993 2720282   11.60945  450 1274   11.61426   11.60886  0.05%  46.3 3326s
 3363192 2725533   11.60956  466 1263   11.61426   11.60886  0.05%  46.3 3330s
 3369845 2730940   11.60961  480 1238   11.61426   11.60886  0.05%  46.3 3335s
 3377250 2737403   11.60965  494 1212   11.61426   11.60886  0.05%  46.3 3340s
 3388668 2747127   11.60980  517 1185   11.61426   11.60886  0.05%  46.2 3346s
 3395519 2753785   11.60984  530 1161   11.61426   11.60886  0.05%  46.2 3351s
 3402986 2759026   11.60986  539 1153   11.61426   11.60886  0.05%  46.1 3355s
 3412537 2767251   11.61001  567 1157   11.61426   11.60886  0.05%  46.1 3361s
 3422699 2776186   11.61005  581 1123   11.61426   11.60886  0.05%  46.1 3367s
 3430381 2782132   11.61010  591 1122   11.61426   11.60886  0.05%  46.0 3371s
 3436194 2787253   11.61027  622 1115   11.61426   11.60886  0.05%  46.0 3375s
 3442384 2792269   11.61049  647 1105   11.61426   11.60886  0.05%  46.0 3380s
 3452377 2800405   11.61063  671 1099   11.61426   11.60886  0.05%  45.9 3386s
 3459871 2806094   11.61067  689 1104   11.61426   11.60886  0.05%  45.9 3390s
 3466234 2811351   11.61080  696 1102   11.61426   11.60886  0.05%  45.9 3395s
 3475741 2819596   11.61099  734 1096   11.61426   11.60886  0.05%  45.9 3401s
 3482829 2825182     cutoff  753        11.61426   11.60886  0.05%  45.8 3405s
 3490277 2831430   11.61159  779 1085   11.61426   11.60886  0.05%  45.8 3410s
 3496132 2836424   11.61120  792 1067   11.61426   11.60886  0.05%  45.8 3415s
 3506059 2844725   11.61122  801 1056   11.61426   11.60886  0.05%  45.7 3421s
 3512197 2847066   11.61127  805 1064   11.61426   11.60886  0.05%  45.7 3425s
 3512475 2850412   11.61127  805 1058   11.61426   11.60886  0.05%  45.7 3430s
 3523444 2859406   11.61145  838 1041   11.61426   11.60886  0.05%  45.7 3436s
 3530066 2864469   11.61165  878 1044   11.61426   11.60886  0.05%  45.6 3440s
 3539388 2872284   11.61187  919 1035   11.61426   11.60886  0.05%  45.6 3446s
 3545849 2878367   11.61196  943 1033   11.61426   11.60886  0.05%  45.6 3450s
 3556881 2886641   11.61218  991 1020   11.61426   11.60886  0.05%  45.5 3456s
 3562785 2891552   11.61220 1009 1005   11.61426   11.60886  0.05%  45.5 3460s
 3572206 2897802   11.61233 1052 1004   11.61426   11.60886  0.05%  45.5 3466s
 3573772 2901426   11.61230 1057 1009   11.61426   11.60886  0.05%  45.5 3470s
 3581765 2907221   11.61239 1080 1005   11.61426   11.60886  0.05%  45.4 3475s
 3588792 2913646   11.61241 1105 1004   11.61426   11.60886  0.05%  45.4 3480s
 3598332 2921319   11.61245 1136 1004   11.61426   11.60886  0.05%  45.4 3486s
 3605432 2927113   11.61247 1155 1007   11.61426   11.60886  0.05%  45.4 3490s
 3612853 2933275   11.61247 1157 1006   11.61426   11.60886  0.05%  45.3 3496s
 3619867 2939102   11.61263 1189 1011   11.61426   11.60886  0.05%  45.3 3500s
 3629597 2946436   11.61293 1238 1020   11.61426   11.60886  0.05%  45.3 3506s
 3635744 2951376   11.61286 1261 1024   11.61426   11.60886  0.05%  45.3 3510s
 3641869 2957699   11.61294 1282 1026   11.61426   11.60886  0.05%  45.3 3516s
 3650539 2963558   11.61302 1316 1025   11.61426   11.60886  0.05%  45.2 3520s
 3657646 2969759   11.61344 1347 1054   11.61426   11.60886  0.05%  45.2 3525s
 3668798 2978890   11.61322 1376 1020   11.61426   11.60886  0.05%  45.1 3532s
 3676262 2984480   11.61328 1400 1021   11.61426   11.60886  0.05%  45.1 3536s
 3683363 2990406   11.61421 1412 1006   11.61426   11.60886  0.05%  45.1 3540s
 3693624 2998680   11.61334 1427 1022   11.61426   11.60886  0.05%  45.1 3546s
H3698792 3001258                      11.6142597   11.60886  0.05%  45.0 3549s
 3700109 3002592     cutoff 1457        11.61426   11.60886  0.05%  45.0 3551s
 3701671 3006172   11.61339 1464 1027   11.61426   11.60886  0.05%  45.0 3556s
 3705935 3011915   11.61341 1470 1022   11.61426   11.60886  0.05%  45.0 3560s
 3717413 3019484   11.61346 1506 1015   11.61426   11.60886  0.05%  44.9 3565s
 3725891 3025803   11.61346 1514 1018   11.61426   11.60886  0.05%  44.9 3570s
 3734445 3033298   11.61353 1551 1021   11.61426   11.60886  0.05%  44.9 3578s
 3739113 3036304   11.61357 1579 1027   11.61426   11.60886  0.05%  44.8 3580s
 3746309 3041474     cutoff 1598        11.61426   11.60886  0.05%  44.8 3585s
 3756266 3049710   11.61365 1626 1035   11.61426   11.60886  0.05%  44.8 3592s
 3763581 3055823   11.61366 1636 1040   11.61426   11.60886  0.05%  44.8 3596s
[2026-05-21T11:08:36.007] error: *** JOB 13935104 ON x1000c2s5b1n1 CANCELLED AT 2026-05-21T11:08:36 DUE TO TIME LIMIT ***
