2026-05-19 09:12:04 [INFO] idaes.core.surrogate.pysmo_surrogate: Decode surrogate. type=poly

===========================Polynomial Regression===============================================

The number of cross-validation cases (3) is used.
The default training/cross-validation split of 0.75 is used.
No iterations will be run.
Default parameter estimation method is used.
Parameter estimation method:  pyomo 

2026-05-19 09:12:04 [INFO] idaes.core.surrogate.pysmo_surrogate: Decode surrogate. type=poly

===========================Polynomial Regression===============================================

The number of cross-validation cases (3) is used.
The default training/cross-validation split of 0.75 is used.
No iterations will be run.
Default parameter estimation method is used.
Parameter estimation method:  pyomo 

2026-05-19 09:12:04 [INFO] idaes.core.surrogate.pysmo_surrogate: Decode surrogate. type=poly

===========================Polynomial Regression===============================================

The number of cross-validation cases (3) is used.
The default training/cross-validation split of 0.75 is used.
No iterations will be run.
Default parameter estimation method is used.
Parameter estimation method:  pyomo 

2026-05-19 09:12:04 [INFO] idaes.core.surrogate.pysmo_surrogate: Decode surrogate. type=poly

===========================Polynomial Regression===============================================

The number of cross-validation cases (3) is used.
The default training/cross-validation split of 0.75 is used.
No iterations will be run.
Default parameter estimation method is used.
Parameter estimation method:  pyomo 

2026-05-19 09:12:05 [INFO] idaes.apps.grid_integration.pricetaker.price_taker_model: Found minimum uptime/downtime data for pretreatment.uf_pumps[1] - Adding minimum uptime/downtime constraints.
2026-05-19 09:12:05 [INFO] idaes.apps.grid_integration.pricetaker.price_taker_model: Created startup/shutdown constraints for operation model  pretreatment.uf_pumps[1] at uf_pumps_1_startup_shutdown.
2026-05-19 09:12:05 [INFO] idaes.apps.grid_integration.pricetaker.price_taker_model: Found minimum uptime/downtime data for pretreatment.uf_pumps[2] - Adding minimum uptime/downtime constraints.
2026-05-19 09:12:05 [INFO] idaes.apps.grid_integration.pricetaker.price_taker_model: Created startup/shutdown constraints for operation model  pretreatment.uf_pumps[2] at uf_pumps_2_startup_shutdown.
2026-05-19 09:12:05 [INFO] idaes.apps.grid_integration.pricetaker.price_taker_model: Found minimum uptime/downtime data for pretreatment.uf_pumps[3] - Adding minimum uptime/downtime constraints.
2026-05-19 09:12:05 [INFO] idaes.apps.grid_integration.pricetaker.price_taker_model: Created startup/shutdown constraints for operation model  pretreatment.uf_pumps[3] at uf_pumps_3_startup_shutdown.
2026-05-19 09:12:05 [INFO] idaes.apps.grid_integration.pricetaker.price_taker_model: Found minimum uptime/downtime data for reverse_osmosis.ro_skid[1] - Adding minimum uptime/downtime constraints.
2026-05-19 09:12:05 [INFO] idaes.apps.grid_integration.pricetaker.price_taker_model: Created startup/shutdown constraints for operation model  reverse_osmosis.ro_skid[1] at ro_skid_1_startup_shutdown.
2026-05-19 09:12:05 [INFO] idaes.apps.grid_integration.pricetaker.price_taker_model: Found minimum uptime/downtime data for reverse_osmosis.ro_skid[2] - Adding minimum uptime/downtime constraints.
2026-05-19 09:12:05 [INFO] idaes.apps.grid_integration.pricetaker.price_taker_model: Created startup/shutdown constraints for operation model  reverse_osmosis.ro_skid[2] at ro_skid_2_startup_shutdown.
2026-05-19 09:12:05 [INFO] idaes.apps.grid_integration.pricetaker.price_taker_model: Found minimum uptime/downtime data for reverse_osmosis.ro_skid[3] - Adding minimum uptime/downtime constraints.
2026-05-19 09:12:05 [INFO] idaes.apps.grid_integration.pricetaker.price_taker_model: Created startup/shutdown constraints for operation model  reverse_osmosis.ro_skid[3] at ro_skid_3_startup_shutdown.
2026-05-19 09:12:05 [INFO] idaes.apps.grid_integration.pricetaker.price_taker_model: Found minimum uptime/downtime data for reverse_osmosis.ro_skid[4] - Adding minimum uptime/downtime constraints.
2026-05-19 09:12:05 [INFO] idaes.apps.grid_integration.pricetaker.price_taker_model: Created startup/shutdown constraints for operation model  reverse_osmosis.ro_skid[4] at ro_skid_4_startup_shutdown.
5209
Set parameter TokenServer to value "10.60.1.73"
Set parameter LogToConsole to value 1
Set parameter MIPGap to value 0.015
Gurobi Optimizer version 12.0.3 build v12.0.3rc0 (linux64 - "Red Hat Enterprise Linux 8.8 (Ootpa)")

CPU model: Intel(R) Xeon(R) Platinum 8470QL, instruction set [SSE2|AVX|AVX2|AVX512]
Thread count: 104 physical cores, 104 logical processors, using up to 32 threads

Non-default parameters:
MIPGap  0.015

Optimize a model with 16949 rows, 18155 columns and 46997 nonzeros
Model fingerprint: 0x4d12af2e
Model has 3528 quadratic constraints
Model has 673 general nonlinear constraints (840 nonlinear terms)
Variable types: 12945 continuous, 5210 integer (5210 binary)
Coefficient statistics:
  Matrix range     [2e-02, 2e+03]
  QMatrix range    [2e-07, 1e+00]
  QLMatrix range   [1e-04, 2e+00]
  Objective range  [1e+00, 1e+00]
  Bounds range     [9e-01, 1e+03]
  RHS range        [1e+00, 3e+05]
  QRHS range       [3e-01, 1e+00]
Presolve model has 673 nlconstr
Added 3028 variables to disaggregate expressions.
Presolve removed 4718 rows and 5240 columns
Presolve time: 0.15s
Presolved: 39300 rows, 18464 columns, 98888 nonzeros
Presolved model has 336 SOS constraint(s)
Presolved model has 4874 bilinear constraint(s)
Presolved model has 674 nonlinear constraint(s)

Solving non-convex MINLP

Variable types: 14625 continuous, 3839 integer (3839 binary)

Root simplex log...

Iteration    Objective       Primal Inf.    Dual Inf.      Time
   53143    7.7017614e+00   0.000000e+00   3.665436e-01      5s
   56004    7.5290161e+00   0.000000e+00   0.000000e+00      7s

Root relaxation: objective 7.529016e+00, 56004 iterations, 6.47 seconds (12.36 work units)
Total elapsed time = 6.82s (DegenMoves)

    Nodes    |    Current Node    |     Objective Bounds      |     Work
 Expl Unexpl |  Obj  Depth IntInf | Incumbent    BestBd   Gap | It/Node Time

     0     0    7.52902    0 7563          -    7.52902      -     -    7s
     0     0    8.38367    0 7116          -    8.38367      -     -   16s
     0     0    9.81671    0 6402          -    9.81671      -     -   33s
     0     0    9.81671    0 6402          -    9.81671      -     -   33s
     0     0    9.93988    0 5480          -    9.93988      -     -   42s
     0     0   10.03326    0 5219          -   10.03326      -     -   49s
     0     0   10.23235    0 4645          -   10.23235      -     -   74s
     0     0   10.23235    0 5349          -   10.23235      -     -   85s
     0     0   10.23235    0 5335          -   10.23235      -     -  101s
     0     0   10.23235    0 5297          -   10.23235      -     -  116s
     0     0   10.23235    0 4832          -   10.23235      -     -  129s
     0     0   10.23235    0 4834          -   10.23235      -     -  139s
     0     2   10.23235    0 4834          -   10.23235      -     -  143s
     1     4   10.23235    1 4821          -   10.23235      -   301  149s
     2     7   10.23235    2 4896          -   10.23235      -   234  156s
     5    12   10.23235    3 4790          -   10.23235      - 11320  163s
    11    14   10.55353    4 4757          -   10.23235      - 17373  174s
    13    21   10.96360    5 3936          -   10.23235      - 17965  185s
    20    40   10.44075    5 4839          -   10.23235      - 14472  198s
    39    65   10.40656    6 4626          -   10.23235      - 20361  213s
    64    91   10.40718    7 4554          -   10.23235      - 27658  247s
H   66    91                      12.6888465   10.23235  19.4% 26987  247s
H   83    91                      12.5064134   10.23235  18.2% 26362  247s
H   88    91                      11.7419442   10.23235  12.9% 26200  247s
    90   169   10.45591    8 4703   11.74194   10.23235  12.9% 26571  266s
H  109   169                      11.7369442   10.23235  12.8% 24971  266s
   168   231   10.49429    9 5070   11.73694   10.23235  12.8% 24216  289s
   230   275   10.62785    9 4077   11.73694   10.23235  12.8% 24351  307s
H  254   275                      11.7366230   10.23235  12.8% 25219  307s
H  264   275                      11.4597080   10.23235  10.7% 25018  307s
   274   326   10.55562   10 5227   11.45971   10.23235  10.7% 24961  324s
H  329   389                      11.4432849   10.23235  10.6% 25102  340s
H  342   389                      11.4120370   10.23235  10.3% 25126  340s
H  345   389                      11.3787499   10.23235  10.1% 25219  340s
H  350   389                      11.3446889   10.23235  9.80% 25343  340s
   394   437   10.93475   13 3035   11.34469   10.23235  9.80% 24832  356s
   450   478   10.84385   15 4666   11.34469   10.23235  9.80% 24828  373s
H  451   478                      11.3231664   10.23235  9.63% 24773  373s
H  454   478                      11.3209233   10.23235  9.62% 24831  373s
   497   520   11.05399   15 3807   11.32092   10.23235  9.62% 25102  394s
   545   557   10.76830   12 3717   11.32092   10.23235  9.62% 25691  409s
H  558   557                      11.3076763   10.23235  9.51% 25881  409s
H  578   557                      11.2894724   10.23235  9.36% 25937  409s
   596   601   10.77191   13 3707   11.28947   10.23235  9.36% 25790  426s
H  649   634                      11.2819143   10.23235  9.30% 26072  443s
H  654   634                      11.2751832   10.23235  9.25% 26115  443s
H  663   634                      11.2607532   10.23235  9.13% 26026  443s
   696   663   10.78465   17 3609   11.26075   10.23235  9.13% 26214  462s
   741   695   10.83025   18 4181   11.26075   10.23235  9.13% 26099  482s
H  742   695                      11.2427359   10.23235  8.99% 26064  482s
H  756   695                      11.2426054   10.23235  8.99% 26144  482s
H  777   695                      11.2416235   10.23235  8.98% 26158  482s
   787   728   10.92603   19 4208   11.24162   10.23235  8.98% 26299  500s
   838   758   10.88550   17 4096   11.24162   10.23235  8.98% 26387  518s
H  842   758                      11.2254877   10.23235  8.85% 26401  518s
H  855   758                      11.2250654   10.23235  8.84% 26547  518s
   878   790   10.85405   19 3987   11.22507   10.23235  8.84% 26616  536s
   938   814   10.94989   20 3987   11.22507   10.23235  8.84% 26407  558s
H  942   814                      11.2250222   10.23235  8.84% 26459  558s
H  949   814                      11.2050569   10.23235  8.68% 26464  558s
   970   841   10.98230   20 4804   11.20506   10.23235  8.68% 26819  578s
  1013   866   11.03813   20 3520   11.20506   10.23235  8.68% 27154  597s
H 1022   866                      11.2050436   10.23235  8.68% 27185  597s
H 1039   866                      11.2048804   10.23235  8.68% 27296  597s
  1052   894   11.11196   21 4142   11.20488   10.23235  8.68% 27423  621s
H 1092   934                      11.1837346   10.23235  8.51% 27739  647s
  1142   981   10.96405   23 3010   11.18373   10.23235  8.51% 28167  670s
  1221   992   11.00273   25 3531   11.18373   10.23235  8.51% 27517  698s
H 1223   992                      11.1824062   10.23235  8.50% 27512  698s
H 1237   992                      11.1823703   10.23235  8.50% 27692  698s
H 1253   992                      11.1760324   10.23235  8.44% 27809  698s
  1266  1024   11.14137   26 3177   11.17603   10.23235  8.44% 27844  725s
  1316  1060   11.00919   26 4001   11.17603   10.23235  8.44% 28030  751s
H 1323  1060                      11.1695877   10.23235  8.39% 28120  751s
  1366  1078   11.10022   27 3693   11.16959   10.23235  8.39% 28436  776s
  1420  1107   10.98018   30 4151   11.16959   10.23235  8.39% 28739  803s
H 1428  1107                      11.1695622   10.23235  8.39% 28812  803s
H 1431  1107                      11.1687779   10.23235  8.38% 28849  803s
H 1443  1107                      11.1686436   10.23235  8.38% 28961  803s
  1475  1146   11.10747   28 3707   11.16864   10.23235  8.38% 29106  837s
  1542  1169   11.11071   29 3711   11.16864   10.23235  8.38% 29259  865s
H 1557  1169                      11.1676935   10.23235  8.38% 29284  865s
H 1559  1169                      11.1644008   10.23235  8.35% 29305  865s
  1611  1199   11.05143   31 4480   11.16440   10.23235  8.35% 29618  892s
  1675  1240   11.01342   31 4365   11.16440   10.23235  8.35% 29936  925s
H 1721  1240                      11.1643534   10.23235  8.35% 30067  925s
  1750  1279   11.07076   31 3589   11.16435   10.23235  8.35% 30170  955s
  1835  1325     cutoff   31        11.16435   10.23235  8.35% 30330  991s
H 1859  1325                      11.1631729   10.23235  8.34% 30480  991s
H 1886  1325                      11.1629404   10.23235  8.34% 30369  991s
H 1901  1325                      11.1626965   10.23235  8.33% 30321  991s
  1941  1349     cutoff   33        11.16270   10.23235  8.33% 30282 1026s
  2031  1385   10.97006   17 3853   11.16270   10.23235  8.33% 30298 1063s
H 2079  1385                      11.1626902   10.23235  8.33% 30317 1063s
  2145  1428   11.08273   18 2923   11.16269   10.23235  8.33% 30180 1099s
  2270  1468   11.09481   23 2653   11.16269   10.23235  8.33% 29993 1137s
H 2297  1468                      11.1625767   10.23235  8.33% 30003 1137s
H 2354  1468                      11.1619205   10.23235  8.33% 30032 1137s
  2386  1528     cutoff   25        11.16192   10.23235  8.33% 30003 1177s
[2026-05-19T09:32:03.688] error: *** JOB 13901013 ON x1005c3s5b0n0 CANCELLED AT 2026-05-19T09:32:03 DUE to SIGNAL Terminated ***
