2026-06-29 17:59:00 [INFO] idaes.apps.grid_integration.pricetaker.price_taker_model: Found minimum uptime/downtime data for pretreatment.uf_pumps[1] - Adding minimum uptime/downtime constraints.
2026-06-29 17:59:00 [INFO] idaes.apps.grid_integration.pricetaker.price_taker_model: Created startup/shutdown constraints for operation model  pretreatment.uf_pumps[1] at uf_pumps_1_startup_shutdown.
2026-06-29 17:59:00 [INFO] idaes.apps.grid_integration.pricetaker.price_taker_model: Found minimum uptime/downtime data for pretreatment.uf_pumps[2] - Adding minimum uptime/downtime constraints.
2026-06-29 17:59:00 [INFO] idaes.apps.grid_integration.pricetaker.price_taker_model: Created startup/shutdown constraints for operation model  pretreatment.uf_pumps[2] at uf_pumps_2_startup_shutdown.
2026-06-29 17:59:00 [INFO] idaes.apps.grid_integration.pricetaker.price_taker_model: Found minimum uptime/downtime data for pretreatment.uf_pumps[3] - Adding minimum uptime/downtime constraints.
2026-06-29 17:59:00 [INFO] idaes.apps.grid_integration.pricetaker.price_taker_model: Created startup/shutdown constraints for operation model  pretreatment.uf_pumps[3] at uf_pumps_3_startup_shutdown.
2026-06-29 17:59:00 [INFO] idaes.apps.grid_integration.pricetaker.price_taker_model: Found minimum uptime/downtime data for reverse_osmosis.ro_skid[1] - Adding minimum uptime/downtime constraints.
2026-06-29 17:59:00 [INFO] idaes.apps.grid_integration.pricetaker.price_taker_model: Created startup/shutdown constraints for operation model  reverse_osmosis.ro_skid[1] at ro_skid_1_startup_shutdown.
2026-06-29 17:59:00 [INFO] idaes.apps.grid_integration.pricetaker.price_taker_model: Found minimum uptime/downtime data for reverse_osmosis.ro_skid[2] - Adding minimum uptime/downtime constraints.
2026-06-29 17:59:00 [INFO] idaes.apps.grid_integration.pricetaker.price_taker_model: Created startup/shutdown constraints for operation model  reverse_osmosis.ro_skid[2] at ro_skid_2_startup_shutdown.
2026-06-29 17:59:00 [INFO] idaes.apps.grid_integration.pricetaker.price_taker_model: Found minimum uptime/downtime data for reverse_osmosis.ro_skid[3] - Adding minimum uptime/downtime constraints.
2026-06-29 17:59:00 [INFO] idaes.apps.grid_integration.pricetaker.price_taker_model: Created startup/shutdown constraints for operation model  reverse_osmosis.ro_skid[3] at ro_skid_3_startup_shutdown.
2026-06-29 17:59:00 [INFO] idaes.apps.grid_integration.pricetaker.price_taker_model: Found minimum uptime/downtime data for reverse_osmosis.ro_skid[4] - Adding minimum uptime/downtime constraints.
2026-06-29 17:59:00 [INFO] idaes.apps.grid_integration.pricetaker.price_taker_model: Created startup/shutdown constraints for operation model  reverse_osmosis.ro_skid[4] at ro_skid_4_startup_shutdown.
3692
Set parameter TokenServer to value "10.60.1.73"
Set parameter LogToConsole to value 1
Set parameter MIPGap to value 0.001
Gurobi Optimizer version 12.0.3 build v12.0.3rc0 (linux64 - "Red Hat Enterprise Linux 8.8 (Ootpa)")

CPU model: Intel(R) Xeon(R) Platinum 8470QL, instruction set [SSE2|AVX|AVX2|AVX512]
Thread count: 104 physical cores, 104 logical processors, using up to 32 threads

Non-default parameters:
MIPGap  0.001

Optimize a model with 16607 rows, 15795 columns and 42963 nonzeros
Model fingerprint: 0x101fe347
Model has 168 quadratic objective terms
Model has 3024 quadratic constraints
Variable types: 11259 continuous, 4536 integer (4536 binary)
Coefficient statistics:
  Matrix range     [3e-02, 2e+03]
  QMatrix range    [2e-07, 1e+00]
  QLMatrix range   [3e-04, 1e+00]
  Objective range  [7e-06, 5e-03]
  QObjective range [2e-04, 2e-04]
  Bounds range     [9e-01, 1e+03]
  RHS range        [1e+00, 3e+05]
  QRHS range       [3e-01, 4e-01]
Presolve removed 8882 rows and 9581 columns
Presolve time: 0.11s
Presolved: 13941 rows, 6215 columns, 37208 nonzeros
Presolved model has 1680 bilinear constraint(s)

Solving non-convex MIQCP

Variable types: 3734 continuous, 2481 integer (2481 binary)

Root relaxation: objective 1.053014e+01, 20996 iterations, 2.39 seconds (3.65 work units)

    Nodes    |    Current Node    |     Objective Bounds      |     Work
 Expl Unexpl |  Obj  Depth IntInf | Incumbent    BestBd   Gap | It/Node Time

     0     0   10.53014    0 1330          -   10.53014      -     -    2s
H    0     0                      11.0929224   10.53014  5.07%     -    2s
     0     0   10.93636    0 1101   11.09292   10.93636  1.41%     -    3s
     0     0   10.93636    0 1100   11.09292   10.93636  1.41%     -    3s
     0     0   10.93806    0 1348   11.09292   10.93806  1.40%     -    4s
H    0     0                      11.0929222   10.93806  1.40%     -    4s
     0     0   10.93806    0 1348   11.09292   10.93806  1.40%     -    4s
     0     0   10.95597    0 1298   11.09292   10.95597  1.23%     -    5s
     0     0   10.95625    0 1303   11.09292   10.95625  1.23%     -    5s
     0     0   10.95760    0 1385   11.09292   10.95760  1.22%     -    5s
     0     0   10.95761    0 1390   11.09292   10.95761  1.22%     -    5s
     0     0   10.95810    0 1347   11.09292   10.95810  1.22%     -    5s
     0     0   10.95932    0 1346   11.09292   10.95932  1.20%     -    6s
     0     0   11.05940    0  956   11.09292   11.05940  0.30%     -    7s
     0     2   11.05940    0  956   11.09292   11.05940  0.30%     -   10s
    31    64   11.05949    5 1120   11.09292   11.05949  0.30%  68.1   27s
    95   186   11.05978    7  959   11.09292   11.05949  0.30%   200   35s
   315   399   11.05998   15  982   11.09292   11.05949  0.30%   319   40s
   531   637   11.06029   21 1008   11.09292   11.05949  0.30%   426   45s
   781   868   11.06048   31 1152   11.09292   11.05985  0.30%   435   51s
  1064  1142   11.06066   42 1150   11.09292   11.05985  0.30%   424   56s
  1356  1472   11.06067   57 1151   11.09292   11.05985  0.30%   428   61s
  1759  1866   11.06108   74  846   11.09292   11.06019  0.30%   451   67s
  2152  2231   11.06163   82  932   11.09292   11.06019  0.30%   486   76s
  2340  2451   11.06173   96  955   11.09292   11.06019  0.30%   510   80s
  2787  3002   11.06463  105  846   11.09292   11.06029  0.29%   573   87s
  3158  3357   11.06469  106  845   11.09292   11.06029  0.29%   555   91s
  3531  3769   11.06173  107  851   11.09292   11.06029  0.29%   545   96s
  4415  4669   11.06280  110  854   11.09292   11.06029  0.29%   505  101s
  5510  5878   11.06196  115  843   11.09292   11.06029  0.29%   459  107s
  6971  6897     cutoff  122        11.09292   11.06029  0.29%   407  113s
  7204  7717   11.06196  123  824   11.09292   11.06029  0.29%   407  116s
  9029  9742     cutoff  126        11.09292   11.06029  0.29%   358  121s
 11430 12444     cutoff  131        11.09292   11.06029  0.29%   312  127s
 12862 13940     cutoff  134        11.09292   11.06029  0.29%   293  130s
 15627 15157   11.07797  230   10   11.09292   11.06038  0.29%   266  139s
 15629 15158   11.08002  510   10   11.09292   11.06038  0.29%   266  142s
 15640 15166   11.08208   38   51   11.09292   11.07399  0.17%   266  145s
 15650 15173   11.07400  146   15   11.09292   11.07400  0.17%   267  151s
 15666 15184   11.07790  509   53   11.09292   11.07447  0.17%   267  158s
 15667 15185   11.07669  379   53   11.09292   11.07447  0.17%   267  161s
 15668 15188   11.07450   31  783   11.09292   11.07450  0.17%   269  173s
 15674 15198   11.07450   33  911   11.09292   11.07450  0.17%   269  179s
 15682 15205   11.07451   34  848   11.09292   11.07451  0.17%   269  182s
 15698 15211   11.07451   35  848   11.09292   11.07451  0.17%   271  186s
 15723 15225   11.07461   36  770   11.09292   11.07461  0.17%   273  190s
 15755 15277   11.07461   37  778   11.09292   11.07461  0.17%   275  195s
 15988 15330   11.07986   40  757   11.09292   11.07495  0.16%   282  203s
 16076 15371   11.07496   42  756   11.09292   11.07495  0.16%   287  206s
 16188 15405   11.07989   44  761   11.09292   11.07495  0.16%   289  211s
 16385 15453   11.07504   49  769   11.09292   11.07495  0.16%   290  216s
 16467 15492   11.07508   51  759   11.09292   11.07495  0.16%   292  220s
 16677 15580   11.07509   56  753   11.09292   11.07495  0.16%   295  225s
 16918 15646   11.07530   62  865   11.09292   11.07499  0.16%   299  232s
 17027 15708   11.07531   64  868   11.09292   11.07502  0.16%   303  236s
 17343 15856   11.07531   69  827   11.09292   11.07505  0.16%   307  243s
 17519 15962   11.07531   71  827   11.09292   11.07505  0.16%   310  247s
 17728 16006   11.08029   73  821   11.09292   11.07505  0.16%   312  250s
 18048 16206   11.07570   78  964   11.09292   11.07506  0.16%   318  256s
 18270 16283   11.07571   81  997   11.09292   11.07506  0.16%   319  264s
 18468 16375   11.07571   82  996   11.09292   11.07506  0.16%   326  267s
 18680 16546   11.08069   85  993   11.09292   11.07506  0.16%   329  271s
 19339 17049   11.07584   95  933   11.09292   11.07532  0.16%   329  278s
 19792 17370   11.07585  104  768   11.09292   11.07532  0.16%   329  282s
 20325 17682   11.07591  113  770   11.09292   11.07532  0.16%   326  285s
 20858 17952   11.08093  122  909   11.09292   11.07532  0.16%   324  290s
H21151 17095                      11.0929205   11.07532  0.16%   322  290s
 21894 17879   11.07604  147  802   11.09292   11.07532  0.16%   324  297s
 22488 18180   11.07605  156  752   11.09292   11.07532  0.16%   324  302s
 23808 19197   11.07622  195  757   11.09292   11.07532  0.16%   324  308s
 24642 19784   11.07623  220  738   11.09292   11.07532  0.16%   320  314s
 25562 20491   11.07626  225  743   11.09292   11.07532  0.16%   316  316s
 26651 21072     cutoff  234        11.09292   11.07534  0.16%   310  320s
H27182 20173                      11.0929205   11.07541  0.16%   307  320s
 27620 20831   11.07637  253  818   11.09292   11.07541  0.16%   304  325s
 28447 21526   11.07637  257  832   11.09292   11.07541  0.16%   304  332s
 29470 22628   11.08127  262  868   11.09292   11.07554  0.16%   303  337s
 30983 23101   11.07642  272  849   11.09292   11.07560  0.16%   297  340s
 32882 23665   11.08138  278  919   11.09292   11.07563  0.16%   293  349s
H32922 22967                      11.0929204   11.07563  0.16%   295  349s
H33298 22191                      11.0929204   11.07563  0.16%   294  349s
 33318 23315   11.07649  281  908   11.09292   11.07563  0.16%   294  352s
 34574 24406   11.08142  284  928   11.09292   11.07563  0.16%   290  356s
 36178 25160   11.07654  286  888   11.09292   11.07563  0.16%   284  360s
H38478 25432                      11.0929204   11.07567  0.16%   281  368s
H38495 24838                      11.0929204   11.07567  0.16%   281  368s
H38549 24262                      11.0929204   11.07567  0.16%   282  368s
H38660 23695                      11.0929204   11.07567  0.16%   282  368s
H38892 23114                      11.0929204   11.07567  0.16%   281  368s
 39455 24153     cutoff  303        11.09292   11.07567  0.16%   280  371s
 40854 24142   11.07678  304  783   11.09292   11.07567  0.16%   277  376s
 41432 25271   11.07682  316  784   11.09292   11.07581  0.15%   279  380s
 42864 24983   11.07689  338  757   11.09292   11.07581  0.15%   278  385s
 43112 26967   11.08189  343  762   11.09292   11.07581  0.15%   279  391s
 45321 28654   11.08207  393  727   11.09292   11.07581  0.15%   271  397s
 47575 30012   11.07744  436  757   11.09292   11.07581  0.15%   264  401s
 49091 32002   11.07744  438  724   11.09292   11.07594  0.15%   262  406s
 51230 33047   11.07754  482  749   11.09292   11.07594  0.15%   259  410s
 53874 35764   11.08259  573  713   11.09292   11.07599  0.15%   261  420s
 55557 37272   11.07760  619  707   11.09292   11.07606  0.15%   261  425s
 57240 38628   11.07762  640  708   11.09292   11.07606  0.15%   262  430s
 58840 38629   11.07899  212   10   11.09292   11.07606  0.15%   264  502s
 58842 38630   11.08702   92  179   11.09292   11.07606  0.15%   264  507s
 58845 38632   11.08697  759  117   11.09292   11.07606  0.15%   264  515s
 58847 38634   11.08829  103   64   11.09292   11.07606  0.15%   264  525s
 58849 38635   11.08203  163  103   11.09292   11.07606  0.15%   264  531s
 58851 38636   11.08206  353  157   11.09292   11.07614  0.15%   264  536s
 58853 38638   11.08268  150  138   11.09292   11.07632  0.15%   264  543s
 58854 38638   11.08719  297  165   11.09292   11.07636  0.15%   264  546s
 58855 38639   11.09201  157  151   11.09292   11.07641  0.15%   264  550s
 58857 38640   11.08207  325  174   11.09292   11.07646  0.15%   264  557s
 58858 38641   11.08561  275  187   11.09292   11.07647  0.15%   264  561s
 58860 38642   11.08240  346  193   11.09292   11.07652  0.15%   264  567s
 58861 38643   11.08463  327  193   11.09292   11.07653  0.15%   264  570s
 58863 38644   11.08490  500  200   11.09292   11.07657  0.15%   264  578s
 58864 38645   11.08266  199  200   11.09292   11.07657  0.15%   264  584s
 58865 38646   11.08706  300  200   11.09292   11.07657  0.15%   264  589s
 58866 38649   11.07657   46 1057   11.09292   11.07657  0.15%   264  614s
 58868 38653   11.07657   47  968   11.09292   11.07657  0.15%   265  617s
 58880 38660   11.07657   49  819   11.09292   11.07657  0.15%   265  622s
 58910 38695   11.07657   51  851   11.09292   11.07657  0.15%   265  626s
 59004 38776   11.08290   53 1396   11.09292   11.07657  0.15%   265  632s
 59107 38808   11.08552   54 1364   11.09292   11.07657  0.15%   266  636s
 59196 38837   11.08343   56 1320   11.09292   11.07657  0.15%   266  641s
 59367 38888   11.08354   59 1183   11.09292   11.07657  0.15%   268  646s
 59527 38964   11.08709   61 1165   11.09292   11.07657  0.15%   269  650s
 59601 38996   11.08772   62 1106   11.09292   11.07657  0.15%   270  657s
 59760 39066   11.08419   65 1296   11.09292   11.07657  0.15%   271  663s
 59845 39114     cutoff   66        11.09292   11.07657  0.15%   272  669s
 59938 39166   11.08787   67 1162   11.09292   11.07657  0.15%   274  672s
 60042 39216   11.08757   68 1235   11.09292   11.07657  0.15%   274  676s
 60262 39338   11.08476   71 1117   11.09292   11.07657  0.15%   276  681s
 60533 39490   11.08804   74 1062   11.09292   11.07657  0.15%   276  688s
 60677 39559   11.08630   76 1063   11.09292   11.07657  0.15%   277  690s
 60831 39642   11.08647   78 1097   11.09292   11.07657  0.15%   277  695s
 60993 39715   11.08697   80 1050   11.09292   11.07657  0.15%   278  702s
 61155 39805   11.08700   84 1016   11.09292   11.07657  0.15%   279  706s
 61324 39906   11.08804   85 1082   11.09292   11.07657  0.15%   280  710s
 61716 40110   11.08952   87 1323   11.09292   11.07657  0.15%   283  715s
 62183 40340   11.09151   94 1392   11.09292   11.07657  0.15%   284  720s
 62681 40680   11.07657   72 1074   11.09292   11.07657  0.15%   286  728s
 63054 40887   11.07697   81  995   11.09292   11.07657  0.15%   287  733s
 63470 41077   11.07784  108 1087   11.09292   11.07657  0.15%   290  736s
 63893 41286   11.07803  137 1035   11.09292   11.07657  0.15%   291  740s
 64651 41745   11.07803  145 1036   11.09292   11.07657  0.15%   295  747s
 65169 42059   11.07832  166  941   11.09292   11.07657  0.15%   296  750s
 66336 42812   11.07936  233  880   11.09292   11.07657  0.15%   299  758s
 67044 43087   11.08059  254  801   11.09292   11.07657  0.15%   300  763s
 67607 43531   11.08089  277  947   11.09292   11.07657  0.15%   303  768s
 68340 43999   11.08100  297  890   11.09292   11.07657  0.15%   305  772s
 69157 44647   11.08116  357  683   11.09292   11.07657  0.15%   306  776s
 71427 46210   11.08225  467  830   11.09292   11.07657  0.15%   304  783s
 72771 46047   11.08237  515  657   11.09292   11.07657  0.15%   303  787s
 73096 47065   11.08239  529  655   11.09292   11.07657  0.15%   304  792s
 74270 47944   11.08279  611  790   11.09292   11.07657  0.15%   304  796s
 75631 48851   11.08314  708  726   11.09292   11.07680  0.15%   304  801s
 77101 49442   11.08323  754  906   11.09292   11.07682  0.15%   304  807s
 78311 50593   11.08327  791  791   11.09292   11.07682  0.15%   305  811s
 79984 51930   11.08759  884  767   11.09292   11.07686  0.14%   304  815s
 81990 53026   11.08965  902  707   11.09292   11.07686  0.14%   302  820s
 85089 54652     cutoff  104        11.09292   11.07691  0.14%   300  829s
 86881 55737   11.08207  117 1212   11.09292   11.07691  0.14%   299  832s
 88712 55729   11.08207  118 1057   11.09292   11.07691  0.14%   298  839s
 89412 58731   11.08215  138  922   11.09292   11.07691  0.14%   300  850s
 92900 59871   11.08297  326  922   11.09292   11.07691  0.14%   301  855s
 95316 60799     cutoff  536        11.09292   11.07700  0.14%   300  861s
 97289 61863   11.08436  674  711   11.09292   11.07705  0.14%   300  866s
 99121 62910   11.08550  843  707   11.09292   11.07705  0.14%   301  873s
 100993 63562   11.08711  854  755   11.09292   11.07709  0.14%   302  880s
 102407 65101   11.08799  875  762   11.09292   11.07709  0.14%   304  886s
 104636 65169   11.07814   76 1281   11.09292   11.07714  0.14%   306  892s
 105633 65878   11.08817   88 1235   11.09292   11.07726  0.14%   310  899s
 106863 66609   11.08941  112 1198   11.09292   11.07729  0.14%   315  907s
 108342 67011     cutoff  102        11.09292   11.07732  0.14%   320  916s
 109509 68363   11.09029  117 1123   11.09292   11.07733  0.14%   327  923s
 111633 70798   11.09161  124  971   11.09292   11.07744  0.14%   331  931s
 115108 72021   11.08397  158 1075   11.09292   11.07744  0.14%   331  939s
 117858 72895   11.09022  188  906   11.09292   11.07744  0.14%   333  948s
 119925 74517   11.09048  190  954   11.09292   11.07744  0.14%   339  959s
 122658 76172   11.08206  256  935   11.09292   11.07744  0.14%   345  970s
 125721 77122   11.08545  655  778   11.09292   11.07744  0.14%   350  981s
 128025 79257   11.08201  235 1020   11.09292   11.07764  0.14%   358  993s
 131674 80545   11.08367  668  684   11.09292   11.07764  0.14%   362 1004s
 134769 82308   11.09205  815  576   11.09292   11.07778  0.14%   367 1017s
 138245 83465     cutoff  822        11.09292   11.07778  0.14%   372 1032s
 140849 86404   11.07842  144 1034   11.09292   11.07778  0.14%   379 1044s
 145240 88566   11.08166  537  873   11.09292   11.07778  0.14%   382 1056s
 149250 90564     cutoff  921        11.09292   11.07790  0.14%   385 1068s
 153123 91521   11.08793  258  965   11.09292   11.07790  0.14%   387 1078s
 155770 93271     cutoff  298        11.09292   11.07812  0.13%   391 1090s
 158786 94433   11.09183  124  933   11.09292   11.07812  0.13%   395 1102s
 161372 95829   11.08957  263 1041   11.09292   11.07812  0.13%   401 1115s
 164199 97613   11.08814  116  981   11.09292   11.07822  0.13%   406 1128s
 167894 97940   11.08854  140 1003   11.09292   11.07822  0.13%   410 1141s
 170038 98986     cutoff  155        11.09292   11.07822  0.13%   417 1155s
 172583 100953   11.08335  546  778   11.09292   11.07828  0.13%   423 1170s
 175874 104230   11.09110  573  787   11.09292   11.07828  0.13%   429 1184s
 180478 107645   11.08573  249 1044   11.09292   11.07843  0.13%   431 1195s
 184383 109705   11.08677  382  908   11.09292   11.07848  0.13%   432 1206s
 186685 114079   11.08740  451  884   11.09292   11.07848  0.13%   433 1219s
 191333 116650   11.08861  493  928   11.09292   11.07848  0.13%   432 1231s
 194278 119813   11.07927  143 1120   11.09292   11.07853  0.13%   433 1243s
 197873 123417   11.08286  313  956   11.09292   11.07859  0.13%   434 1255s
 201725 127575   11.09204  458  749   11.09292   11.07862  0.13%   435 1266s
 206134 129948   11.08726  328 1029   11.09292   11.07862  0.13%   434 1276s
 208878 131346   11.09180  365 1149   11.09292   11.07864  0.13%   436 1287s
 210798 133074   11.08890  193 1087   11.09292   11.07864  0.13%   441 1300s
 213141 135814   11.08367  138 1254   11.09292   11.07864  0.13%   445 1316s
H215001 135814                      11.0929202   11.07864  0.13%   447 1316s
 216378 138156   11.08439  151 1101   11.09292   11.07868  0.13%   450 1333s
 219238 139838   11.08509  160 1131   11.09292   11.07873  0.13%   457 1351s
 221224 141210   11.09056  169 1269   11.09292   11.07875  0.13%   466 1370s
 223367 143473   11.08669  183 1145   11.09292   11.07877  0.13%   475 1390s
 226238 145939   11.08737  192 1167   11.09292   11.07877  0.13%   485 1410s
 229338 147585     cutoff  211        11.09292   11.07877  0.13%   493 1431s
 231834 149594     cutoff  160        11.09292   11.07877  0.13%   504 1455s
 234487 152356   11.09140  308  996   11.09292   11.07877  0.13%   515 1479s
 237702 155718   11.08817  437 1006   11.09292   11.07881  0.13%   525 1503s
 241601 156793   11.08462  155 1074   11.09292   11.07885  0.13%   534 1516s
 243275 159854   11.09027  152 1144   11.09292   11.07887  0.13%   541 1542s
 247342 161390   11.09008  184 1036   11.09292   11.07887  0.13%   552 1564s
 249538 163477   11.08978  167 1418   11.09292   11.07887  0.13%   563 1589s
 252823 165539   11.08784  193 1039   11.09292   11.07887  0.13%   574 1613s
 256481 168482     cutoff  201        11.09292   11.07896  0.13%   584 1638s
 260670 170244     cutoff  210        11.09292   11.07896  0.13%   593 1661s
 263335 172773   11.08906  223 1048   11.09292   11.07899  0.13%   603 1686s
 266875 176898   11.09093  722  687   11.09292   11.07899  0.13%   610 1709s
 271631 180079   11.09143  243 1173   11.09292   11.07899  0.13%   614 1723s
 275469 182010   11.08754   74 1371   11.09292   11.07899  0.13%   615 1737s
 277864 184691   11.08917   88 1362   11.09292   11.07899  0.13%   618 1753s
 281074 186278   11.09279  105  896   11.09292   11.07899  0.13%   620 1768s
 283360 189533   11.08781  167 1083   11.09292   11.07899  0.13%   623 1786s
 287659 192256   11.08966  266  996   11.09292   11.07899  0.13%   624 1802s
 290821 196033   11.08812  478  829   11.09292   11.07899  0.13%   626 1817s
 295115 198711   11.08394  508  830   11.09292   11.07899  0.13%   626 1831s
 298094 200787   11.08423  553  830   11.09292   11.07899  0.13%   625 1847s
 300409 205539     cutoff  679        11.09292   11.07899  0.13%   626 1864s
 305745 208077     cutoff  817        11.09292   11.07899  0.13%   624 1879s
 308882 211586   11.09105  835  750   11.09292   11.07899  0.13%   626 1896s
 313046 215067   11.09245  841  736   11.09292   11.07899  0.13%   626 1910s
 316967 218899     cutoff  849        11.09292   11.07899  0.13%   626 1925s
 321337 221767   11.08999  184 1050   11.09292   11.07900  0.13%   624 1937s
 324638 226364   11.08685  279 1032   11.09292   11.07901  0.13%   624 1950s
 329635 230722     cutoff  420        11.09292   11.07902  0.13%   621 1962s
 334250 233756   11.08555  284 1161   11.09292   11.07903  0.13%   617 1976s
 337606 236184   11.09042  439  761   11.09292   11.07903  0.13%   616 1990s
 340651 238032   11.09282  447  958   11.09292   11.07903  0.13%   618 2007s
 342891 240720   11.08896  274  985   11.09292   11.07905  0.13%   622 2027s
 346073 247459   11.08395  123 1172   11.09292   11.07905  0.13%   623 2047s
 353475 251187   11.08655  244  939   11.09292   11.07912  0.12%   619 2061s
 357554 254763   11.08818  322 1000   11.09292   11.07912  0.12%   618 2075s
 361633 256155   11.09151  131 1254   11.09292   11.07912  0.12%   617 2086s
 363583 258042   11.09191  126 1329   11.09292   11.07912  0.12%   620 2101s
 366060 261274   11.08917   72 1192   11.09292   11.07913  0.12%   621 2115s
 369808 266058   11.08982  148 1145   11.09292   11.07913  0.12%   621 2129s
 375088 268354     cutoff  116        11.09292   11.07915  0.12%   619 2139s
 377747 270872   11.08013  204 1084   11.09292   11.07916  0.12%   618 2151s
 380617 272526   11.08100  281 1081   11.09292   11.07916  0.12%   618 2163s
 382556 275122   11.08157  319 1223   11.09292   11.07916  0.12%   620 2176s
 385604 278758     cutoff  353        11.09292   11.07916  0.12%   621 2188s
 389633 281949   11.08176  376  913   11.09292   11.07916  0.12%   619 2200s
 393163 284119   11.08191  406  752   11.09292   11.07916  0.12%   619 2213s
 395575 288149   11.08227  484  828   11.09292   11.07919  0.12%   620 2226s
 399997 291575   11.08234  510  833   11.09292   11.07919  0.12%   618 2241s
 403845 293475   11.08275  596  774   11.09292   11.07922  0.12%   618 2254s
 406083 294916   11.08290  637  773   11.09292   11.07923  0.12%   620 2269s
 407702 296022   11.08941  739  759   11.09292   11.07923  0.12%   623 2285s
 409012 297481     cutoff  760        11.09292   11.07923  0.12%   628 2305s
 410870 299517   11.08513  771  743   11.09292   11.07923  0.12%   633 2326s
 413495 300595   11.08515  784  739   11.09292   11.07924  0.12%   639 2349s
 415220 303999   11.08528  801  762   11.09292   11.07924  0.12%   646 2373s
 419221 306698   11.08668  820  761   11.09292   11.07924  0.12%   650 2398s
 422566 309000     cutoff  844        11.09292   11.07924  0.12%   655 2421s
 425741 312205     cutoff  865        11.09292   11.07924  0.12%   660 2445s
 430230 313712     cutoff  243        11.09292   11.07924  0.12%   663 2462s
 432327 318433   11.08335  211 1112   11.09292   11.07924  0.12%   666 2485s
 438018 319566   11.09277  552  950   11.09292   11.07928  0.12%   667 2502s
 439599 321194   11.08701  117 1224   11.09292   11.07928  0.12%   671 2523s
 441744 324560   11.09242  126 1286   11.09292   11.07930  0.12%   674 2543s
 445519 327114   11.08928  388 1010   11.09292   11.07930  0.12%   676 2564s
 449004 330909   11.08610  186 1074   11.09292   11.07930  0.12%   678 2583s
 453928 334307   11.08188   59 1294   11.09292   11.07930  0.12%   678 2601s
 457975 338427   11.09134  325 1132   11.09292   11.07935  0.12%   679 2618s
 462717 340636   11.08772  214 1311   11.09292   11.07935  0.12%   678 2633s
 465288 345423   11.09065  271  993   11.09292   11.07937  0.12%   680 2653s
 470953 348477   11.08878  395 1152   11.09292   11.07939  0.12%   679 2668s
 474631 351801     cutoff  447        11.09292   11.07939  0.12%   679 2683s
 478566 353863   11.08808  308  993   11.09292   11.07940  0.12%   678 2699s
 480942 356780   11.09201  437  772   11.09292   11.07943  0.12%   679 2714s
 484629 359960     cutoff  299        11.09292   11.07943  0.12%   679 2729s
 488492 361588   11.08951  367  944   11.09292   11.07943  0.12%   678 2746s
 490620 364585   11.09052  418  684   11.09292   11.07943  0.12%   679 2762s
 493962 369387   11.08514  250  844   11.09292   11.07944  0.12%   680 2778s
 499213 371747   11.08938  445  789   11.09292   11.07944  0.12%   678 2788s
 502043 373005   11.08911  497  920   11.09292   11.07944  0.12%   677 2801s
 504135 374775   11.09145  581  714   11.09292   11.07944  0.12%   678 2813s
 506420 377154   11.08458  301 1020   11.09292   11.07944  0.12%   679 2827s
 509146 380561   11.08735  467 1137   11.09292   11.07944  0.12%   677 2840s
 512751 384036     cutoff  573        11.09292   11.07944  0.12%   677 2855s
 516600 386350   11.08718  311 1011   11.09292   11.07944  0.12%   676 2869s
 519205 389707   11.08384  141 1320   11.09292   11.07944  0.12%   677 2883s
 522984 393585   11.08414  157 1157   11.09292   11.07944  0.12%   676 2898s
 527393 395684   11.08410  101 1346   11.09292   11.07944  0.12%   675 2912s
 529804 398380   11.09061  133 1071   11.09292   11.07944  0.12%   676 2927s
 533003 400422   11.08419  267 1070   11.09292   11.07944  0.12%   676 2943s
 535453 403356   11.09027  336  732   11.09292   11.07944  0.12%   677 2957s
 538963 408337   11.08555  214 1198   11.09292   11.07944  0.12%   677 2973s
 544427 411849   11.08629  253  930   11.09292   11.07944  0.12%   675 2986s
 548297 414221   11.08973  378  815   11.09292   11.07944  0.12%   674 2997s
 550943 417943     cutoff  223        11.09292   11.07944  0.12%   674 3010s
 554941 421504   11.08999  230 1068   11.09292   11.07944  0.12%   672 3025s
 559199 424024     cutoff  271        11.09292   11.07944  0.12%   672 3039s
 562055 427639     cutoff  269        11.09292   11.07944  0.12%   672 3052s
 566070 431588   11.08285  127 1296   11.09292   11.07944  0.12%   671 3066s
 570390 433576   11.08515  313  806   11.09292   11.07946  0.12%   669 3079s
 572596 435379   11.08830  477  751   11.09292   11.07946  0.12%   670 3092s
 574998 436970   11.09110  221 1019   11.09292   11.07949  0.12%   671 3106s
 577288 440979   11.08908  264  865   11.09292   11.07949  0.12%   672 3123s
 581885 443373   11.08571  219 1072   11.09292   11.07949  0.12%   671 3136s
 584604 447100   11.09061  336  908   11.09292   11.07950  0.12%   671 3152s
 589106 449445   11.08371  339 1024   11.09292   11.07950  0.12%   670 3166s
 591786 453974   11.08566  461  979   11.09292   11.07951  0.12%   670 3180s
 596695 455099   11.08893  606  887   11.09292   11.07951  0.12%   668 3193s
 598764 456146     cutoff  113        11.09292   11.07951  0.12%   669 3206s
 600718 458107     cutoff  136        11.09292   11.07951  0.12%   670 3221s
 603313 461303     cutoff  159        11.09292   11.07951  0.12%   671 3235s
 607214 464338   11.08792  473  792   11.09292   11.07951  0.12%   670 3248s
 610867 465842   11.09047  655  867   11.09292   11.07951  0.12%   670 3262s
 612835 467425   11.08383  386 1023   11.09292   11.07952  0.12%   671 3277s
 615102 468797   11.08395  165 1310   11.09292   11.07952  0.12%   673 3293s
 616819 474208   11.08581  240 1149   11.09292   11.07954  0.12%   674 3321s
 622722 478681   11.09049  460  947   11.09292   11.07954  0.12%   675 3340s
 627861 482940   11.08723  491  940   11.09292   11.07956  0.12%   675 3356s
 632637 486334   11.08588  307 1209   11.09292   11.07959  0.12%   674 3370s
 636331 489991   11.08981  437  824   11.09292   11.07959  0.12%   674 3383s
 640402 492527   11.08503  393  986   11.09292   11.07961  0.12%   673 3399s
 643539 495589     cutoff  475        11.09292   11.07961  0.12%   673 3413s
 647104 499280   11.08491  600  715   11.09292   11.07961  0.12%   673 3427s
 651227 500999     cutoff  316        11.09292   11.07961  0.12%   672 3441s
 653562 502285   11.08941  468  652   11.09292   11.07961  0.12%   673 3458s
 655526 504571   11.08924  103 1129   11.09292   11.07961  0.12%   675 3474s
 658728 506551     cutoff  140        11.09292   11.07963  0.12%   676 3491s
 661211 508965     cutoff  198        11.09292   11.07963  0.12%   677 3507s
 664541 512072   11.08993  220  898   11.09292   11.07963  0.12%   678 3524s
 668557 513451   11.08239   80 1496   11.09292   11.07963  0.12%   678 3541s
 670705 515681     cutoff   92        11.09292   11.07963  0.12%   680 3559s
 674080 517948   11.08751   97 1401   11.09292   11.07963  0.12%   681 3576s
 677368 519414     cutoff  107        11.09292   11.07963  0.12%   682 3591s
 679689 521833   11.08900  149 1205   11.09292   11.07963  0.12%   683 3611s
[2026-06-29T18:59:22.386] error: *** JOB 14861971 ON x1001c0s3b0n0 CANCELLED AT 2026-06-29T18:59:22 DUE TO TIME LIMIT ***
