2026-05-21 12:46:37 [INFO] idaes.core.surrogate.pysmo_surrogate: Decode surrogate. type=poly

===========================Polynomial Regression===============================================

The number of cross-validation cases (3) is used.
The default training/cross-validation split of 0.75 is used.
No iterations will be run.
Default parameter estimation method is used.
Parameter estimation method:  pyomo 

2026-05-21 12:46:37 [INFO] idaes.core.surrogate.pysmo_surrogate: Decode surrogate. type=poly

===========================Polynomial Regression===============================================

The number of cross-validation cases (3) is used.
The default training/cross-validation split of 0.75 is used.
No iterations will be run.
Default parameter estimation method is used.
Parameter estimation method:  pyomo 

2026-05-21 12:46:37 [INFO] idaes.core.surrogate.pysmo_surrogate: Decode surrogate. type=poly

===========================Polynomial Regression===============================================

The number of cross-validation cases (3) is used.
The default training/cross-validation split of 0.75 is used.
No iterations will be run.
Default parameter estimation method is used.
Parameter estimation method:  pyomo 

2026-05-21 12:46:37 [INFO] idaes.core.surrogate.pysmo_surrogate: Decode surrogate. type=poly

===========================Polynomial Regression===============================================

The number of cross-validation cases (3) is used.
The default training/cross-validation split of 0.75 is used.
No iterations will be run.
Default parameter estimation method is used.
Parameter estimation method:  pyomo 

2026-05-21 12:46:38 [INFO] idaes.apps.grid_integration.pricetaker.price_taker_model: Found minimum uptime/downtime data for pretreatment.uf_pumps[1] - Adding minimum uptime/downtime constraints.
2026-05-21 12:46:38 [INFO] idaes.apps.grid_integration.pricetaker.price_taker_model: Created startup/shutdown constraints for operation model  pretreatment.uf_pumps[1] at uf_pumps_1_startup_shutdown.
2026-05-21 12:46:38 [INFO] idaes.apps.grid_integration.pricetaker.price_taker_model: Found minimum uptime/downtime data for pretreatment.uf_pumps[2] - Adding minimum uptime/downtime constraints.
2026-05-21 12:46:38 [INFO] idaes.apps.grid_integration.pricetaker.price_taker_model: Created startup/shutdown constraints for operation model  pretreatment.uf_pumps[2] at uf_pumps_2_startup_shutdown.
2026-05-21 12:46:38 [INFO] idaes.apps.grid_integration.pricetaker.price_taker_model: Found minimum uptime/downtime data for pretreatment.uf_pumps[3] - Adding minimum uptime/downtime constraints.
2026-05-21 12:46:38 [INFO] idaes.apps.grid_integration.pricetaker.price_taker_model: Created startup/shutdown constraints for operation model  pretreatment.uf_pumps[3] at uf_pumps_3_startup_shutdown.
2026-05-21 12:46:38 [INFO] idaes.apps.grid_integration.pricetaker.price_taker_model: Found minimum uptime/downtime data for reverse_osmosis.ro_skid[1] - Adding minimum uptime/downtime constraints.
2026-05-21 12:46:38 [INFO] idaes.apps.grid_integration.pricetaker.price_taker_model: Created startup/shutdown constraints for operation model  reverse_osmosis.ro_skid[1] at ro_skid_1_startup_shutdown.
2026-05-21 12:46:38 [INFO] idaes.apps.grid_integration.pricetaker.price_taker_model: Found minimum uptime/downtime data for reverse_osmosis.ro_skid[2] - Adding minimum uptime/downtime constraints.
2026-05-21 12:46:38 [INFO] idaes.apps.grid_integration.pricetaker.price_taker_model: Created startup/shutdown constraints for operation model  reverse_osmosis.ro_skid[2] at ro_skid_2_startup_shutdown.
2026-05-21 12:46:38 [INFO] idaes.apps.grid_integration.pricetaker.price_taker_model: Found minimum uptime/downtime data for reverse_osmosis.ro_skid[3] - Adding minimum uptime/downtime constraints.
2026-05-21 12:46:38 [INFO] idaes.apps.grid_integration.pricetaker.price_taker_model: Created startup/shutdown constraints for operation model  reverse_osmosis.ro_skid[3] at ro_skid_3_startup_shutdown.
2026-05-21 12:46:38 [INFO] idaes.apps.grid_integration.pricetaker.price_taker_model: Found minimum uptime/downtime data for reverse_osmosis.ro_skid[4] - Adding minimum uptime/downtime constraints.
2026-05-21 12:46:38 [INFO] idaes.apps.grid_integration.pricetaker.price_taker_model: Created startup/shutdown constraints for operation model  reverse_osmosis.ro_skid[4] at ro_skid_4_startup_shutdown.
3697
Set parameter TokenServer to value "10.60.1.73"
Set parameter LogToConsole to value 1
Set parameter MIPGap to value 0.01
Gurobi Optimizer version 12.0.3 build v12.0.3rc0 (linux64 - "Red Hat Enterprise Linux 8.8 (Ootpa)")

CPU model: Intel(R) Xeon(R) Platinum 8470QL, instruction set [SSE2|AVX|AVX2|AVX512]
Thread count: 104 physical cores, 104 logical processors, using up to 32 threads

Non-default parameters:
MIPGap  0.01

Optimize a model with 17957 rows, 15795 columns and 49349 nonzeros
Model fingerprint: 0x8dbf8f0f
Model has 168 quadratic objective terms
Model has 2352 quadratic constraints
Variable types: 10592 continuous, 5203 integer (5203 binary)
Coefficient statistics:
  Matrix range     [2e-02, 2e+03]
  QMatrix range    [2e-07, 1e+00]
  QLMatrix range   [1e-04, 1e+00]
  Objective range  [6e-06, 1e-04]
  QObjective range [2e-04, 2e-04]
  Bounds range     [1e+00, 1e+03]
  RHS range        [1e+00, 3e+05]
  QRHS range       [2e-01, 3e-01]
Presolve removed 10548 rows and 9402 columns
Presolve time: 0.08s
Presolved: 15977 rows, 6898 columns, 39487 nonzeros
Presolved model has 336 SOS constraint(s)
Presolved model has 2352 bilinear constraint(s)

Solving non-convex MIQCP

Variable types: 4406 continuous, 2492 integer (2492 binary)

Root relaxation: unbounded, 0 iterations, 0.01 seconds (0.00 work units)

    Nodes    |    Current Node    |     Objective Bounds      |     Work
 Expl Unexpl |  Obj  Depth IntInf | Incumbent    BestBd   Gap | It/Node Time

H    0     0                      13.6908833          -      -     -    1s
     0     2  postponed    0        13.69088          -      -     -    2s
     3     8  postponed    2        13.69088          -      -  2384    5s
    27    34  postponed    5        13.69088          -      -  6618   11s
    79    84  postponed    7        13.69088          -      -  5952   15s
   119   148  postponed    8        13.69088          -      -  6603   21s
   185   330  postponed    9        13.69088          -      -  8579   25s
   467   666 infeasible   12        13.69088          -      -  3896   32s
  1013  1219 infeasible   19        13.69088          -      -  1970   43s
H 1718  1219                      13.2424730          -      -  1323   43s
  1897  2039 infeasible   26        13.24247          -      -  1224   59s
H 2984  2039                      13.1943957          -      -   885   59s
  3364  3229 infeasible   39        13.19440          -      -   814   77s
H 4668  3219                      13.1080006          -      -   669   77s
  5337  5110  postponed   58        13.10800          -      -   601   93s
H 5740  5026                      13.0596797          -      -   591   93s
H 6716  4977                      12.9365726          -      -   548   93s
  8094  7479 infeasible   74        12.93657          -      -   501  106s
H 8397  7240                      12.3616583          -      -   501  106s
H 8397  7238                      12.3484991          -      -   501  106s
 11732  8745  postponed   88        12.34850          -      -   407  116s
H11967  8736                      12.3374093          -      -   408  116s
H11967  8525                      12.2314490          -      -   408  116s
H11967  8508                      12.2098719          -      -   408  116s
H12318  8417                      12.1895343          -      -   399  116s
H12318  8251                      12.1557230          -      -   399  116s
H12318  8224                      12.1440464          -      -   399  116s
H12550  8124                      12.0569839          -      -   392  116s
H12556  8112                      12.0520313          -      -   392  116s
 14660  7461    8.85470   70 1216   12.05203    8.85470  26.5%   349  121s
H14661  7088                      12.0410333   11.41551  5.19%   349  124s
H14661  6734                      12.0377268   11.41551  5.17%   349  124s
H14661  6397                      12.0370625   11.41551  5.16%   349  124s
H14662  6078                      12.0200668   11.48228  4.47%   348  125s
H14666  5776                      12.0188245   11.48444  4.45%   348  128s
H14666  5487                      12.0185385   11.48444  4.44%   348  128s
H14667  5213                      12.0154195   11.48444  4.42%   348  128s
 14670  5215   11.48461  189  781   12.01542   11.48461  4.42%   348  133s
H14670  4954                      11.6880261   11.48461  1.74%   348  134s
H14671  4709                      11.6868553   11.48461  1.73%   351  184s
 14672  4710   11.54803   11 2584   11.68686   11.48461  1.73%   352  186s
H14700  4516                      11.6853113   11.49645  1.62%   352  191s
H14701  4292                      11.6851505   11.49645  1.61%   352  191s
H14702  4078                      11.6847689   11.49645  1.61%   352  191s
H14704  3876                      11.6846124   11.49645  1.61%   352  191s
H14705  3683                      11.6845270   11.49645  1.61%   352  191s
 14760  3758   11.56840   17 2730   11.68453   11.49917  1.59%   354  195s
 14908  3811     cutoff   19        11.68453   11.50895  1.50%   362  200s
H14966  3609                      11.6839710   11.50895  1.50%   366  200s
H15133  3488                      11.6839266   11.51101  1.48%   373  204s
 15144  3541   11.61361   23 2576   11.68393   11.51101  1.48%   373  206s
H15281  3368                      11.6818739   11.51101  1.46%   380  207s
 15410  3387   11.62116   27 2523   11.68187   11.51101  1.46%   389  211s
H15413  3230                      11.6810312   11.51101  1.46%   389  211s
H15471  3063                      11.6791873   11.51101  1.44%   392  211s
 15658  3094     cutoff   31        11.67919   11.51188  1.43%   403  216s
 15830  3159   11.64339   33 2376   11.67919   11.51606  1.40%   417  221s
 16027  3220     cutoff   36        11.67919   11.51979  1.36%   432  225s
H16209  3089                      11.6712187   11.52136  1.28%   441  228s
H16225  2950                      11.6703376   11.52136  1.28%   443  228s
 16265  2988   11.63787   33 2269   11.67034   11.52136  1.28%   445  230s
H16378  2860                      11.6678354   11.52136  1.26%   454  232s
H16382  2737                      11.6659337   11.52136  1.24%   454  232s
H16610  2759                      11.6657972   11.52226  1.23%   468  236s
H16728  2611                      11.6655662   11.52255  1.23%   472  236s
 16961  2850   11.64726   73 1534   11.66557   11.52282  1.22%   483  241s
H16976  2742                      11.6645709   11.52282  1.22%   482  241s
H17023  2628                      11.6645101   11.52282  1.21%   482  241s
 17186  2738   11.64814   88 1387   11.66451   11.52282  1.21%   487  246s
H17441  2756                      11.6640938   11.52343  1.21%   491  249s
 17676  2801   11.65658  122 1147   11.66409   11.52343  1.21%   496  251s
H17989  2816                      11.6640120   11.52343  1.21%   500  253s
 18207  3092   11.65919  162 1106   11.66401   11.52362  1.20%   503  255s
H18865  3124                      11.6638017   11.52393  1.20%   500  257s
H19526  3570                      11.6636713   11.52393  1.20%   503  261s
H19526  3548                      11.6634566   11.52393  1.20%   503  261s
H19568  3529                      11.6632521   11.52393  1.19%   503  261s
H19613  3494                      11.6622404   11.52393  1.19%   503  261s
H19656  3413                      11.6610708   11.52393  1.18%   502  261s
H19970  3297                      11.6606349   11.52393  1.17%   501  263s
H19971  2401                      11.6516468   11.52393  1.10%   501  263s
H20008  2275                      11.6504442   11.52393  1.09%   503  263s
 20031  2483   11.63949   28 2078   11.65044   11.52393  1.09%   505  265s
H20414  2482                      11.6504292   11.52393  1.09%   509  265s
H20416  2479                      11.6504118   11.52393  1.09%   510  265s
H20782  2794                      11.6496601   11.52393  1.08%   511  268s
 20976  3127     cutoff   65        11.64966   11.52393  1.08%   512  270s
 22162  3619     cutoff   24        11.64966   11.52393  1.08%   513  277s
H22163  3352                      11.6485010   11.52393  1.07%   513  277s
H22178  3340                      11.6484519   11.52393  1.07%   514  277s
H22223  3291                      11.6482930   11.52393  1.07%   515  277s
 22756  3862   11.61715   21 2391   11.64829   11.52815  1.03%   526  283s
H23183  3793                      11.6480649   11.52861  1.03%   531  283s
 23244  4182   11.63089   25 2380   11.64806   11.52861  1.03%   535  285s
 23828  4727   11.63293   27 2218   11.64806   11.53048  1.01%   539  290s
H24638  4780                      11.6480630   11.53068  1.01%   540  293s
H24740  4748                      11.6479485   11.53106  1.00%   541  293s
 24764  5066   11.64125   30 1853   11.64795   11.53141  1.00%   544  295s

Cutting planes:
  Learned: 55
  Gomory: 32
  Cover: 207
  Implied bound: 832
  Projected implied bound: 140
  Clique: 14
  MIR: 76
  Flow cover: 1655
  Zero half: 2
  RLT: 1286
  Relax-and-lift: 455
  BQP: 4

Explored 25350 nodes (13930600 simplex iterations) in 295.87 seconds (638.73 work units)
Thread count was 32 (of 104 available processors)

Solution count 10: 11.6479 11.6481 11.6481 ... 11.6504

Optimal solution found (tolerance 1.00e-02)
Best objective 1.164794851208e+01, best bound 1.153228421062e+01, gap 0.9930%
Total operational cost: 117514.56
Maximum power (kW): 1459.04
Discharge energy capacity (kWh): 25650.35
Charge energy capacity (kWh): 29274.86
Levelized Cost of Flexibility ($/kWh): -0.23
ERROR: evaluating object as numeric value: flow_changed[1,1,1]
        (object: <class 'pyomo.core.base.var.VarData'>)
    No value for uninitialized VarData object flow_changed[1,1,1]
ERROR: evaluating object as numeric value: flow_changed[1,1,2]
        (object: <class 'pyomo.core.base.var.VarData'>)
    No value for uninitialized VarData object flow_changed[1,1,2]
ERROR: evaluating object as numeric value: flow_changed[1,1,3]
        (object: <class 'pyomo.core.base.var.VarData'>)
    No value for uninitialized VarData object flow_changed[1,1,3]
ERROR: evaluating object as numeric value: flow_changed[1,1,4]
        (object: <class 'pyomo.core.base.var.VarData'>)
    No value for uninitialized VarData object flow_changed[1,1,4]
ERROR: evaluating object as numeric value: uf_flow_changed[1,1,1]
        (object: <class 'pyomo.core.base.var.VarData'>)
    No value for uninitialized VarData object uf_flow_changed[1,1,1]
ERROR: evaluating object as numeric value: uf_flow_changed[1,1,2]
        (object: <class 'pyomo.core.base.var.VarData'>)
    No value for uninitialized VarData object uf_flow_changed[1,1,2]
ERROR: evaluating object as numeric value: uf_flow_changed[1,1,3]
        (object: <class 'pyomo.core.base.var.VarData'>)
    No value for uninitialized VarData object uf_flow_changed[1,1,3]
ERROR: evaluating object as numeric value: flow_changed[1,1,1]
        (object: <class 'pyomo.core.base.var.VarData'>)
    No value for uninitialized VarData object flow_changed[1,1,1]
ERROR: evaluating object as numeric value: flow_changes_penalty
        (object: <class 'pyomo.core.base.expression.ScalarExpression'>)
    No value for uninitialized VarData object flow_changed[1,1,1]
{'fixed_demand_cost': 9192.917998399947, 'variable_demand_cost': 601.044611964328, 'fixed_monthly_cost': 171938.17204301074, 'total_water_production': 282179.67123287724, 'total_energy_cost': 21240.222101449923, 'total_demand_cost': 9793.962610364275, 'total_customer_cost': 0.0, 'total_feed_cost': 50843.38619534124, 'total_brine_cost': 15304.341769842535, 'total_chemical_cost': 19297.572443752506, 'raw_degree_of_flex': 0.41317365269461076, 'degree_of_flex': 0.41317365269461076, 'total_replacement_cost': 1035.0773779940403, 'total_water_revenue': 0.0, 'total_demand_response_revenue': 0.0, 'total_emissions_cost': 0.0, 'total_op_cost': 117514.5624987445, 'fixed_cost': 121551.98252688172, 'total_cost': 239066.54502562623, 'LCOW': 0.8472139186395514, 'maximum_power': 1459.0408049187577, 'energy_capacity': 25650.349619114673, 'power_capacity': 442.24740722611506, 'round_trip_efficiency': 0, 'LVOF': -0.23337332327662705}
Saved operation variable results to: /home/rchurchi/watertap_test/watertap/tutorials/flex_ro/wrd_result_winter_no_flex_4_flexible_trains.csv
2026-05-21 12:51:38 [INFO] idaes.core.surrogate.pysmo_surrogate: Decode surrogate. type=poly

===========================Polynomial Regression===============================================

The number of cross-validation cases (3) is used.
The default training/cross-validation split of 0.75 is used.
No iterations will be run.
Default parameter estimation method is used.
Parameter estimation method:  pyomo 

2026-05-21 12:51:38 [INFO] idaes.core.surrogate.pysmo_surrogate: Decode surrogate. type=poly

===========================Polynomial Regression===============================================

The number of cross-validation cases (3) is used.
The default training/cross-validation split of 0.75 is used.
No iterations will be run.
Default parameter estimation method is used.
Parameter estimation method:  pyomo 

2026-05-21 12:51:38 [INFO] idaes.core.surrogate.pysmo_surrogate: Decode surrogate. type=poly

===========================Polynomial Regression===============================================

The number of cross-validation cases (3) is used.
The default training/cross-validation split of 0.75 is used.
No iterations will be run.
Default parameter estimation method is used.
Parameter estimation method:  pyomo 

2026-05-21 12:51:38 [INFO] idaes.core.surrogate.pysmo_surrogate: Decode surrogate. type=poly

===========================Polynomial Regression===============================================

The number of cross-validation cases (3) is used.
The default training/cross-validation split of 0.75 is used.
No iterations will be run.
Default parameter estimation method is used.
Parameter estimation method:  pyomo 

2026-05-21 12:51:40 [INFO] idaes.apps.grid_integration.pricetaker.price_taker_model: Found minimum uptime/downtime data for pretreatment.uf_pumps[1] - Adding minimum uptime/downtime constraints.
2026-05-21 12:51:40 [INFO] idaes.apps.grid_integration.pricetaker.price_taker_model: Created startup/shutdown constraints for operation model  pretreatment.uf_pumps[1] at uf_pumps_1_startup_shutdown.
2026-05-21 12:51:40 [INFO] idaes.apps.grid_integration.pricetaker.price_taker_model: Found minimum uptime/downtime data for pretreatment.uf_pumps[2] - Adding minimum uptime/downtime constraints.
2026-05-21 12:51:40 [INFO] idaes.apps.grid_integration.pricetaker.price_taker_model: Created startup/shutdown constraints for operation model  pretreatment.uf_pumps[2] at uf_pumps_2_startup_shutdown.
2026-05-21 12:51:40 [INFO] idaes.apps.grid_integration.pricetaker.price_taker_model: Found minimum uptime/downtime data for pretreatment.uf_pumps[3] - Adding minimum uptime/downtime constraints.
2026-05-21 12:51:40 [INFO] idaes.apps.grid_integration.pricetaker.price_taker_model: Created startup/shutdown constraints for operation model  pretreatment.uf_pumps[3] at uf_pumps_3_startup_shutdown.
2026-05-21 12:51:40 [INFO] idaes.apps.grid_integration.pricetaker.price_taker_model: Found minimum uptime/downtime data for reverse_osmosis.ro_skid[1] - Adding minimum uptime/downtime constraints.
2026-05-21 12:51:40 [INFO] idaes.apps.grid_integration.pricetaker.price_taker_model: Created startup/shutdown constraints for operation model  reverse_osmosis.ro_skid[1] at ro_skid_1_startup_shutdown.
2026-05-21 12:51:40 [INFO] idaes.apps.grid_integration.pricetaker.price_taker_model: Found minimum uptime/downtime data for reverse_osmosis.ro_skid[2] - Adding minimum uptime/downtime constraints.
2026-05-21 12:51:40 [INFO] idaes.apps.grid_integration.pricetaker.price_taker_model: Created startup/shutdown constraints for operation model  reverse_osmosis.ro_skid[2] at ro_skid_2_startup_shutdown.
2026-05-21 12:51:40 [INFO] idaes.apps.grid_integration.pricetaker.price_taker_model: Found minimum uptime/downtime data for reverse_osmosis.ro_skid[3] - Adding minimum uptime/downtime constraints.
2026-05-21 12:51:40 [INFO] idaes.apps.grid_integration.pricetaker.price_taker_model: Created startup/shutdown constraints for operation model  reverse_osmosis.ro_skid[3] at ro_skid_3_startup_shutdown.
2026-05-21 12:51:40 [INFO] idaes.apps.grid_integration.pricetaker.price_taker_model: Found minimum uptime/downtime data for reverse_osmosis.ro_skid[4] - Adding minimum uptime/downtime constraints.
2026-05-21 12:51:40 [INFO] idaes.apps.grid_integration.pricetaker.price_taker_model: Created startup/shutdown constraints for operation model  reverse_osmosis.ro_skid[4] at ro_skid_4_startup_shutdown.
3697
Set parameter LogToConsole to value 1
Set parameter MIPGap to value 0.01
Gurobi Optimizer version 12.0.3 build v12.0.3rc0 (linux64 - "Red Hat Enterprise Linux 8.8 (Ootpa)")

CPU model: Intel(R) Xeon(R) Platinum 8470QL, instruction set [SSE2|AVX|AVX2|AVX512]
Thread count: 104 physical cores, 104 logical processors, using up to 32 threads

Non-default parameters:
MIPGap  0.01

Optimize a model with 17957 rows, 15795 columns and 49339 nonzeros
Model fingerprint: 0x4ae7f6d4
Model has 168 quadratic objective terms
Model has 2352 quadratic constraints
Variable types: 10592 continuous, 5203 integer (5203 binary)
Coefficient statistics:
  Matrix range     [2e-02, 2e+03]
  QMatrix range    [2e-07, 1e+00]
  QLMatrix range   [1e-04, 1e+00]
  Objective range  [6e-06, 5e-04]
  QObjective range [2e-04, 2e-04]
  Bounds range     [1e+00, 1e+03]
  RHS range        [1e+00, 3e+05]
  QRHS range       [2e-01, 3e-01]
Presolve removed 10568 rows and 9412 columns
Presolve time: 0.07s
Presolved: 15957 rows, 6888 columns, 39447 nonzeros
Presolved model has 336 SOS constraint(s)
Presolved model has 2352 bilinear constraint(s)

Solving non-convex MIQCP

Variable types: 4396 continuous, 2492 integer (2492 binary)

Root relaxation: unbounded, 0 iterations, 0.00 seconds (0.00 work units)

    Nodes    |    Current Node    |     Objective Bounds      |     Work
 Expl Unexpl |  Obj  Depth IntInf | Incumbent    BestBd   Gap | It/Node Time

H    0     0                      17.3989614          -      -     -    2s
     0     2  postponed    0        17.39896          -      -     -    4s
     3     8  postponed    2        17.39896          -      -  2046    5s
    27    34  postponed    5        17.39896          -      -  5923   10s
    79    85  postponed    7        17.39896          -      -  5497   15s
   178   323  postponed   10        17.39896          -      -  8047   23s
   450   604  postponed   13        17.39896          -      -  3657   30s
   931  1056  postponed   20        17.39896          -      -  2032   40s
  1665  1805 infeasible   30        17.39896          -      -  1393   55s
  3186  2950  postponed   46        17.39896          -      -   929   76s
  5291  4555  postponed   70        17.39896          -      -   723  103s
H 5733  4555                      17.3989613          -      -   710  103s
  7583  7246  postponed   89        17.39896          -      -   648  119s
H 8177  7220                      17.0941962          -      -   642  119s
H 8177  7218                      17.0276664          -      -   642  119s
 11129  8920  postponed  108        17.02767          -      -   541  131s
H11577  8837                      16.9556892          -      -   543  131s
H11587  8774                      16.9147575          -      -   543  131s
H12081  8769                      16.9049793          -      -   533  131s
H12341  8757                      16.8971604          -      -   522  131s
H12592  8714                      16.8697024          -      -   512  131s
H12653  8710                      16.8685665          -      -   512  131s
H12902  8710                      16.8631888          -      -   503  131s
 14060  9721 infeasible  124        16.86319          -      -   476  142s
H14287  9370                      16.7734534          -      -   480  142s
H14826  9369                      16.7731842          -      -   481  142s
H15737  9368                      16.7730794          -      -   468  142s
H16035  9368                      16.7726302          -      -   464  142s
H16287  8664                      14.9880103   10.12646  32.4%   457  146s
H16287  8231                      14.8383007   10.12646  31.8%   457  146s
H16287  7820                      14.7480010   10.12646  31.3%   457  146s
H16290  7430                      14.7263712   11.85774  19.5%   457  148s
 16293  7432   13.67299  164  670   14.72637   11.90676  19.1%   457  150s
H16294  7061                      14.6640988   11.93727  18.6%   457  151s
H16298  6710                      14.5758978   11.94864  18.0%   457  154s
H16298  6375                      14.5294580   11.94864  17.8%   457  154s
 16301  6377   11.95305  111  603   14.52946   11.95305  17.7%   457  155s
H16303  6058                      13.2459684   11.95894  9.72%   457  156s
 16314  6066   11.98467  156  625   13.24597   11.98467  9.52%   456  163s
H16314  5763                      13.0040223   11.98467  7.84%   456  165s
H16315  5476                      12.9492492   11.98467  7.45%   460  213s
 16316  5478   12.01769   11 2480   12.94925   11.98467  7.45%   460  216s
 16318  5481   12.07157   12 2665   12.94925   12.00762  7.27%   460  220s
H16346  5254                      12.3354890   12.04281  2.37%   461  226s
H16352  4989                      12.3354486   12.04281  2.37%   462  226s
H16373  4726                      12.3309538   12.04677  2.30%   462  226s
 16410  4715   12.15102   17 2119   12.33095   12.04677  2.30%   464  230s
H16572  4458                      12.3286588   12.06207  2.16%   473  234s
H16625  4216                      12.3271731   12.06207  2.15%   476  234s
 16627  4241 infeasible   25        12.32717   12.06207  2.15%   477  236s
H16732  4018                      12.3253582   12.08600  1.94%   481  237s
H16792  3796                      12.3239545   12.08600  1.93%   482  237s
H16885  3615                      12.3214273   12.08600  1.91%   485  239s
H16897  3429                      12.3155376   12.09162  1.82%   485  239s
 16945  3450   12.25429   25 1618   12.31554   12.09162  1.82%   487  242s
H17055  3274                      12.3125682   12.09162  1.79%   489  243s
H17098  3095                      12.3049401   12.09162  1.73%   490  243s
 17113  3095   12.27296   24 2173   12.30494   12.09162  1.73%   489  245s
H17414  2979                      12.3046363   12.14440  1.30%   489  248s
H17442  2822                      12.2950576   12.15985  1.10%   489  248s
 17632  2888   12.29127   26 2005   12.29506   12.15985  1.10%   489  250s
H17683  2730                      12.2810186   12.17351  0.88%   488  251s

Cutting planes:
  Learned: 19
  Gomory: 58
  Cover: 288
  Implied bound: 325
  Projected implied bound: 132
  Clique: 29
  MIR: 132
  StrongCG: 8
  Flow cover: 1904
  GUB cover: 2
  Zero half: 8
  RLT: 1714
  Relax-and-lift: 514
  BQP: 16
  PSD: 1

Explored 17764 nodes (8644350 simplex iterations) in 251.03 seconds (527.51 work units)
Thread count was 32 (of 104 available processors)

Solution count 10: 12.281 12.2951 12.3046 ... 12.3272

Optimal solution found (tolerance 1.00e-02)
Best objective 1.228101855592e+01, best bound 1.217350555537e+01, gap 0.8754%
Total operational cost: 123851.11
Maximum power (kW): 1526.93
Discharge energy capacity (kWh): 38816.42
Charge energy capacity (kWh): 53132.79
Levelized Cost of Flexibility ($/kWh): 0.51
ERROR: evaluating object as numeric value: flow_changed[1,1,1]
        (object: <class 'pyomo.core.base.var.VarData'>)
    No value for uninitialized VarData object flow_changed[1,1,1]
ERROR: evaluating object as numeric value: flow_changed[1,1,2]
        (object: <class 'pyomo.core.base.var.VarData'>)
    No value for uninitialized VarData object flow_changed[1,1,2]
ERROR: evaluating object as numeric value: flow_changed[1,1,3]
        (object: <class 'pyomo.core.base.var.VarData'>)
    No value for uninitialized VarData object flow_changed[1,1,3]
ERROR: evaluating object as numeric value: flow_changed[1,1,4]
        (object: <class 'pyomo.core.base.var.VarData'>)
    No value for uninitialized VarData object flow_changed[1,1,4]
ERROR: evaluating object as numeric value: uf_flow_changed[1,1,1]
        (object: <class 'pyomo.core.base.var.VarData'>)
    No value for uninitialized VarData object uf_flow_changed[1,1,1]
ERROR: evaluating object as numeric value: uf_flow_changed[1,1,2]
        (object: <class 'pyomo.core.base.var.VarData'>)
    No value for uninitialized VarData object uf_flow_changed[1,1,2]
ERROR: evaluating object as numeric value: uf_flow_changed[1,1,3]
        (object: <class 'pyomo.core.base.var.VarData'>)
    No value for uninitialized VarData object uf_flow_changed[1,1,3]
ERROR: evaluating object as numeric value: flow_changed[1,1,1]
        (object: <class 'pyomo.core.base.var.VarData'>)
    No value for uninitialized VarData object flow_changed[1,1,1]
ERROR: evaluating object as numeric value: flow_changes_penalty
        (object: <class 'pyomo.core.base.expression.ScalarExpression'>)
    No value for uninitialized VarData object flow_changed[1,1,1]
{'fixed_demand_cost': 9620.638774615054, 'variable_demand_cost': 0.0, 'fixed_monthly_cost': 171938.17204301074, 'total_water_production': 282179.67123287666, 'total_energy_cost': 21610.93356648217, 'total_demand_cost': 9620.638774615054, 'total_customer_cost': 0.0, 'total_feed_cost': 50843.184005923606, 'total_brine_cost': 20678.798698624792, 'total_chemical_cost': 20056.63051360261, 'raw_degree_of_flex': 0.467065868263473, 'degree_of_flex': 0.467065868263473, 'total_replacement_cost': 1040.9289460857153, 'total_water_revenue': 0.0, 'total_demand_response_revenue': 0.0, 'total_emissions_cost': 0.0, 'total_op_cost': 123851.11450533394, 'fixed_cost': 121551.98252688172, 'total_cost': 245403.09703221568, 'LCOW': 0.8696696539478562, 'maximum_power': 1526.9258949106277, 'energy_capacity': 38816.41858015407, 'power_capacity': 882.191331367138, 'round_trip_efficiency': 0, 'LVOF': 0.5064958933393297}
Saved operation variable results to: /home/rchurchi/watertap_test/watertap/tutorials/flex_ro/wrd_result_summer_no_flex_4_flexible_trains.csv
Saved summary results to: /home/rchurchi/watertap_test/watertap/tutorials/flex_ro/wrd_pricetaker_summary_results_20260521_125554.csv
