2026-05-19 09:32:35 [INFO] idaes.core.surrogate.pysmo_surrogate: Decode surrogate. type=poly

===========================Polynomial Regression===============================================

The number of cross-validation cases (3) is used.
The default training/cross-validation split of 0.75 is used.
No iterations will be run.
Default parameter estimation method is used.
Parameter estimation method:  pyomo 

2026-05-19 09:32:35 [INFO] idaes.core.surrogate.pysmo_surrogate: Decode surrogate. type=poly

===========================Polynomial Regression===============================================

The number of cross-validation cases (3) is used.
The default training/cross-validation split of 0.75 is used.
No iterations will be run.
Default parameter estimation method is used.
Parameter estimation method:  pyomo 

2026-05-19 09:32:35 [INFO] idaes.core.surrogate.pysmo_surrogate: Decode surrogate. type=poly

===========================Polynomial Regression===============================================

The number of cross-validation cases (3) is used.
The default training/cross-validation split of 0.75 is used.
No iterations will be run.
Default parameter estimation method is used.
Parameter estimation method:  pyomo 

2026-05-19 09:32:35 [INFO] idaes.core.surrogate.pysmo_surrogate: Decode surrogate. type=poly

===========================Polynomial Regression===============================================

The number of cross-validation cases (3) is used.
The default training/cross-validation split of 0.75 is used.
No iterations will be run.
Default parameter estimation method is used.
Parameter estimation method:  pyomo 

2026-05-19 09:32:35 [INFO] idaes.apps.grid_integration.pricetaker.price_taker_model: Found minimum uptime/downtime data for pretreatment.uf_pumps[1] - Adding minimum uptime/downtime constraints.
2026-05-19 09:32:35 [INFO] idaes.apps.grid_integration.pricetaker.price_taker_model: Created startup/shutdown constraints for operation model  pretreatment.uf_pumps[1] at uf_pumps_1_startup_shutdown.
2026-05-19 09:32:35 [INFO] idaes.apps.grid_integration.pricetaker.price_taker_model: Found minimum uptime/downtime data for pretreatment.uf_pumps[2] - Adding minimum uptime/downtime constraints.
2026-05-19 09:32:35 [INFO] idaes.apps.grid_integration.pricetaker.price_taker_model: Created startup/shutdown constraints for operation model  pretreatment.uf_pumps[2] at uf_pumps_2_startup_shutdown.
2026-05-19 09:32:35 [INFO] idaes.apps.grid_integration.pricetaker.price_taker_model: Found minimum uptime/downtime data for pretreatment.uf_pumps[3] - Adding minimum uptime/downtime constraints.
2026-05-19 09:32:35 [INFO] idaes.apps.grid_integration.pricetaker.price_taker_model: Created startup/shutdown constraints for operation model  pretreatment.uf_pumps[3] at uf_pumps_3_startup_shutdown.
2026-05-19 09:32:35 [INFO] idaes.apps.grid_integration.pricetaker.price_taker_model: Found minimum uptime/downtime data for reverse_osmosis.ro_skid[1] - Adding minimum uptime/downtime constraints.
2026-05-19 09:32:35 [INFO] idaes.apps.grid_integration.pricetaker.price_taker_model: Created startup/shutdown constraints for operation model  reverse_osmosis.ro_skid[1] at ro_skid_1_startup_shutdown.
2026-05-19 09:32:35 [INFO] idaes.apps.grid_integration.pricetaker.price_taker_model: Found minimum uptime/downtime data for reverse_osmosis.ro_skid[2] - Adding minimum uptime/downtime constraints.
2026-05-19 09:32:35 [INFO] idaes.apps.grid_integration.pricetaker.price_taker_model: Created startup/shutdown constraints for operation model  reverse_osmosis.ro_skid[2] at ro_skid_2_startup_shutdown.
2026-05-19 09:32:35 [INFO] idaes.apps.grid_integration.pricetaker.price_taker_model: Found minimum uptime/downtime data for reverse_osmosis.ro_skid[3] - Adding minimum uptime/downtime constraints.
2026-05-19 09:32:35 [INFO] idaes.apps.grid_integration.pricetaker.price_taker_model: Created startup/shutdown constraints for operation model  reverse_osmosis.ro_skid[3] at ro_skid_3_startup_shutdown.
2026-05-19 09:32:35 [INFO] idaes.apps.grid_integration.pricetaker.price_taker_model: Found minimum uptime/downtime data for reverse_osmosis.ro_skid[4] - Adding minimum uptime/downtime constraints.
2026-05-19 09:32:35 [INFO] idaes.apps.grid_integration.pricetaker.price_taker_model: Created startup/shutdown constraints for operation model  reverse_osmosis.ro_skid[4] at ro_skid_4_startup_shutdown.
1489
Set parameter TokenServer to value "10.60.1.73"
Set parameter LogToConsole to value 1
Set parameter MIPGap to value 0.015
Gurobi Optimizer version 12.0.3 build v12.0.3rc0 (linux64 - "Red Hat Enterprise Linux 8.8 (Ootpa)")

CPU model: Intel(R) Xeon(R) Platinum 8470QL, instruction set [SSE2|AVX|AVX2|AVX512]
Thread count: 104 physical cores, 104 logical processors, using up to 32 threads

Non-default parameters:
MIPGap  0.015

Optimize a model with 4829 rows, 5195 columns and 13372 nonzeros
Model fingerprint: 0x86c5118c
Model has 1008 quadratic constraints
Model has 193 general nonlinear constraints (240 nonlinear terms)
Variable types: 3705 continuous, 1490 integer (1490 binary)
Coefficient statistics:
  Matrix range     [3e-02, 2e+03]
  QMatrix range    [2e-07, 1e+00]
  QLMatrix range   [1e-04, 2e+00]
  Objective range  [1e+00, 1e+00]
  Bounds range     [9e-01, 1e+03]
  RHS range        [1e+00, 8e+04]
  QRHS range       [3e-01, 1e+00]
Presolve model has 193 nlconstr
Added 868 variables to disaggregate expressions.
Presolve removed 1383 rows and 1520 columns
Presolve time: 0.06s
Presolved: 11195 rows, 5264 columns, 28158 nonzeros
Presolved model has 96 SOS constraint(s)
Presolved model has 1394 bilinear constraint(s)
Presolved model has 194 nonlinear constraint(s)

Solving non-convex MINLP

Variable types: 4185 continuous, 1079 integer (1079 binary)

Root relaxation: objective 2.108969e+00, 10453 iterations, 0.50 seconds (0.82 work units)

    Nodes    |    Current Node    |     Objective Bounds      |     Work
 Expl Unexpl |  Obj  Depth IntInf | Incumbent    BestBd   Gap | It/Node Time

     0     0    2.10897    0 2152          -    2.10897      -     -    0s
     0     0    2.40712    0 2135          -    2.40712      -     -    2s
H    0     0                       3.3195249    2.63034  20.8%     -    3s
H    0     0                       3.3145249    2.63034  20.6%     -    3s
     0     0    2.63034    0 1989    3.31452    2.63034  20.6%     -    3s
     0     0    2.84540    0 1553    3.31452    2.84540  14.2%     -    6s
     0     0    2.85376    0 1873    3.31452    2.85376  13.9%     -    8s
     0     0    2.91314    0 1266    3.31452    2.91314  12.1%     -    9s
     0     0    2.91317    0 1736    3.31452    2.91317  12.1%     -   11s
     0     0    2.91317    0 1447    3.31452    2.91317  12.1%     -   12s
H    0     0                       3.3144993    2.91317  12.1%     -   12s
     0     0    2.91317    0 1217    3.31450    2.91317  12.1%     -   13s
     0     0    2.91317    0 1198    3.31450    2.91317  12.1%     -   14s
     0     0    2.91317    0 1304    3.31450    2.91317  12.1%     -   14s
     0     2    2.91317    0 1304    3.31450    2.91317  12.1%     -   16s
    29    44    2.95659    5 1087    3.31450    2.91317  12.1%  6376   22s
    57    74    2.95825    6 1116    3.31450    2.91317  12.1%  8871   25s
H   97   119                       3.3053948    2.91317  11.9%  8735   28s
H  104   119                       3.2840251    2.91317  11.3%  8543   28s
   156   142    3.05067    8 1101    3.28403    2.91317  11.3%  7934   31s
   233   168    3.07749    9 1062    3.28403    2.91317  11.3%  7293   35s
H  263   168                       3.2602384    2.91317  10.6%  7136   35s
   363   234    3.14742   10 1211    3.26024    2.91317  10.6%  6936   40s
H  409   234                       3.2601993    2.91317  10.6%  6725   40s
   569   337    3.17616   11 1115    3.26020    2.91317  10.6%  6388   46s
   692   407    3.19060   12  972    3.26020    2.91317  10.6%  6272   50s
H  777   451                       3.2433238    2.91317  10.2%  6188   52s
   922   537     cutoff   14         3.24332    2.91317  10.2%  5912   58s
  1000   577    3.22028   13 1259    3.24332    2.91317  10.2%  5844   61s
H 1016   577                       3.2313117    2.91317  9.85%  5823   61s
H 1062   615                       3.2263117    2.91317  9.71%  5727   63s
H 1103   615                       3.2245775    2.91317  9.66%  5667   63s
H 1123   615                       3.2163418    2.91317  9.43%  5654   63s
  1154   664    3.13078   17  728    3.21634    2.91317  9.43%  5575   66s
  1331   803     cutoff   20         3.21634    2.91317  9.43%  5491   71s
H 1467   899                       3.2163418    2.91317  9.43%  5351   74s
  1585  1003    3.11208   12 1186    3.21634    2.91317  9.43%  5206   77s
H 1817  1107                       3.2163418    2.91317  9.43%  4963   79s
H 1821  1107                       3.2163293    2.91317  9.43%  4974   79s
  1860  1249    3.17570   12  951    3.21633    2.91317  9.43%  4947   81s
H 2071  1374                       3.2013594    2.91317  9.00%  4685   83s
H 2137  1374                       3.2012441    2.91317  9.00%  4633   83s
H 2156  1374                       3.1970714    2.91317  8.88%  4629   83s
  2204  1508    3.18692   18  690    3.19707    2.91317  8.88%  4631   86s
  2578  1785    3.15744   20  989    3.19707    2.91317  8.88%  4363   90s
  2985  1883    3.17261   24  553    3.19707    2.91317  8.88%  4169   96s
H 3135  1883                       3.1970714    2.91317  8.88%  4124   96s
  3170  1846    3.18086   29  606    3.19707    2.91317  8.88%  4114  106s
  3308  1904     cutoff   34         3.19707    2.91916  8.69%  4139  110s
H 3346  1904                       3.1970712    2.91916  8.69%  4128  110s
H 3688  2057                       3.1970249    2.91916  8.69%  4094  121s
H 3688   206                       2.9525427    2.91916  1.13%  4094  130s

Cutting planes:
  Learned: 232
  Gomory: 6
  Cover: 971
  Implied bound: 531
  Clique: 57
  MIR: 294
  StrongCG: 3
  Flow cover: 820
  GUB cover: 3
  Zero half: 6
  Network: 5
  RLT: 1328
  Relax-and-lift: 308
  BQP: 4
  PSD: 19

Explored 3688 nodes (15224360 simplex iterations) in 132.85 seconds (270.55 work units)
Thread count was 32 (of 104 available processors)

Solution count 10: 2.95254 3.19702 3.19707 ... 3.21634

Optimal solution found (tolerance 1.50e-02)
Best objective 2.952542731331e+00, best bound 2.919162544218e+00, gap 1.1306%
m.flow_changes_penalty(): 0.0
Total operational cost: 29525.43
Maximum power (kW): 1078.45
Discharge energy capacity (kWh): 624.70
Charge energy capacity (kWh): 0.00
Levelized Cost of Flexibility ($/kWh): 27.51
{'fixed_demand_cost': 1336.6683091326145, 'variable_demand_cost': 716.7600103978098, 'fixed_monthly_cost': 48389.784946236556, 'total_water_production': 80391.75599481334, 'total_energy_cost': 5050.636562232903, 'total_demand_cost': 2053.4283195304242, 'total_customer_cost': 0.0, 'total_feed_cost': 13920.0, 'total_brine_cost': 2841.5449222300113, 'total_chemical_cost': 5380.54443583919, 'raw_degree_of_flex': 0.0, 'degree_of_flex': 0.0, 'total_replacement_cost': 279.2730734767025, 'total_water_revenue': 0.0, 'total_demand_response_revenue': 0.0, 'total_emissions_cost': 0.0, 'total_op_cost': 29525.427313309232, 'fixed_cost': 34209.24059139785, 'total_cost': 63734.66790470708, 'LCOW': 0.7928010417986027, 'maximum_power': 1078.4492831833184, 'energy_capacity': 624.7035285419581, 'power_capacity': 13.014656844624128, 'round_trip_efficiency': 0, 'LVOF': 27.51418457941195}
Saved operation variable results to: /home/rchurchi/watertap_test/watertap/tutorials/flex_ro/wrd_result_winter_both_4_flexible_trains.csv
2026-05-19 09:34:50 [INFO] idaes.core.surrogate.pysmo_surrogate: Decode surrogate. type=poly

===========================Polynomial Regression===============================================

The number of cross-validation cases (3) is used.
The default training/cross-validation split of 0.75 is used.
No iterations will be run.
Default parameter estimation method is used.
Parameter estimation method:  pyomo 

2026-05-19 09:34:50 [INFO] idaes.core.surrogate.pysmo_surrogate: Decode surrogate. type=poly

===========================Polynomial Regression===============================================

The number of cross-validation cases (3) is used.
The default training/cross-validation split of 0.75 is used.
No iterations will be run.
Default parameter estimation method is used.
Parameter estimation method:  pyomo 

2026-05-19 09:34:50 [INFO] idaes.core.surrogate.pysmo_surrogate: Decode surrogate. type=poly

===========================Polynomial Regression===============================================

The number of cross-validation cases (3) is used.
The default training/cross-validation split of 0.75 is used.
No iterations will be run.
Default parameter estimation method is used.
Parameter estimation method:  pyomo 

2026-05-19 09:34:50 [INFO] idaes.core.surrogate.pysmo_surrogate: Decode surrogate. type=poly

===========================Polynomial Regression===============================================

The number of cross-validation cases (3) is used.
The default training/cross-validation split of 0.75 is used.
No iterations will be run.
Default parameter estimation method is used.
Parameter estimation method:  pyomo 

2026-05-19 09:34:51 [INFO] idaes.apps.grid_integration.pricetaker.price_taker_model: Found minimum uptime/downtime data for pretreatment.uf_pumps[1] - Adding minimum uptime/downtime constraints.
2026-05-19 09:34:51 [INFO] idaes.apps.grid_integration.pricetaker.price_taker_model: Created startup/shutdown constraints for operation model  pretreatment.uf_pumps[1] at uf_pumps_1_startup_shutdown.
2026-05-19 09:34:51 [INFO] idaes.apps.grid_integration.pricetaker.price_taker_model: Found minimum uptime/downtime data for pretreatment.uf_pumps[2] - Adding minimum uptime/downtime constraints.
2026-05-19 09:34:51 [INFO] idaes.apps.grid_integration.pricetaker.price_taker_model: Created startup/shutdown constraints for operation model  pretreatment.uf_pumps[2] at uf_pumps_2_startup_shutdown.
2026-05-19 09:34:51 [INFO] idaes.apps.grid_integration.pricetaker.price_taker_model: Found minimum uptime/downtime data for pretreatment.uf_pumps[3] - Adding minimum uptime/downtime constraints.
2026-05-19 09:34:51 [INFO] idaes.apps.grid_integration.pricetaker.price_taker_model: Created startup/shutdown constraints for operation model  pretreatment.uf_pumps[3] at uf_pumps_3_startup_shutdown.
2026-05-19 09:34:51 [INFO] idaes.apps.grid_integration.pricetaker.price_taker_model: Found minimum uptime/downtime data for reverse_osmosis.ro_skid[1] - Adding minimum uptime/downtime constraints.
2026-05-19 09:34:51 [INFO] idaes.apps.grid_integration.pricetaker.price_taker_model: Created startup/shutdown constraints for operation model  reverse_osmosis.ro_skid[1] at ro_skid_1_startup_shutdown.
2026-05-19 09:34:51 [INFO] idaes.apps.grid_integration.pricetaker.price_taker_model: Found minimum uptime/downtime data for reverse_osmosis.ro_skid[2] - Adding minimum uptime/downtime constraints.
2026-05-19 09:34:51 [INFO] idaes.apps.grid_integration.pricetaker.price_taker_model: Created startup/shutdown constraints for operation model  reverse_osmosis.ro_skid[2] at ro_skid_2_startup_shutdown.
2026-05-19 09:34:51 [INFO] idaes.apps.grid_integration.pricetaker.price_taker_model: Found minimum uptime/downtime data for reverse_osmosis.ro_skid[3] - Adding minimum uptime/downtime constraints.
2026-05-19 09:34:51 [INFO] idaes.apps.grid_integration.pricetaker.price_taker_model: Created startup/shutdown constraints for operation model  reverse_osmosis.ro_skid[3] at ro_skid_3_startup_shutdown.
2026-05-19 09:34:51 [INFO] idaes.apps.grid_integration.pricetaker.price_taker_model: Found minimum uptime/downtime data for reverse_osmosis.ro_skid[4] - Adding minimum uptime/downtime constraints.
2026-05-19 09:34:51 [INFO] idaes.apps.grid_integration.pricetaker.price_taker_model: Created startup/shutdown constraints for operation model  reverse_osmosis.ro_skid[4] at ro_skid_4_startup_shutdown.
1489
Set parameter LogToConsole to value 1
Set parameter MIPGap to value 0.015
Gurobi Optimizer version 12.0.3 build v12.0.3rc0 (linux64 - "Red Hat Enterprise Linux 8.8 (Ootpa)")

CPU model: Intel(R) Xeon(R) Platinum 8470QL, instruction set [SSE2|AVX|AVX2|AVX512]
Thread count: 104 physical cores, 104 logical processors, using up to 32 threads

Non-default parameters:
MIPGap  0.015

Optimize a model with 4829 rows, 5195 columns and 13372 nonzeros
Model fingerprint: 0xd72d8b75
Model has 1008 quadratic constraints
Model has 193 general nonlinear constraints (240 nonlinear terms)
Variable types: 3705 continuous, 1490 integer (1490 binary)
Coefficient statistics:
  Matrix range     [3e-02, 2e+03]
  QMatrix range    [2e-07, 1e+00]
  QLMatrix range   [1e-04, 2e+00]
  Objective range  [1e+00, 1e+00]
  Bounds range     [9e-01, 1e+03]
  RHS range        [1e+00, 8e+04]
  QRHS range       [3e-01, 1e+00]
Presolve model has 193 nlconstr
Added 868 variables to disaggregate expressions.
Presolve removed 1383 rows and 1520 columns
Presolve time: 0.04s
Presolved: 11195 rows, 5264 columns, 28158 nonzeros
Presolved model has 96 SOS constraint(s)
Presolved model has 1394 bilinear constraint(s)
Presolved model has 194 nonlinear constraint(s)

Solving non-convex MINLP

Variable types: 4185 continuous, 1079 integer (1079 binary)

Root relaxation: objective 2.220794e+00, 10031 iterations, 0.42 seconds (0.71 work units)

    Nodes    |    Current Node    |     Objective Bounds      |     Work
 Expl Unexpl |  Obj  Depth IntInf | Incumbent    BestBd   Gap | It/Node Time

     0     0    2.22079    0 2197          -    2.22079      -     -    0s
     0     0    2.58317    0 2117          -    2.58317      -     -    1s
     0     0    2.84171    0 1804          -    2.84171      -     -    2s
     0     0    2.91862    0 1884          -    2.91862      -     -    4s
     0     0    2.91872    0 1883          -    2.91872      -     -    4s
     0     0    2.99412    0 1460          -    2.99412      -     -    5s
H    0     0                       3.6117208    2.99412  17.1%     -    7s
     0     0    2.99412    0 1606    3.61172    2.99412  17.1%     -    7s
     0     0    2.99412    0 1314    3.61172    2.99412  17.1%     -    8s
     0     0    3.01313    0 1217    3.61172    3.01313  16.6%     -    9s
     0     0    3.01313    0 1435    3.61172    3.01313  16.6%     -   10s
     0     0    3.01313    0 1482    3.61172    3.01313  16.6%     -   11s
     0     0    3.03035    0 1291    3.61172    3.03035  16.1%     -   12s
     0     0    3.03035    0 1772    3.61172    3.03035  16.1%     -   15s
H    0     0                       3.6115277    3.03035  16.1%     -   15s
     0     0    3.03035    0 1684    3.61153    3.03035  16.1%     -   17s
     0     0    3.03035    0 1469    3.61153    3.03035  16.1%     -   18s
     0     0    3.03035    0 1534    3.61153    3.03035  16.1%     -   19s
     0     0    3.03035    0 1765    3.61153    3.03035  16.1%     -   21s
     0     0    3.03035    0 1457    3.61153    3.03035  16.1%     -   22s
     0     2    3.03035    0 1456    3.61153    3.03035  16.1%     -   24s
H    3     8                       3.5510749    3.03035  14.7%  4928   25s
H    7    14                       3.5460749    3.03035  14.5%  4549   26s
    53    78    3.03035    6 1363    3.54607    3.03035  14.5%  6117   30s
H   66    77                       3.4799123    3.03035  12.9%  6395   30s
   128   137    3.18382    8 1240    3.47991    3.04288  12.6%  7392   36s
H  133   137                       3.4799020    3.04288  12.6%  7422   36s
H  133   137                       3.4712396    3.04288  12.3%  7422   36s
H  146   137                       3.4582831    3.04288  12.0%  7228   36s
   254   183    3.34223    9  805    3.45828    3.04288  12.0%  6727   42s
H  264   183                       3.4536901    3.06864  11.1%  6823   42s
H  273   183                       3.2847926    3.06864  6.58%  6846   42s
   309    87    3.26776   10 1173    3.28479    3.06864  6.58%  6910   46s
   418    82     cutoff   10         3.28479    3.06864  6.58%  6021   51s
   454    91    3.06864   10 1291    3.28479    3.06864  6.58%  6625   55s
   500   102    3.17140   11 1517    3.28479    3.06864  6.58%  6944   60s
H  501   102                       3.2649474    3.06864  6.01%  6931   60s
H  534   102                       3.2142317    3.06864  4.53%  7368   60s
   619    48     cutoff   13         3.21423    3.06864  4.53%  6972   70s
H  628    48                       3.2134807    3.06864  4.51%  7042   70s
H  647    48                       3.2111557    3.07289  4.31%  7186   70s
   657    36    3.20119   15 1403    3.21116    3.07289  4.31%  7168   77s
H  703    49                       3.2087324    3.07289  4.23%  7168   82s
H  710    49                       3.1976881    3.07289  3.90%  7150   82s
   760    59     cutoff   18         3.19769    3.07289  3.90%  7022   88s
   809    79    3.18775   17  475    3.19769    3.07289  3.90%  7093   92s
H  818    79                       3.1938307    3.07289  3.79%  7144   92s
H  850    79                       3.1903580    3.07289  3.68%  7152   92s
   861   124     cutoff   19         3.19036    3.07289  3.68%  7153   95s
H  964   152                       3.1901622    3.07289  3.68%  6986   97s
H  994   152                       3.1740836    3.07289  3.19%  6961   97s
  1022   112    3.13404   22  816    3.17408    3.07289  3.19%  6859  101s
H 1164   122                       3.1740836    3.07289  3.19%  6769  104s
  1167   151    3.14549   26  937    3.17408    3.07289  3.19%  6792  107s
  1242   195    3.14574   27  925    3.17408    3.07289  3.19%  6772  110s
  1334   251    3.16401   35  818    3.17408    3.07289  3.19%  6725  117s
H 1454   292                       3.1740836    3.07289  3.19%  6648  119s
H 1545   292                       3.1740836    3.07289  3.19%  6538  119s
  1555   334     cutoff   38         3.17408    3.07289  3.19%  6528  122s
  1673   372     cutoff   37         3.17408    3.07289  3.19%  6429  126s
  1917   434     cutoff   29         3.17408    3.07434  3.14%  6265  133s
H 1978   434                       3.1740215    3.07434  3.14%  6280  133s
H 1998   434                       3.1730910    3.07434  3.11%  6269  133s
  2021   502    3.07434   19 1308    3.17309    3.07434  3.11%  6277  136s
H 2145   554                       3.1729450    3.07434  3.11%  6229  141s
  2269   629    3.07434   21 1524    3.17294    3.07434  3.11%  6210  146s
H 2461   703                       3.1729440    3.07434  3.11%  6142  149s
  2580   778    3.10259   24 1007    3.17294    3.07434  3.11%  6087  154s
  2767   879    3.10354   26  985    3.17294    3.07540  3.07%  5970  157s
H 2769   879                       3.1729440    3.07540  3.07%  5971  157s
  2967   974    3.09896   28 1405    3.17294    3.08012  2.93%  5833  161s
  3165  1061    3.08526   29 1416    3.17294    3.08012  2.93%  5752  165s
H 3337  1061                       3.1729439    3.08012  2.93%  5705  165s
  3358  1196    3.08012   32 1374    3.17294    3.08012  2.93%  5688  171s
  3574  1339    3.12015   36 1038    3.17294    3.08012  2.93%  5614  177s
H 3589  1339                       3.1729439    3.08012  2.93%  5608  177s
  3789  1459    3.13700   39 1030    3.17294    3.10230  2.23%  5551  181s
  3972  1427    3.12830   36  489    3.17294    3.10230  2.23%  5549  216s
  3974  1428    3.12326   34  498    3.17294    3.10230  2.23%  5546  220s
  3976  1430    3.15732   56  278    3.17294    3.10230  2.23%  5543  225s
  3979  1432    3.15276   33  383    3.17294    3.10230  2.23%  5539  231s
  3980  1432    3.16085   33  479    3.17294    3.10230  2.23%  5538  235s
  3983  1434    3.16463   32  326    3.17294    3.10230  2.23%  5534  243s
H 3984  1363                       3.1729439    3.10230  2.23%  5532  248s
  3987  1365    3.15058   29  351    3.17294    3.10230  2.23%  5528  251s
  3990  1367    3.15330   65  213    3.17294    3.10230  2.23%  5524  255s
  3993  1369    3.15305   28  436    3.17294    3.10230  2.23%  5520  260s
  3996  1371    3.17289   79  434    3.17294    3.10230  2.23%  5516  267s
  3997  1372    3.17233   53  434    3.17294    3.10230  2.23%  5514  270s
  3998  1375    3.10230   10  877    3.17294    3.10230  2.23%  5593  329s
  4000  1378    3.10586   11  974    3.17294    3.10230  2.23%  5595  345s
  4004  1379    3.15086   12 1006    3.17294    3.10230  2.23%  5606  351s
  4011  1375     cutoff   13         3.17294    3.10230  2.23%  5617  357s
  4021  1374    3.10230   14 1134    3.17294    3.10230  2.23%  5638  362s
  4029  1373    3.10230   15 1123    3.17294    3.10230  2.23%  5649  367s
  4039  1369     cutoff   16         3.17294    3.10230  2.23%  5656  371s
  4051  1365     cutoff   17         3.17294    3.10997  1.98%  5678  376s
  4062  1362    3.11243   18  989    3.17294    3.11094  1.95%  5690  381s
  4076  1365    3.12009   19 1236    3.17294    3.11243  1.91%  5714  390s
  4096  1358    3.11849   20 1502    3.17294    3.11243  1.91%  5752  396s
  4126  1356     cutoff   21         3.17294    3.11243  1.91%  5777  402s
  4156  1356    3.11243   23 1577    3.17294    3.11243  1.91%  5802  406s
  4197  1366    3.12902   24 1059    3.17294    3.11871  1.71%  5852  412s
  4267  1379    3.13243   26 1238    3.17294    3.11871  1.71%  5875  418s
  4341  1382    3.11928   27 1220    3.17294    3.11871  1.71%  5911  421s
  4417  1399    3.13723   29  929    3.17294    3.11871  1.71%  5921  425s
  4589  1416    3.15475   33  898    3.17294    3.11871  1.71%  5902  431s
H 4608  1341                       3.1727997    3.11871  1.70%  5912  431s
  4668  1346     cutoff   34         3.17280    3.11871  1.70%  5893  435s
H 4765  1275                       3.1727992    3.11871  1.70%  5875  438s
  4821  1284    3.12643   34 1258    3.17280    3.11871  1.70%  5854  441s
  4901  1289    3.12462   35  993    3.17280    3.12093  1.63%  5831  446s
  4977  1298    3.13188   37  868    3.17280    3.12093  1.63%  5819  450s
H 5062  1236                       3.1726034    3.12093  1.63%  5815  454s
  5126  1243    3.14324   42  874    3.17260    3.12093  1.63%  5832  457s
  5199  1246    3.16166   43  870    3.17260    3.12093  1.63%  5839  462s
  5274  1264     cutoff   44         3.17260    3.12093  1.63%  5856  465s
H 5372  1219                       3.1724574    3.12093  1.62%  5886  468s
  5432  1229    3.14797   43  974    3.17246    3.12093  1.62%  5874  475s
  5614  1245     cutoff   43         3.17246    3.12301  1.56%  5911  486s
  5824  1251    3.12301   31 1517    3.17246    3.12301  1.56%  5915  493s
  5910  1273    3.12301   32 1509    3.17246    3.12301  1.56%  5946  498s
H 5952  1202                       3.1724574    3.12301  1.56%  5930  498s
  6031  1232    3.12301   34 1517    3.17246    3.12301  1.56%  5943  502s
  6136  1271    3.14713   35 1105    3.17246    3.12301  1.56%  5958  507s
  6269  1293    3.12301   36 1261    3.17246    3.12301  1.56%  5951  510s
  6542  1345    3.16220   41 1082    3.17246    3.12301  1.56%  5934  521s
  6711  1349    3.16906   49 1206    3.17246    3.12301  1.56%  5918  525s
  6881  1367     cutoff   48         3.17246    3.12331  1.55%  5898  531s
  7082  1368     cutoff   50         3.17246    3.12331  1.55%  5866  535s
H 7113  1338                       3.1555788    3.12331  1.02%  5862  535s

Cutting planes:
  Learned: 72
  Gomory: 10
  Cover: 290
  Implied bound: 113
  Projected implied bound: 74
  Clique: 1
  MIR: 334
  Flow cover: 581
  GUB cover: 4
  Zero half: 2
  Network: 10
  RLT: 740
  Relax-and-lift: 172
  BQP: 6
  PSD: 4

Explored 7196 nodes (42483761 simplex iterations) in 535.58 seconds (1168.83 work units)
Thread count was 32 (of 104 available processors)

Solution count 10: 3.15558 3.17246 3.17246 ... 3.17294

Optimal solution found (tolerance 1.50e-02)
Best objective 3.155578771802e+00, best bound 3.123312050043e+00, gap 1.0225%
m.flow_changes_penalty(): 900.0
Total operational cost: 30655.79
Maximum power (kW): 1191.75
Discharge energy capacity (kWh): 7243.72
Charge energy capacity (kWh): 2962.34
Levelized Cost of Flexibility ($/kWh): 5.82
{'fixed_demand_cost': 1501.1897479682953, 'variable_demand_cost': 1381.207435796661, 'fixed_monthly_cost': 48389.784946236556, 'total_water_production': 79415.83561643836, 'total_energy_cost': 5129.992673374061, 'total_demand_cost': 2882.397183764956, 'total_customer_cost': 0.0, 'total_feed_cost': 13875.154299075995, 'total_brine_cost': 3140.667867170459, 'total_chemical_cost': 5340.985421435807, 'raw_degree_of_flex': 0.25531914893617025, 'degree_of_flex': 0.25531914893617025, 'total_replacement_cost': 286.5902719084065, 'total_water_revenue': 0.0, 'total_demand_response_revenue': 0.0, 'total_emissions_cost': 0.0, 'total_op_cost': 30655.787716729687, 'fixed_cost': 34209.24059139785, 'total_cost': 64865.02830812754, 'LCOW': 0.8167770042918375, 'maximum_power': 1191.7509683181584, 'energy_capacity': 7243.7162133274, 'power_capacity': 452.7322633329625, 'round_trip_efficiency': 0, 'LVOF': 5.815412859115748}
Saved operation variable results to: /home/rchurchi/watertap_test/watertap/tutorials/flex_ro/wrd_result_summer_both_4_flexible_trains.csv
Saved summary results to: /home/rchurchi/watertap_test/watertap/tutorials/flex_ro/wrd_pricetaker_summary_results.csv
