2026-05-26 13:55:28 [INFO] idaes.core.surrogate.pysmo_surrogate: Decode surrogate. type=poly

===========================Polynomial Regression===============================================

The number of cross-validation cases (3) is used.
The default training/cross-validation split of 0.75 is used.
No iterations will be run.
Default parameter estimation method is used.
Parameter estimation method:  pyomo 

2026-05-26 13:55:28 [INFO] idaes.core.surrogate.pysmo_surrogate: Decode surrogate. type=poly

===========================Polynomial Regression===============================================

The number of cross-validation cases (3) is used.
The default training/cross-validation split of 0.75 is used.
No iterations will be run.
Default parameter estimation method is used.
Parameter estimation method:  pyomo 

2026-05-26 13:55:28 [INFO] idaes.core.surrogate.pysmo_surrogate: Decode surrogate. type=poly

===========================Polynomial Regression===============================================

The number of cross-validation cases (3) is used.
The default training/cross-validation split of 0.75 is used.
No iterations will be run.
Default parameter estimation method is used.
Parameter estimation method:  pyomo 

2026-05-26 13:55:28 [INFO] idaes.core.surrogate.pysmo_surrogate: Decode surrogate. type=poly

===========================Polynomial Regression===============================================

The number of cross-validation cases (3) is used.
The default training/cross-validation split of 0.75 is used.
No iterations will be run.
Default parameter estimation method is used.
Parameter estimation method:  pyomo 

2026-05-26 13:55:29 [INFO] idaes.apps.grid_integration.pricetaker.price_taker_model: Found minimum uptime/downtime data for pretreatment.uf_pumps[1] - Adding minimum uptime/downtime constraints.
2026-05-26 13:55:29 [INFO] idaes.apps.grid_integration.pricetaker.price_taker_model: Created startup/shutdown constraints for operation model  pretreatment.uf_pumps[1] at uf_pumps_1_startup_shutdown.
2026-05-26 13:55:29 [INFO] idaes.apps.grid_integration.pricetaker.price_taker_model: Found minimum uptime/downtime data for pretreatment.uf_pumps[2] - Adding minimum uptime/downtime constraints.
2026-05-26 13:55:29 [INFO] idaes.apps.grid_integration.pricetaker.price_taker_model: Created startup/shutdown constraints for operation model  pretreatment.uf_pumps[2] at uf_pumps_2_startup_shutdown.
2026-05-26 13:55:29 [INFO] idaes.apps.grid_integration.pricetaker.price_taker_model: Found minimum uptime/downtime data for pretreatment.uf_pumps[3] - Adding minimum uptime/downtime constraints.
2026-05-26 13:55:29 [INFO] idaes.apps.grid_integration.pricetaker.price_taker_model: Created startup/shutdown constraints for operation model  pretreatment.uf_pumps[3] at uf_pumps_3_startup_shutdown.
2026-05-26 13:55:29 [INFO] idaes.apps.grid_integration.pricetaker.price_taker_model: Found minimum uptime/downtime data for reverse_osmosis.ro_skid[1] - Adding minimum uptime/downtime constraints.
2026-05-26 13:55:29 [INFO] idaes.apps.grid_integration.pricetaker.price_taker_model: Created startup/shutdown constraints for operation model  reverse_osmosis.ro_skid[1] at ro_skid_1_startup_shutdown.
2026-05-26 13:55:29 [INFO] idaes.apps.grid_integration.pricetaker.price_taker_model: Found minimum uptime/downtime data for reverse_osmosis.ro_skid[2] - Adding minimum uptime/downtime constraints.
2026-05-26 13:55:29 [INFO] idaes.apps.grid_integration.pricetaker.price_taker_model: Created startup/shutdown constraints for operation model  reverse_osmosis.ro_skid[2] at ro_skid_2_startup_shutdown.
2026-05-26 13:55:29 [INFO] idaes.apps.grid_integration.pricetaker.price_taker_model: Found minimum uptime/downtime data for reverse_osmosis.ro_skid[3] - Adding minimum uptime/downtime constraints.
2026-05-26 13:55:29 [INFO] idaes.apps.grid_integration.pricetaker.price_taker_model: Created startup/shutdown constraints for operation model  reverse_osmosis.ro_skid[3] at ro_skid_3_startup_shutdown.
2026-05-26 13:55:29 [INFO] idaes.apps.grid_integration.pricetaker.price_taker_model: Found minimum uptime/downtime data for reverse_osmosis.ro_skid[4] - Adding minimum uptime/downtime constraints.
2026-05-26 13:55:29 [INFO] idaes.apps.grid_integration.pricetaker.price_taker_model: Created startup/shutdown constraints for operation model  reverse_osmosis.ro_skid[4] at ro_skid_4_startup_shutdown.
4200
Set parameter TokenServer to value "10.60.1.73"
Set parameter LogToConsole to value 1
Set parameter MIPGap to value 0.01
Gurobi Optimizer version 12.0.3 build v12.0.3rc0 (linux64 - "Red Hat Enterprise Linux 8.8 (Ootpa)")

CPU model: Intel(R) Xeon(R) Platinum 8470QL, instruction set [SSE2|AVX|AVX2|AVX512]
Thread count: 104 physical cores, 104 logical processors, using up to 32 threads

Non-default parameters:
MIPGap  0.01

Optimize a model with 16782 rows, 16978 columns and 42977 nonzeros
Model fingerprint: 0xb4c09d06
Model has 168 quadratic objective terms
Model has 3528 quadratic constraints
Model has 672 general nonlinear constraints (672 nonlinear terms)
Variable types: 12440 continuous, 4538 integer (4538 binary)
Coefficient statistics:
  Matrix range     [2e-02, 2e+03]
  QMatrix range    [2e-07, 1e+00]
  QLMatrix range   [1e-04, 2e+00]
  Objective range  [7e-06, 5e-03]
  QObjective range [2e-04, 2e-04]
  Bounds range     [9e-01, 1e+03]
  RHS range        [1e+00, 3e+05]
  QRHS range       [3e-01, 1e+00]
Presolve model has 672 nlconstr
Added 2016 variables to disaggregate expressions.
Presolve removed 9353 rows and 7718 columns
Presolve time: 0.12s
Presolved: 32125 rows, 12957 columns, 79487 nonzeros
Presolved model has 4872 bilinear constraint(s)
Presolved model has 672 nonlinear constraint(s)

Solving non-convex MINLP

Variable types: 10454 continuous, 2503 integer (2503 binary)
Found heuristic solution: objective 10.3638659

Root relaxation: objective 9.242076e+00, 34614 iterations, 3.26 seconds (6.63 work units)

    Nodes    |    Current Node    |     Objective Bounds      |     Work
 Expl Unexpl |  Obj  Depth IntInf | Incumbent    BestBd   Gap | It/Node Time

     0     0    9.24208    0 5537   10.36387    9.24208  10.8%     -    3s
H    0     0                      10.3638659    9.24208  10.8%     -    4s
H    0     0                      10.3638657    9.24208  10.8%     -    4s
     0     0   10.15684    0 3693   10.36387   10.15684  2.00%     -    7s
     0     0   10.18440    0 3617   10.36387   10.18440  1.73%     -   16s
     0     0   10.20727    0 3776   10.36387   10.20727  1.51%     -   23s
     0     0          -    0        10.36387   10.26194  0.98%     -   24s

Cutting planes:
  Learned: 101
  Gomory: 6
  Cover: 34
  Implied bound: 320
  MIR: 42
  Flow cover: 448
  Network: 7
  RLT: 2094
  Relax-and-lift: 89
  PSD: 54

Explored 1 nodes (128435 simplex iterations) in 24.05 seconds (40.31 work units)
Thread count was 32 (of 104 available processors)

Solution count 1: 10.3639 

Optimal solution found (tolerance 1.00e-02)
Best objective 1.036386566205e+01, best bound 1.026193717878e+01, gap 0.9835%
Total operational cost: 104630.97
Maximum power (kW): 1119.46
Discharge energy capacity (kWh): 0.00
Charge energy capacity (kWh): 6628.83
Levelized Cost of Flexibility ($/kWh): nan
{'fixed_demand_cost': 4930.035924982019, 'variable_demand_cost': 2648.4494521802862, 'fixed_monthly_cost': 171938.17204301074, 'total_water_production': 282179.67125649896, 'total_energy_cost': 18537.004351877757, 'total_demand_cost': 7578.485377162306, 'total_customer_cost': 0.0, 'total_feed_cost': 48809.46231651338, 'total_brine_cost': 9838.171335334888, 'total_chemical_cost': 18875.533239627952, 'raw_degree_of_flex': 0.0, 'degree_of_flex': 0.0, 'total_replacement_cost': 992.3107078853046, 'total_water_revenue': 0.0, 'total_demand_response_revenue': -0.0, 'total_emissions_cost': 0.0, 'total_op_cost': 104630.9673284016, 'fixed_cost': 121551.98252688172, 'total_cost': 226182.9498552833, 'LCOW': 0.8015565006796145, 'maximum_power': 1119.457332486897, 'energy_capacity': 0.0, 'power_capacity': nan, 'round_trip_efficiency': 0, 'LVOF': nan}
Saved operation variable results to: /home/rchurchi/watertap_test/watertap/tutorials/flex_ro/wrd_result_winter_both_2_flexible_trains.csv
Saved summary results to: /home/rchurchi/watertap_test/watertap/tutorials/flex_ro/wrd_pricetaker_summary_results_20260526_135557.csv
