

Running optimization for annual production of 9000 AF...
2026-06-16 12:32:34 [INFO] idaes.core.surrogate.pysmo_surrogate: Decode surrogate. type=poly

===========================Polynomial Regression===============================================

The number of cross-validation cases (3) is used.
The default training/cross-validation split of 0.75 is used.
No iterations will be run.
Default parameter estimation method is used.
Parameter estimation method:  pyomo 

2026-06-16 12:32:34 [INFO] idaes.core.surrogate.pysmo_surrogate: Decode surrogate. type=poly

===========================Polynomial Regression===============================================

The number of cross-validation cases (3) is used.
The default training/cross-validation split of 0.75 is used.
No iterations will be run.
Default parameter estimation method is used.
Parameter estimation method:  pyomo 

2026-06-16 12:32:34 [INFO] idaes.core.surrogate.pysmo_surrogate: Decode surrogate. type=poly

===========================Polynomial Regression===============================================

The number of cross-validation cases (3) is used.
The default training/cross-validation split of 0.75 is used.
No iterations will be run.
Default parameter estimation method is used.
Parameter estimation method:  pyomo 

2026-06-16 12:32:34 [INFO] idaes.core.surrogate.pysmo_surrogate: Decode surrogate. type=poly

===========================Polynomial Regression===============================================

The number of cross-validation cases (3) is used.
The default training/cross-validation split of 0.75 is used.
No iterations will be run.
Default parameter estimation method is used.
Parameter estimation method:  pyomo 

2026-06-16 12:32:36 [INFO] idaes.apps.grid_integration.pricetaker.price_taker_model: Found minimum uptime/downtime data for pretreatment.uf_pumps[1] - Adding minimum uptime/downtime constraints.
2026-06-16 12:32:36 [INFO] idaes.apps.grid_integration.pricetaker.price_taker_model: Created startup/shutdown constraints for operation model  pretreatment.uf_pumps[1] at uf_pumps_1_startup_shutdown.
2026-06-16 12:32:36 [INFO] idaes.apps.grid_integration.pricetaker.price_taker_model: Found minimum uptime/downtime data for pretreatment.uf_pumps[2] - Adding minimum uptime/downtime constraints.
2026-06-16 12:32:36 [INFO] idaes.apps.grid_integration.pricetaker.price_taker_model: Created startup/shutdown constraints for operation model  pretreatment.uf_pumps[2] at uf_pumps_2_startup_shutdown.
2026-06-16 12:32:36 [INFO] idaes.apps.grid_integration.pricetaker.price_taker_model: Found minimum uptime/downtime data for pretreatment.uf_pumps[3] - Adding minimum uptime/downtime constraints.
2026-06-16 12:32:36 [INFO] idaes.apps.grid_integration.pricetaker.price_taker_model: Created startup/shutdown constraints for operation model  pretreatment.uf_pumps[3] at uf_pumps_3_startup_shutdown.
2026-06-16 12:32:36 [INFO] idaes.apps.grid_integration.pricetaker.price_taker_model: Found minimum uptime/downtime data for reverse_osmosis.ro_skid[1] - Adding minimum uptime/downtime constraints.
2026-06-16 12:32:36 [INFO] idaes.apps.grid_integration.pricetaker.price_taker_model: Created startup/shutdown constraints for operation model  reverse_osmosis.ro_skid[1] at ro_skid_1_startup_shutdown.
2026-06-16 12:32:36 [INFO] idaes.apps.grid_integration.pricetaker.price_taker_model: Found minimum uptime/downtime data for reverse_osmosis.ro_skid[2] - Adding minimum uptime/downtime constraints.
2026-06-16 12:32:36 [INFO] idaes.apps.grid_integration.pricetaker.price_taker_model: Created startup/shutdown constraints for operation model  reverse_osmosis.ro_skid[2] at ro_skid_2_startup_shutdown.
2026-06-16 12:32:36 [INFO] idaes.apps.grid_integration.pricetaker.price_taker_model: Found minimum uptime/downtime data for reverse_osmosis.ro_skid[3] - Adding minimum uptime/downtime constraints.
2026-06-16 12:32:36 [INFO] idaes.apps.grid_integration.pricetaker.price_taker_model: Created startup/shutdown constraints for operation model  reverse_osmosis.ro_skid[3] at ro_skid_3_startup_shutdown.
2026-06-16 12:32:36 [INFO] idaes.apps.grid_integration.pricetaker.price_taker_model: Found minimum uptime/downtime data for reverse_osmosis.ro_skid[4] - Adding minimum uptime/downtime constraints.
2026-06-16 12:32:36 [INFO] idaes.apps.grid_integration.pricetaker.price_taker_model: Created startup/shutdown constraints for operation model  reverse_osmosis.ro_skid[4] at ro_skid_4_startup_shutdown.
4364
Set parameter TokenServer to value "10.60.1.73"
Set parameter LogToConsole to value 1
Set parameter MIPGap to value 0.025
Gurobi Optimizer version 12.0.3 build v12.0.3rc0 (linux64 - "Red Hat Enterprise Linux 8.8 (Ootpa)")

CPU model: Intel(R) Xeon(R) Platinum 8470QL, instruction set [SSE2|AVX|AVX2|AVX512]
Thread count: 104 physical cores, 104 logical processors, using up to 32 threads

Non-default parameters:
MIPGap  0.025

Optimize a model with 17951 rows, 16467 columns and 49327 nonzeros
Model fingerprint: 0x5fb1fbdf
Model has 168 quadratic objective terms
Model has 2352 quadratic constraints
Variable types: 11259 continuous, 5208 integer (5208 binary)
Coefficient statistics:
  Matrix range     [5e-04, 2e+03]
  QMatrix range    [2e-07, 1e+00]
  QLMatrix range   [3e-04, 1e+00]
  Objective range  [1e-05, 5e-03]
  QObjective range [2e-04, 2e-04]
  Bounds range     [9e-01, 1e+03]
  RHS range        [5e-02, 2e+05]
  QRHS range       [3e-01, 3e-01]
Presolve removed 6904 rows and 7586 columns
Presolve time: 0.10s
Presolved: 20287 rows, 9386 columns, 53728 nonzeros
Presolved model has 336 SOS constraint(s)
Presolved model has 2352 bilinear constraint(s)

Solving non-convex MIQCP

Variable types: 5740 continuous, 3646 integer (3646 binary)
Found heuristic solution: objective 10.2304238

Root relaxation: unbounded, 0 iterations, 0.01 seconds (0.00 work units)

    Nodes    |    Current Node    |     Objective Bounds      |     Work
 Expl Unexpl |  Obj  Depth IntInf | Incumbent    BestBd   Gap | It/Node Time

     0     2  postponed    0        10.23042          -      -     -    2s
     3     8  postponed    2        10.23042          -      -  3466    5s
    27    34  postponed    5        10.23042          -      -  7079   11s
    79    82  postponed    7        10.23042          -      -  7246   15s
   180   400  postponed    9        10.23042          -      -  8623   22s
   555   775 infeasible   14        10.23042          -      -  3451   29s
  1144  1315 infeasible   21        10.23042          -      -  2056   39s
  2050  2045  postponed   29        10.23042          -      -  1430   55s
  3268  2854 infeasible   45        10.23042          -      -  1163   79s
  4679  3826  postponed   63        10.23042          -      -  1093  103s
H 5135  3826                      10.2191066          -      -  1080  103s
H 5725  3826                      10.1661951          -      -  1070  103s
H 5725  3826                      10.0129225          -      -  1070  103s
H 6146  3826                       9.9451289          -      -  1066  103s
  6370  6070  postponed   81         9.94513          -      -  1046  126s
H 6671  6070                       9.9340120          -      -  1063  126s
H 7242  6070                       9.9326585          -      -  1035  126s
H 7863  6070                       9.9226803          -      -  1013  126s
H 8613  6070                       9.9220311          -      -   984  126s
  9222  7606  postponed   95         9.92203          -      -   968  145s
H 9468  7606                       9.9207086          -      -   980  145s
 11337  8927 infeasible  107         9.92071          -      -   944  164s
H12038  8824                       9.8973848          -      -   951  164s
H12288  8752                       9.8765619          -      -   942  164s
H12743  8752                       9.8765608          -      -   934  164s
 13049  9890 infeasible  119         9.87656          -      -   931  182s
H13738  9807                       9.8620656          -      -   934  182s
H14425  8660                       9.5583003          -      -   924  182s
 14690  8234    8.88698  293 1837    9.55830    5.43332  43.2%   923  204s
 14691  8235    8.95465  227 1121    9.55830    7.53335  21.2%   923  209s
 14692  8236    7.93458  154 1454    9.55830    7.93458  17.0%   923  215s
H14692  7824                       9.5563831    8.43769  11.7%   923  220s
 14694  7825    8.49319   47 1365    9.55638    8.49319  11.1%   923  225s
 14695  7826    8.54396  111 1423    9.55638    8.54396  10.6%   923  233s
 14696  7826    8.54703  111 1443    9.55638    8.54703  10.6%   923  235s
 14698  7828    9.01643  182 1411    9.55638    8.55547  10.5%   923  240s
 14699  7828    8.57417  111 1455    9.55638    8.57417  10.3%   923  246s
H14699  7436                       9.5554863    8.57714  10.2%   923  248s
 14701  7438    8.58064   13 1475    9.55549    8.58064  10.2%   923  252s
H14702  7066                       9.5408412    8.58356  10.0%   923  255s
H14704  6714                       9.5396972    8.58741  10.0%   922  261s
 14707  6716    8.58936   95 1510    9.53970    8.58936  10.0%   922  265s
 14711  6718    8.59437  118 1482    9.53970    8.59437  9.91%   922  271s
 14713  6720    8.59502  156 1602    9.53970    8.59502  9.90%   922  275s
 14719  6724    9.43986  435 1611    9.53970    8.59575  9.89%   922  281s
 14720  6724    8.66573  197 1610    9.53970    8.59575  9.89%   921  304s
 14721  6725    8.59575  165 1610    9.53970    8.59575  9.89%   921  317s
 14722  6729    8.61170   11 3593    9.53970    8.59575  9.89%   935  548s
 14724  6732    8.61726   12 2831    9.53970    8.61170  9.73%   936  585s
 14728  6739    8.68214   13 2879    9.53970    8.61726  9.67%   941  602s
 14736  6750    8.69550   14 2949    9.53970    8.62212  9.62%   947  632s
 14750  6775    8.70122   15 2900    9.53970    8.63424  9.49%   959  655s
H14751  6438                       9.5174416    8.63424  9.28%   959  655s
H14759  6115                       9.5124416    8.63424  9.23%   961  655s
 14780  6140    8.78595   16 2760    9.51244    8.63809  9.19%   973  667s
 14812  6218    8.88836   17 2889    9.51244    8.63843  9.19%   989  684s
H14820  5911                       9.4688907    8.63843  8.77%   993  684s
 14900  5963    8.93357   18 2841    9.46889    8.63843  8.77%  1020  700s
H14979  5751                       9.4686954    8.63843  8.77%  1042  715s
H14982  5475                       9.4682988    8.63843  8.76%  1043  715s
H14990  5212                       9.4681036    8.63843  8.76%  1045  715s
H15015  4956                       9.4677070    8.63843  8.76%  1045  715s
H15038  4713                       9.4675118    8.63843  8.76%  1049  715s
 15081  4774    8.97745   21 3141    9.46751    8.63843  8.76%  1057  730s
H15156  4636                       9.4661648    8.63843  8.74%  1076  744s
H15159  4423                       9.4653777    8.63843  8.74%  1077  744s
H15162  4220                       9.4634956    8.63843  8.72%  1078  744s
H15170  4026                       9.4633931    8.63843  8.72%  1080  744s
H15186  3839                       9.3694288    8.63843  7.80%  1081  744s
 15267  3902    9.01009   23 3325    9.36943    8.63843  7.80%  1084  758s
 15362  3962    9.04239   25 3275    9.36943    8.63843  7.80%  1096  770s
H15363  3789                       9.3636823    8.63843  7.75%  1096  770s
 15461  3826    9.06478   25 3271    9.36368    8.63843  7.75%  1107  783s
 15551  3868    9.08932   27 2975    9.36368    8.63843  7.75%  1125  799s
 15640  3907    9.10582   28 3072    9.36368    8.63843  7.75%  1141  812s
 15721  3957    9.21660   30 3022    9.36368    8.63843  7.75%  1161  825s
H15740  3786                       9.3490267    8.63843  7.60%  1163  825s
 15821  3820    9.27571   32 2812    9.34903    8.63843  7.60%  1182  839s
 15918  3865    9.29858   34 2409    9.34903    8.63843  7.60%  1203  859s
H15920  3708                       9.3444948    8.63843  7.56%  1204  859s
H15928  3557                       9.3423491    8.63843  7.53%  1208  859s
H15948  3409                       9.3419404    8.63843  7.53%  1212  859s
 16020  3442     cutoff   35         9.34194    8.63843  7.53%  1229  877s
 16110  3468    9.29121   35 2492    9.34194    8.63843  7.53%  1262  896s
H16111  3335                       9.3401579    8.63843  7.51%  1261  896s
H16118  3205                       9.3395723    8.63843  7.51%  1261  896s
H16159  3071                       9.3393854    8.63843  7.51%  1283  896s
H16175  2950                       9.3349873    8.63843  7.46%  1289  896s
 16188  3005     cutoff   35         9.33499    8.63843  7.46%  1294  914s
H16288  2930                       9.3340006    8.63843  7.45%  1333  932s
H16292  2825                       9.3338031    8.63956  7.44%  1333  932s
H16296  2725                       9.3287918    8.63956  7.39%  1335  932s
H16355  2612                       9.3284078    8.63956  7.38%  1351  932s
 16416  2662    8.87001   21 2829    9.32841    8.63956  7.38%  1365  949s
 16531  2738    8.91953   23 3330    9.32841    8.63956  7.38%  1398  969s
H16561  2639                       9.3270385    8.63956  7.37%  1408  969s
H16617  2536                       9.3270358    8.63956  7.37%  1415  969s
H16620  2455                       9.3270355    8.63956  7.37%  1416  969s
H16656  2366                       9.3270322    8.63956  7.37%  1423  969s
 16672  2482    9.10046   28 2130    9.32703    8.63956  7.37%  1427  990s
H16826  2432                       9.3264330    8.63956  7.36%  1466 1006s
H16840  2359                       9.3263326    8.63956  7.36%  1472 1006s
 16961  2401    9.27243   36 1568    9.32633    8.63956  7.36%  1512 1023s
 17141  2433     cutoff   44         9.32633    8.63956  7.36%  1543 1046s
H17146  2367                       9.3263265    8.68003  6.93%  1545 1046s
H17208  2284                       9.3263234    8.68003  6.93%  1553 1046s
H17219  2221                       9.3261252    8.68003  6.93%  1557 1046s
H17274  2147                       9.3261206    8.68003  6.93%  1568 1046s
 17294  2277    8.76358   18 2973    9.32612    8.68003  6.93%  1577 1065s
H17468  2290                       9.3261203    8.68003  6.93%  1615 1086s
H17486  2234                       9.3261180    8.68003  6.93%  1617 1086s
H17501  2206                       9.3260367    8.68003  6.93%  1620 1086s
 17644  2301    8.88380   28 2317    9.32604    8.68003  6.93%  1658 1111s
H17811  2415                       9.3259658    8.71087  6.60%  1718 1131s
H17820  2415                       9.3259590    8.71087  6.60%  1724 1131s
H17837  2415                       9.3259549    8.71087  6.60%  1727 1131s
H17890  2415                       9.3259217    8.71087  6.60%  1746 1131s
H17909  2415                       9.3259202    8.71087  6.60%  1756 1131s
 17967  2535    9.30644   35 2155    9.32592    8.71087  6.60%  1769 1152s
 18150  2639     cutoff   38         9.32592    8.71087  6.60%  1823 1173s
 18316  2763    9.31037   41 1639    9.32592    8.71087  6.60%  1868 1195s
 18509  2937    8.89063   21 2602    9.32592    8.71087  6.60%  1919 1216s
 18724  3117    9.13580   29 2196    9.32592    8.74841  6.19%  1966 1238s
 18941  3213    9.22697   33 2092    9.32592    8.75078  6.17%  2019 1263s
H18944  3173                       9.3195295    8.75078  6.10%  2020 1263s
H18986  3173                       9.3194980    8.75078  6.10%  2033 1263s
H18992  3173                       9.3194917    8.75078  6.10%  2033 1263s
H19102  3276                       9.3094917    8.75078  6.00%  2053 1288s
H19170  2636                       9.2477233    8.75078  5.37%  2068 1288s
 19373  2728    9.23772   46 2023    9.24772    8.75078  5.37%  2107 1312s
 19642  2840    9.24112   48 1806    9.24772    8.76460  5.22%  2157 1340s
H19643  2839                       9.2475463    8.76460  5.22%  2157 1340s
H19677  2816                       9.2438434    8.76470  5.18%  2159 1340s
H19799  2636                       9.2241669    8.76470  4.98%  2202 1340s
 19849  2646     cutoff   49         9.22417    8.76470  4.98%  2212 1371s
H19853  1749                       9.0695518    8.76470  3.36%  2213 1371s
H19857  1749                       9.0583556    8.76470  3.24%  2217 1371s
H19951  1808                       9.0533556    8.76822  3.15%  2240 1400s
H20012  1808                       9.0533488    8.76822  3.15%  2250 1400s
 20234  1795    9.02261   25 2139    9.05335    8.76993  3.13%  2283 1431s
 20486  1798     cutoff   26         9.05335    8.77324  3.09%  2338 1463s
H20549  1798                       9.0533488    8.77324  3.09%  2360 1463s
H20584  1798                       9.0533419    8.77324  3.09%  2369 1463s
H20686  1798                       9.0533419    8.77324  3.09%  2401 1463s
 20694  1871     cutoff   30         9.05334    8.77324  3.09%  2405 1495s
 20941  1921     cutoff   23         9.05334    8.79016  2.91%  2472 1527s
H21090  1921                       9.0533408    8.79106  2.90%  2515 1527s
H21090  1921                       9.0533385    8.79106  2.90%  2515 1527s
 21104  2025    9.01914   26 1994    9.05334    8.79106  2.90%  2525 1562s
 21327  2078     cutoff   27         9.05334    8.79790  2.82%  2596 1599s
H21343  2078                       9.0533378    8.79790  2.82%  2599 1599s
H21424  2078                       9.0533316    8.79996  2.80%  2639 1599s
 21550  2138     cutoff   36         9.05333    8.80043  2.79%  2673 1636s
 21785  2210     cutoff   31         9.05333    8.80059  2.79%  2761 1672s
H21933  2210                       9.0533298    8.80180  2.78%  2801 1672s
 22041  2284    9.02145   25 1962    9.05333    8.80180  2.78%  2838 1714s
 22289  2353    9.05254   28 2014    9.05333    8.80828  2.71%  2916 1753s
 22529  2428    9.03490   29 2260    9.05333    8.80828  2.71%  3007 1793s
 22798  2525    9.01755   29 2166    9.05333    8.81727  2.61%  3095 1835s
H23069  2570                       9.0489294    8.81808  2.55%  3178 1879s
H23075  2569                       9.0488696    8.81808  2.55%  3181 1879s
H23188  2569                       9.0488592    8.81922  2.54%  3207 1879s
H23330  2545                       9.0388592    8.82072  2.41%  3272 1927s

Cutting planes:
  Learned: 444
  Gomory: 53
  Cover: 976
  Implied bound: 443
  Projected implied bound: 113
  MIR: 531
  StrongCG: 3
  Flow cover: 1095
  GUB cover: 46
  Zero half: 24
  Network: 47
  RLT: 1439
  Relax-and-lift: 595
  BQP: 4

Explored 23647 nodes (79594550 simplex iterations) in 1927.69 seconds (4128.41 work units)
Thread count was 32 (of 104 available processors)

Solution count 10: 9.03886 9.04886 9.04887 ... 9.05334

Optimal solution found (tolerance 2.50e-02)
Best objective 9.038859184183e+00, best bound 8.822192901585e+00, gap 2.3971%
m.flow_changes_penalty(): 1200.0
Total cost: 210740.57


Running optimization for annual production of 11000 AF...
2026-06-16 13:04:47 [INFO] idaes.core.surrogate.pysmo_surrogate: Decode surrogate. type=poly

===========================Polynomial Regression===============================================

The number of cross-validation cases (3) is used.
The default training/cross-validation split of 0.75 is used.
No iterations will be run.
Default parameter estimation method is used.
Parameter estimation method:  pyomo 

2026-06-16 13:04:47 [INFO] idaes.core.surrogate.pysmo_surrogate: Decode surrogate. type=poly

===========================Polynomial Regression===============================================

The number of cross-validation cases (3) is used.
The default training/cross-validation split of 0.75 is used.
No iterations will be run.
Default parameter estimation method is used.
Parameter estimation method:  pyomo 

2026-06-16 13:04:47 [INFO] idaes.core.surrogate.pysmo_surrogate: Decode surrogate. type=poly

===========================Polynomial Regression===============================================

The number of cross-validation cases (3) is used.
The default training/cross-validation split of 0.75 is used.
No iterations will be run.
Default parameter estimation method is used.
Parameter estimation method:  pyomo 

2026-06-16 13:04:47 [INFO] idaes.core.surrogate.pysmo_surrogate: Decode surrogate. type=poly

===========================Polynomial Regression===============================================

The number of cross-validation cases (3) is used.
The default training/cross-validation split of 0.75 is used.
No iterations will be run.
Default parameter estimation method is used.
Parameter estimation method:  pyomo 

2026-06-16 13:04:49 [INFO] idaes.apps.grid_integration.pricetaker.price_taker_model: Found minimum uptime/downtime data for pretreatment.uf_pumps[1] - Adding minimum uptime/downtime constraints.
2026-06-16 13:04:49 [INFO] idaes.apps.grid_integration.pricetaker.price_taker_model: Created startup/shutdown constraints for operation model  pretreatment.uf_pumps[1] at uf_pumps_1_startup_shutdown.
2026-06-16 13:04:49 [INFO] idaes.apps.grid_integration.pricetaker.price_taker_model: Found minimum uptime/downtime data for pretreatment.uf_pumps[2] - Adding minimum uptime/downtime constraints.
2026-06-16 13:04:49 [INFO] idaes.apps.grid_integration.pricetaker.price_taker_model: Created startup/shutdown constraints for operation model  pretreatment.uf_pumps[2] at uf_pumps_2_startup_shutdown.
2026-06-16 13:04:49 [INFO] idaes.apps.grid_integration.pricetaker.price_taker_model: Found minimum uptime/downtime data for pretreatment.uf_pumps[3] - Adding minimum uptime/downtime constraints.
2026-06-16 13:04:49 [INFO] idaes.apps.grid_integration.pricetaker.price_taker_model: Created startup/shutdown constraints for operation model  pretreatment.uf_pumps[3] at uf_pumps_3_startup_shutdown.
2026-06-16 13:04:49 [INFO] idaes.apps.grid_integration.pricetaker.price_taker_model: Found minimum uptime/downtime data for reverse_osmosis.ro_skid[1] - Adding minimum uptime/downtime constraints.
2026-06-16 13:04:49 [INFO] idaes.apps.grid_integration.pricetaker.price_taker_model: Created startup/shutdown constraints for operation model  reverse_osmosis.ro_skid[1] at ro_skid_1_startup_shutdown.
2026-06-16 13:04:49 [INFO] idaes.apps.grid_integration.pricetaker.price_taker_model: Found minimum uptime/downtime data for reverse_osmosis.ro_skid[2] - Adding minimum uptime/downtime constraints.
2026-06-16 13:04:49 [INFO] idaes.apps.grid_integration.pricetaker.price_taker_model: Created startup/shutdown constraints for operation model  reverse_osmosis.ro_skid[2] at ro_skid_2_startup_shutdown.
2026-06-16 13:04:49 [INFO] idaes.apps.grid_integration.pricetaker.price_taker_model: Found minimum uptime/downtime data for reverse_osmosis.ro_skid[3] - Adding minimum uptime/downtime constraints.
2026-06-16 13:04:49 [INFO] idaes.apps.grid_integration.pricetaker.price_taker_model: Created startup/shutdown constraints for operation model  reverse_osmosis.ro_skid[3] at ro_skid_3_startup_shutdown.
2026-06-16 13:04:49 [INFO] idaes.apps.grid_integration.pricetaker.price_taker_model: Found minimum uptime/downtime data for reverse_osmosis.ro_skid[4] - Adding minimum uptime/downtime constraints.
2026-06-16 13:04:49 [INFO] idaes.apps.grid_integration.pricetaker.price_taker_model: Created startup/shutdown constraints for operation model  reverse_osmosis.ro_skid[4] at ro_skid_4_startup_shutdown.
4364
Set parameter LogToConsole to value 1
Set parameter MIPGap to value 0.025
Gurobi Optimizer version 12.0.3 build v12.0.3rc0 (linux64 - "Red Hat Enterprise Linux 8.8 (Ootpa)")

CPU model: Intel(R) Xeon(R) Platinum 8470QL, instruction set [SSE2|AVX|AVX2|AVX512]
Thread count: 104 physical cores, 104 logical processors, using up to 32 threads

Non-default parameters:
MIPGap  0.025

Optimize a model with 17951 rows, 16467 columns and 49327 nonzeros
Model fingerprint: 0x0e9c7e2e
Model has 168 quadratic objective terms
Model has 2352 quadratic constraints
Variable types: 11259 continuous, 5208 integer (5208 binary)
Coefficient statistics:
  Matrix range     [5e-04, 2e+03]
  QMatrix range    [2e-07, 1e+00]
  QLMatrix range   [3e-04, 1e+00]
  Objective range  [1e-05, 5e-03]
  QObjective range [2e-04, 2e-04]
  Bounds range     [9e-01, 1e+03]
  RHS range        [5e-02, 3e+05]
  QRHS range       [3e-01, 3e-01]
Presolve removed 6904 rows and 7586 columns
Presolve time: 0.09s
Presolved: 20287 rows, 9386 columns, 53728 nonzeros
Presolved model has 336 SOS constraint(s)
Presolved model has 2352 bilinear constraint(s)

Solving non-convex MIQCP

Variable types: 5740 continuous, 3646 integer (3646 binary)
Found heuristic solution: objective 11.0455119

Root relaxation: unbounded, 0 iterations, 0.01 seconds (0.00 work units)

    Nodes    |    Current Node    |     Objective Bounds      |     Work
 Expl Unexpl |  Obj  Depth IntInf | Incumbent    BestBd   Gap | It/Node Time

     0     2  postponed    0        11.04551          -      -     -    3s
     3     8  postponed    2        11.04551          -      -  4043    5s
    27    34  postponed    5        11.04551          -      -  7685   12s
    79    83  postponed    7        11.04551          -      -  7702   16s
   186   410  postponed    9        11.04551          -      -  9040   24s
   579   752  postponed   14        11.04551          -      -  3625   33s
  1121  1199 infeasible   23        11.04551          -      -  2325   44s
  1850  1797  postponed   34        11.04551          -      -  1815   62s
  2892  2727  postponed   51        11.04551          -      -  1628   90s
H 3654  2727                      11.0455117          -      -  1502   90s
H 4188  2727                      11.0455117          -      -  1432   90s
  4668  3859  postponed   74        11.04551          -      -  1353  115s
H 5122  3859                      11.0455117          -      -  1363  115s
  6635  5867  postponed   91        11.04551          -      -  1239  138s
  9194  7239  postponed  102        11.04551          -      -  1140  159s
 11133  8593  postponed  115        11.04551          -      -  1127  181s
 12965 10077  postponed  126        11.04551          -      -  1111  201s
 14881 10079    8.16052   25 1971   11.04551    8.16052  26.1%  1092  225s
 14882 10080    9.76289   34  939   11.04551    9.76289  11.6%  1092  230s
 14884 10081   10.31832   52 1386   11.04551   10.31832  6.58%  1092  239s
 14885 10082   10.40354  194 1287   11.04551   10.40354  5.81%  1092  244s
 14886 10083   10.43548  123 1477   11.04551   10.43548  5.52%  1092  253s
 14887 10083   10.44227  128 1557   11.04551   10.44227  5.46%  1092  255s
 14889 10085   10.99177  451 1559   11.04551   10.45698  5.33%  1092  261s
 14890 10085   10.46380   22 1631   11.04551   10.46380  5.27%  1092  266s
 14892 10087   10.91680  618 1505   11.04551   10.48145  5.11%  1092  273s
H14892  9582                      11.0455115   10.48297  5.09%  1092  275s
 14894  9583   10.49038   41 1547   11.04551   10.49038  5.03%  1091  280s
 14896  9584   10.50993   24 1499   11.04551   10.50993  4.85%  1091  286s
 14898  9586   10.52008  143 1585   11.04551   10.52008  4.76%  1091  292s
 14900  9587   10.53192  192 1595   11.04551   10.53192  4.65%  1091  296s
 14903  9589   11.03205  559 1611   11.04551   10.53509  4.62%  1091  301s
 14905  9590   10.53530  308 1585   11.04551   10.53530  4.62%  1091  305s
 14908  9592   10.53640  158 1670   11.04551   10.53640  4.61%  1090  310s
 14910  9594   10.53649  247 1625   11.04551   10.53649  4.61%  1090  317s
 14912  9595   10.53950   65 1533   11.04551   10.53950  4.58%  1090  321s
 14917  9598   10.54058   36 1670   11.04551   10.54058  4.57%  1090  340s
 14918  9599   10.97466  526 1670   11.04551   10.54058  4.57%  1090  363s
 14919  9603   10.56610   11 3402   11.04551   10.54058  4.57%  1105  593s
 14921  9606   10.57395   12 2766   11.04551   10.56610  4.34%  1107  613s
 14925  9613   10.57682   13 2744   11.04551   10.57395  4.27%  1108  637s
 14933  9626   10.58228   14 2864   11.04551   10.57682  4.24%  1116  656s
 14949  9653   10.58689   15 2874   11.04551   10.58689  4.15%  1128  671s
 14981  9671   10.68482   16 2797   11.04551   10.58689  4.15%  1142  689s
 15010  9748   10.81691   17 3011   11.04551   10.58689  4.15%  1161  708s
 15098  9797   10.88897   18 3407   11.04551   10.58689  4.15%  1188  724s
 15189  9807   10.85148   19 2230   11.04551   10.61669  3.88%  1215  745s
 15258  9824   10.94393   19 2404   11.04551   10.61669  3.88%  1240  759s
 15333  9829   10.94103   20 2339   11.04551   10.61669  3.88%  1269  774s
 15403  9840     cutoff   21        11.04551   10.61669  3.88%  1288  795s
 15480  9834     cutoff   24        11.04551   10.61669  3.88%  1310  815s
 15552  9842     cutoff   25        11.04551   10.61669  3.88%  1337  830s
 15616  9849     cutoff   27        11.04551   10.61669  3.88%  1358  845s
 15675  9871   10.72037   17 2843   11.04551   10.61669  3.88%  1384  860s
 15738  9889   10.73098   19 2694   11.04551   10.61669  3.88%  1409  881s
 15817  9899   10.85960   23 2805   11.04551   10.61669  3.88%  1433  902s
 15888  9936   10.94826   25 2272   11.04551   10.61669  3.88%  1467  917s
 15985  9936   10.99537   27 2526   11.04551   10.61669  3.88%  1492  936s
 16077  9949     cutoff   32        11.04551   10.61669  3.88%  1521  951s
 16166  9955     cutoff   32        11.04551   10.61669  3.88%  1554  970s
 16244  9967   10.84735   29 2815   11.04551   10.61669  3.88%  1600  988s
 16341  9987   10.86562   30 2744   11.04551   10.61669  3.88%  1642 1005s
 16430 10004   10.87600   31 2712   11.04551   10.61669  3.88%  1677 1028s
 16520 10023   10.96936   32 2614   11.04551   10.61669  3.88%  1712 1052s
 16632 10028   10.97331   37 2519   11.04551   10.61669  3.88%  1748 1071s
 16748 10050   10.98338   38 2427   11.04551   10.61669  3.88%  1788 1096s
 16863 10059   11.00441   40 2308   11.04551   10.63452  3.72%  1825 1122s
 16985 10066   11.02624   49 2147   11.04551   10.63452  3.72%  1876 1148s
 17101 10099     cutoff   51        11.04551   10.63452  3.72%  1934 1173s
 17249 10146   10.95562   26 2754   11.04551   10.66736  3.42%  1976 1194s
 17389 10187     cutoff   29        11.04551   10.70974  3.04%  2028 1220s
 17553 10228   10.99400   27 2604   11.04551   10.70974  3.04%  2075 1244s
 17713 10222   10.93468   31 2720   11.04551   10.70974  3.04%  2130 1269s
 17868 10257   10.93468   32 2717   11.04551   10.70974  3.04%  2193 1296s
 18035 10305   10.93962   36 2545   11.04551   10.72938  2.86%  2248 1323s
 18226 10389   10.94132   38 2412   11.04551   10.73650  2.80%  2303 1349s
 18449 10445   10.95352   43 2362   11.04551   10.74120  2.76%  2355 1379s
 18663 10535   10.94823   48 2270   11.04551   10.74132  2.75%  2416 1407s
 18917 10684   10.94991   52 2184   11.04551   10.74132  2.75%  2485 1435s
 19223 10802   10.97323   57 2266   11.04551   10.74409  2.73%  2537 1465s
 19527 10959   10.97475   66 1999   11.04551   10.74409  2.73%  2602 1494s
 19852 11101   10.98454   74 2067   11.04551   10.74409  2.73%  2663 1528s
H20200 10648                      11.0455110   10.74561  2.72%  2713 1557s
H20204  8808                      10.8664296   10.74561  1.11%  2714 1557s

Cutting planes:
  Learned: 362
  Gomory: 53
  Cover: 957
  Implied bound: 365
  Projected implied bound: 69
  Clique: 3
  MIR: 554
  StrongCG: 4
  Flow cover: 1095
  GUB cover: 24
  Zero half: 16
  Network: 55
  RLT: 1564
  Relax-and-lift: 647
  BQP: 3

Explored 20372 nodes (55552621 simplex iterations) in 1557.67 seconds (3245.97 work units)
Thread count was 32 (of 104 available processors)

Solution count 2: 10.8664 11.0455 

Optimal solution found (tolerance 2.50e-02)
Best objective 1.086642962968e+01, best bound 1.074560774464e+01, gap 1.1119%
m.flow_changes_penalty(): 1000.0
Total cost: 229216.28


Running optimization for annual production of 13000 AF...
2026-06-16 13:30:50 [INFO] idaes.core.surrogate.pysmo_surrogate: Decode surrogate. type=poly

===========================Polynomial Regression===============================================

The number of cross-validation cases (3) is used.
The default training/cross-validation split of 0.75 is used.
No iterations will be run.
Default parameter estimation method is used.
Parameter estimation method:  pyomo 

2026-06-16 13:30:50 [INFO] idaes.core.surrogate.pysmo_surrogate: Decode surrogate. type=poly

===========================Polynomial Regression===============================================

The number of cross-validation cases (3) is used.
The default training/cross-validation split of 0.75 is used.
No iterations will be run.
Default parameter estimation method is used.
Parameter estimation method:  pyomo 

2026-06-16 13:30:50 [INFO] idaes.core.surrogate.pysmo_surrogate: Decode surrogate. type=poly

===========================Polynomial Regression===============================================

The number of cross-validation cases (3) is used.
The default training/cross-validation split of 0.75 is used.
No iterations will be run.
Default parameter estimation method is used.
Parameter estimation method:  pyomo 

2026-06-16 13:30:50 [INFO] idaes.core.surrogate.pysmo_surrogate: Decode surrogate. type=poly

===========================Polynomial Regression===============================================

The number of cross-validation cases (3) is used.
The default training/cross-validation split of 0.75 is used.
No iterations will be run.
Default parameter estimation method is used.
Parameter estimation method:  pyomo 

2026-06-16 13:30:52 [INFO] idaes.apps.grid_integration.pricetaker.price_taker_model: Found minimum uptime/downtime data for pretreatment.uf_pumps[1] - Adding minimum uptime/downtime constraints.
2026-06-16 13:30:52 [INFO] idaes.apps.grid_integration.pricetaker.price_taker_model: Created startup/shutdown constraints for operation model  pretreatment.uf_pumps[1] at uf_pumps_1_startup_shutdown.
2026-06-16 13:30:52 [INFO] idaes.apps.grid_integration.pricetaker.price_taker_model: Found minimum uptime/downtime data for pretreatment.uf_pumps[2] - Adding minimum uptime/downtime constraints.
2026-06-16 13:30:52 [INFO] idaes.apps.grid_integration.pricetaker.price_taker_model: Created startup/shutdown constraints for operation model  pretreatment.uf_pumps[2] at uf_pumps_2_startup_shutdown.
2026-06-16 13:30:52 [INFO] idaes.apps.grid_integration.pricetaker.price_taker_model: Found minimum uptime/downtime data for pretreatment.uf_pumps[3] - Adding minimum uptime/downtime constraints.
2026-06-16 13:30:52 [INFO] idaes.apps.grid_integration.pricetaker.price_taker_model: Created startup/shutdown constraints for operation model  pretreatment.uf_pumps[3] at uf_pumps_3_startup_shutdown.
2026-06-16 13:30:52 [INFO] idaes.apps.grid_integration.pricetaker.price_taker_model: Found minimum uptime/downtime data for reverse_osmosis.ro_skid[1] - Adding minimum uptime/downtime constraints.
2026-06-16 13:30:52 [INFO] idaes.apps.grid_integration.pricetaker.price_taker_model: Created startup/shutdown constraints for operation model  reverse_osmosis.ro_skid[1] at ro_skid_1_startup_shutdown.
2026-06-16 13:30:52 [INFO] idaes.apps.grid_integration.pricetaker.price_taker_model: Found minimum uptime/downtime data for reverse_osmosis.ro_skid[2] - Adding minimum uptime/downtime constraints.
2026-06-16 13:30:52 [INFO] idaes.apps.grid_integration.pricetaker.price_taker_model: Created startup/shutdown constraints for operation model  reverse_osmosis.ro_skid[2] at ro_skid_2_startup_shutdown.
2026-06-16 13:30:52 [INFO] idaes.apps.grid_integration.pricetaker.price_taker_model: Found minimum uptime/downtime data for reverse_osmosis.ro_skid[3] - Adding minimum uptime/downtime constraints.
2026-06-16 13:30:52 [INFO] idaes.apps.grid_integration.pricetaker.price_taker_model: Created startup/shutdown constraints for operation model  reverse_osmosis.ro_skid[3] at ro_skid_3_startup_shutdown.
2026-06-16 13:30:52 [INFO] idaes.apps.grid_integration.pricetaker.price_taker_model: Found minimum uptime/downtime data for reverse_osmosis.ro_skid[4] - Adding minimum uptime/downtime constraints.
2026-06-16 13:30:52 [INFO] idaes.apps.grid_integration.pricetaker.price_taker_model: Created startup/shutdown constraints for operation model  reverse_osmosis.ro_skid[4] at ro_skid_4_startup_shutdown.
4364
Set parameter LogToConsole to value 1
Set parameter MIPGap to value 0.025
Gurobi Optimizer version 12.0.3 build v12.0.3rc0 (linux64 - "Red Hat Enterprise Linux 8.8 (Ootpa)")

CPU model: Intel(R) Xeon(R) Platinum 8470QL, instruction set [SSE2|AVX|AVX2|AVX512]
Thread count: 104 physical cores, 104 logical processors, using up to 32 threads

Non-default parameters:
MIPGap  0.025

Optimize a model with 17951 rows, 16467 columns and 49327 nonzeros
Model fingerprint: 0x90b3f2bb
Model has 168 quadratic objective terms
Model has 2352 quadratic constraints
Variable types: 11259 continuous, 5208 integer (5208 binary)
Coefficient statistics:
  Matrix range     [5e-04, 2e+03]
  QMatrix range    [2e-07, 1e+00]
  QLMatrix range   [3e-04, 1e+00]
  Objective range  [1e-05, 5e-03]
  QObjective range [2e-04, 2e-04]
  Bounds range     [9e-01, 1e+03]
  RHS range        [5e-02, 3e+05]
  QRHS range       [3e-01, 3e-01]
Presolve removed 6904 rows and 7586 columns
Presolve time: 0.09s
Presolved: 20287 rows, 9386 columns, 53728 nonzeros
Presolved model has 336 SOS constraint(s)
Presolved model has 2352 bilinear constraint(s)

Solving non-convex MIQCP

Variable types: 5740 continuous, 3646 integer (3646 binary)
Found heuristic solution: objective 19.9786158

Root relaxation: unbounded, 0 iterations, 0.01 seconds (0.00 work units)

    Nodes    |    Current Node    |     Objective Bounds      |     Work
 Expl Unexpl |  Obj  Depth IntInf | Incumbent    BestBd   Gap | It/Node Time

     0     2  postponed    0        19.97862          -      -     -    2s
     3     8  postponed    2        19.97862          -      -  4803    5s
    27    34  postponed    5        19.97862          -      -  7713   10s
    79    87  postponed    7        19.97862          -      -  7991   16s
   200   369  postponed   10        19.97862          -      -  8827   26s
   502   814  postponed   16        19.97862          -      -  4968   34s
  1153  1452  postponed   25        19.97862          -      -  2588   48s
  2185  2369  postponed   35        19.97862          -      -  1693   69s
H 2559  2369                      14.5042998          -      -  1625   69s
H 2868  2369                      14.4926420          -      -  1539   69s
  3715  4258 infeasible   53        14.49264          -      -  1290   91s
  6257  5853  postponed   69        14.49264          -      -  1045  109s
H 6550  5853                      14.4584518          -      -  1061  109s
H 6550  5576                      13.6533221          -      -  1061  109s
  8356  6921 infeasible   82        13.65332          -      -   968  127s
H 8633  6921                      13.4433221          -      -   982  127s
 10444  8152 infeasible   92        13.44332          -      -   931  143s
H10709  8152                      13.4433128          -      -   939  143s
H11070  8145                      13.4299175          -      -   937  143s
H11658  8137                      13.4068755          -      -   925  143s
 12270  9414 infeasible  103        13.40688          -      -   918  159s
H12577  9413                      13.4062837          -      -   918  159s
H12944  9405                      13.4056918          -      -   918  159s
 14143 10479  postponed  113        13.40569          -      -   904  175s
H14507 10328                      13.3821521          -      -   912  175s
H14625 10232                      13.3638136          -      -   913  175s
H15450  9461                      13.2403545          -      -   890  175s
 15891  9166   10.92958  121 1955   13.24035   10.92958  17.5%   885  198s
 15892  9167   12.46971  165 1275   13.24035   11.94170  9.81%   885  203s
 15893  9168   12.15527  175  955   13.24035   12.15527  8.20%   885  205s
 15894  9168   12.35454   61 1176   13.24035   12.35454  6.69%   885  210s
 15895  9169   12.37114  167 1225   13.24035   12.37114  6.56%   885  215s
 15896  9170   12.61089  355  950   13.24035   12.40147  6.34%   884  221s
 15898  9171   12.63348  384 1181   13.24035   12.41653  6.22%   884  227s
 15899  9172   12.42011  115 1236   13.24035   12.42011  6.20%   884  230s
 15900  9172   12.42561  167 1346   13.24035   12.42561  6.15%   884  236s
H15900  8713                      13.2183342   12.42753  5.98%   884  237s
 15902  8715   12.43137   13 1331   13.21833   12.43137  5.95%   884  241s
 15904  8716   12.96814  614 1413   13.21833   12.43456  5.93%   884  246s
 15908  8719   12.50709  214 1352   13.21833   12.43639  5.92%   884  251s
 15912  8721   13.14330  458 1392   13.21833   12.43674  5.91%   884  255s
 15915  8723   12.43686  166 1372   13.21833   12.43686  5.91%   883  276s
 15916  8724   12.43686  101 1372   13.21833   12.43686  5.91%   883  285s
 15917  8728   12.52205   11 2989   13.21833   12.43686  5.91%   894  451s
 15919  8731   12.62947   12 2853   13.21833   12.46403  5.71%   895  474s
 15923  8738   12.84637   13 3018   13.21833   12.48414  5.55%   897  509s
 15931  8750   12.87092   14 2911   13.21833   12.53743  5.15%   906  536s
 15946  8776   12.97606   15 2586   13.21833   12.53996  5.13%   919  547s
 15977  8797   13.17105   16 2664   13.21833   12.54139  5.12%   934  560s
 16009  8884     cutoff   17        13.21833   12.56374  4.95%   951  578s
 16113  8926   12.66122   18 3373   13.21833   12.59322  4.73%   983  593s
 16196  8960   12.67008   22 3061   13.21833   12.59322  4.73%  1011  607s
 16274  8989   12.67086   23 3061   13.21833   12.59322  4.73%  1039  623s
 16352  8998   12.71670   28 2488   13.21833   12.59322  4.73%  1063  639s
 16421  9021   12.72047   30 2491   13.21833   12.59322  4.73%  1091  653s
H16498  8602                      13.1585629   12.60953  4.17%  1117  667s
 16570  8571   12.76805   34 2110   13.15856   12.60953  4.17%  1155  683s
H16679  8179                      13.1523848   12.61353  4.10%  1172  696s
H16681  7784                      13.1520803   12.61353  4.09%  1173  696s
H16684  7409                      13.1497908   12.61353  4.08%  1173  696s
H16711  7044                      13.1491231   12.61428  4.07%  1181  696s
H16721  6703                      13.0987208   12.61428  3.70%  1182  696s
 16752  6743   12.80002   39 2146   13.09872   12.61428  3.70%  1188  708s
H16832  6459                      13.0896355   12.61430  3.63%  1204  729s
H16889  6135                      13.0836747   12.61430  3.59%  1218  729s
 16905  6201   12.88916   45 1970   13.08367   12.61430  3.59%  1221  748s
H17001  5934                      13.0806303   12.61430  3.57%  1242  768s
H17012  5655                      13.0805659   12.61430  3.56%  1242  768s
H17023  5390                      13.0706121   12.61430  3.49%  1248  768s
H17057  5131                      13.0335027   12.61430  3.22%  1259  768s
H17080  4917                      13.0235027   12.61430  3.14%  1262  786s
 17190  4942   12.98366   65 1871   13.02350   12.62123  3.09%  1284  801s
H17218  4708                      13.0221912   12.62123  3.08%  1290  801s
H17238  4489                      13.0086947   12.62123  2.98%  1295  801s
 17273  4509   12.99685   70 1804   13.00869   12.62123  2.98%  1309  823s
H17355  4324                      13.0036947   12.62123  2.94%  1333  838s
H17391  4120                      12.9883623   12.62123  2.83%  1350  838s
 17442  4161     cutoff   74        12.98836   12.65914  2.53%  1363  859s
H17564  3996                      12.9883208   12.65914  2.53%  1387  881s
H17567  3822                      12.9882772   12.65914  2.53%  1388  881s
H17597  3647                      12.9881329   12.65914  2.53%  1390  881s
H17617  3484                      12.9833638   12.65914  2.50%  1397  881s
H17625  3332                      12.9782492   12.65914  2.46%  1401  881s

Cutting planes:
  Learned: 219
  Gomory: 18
  Cover: 1127
  Implied bound: 262
  Projected implied bound: 135
  Clique: 2
  MIR: 513
  StrongCG: 2
  Flow cover: 1059
  GUB cover: 27
  Zero half: 1
  Network: 27
  RLT: 2090
  Relax-and-lift: 746
  BQP: 8

Explored 17655 nodes (24859924 simplex iterations) in 881.09 seconds (1692.68 work units)
Thread count was 32 (of 104 available processors)

Solution count 10: 12.9782 12.9834 12.9881 ... 13.0235

Optimal solution found (tolerance 2.50e-02)
Best objective 1.297824920883e+01, best bound 1.265914303010e+01, gap 2.4588%
m.flow_changes_penalty(): 3700.0
Total cost: 247634.47
