

Running optimization for annual production of 15000 AF...
2026-06-17 18:11:29 [INFO] idaes.core.surrogate.pysmo_surrogate: Decode surrogate. type=poly

===========================Polynomial Regression===============================================

The number of cross-validation cases (3) is used.
The default training/cross-validation split of 0.75 is used.
No iterations will be run.
Default parameter estimation method is used.
Parameter estimation method:  pyomo 

2026-06-17 18:11:29 [INFO] idaes.core.surrogate.pysmo_surrogate: Decode surrogate. type=poly

===========================Polynomial Regression===============================================

The number of cross-validation cases (3) is used.
The default training/cross-validation split of 0.75 is used.
No iterations will be run.
Default parameter estimation method is used.
Parameter estimation method:  pyomo 

2026-06-17 18:11:29 [INFO] idaes.core.surrogate.pysmo_surrogate: Decode surrogate. type=poly

===========================Polynomial Regression===============================================

The number of cross-validation cases (3) is used.
The default training/cross-validation split of 0.75 is used.
No iterations will be run.
Default parameter estimation method is used.
Parameter estimation method:  pyomo 

2026-06-17 18:11:29 [INFO] idaes.core.surrogate.pysmo_surrogate: Decode surrogate. type=poly

===========================Polynomial Regression===============================================

The number of cross-validation cases (3) is used.
The default training/cross-validation split of 0.75 is used.
No iterations will be run.
Default parameter estimation method is used.
Parameter estimation method:  pyomo 

2026-06-17 18:11:31 [INFO] idaes.apps.grid_integration.pricetaker.price_taker_model: Found minimum uptime/downtime data for pretreatment.uf_pumps[1] - Adding minimum uptime/downtime constraints.
2026-06-17 18:11:31 [INFO] idaes.apps.grid_integration.pricetaker.price_taker_model: Created startup/shutdown constraints for operation model  pretreatment.uf_pumps[1] at uf_pumps_1_startup_shutdown.
2026-06-17 18:11:31 [INFO] idaes.apps.grid_integration.pricetaker.price_taker_model: Found minimum uptime/downtime data for pretreatment.uf_pumps[2] - Adding minimum uptime/downtime constraints.
2026-06-17 18:11:31 [INFO] idaes.apps.grid_integration.pricetaker.price_taker_model: Created startup/shutdown constraints for operation model  pretreatment.uf_pumps[2] at uf_pumps_2_startup_shutdown.
2026-06-17 18:11:31 [INFO] idaes.apps.grid_integration.pricetaker.price_taker_model: Found minimum uptime/downtime data for pretreatment.uf_pumps[3] - Adding minimum uptime/downtime constraints.
2026-06-17 18:11:31 [INFO] idaes.apps.grid_integration.pricetaker.price_taker_model: Created startup/shutdown constraints for operation model  pretreatment.uf_pumps[3] at uf_pumps_3_startup_shutdown.
2026-06-17 18:11:31 [INFO] idaes.apps.grid_integration.pricetaker.price_taker_model: Found minimum uptime/downtime data for reverse_osmosis.ro_skid[1] - Adding minimum uptime/downtime constraints.
2026-06-17 18:11:31 [INFO] idaes.apps.grid_integration.pricetaker.price_taker_model: Created startup/shutdown constraints for operation model  reverse_osmosis.ro_skid[1] at ro_skid_1_startup_shutdown.
2026-06-17 18:11:31 [INFO] idaes.apps.grid_integration.pricetaker.price_taker_model: Found minimum uptime/downtime data for reverse_osmosis.ro_skid[2] - Adding minimum uptime/downtime constraints.
2026-06-17 18:11:31 [INFO] idaes.apps.grid_integration.pricetaker.price_taker_model: Created startup/shutdown constraints for operation model  reverse_osmosis.ro_skid[2] at ro_skid_2_startup_shutdown.
2026-06-17 18:11:31 [INFO] idaes.apps.grid_integration.pricetaker.price_taker_model: Found minimum uptime/downtime data for reverse_osmosis.ro_skid[3] - Adding minimum uptime/downtime constraints.
2026-06-17 18:11:31 [INFO] idaes.apps.grid_integration.pricetaker.price_taker_model: Created startup/shutdown constraints for operation model  reverse_osmosis.ro_skid[3] at ro_skid_3_startup_shutdown.
2026-06-17 18:11:31 [INFO] idaes.apps.grid_integration.pricetaker.price_taker_model: Found minimum uptime/downtime data for reverse_osmosis.ro_skid[4] - Adding minimum uptime/downtime constraints.
2026-06-17 18:11:31 [INFO] idaes.apps.grid_integration.pricetaker.price_taker_model: Created startup/shutdown constraints for operation model  reverse_osmosis.ro_skid[4] at ro_skid_4_startup_shutdown.
4364
Set parameter TokenServer to value "10.60.1.73"
Set parameter LogToConsole to value 1
Set parameter MIPGap to value 0.025
Gurobi Optimizer version 12.0.3 build v12.0.3rc0 (linux64 - "Red Hat Enterprise Linux 8.8 (Ootpa)")

CPU model: Intel(R) Xeon(R) Platinum 8470QL, instruction set [SSE2|AVX|AVX2|AVX512]
Thread count: 104 physical cores, 104 logical processors, using up to 32 threads

Non-default parameters:
MIPGap  0.025

Optimize a model with 17951 rows, 16467 columns and 49327 nonzeros
Model fingerprint: 0x7269cb7c
Model has 168 quadratic objective terms
Model has 2352 quadratic constraints
Variable types: 11259 continuous, 5208 integer (5208 binary)
Coefficient statistics:
  Matrix range     [5e-04, 2e+03]
  QMatrix range    [2e-07, 1e+00]
  QLMatrix range   [3e-04, 1e+00]
  Objective range  [1e-05, 5e-03]
  QObjective range [2e-04, 2e-04]
  Bounds range     [9e-01, 1e+03]
  RHS range        [5e-02, 4e+05]
  QRHS range       [3e-01, 3e-01]
Presolve removed 6904 rows and 7586 columns
Presolve time: 0.10s
Presolved: 20287 rows, 9386 columns, 53728 nonzeros
Presolved model has 336 SOS constraint(s)
Presolved model has 2352 bilinear constraint(s)

Solving non-convex MIQCP

Variable types: 5740 continuous, 3646 integer (3646 binary)
Found heuristic solution: objective 18.3903263

Root relaxation: unbounded, 0 iterations, 0.01 seconds (0.00 work units)

    Nodes    |    Current Node    |     Objective Bounds      |     Work
 Expl Unexpl |  Obj  Depth IntInf | Incumbent    BestBd   Gap | It/Node Time

     0     2  postponed    0        18.39033          -      -     -    1s
     3     8  postponed    2        18.39033          -      -  4779    6s
    15    20  postponed    4        18.39033          -      -  7823   10s
    47    54  postponed    6        18.39033          -      -  9021   16s
   125   167  postponed    8        18.39033          -      -  8378   23s
   212   429  postponed    9        18.39033          -      -  8610   30s
H  483   429                      17.1582856          -      -  4374   30s
   564  1081 infeasible   13        17.15829          -      -  3871   38s
H  945  1081                      17.0540429          -      -  2646   38s
H 1256  1081                      17.0397614          -      -  2030   38s
  1454  2178 infeasible   21        17.03976          -      -  1797   50s
H 2218  2178                      16.3436142          -      -  1411   50s
H 2218  2178                      15.6376607          -      -  1411   50s
  2923  3224 infeasible   29        15.63766          -      -  1125   65s
  4718  4963  postponed   41        15.63766          -      -   935   80s
H 4936  4963                      15.6368580          -      -   978   80s
H 5198  4963                      15.6365683          -      -   968   80s
H 5438  4948                      15.5774281          -      -   958   80s
  6902  6006 infeasible   51        15.57743          -      -   847   94s
H 7094  5963                      15.5630290          -      -   874   94s
H 7094  5962                      15.5623434          -      -   874   94s
H 7262  5962                      15.5623335          -      -   869   94s
H 7549  5962                      15.5622232          -      -   867   94s
H 7645  5961                      15.5615517          -      -   860   94s
  8319  7547 infeasible   61        15.56155          -      -   825  108s
H 8514  7522                      15.5565517          -      -   847  108s
H 8886  7501                      15.5469703          -      -   839  108s
H 9336  7356                      15.4935042          -      -   830  108s
 10250  8658 infeasible   69        15.49350          -      -   799  121s
H10429  8658                      15.4935042          -      -   824  121s
 11957  9631 infeasible   78        15.49350          -      -   792  134s
H12150  8389                      15.3643401          -      -   810  134s
H12864  7129                      15.1704981          -      -   799  134s
 13385  6702   15.15223  350    0   15.17050          -      -   796  137s
 13387  6703   13.75503   54 1775   15.17050   13.75503  9.33%   796  161s
 13388  6704   14.30871   95 1086   15.17050   14.30871  5.68%   796  166s
H13389  6369                      15.1704981   14.55835  4.04%   796  171s
H13389  6051                      15.1685096   14.55835  4.02%   796  171s
 13393  6053   14.60974  152 1121   15.16851   14.60974  3.68%   796  175s
 13396  6055   14.94507  215  961   15.16851   14.63198  3.54%   796  182s
 13398  6057   14.63440  120  945   15.16851   14.63440  3.52%   796  185s
H13401  5755                      15.1684284   14.63597  3.51%   795  191s
H13401  5467                      15.1622897   14.63597  3.47%   795  191s
 13407  5471   14.63676   16  928   15.16229   14.63676  3.47%   795  195s
H13408  5197                      15.1501184   14.63701  3.39%   795  196s
H13409  4938                      15.1479652   14.63742  3.37%   795  198s
 13412  4940   14.63777  122  962   15.14797   14.63777  3.37%   795  200s
H13415  4694                      15.0742907   14.63841  2.89%   795  204s
H13415  4459                      15.0624244   14.63841  2.82%   795  204s
H13415  4236                      15.0491642   14.63841  2.73%   795  204s
H13415  4023                      15.0487336   14.63841  2.73%   795  204s
H13415  3822                      15.0483029   14.63841  2.72%   795  204s
H13415  3630                      15.0478722   14.63841  2.72%   795  204s
H13415  3448                      15.0477170   14.63841  2.72%   795  204s
H13415  3275                      15.0474415   14.63841  2.72%   795  204s
H13417  3112                      15.0441666   14.63861  2.70%   795  205s
 13423  3116   14.63875   17  976   15.04417   14.63875  2.69%   794  229s
H13423  2959                      14.9631924   14.63875  2.17%   794  237s

Cutting planes:
  Learned: 40
  Gomory: 13
  Cover: 227
  Implied bound: 204
  Projected implied bound: 187
  Clique: 6
  MIR: 440
  StrongCG: 2
  Flow cover: 583
  GUB cover: 8
  Network: 1
  RLT: 1098
  Relax-and-lift: 389
  BQP: 3

Explored 13423 nodes (10804097 simplex iterations) in 237.76 seconds (456.78 work units)
Thread count was 32 (of 104 available processors)

Solution count 10: 14.9632 15.0442 15.0474 ... 15.0743

Optimal solution found (tolerance 2.50e-02)
Best objective 1.496319241467e+01, best bound 1.463874980609e+01, gap 2.1683%
m.flow_changes_penalty(): 3400.0
Total cost: 267783.91
